INFO  2021-11-02 17:04:49,249 MasterHospitalService::? - GetListWithModel : MethodStart
INFO  2021-11-02 17:04:54,022 MasterHospitalService::? - GetListWithModel : MethodFinish
INFO  2021-11-02 17:05:23,938 MasterHospitalService::? - GetListWithModel : MethodStart
INFO  2021-11-02 17:05:24,075 MasterHospitalService::? - GetListWithModel : MethodFinish
INFO  2021-11-02 17:05:39,304 MasterHospitalService::? - SaveData : MethodStart
INFO  2021-11-02 17:05:39,857 MasterHospitalService::? - SaveData : MethodFinish
INFO  2021-11-02 17:05:41,184 MasterHospitalService::? - GetListWithModel : MethodStart
INFO  2021-11-02 17:05:41,318 MasterHospitalService::? - GetListWithModel : MethodFinish
INFO  2021-11-02 17:06:28,291 MasterTemplateService::? - GetList_Active_WithModel : MethodStart
INFO  2021-11-02 17:06:28,436 MasterTemplateService::? - GetList_Active_WithModel : MethodFinish
INFO  2021-11-02 17:06:34,542 WHONETColumnService::? - GetList_Active_WithModel : MethodStart
INFO  2021-11-02 17:06:34,673 WHONETColumnService::? - GetList_Active_WithModel : MethodFinish
INFO  2021-11-02 17:08:38,674 MasterTemplateService::? - GetList_Active_WithModel : MethodStart
INFO  2021-11-02 17:08:38,778 MasterTemplateService::? - GetList_Active_WithModel : MethodFinish
INFO  2021-11-02 17:08:39,672 WHONETColumnService::? - GetList_Active_WithModel : MethodStart
INFO  2021-11-02 17:08:39,790 WHONETColumnService::? - GetList_Active_WithModel : MethodFinish
INFO  2021-11-02 17:09:02,083 MasterTemplateService::? - GetList_Active_WithModel : MethodStart
INFO  2021-11-02 17:09:02,199 MasterTemplateService::? - GetList_Active_WithModel : MethodFinish
INFO  2021-11-02 17:09:03,146 WHONETColumnService::? - GetList_Active_WithModel : MethodStart
INFO  2021-11-02 17:09:03,266 WHONETColumnService::? - GetList_Active_WithModel : MethodFinish
INFO  2021-11-02 17:09:11,760 MasterTemplateService::? - GetList_Active_WithModel : MethodStart
INFO  2021-11-02 17:09:11,865 MasterTemplateService::? - GetList_Active_WithModel : MethodFinish
INFO  2021-11-02 17:09:12,727 WHONETColumnService::? - GetList_Active_WithModel : MethodStart
INFO  2021-11-02 17:09:12,843 WHONETColumnService::? - GetList_Active_WithModel : MethodFinish
INFO  2021-11-02 17:09:43,998 MasterTemplateService::? - GetList_Active_WithModel : MethodStart
INFO  2021-11-02 17:09:44,105 MasterTemplateService::? - GetList_Active_WithModel : MethodFinish
INFO  2021-11-02 17:09:45,028 WHONETColumnService::? - GetList_Active_WithModel : MethodStart
INFO  2021-11-02 17:09:45,138 WHONETColumnService::? - GetList_Active_WithModel : MethodFinish
INFO  2021-11-02 17:09:55,713 MasterTemplateService::? - GetList_Active_WithModel : MethodStart
INFO  2021-11-02 17:09:55,823 MasterTemplateService::? - GetList_Active_WithModel : MethodFinish
INFO  2021-11-02 17:09:56,753 WHONETColumnService::? - GetList_Active_WithModel : MethodStart
INFO  2021-11-02 17:09:56,865 WHONETColumnService::? - GetList_Active_WithModel : MethodFinish
INFO  2021-11-02 17:10:05,650 MasterTemplateService::? - GetList_Active_WithModel : MethodStart
INFO  2021-11-02 17:10:05,752 MasterTemplateService::? - GetList_Active_WithModel : MethodFinish
INFO  2021-11-02 17:10:06,583 WHONETColumnService::? - GetList_Active_WithModel : MethodStart
INFO  2021-11-02 17:10:06,696 WHONETColumnService::? - GetList_Active_WithModel : MethodFinish
INFO  2021-11-02 17:10:49,599 MasterTemplateService::? - GetList_Active_WithModel : MethodStart
INFO  2021-11-02 17:10:49,701 MasterTemplateService::? - GetList_Active_WithModel : MethodFinish
INFO  2021-11-02 17:10:50,628 WHONETColumnService::? - GetList_Active_WithModel : MethodStart
INFO  2021-11-02 17:10:50,743 WHONETColumnService::? - GetList_Active_WithModel : MethodFinish
INFO  2021-11-02 17:11:00,232 MasterTemplateService::? - GetList_Active_WithModel : MethodStart
INFO  2021-11-02 17:11:00,333 MasterTemplateService::? - GetList_Active_WithModel : MethodFinish
INFO  2021-11-02 17:11:01,254 WHONETColumnService::? - GetList_Active_WithModel : MethodStart
INFO  2021-11-02 17:11:01,366 WHONETColumnService::? - GetList_Active_WithModel : MethodFinish
INFO  2021-11-02 17:11:12,941 MasterTemplateService::? - GetList_Active_WithModel : MethodStart
INFO  2021-11-02 17:11:13,046 MasterTemplateService::? - GetList_Active_WithModel : MethodFinish
INFO  2021-11-02 17:11:14,037 WHONETColumnService::? - GetList_Active_WithModel : MethodStart
INFO  2021-11-02 17:11:14,157 WHONETColumnService::? - GetList_Active_WithModel : MethodFinish
INFO  2021-11-02 17:11:54,694 MasterTemplateService::? - GetList_Active_WithModel : MethodStart
INFO  2021-11-02 17:11:54,808 MasterTemplateService::? - GetList_Active_WithModel : MethodFinish
INFO  2021-11-02 17:11:55,734 WHONETColumnService::? - GetList_Active_WithModel : MethodStart
INFO  2021-11-02 17:11:55,849 WHONETColumnService::? - GetList_Active_WithModel : MethodFinish
INFO  2021-11-02 17:12:08,720 MasterTemplateService::? - GetList_Active_WithModel : MethodStart
INFO  2021-11-02 17:12:08,824 MasterTemplateService::? - GetList_Active_WithModel : MethodFinish
INFO  2021-11-02 17:12:09,792 WHONETColumnService::? - GetList_Active_WithModel : MethodStart
INFO  2021-11-02 17:12:09,909 WHONETColumnService::? - GetList_Active_WithModel : MethodFinish
INFO  2021-11-02 17:12:25,791 MasterTemplateService::? - GetList_Active_WithModel : MethodStart
INFO  2021-11-02 17:12:25,903 MasterTemplateService::? - GetList_Active_WithModel : MethodFinish
INFO  2021-11-02 17:12:26,814 WHONETColumnService::? - GetList_Active_WithModel : MethodStart
INFO  2021-11-02 17:12:26,932 WHONETColumnService::? - GetList_Active_WithModel : MethodFinish
INFO  2021-11-02 17:12:45,854 MasterTemplateService::? - GetList_Active_WithModel : MethodStart
INFO  2021-11-02 17:12:45,974 MasterTemplateService::? - GetList_Active_WithModel : MethodFinish
INFO  2021-11-02 17:12:46,861 WHONETColumnService::? - GetList_Active_WithModel : MethodStart
INFO  2021-11-02 17:12:46,971 WHONETColumnService::? - GetList_Active_WithModel : MethodFinish
INFO  2021-11-02 17:12:55,021 MasterTemplateService::? - GetList_Active_WithModel : MethodStart
INFO  2021-11-02 17:12:55,124 MasterTemplateService::? - GetList_Active_WithModel : MethodFinish
INFO  2021-11-02 17:12:56,077 WHONETColumnService::? - GetList_Active_WithModel : MethodStart
INFO  2021-11-02 17:12:56,189 WHONETColumnService::? - GetList_Active_WithModel : MethodFinish
INFO  2021-11-02 17:13:04,230 MasterTemplateService::? - GetList_Active_WithModel : MethodStart
INFO  2021-11-02 17:13:04,333 MasterTemplateService::? - GetList_Active_WithModel : MethodFinish
INFO  2021-11-02 17:13:05,198 WHONETColumnService::? - GetList_Active_WithModel : MethodStart
INFO  2021-11-02 17:13:05,308 WHONETColumnService::? - GetList_Active_WithModel : MethodFinish
INFO  2021-11-02 17:13:09,341 MasterTemplateService::? - GetList_Active_WithModel : MethodStart
INFO  2021-11-02 17:13:09,445 MasterTemplateService::? - GetList_Active_WithModel : MethodFinish
INFO  2021-11-02 17:13:10,365 WHONETColumnService::? - GetList_Active_WithModel : MethodStart
INFO  2021-11-02 17:13:10,477 WHONETColumnService::? - GetList_Active_WithModel : MethodFinish
INFO  2021-11-02 17:17:51,070 MasterTemplateService::? - GetList_Active_WithModel : MethodStart
INFO  2021-11-02 17:17:51,330 MasterTemplateService::? - GetList_Active_WithModel : MethodFinish
