INFO  2023-05-09 11:02:39,349 SpecimenService::? - GetList_Mapping_Active_WithModel : MethodStart
INFO  2023-05-09 11:02:40,765 SpecimenService::? - GetList_Mapping_Active_WithModel : MethodFinish
INFO  2023-05-09 11:13:08,971 MasterTemplateService::? - GetList_Active_WithModel : MethodStart
INFO  2023-05-09 11:13:09,358 MasterTemplateService::? - GetList_Active_WithModel : MethodFinish
INFO  2023-05-09 11:13:47,886 MasterTemplateService::? - GetList_Active_WithModel : MethodStart
INFO  2023-05-09 11:13:48,012 MasterTemplateService::? - GetList_Active_WithModel : MethodFinish
INFO  2023-05-09 11:57:19,536 MasterTemplateService::? - GetList_Active_WithModel : MethodStart
INFO  2023-05-09 11:57:20,761 MasterTemplateService::? - GetList_Active_WithModel : MethodFinish
INFO  2023-05-09 12:07:22,875 MasterTemplateService::? - GetList_Active_WithModel : MethodStart
INFO  2023-05-09 12:07:24,040 MasterTemplateService::? - GetList_Active_WithModel : MethodFinish
INFO  2023-05-09 12:08:05,870 MasterTemplateService::? - GetList_Active_WithModel : MethodStart
INFO  2023-05-09 12:08:05,982 MasterTemplateService::? - GetList_Active_WithModel : MethodFinish
INFO  2023-05-09 12:14:57,757 MasterTemplateService::? - GetList_Active_WithModel : MethodStart
INFO  2023-05-09 12:14:58,852 MasterTemplateService::? - GetList_Active_WithModel : MethodFinish
INFO  2023-05-09 12:15:32,101 MasterTemplateService::? - GetList_Active_WithModel : MethodStart
INFO  2023-05-09 12:15:32,210 MasterTemplateService::? - GetList_Active_WithModel : MethodFinish
INFO  2023-05-09 12:15:56,665 MasterTemplateService::? - GetList_Active_WithModel : MethodStart
INFO  2023-05-09 12:15:56,792 MasterTemplateService::? - GetList_Active_WithModel : MethodFinish
INFO  2023-05-09 12:19:34,287 MasterTemplateService::? - GetList_Active_WithModel : MethodStart
INFO  2023-05-09 12:19:35,467 MasterTemplateService::? - GetList_Active_WithModel : MethodFinish
INFO  2023-05-09 12:20:21,139 MasterTemplateService::? - GetList_Active_WithModel : MethodStart
INFO  2023-05-09 12:20:21,257 MasterTemplateService::? - GetList_Active_WithModel : MethodFinish
INFO  2023-05-09 12:26:32,740 MasterTemplateService::? - GetList_Active_WithModel : MethodStart
INFO  2023-05-09 12:26:33,829 MasterTemplateService::? - GetList_Active_WithModel : MethodFinish
INFO  2023-05-09 12:35:18,806 MasterTemplateService::? - GetList_Active_WithModel : MethodStart
INFO  2023-05-09 12:35:19,935 MasterTemplateService::? - GetList_Active_WithModel : MethodFinish
INFO  2023-05-09 12:37:52,628 MasterTemplateService::? - GetList_Active_WithModel : MethodStart
INFO  2023-05-09 12:37:54,004 MasterTemplateService::? - GetList_Active_WithModel : MethodFinish
INFO  2023-05-09 12:40:32,371 MasterTemplateService::? - GetList_Active_WithModel : MethodStart
INFO  2023-05-09 12:40:32,490 MasterTemplateService::? - GetList_Active_WithModel : MethodFinish
INFO  2023-05-09 15:08:53,307 MasterTemplateService::? - GetList_Active_WithModel : MethodStart
INFO  2023-05-09 15:08:54,529 MasterTemplateService::? - GetList_Active_WithModel : MethodFinish
INFO  2023-05-09 15:11:09,243 SpecimenService::? - GetList_Mapping_Active_WithModel : MethodStart
INFO  2023-05-09 15:11:09,425 SpecimenService::? - GetList_Mapping_Active_WithModel : MethodFinish
INFO  2023-05-09 15:11:18,323 MasterTemplateService::? - GetList_Active_WithModel : MethodStart
INFO  2023-05-09 15:11:18,453 MasterTemplateService::? - GetList_Active_WithModel : MethodFinish
INFO  2023-05-09 15:11:19,691 WHONETColumnService::? - GetList_Active_WithModel : MethodStart
INFO  2023-05-09 15:11:19,816 WHONETColumnService::? - GetList_Active_WithModel : MethodFinish
INFO  2023-05-09 15:30:07,268 MasterTemplateService::? - GetList_Active_WithModel : MethodStart
INFO  2023-05-09 15:30:07,638 MasterTemplateService::? - GetList_Active_WithModel : MethodFinish
INFO  2023-05-09 15:34:01,629 MasterTemplateService::? - GetList_Active_WithModel : MethodStart
INFO  2023-05-09 15:34:01,735 MasterTemplateService::? - GetList_Active_WithModel : MethodFinish
INFO  2023-05-09 15:34:47,487 MasterTemplateService::? - GetList_Active_WithModel : MethodStart
INFO  2023-05-09 15:34:47,592 MasterTemplateService::? - GetList_Active_WithModel : MethodFinish
INFO  2023-05-09 15:38:09,006 MasterTemplateService::? - GetList_Active_WithModel : MethodStart
INFO  2023-05-09 15:38:10,332 MasterTemplateService::? - GetList_Active_WithModel : MethodFinish
INFO  2023-05-09 15:38:34,627 MasterTemplateService::? - GetList_Active_WithModel : MethodStart
INFO  2023-05-09 15:38:34,742 MasterTemplateService::? - GetList_Active_WithModel : MethodFinish
INFO  2023-05-09 15:44:10,102 MasterTemplateService::? - GetList_Active_WithModel : MethodStart
INFO  2023-05-09 15:44:10,228 MasterTemplateService::? - GetList_Active_WithModel : MethodFinish
