INFO  2021-09-06 00:03:56,858 MasterTemplateService::? - GetList_Active_WithModel : MethodStart
INFO  2021-09-06 00:03:57,179 MasterTemplateService::? - GetList_Active_WithModel : MethodFinish
INFO  2021-09-06 00:03:58,829 WHONETColumnService::? - GetList_Active_WithModel : MethodStart
INFO  2021-09-06 00:03:58,934 WHONETColumnService::? - GetList_Active_WithModel : MethodFinish
INFO  2021-09-06 00:24:09,162 SpecimenService::? - GetList_Active_WithModel : MethodStart
INFO  2021-09-06 00:24:09,741 SpecimenService::? - GetList_Active_WithModel : MethodFinish
INFO  2021-09-06 00:24:36,132 SpecimenService::? - GetList_Active_WithModel : MethodStart
INFO  2021-09-06 00:24:36,243 SpecimenService::? - GetList_Active_WithModel : MethodFinish
INFO  2021-09-06 00:25:48,016 SpecimenService::? - GetList_Active_WithModel : MethodStart
INFO  2021-09-06 00:25:48,177 SpecimenService::? - GetList_Active_WithModel : MethodFinish
INFO  2021-09-06 00:26:21,789 SpecimenService::? - GetList_Active_WithModel : MethodStart
INFO  2021-09-06 00:26:21,969 SpecimenService::? - GetList_Active_WithModel : MethodFinish
INFO  2021-09-06 00:26:35,890 SpecimenService::? - GetList_Active_WithModel : MethodStart
INFO  2021-09-06 00:26:36,011 SpecimenService::? - GetList_Active_WithModel : MethodFinish
INFO  2021-09-06 00:26:50,309 SpecimenService::? - GetList_Active_WithModel : MethodStart
INFO  2021-09-06 00:26:50,427 SpecimenService::? - GetList_Active_WithModel : MethodFinish
INFO  2021-09-06 00:27:15,182 SpecimenService::? - GetList_Active_WithModel : MethodStart
INFO  2021-09-06 00:27:15,330 SpecimenService::? - GetList_Active_WithModel : MethodFinish
INFO  2021-09-06 00:27:39,724 SpecimenService::? - GetList_Active_WithModel : MethodStart
INFO  2021-09-06 00:27:39,851 SpecimenService::? - GetList_Active_WithModel : MethodFinish
INFO  2021-09-06 10:34:05,496 SpecimenService::? - GetList_Active_WithModel : MethodStart
INFO  2021-09-06 10:34:06,836 SpecimenService::? - GetList_Active_WithModel : MethodFinish
INFO  2021-09-06 10:35:54,236 MasterTemplateService::? - GetList_Active_WithModel : MethodStart
INFO  2021-09-06 10:35:54,421 MasterTemplateService::? - GetList_Active_WithModel : MethodFinish
INFO  2021-09-06 10:36:01,191 WHONETColumnService::? - GetList_Active_WithModel : MethodStart
INFO  2021-09-06 10:36:01,402 WHONETColumnService::? - GetList_Active_WithModel : MethodFinish
INFO  2021-09-06 10:36:30,594 WardTypeService::? - GetList_Active_WithModel : MethodStart
INFO  2021-09-06 10:36:30,773 WardTypeService::? - GetList_Active_WithModel : MethodFinish
INFO  2021-09-06 10:36:47,129 MasterTemplateService::? - GetList_Active_WithModel : MethodStart
INFO  2021-09-06 10:36:47,237 MasterTemplateService::? - GetList_Active_WithModel : MethodFinish
INFO  2021-09-06 10:36:47,902 WHONETColumnService::? - GetList_Active_WithModel : MethodStart
INFO  2021-09-06 10:36:48,011 WHONETColumnService::? - GetList_Active_WithModel : MethodFinish
INFO  2021-09-06 10:37:44,975 SpecimenService::? - GetList_Mapping_Active_WithModel : MethodStart
INFO  2021-09-06 10:37:45,134 SpecimenService::? - GetList_Mapping_Active_WithModel : MethodFinish
INFO  2021-09-06 10:38:02,006 MasterTemplateService::? - GetList_Active_WithModel : MethodStart
INFO  2021-09-06 10:38:02,116 MasterTemplateService::? - GetList_Active_WithModel : MethodFinish
INFO  2021-09-06 10:38:02,921 WHONETColumnService::? - GetList_Active_WithModel : MethodStart
INFO  2021-09-06 10:38:03,040 WHONETColumnService::? - GetList_Active_WithModel : MethodFinish
INFO  2021-09-06 10:38:12,673 WardTypeService::? - GetList_Active_WithModel : MethodStart
INFO  2021-09-06 10:38:12,786 WardTypeService::? - GetList_Active_WithModel : MethodFinish
INFO  2021-09-06 10:38:17,707 MasterTemplateService::? - GetList_Active_WithModel : MethodStart
INFO  2021-09-06 10:38:17,818 MasterTemplateService::? - GetList_Active_WithModel : MethodFinish
INFO  2021-09-06 10:38:18,638 WHONETColumnService::? - GetList_Active_WithModel : MethodStart
INFO  2021-09-06 10:38:18,753 WHONETColumnService::? - GetList_Active_WithModel : MethodFinish
INFO  2021-09-06 10:38:20,343 WardTypeService::? - GetList_Active_WithModel : MethodStart
INFO  2021-09-06 10:38:20,454 WardTypeService::? - GetList_Active_WithModel : MethodFinish
INFO  2021-09-06 10:38:29,616 MasterTemplateService::? - GetList_Active_WithModel : MethodStart
INFO  2021-09-06 10:38:29,737 MasterTemplateService::? - GetList_Active_WithModel : MethodFinish
INFO  2021-09-06 10:38:30,410 WHONETColumnService::? - GetList_Active_WithModel : MethodStart
INFO  2021-09-06 10:38:30,527 WHONETColumnService::? - GetList_Active_WithModel : MethodFinish
INFO  2021-09-06 10:38:38,551 MasterTemplateService::? - GetList_Active_WithModel : MethodStart
INFO  2021-09-06 10:38:38,657 MasterTemplateService::? - GetList_Active_WithModel : MethodFinish
INFO  2021-09-06 10:38:39,341 WHONETColumnService::? - GetList_Active_WithModel : MethodStart
INFO  2021-09-06 10:38:39,450 WHONETColumnService::? - GetList_Active_WithModel : MethodFinish
INFO  2021-09-06 10:38:51,858 MasterTemplateService::? - GetList_Active_WithModel : MethodStart
INFO  2021-09-06 10:38:51,969 MasterTemplateService::? - GetList_Active_WithModel : MethodFinish
INFO  2021-09-06 10:38:52,648 WHONETColumnService::? - GetList_Active_WithModel : MethodStart
INFO  2021-09-06 10:38:52,754 WHONETColumnService::? - GetList_Active_WithModel : MethodFinish
INFO  2021-09-06 10:43:39,953 MasterTemplateService::? - GetList_Active_WithModel : MethodStart
INFO  2021-09-06 10:43:40,266 MasterTemplateService::? - GetList_Active_WithModel : MethodFinish
INFO  2021-09-06 10:43:40,930 WHONETColumnService::? - GetList_Active_WithModel : MethodStart
INFO  2021-09-06 10:43:41,026 WHONETColumnService::? - GetList_Active_WithModel : MethodFinish
INFO  2021-09-06 10:44:32,317 MasterTemplateService::? - GetList_Active_WithModel : MethodStart
INFO  2021-09-06 10:44:32,415 MasterTemplateService::? - GetList_Active_WithModel : MethodFinish
INFO  2021-09-06 10:44:33,114 WHONETColumnService::? - GetList_Active_WithModel : MethodStart
INFO  2021-09-06 10:44:33,216 WHONETColumnService::? - GetList_Active_WithModel : MethodFinish
INFO  2021-09-06 10:44:37,114 MasterTemplateService::? - GetList_Active_WithModel : MethodStart
INFO  2021-09-06 10:44:37,220 MasterTemplateService::? - GetList_Active_WithModel : MethodFinish
INFO  2021-09-06 10:44:37,862 WHONETColumnService::? - GetList_Active_WithModel : MethodStart
INFO  2021-09-06 10:44:37,962 WHONETColumnService::? - GetList_Active_WithModel : MethodFinish
INFO  2021-09-06 11:08:14,405 MasterTemplateService::? - GetListWithModel : MethodStart
INFO  2021-09-06 11:08:15,600 MasterTemplateService::? - GetListWithModel : MethodFinish
INFO  2021-09-06 11:08:22,343 MasterTemplateService::? - GetData : MethodStart
INFO  2021-09-06 11:08:22,482 MasterTemplateService::? - GetData : MethodFinish
INFO  2021-09-06 11:08:22,516 MasterTemplateService::? - Get_ProcessExcelColumn : MethodStart
INFO  2021-09-06 11:08:22,694 MasterTemplateService::? - Get_ProcessExcelColumn : MethodFinish
INFO  2021-09-06 11:08:22,727 MasterTemplateService::? - Get_ProcessExcelRow : MethodStart
INFO  2021-09-06 11:08:22,877 MasterTemplateService::? - Get_ProcessExcelRow : MethodFinish
INFO  2021-09-06 11:08:22,922 MasterTemplateService::? - Get_ProcessExcelTemplate : MethodStart
INFO  2021-09-06 11:08:23,264 MasterTemplateService::? - Get_ProcessExcelTemplate : MethodFinish
INFO  2021-09-06 11:11:07,149 MasterTemplateService::? - GetList_Active_WithModel : MethodStart
INFO  2021-09-06 11:11:07,252 MasterTemplateService::? - GetList_Active_WithModel : MethodFinish
INFO  2021-09-06 11:11:11,499 WHONETColumnService::? - GetList_Active_WithModel : MethodStart
INFO  2021-09-06 11:11:11,612 WHONETColumnService::? - GetList_Active_WithModel : MethodFinish
INFO  2021-09-06 11:11:20,903 MasterTemplateService::? - GetListWithModel : MethodStart
INFO  2021-09-06 11:11:21,005 MasterTemplateService::? - GetListWithModel : MethodFinish
INFO  2021-09-06 11:11:24,758 MasterTemplateService::? - GetData : MethodStart
INFO  2021-09-06 11:11:24,854 MasterTemplateService::? - GetData : MethodFinish
INFO  2021-09-06 11:11:24,875 MasterTemplateService::? - Get_ProcessExcelColumn : MethodStart
INFO  2021-09-06 11:11:24,971 MasterTemplateService::? - Get_ProcessExcelColumn : MethodFinish
INFO  2021-09-06 11:11:24,987 MasterTemplateService::? - Get_ProcessExcelRow : MethodStart
INFO  2021-09-06 11:11:25,081 MasterTemplateService::? - Get_ProcessExcelRow : MethodFinish
INFO  2021-09-06 11:11:25,108 MasterTemplateService::? - Get_ProcessExcelTemplate : MethodStart
INFO  2021-09-06 11:11:25,221 MasterTemplateService::? - Get_ProcessExcelTemplate : MethodFinish
INFO  2021-09-06 11:11:36,591 MasterTemplateService::? - SaveProcessExcelColumnListData : MethodStart
INFO  2021-09-06 11:11:37,274 MasterTemplateService::? - SaveProcessExcelColumnListData : MethodFinish
INFO  2021-09-06 11:11:37,304 MasterTemplateService::? - SaveProcessExcelRowListData : MethodStart
INFO  2021-09-06 11:11:37,612 MasterTemplateService::? - SaveProcessExcelRowListData : MethodFinish
INFO  2021-09-06 11:11:37,688 MasterTemplateService::? - SaveProcessExcelTemplateListData : MethodStart
INFO  2021-09-06 11:11:46,123 MasterTemplateService::? - SaveProcessExcelTemplateListData : MethodFinish
INFO  2021-09-06 11:12:03,884 MasterTemplateService::? - Get_ProcessExcelColumn : MethodStart
INFO  2021-09-06 11:12:03,984 MasterTemplateService::? - Get_ProcessExcelColumn : MethodFinish
INFO  2021-09-06 11:12:04,015 MasterTemplateService::? - Get_ProcessExcelRow : MethodStart
INFO  2021-09-06 11:12:04,119 MasterTemplateService::? - Get_ProcessExcelRow : MethodFinish
INFO  2021-09-06 11:12:04,136 MasterTemplateService::? - Get_ProcessExcelTemplate : MethodStart
INFO  2021-09-06 11:12:04,311 MasterTemplateService::? - Get_ProcessExcelTemplate : MethodFinish
INFO  2021-09-06 11:30:33,193 MasterTemplateService::? - GetListWithModel : MethodStart
INFO  2021-09-06 11:30:35,140 MasterTemplateService::? - GetListWithModel : MethodFinish
INFO  2021-09-06 11:30:42,105 MasterTemplateService::? - GetData : MethodStart
INFO  2021-09-06 11:30:42,320 MasterTemplateService::? - GetData : MethodFinish
INFO  2021-09-06 11:30:42,390 MasterTemplateService::? - Get_ProcessExcelColumn : MethodStart
INFO  2021-09-06 11:30:42,601 MasterTemplateService::? - Get_ProcessExcelColumn : MethodFinish
INFO  2021-09-06 11:30:42,665 MasterTemplateService::? - Get_ProcessExcelRow : MethodStart
INFO  2021-09-06 11:30:42,829 MasterTemplateService::? - Get_ProcessExcelRow : MethodFinish
INFO  2021-09-06 11:30:42,889 MasterTemplateService::? - Get_ProcessExcelTemplate : MethodStart
INFO  2021-09-06 11:30:43,198 MasterTemplateService::? - Get_ProcessExcelTemplate : MethodFinish
INFO  2021-09-06 11:30:54,114 MasterTemplateService::? - GetListWithModel : MethodStart
INFO  2021-09-06 11:30:54,224 MasterTemplateService::? - GetListWithModel : MethodFinish
INFO  2021-09-06 11:31:01,851 MasterTemplateService::? - GetListWithModel : MethodStart
INFO  2021-09-06 11:31:01,961 MasterTemplateService::? - GetListWithModel : MethodFinish
INFO  2021-09-06 11:31:08,170 MasterTemplateService::? - GetData : MethodStart
INFO  2021-09-06 11:31:08,283 MasterTemplateService::? - GetData : MethodFinish
INFO  2021-09-06 11:31:08,351 WardTypeService::? - GetListWithModel : MethodStart
INFO  2021-09-06 11:31:08,496 WardTypeService::? - GetListWithModel : MethodFinish
INFO  2021-09-06 11:31:08,572 SpecimenService::? - GetListWithModel : MethodStart
INFO  2021-09-06 11:31:08,859 SpecimenService::? - GetListWithModel : MethodFinish
INFO  2021-09-06 11:31:09,067 AntibioticService::? - GetListWithModel : MethodStart
INFO  2021-09-06 11:31:09,351 AntibioticService::? - GetListWithModel : MethodFinish
INFO  2021-09-06 11:31:09,669 OrganismService::? - GetListWithModel : MethodStart
INFO  2021-09-06 11:31:09,907 OrganismService::? - GetListWithModel : MethodFinish
INFO  2021-09-06 11:31:10,032 QCRangeService::? - GetListWithModel : MethodStart
INFO  2021-09-06 11:31:10,454 QCRangeService::? - GetListWithModel : MethodFinish
INFO  2021-09-06 11:31:10,784 ExpertRuleService::? - GetListWithModel : MethodStart
INFO  2021-09-06 11:31:10,942 ExpertRuleService::? - GetListWithModel : MethodFinish
INFO  2021-09-06 11:31:11,058 WHONETColumnService::? - GetListWithModel : MethodStart
INFO  2021-09-06 11:31:11,194 WHONETColumnService::? - GetListWithModel : MethodFinish
INFO  2021-09-06 11:31:15,334 MasterTemplateService::? - GetListWithModel : MethodStart
INFO  2021-09-06 11:31:15,445 MasterTemplateService::? - GetListWithModel : MethodFinish
INFO  2021-09-06 11:31:17,676 MasterTemplateService::? - GetData : MethodStart
INFO  2021-09-06 11:31:17,782 MasterTemplateService::? - GetData : MethodFinish
INFO  2021-09-06 11:31:17,814 MasterTemplateService::? - Get_ProcessExcelColumn : MethodStart
INFO  2021-09-06 11:31:17,925 MasterTemplateService::? - Get_ProcessExcelColumn : MethodFinish
INFO  2021-09-06 11:31:17,959 MasterTemplateService::? - Get_ProcessExcelRow : MethodStart
INFO  2021-09-06 11:31:18,077 MasterTemplateService::? - Get_ProcessExcelRow : MethodFinish
INFO  2021-09-06 11:31:18,105 MasterTemplateService::? - Get_ProcessExcelTemplate : MethodStart
INFO  2021-09-06 11:31:18,266 MasterTemplateService::? - Get_ProcessExcelTemplate : MethodFinish
INFO  2021-09-06 11:32:19,544 MasterTemplateService::? - GetListWithModel : MethodStart
INFO  2021-09-06 11:32:19,670 MasterTemplateService::? - GetListWithModel : MethodFinish
INFO  2021-09-06 11:32:21,177 MasterTemplateService::? - GetData : MethodStart
INFO  2021-09-06 11:32:21,290 MasterTemplateService::? - GetData : MethodFinish
INFO  2021-09-06 11:32:21,332 WardTypeService::? - GetListWithModel : MethodStart
INFO  2021-09-06 11:32:21,451 WardTypeService::? - GetListWithModel : MethodFinish
INFO  2021-09-06 11:32:21,493 SpecimenService::? - GetListWithModel : MethodStart
INFO  2021-09-06 11:32:21,665 SpecimenService::? - GetListWithModel : MethodFinish
INFO  2021-09-06 11:32:21,708 AntibioticService::? - GetListWithModel : MethodStart
INFO  2021-09-06 11:32:21,864 AntibioticService::? - GetListWithModel : MethodFinish
INFO  2021-09-06 11:32:22,227 OrganismService::? - GetListWithModel : MethodStart
INFO  2021-09-06 11:32:22,789 OrganismService::? - GetListWithModel : MethodFinish
INFO  2021-09-06 11:32:22,893 QCRangeService::? - GetListWithModel : MethodStart
INFO  2021-09-06 11:32:23,505 QCRangeService::? - GetListWithModel : MethodFinish
INFO  2021-09-06 11:32:23,872 ExpertRuleService::? - GetListWithModel : MethodStart
INFO  2021-09-06 11:32:24,018 ExpertRuleService::? - GetListWithModel : MethodFinish
INFO  2021-09-06 11:32:24,081 WHONETColumnService::? - GetListWithModel : MethodStart
INFO  2021-09-06 11:32:24,193 WHONETColumnService::? - GetListWithModel : MethodFinish
INFO  2021-09-06 11:39:10,554 MasterTemplateService::? - GetListWithModel : MethodStart
INFO  2021-09-06 11:39:12,440 MasterTemplateService::? - GetListWithModel : MethodFinish
INFO  2021-09-06 11:39:15,349 MasterTemplateService::? - GetData : MethodStart
INFO  2021-09-06 11:39:15,513 MasterTemplateService::? - GetData : MethodFinish
INFO  2021-09-06 11:39:15,558 MasterTemplateService::? - Get_ProcessExcelColumn : MethodStart
INFO  2021-09-06 11:39:15,742 MasterTemplateService::? - Get_ProcessExcelColumn : MethodFinish
INFO  2021-09-06 11:39:15,810 MasterTemplateService::? - Get_ProcessExcelRow : MethodStart
INFO  2021-09-06 11:39:15,950 MasterTemplateService::? - Get_ProcessExcelRow : MethodFinish
INFO  2021-09-06 11:39:15,994 MasterTemplateService::? - Get_ProcessExcelTemplate : MethodStart
INFO  2021-09-06 11:39:16,211 MasterTemplateService::? - Get_ProcessExcelTemplate : MethodFinish
INFO  2021-09-06 11:43:09,274 MasterTemplateService::? - GetListWithModel : MethodStart
INFO  2021-09-06 11:43:10,847 MasterTemplateService::? - GetListWithModel : MethodFinish
INFO  2021-09-06 11:43:14,513 MasterTemplateService::? - GetData : MethodStart
INFO  2021-09-06 11:43:14,681 MasterTemplateService::? - GetData : MethodFinish
INFO  2021-09-06 11:43:14,729 MasterTemplateService::? - Get_ProcessExcelColumn : MethodStart
INFO  2021-09-06 11:43:14,919 MasterTemplateService::? - Get_ProcessExcelColumn : MethodFinish
INFO  2021-09-06 11:43:14,965 MasterTemplateService::? - Get_ProcessExcelRow : MethodStart
INFO  2021-09-06 11:43:15,124 MasterTemplateService::? - Get_ProcessExcelRow : MethodFinish
INFO  2021-09-06 11:43:15,177 MasterTemplateService::? - Get_ProcessExcelTemplate : MethodStart
INFO  2021-09-06 11:43:15,389 MasterTemplateService::? - Get_ProcessExcelTemplate : MethodFinish
INFO  2021-09-06 11:43:35,868 MasterTemplateService::? - GetListWithModel : MethodStart
INFO  2021-09-06 11:43:35,975 MasterTemplateService::? - GetListWithModel : MethodFinish
INFO  2021-09-06 11:43:38,343 MasterTemplateService::? - GetData : MethodStart
INFO  2021-09-06 11:43:38,454 MasterTemplateService::? - GetData : MethodFinish
INFO  2021-09-06 11:43:38,480 MasterTemplateService::? - Get_ProcessExcelColumn : MethodStart
INFO  2021-09-06 11:43:38,598 MasterTemplateService::? - Get_ProcessExcelColumn : MethodFinish
INFO  2021-09-06 11:43:38,632 MasterTemplateService::? - Get_ProcessExcelRow : MethodStart
INFO  2021-09-06 11:43:38,739 MasterTemplateService::? - Get_ProcessExcelRow : MethodFinish
INFO  2021-09-06 11:43:38,766 MasterTemplateService::? - Get_ProcessExcelTemplate : MethodStart
INFO  2021-09-06 11:43:38,909 MasterTemplateService::? - Get_ProcessExcelTemplate : MethodFinish
INFO  2021-09-06 11:54:41,728 MasterTemplateService::? - GetListWithModel : MethodStart
INFO  2021-09-06 11:54:43,583 MasterTemplateService::? - GetListWithModel : MethodFinish
INFO  2021-09-06 11:54:49,654 MasterTemplateService::? - GetData : MethodStart
INFO  2021-09-06 11:54:49,839 MasterTemplateService::? - GetData : MethodFinish
INFO  2021-09-06 11:54:49,908 MasterTemplateService::? - Get_ProcessExcelColumn : MethodStart
INFO  2021-09-06 11:54:50,117 MasterTemplateService::? - Get_ProcessExcelColumn : MethodFinish
INFO  2021-09-06 11:54:50,179 MasterTemplateService::? - Get_ProcessExcelRow : MethodStart
INFO  2021-09-06 11:54:50,340 MasterTemplateService::? - Get_ProcessExcelRow : MethodFinish
INFO  2021-09-06 11:54:50,417 MasterTemplateService::? - Get_ProcessExcelTemplate : MethodStart
INFO  2021-09-06 11:54:50,601 MasterTemplateService::? - Get_ProcessExcelTemplate : MethodFinish
INFO  2021-09-06 11:55:04,176 MasterTemplateService::? - SaveProcessExcelColumnListData : MethodStart
INFO  2021-09-06 11:55:04,903 MasterTemplateService::? - SaveProcessExcelColumnListData : MethodFinish
INFO  2021-09-06 11:55:04,950 MasterTemplateService::? - SaveProcessExcelRowListData : MethodStart
INFO  2021-09-06 11:55:05,295 MasterTemplateService::? - SaveProcessExcelRowListData : MethodFinish
INFO  2021-09-06 11:55:05,383 MasterTemplateService::? - SaveProcessExcelTemplateListData : MethodStart
INFO  2021-09-06 11:55:14,056 MasterTemplateService::? - SaveProcessExcelTemplateListData : MethodFinish
INFO  2021-09-06 11:55:21,995 MasterTemplateService::? - Get_ProcessExcelColumn : MethodStart
INFO  2021-09-06 11:55:22,135 MasterTemplateService::? - Get_ProcessExcelColumn : MethodFinish
INFO  2021-09-06 11:55:22,171 MasterTemplateService::? - Get_ProcessExcelRow : MethodStart
INFO  2021-09-06 11:55:22,291 MasterTemplateService::? - Get_ProcessExcelRow : MethodFinish
INFO  2021-09-06 11:55:22,323 MasterTemplateService::? - Get_ProcessExcelTemplate : MethodStart
INFO  2021-09-06 11:55:22,528 MasterTemplateService::? - Get_ProcessExcelTemplate : MethodFinish
INFO  2021-09-06 13:30:59,133 SpecimenService::? - GetList_Active_WithModel : MethodStart
INFO  2021-09-06 13:31:00,396 SpecimenService::? - GetList_Active_WithModel : MethodFinish
INFO  2021-09-06 13:51:24,645 SpecimenService::? - GetList_Mapping_Active_WithModel : MethodStart
INFO  2021-09-06 13:51:25,047 SpecimenService::? - GetList_Mapping_Active_WithModel : MethodFinish
INFO  2021-09-06 17:19:40,926 SpecimenService::? - GetList_Mapping_Active_WithModel : MethodStart
INFO  2021-09-06 17:19:42,189 SpecimenService::? - GetList_Mapping_Active_WithModel : MethodFinish
INFO  2021-09-06 17:20:09,583 MasterTemplateService::? - GetList_Active_WithModel : MethodStart
INFO  2021-09-06 17:20:09,713 MasterTemplateService::? - GetList_Active_WithModel : MethodFinish
INFO  2021-09-06 17:20:10,639 WHONETColumnService::? - GetList_Active_WithModel : MethodStart
INFO  2021-09-06 17:20:10,777 WHONETColumnService::? - GetList_Active_WithModel : MethodFinish
INFO  2021-09-06 17:20:45,993 MasterTemplateService::? - GetList_Active_WithModel : MethodStart
INFO  2021-09-06 17:20:46,090 MasterTemplateService::? - GetList_Active_WithModel : MethodFinish
INFO  2021-09-06 17:20:46,863 WHONETColumnService::? - GetList_Active_WithModel : MethodStart
INFO  2021-09-06 17:20:46,984 WHONETColumnService::? - GetList_Active_WithModel : MethodFinish
INFO  2021-09-06 18:41:38,968 SpecimenService::? - GetList_Active_WithModel : MethodStart
INFO  2021-09-06 18:41:39,312 SpecimenService::? - GetList_Active_WithModel : MethodFinish
INFO  2021-09-06 18:52:51,220 SpecimenService::? - GetList_Active_WithModel : MethodStart
INFO  2021-09-06 18:52:51,562 SpecimenService::? - GetList_Active_WithModel : MethodFinish
INFO  2021-09-06 18:52:55,869 MasterTemplateService::? - GetList_Active_WithModel : MethodStart
INFO  2021-09-06 18:52:55,985 MasterTemplateService::? - GetList_Active_WithModel : MethodFinish
INFO  2021-09-06 18:52:57,299 WHONETColumnService::? - GetList_Active_WithModel : MethodStart
INFO  2021-09-06 18:52:57,422 WHONETColumnService::? - GetList_Active_WithModel : MethodFinish
INFO  2021-09-06 18:52:57,701 MasterTemplateService::? - GetList_Active_WithModel : MethodStart
INFO  2021-09-06 18:52:57,816 MasterTemplateService::? - GetList_Active_WithModel : MethodFinish
INFO  2021-09-06 18:52:58,718 WHONETColumnService::? - GetList_Active_WithModel : MethodStart
INFO  2021-09-06 18:52:58,829 WHONETColumnService::? - GetList_Active_WithModel : MethodFinish
INFO  2021-09-06 18:56:25,113 SpecimenService::? - GetList_Active_WithModel : MethodStart
INFO  2021-09-06 18:56:28,000 SpecimenService::? - GetList_Active_WithModel : MethodFinish
INFO  2021-09-06 19:21:42,975 SpecimenService::? - GetList_Active_WithModel : MethodStart
INFO  2021-09-06 19:21:45,447 SpecimenService::? - GetList_Active_WithModel : MethodFinish
INFO  2021-09-06 20:37:54,778 MasterTemplateService::? - GetListWithModel : MethodStart
INFO  2021-09-06 20:37:56,672 MasterTemplateService::? - GetListWithModel : MethodFinish
INFO  2021-09-06 20:39:00,455 MasterTemplateService::? - GetData : MethodStart
INFO  2021-09-06 20:39:00,696 MasterTemplateService::? - GetData : MethodFinish
INFO  2021-09-06 20:39:00,803 MasterTemplateService::? - Get_ProcessExcelColumn : MethodStart
INFO  2021-09-06 20:39:01,044 MasterTemplateService::? - Get_ProcessExcelColumn : MethodFinish
INFO  2021-09-06 20:39:01,115 MasterTemplateService::? - Get_ProcessExcelRow : MethodStart
INFO  2021-09-06 20:39:01,268 MasterTemplateService::? - Get_ProcessExcelRow : MethodFinish
INFO  2021-09-06 20:39:01,344 MasterTemplateService::? - Get_ProcessExcelTemplate : MethodStart
INFO  2021-09-06 20:39:01,617 MasterTemplateService::? - Get_ProcessExcelTemplate : MethodFinish
INFO  2021-09-06 20:41:40,783 MasterTemplateService::? - DeleteProcessExcelColumnListData : MethodStart
INFO  2021-09-06 20:42:05,912 MasterTemplateService::? - DeleteProcessExcelColumnListData : MethodFinish
INFO  2021-09-06 20:42:05,988 MasterTemplateService::? - DeleteProcessExcelRowListData : MethodStart
INFO  2021-09-06 20:42:06,499 MasterTemplateService::? - DeleteProcessExcelRowListData : MethodFinish
INFO  2021-09-06 20:42:06,699 MasterTemplateService::? - DeleteProcessExcelTemplateListData : MethodStart
INFO  2021-09-06 20:42:09,913 MasterTemplateService::? - DeleteProcessExcelTemplateListData : MethodFinish
INFO  2021-09-06 20:42:10,015 MasterTemplateService::? - SaveProcessExcelColumnListData : MethodStart
INFO  2021-09-06 20:42:10,576 MasterTemplateService::? - SaveProcessExcelColumnListData : MethodFinish
INFO  2021-09-06 20:42:10,623 MasterTemplateService::? - SaveProcessExcelRowListData : MethodStart
INFO  2021-09-06 20:42:11,012 MasterTemplateService::? - SaveProcessExcelRowListData : MethodFinish
INFO  2021-09-06 20:42:11,162 MasterTemplateService::? - SaveProcessExcelTemplateListData : MethodStart
INFO  2021-09-06 20:42:21,264 MasterTemplateService::? - SaveProcessExcelTemplateListData : MethodFinish
INFO  2021-09-06 20:42:24,801 MasterTemplateService::? - Get_ProcessExcelColumn : MethodStart
INFO  2021-09-06 20:42:24,938 MasterTemplateService::? - Get_ProcessExcelColumn : MethodFinish
INFO  2021-09-06 20:42:24,981 MasterTemplateService::? - Get_ProcessExcelRow : MethodStart
INFO  2021-09-06 20:42:25,104 MasterTemplateService::? - Get_ProcessExcelRow : MethodFinish
INFO  2021-09-06 20:42:25,151 MasterTemplateService::? - Get_ProcessExcelTemplate : MethodStart
INFO  2021-09-06 20:42:25,418 MasterTemplateService::? - Get_ProcessExcelTemplate : MethodFinish
INFO  2021-09-06 20:42:40,340 MasterTemplateService::? - GetListWithModel : MethodStart
INFO  2021-09-06 20:42:40,458 MasterTemplateService::? - GetListWithModel : MethodFinish
INFO  2021-09-06 20:42:42,687 MasterTemplateService::? - GetData : MethodStart
INFO  2021-09-06 20:42:42,816 MasterTemplateService::? - GetData : MethodFinish
INFO  2021-09-06 20:42:42,870 MasterTemplateService::? - Get_ProcessExcelColumn : MethodStart
INFO  2021-09-06 20:42:42,997 MasterTemplateService::? - Get_ProcessExcelColumn : MethodFinish
INFO  2021-09-06 20:42:43,038 MasterTemplateService::? - Get_ProcessExcelRow : MethodStart
INFO  2021-09-06 20:42:43,165 MasterTemplateService::? - Get_ProcessExcelRow : MethodFinish
INFO  2021-09-06 20:42:43,215 MasterTemplateService::? - Get_ProcessExcelTemplate : MethodStart
INFO  2021-09-06 20:42:43,418 MasterTemplateService::? - Get_ProcessExcelTemplate : MethodFinish
INFO  2021-09-06 21:16:29,841 MasterTemplateService::? - GetList_Active_WithModel : MethodStart
INFO  2021-09-06 21:16:33,510 MasterTemplateService::? - GetList_Active_WithModel : MethodFinish
INFO  2021-09-06 21:16:51,340 WHONETColumnService::? - GetList_Active_WithModel : MethodStart
INFO  2021-09-06 21:16:51,532 WHONETColumnService::? - GetList_Active_WithModel : MethodFinish
INFO  2021-09-06 21:17:00,264 MasterTemplateService::? - GetListWithModel : MethodStart
INFO  2021-09-06 21:17:00,490 MasterTemplateService::? - GetListWithModel : MethodFinish
INFO  2021-09-06 21:18:00,464 MasterTemplateService::? - GetData : MethodStart
INFO  2021-09-06 21:18:00,726 MasterTemplateService::? - GetData : MethodFinish
INFO  2021-09-06 21:18:00,845 MasterTemplateService::? - Get_ProcessExcelColumn : MethodStart
INFO  2021-09-06 21:18:01,012 MasterTemplateService::? - Get_ProcessExcelColumn : MethodFinish
INFO  2021-09-06 21:18:01,106 MasterTemplateService::? - Get_ProcessExcelRow : MethodStart
INFO  2021-09-06 21:18:01,275 MasterTemplateService::? - Get_ProcessExcelRow : MethodFinish
INFO  2021-09-06 21:18:01,396 MasterTemplateService::? - Get_ProcessExcelTemplate : MethodStart
INFO  2021-09-06 21:18:01,664 MasterTemplateService::? - Get_ProcessExcelTemplate : MethodFinish
INFO  2021-09-06 21:20:18,062 MasterTemplateService::? - GetListWithModel : MethodStart
INFO  2021-09-06 21:20:21,703 MasterTemplateService::? - GetListWithModel : MethodFinish
INFO  2021-09-06 21:20:25,216 MasterTemplateService::? - GetData : MethodStart
INFO  2021-09-06 21:20:25,504 MasterTemplateService::? - GetData : MethodFinish
INFO  2021-09-06 21:20:25,623 MasterTemplateService::? - Get_ProcessExcelColumn : MethodStart
INFO  2021-09-06 21:20:25,887 MasterTemplateService::? - Get_ProcessExcelColumn : MethodFinish
INFO  2021-09-06 21:20:26,000 MasterTemplateService::? - Get_ProcessExcelRow : MethodStart
INFO  2021-09-06 21:20:26,181 MasterTemplateService::? - Get_ProcessExcelRow : MethodFinish
INFO  2021-09-06 21:20:26,312 MasterTemplateService::? - Get_ProcessExcelTemplate : MethodStart
INFO  2021-09-06 21:20:26,623 MasterTemplateService::? - Get_ProcessExcelTemplate : MethodFinish
INFO  2021-09-06 21:20:54,488 MasterTemplateService::? - GetListWithModel : MethodStart
INFO  2021-09-06 21:20:54,606 MasterTemplateService::? - GetListWithModel : MethodFinish
INFO  2021-09-06 21:21:10,182 MasterTemplateService::? - GetData : MethodStart
INFO  2021-09-06 21:21:10,298 MasterTemplateService::? - GetData : MethodFinish
INFO  2021-09-06 21:21:10,355 MasterTemplateService::? - Get_ProcessExcelColumn : MethodStart
INFO  2021-09-06 21:21:10,465 MasterTemplateService::? - Get_ProcessExcelColumn : MethodFinish
INFO  2021-09-06 21:21:10,504 MasterTemplateService::? - Get_ProcessExcelRow : MethodStart
INFO  2021-09-06 21:21:10,623 MasterTemplateService::? - Get_ProcessExcelRow : MethodFinish
INFO  2021-09-06 21:21:10,662 MasterTemplateService::? - Get_ProcessExcelTemplate : MethodStart
INFO  2021-09-06 21:21:10,832 MasterTemplateService::? - Get_ProcessExcelTemplate : MethodFinish
INFO  2021-09-06 21:28:54,319 MasterTemplateService::? - GetListWithModel : MethodStart
INFO  2021-09-06 21:28:56,201 MasterTemplateService::? - GetListWithModel : MethodFinish
INFO  2021-09-06 21:29:07,798 MasterTemplateService::? - GetData : MethodStart
INFO  2021-09-06 21:29:08,368 MasterTemplateService::? - GetData : MethodFinish
INFO  2021-09-06 21:29:08,471 MasterTemplateService::? - Get_ProcessExcelColumn : MethodStart
INFO  2021-09-06 21:29:08,679 MasterTemplateService::? - Get_ProcessExcelColumn : MethodFinish
INFO  2021-09-06 21:29:08,789 MasterTemplateService::? - Get_ProcessExcelRow : MethodStart
INFO  2021-09-06 21:29:08,980 MasterTemplateService::? - Get_ProcessExcelRow : MethodFinish
INFO  2021-09-06 21:29:09,070 MasterTemplateService::? - Get_ProcessExcelTemplate : MethodStart
INFO  2021-09-06 21:29:09,292 MasterTemplateService::? - Get_ProcessExcelTemplate : MethodFinish
INFO  2021-09-06 21:33:18,456 MasterTemplateService::? - GetListWithModel : MethodStart
INFO  2021-09-06 21:33:21,352 MasterTemplateService::? - GetListWithModel : MethodFinish
INFO  2021-09-06 21:33:24,975 MasterTemplateService::? - GetData : MethodStart
INFO  2021-09-06 21:33:25,191 MasterTemplateService::? - GetData : MethodFinish
INFO  2021-09-06 21:33:25,280 MasterTemplateService::? - Get_ProcessExcelColumn : MethodStart
INFO  2021-09-06 21:33:25,486 MasterTemplateService::? - Get_ProcessExcelColumn : MethodFinish
INFO  2021-09-06 21:33:25,559 MasterTemplateService::? - Get_ProcessExcelRow : MethodStart
INFO  2021-09-06 21:33:25,727 MasterTemplateService::? - Get_ProcessExcelRow : MethodFinish
INFO  2021-09-06 21:33:25,843 MasterTemplateService::? - Get_ProcessExcelTemplate : MethodStart
INFO  2021-09-06 21:33:26,079 MasterTemplateService::? - Get_ProcessExcelTemplate : MethodFinish
INFO  2021-09-06 21:34:06,236 MasterTemplateService::? - GetListWithModel : MethodStart
INFO  2021-09-06 21:34:06,350 MasterTemplateService::? - GetListWithModel : MethodFinish
INFO  2021-09-06 21:34:08,140 MasterTemplateService::? - GetData : MethodStart
INFO  2021-09-06 21:34:08,262 MasterTemplateService::? - GetData : MethodFinish
INFO  2021-09-06 21:34:08,310 MasterTemplateService::? - Get_ProcessExcelColumn : MethodStart
INFO  2021-09-06 21:34:08,425 MasterTemplateService::? - Get_ProcessExcelColumn : MethodFinish
INFO  2021-09-06 21:34:08,465 MasterTemplateService::? - Get_ProcessExcelRow : MethodStart
INFO  2021-09-06 21:34:08,574 MasterTemplateService::? - Get_ProcessExcelRow : MethodFinish
INFO  2021-09-06 21:34:08,612 MasterTemplateService::? - Get_ProcessExcelTemplate : MethodStart
INFO  2021-09-06 21:34:08,731 MasterTemplateService::? - Get_ProcessExcelTemplate : MethodFinish
INFO  2021-09-06 21:38:13,468 MasterTemplateService::? - GetListWithModel : MethodStart
INFO  2021-09-06 21:38:17,198 MasterTemplateService::? - GetListWithModel : MethodFinish
INFO  2021-09-06 21:38:23,382 MasterTemplateService::? - GetData : MethodStart
INFO  2021-09-06 21:38:23,643 MasterTemplateService::? - GetData : MethodFinish
INFO  2021-09-06 21:38:23,760 MasterTemplateService::? - Get_ProcessExcelColumn : MethodStart
INFO  2021-09-06 21:38:23,968 MasterTemplateService::? - Get_ProcessExcelColumn : MethodFinish
INFO  2021-09-06 21:38:24,050 MasterTemplateService::? - Get_ProcessExcelRow : MethodStart
INFO  2021-09-06 21:38:24,188 MasterTemplateService::? - Get_ProcessExcelRow : MethodFinish
INFO  2021-09-06 21:38:24,281 MasterTemplateService::? - Get_ProcessExcelTemplate : MethodStart
INFO  2021-09-06 21:38:24,427 MasterTemplateService::? - Get_ProcessExcelTemplate : MethodFinish
INFO  2021-09-06 21:38:26,823 MasterTemplateService::? - GetListWithModel : MethodStart
INFO  2021-09-06 21:38:26,952 MasterTemplateService::? - GetListWithModel : MethodFinish
INFO  2021-09-06 21:38:29,070 MasterTemplateService::? - GetData : MethodStart
INFO  2021-09-06 21:38:29,188 MasterTemplateService::? - GetData : MethodFinish
INFO  2021-09-06 21:38:29,230 MasterTemplateService::? - Get_ProcessExcelColumn : MethodStart
INFO  2021-09-06 21:38:29,427 MasterTemplateService::? - Get_ProcessExcelColumn : MethodFinish
INFO  2021-09-06 21:38:29,490 MasterTemplateService::? - Get_ProcessExcelRow : MethodStart
INFO  2021-09-06 21:38:29,656 MasterTemplateService::? - Get_ProcessExcelRow : MethodFinish
INFO  2021-09-06 21:38:29,719 MasterTemplateService::? - Get_ProcessExcelTemplate : MethodStart
INFO  2021-09-06 21:38:30,090 MasterTemplateService::? - Get_ProcessExcelTemplate : MethodFinish
INFO  2021-09-06 21:40:26,654 MasterTemplateService::? - GetListWithModel : MethodStart
INFO  2021-09-06 21:40:30,183 MasterTemplateService::? - GetListWithModel : MethodFinish
INFO  2021-09-06 21:40:33,995 MasterTemplateService::? - GetData : MethodStart
INFO  2021-09-06 21:40:34,316 MasterTemplateService::? - GetData : MethodFinish
INFO  2021-09-06 21:40:34,430 MasterTemplateService::? - Get_ProcessExcelColumn : MethodStart
INFO  2021-09-06 21:40:34,711 MasterTemplateService::? - Get_ProcessExcelColumn : MethodFinish
INFO  2021-09-06 21:40:34,806 MasterTemplateService::? - Get_ProcessExcelRow : MethodStart
INFO  2021-09-06 21:40:34,966 MasterTemplateService::? - Get_ProcessExcelRow : MethodFinish
INFO  2021-09-06 21:40:35,073 MasterTemplateService::? - Get_ProcessExcelTemplate : MethodStart
INFO  2021-09-06 21:40:35,368 MasterTemplateService::? - Get_ProcessExcelTemplate : MethodFinish
INFO  2021-09-06 21:40:42,697 MasterTemplateService::? - Get_ProcessExcelColumn : MethodStart
INFO  2021-09-06 21:40:42,822 MasterTemplateService::? - Get_ProcessExcelColumn : MethodFinish
INFO  2021-09-06 21:40:42,873 MasterTemplateService::? - Get_ProcessExcelRow : MethodStart
INFO  2021-09-06 21:40:42,990 MasterTemplateService::? - Get_ProcessExcelRow : MethodFinish
INFO  2021-09-06 21:40:43,034 MasterTemplateService::? - Get_ProcessExcelTemplate : MethodStart
INFO  2021-09-06 21:40:43,277 MasterTemplateService::? - Get_ProcessExcelTemplate : MethodFinish
