INFO  2022-02-04 10:19:47,956 MasterTemplateService::? - GetList_Active_WithModel : MethodStart
INFO  2022-02-04 10:19:51,620 MasterTemplateService::? - GetList_Active_WithModel : MethodFinish
INFO  2022-02-04 10:20:04,096 WHONETColumnService::? - GetList_Active_WithModel : MethodStart
INFO  2022-02-04 10:20:04,304 WHONETColumnService::? - GetList_Active_WithModel : MethodFinish
INFO  2022-02-04 10:25:50,239 WardTypeService::? - GetList_Active_WithModel : MethodStart
INFO  2022-02-04 10:25:50,503 WardTypeService::? - GetList_Active_WithModel : MethodFinish
INFO  2022-02-04 10:26:14,820 MasterTemplateService::? - GetList_Active_WithModel : MethodStart
INFO  2022-02-04 10:26:14,938 MasterTemplateService::? - GetList_Active_WithModel : MethodFinish
INFO  2022-02-04 10:26:16,229 WHONETColumnService::? - GetList_Active_WithModel : MethodStart
INFO  2022-02-04 10:26:16,342 WHONETColumnService::? - GetList_Active_WithModel : MethodFinish
INFO  2022-02-04 10:30:08,342 WardTypeService::? - GetList_Active_WithModel : MethodStart
INFO  2022-02-04 10:30:08,468 WardTypeService::? - GetList_Active_WithModel : MethodFinish
INFO  2022-02-04 10:30:30,459 MasterTemplateService::? - GetList_Active_WithModel : MethodStart
INFO  2022-02-04 10:30:30,567 MasterTemplateService::? - GetList_Active_WithModel : MethodFinish
INFO  2022-02-04 10:30:31,858 WHONETColumnService::? - GetList_Active_WithModel : MethodStart
INFO  2022-02-04 10:30:31,978 WHONETColumnService::? - GetList_Active_WithModel : MethodFinish
INFO  2022-02-04 10:31:20,086 WardTypeService::? - GetList_Active_WithModel : MethodStart
INFO  2022-02-04 10:31:20,217 WardTypeService::? - GetList_Active_WithModel : MethodFinish
INFO  2022-02-04 10:31:40,290 MasterTemplateService::? - GetList_Active_WithModel : MethodStart
INFO  2022-02-04 10:31:40,397 MasterTemplateService::? - GetList_Active_WithModel : MethodFinish
INFO  2022-02-04 10:31:41,709 WHONETColumnService::? - GetList_Active_WithModel : MethodStart
INFO  2022-02-04 10:31:41,827 WHONETColumnService::? - GetList_Active_WithModel : MethodFinish
INFO  2022-02-04 10:31:49,320 MasterTemplateService::? - GetList_Active_WithModel : MethodStart
INFO  2022-02-04 10:31:49,439 MasterTemplateService::? - GetList_Active_WithModel : MethodFinish
INFO  2022-02-04 10:31:50,570 WHONETColumnService::? - GetList_Active_WithModel : MethodStart
INFO  2022-02-04 10:31:50,686 WHONETColumnService::? - GetList_Active_WithModel : MethodFinish
INFO  2022-02-04 10:45:51,093 MasterTemplateService::? - GetList_Active_WithModel : MethodStart
INFO  2022-02-04 10:45:51,412 MasterTemplateService::? - GetList_Active_WithModel : MethodFinish
INFO  2022-02-04 11:31:53,816 MasterHospitalService::? - GetListWithModel : MethodStart
INFO  2022-02-04 11:31:58,067 MasterHospitalService::? - GetListWithModel : MethodFinish
INFO  2022-02-04 11:32:39,774 MasterHospitalService::? - GetListWithModel : MethodStart
INFO  2022-02-04 11:32:39,976 MasterHospitalService::? - GetListWithModel : MethodFinish
INFO  2022-02-04 11:32:59,389 MasterHospitalService::? - SaveData : MethodStart
INFO  2022-02-04 11:33:00,215 MasterHospitalService::? - SaveData : MethodFinish
INFO  2022-02-04 11:33:01,917 MasterHospitalService::? - GetListWithModel : MethodStart
INFO  2022-02-04 11:33:02,043 MasterHospitalService::? - GetListWithModel : MethodFinish
INFO  2022-02-04 11:34:50,871 MasterTemplateService::? - GetList_Active_WithModel : MethodStart
INFO  2022-02-04 11:34:51,095 MasterTemplateService::? - GetList_Active_WithModel : MethodFinish
INFO  2022-02-04 11:55:28,206 MasterTemplateService::? - GetList_Active_WithModel : MethodStart
INFO  2022-02-04 11:55:30,759 MasterTemplateService::? - GetList_Active_WithModel : MethodFinish
INFO  2022-02-04 11:55:41,040 WHONETColumnService::? - GetList_Active_WithModel : MethodStart
INFO  2022-02-04 11:55:41,219 WHONETColumnService::? - GetList_Active_WithModel : MethodFinish
INFO  2022-02-04 11:55:46,905 WardTypeService::? - GetList_Active_WithModel : MethodStart
INFO  2022-02-04 11:55:47,115 WardTypeService::? - GetList_Active_WithModel : MethodFinish
INFO  2022-02-04 11:56:06,575 SpecimenService::? - GetList_Mapping_Active_WithModel : MethodStart
INFO  2022-02-04 11:56:06,742 SpecimenService::? - GetList_Mapping_Active_WithModel : MethodFinish
INFO  2022-02-04 11:56:11,190 MasterTemplateService::? - GetList_Active_WithModel : MethodStart
INFO  2022-02-04 11:56:11,308 MasterTemplateService::? - GetList_Active_WithModel : MethodFinish
INFO  2022-02-04 11:56:12,359 WHONETColumnService::? - GetList_Active_WithModel : MethodStart
INFO  2022-02-04 11:56:12,469 WHONETColumnService::? - GetList_Active_WithModel : MethodFinish
INFO  2022-02-04 11:56:16,659 WardTypeService::? - GetList_Active_WithModel : MethodStart
INFO  2022-02-04 11:56:16,770 WardTypeService::? - GetList_Active_WithModel : MethodFinish
INFO  2022-02-04 12:02:41,761 WardTypeService::? - GetList_Active_WithModel : MethodStart
INFO  2022-02-04 12:02:42,105 WardTypeService::? - GetList_Active_WithModel : MethodFinish
INFO  2022-02-04 13:08:14,196 SpecimenService::? - GetList_Mapping_Active_WithModel : MethodStart
INFO  2022-02-04 13:08:14,514 SpecimenService::? - GetList_Mapping_Active_WithModel : MethodFinish
INFO  2022-02-04 13:08:35,102 MasterTemplateService::? - GetList_Active_WithModel : MethodStart
INFO  2022-02-04 13:08:35,215 MasterTemplateService::? - GetList_Active_WithModel : MethodFinish
INFO  2022-02-04 13:08:36,220 WHONETColumnService::? - GetList_Active_WithModel : MethodStart
INFO  2022-02-04 13:08:36,332 WHONETColumnService::? - GetList_Active_WithModel : MethodFinish
INFO  2022-02-04 13:34:23,324 MasterTemplateService::? - GetList_Active_WithModel : MethodStart
INFO  2022-02-04 13:34:24,664 MasterTemplateService::? - GetList_Active_WithModel : MethodFinish
INFO  2022-02-04 13:34:30,782 WHONETColumnService::? - GetList_Active_WithModel : MethodStart
INFO  2022-02-04 13:34:31,002 WHONETColumnService::? - GetList_Active_WithModel : MethodFinish
INFO  2022-02-04 13:36:02,908 WardTypeService::? - GetList_Active_WithModel : MethodStart
INFO  2022-02-04 13:36:03,073 WardTypeService::? - GetList_Active_WithModel : MethodFinish
INFO  2022-02-04 14:43:34,643 MasterHospitalService::? - GetListWithModel : MethodStart
INFO  2022-02-04 14:43:38,136 MasterHospitalService::? - GetListWithModel : MethodFinish
INFO  2022-02-04 14:43:46,590 MasterHospitalService::? - GetListWithModel : MethodStart
INFO  2022-02-04 14:43:46,755 MasterHospitalService::? - GetListWithModel : MethodFinish
INFO  2022-02-04 14:44:06,397 MasterHospitalService::? - SaveData : MethodStart
INFO  2022-02-04 14:44:06,821 MasterHospitalService::? - SaveData : MethodFinish
INFO  2022-02-04 14:44:07,969 MasterHospitalService::? - GetListWithModel : MethodStart
INFO  2022-02-04 14:44:08,102 MasterHospitalService::? - GetListWithModel : MethodFinish
INFO  2022-02-04 14:45:26,776 MasterTemplateService::? - GetList_Active_WithModel : MethodStart
INFO  2022-02-04 14:45:26,921 MasterTemplateService::? - GetList_Active_WithModel : MethodFinish
INFO  2022-02-04 14:56:12,248 SpecimenService::? - GetList_Active_WithModel : MethodStart
INFO  2022-02-04 14:56:13,612 SpecimenService::? - GetList_Active_WithModel : MethodFinish
INFO  2022-02-04 14:59:43,338 SpecimenService::? - GetList_Active_WithModel : MethodStart
INFO  2022-02-04 14:59:43,469 SpecimenService::? - GetList_Active_WithModel : MethodFinish
INFO  2022-02-04 16:07:25,224 SpecimenService::? - GetList_Active_WithModel : MethodStart
INFO  2022-02-04 16:07:25,578 SpecimenService::? - GetList_Active_WithModel : MethodFinish
