INFO  2021-09-24 10:12:30,617 MasterTemplateService::? - GetListWithModel : MethodStart
INFO  2021-09-24 10:12:33,544 MasterTemplateService::? - GetListWithModel : MethodFinish
INFO  2021-09-24 10:13:12,813 MasterTemplateService::? - GetData : MethodStart
INFO  2021-09-24 10:13:12,947 MasterTemplateService::? - GetData : MethodFinish
INFO  2021-09-24 10:14:36,383 MasterTemplateService::? - GetData : MethodStart
INFO  2021-09-24 10:14:36,505 MasterTemplateService::? - GetData : MethodFinish
INFO  2021-09-24 10:16:57,598 MasterTemplateService::? - GetListWithModel : MethodStart
INFO  2021-09-24 10:16:57,632 MasterTemplateService::? - GetListWithModel : MethodFinish
INFO  2021-09-24 10:20:39,281 MasterTemplateService::? - GetData : MethodStart
INFO  2021-09-24 10:20:39,300 MasterTemplateService::? - GetData : MethodFinish
INFO  2021-09-24 10:26:14,701 MasterTemplateService::? - GetListWithModel : MethodStart
INFO  2021-09-24 10:26:17,390 MasterTemplateService::? - GetListWithModel : MethodFinish
INFO  2021-09-24 10:26:20,941 MasterTemplateService::? - GetData : MethodStart
INFO  2021-09-24 10:26:21,078 MasterTemplateService::? - GetData : MethodFinish
INFO  2021-09-24 12:46:57,081 MasterTemplateService::? - GetListWithModel : MethodStart
INFO  2021-09-24 12:46:57,136 MasterTemplateService::? - GetListWithModel : MethodFinish
INFO  2021-09-24 13:01:20,505 MasterTemplateService::? - GetListWithModel : MethodStart
INFO  2021-09-24 13:01:21,576 MasterTemplateService::? - GetListWithModel : MethodFinish
INFO  2021-09-24 13:01:53,765 MasterTemplateService::? - GetData : MethodStart
INFO  2021-09-24 13:01:53,811 MasterTemplateService::? - GetData : MethodFinish
INFO  2021-09-24 13:02:06,439 MasterTemplateService::? - GetListWithModel : MethodStart
INFO  2021-09-24 13:02:06,475 MasterTemplateService::? - GetListWithModel : MethodFinish
INFO  2021-09-24 13:02:32,394 MasterTemplateService::? - GetListWithModel : MethodStart
INFO  2021-09-24 13:02:32,408 MasterTemplateService::? - GetListWithModel : MethodFinish
INFO  2021-09-24 13:02:33,033 MasterTemplateService::? - GetListWithModel : MethodStart
INFO  2021-09-24 13:02:33,054 MasterTemplateService::? - GetListWithModel : MethodFinish
INFO  2021-09-24 13:02:33,482 MasterTemplateService::? - GetListWithModel : MethodStart
INFO  2021-09-24 13:02:33,504 MasterTemplateService::? - GetListWithModel : MethodFinish
INFO  2021-09-24 13:02:33,797 MasterTemplateService::? - GetListWithModel : MethodStart
INFO  2021-09-24 13:02:33,814 MasterTemplateService::? - GetListWithModel : MethodFinish
INFO  2021-09-24 13:02:34,149 MasterTemplateService::? - GetListWithModel : MethodStart
INFO  2021-09-24 13:02:34,164 MasterTemplateService::? - GetListWithModel : MethodFinish
INFO  2021-09-24 13:04:54,487 MasterTemplateService::? - GetListWithModel : MethodStart
INFO  2021-09-24 13:04:54,493 MasterTemplateService::? - GetListWithModel : MethodFinish
INFO  2021-09-24 13:11:05,849 MasterTemplateService::? - GetListWithModel : MethodStart
INFO  2021-09-24 13:11:05,871 MasterTemplateService::? - GetListWithModel : MethodFinish
INFO  2021-09-24 13:12:00,803 MasterTemplateService::? - GetListWithModel : MethodStart
INFO  2021-09-24 13:12:00,807 MasterTemplateService::? - GetListWithModel : MethodFinish
INFO  2021-09-24 13:19:11,776 MasterTemplateService::? - GetListWithModel : MethodStart
INFO  2021-09-24 13:19:12,838 MasterTemplateService::? - GetListWithModel : MethodFinish
INFO  2021-09-24 13:19:14,683 MasterTemplateService::? - GetData : MethodStart
INFO  2021-09-24 13:19:14,748 MasterTemplateService::? - GetData : MethodFinish
INFO  2021-09-24 13:19:14,812 WardTypeService::? - GetListWithModel : MethodStart
INFO  2021-09-24 13:19:14,874 WardTypeService::? - GetListWithModel : MethodFinish
INFO  2021-09-24 13:19:14,926 SpecimenService::? - GetListWithModel : MethodStart
INFO  2021-09-24 13:19:15,185 SpecimenService::? - GetListWithModel : MethodFinish
INFO  2021-09-24 13:19:15,311 AntibioticService::? - GetListWithModel : MethodStart
INFO  2021-09-24 13:19:15,453 AntibioticService::? - GetListWithModel : MethodFinish
INFO  2021-09-24 13:19:15,643 OrganismService::? - GetListWithModel : MethodStart
INFO  2021-09-24 13:19:15,725 OrganismService::? - GetListWithModel : MethodFinish
INFO  2021-09-24 13:19:15,818 QCRangeService::? - GetListWithModel : MethodStart
INFO  2021-09-24 13:19:16,035 QCRangeService::? - GetListWithModel : MethodFinish
INFO  2021-09-24 13:19:16,238 ExpertRuleService::? - GetListWithModel : MethodStart
INFO  2021-09-24 13:19:16,286 ExpertRuleService::? - GetListWithModel : MethodFinish
INFO  2021-09-24 13:19:16,372 WHONETColumnService::? - GetListWithModel : MethodStart
INFO  2021-09-24 13:19:16,401 WHONETColumnService::? - GetListWithModel : MethodFinish
INFO  2021-09-24 13:19:32,066 MasterTemplateService::? - GetListWithModel : MethodStart
INFO  2021-09-24 13:19:32,074 MasterTemplateService::? - GetListWithModel : MethodFinish
INFO  2021-09-24 13:19:44,034 WHONETColumnService::? - GetListWithModel : MethodStart
INFO  2021-09-24 13:19:44,042 WHONETColumnService::? - GetListWithModel : MethodFinish
INFO  2021-09-24 13:19:45,227 MasterTemplateService::? - GetListWithModel : MethodStart
INFO  2021-09-24 13:19:45,243 MasterTemplateService::? - GetListWithModel : MethodFinish
INFO  2021-09-24 13:19:48,813 MasterTemplateService::? - GetData : MethodStart
INFO  2021-09-24 13:19:48,823 MasterTemplateService::? - GetData : MethodFinish
INFO  2021-09-24 13:20:17,064 SpecimenService::? - GetList_Mapping_Active_WithModel : MethodStart
INFO  2021-09-24 13:20:17,095 SpecimenService::? - GetList_Mapping_Active_WithModel : MethodFinish
INFO  2021-09-24 13:20:22,733 MasterTemplateService::? - GetList_Active_WithModel : MethodStart
INFO  2021-09-24 13:20:22,748 MasterTemplateService::? - GetList_Active_WithModel : MethodFinish
INFO  2021-09-24 13:20:46,416 MasterTemplateService::? - GetListWithModel : MethodStart
INFO  2021-09-24 13:20:46,422 MasterTemplateService::? - GetListWithModel : MethodFinish
INFO  2021-09-24 14:35:42,593 MasterTemplateService::? - GetListWithModel : MethodStart
INFO  2021-09-24 14:35:43,539 MasterTemplateService::? - GetListWithModel : MethodFinish
INFO  2021-09-24 14:36:54,457 MasterTemplateService::? - SaveData : MethodStart
INFO  2021-09-24 14:36:54,630 MasterTemplateService::? - SaveData : MethodFinish
INFO  2021-09-24 14:51:16,728 MasterTemplateService::? - GetListWithModel : MethodStart
INFO  2021-09-24 14:51:19,243 MasterTemplateService::? - GetListWithModel : MethodFinish
INFO  2021-09-24 14:56:04,597 MasterTemplateService::? - GetListWithModel : MethodStart
INFO  2021-09-24 14:56:06,441 MasterTemplateService::? - GetListWithModel : MethodFinish
INFO  2021-09-24 14:58:50,305 MasterTemplateService::? - GetListWithModel : MethodStart
INFO  2021-09-24 14:58:51,732 MasterTemplateService::? - GetListWithModel : MethodFinish
INFO  2021-09-24 15:02:07,422 MasterTemplateService::? - SaveData : MethodStart
INFO  2021-09-24 15:02:07,564 MasterTemplateService::? - SaveData : MethodFinish
INFO  2021-09-24 15:05:33,291 MasterTemplateService::? - GetListWithModel : MethodStart
INFO  2021-09-24 15:05:34,310 MasterTemplateService::? - GetListWithModel : MethodFinish
INFO  2021-09-24 15:06:33,303 MasterTemplateService::? - SaveData : MethodStart
INFO  2021-09-24 15:06:33,448 MasterTemplateService::? - SaveData : MethodFinish
INFO  2021-09-24 15:06:54,323 MasterTemplateService::? - GetListWithModel : MethodStart
INFO  2021-09-24 15:06:54,367 MasterTemplateService::? - GetListWithModel : MethodFinish
INFO  2021-09-24 15:07:02,085 MasterTemplateService::? - GetData : MethodStart
INFO  2021-09-24 15:07:02,121 MasterTemplateService::? - GetData : MethodFinish
INFO  2021-09-24 15:07:02,179 MasterTemplateService::? - Get_ProcessExcelColumn : MethodStart
INFO  2021-09-24 15:07:02,336 MasterTemplateService::? - Get_ProcessExcelColumn : MethodFinish
INFO  2021-09-24 15:07:02,384 MasterTemplateService::? - Get_ProcessExcelRow : MethodStart
INFO  2021-09-24 15:07:02,438 MasterTemplateService::? - Get_ProcessExcelRow : MethodFinish
INFO  2021-09-24 15:07:02,486 MasterTemplateService::? - Get_ProcessExcelTemplate : MethodStart
INFO  2021-09-24 15:07:02,539 MasterTemplateService::? - Get_ProcessExcelTemplate : MethodFinish
INFO  2021-09-24 15:07:07,013 MasterTemplateService::? - GetListWithModel : MethodStart
INFO  2021-09-24 15:07:07,021 MasterTemplateService::? - GetListWithModel : MethodFinish
INFO  2021-09-24 15:07:20,476 MasterTemplateService::? - GetData : MethodStart
INFO  2021-09-24 15:07:20,483 MasterTemplateService::? - GetData : MethodFinish
INFO  2021-09-24 15:19:03,087 MasterTemplateService::? - GetListWithModel : MethodStart
INFO  2021-09-24 15:19:04,304 MasterTemplateService::? - GetListWithModel : MethodFinish
INFO  2021-09-24 15:19:08,164 MasterTemplateService::? - GetListWithModel : MethodStart
INFO  2021-09-24 15:19:08,189 MasterTemplateService::? - GetListWithModel : MethodFinish
INFO  2021-09-24 15:19:15,120 MasterTemplateService::? - GetData : MethodStart
INFO  2021-09-24 15:19:15,225 MasterTemplateService::? - GetData : MethodFinish
INFO  2021-09-24 15:19:15,330 MasterTemplateService::? - Get_ProcessExcelColumn : MethodStart
INFO  2021-09-24 15:19:15,574 MasterTemplateService::? - Get_ProcessExcelColumn : MethodFinish
INFO  2021-09-24 15:19:15,647 MasterTemplateService::? - Get_ProcessExcelRow : MethodStart
INFO  2021-09-24 15:19:15,755 MasterTemplateService::? - Get_ProcessExcelRow : MethodFinish
INFO  2021-09-24 15:19:15,848 MasterTemplateService::? - Get_ProcessExcelTemplate : MethodStart
INFO  2021-09-24 15:19:15,927 MasterTemplateService::? - Get_ProcessExcelTemplate : MethodFinish
INFO  2021-09-24 15:19:26,436 MasterTemplateService::? - GetListWithModel : MethodStart
INFO  2021-09-24 15:19:26,446 MasterTemplateService::? - GetListWithModel : MethodFinish
INFO  2021-09-24 15:19:44,290 MasterTemplateService::? - GetData : MethodStart
INFO  2021-09-24 15:19:44,297 MasterTemplateService::? - GetData : MethodFinish
INFO  2021-09-24 15:19:44,343 MasterTemplateService::? - Get_ProcessExcelColumn : MethodStart
INFO  2021-09-24 15:19:44,393 MasterTemplateService::? - Get_ProcessExcelColumn : MethodFinish
INFO  2021-09-24 15:19:44,428 MasterTemplateService::? - Get_ProcessExcelRow : MethodStart
INFO  2021-09-24 15:19:44,476 MasterTemplateService::? - Get_ProcessExcelRow : MethodFinish
INFO  2021-09-24 15:19:44,510 MasterTemplateService::? - Get_ProcessExcelTemplate : MethodStart
INFO  2021-09-24 15:19:44,562 MasterTemplateService::? - Get_ProcessExcelTemplate : MethodFinish
INFO  2021-09-24 15:21:38,107 MasterTemplateService::? - GetListWithModel : MethodStart
INFO  2021-09-24 15:21:39,285 MasterTemplateService::? - GetListWithModel : MethodFinish
INFO  2021-09-24 15:21:40,865 MasterTemplateService::? - GetData : MethodStart
INFO  2021-09-24 15:21:40,921 MasterTemplateService::? - GetData : MethodFinish
INFO  2021-09-24 15:21:40,977 MasterTemplateService::? - Get_ProcessExcelColumn : MethodStart
INFO  2021-09-24 15:21:41,161 MasterTemplateService::? - Get_ProcessExcelColumn : MethodFinish
INFO  2021-09-24 15:21:41,216 MasterTemplateService::? - Get_ProcessExcelRow : MethodStart
INFO  2021-09-24 15:21:41,275 MasterTemplateService::? - Get_ProcessExcelRow : MethodFinish
INFO  2021-09-24 15:21:41,334 MasterTemplateService::? - Get_ProcessExcelTemplate : MethodStart
INFO  2021-09-24 15:21:41,397 MasterTemplateService::? - Get_ProcessExcelTemplate : MethodFinish
INFO  2021-09-24 15:21:50,898 MasterTemplateService::? - GetListWithModel : MethodStart
INFO  2021-09-24 15:21:50,903 MasterTemplateService::? - GetListWithModel : MethodFinish
INFO  2021-09-24 15:21:52,683 MasterTemplateService::? - GetData : MethodStart
INFO  2021-09-24 15:21:52,700 MasterTemplateService::? - GetData : MethodFinish
INFO  2021-09-24 15:21:56,345 MasterTemplateService::? - GetListWithModel : MethodStart
INFO  2021-09-24 15:21:56,353 MasterTemplateService::? - GetListWithModel : MethodFinish
INFO  2021-09-24 15:21:57,870 MasterTemplateService::? - GetData : MethodStart
INFO  2021-09-24 15:21:57,883 MasterTemplateService::? - GetData : MethodFinish
INFO  2021-09-24 15:21:57,919 MasterTemplateService::? - Get_ProcessExcelColumn : MethodStart
INFO  2021-09-24 15:21:57,971 MasterTemplateService::? - Get_ProcessExcelColumn : MethodFinish
INFO  2021-09-24 15:21:58,007 MasterTemplateService::? - Get_ProcessExcelRow : MethodStart
INFO  2021-09-24 15:21:58,057 MasterTemplateService::? - Get_ProcessExcelRow : MethodFinish
INFO  2021-09-24 15:21:58,090 MasterTemplateService::? - Get_ProcessExcelTemplate : MethodStart
INFO  2021-09-24 15:21:58,137 MasterTemplateService::? - Get_ProcessExcelTemplate : MethodFinish
INFO  2021-09-24 15:25:03,381 MasterTemplateService::? - GetListWithModel : MethodStart
INFO  2021-09-24 15:25:05,190 MasterTemplateService::? - GetListWithModel : MethodFinish
INFO  2021-09-24 15:25:07,335 MasterTemplateService::? - GetData : MethodStart
INFO  2021-09-24 15:25:07,431 MasterTemplateService::? - GetData : MethodFinish
INFO  2021-09-24 15:25:07,525 MasterTemplateService::? - Get_ProcessExcelColumn : MethodStart
INFO  2021-09-24 15:25:07,863 MasterTemplateService::? - Get_ProcessExcelColumn : MethodFinish
INFO  2021-09-24 15:25:07,945 MasterTemplateService::? - Get_ProcessExcelRow : MethodStart
INFO  2021-09-24 15:25:08,037 MasterTemplateService::? - Get_ProcessExcelRow : MethodFinish
INFO  2021-09-24 15:25:08,127 MasterTemplateService::? - Get_ProcessExcelTemplate : MethodStart
INFO  2021-09-24 15:25:08,236 MasterTemplateService::? - Get_ProcessExcelTemplate : MethodFinish
INFO  2021-09-24 15:25:15,930 MasterTemplateService::? - GetListWithModel : MethodStart
INFO  2021-09-24 15:25:15,935 MasterTemplateService::? - GetListWithModel : MethodFinish
INFO  2021-09-24 15:25:17,311 MasterTemplateService::? - GetData : MethodStart
INFO  2021-09-24 15:25:17,328 MasterTemplateService::? - GetData : MethodFinish
INFO  2021-09-24 15:25:47,994 MasterTemplateService::? - GetListWithModel : MethodStart
INFO  2021-09-24 15:25:48,002 MasterTemplateService::? - GetListWithModel : MethodFinish
INFO  2021-09-24 15:25:50,342 MasterTemplateService::? - GetData : MethodStart
INFO  2021-09-24 15:25:50,352 MasterTemplateService::? - GetData : MethodFinish
INFO  2021-09-24 15:26:01,529 MasterTemplateService::? - SaveData : MethodStart
INFO  2021-09-24 15:26:01,673 MasterTemplateService::? - SaveData : MethodFinish
INFO  2021-09-24 15:26:14,915 MasterTemplateService::? - SaveData : MethodStart
INFO  2021-09-24 15:26:49,084 MasterTemplateService::? - SaveData : MethodFinish
INFO  2021-09-24 15:26:52,152 MasterTemplateService::? - GetData : MethodStart
INFO  2021-09-24 15:26:52,158 MasterTemplateService::? - GetData : MethodFinish
INFO  2021-09-24 15:26:57,220 MasterTemplateService::? - SaveData : MethodStart
INFO  2021-09-24 15:26:57,242 MasterTemplateService::? - SaveData : MethodFinish
INFO  2021-09-24 15:32:48,743 MasterTemplateService::? - GetListWithModel : MethodStart
INFO  2021-09-24 15:32:49,706 MasterTemplateService::? - GetListWithModel : MethodFinish
INFO  2021-09-24 15:32:57,822 MasterTemplateService::? - GetData : MethodStart
INFO  2021-09-24 15:32:57,883 MasterTemplateService::? - GetData : MethodFinish
INFO  2021-09-24 15:33:03,885 MasterTemplateService::? - SaveData : MethodStart
INFO  2021-09-24 15:33:04,075 MasterTemplateService::? - SaveData : MethodFinish
INFO  2021-09-24 15:33:04,995 MasterTemplateService::? - GetData : MethodStart
INFO  2021-09-24 15:33:05,018 MasterTemplateService::? - GetData : MethodFinish
INFO  2021-09-24 15:33:07,976 MasterTemplateService::? - SaveData : MethodStart
INFO  2021-09-24 15:33:07,989 MasterTemplateService::? - SaveData : MethodFinish
INFO  2021-09-24 15:33:08,965 MasterTemplateService::? - GetData : MethodStart
INFO  2021-09-24 15:33:08,986 MasterTemplateService::? - GetData : MethodFinish
INFO  2021-09-24 15:33:11,940 MasterTemplateService::? - GetData : MethodStart
INFO  2021-09-24 15:33:11,948 MasterTemplateService::? - GetData : MethodFinish
INFO  2021-09-24 15:33:16,657 MasterTemplateService::? - GetListWithModel : MethodStart
INFO  2021-09-24 15:33:16,663 MasterTemplateService::? - GetListWithModel : MethodFinish
INFO  2021-09-24 15:33:20,116 MasterTemplateService::? - GetData : MethodStart
INFO  2021-09-24 15:33:20,121 MasterTemplateService::? - GetData : MethodFinish
INFO  2021-09-24 15:35:13,086 MasterTemplateService::? - GetListWithModel : MethodStart
INFO  2021-09-24 15:35:13,095 MasterTemplateService::? - GetListWithModel : MethodFinish
INFO  2021-09-24 15:35:15,835 MasterTemplateService::? - GetData : MethodStart
INFO  2021-09-24 15:35:15,840 MasterTemplateService::? - GetData : MethodFinish
INFO  2021-09-24 15:35:18,497 MasterTemplateService::? - GetListWithModel : MethodStart
INFO  2021-09-24 15:35:18,502 MasterTemplateService::? - GetListWithModel : MethodFinish
INFO  2021-09-24 15:35:20,909 MasterTemplateService::? - GetData : MethodStart
INFO  2021-09-24 15:35:20,915 MasterTemplateService::? - GetData : MethodFinish
INFO  2021-09-24 15:35:20,980 MasterTemplateService::? - Get_ProcessExcelColumn : MethodStart
INFO  2021-09-24 15:35:21,154 MasterTemplateService::? - Get_ProcessExcelColumn : MethodFinish
INFO  2021-09-24 15:35:21,213 MasterTemplateService::? - Get_ProcessExcelRow : MethodStart
INFO  2021-09-24 15:35:21,271 MasterTemplateService::? - Get_ProcessExcelRow : MethodFinish
INFO  2021-09-24 15:35:21,323 MasterTemplateService::? - Get_ProcessExcelTemplate : MethodStart
INFO  2021-09-24 15:35:21,384 MasterTemplateService::? - Get_ProcessExcelTemplate : MethodFinish
INFO  2021-09-24 15:35:43,182 MasterTemplateService::? - Get_ProcessExcelColumn : MethodStart
INFO  2021-09-24 15:35:43,233 MasterTemplateService::? - Get_ProcessExcelColumn : MethodFinish
INFO  2021-09-24 15:35:43,289 MasterTemplateService::? - Get_ProcessExcelRow : MethodStart
INFO  2021-09-24 15:35:43,343 MasterTemplateService::? - Get_ProcessExcelRow : MethodFinish
INFO  2021-09-24 15:35:43,393 MasterTemplateService::? - Get_ProcessExcelTemplate : MethodStart
INFO  2021-09-24 15:35:43,439 MasterTemplateService::? - Get_ProcessExcelTemplate : MethodFinish
INFO  2021-09-24 15:35:44,776 MasterTemplateService::? - GetListWithModel : MethodStart
INFO  2021-09-24 15:35:44,797 MasterTemplateService::? - GetListWithModel : MethodFinish
INFO  2021-09-24 15:35:47,337 MasterTemplateService::? - GetData : MethodStart
INFO  2021-09-24 15:35:47,343 MasterTemplateService::? - GetData : MethodFinish
INFO  2021-09-24 15:35:47,384 MasterTemplateService::? - Get_ProcessExcelColumn : MethodStart
INFO  2021-09-24 15:35:47,446 MasterTemplateService::? - Get_ProcessExcelColumn : MethodFinish
INFO  2021-09-24 15:35:47,488 MasterTemplateService::? - Get_ProcessExcelRow : MethodStart
INFO  2021-09-24 15:35:47,549 MasterTemplateService::? - Get_ProcessExcelRow : MethodFinish
INFO  2021-09-24 15:35:47,593 MasterTemplateService::? - Get_ProcessExcelTemplate : MethodStart
INFO  2021-09-24 15:35:47,657 MasterTemplateService::? - Get_ProcessExcelTemplate : MethodFinish
INFO  2021-09-24 15:35:49,394 MasterTemplateService::? - GetListWithModel : MethodStart
INFO  2021-09-24 15:35:49,409 MasterTemplateService::? - GetListWithModel : MethodFinish
INFO  2021-09-24 15:35:54,177 MasterTemplateService::? - GetData : MethodStart
INFO  2021-09-24 15:35:54,180 MasterTemplateService::? - GetData : MethodFinish
INFO  2021-09-24 15:35:54,217 MasterTemplateService::? - Get_ProcessExcelColumn : MethodStart
INFO  2021-09-24 15:35:54,268 MasterTemplateService::? - Get_ProcessExcelColumn : MethodFinish
INFO  2021-09-24 15:35:54,303 MasterTemplateService::? - Get_ProcessExcelRow : MethodStart
INFO  2021-09-24 15:35:54,350 MasterTemplateService::? - Get_ProcessExcelRow : MethodFinish
INFO  2021-09-24 15:35:54,384 MasterTemplateService::? - Get_ProcessExcelTemplate : MethodStart
INFO  2021-09-24 15:35:54,435 MasterTemplateService::? - Get_ProcessExcelTemplate : MethodFinish
INFO  2021-09-24 15:36:16,960 MasterTemplateService::? - GetListWithModel : MethodStart
INFO  2021-09-24 15:36:16,964 MasterTemplateService::? - GetListWithModel : MethodFinish
INFO  2021-09-24 15:36:22,723 MasterTemplateService::? - GetData : MethodStart
INFO  2021-09-24 15:36:22,727 MasterTemplateService::? - GetData : MethodFinish
INFO  2021-09-24 15:36:25,897 MasterTemplateService::? - GetListWithModel : MethodStart
INFO  2021-09-24 15:36:25,900 MasterTemplateService::? - GetListWithModel : MethodFinish
INFO  2021-09-24 15:36:29,694 MasterTemplateService::? - GetData : MethodStart
INFO  2021-09-24 15:36:29,700 MasterTemplateService::? - GetData : MethodFinish
INFO  2021-09-24 15:36:29,761 MasterTemplateService::? - Get_ProcessExcelColumn : MethodStart
INFO  2021-09-24 15:36:29,839 MasterTemplateService::? - Get_ProcessExcelColumn : MethodFinish
INFO  2021-09-24 15:36:29,890 MasterTemplateService::? - Get_ProcessExcelRow : MethodStart
INFO  2021-09-24 15:36:29,975 MasterTemplateService::? - Get_ProcessExcelRow : MethodFinish
INFO  2021-09-24 15:36:30,026 MasterTemplateService::? - Get_ProcessExcelTemplate : MethodStart
INFO  2021-09-24 15:36:30,105 MasterTemplateService::? - Get_ProcessExcelTemplate : MethodFinish
INFO  2021-09-24 15:36:41,837 MasterTemplateService::? - GetListWithModel : MethodStart
INFO  2021-09-24 15:36:41,840 MasterTemplateService::? - GetListWithModel : MethodFinish
INFO  2021-09-24 15:36:44,331 MasterTemplateService::? - GetData : MethodStart
INFO  2021-09-24 15:36:44,333 MasterTemplateService::? - GetData : MethodFinish
INFO  2021-09-24 16:37:53,507 MasterTemplateService::? - GetListWithModel : MethodStart
INFO  2021-09-24 16:37:54,436 MasterTemplateService::? - GetListWithModel : MethodFinish
INFO  2021-09-24 16:40:29,135 MasterTemplateService::? - GetListWithModel : MethodStart
INFO  2021-09-24 16:40:29,162 MasterTemplateService::? - GetListWithModel : MethodFinish
INFO  2021-09-24 16:40:30,853 MasterTemplateService::? - GetListWithModel : MethodStart
INFO  2021-09-24 16:40:30,904 MasterTemplateService::? - GetListWithModel : MethodFinish
INFO  2021-09-24 16:40:31,435 MasterTemplateService::? - GetListWithModel : MethodStart
INFO  2021-09-24 16:40:31,460 MasterTemplateService::? - GetListWithModel : MethodFinish
INFO  2021-09-24 16:40:50,011 MasterTemplateService::? - GetData : MethodStart
INFO  2021-09-24 16:40:50,053 MasterTemplateService::? - GetData : MethodFinish
INFO  2021-09-24 16:41:05,192 MasterTemplateService::? - GetListWithModel : MethodStart
INFO  2021-09-24 16:41:05,200 MasterTemplateService::? - GetListWithModel : MethodFinish
INFO  2021-09-24 16:41:06,240 MasterTemplateService::? - GetData : MethodStart
INFO  2021-09-24 16:41:06,255 MasterTemplateService::? - GetData : MethodFinish
INFO  2021-09-24 16:41:06,315 MasterTemplateService::? - Get_ProcessExcelColumn : MethodStart
INFO  2021-09-24 16:41:06,467 MasterTemplateService::? - Get_ProcessExcelColumn : MethodFinish
INFO  2021-09-24 16:41:06,515 MasterTemplateService::? - Get_ProcessExcelRow : MethodStart
INFO  2021-09-24 16:41:06,569 MasterTemplateService::? - Get_ProcessExcelRow : MethodFinish
INFO  2021-09-24 16:41:06,619 MasterTemplateService::? - Get_ProcessExcelTemplate : MethodStart
INFO  2021-09-24 16:41:06,672 MasterTemplateService::? - Get_ProcessExcelTemplate : MethodFinish
INFO  2021-09-24 16:41:29,421 MasterTemplateService::? - Get_ProcessExcelColumn : MethodStart
INFO  2021-09-24 16:41:29,463 MasterTemplateService::? - Get_ProcessExcelColumn : MethodFinish
INFO  2021-09-24 16:41:29,508 MasterTemplateService::? - Get_ProcessExcelRow : MethodStart
INFO  2021-09-24 16:41:29,557 MasterTemplateService::? - Get_ProcessExcelRow : MethodFinish
INFO  2021-09-24 16:41:29,598 MasterTemplateService::? - Get_ProcessExcelTemplate : MethodStart
INFO  2021-09-24 16:41:29,652 MasterTemplateService::? - Get_ProcessExcelTemplate : MethodFinish
INFO  2021-09-24 16:41:30,579 MasterTemplateService::? - GetListWithModel : MethodStart
INFO  2021-09-24 16:41:30,592 MasterTemplateService::? - GetListWithModel : MethodFinish
INFO  2021-09-24 16:41:32,105 MasterTemplateService::? - GetListWithModel : MethodStart
INFO  2021-09-24 16:41:32,121 MasterTemplateService::? - GetListWithModel : MethodFinish
INFO  2021-09-24 16:41:53,287 MasterTemplateService::? - GetData : MethodStart
INFO  2021-09-24 16:41:53,293 MasterTemplateService::? - GetData : MethodFinish
INFO  2021-09-24 16:41:53,344 MasterTemplateService::? - Get_ProcessExcelColumn : MethodStart
INFO  2021-09-24 16:41:53,393 MasterTemplateService::? - Get_ProcessExcelColumn : MethodFinish
INFO  2021-09-24 16:41:53,429 MasterTemplateService::? - Get_ProcessExcelRow : MethodStart
INFO  2021-09-24 16:41:53,477 MasterTemplateService::? - Get_ProcessExcelRow : MethodFinish
INFO  2021-09-24 16:41:53,512 MasterTemplateService::? - Get_ProcessExcelTemplate : MethodStart
INFO  2021-09-24 16:41:53,559 MasterTemplateService::? - Get_ProcessExcelTemplate : MethodFinish
INFO  2021-09-24 17:27:36,162 MasterTemplateService::? - GetListWithModel : MethodStart
INFO  2021-09-24 17:27:37,236 MasterTemplateService::? - GetListWithModel : MethodFinish
INFO  2021-09-24 17:28:52,713 MasterTemplateService::? - GetData : MethodStart
INFO  2021-09-24 17:28:52,771 MasterTemplateService::? - GetData : MethodFinish
INFO  2021-09-24 17:28:55,456 MasterTemplateService::? - GetListWithModel : MethodStart
INFO  2021-09-24 17:28:55,499 MasterTemplateService::? - GetListWithModel : MethodFinish
INFO  2021-09-24 17:28:56,494 MasterTemplateService::? - GetData : MethodStart
INFO  2021-09-24 17:28:56,509 MasterTemplateService::? - GetData : MethodFinish
INFO  2021-09-24 17:28:56,567 MasterTemplateService::? - Get_ProcessExcelColumn : MethodStart
INFO  2021-09-24 17:28:56,757 MasterTemplateService::? - Get_ProcessExcelColumn : MethodFinish
INFO  2021-09-24 17:28:56,803 MasterTemplateService::? - Get_ProcessExcelRow : MethodStart
INFO  2021-09-24 17:28:56,859 MasterTemplateService::? - Get_ProcessExcelRow : MethodFinish
INFO  2021-09-24 17:28:56,911 MasterTemplateService::? - Get_ProcessExcelTemplate : MethodStart
INFO  2021-09-24 17:28:56,968 MasterTemplateService::? - Get_ProcessExcelTemplate : MethodFinish
INFO  2021-09-24 17:29:35,247 MasterTemplateService::? - Get_ProcessExcelColumn : MethodStart
INFO  2021-09-24 17:29:35,293 MasterTemplateService::? - Get_ProcessExcelColumn : MethodFinish
INFO  2021-09-24 17:29:35,351 MasterTemplateService::? - Get_ProcessExcelRow : MethodStart
INFO  2021-09-24 17:29:35,399 MasterTemplateService::? - Get_ProcessExcelRow : MethodFinish
INFO  2021-09-24 17:29:35,442 MasterTemplateService::? - Get_ProcessExcelTemplate : MethodStart
INFO  2021-09-24 17:29:35,490 MasterTemplateService::? - Get_ProcessExcelTemplate : MethodFinish
INFO  2021-09-24 17:29:55,809 MasterTemplateService::? - GetListWithModel : MethodStart
INFO  2021-09-24 17:29:55,818 MasterTemplateService::? - GetListWithModel : MethodFinish
INFO  2021-09-24 17:29:59,603 MasterTemplateService::? - GetData : MethodStart
INFO  2021-09-24 17:29:59,611 MasterTemplateService::? - GetData : MethodFinish
INFO  2021-09-24 17:30:06,403 MasterTemplateService::? - GetListWithModel : MethodStart
INFO  2021-09-24 17:30:06,410 MasterTemplateService::? - GetListWithModel : MethodFinish
INFO  2021-09-24 17:32:13,999 SpecimenService::? - GetList_Active_WithModel : MethodStart
INFO  2021-09-24 17:32:14,914 SpecimenService::? - GetList_Active_WithModel : MethodFinish
INFO  2021-09-24 17:32:32,581 SpecimenService::? - GetList_Active_WithModel : MethodStart
INFO  2021-09-24 17:32:32,602 SpecimenService::? - GetList_Active_WithModel : MethodFinish
INFO  2021-09-24 17:32:50,101 SpecimenService::? - GetList_Active_WithModel : MethodStart
INFO  2021-09-24 17:32:50,138 SpecimenService::? - GetList_Active_WithModel : MethodFinish
INFO  2021-09-24 17:33:49,048 SpecimenService::? - GetList_Mapping_Active_WithModel : MethodStart
INFO  2021-09-24 17:33:49,066 SpecimenService::? - GetList_Mapping_Active_WithModel : MethodFinish
INFO  2021-09-24 17:36:09,010 MasterTemplateService::? - GetList_Active_WithModel : MethodStart
INFO  2021-09-24 17:36:09,035 MasterTemplateService::? - GetList_Active_WithModel : MethodFinish
INFO  2021-09-24 17:36:15,575 MasterTemplateService::? - GetListWithModel : MethodStart
INFO  2021-09-24 17:36:15,592 MasterTemplateService::? - GetListWithModel : MethodFinish
INFO  2021-09-24 17:36:17,905 MasterTemplateService::? - GetData : MethodStart
INFO  2021-09-24 17:36:17,949 MasterTemplateService::? - GetData : MethodFinish
INFO  2021-09-24 17:36:28,328 MasterTemplateService::? - GetListWithModel : MethodStart
INFO  2021-09-24 17:36:28,335 MasterTemplateService::? - GetListWithModel : MethodFinish
INFO  2021-09-24 17:36:33,179 MasterTemplateService::? - GetListWithModel : MethodStart
INFO  2021-09-24 17:36:33,183 MasterTemplateService::? - GetListWithModel : MethodFinish
INFO  2021-09-24 17:36:35,052 MasterTemplateService::? - GetData : MethodStart
INFO  2021-09-24 17:36:35,066 MasterTemplateService::? - GetData : MethodFinish
INFO  2021-09-24 17:36:48,299 MasterTemplateService::? - GetListWithModel : MethodStart
INFO  2021-09-24 17:36:48,303 MasterTemplateService::? - GetListWithModel : MethodFinish
INFO  2021-09-24 17:36:51,542 MasterTemplateService::? - GetData : MethodStart
INFO  2021-09-24 17:36:51,547 MasterTemplateService::? - GetData : MethodFinish
INFO  2021-09-24 17:36:56,477 MasterTemplateService::? - GetListWithModel : MethodStart
INFO  2021-09-24 17:36:56,481 MasterTemplateService::? - GetListWithModel : MethodFinish
INFO  2021-09-24 17:41:07,565 MasterTemplateService::? - GetListWithModel : MethodStart
INFO  2021-09-24 17:41:08,468 MasterTemplateService::? - GetListWithModel : MethodFinish
INFO  2021-09-24 17:41:09,925 MasterTemplateService::? - GetData : MethodStart
INFO  2021-09-24 17:41:09,999 MasterTemplateService::? - GetData : MethodFinish
INFO  2021-09-24 17:41:18,804 MasterTemplateService::? - GetListWithModel : MethodStart
INFO  2021-09-24 17:41:18,846 MasterTemplateService::? - GetListWithModel : MethodFinish
INFO  2021-09-24 17:41:23,378 MasterTemplateService::? - GetListWithModel : MethodStart
INFO  2021-09-24 17:41:23,386 MasterTemplateService::? - GetListWithModel : MethodFinish
INFO  2021-09-24 17:41:29,490 MasterTemplateService::? - GetListWithModel : MethodStart
INFO  2021-09-24 17:41:29,494 MasterTemplateService::? - GetListWithModel : MethodFinish
INFO  2021-09-24 17:41:30,772 MasterTemplateService::? - GetData : MethodStart
INFO  2021-09-24 17:41:30,786 MasterTemplateService::? - GetData : MethodFinish
INFO  2021-09-24 17:43:41,395 MasterTemplateService::? - GetListWithModel : MethodStart
INFO  2021-09-24 17:43:42,289 MasterTemplateService::? - GetListWithModel : MethodFinish
INFO  2021-09-24 17:43:46,202 MasterTemplateService::? - GetData : MethodStart
INFO  2021-09-24 17:43:46,256 MasterTemplateService::? - GetData : MethodFinish
INFO  2021-09-24 17:43:58,374 MasterTemplateService::? - GetListWithModel : MethodStart
INFO  2021-09-24 17:43:58,408 MasterTemplateService::? - GetListWithModel : MethodFinish
INFO  2021-09-24 17:44:07,807 MasterTemplateService::? - GetListWithModel : MethodStart
INFO  2021-09-24 17:44:07,818 MasterTemplateService::? - GetListWithModel : MethodFinish
INFO  2021-09-24 17:44:38,627 MasterTemplateService::? - GetListWithModel : MethodStart
INFO  2021-09-24 17:44:38,631 MasterTemplateService::? - GetListWithModel : MethodFinish
INFO  2021-09-24 17:44:48,385 MasterTemplateService::? - GetListWithModel : MethodStart
INFO  2021-09-24 17:44:48,390 MasterTemplateService::? - GetListWithModel : MethodFinish
INFO  2021-09-24 17:44:58,881 MasterTemplateService::? - GetData : MethodStart
INFO  2021-09-24 17:44:58,890 MasterTemplateService::? - GetData : MethodFinish
INFO  2021-09-24 17:44:58,949 MasterTemplateService::? - Get_ProcessExcelColumn : MethodStart
INFO  2021-09-24 17:44:59,094 MasterTemplateService::? - Get_ProcessExcelColumn : MethodFinish
INFO  2021-09-24 17:44:59,147 MasterTemplateService::? - Get_ProcessExcelRow : MethodStart
INFO  2021-09-24 17:44:59,202 MasterTemplateService::? - Get_ProcessExcelRow : MethodFinish
INFO  2021-09-24 17:44:59,254 MasterTemplateService::? - Get_ProcessExcelTemplate : MethodStart
INFO  2021-09-24 17:44:59,309 MasterTemplateService::? - Get_ProcessExcelTemplate : MethodFinish
INFO  2021-09-24 17:45:02,103 MasterTemplateService::? - GetListWithModel : MethodStart
INFO  2021-09-24 17:45:02,109 MasterTemplateService::? - GetListWithModel : MethodFinish
INFO  2021-09-24 17:48:56,469 MasterTemplateService::? - GetListWithModel : MethodStart
INFO  2021-09-24 17:48:57,375 MasterTemplateService::? - GetListWithModel : MethodFinish
INFO  2021-09-24 17:48:59,333 MasterTemplateService::? - GetData : MethodStart
INFO  2021-09-24 17:48:59,415 MasterTemplateService::? - GetData : MethodFinish
INFO  2021-09-24 17:53:15,663 MasterTemplateService::? - GetListWithModel : MethodStart
INFO  2021-09-24 17:53:16,623 MasterTemplateService::? - GetListWithModel : MethodFinish
INFO  2021-09-24 17:53:18,631 MasterTemplateService::? - GetData : MethodStart
INFO  2021-09-24 17:53:18,700 MasterTemplateService::? - GetData : MethodFinish
INFO  2021-09-24 17:56:05,579 MasterTemplateService::? - GetListWithModel : MethodStart
INFO  2021-09-24 17:56:06,550 MasterTemplateService::? - GetListWithModel : MethodFinish
INFO  2021-09-24 17:56:09,065 MasterTemplateService::? - GetData : MethodStart
INFO  2021-09-24 17:56:09,125 MasterTemplateService::? - GetData : MethodFinish
INFO  2021-09-24 17:56:21,369 MasterTemplateService::? - GetListWithModel : MethodStart
INFO  2021-09-24 17:56:21,423 MasterTemplateService::? - GetListWithModel : MethodFinish
INFO  2021-09-24 18:00:18,786 MasterTemplateService::? - GetListWithModel : MethodStart
INFO  2021-09-24 18:00:19,692 MasterTemplateService::? - GetListWithModel : MethodFinish
INFO  2021-09-24 18:00:21,801 MasterTemplateService::? - GetData : MethodStart
INFO  2021-09-24 18:00:21,864 MasterTemplateService::? - GetData : MethodFinish
INFO  2021-09-24 18:00:28,414 MasterTemplateService::? - GetListWithModel : MethodStart
INFO  2021-09-24 18:00:28,456 MasterTemplateService::? - GetListWithModel : MethodFinish
INFO  2021-09-24 18:00:36,329 MasterTemplateService::? - GetListWithModel : MethodStart
INFO  2021-09-24 18:00:36,338 MasterTemplateService::? - GetListWithModel : MethodFinish
INFO  2021-09-24 18:00:38,273 MasterTemplateService::? - GetData : MethodStart
INFO  2021-09-24 18:00:38,288 MasterTemplateService::? - GetData : MethodFinish
INFO  2021-09-24 18:00:38,345 MasterTemplateService::? - Get_ProcessExcelColumn : MethodStart
INFO  2021-09-24 18:00:38,519 MasterTemplateService::? - Get_ProcessExcelColumn : MethodFinish
INFO  2021-09-24 18:00:38,568 MasterTemplateService::? - Get_ProcessExcelRow : MethodStart
INFO  2021-09-24 18:00:38,621 MasterTemplateService::? - Get_ProcessExcelRow : MethodFinish
INFO  2021-09-24 18:00:38,674 MasterTemplateService::? - Get_ProcessExcelTemplate : MethodStart
INFO  2021-09-24 18:00:38,730 MasterTemplateService::? - Get_ProcessExcelTemplate : MethodFinish
INFO  2021-09-24 18:00:42,657 MasterTemplateService::? - GetListWithModel : MethodStart
INFO  2021-09-24 18:00:42,662 MasterTemplateService::? - GetListWithModel : MethodFinish
INFO  2021-09-24 18:00:45,069 MasterTemplateService::? - GetData : MethodStart
INFO  2021-09-24 18:00:45,075 MasterTemplateService::? - GetData : MethodFinish
INFO  2021-09-24 18:00:51,101 MasterTemplateService::? - GetListWithModel : MethodStart
INFO  2021-09-24 18:00:51,106 MasterTemplateService::? - GetListWithModel : MethodFinish
INFO  2021-09-24 18:00:52,433 MasterTemplateService::? - GetData : MethodStart
INFO  2021-09-24 18:00:52,446 MasterTemplateService::? - GetData : MethodFinish
INFO  2021-09-24 18:00:52,488 MasterTemplateService::? - Get_ProcessExcelColumn : MethodStart
INFO  2021-09-24 18:00:52,548 MasterTemplateService::? - Get_ProcessExcelColumn : MethodFinish
INFO  2021-09-24 18:00:52,586 MasterTemplateService::? - Get_ProcessExcelRow : MethodStart
INFO  2021-09-24 18:00:52,635 MasterTemplateService::? - Get_ProcessExcelRow : MethodFinish
INFO  2021-09-24 18:00:52,676 MasterTemplateService::? - Get_ProcessExcelTemplate : MethodStart
INFO  2021-09-24 18:00:52,727 MasterTemplateService::? - Get_ProcessExcelTemplate : MethodFinish
INFO  2021-09-24 18:01:00,211 MasterTemplateService::? - GetListWithModel : MethodStart
INFO  2021-09-24 18:01:00,217 MasterTemplateService::? - GetListWithModel : MethodFinish
INFO  2021-09-24 18:02:42,855 MasterTemplateService::? - GetData : MethodStart
INFO  2021-09-24 18:02:42,862 MasterTemplateService::? - GetData : MethodFinish
INFO  2021-09-24 18:02:42,902 MasterTemplateService::? - Get_ProcessExcelColumn : MethodStart
INFO  2021-09-24 18:02:42,960 MasterTemplateService::? - Get_ProcessExcelColumn : MethodFinish
INFO  2021-09-24 18:02:43,005 MasterTemplateService::? - Get_ProcessExcelRow : MethodStart
INFO  2021-09-24 18:02:43,062 MasterTemplateService::? - Get_ProcessExcelRow : MethodFinish
INFO  2021-09-24 18:02:43,096 MasterTemplateService::? - Get_ProcessExcelTemplate : MethodStart
INFO  2021-09-24 18:02:43,141 MasterTemplateService::? - Get_ProcessExcelTemplate : MethodFinish
INFO  2021-09-24 18:04:21,632 MasterTemplateService::? - GetListWithModel : MethodStart
INFO  2021-09-24 18:04:22,554 MasterTemplateService::? - GetListWithModel : MethodFinish
INFO  2021-09-24 18:04:25,265 MasterTemplateService::? - GetData : MethodStart
INFO  2021-09-24 18:04:25,314 MasterTemplateService::? - GetData : MethodFinish
INFO  2021-09-24 18:04:25,371 MasterTemplateService::? - Get_ProcessExcelColumn : MethodStart
INFO  2021-09-24 18:04:25,547 MasterTemplateService::? - Get_ProcessExcelColumn : MethodFinish
INFO  2021-09-24 18:04:25,598 MasterTemplateService::? - Get_ProcessExcelRow : MethodStart
INFO  2021-09-24 18:04:25,652 MasterTemplateService::? - Get_ProcessExcelRow : MethodFinish
INFO  2021-09-24 18:04:25,712 MasterTemplateService::? - Get_ProcessExcelTemplate : MethodStart
INFO  2021-09-24 18:04:25,772 MasterTemplateService::? - Get_ProcessExcelTemplate : MethodFinish
INFO  2021-09-24 18:04:28,646 MasterTemplateService::? - GetListWithModel : MethodStart
INFO  2021-09-24 18:04:28,654 MasterTemplateService::? - GetListWithModel : MethodFinish
INFO  2021-09-24 18:04:30,550 MasterTemplateService::? - GetData : MethodStart
INFO  2021-09-24 18:04:30,564 MasterTemplateService::? - GetData : MethodFinish
INFO  2021-09-24 18:04:37,850 MasterTemplateService::? - GetListWithModel : MethodStart
INFO  2021-09-24 18:04:37,857 MasterTemplateService::? - GetListWithModel : MethodFinish
INFO  2021-09-24 18:31:26,312 MasterTemplateService::? - GetData : MethodStart
INFO  2021-09-24 18:31:26,332 MasterTemplateService::? - GetData : MethodFinish
INFO  2021-09-24 18:31:26,422 MasterTemplateService::? - Get_ProcessExcelColumn : MethodStart
INFO  2021-09-24 18:31:26,513 MasterTemplateService::? - Get_ProcessExcelColumn : MethodFinish
INFO  2021-09-24 18:31:26,583 MasterTemplateService::? - Get_ProcessExcelRow : MethodStart
INFO  2021-09-24 18:31:26,673 MasterTemplateService::? - Get_ProcessExcelRow : MethodFinish
INFO  2021-09-24 18:31:26,815 MasterTemplateService::? - Get_ProcessExcelTemplate : MethodStart
INFO  2021-09-24 18:31:26,924 MasterTemplateService::? - Get_ProcessExcelTemplate : MethodFinish
INFO  2021-09-24 18:31:29,986 MasterTemplateService::? - GetListWithModel : MethodStart
INFO  2021-09-24 18:31:30,001 MasterTemplateService::? - GetListWithModel : MethodFinish
INFO  2021-09-24 18:31:32,066 MasterTemplateService::? - GetData : MethodStart
INFO  2021-09-24 18:31:32,076 MasterTemplateService::? - GetData : MethodFinish
INFO  2021-09-24 18:31:43,239 MasterTemplateService::? - GetListWithModel : MethodStart
INFO  2021-09-24 18:31:43,253 MasterTemplateService::? - GetListWithModel : MethodFinish
INFO  2021-09-24 18:31:48,032 MasterTemplateService::? - GetData : MethodStart
INFO  2021-09-24 18:31:48,043 MasterTemplateService::? - GetData : MethodFinish
