INFO  2023-05-26 11:25:51,723 SpecimenService::? - GetList_Mapping_Active_WithModel : MethodStart
INFO  2023-05-26 11:25:52,519 MasterTemplateService::? - GetList_Active_WithModel : MethodStart
INFO  2023-05-26 11:25:56,394 MasterTemplateService::? - GetList_Active_WithModel : MethodFinish
INFO  2023-05-26 11:25:56,463 SpecimenService::? - GetList_Mapping_Active_WithModel : MethodFinish
INFO  2023-05-26 11:26:24,321 MasterTemplateService::? - GetList_Active_WithModel : MethodStart
INFO  2023-05-26 11:26:24,470 MasterTemplateService::? - GetList_Active_WithModel : MethodFinish
INFO  2023-05-26 11:27:08,772 SpecimenService::? - GetList_Mapping_Active_WithModel : MethodStart
INFO  2023-05-26 11:27:08,922 SpecimenService::? - GetList_Mapping_Active_WithModel : MethodFinish
INFO  2023-05-26 11:27:19,334 MasterTemplateService::? - GetList_Active_WithModel : MethodStart
INFO  2023-05-26 11:27:19,434 MasterTemplateService::? - GetList_Active_WithModel : MethodFinish
INFO  2023-05-26 13:19:38,002 MasterTemplateService::? - GetList_Active_WithModel : MethodStart
INFO  2023-05-26 13:19:38,294 MasterTemplateService::? - GetList_Active_WithModel : MethodFinish
INFO  2023-05-26 13:40:17,420 SpecimenService::? - GetList_Mapping_Active_WithModel : MethodStart
INFO  2023-05-26 13:40:18,710 SpecimenService::? - GetList_Mapping_Active_WithModel : MethodFinish
INFO  2023-05-26 13:40:38,527 MasterTemplateService::? - GetList_Active_WithModel : MethodStart
INFO  2023-05-26 13:40:38,700 MasterTemplateService::? - GetList_Active_WithModel : MethodFinish
INFO  2023-05-26 13:41:13,285 MasterTemplateService::? - GetList_Active_WithModel : MethodStart
INFO  2023-05-26 13:41:13,757 MasterTemplateService::? - GetList_Active_WithModel : MethodFinish
INFO  2023-05-26 13:41:20,084 WHONETColumnService::? - GetList_Active_WithModel : MethodStart
INFO  2023-05-26 13:41:20,223 WHONETColumnService::? - GetList_Active_WithModel : MethodFinish
INFO  2023-05-26 13:45:41,110 MasterTemplateService::? - GetList_Active_WithModel : MethodStart
INFO  2023-05-26 13:45:41,280 MasterTemplateService::? - GetList_Active_WithModel : MethodFinish
INFO  2023-05-26 13:45:42,144 WHONETColumnService::? - GetList_Active_WithModel : MethodStart
INFO  2023-05-26 13:45:42,271 WHONETColumnService::? - GetList_Active_WithModel : MethodFinish
INFO  2023-05-26 13:47:50,100 MasterTemplateService::? - GetList_Active_WithModel : MethodStart
INFO  2023-05-26 13:47:50,234 MasterTemplateService::? - GetList_Active_WithModel : MethodFinish
INFO  2023-05-26 13:47:51,139 WHONETColumnService::? - GetList_Active_WithModel : MethodStart
INFO  2023-05-26 13:47:51,250 WHONETColumnService::? - GetList_Active_WithModel : MethodFinish
INFO  2023-05-26 13:52:08,146 SpecimenService::? - GetList_Mapping_Active_WithModel : MethodStart
INFO  2023-05-26 13:52:09,388 SpecimenService::? - GetList_Mapping_Active_WithModel : MethodFinish
INFO  2023-05-26 14:07:16,601 SpecimenService::? - GetList_Mapping_Active_WithModel : MethodStart
INFO  2023-05-26 14:07:17,888 SpecimenService::? - GetList_Mapping_Active_WithModel : MethodFinish
INFO  2023-05-26 14:07:38,289 MasterTemplateService::? - GetList_Active_WithModel : MethodStart
INFO  2023-05-26 14:07:38,449 MasterTemplateService::? - GetList_Active_WithModel : MethodFinish
INFO  2023-05-26 14:07:40,139 MasterTemplateService::? - GetList_Active_WithModel : MethodStart
INFO  2023-05-26 14:07:40,269 MasterTemplateService::? - GetList_Active_WithModel : MethodFinish
INFO  2023-05-26 14:07:41,720 WHONETColumnService::? - GetList_Active_WithModel : MethodStart
INFO  2023-05-26 14:07:41,873 WHONETColumnService::? - GetList_Active_WithModel : MethodFinish
INFO  2023-05-26 14:07:47,069 SpecimenService::? - GetList_Mapping_Active_WithModel : MethodStart
INFO  2023-05-26 14:07:47,260 SpecimenService::? - GetList_Mapping_Active_WithModel : MethodFinish
INFO  2023-05-26 14:09:01,687 MasterTemplateService::? - GetList_Active_WithModel : MethodStart
INFO  2023-05-26 14:09:01,803 MasterTemplateService::? - GetList_Active_WithModel : MethodFinish
INFO  2023-05-26 14:09:02,580 WHONETColumnService::? - GetList_Active_WithModel : MethodStart
INFO  2023-05-26 14:09:02,708 WHONETColumnService::? - GetList_Active_WithModel : MethodFinish
INFO  2023-05-26 14:09:13,615 SpecimenService::? - GetList_Mapping_Active_WithModel : MethodStart
INFO  2023-05-26 14:09:13,741 SpecimenService::? - GetList_Mapping_Active_WithModel : MethodFinish
INFO  2023-05-26 14:09:33,802 MasterTemplateService::? - GetList_Active_WithModel : MethodStart
INFO  2023-05-26 14:09:33,909 MasterTemplateService::? - GetList_Active_WithModel : MethodFinish
INFO  2023-05-26 14:09:34,845 WHONETColumnService::? - GetList_Active_WithModel : MethodStart
INFO  2023-05-26 14:09:34,954 WHONETColumnService::? - GetList_Active_WithModel : MethodFinish
INFO  2023-05-26 14:12:22,018 SpecimenService::? - GetList_Mapping_Active_WithModel : MethodStart
INFO  2023-05-26 14:12:22,125 SpecimenService::? - GetList_Mapping_Active_WithModel : MethodFinish
INFO  2023-05-26 14:19:23,620 SpecimenService::? - GetList_Mapping_Active_WithModel : MethodStart
INFO  2023-05-26 14:19:24,809 SpecimenService::? - GetList_Mapping_Active_WithModel : MethodFinish
INFO  2023-05-26 14:19:25,540 MasterTemplateService::? - GetList_Active_WithModel : MethodStart
INFO  2023-05-26 14:19:25,704 MasterTemplateService::? - GetList_Active_WithModel : MethodFinish
INFO  2023-05-26 14:19:26,874 WHONETColumnService::? - GetList_Active_WithModel : MethodStart
INFO  2023-05-26 14:19:27,053 WHONETColumnService::? - GetList_Active_WithModel : MethodFinish
INFO  2023-05-26 14:19:31,578 SpecimenService::? - GetList_Mapping_Active_WithModel : MethodStart
INFO  2023-05-26 14:19:31,685 SpecimenService::? - GetList_Mapping_Active_WithModel : MethodFinish
INFO  2023-05-26 14:19:55,608 MasterTemplateService::? - GetList_Active_WithModel : MethodStart
INFO  2023-05-26 14:19:55,710 MasterTemplateService::? - GetList_Active_WithModel : MethodFinish
INFO  2023-05-26 14:19:56,565 WHONETColumnService::? - GetList_Active_WithModel : MethodStart
INFO  2023-05-26 14:19:56,685 WHONETColumnService::? - GetList_Active_WithModel : MethodFinish
INFO  2023-05-26 14:20:07,241 MasterTemplateService::? - GetList_Active_WithModel : MethodStart
INFO  2023-05-26 14:20:07,407 MasterTemplateService::? - GetList_Active_WithModel : MethodFinish
INFO  2023-05-26 14:20:08,254 WHONETColumnService::? - GetList_Active_WithModel : MethodStart
INFO  2023-05-26 14:20:08,403 WHONETColumnService::? - GetList_Active_WithModel : MethodFinish
INFO  2023-05-26 14:20:20,617 OrganismService::? - GetList_Active_WithModel : MethodStart
INFO  2023-05-26 14:20:21,224 OrganismService::? - GetList_Active_WithModel : MethodFinish
INFO  2023-05-26 14:20:37,847 MasterTemplateService::? - GetList_Active_WithModel : MethodStart
INFO  2023-05-26 14:20:37,999 MasterTemplateService::? - GetList_Active_WithModel : MethodFinish
INFO  2023-05-26 14:20:39,172 WHONETColumnService::? - GetList_Active_WithModel : MethodStart
INFO  2023-05-26 14:20:39,286 WHONETColumnService::? - GetList_Active_WithModel : MethodFinish
INFO  2023-05-26 14:25:56,403 SpecimenService::? - GetList_Mapping_Active_WithModel : MethodStart
INFO  2023-05-26 14:25:56,835 SpecimenService::? - GetList_Mapping_Active_WithModel : MethodFinish
INFO  2023-05-26 14:26:08,117 MasterTemplateService::? - GetList_Active_WithModel : MethodStart
INFO  2023-05-26 14:26:08,249 MasterTemplateService::? - GetList_Active_WithModel : MethodFinish
INFO  2023-05-26 14:26:09,473 WHONETColumnService::? - GetList_Active_WithModel : MethodStart
INFO  2023-05-26 14:26:09,630 WHONETColumnService::? - GetList_Active_WithModel : MethodFinish
INFO  2023-05-26 14:46:36,811 SpecimenService::? - GetList_Mapping_Active_WithModel : MethodStart
INFO  2023-05-26 14:46:37,234 SpecimenService::? - GetList_Mapping_Active_WithModel : MethodFinish
INFO  2023-05-26 14:48:52,204 SpecimenService::? - GetList_Mapping_Active_WithModel : MethodStart
INFO  2023-05-26 14:48:52,412 SpecimenService::? - GetList_Mapping_Active_WithModel : MethodFinish
INFO  2023-05-26 15:00:22,797 SpecimenService::? - GetList_Mapping_Active_WithModel : MethodStart
INFO  2023-05-26 15:00:23,927 SpecimenService::? - GetList_Mapping_Active_WithModel : MethodFinish
INFO  2023-05-26 15:00:44,930 MasterTemplateService::? - GetList_Active_WithModel : MethodStart
INFO  2023-05-26 15:00:45,142 MasterTemplateService::? - GetList_Active_WithModel : MethodFinish
INFO  2023-05-26 15:00:46,424 WHONETColumnService::? - GetList_Active_WithModel : MethodStart
INFO  2023-05-26 15:00:46,601 WHONETColumnService::? - GetList_Active_WithModel : MethodFinish
INFO  2023-05-26 15:01:31,313 MasterTemplateService::? - GetList_Active_WithModel : MethodStart
INFO  2023-05-26 15:01:31,459 MasterTemplateService::? - GetList_Active_WithModel : MethodFinish
INFO  2023-05-26 15:01:32,420 WHONETColumnService::? - GetList_Active_WithModel : MethodStart
INFO  2023-05-26 15:01:32,522 WHONETColumnService::? - GetList_Active_WithModel : MethodFinish
INFO  2023-05-26 15:01:45,621 MasterTemplateService::? - GetList_Active_WithModel : MethodStart
INFO  2023-05-26 15:01:45,754 MasterTemplateService::? - GetList_Active_WithModel : MethodFinish
INFO  2023-05-26 15:01:46,740 WHONETColumnService::? - GetList_Active_WithModel : MethodStart
INFO  2023-05-26 15:01:46,858 WHONETColumnService::? - GetList_Active_WithModel : MethodFinish
INFO  2023-05-26 15:01:53,442 MasterTemplateService::? - GetList_Active_WithModel : MethodStart
INFO  2023-05-26 15:01:53,629 MasterTemplateService::? - GetList_Active_WithModel : MethodFinish
INFO  2023-05-26 15:01:54,528 WHONETColumnService::? - GetList_Active_WithModel : MethodStart
INFO  2023-05-26 15:01:54,652 WHONETColumnService::? - GetList_Active_WithModel : MethodFinish
INFO  2023-05-26 15:01:57,338 MasterTemplateService::? - GetList_Active_WithModel : MethodStart
INFO  2023-05-26 15:01:57,447 MasterTemplateService::? - GetList_Active_WithModel : MethodFinish
INFO  2023-05-26 15:01:58,320 WHONETColumnService::? - GetList_Active_WithModel : MethodStart
INFO  2023-05-26 15:01:58,436 WHONETColumnService::? - GetList_Active_WithModel : MethodFinish
INFO  2023-05-26 15:03:35,676 MasterTemplateService::? - GetList_Active_WithModel : MethodStart
INFO  2023-05-26 15:03:35,802 MasterTemplateService::? - GetList_Active_WithModel : MethodFinish
INFO  2023-05-26 15:03:36,721 WHONETColumnService::? - GetList_Active_WithModel : MethodStart
INFO  2023-05-26 15:03:36,829 WHONETColumnService::? - GetList_Active_WithModel : MethodFinish
INFO  2023-05-26 15:04:29,245 MasterTemplateService::? - GetList_Active_WithModel : MethodStart
INFO  2023-05-26 15:04:29,409 MasterTemplateService::? - GetList_Active_WithModel : MethodFinish
INFO  2023-05-26 15:04:30,400 WHONETColumnService::? - GetList_Active_WithModel : MethodStart
INFO  2023-05-26 15:04:30,505 WHONETColumnService::? - GetList_Active_WithModel : MethodFinish
INFO  2023-05-26 15:04:55,635 MasterTemplateService::? - GetList_Active_WithModel : MethodStart
INFO  2023-05-26 15:04:55,741 MasterTemplateService::? - GetList_Active_WithModel : MethodFinish
INFO  2023-05-26 15:04:56,541 WHONETColumnService::? - GetList_Active_WithModel : MethodStart
INFO  2023-05-26 15:04:56,691 WHONETColumnService::? - GetList_Active_WithModel : MethodFinish
INFO  2023-05-26 15:05:31,044 SpecimenService::? - GetList_Mapping_Active_WithModel : MethodStart
INFO  2023-05-26 15:05:31,141 SpecimenService::? - GetList_Mapping_Active_WithModel : MethodFinish
INFO  2023-05-26 15:06:24,978 SpecimenService::? - GetList_Mapping_Active_WithModel : MethodStart
INFO  2023-05-26 15:06:25,091 SpecimenService::? - GetList_Mapping_Active_WithModel : MethodFinish
INFO  2023-05-26 15:53:15,010 SpecimenService::? - GetList_Mapping_Active_WithModel : MethodStart
INFO  2023-05-26 15:53:15,362 SpecimenService::? - GetList_Mapping_Active_WithModel : MethodFinish
INFO  2023-05-26 15:53:24,891 MasterTemplateService::? - GetList_Active_WithModel : MethodStart
INFO  2023-05-26 15:53:25,008 MasterTemplateService::? - GetList_Active_WithModel : MethodFinish
INFO  2023-05-26 15:53:25,971 WHONETColumnService::? - GetList_Active_WithModel : MethodStart
INFO  2023-05-26 15:53:26,120 WHONETColumnService::? - GetList_Active_WithModel : MethodFinish
INFO  2023-05-26 15:53:34,400 SpecimenService::? - GetList_Mapping_Active_WithModel : MethodStart
INFO  2023-05-26 15:53:34,541 SpecimenService::? - GetList_Mapping_Active_WithModel : MethodFinish
INFO  2023-05-26 15:53:37,415 MasterTemplateService::? - GetList_Active_WithModel : MethodStart
INFO  2023-05-26 15:53:37,539 MasterTemplateService::? - GetList_Active_WithModel : MethodFinish
INFO  2023-05-26 15:53:38,946 WHONETColumnService::? - GetList_Active_WithModel : MethodStart
INFO  2023-05-26 15:53:39,059 WHONETColumnService::? - GetList_Active_WithModel : MethodFinish
INFO  2023-05-26 15:54:32,818 SpecimenService::? - GetList_Mapping_Active_WithModel : MethodStart
INFO  2023-05-26 15:54:33,070 SpecimenService::? - GetList_Mapping_Active_WithModel : MethodFinish
INFO  2023-05-26 15:54:34,489 MasterTemplateService::? - GetList_Active_WithModel : MethodStart
INFO  2023-05-26 15:54:34,623 MasterTemplateService::? - GetList_Active_WithModel : MethodFinish
INFO  2023-05-26 15:54:35,471 WHONETColumnService::? - GetList_Active_WithModel : MethodStart
INFO  2023-05-26 15:54:35,649 WHONETColumnService::? - GetList_Active_WithModel : MethodFinish
INFO  2023-05-26 15:55:19,873 MasterTemplateService::? - GetList_Active_WithModel : MethodStart
INFO  2023-05-26 15:55:19,986 MasterTemplateService::? - GetList_Active_WithModel : MethodFinish
INFO  2023-05-26 15:55:20,883 WHONETColumnService::? - GetList_Active_WithModel : MethodStart
INFO  2023-05-26 15:55:21,171 WHONETColumnService::? - GetList_Active_WithModel : MethodFinish
INFO  2023-05-26 15:55:42,142 MasterTemplateService::? - GetList_Active_WithModel : MethodStart
INFO  2023-05-26 15:55:42,289 MasterTemplateService::? - GetList_Active_WithModel : MethodFinish
INFO  2023-05-26 15:55:43,175 WHONETColumnService::? - GetList_Active_WithModel : MethodStart
INFO  2023-05-26 15:55:43,297 WHONETColumnService::? - GetList_Active_WithModel : MethodFinish
INFO  2023-05-26 15:55:55,812 MasterTemplateService::? - GetList_Active_WithModel : MethodStart
INFO  2023-05-26 15:55:55,939 MasterTemplateService::? - GetList_Active_WithModel : MethodFinish
INFO  2023-05-26 15:55:56,840 WHONETColumnService::? - GetList_Active_WithModel : MethodStart
INFO  2023-05-26 15:55:56,975 WHONETColumnService::? - GetList_Active_WithModel : MethodFinish
INFO  2023-05-26 15:56:28,008 MasterTemplateService::? - GetList_Active_WithModel : MethodStart
INFO  2023-05-26 15:56:28,164 MasterTemplateService::? - GetList_Active_WithModel : MethodFinish
INFO  2023-05-26 15:56:29,081 WHONETColumnService::? - GetList_Active_WithModel : MethodStart
INFO  2023-05-26 15:56:29,219 WHONETColumnService::? - GetList_Active_WithModel : MethodFinish
INFO  2023-05-26 15:56:32,143 MasterTemplateService::? - GetList_Active_WithModel : MethodStart
INFO  2023-05-26 15:56:32,288 MasterTemplateService::? - GetList_Active_WithModel : MethodFinish
INFO  2023-05-26 15:56:33,206 WHONETColumnService::? - GetList_Active_WithModel : MethodStart
INFO  2023-05-26 15:56:33,335 WHONETColumnService::? - GetList_Active_WithModel : MethodFinish
INFO  2023-05-26 15:56:43,350 SpecimenService::? - GetList_Mapping_Active_WithModel : MethodStart
INFO  2023-05-26 15:56:43,542 SpecimenService::? - GetList_Mapping_Active_WithModel : MethodFinish
INFO  2023-05-26 15:56:45,197 MasterTemplateService::? - GetList_Active_WithModel : MethodStart
INFO  2023-05-26 15:56:45,313 MasterTemplateService::? - GetList_Active_WithModel : MethodFinish
INFO  2023-05-26 15:56:46,478 WHONETColumnService::? - GetList_Active_WithModel : MethodStart
INFO  2023-05-26 15:56:46,612 WHONETColumnService::? - GetList_Active_WithModel : MethodFinish
INFO  2023-05-26 15:57:14,037 MasterTemplateService::? - GetList_Active_WithModel : MethodStart
INFO  2023-05-26 15:57:14,219 MasterTemplateService::? - GetList_Active_WithModel : MethodFinish
INFO  2023-05-26 15:57:15,061 WHONETColumnService::? - GetList_Active_WithModel : MethodStart
INFO  2023-05-26 15:57:15,183 WHONETColumnService::? - GetList_Active_WithModel : MethodFinish
INFO  2023-05-26 16:11:32,894 SpecimenService::? - GetList_Mapping_Active_WithModel : MethodStart
INFO  2023-05-26 16:11:33,226 SpecimenService::? - GetList_Mapping_Active_WithModel : MethodFinish
INFO  2023-05-26 16:11:40,568 SpecimenService::? - GetList_Mapping_Active_WithModel : MethodStart
INFO  2023-05-26 16:11:40,671 SpecimenService::? - GetList_Mapping_Active_WithModel : MethodFinish
INFO  2023-05-26 16:11:53,724 SpecimenService::? - GetList_Mapping_Active_WithModel : MethodStart
INFO  2023-05-26 16:11:53,961 SpecimenService::? - GetList_Mapping_Active_WithModel : MethodFinish
INFO  2023-05-26 16:12:10,917 MasterTemplateService::? - GetList_Active_WithModel : MethodStart
INFO  2023-05-26 16:12:11,149 MasterTemplateService::? - GetList_Active_WithModel : MethodFinish
