INFO  2023-02-15 18:35:49,328 SpecimenService::? - GetList_Mapping_Active_WithModel : MethodStart
INFO  2023-02-15 18:35:51,341 SpecimenService::? - GetList_Mapping_Active_WithModel : MethodFinish
INFO  2023-02-15 18:46:40,262 MasterTemplateService::? - GetList_Active_WithModel : MethodStart
INFO  2023-02-15 18:46:40,521 MasterTemplateService::? - GetList_Active_WithModel : MethodFinish
INFO  2023-02-15 18:47:08,566 MasterTemplateService::? - GetList_Active_WithModel : MethodStart
INFO  2023-02-15 18:47:08,715 MasterTemplateService::? - GetList_Active_WithModel : MethodFinish
INFO  2023-02-15 18:47:09,983 WHONETColumnService::? - GetList_Active_WithModel : MethodStart
INFO  2023-02-15 18:47:10,106 WHONETColumnService::? - GetList_Active_WithModel : MethodFinish
INFO  2023-02-15 18:48:02,788 MasterTemplateService::? - GetList_Active_WithModel : MethodStart
INFO  2023-02-15 18:48:02,893 MasterTemplateService::? - GetList_Active_WithModel : MethodFinish
INFO  2023-02-15 18:48:04,159 WHONETColumnService::? - GetList_Active_WithModel : MethodStart
INFO  2023-02-15 18:48:04,266 WHONETColumnService::? - GetList_Active_WithModel : MethodFinish
INFO  2023-02-15 18:48:22,344 MasterTemplateService::? - GetList_Active_WithModel : MethodStart
INFO  2023-02-15 18:48:22,448 MasterTemplateService::? - GetList_Active_WithModel : MethodFinish
INFO  2023-02-15 18:48:23,408 WHONETColumnService::? - GetList_Active_WithModel : MethodStart
INFO  2023-02-15 18:48:23,509 WHONETColumnService::? - GetList_Active_WithModel : MethodFinish
INFO  2023-02-15 18:48:55,247 MasterTemplateService::? - GetList_Active_WithModel : MethodStart
INFO  2023-02-15 18:48:55,348 MasterTemplateService::? - GetList_Active_WithModel : MethodFinish
INFO  2023-02-15 18:48:56,324 WHONETColumnService::? - GetList_Active_WithModel : MethodStart
INFO  2023-02-15 18:48:56,438 WHONETColumnService::? - GetList_Active_WithModel : MethodFinish
INFO  2023-02-15 18:49:33,183 MasterTemplateService::? - GetList_Active_WithModel : MethodStart
INFO  2023-02-15 18:49:33,287 MasterTemplateService::? - GetList_Active_WithModel : MethodFinish
INFO  2023-02-15 18:49:40,432 WHONETColumnService::? - GetList_Active_WithModel : MethodStart
INFO  2023-02-15 18:49:40,533 WHONETColumnService::? - GetList_Active_WithModel : MethodFinish
INFO  2023-02-15 18:50:03,725 MasterTemplateService::? - GetList_Active_WithModel : MethodStart
INFO  2023-02-15 18:50:03,887 MasterTemplateService::? - GetList_Active_WithModel : MethodFinish
INFO  2023-02-15 18:50:04,973 WHONETColumnService::? - GetList_Active_WithModel : MethodStart
INFO  2023-02-15 18:50:05,124 WHONETColumnService::? - GetList_Active_WithModel : MethodFinish
INFO  2023-02-15 18:50:38,551 MasterTemplateService::? - GetList_Active_WithModel : MethodStart
INFO  2023-02-15 18:50:38,650 MasterTemplateService::? - GetList_Active_WithModel : MethodFinish
INFO  2023-02-15 18:50:39,497 WHONETColumnService::? - GetList_Active_WithModel : MethodStart
INFO  2023-02-15 18:50:39,596 WHONETColumnService::? - GetList_Active_WithModel : MethodFinish
INFO  2023-02-15 18:51:34,334 MasterTemplateService::? - GetList_Active_WithModel : MethodStart
INFO  2023-02-15 18:51:34,432 MasterTemplateService::? - GetList_Active_WithModel : MethodFinish
INFO  2023-02-15 18:51:35,644 WHONETColumnService::? - GetList_Active_WithModel : MethodStart
INFO  2023-02-15 18:51:35,747 WHONETColumnService::? - GetList_Active_WithModel : MethodFinish
INFO  2023-02-15 18:52:04,626 MasterTemplateService::? - GetList_Active_WithModel : MethodStart
INFO  2023-02-15 18:52:04,728 MasterTemplateService::? - GetList_Active_WithModel : MethodFinish
INFO  2023-02-15 18:52:05,689 WHONETColumnService::? - GetList_Active_WithModel : MethodStart
INFO  2023-02-15 18:52:05,799 WHONETColumnService::? - GetList_Active_WithModel : MethodFinish
INFO  2023-02-15 18:52:22,946 MasterTemplateService::? - GetList_Active_WithModel : MethodStart
INFO  2023-02-15 18:52:23,045 MasterTemplateService::? - GetList_Active_WithModel : MethodFinish
INFO  2023-02-15 18:52:23,901 WHONETColumnService::? - GetList_Active_WithModel : MethodStart
INFO  2023-02-15 18:52:23,999 WHONETColumnService::? - GetList_Active_WithModel : MethodFinish
INFO  2023-02-15 18:52:46,446 MasterTemplateService::? - GetList_Active_WithModel : MethodStart
INFO  2023-02-15 18:52:46,549 MasterTemplateService::? - GetList_Active_WithModel : MethodFinish
INFO  2023-02-15 18:52:48,224 WHONETColumnService::? - GetList_Active_WithModel : MethodStart
INFO  2023-02-15 18:52:48,327 WHONETColumnService::? - GetList_Active_WithModel : MethodFinish
INFO  2023-02-15 18:53:28,231 MasterTemplateService::? - GetList_Active_WithModel : MethodStart
INFO  2023-02-15 18:53:28,326 MasterTemplateService::? - GetList_Active_WithModel : MethodFinish
INFO  2023-02-15 18:53:29,276 WHONETColumnService::? - GetList_Active_WithModel : MethodStart
INFO  2023-02-15 18:53:29,385 WHONETColumnService::? - GetList_Active_WithModel : MethodFinish
INFO  2023-02-15 18:53:42,300 MasterTemplateService::? - GetList_Active_WithModel : MethodStart
INFO  2023-02-15 18:53:42,397 MasterTemplateService::? - GetList_Active_WithModel : MethodFinish
INFO  2023-02-15 18:53:43,255 WHONETColumnService::? - GetList_Active_WithModel : MethodStart
INFO  2023-02-15 18:53:43,354 WHONETColumnService::? - GetList_Active_WithModel : MethodFinish
INFO  2023-02-15 18:54:35,126 MasterTemplateService::? - GetList_Active_WithModel : MethodStart
INFO  2023-02-15 18:54:35,222 MasterTemplateService::? - GetList_Active_WithModel : MethodFinish
INFO  2023-02-15 18:54:36,049 WHONETColumnService::? - GetList_Active_WithModel : MethodStart
INFO  2023-02-15 18:54:36,145 WHONETColumnService::? - GetList_Active_WithModel : MethodFinish
INFO  2023-02-15 18:54:49,365 MasterTemplateService::? - GetList_Active_WithModel : MethodStart
INFO  2023-02-15 18:54:49,460 MasterTemplateService::? - GetList_Active_WithModel : MethodFinish
INFO  2023-02-15 18:54:50,260 WHONETColumnService::? - GetList_Active_WithModel : MethodStart
INFO  2023-02-15 18:54:50,354 WHONETColumnService::? - GetList_Active_WithModel : MethodFinish
INFO  2023-02-15 18:55:32,675 MasterTemplateService::? - GetList_Active_WithModel : MethodStart
INFO  2023-02-15 18:55:32,774 MasterTemplateService::? - GetList_Active_WithModel : MethodFinish
INFO  2023-02-15 18:55:33,665 WHONETColumnService::? - GetList_Active_WithModel : MethodStart
INFO  2023-02-15 18:55:33,764 WHONETColumnService::? - GetList_Active_WithModel : MethodFinish
INFO  2023-02-15 18:55:42,457 MasterTemplateService::? - GetList_Active_WithModel : MethodStart
INFO  2023-02-15 18:55:42,551 MasterTemplateService::? - GetList_Active_WithModel : MethodFinish
INFO  2023-02-15 18:55:43,342 WHONETColumnService::? - GetList_Active_WithModel : MethodStart
INFO  2023-02-15 18:55:43,437 WHONETColumnService::? - GetList_Active_WithModel : MethodFinish
INFO  2023-02-15 18:56:26,105 SpecimenService::? - GetList_Mapping_Active_WithModel : MethodStart
INFO  2023-02-15 18:56:26,200 SpecimenService::? - GetList_Mapping_Active_WithModel : MethodFinish
INFO  2023-02-15 18:56:52,376 MasterTemplateService::? - GetList_Active_WithModel : MethodStart
INFO  2023-02-15 18:56:52,469 MasterTemplateService::? - GetList_Active_WithModel : MethodFinish
INFO  2023-02-15 18:56:53,222 WHONETColumnService::? - GetList_Active_WithModel : MethodStart
INFO  2023-02-15 18:56:53,315 WHONETColumnService::? - GetList_Active_WithModel : MethodFinish
INFO  2023-02-15 18:56:54,766 SpecimenService::? - GetList_Mapping_Active_WithModel : MethodStart
INFO  2023-02-15 18:56:54,862 SpecimenService::? - GetList_Mapping_Active_WithModel : MethodFinish
INFO  2023-02-15 18:57:02,209 MasterTemplateService::? - GetList_Active_WithModel : MethodStart
INFO  2023-02-15 18:57:02,305 MasterTemplateService::? - GetList_Active_WithModel : MethodFinish
INFO  2023-02-15 18:57:03,060 WHONETColumnService::? - GetList_Active_WithModel : MethodStart
INFO  2023-02-15 18:57:03,156 WHONETColumnService::? - GetList_Active_WithModel : MethodFinish
INFO  2023-02-15 18:57:16,002 SpecimenService::? - GetList_Mapping_Active_WithModel : MethodStart
INFO  2023-02-15 18:57:16,105 SpecimenService::? - GetList_Mapping_Active_WithModel : MethodFinish
INFO  2023-02-15 18:57:32,509 MasterTemplateService::? - GetList_Active_WithModel : MethodStart
INFO  2023-02-15 18:57:32,603 MasterTemplateService::? - GetList_Active_WithModel : MethodFinish
INFO  2023-02-15 18:57:33,335 WHONETColumnService::? - GetList_Active_WithModel : MethodStart
INFO  2023-02-15 18:57:33,431 WHONETColumnService::? - GetList_Active_WithModel : MethodFinish
INFO  2023-02-15 18:57:41,517 OrganismService::? - GetList_Active_WithModel : MethodStart
INFO  2023-02-15 18:57:41,914 OrganismService::? - GetList_Active_WithModel : MethodFinish
INFO  2023-02-15 18:57:58,490 MasterTemplateService::? - GetList_Active_WithModel : MethodStart
INFO  2023-02-15 18:57:58,582 MasterTemplateService::? - GetList_Active_WithModel : MethodFinish
INFO  2023-02-15 18:57:59,319 WHONETColumnService::? - GetList_Active_WithModel : MethodStart
INFO  2023-02-15 18:57:59,419 WHONETColumnService::? - GetList_Active_WithModel : MethodFinish
INFO  2023-02-15 18:58:07,329 OrganismService::? - GetList_Active_WithModel : MethodStart
INFO  2023-02-15 18:58:07,497 OrganismService::? - GetList_Active_WithModel : MethodFinish
INFO  2023-02-15 18:58:43,019 MasterTemplateService::? - GetList_Active_WithModel : MethodStart
INFO  2023-02-15 18:58:43,146 MasterTemplateService::? - GetList_Active_WithModel : MethodFinish
INFO  2023-02-15 18:58:43,948 WHONETColumnService::? - GetList_Active_WithModel : MethodStart
INFO  2023-02-15 18:58:44,040 WHONETColumnService::? - GetList_Active_WithModel : MethodFinish
INFO  2023-02-15 18:59:02,416 WardTypeService::? - GetList_Active_WithModel : MethodStart
INFO  2023-02-15 18:59:02,534 WardTypeService::? - GetList_Active_WithModel : MethodFinish
INFO  2023-02-15 18:59:16,488 MasterTemplateService::? - GetList_Active_WithModel : MethodStart
INFO  2023-02-15 18:59:16,579 MasterTemplateService::? - GetList_Active_WithModel : MethodFinish
INFO  2023-02-15 18:59:17,342 WHONETColumnService::? - GetList_Active_WithModel : MethodStart
INFO  2023-02-15 18:59:17,436 WHONETColumnService::? - GetList_Active_WithModel : MethodFinish
INFO  2023-02-15 18:59:20,955 WardTypeService::? - GetList_Active_WithModel : MethodStart
INFO  2023-02-15 18:59:21,049 WardTypeService::? - GetList_Active_WithModel : MethodFinish
INFO  2023-02-15 18:59:26,403 MasterTemplateService::? - GetList_Active_WithModel : MethodStart
INFO  2023-02-15 18:59:26,494 MasterTemplateService::? - GetList_Active_WithModel : MethodFinish
INFO  2023-02-15 18:59:27,239 WHONETColumnService::? - GetList_Active_WithModel : MethodStart
INFO  2023-02-15 18:59:27,333 WHONETColumnService::? - GetList_Active_WithModel : MethodFinish
INFO  2023-02-15 18:59:34,535 MasterTemplateService::? - GetList_Active_WithModel : MethodStart
INFO  2023-02-15 18:59:34,630 MasterTemplateService::? - GetList_Active_WithModel : MethodFinish
INFO  2023-02-15 18:59:35,412 WHONETColumnService::? - GetList_Active_WithModel : MethodStart
INFO  2023-02-15 18:59:35,505 WHONETColumnService::? - GetList_Active_WithModel : MethodFinish
INFO  2023-02-15 19:00:10,619 MasterTemplateService::? - GetList_Active_WithModel : MethodStart
INFO  2023-02-15 19:00:10,790 MasterTemplateService::? - GetList_Active_WithModel : MethodFinish
