INFO  2021-10-11 14:29:48,837 MasterTemplateService::? - GetList_Active_WithModel : MethodStart
INFO  2021-10-11 14:29:52,946 MasterTemplateService::? - GetList_Active_WithModel : MethodFinish
INFO  2021-10-11 14:30:08,122 WHONETColumnService::? - GetList_Active_WithModel : MethodStart
INFO  2021-10-11 14:30:08,347 WHONETColumnService::? - GetList_Active_WithModel : MethodFinish
INFO  2021-10-11 14:30:16,229 WardTypeService::? - GetList_Active_WithModel : MethodStart
INFO  2021-10-11 14:30:16,523 WardTypeService::? - GetList_Active_WithModel : MethodFinish
INFO  2021-10-11 14:30:40,545 WardTypeService::? - GetList_Active_WithModel : MethodStart
INFO  2021-10-11 14:30:40,664 WardTypeService::? - GetList_Active_WithModel : MethodFinish
INFO  2021-10-11 14:32:20,402 WardTypeService::? - GetList_Active_WithModel : MethodStart
INFO  2021-10-11 14:32:20,541 WardTypeService::? - GetList_Active_WithModel : MethodFinish
INFO  2021-10-11 14:32:57,378 MasterTemplateService::? - GetList_Active_WithModel : MethodStart
INFO  2021-10-11 14:32:57,493 MasterTemplateService::? - GetList_Active_WithModel : MethodFinish
INFO  2021-10-11 14:34:04,649 WHONETColumnService::? - GetList_Active_WithModel : MethodStart
INFO  2021-10-11 14:34:04,774 WHONETColumnService::? - GetList_Active_WithModel : MethodFinish
INFO  2021-10-11 14:34:57,137 WardTypeService::? - GetList_Active_WithModel : MethodStart
INFO  2021-10-11 14:34:57,262 WardTypeService::? - GetList_Active_WithModel : MethodFinish
INFO  2021-10-11 14:35:18,197 MasterTemplateService::? - GetList_Active_WithModel : MethodStart
INFO  2021-10-11 14:35:18,383 MasterTemplateService::? - GetList_Active_WithModel : MethodFinish
INFO  2021-10-11 14:35:20,591 WHONETColumnService::? - GetList_Active_WithModel : MethodStart
INFO  2021-10-11 14:35:20,825 WHONETColumnService::? - GetList_Active_WithModel : MethodFinish
INFO  2021-10-11 14:37:15,030 OrganismService::? - GetList_Active_WithModel : MethodStart
INFO  2021-10-11 14:37:15,732 OrganismService::? - GetList_Active_WithModel : MethodFinish
INFO  2021-10-11 14:37:51,634 WardTypeService::? - GetList_Active_WithModel : MethodStart
INFO  2021-10-11 14:37:51,775 WardTypeService::? - GetList_Active_WithModel : MethodFinish
