INFO  2021-09-05 00:00:11,976 MasterTemplateService::? - GetList_Active_WithModel : MethodStart
INFO  2021-09-05 00:00:15,146 MasterTemplateService::? - GetList_Active_WithModel : MethodFinish
INFO  2021-09-05 00:01:36,085 SpecimenService::? - GetList_Mapping_Active_WithModel : MethodStart
INFO  2021-09-05 00:01:36,350 SpecimenService::? - GetList_Mapping_Active_WithModel : MethodFinish
INFO  2021-09-05 00:01:47,855 MasterTemplateService::? - GetList_Active_WithModel : MethodStart
INFO  2021-09-05 00:01:48,022 MasterTemplateService::? - GetList_Active_WithModel : MethodFinish
INFO  2021-09-05 00:01:49,620 WHONETColumnService::? - GetList_Active_WithModel : MethodStart
INFO  2021-09-05 00:01:49,953 WHONETColumnService::? - GetList_Active_WithModel : MethodFinish
INFO  2021-09-05 00:20:31,749 MasterTemplateService::? - GetList_Active_WithModel : MethodStart
INFO  2021-09-05 00:20:33,743 MasterTemplateService::? - GetList_Active_WithModel : MethodFinish
INFO  2021-09-05 21:41:16,491 MasterTemplateService::? - GetList_Active_WithModel : MethodStart
INFO  2021-09-05 21:41:18,559 MasterTemplateService::? - GetList_Active_WithModel : MethodFinish
INFO  2021-09-05 23:27:14,318 SpecimenService::? - GetList_Mapping_Active_WithModel : MethodStart
INFO  2021-09-05 23:27:17,066 SpecimenService::? - GetList_Mapping_Active_WithModel : MethodFinish
INFO  2021-09-05 23:27:22,105 MasterTemplateService::? - GetList_Active_WithModel : MethodStart
INFO  2021-09-05 23:27:22,288 MasterTemplateService::? - GetList_Active_WithModel : MethodFinish
INFO  2021-09-05 23:27:23,714 WHONETColumnService::? - GetList_Active_WithModel : MethodStart
INFO  2021-09-05 23:27:24,002 WHONETColumnService::? - GetList_Active_WithModel : MethodFinish
INFO  2021-09-05 23:27:29,168 WardTypeService::? - GetList_Active_WithModel : MethodStart
INFO  2021-09-05 23:27:29,329 WardTypeService::? - GetList_Active_WithModel : MethodFinish
INFO  2021-09-05 23:27:38,903 MasterTemplateService::? - GetList_Active_WithModel : MethodStart
INFO  2021-09-05 23:27:39,030 MasterTemplateService::? - GetList_Active_WithModel : MethodFinish
INFO  2021-09-05 23:27:39,963 WHONETColumnService::? - GetList_Active_WithModel : MethodStart
INFO  2021-09-05 23:27:40,085 WHONETColumnService::? - GetList_Active_WithModel : MethodFinish
INFO  2021-09-05 23:28:49,997 WardTypeService::? - GetList_Active_WithModel : MethodStart
INFO  2021-09-05 23:28:50,119 WardTypeService::? - GetList_Active_WithModel : MethodFinish
INFO  2021-09-05 23:28:58,059 MasterTemplateService::? - GetList_Active_WithModel : MethodStart
INFO  2021-09-05 23:28:58,188 MasterTemplateService::? - GetList_Active_WithModel : MethodFinish
INFO  2021-09-05 23:28:59,149 WHONETColumnService::? - GetList_Active_WithModel : MethodStart
INFO  2021-09-05 23:28:59,296 WHONETColumnService::? - GetList_Active_WithModel : MethodFinish
INFO  2021-09-05 23:30:16,527 SpecimenService::? - GetList_Mapping_Active_WithModel : MethodStart
INFO  2021-09-05 23:30:16,668 SpecimenService::? - GetList_Mapping_Active_WithModel : MethodFinish
INFO  2021-09-05 23:30:31,981 MasterTemplateService::? - GetList_Active_WithModel : MethodStart
INFO  2021-09-05 23:30:32,095 MasterTemplateService::? - GetList_Active_WithModel : MethodFinish
INFO  2021-09-05 23:30:33,155 WHONETColumnService::? - GetList_Active_WithModel : MethodStart
INFO  2021-09-05 23:30:33,271 WHONETColumnService::? - GetList_Active_WithModel : MethodFinish
INFO  2021-09-05 23:30:43,167 WardTypeService::? - GetList_Active_WithModel : MethodStart
INFO  2021-09-05 23:30:43,327 WardTypeService::? - GetList_Active_WithModel : MethodFinish
INFO  2021-09-05 23:30:52,175 MasterTemplateService::? - GetList_Active_WithModel : MethodStart
INFO  2021-09-05 23:30:52,284 MasterTemplateService::? - GetList_Active_WithModel : MethodFinish
INFO  2021-09-05 23:30:53,339 WHONETColumnService::? - GetList_Active_WithModel : MethodStart
INFO  2021-09-05 23:30:53,462 WHONETColumnService::? - GetList_Active_WithModel : MethodFinish
INFO  2021-09-05 23:34:01,777 MasterTemplateService::? - GetList_Active_WithModel : MethodStart
INFO  2021-09-05 23:34:01,884 MasterTemplateService::? - GetList_Active_WithModel : MethodFinish
INFO  2021-09-05 23:34:02,838 WHONETColumnService::? - GetList_Active_WithModel : MethodStart
INFO  2021-09-05 23:34:02,939 WHONETColumnService::? - GetList_Active_WithModel : MethodFinish
INFO  2021-09-05 23:34:16,196 MasterTemplateService::? - GetList_Active_WithModel : MethodStart
INFO  2021-09-05 23:34:16,298 MasterTemplateService::? - GetList_Active_WithModel : MethodFinish
INFO  2021-09-05 23:34:17,071 WHONETColumnService::? - GetList_Active_WithModel : MethodStart
INFO  2021-09-05 23:34:17,179 WHONETColumnService::? - GetList_Active_WithModel : MethodFinish
INFO  2021-09-05 23:44:28,299 MasterTemplateService::? - GetList_Active_WithModel : MethodStart
INFO  2021-09-05 23:44:31,001 MasterTemplateService::? - GetList_Active_WithModel : MethodFinish
INFO  2021-09-05 23:44:40,162 WHONETColumnService::? - GetList_Active_WithModel : MethodStart
INFO  2021-09-05 23:44:40,350 WHONETColumnService::? - GetList_Active_WithModel : MethodFinish
INFO  2021-09-05 23:46:54,165 MasterTemplateService::? - GetList_Active_WithModel : MethodStart
INFO  2021-09-05 23:46:54,382 MasterTemplateService::? - GetList_Active_WithModel : MethodFinish
INFO  2021-09-05 23:46:55,655 WHONETColumnService::? - GetList_Active_WithModel : MethodStart
INFO  2021-09-05 23:46:55,790 WHONETColumnService::? - GetList_Active_WithModel : MethodFinish
INFO  2021-09-05 23:47:49,766 SpecimenService::? - GetList_Mapping_Active_WithModel : MethodStart
INFO  2021-09-05 23:47:49,939 SpecimenService::? - GetList_Mapping_Active_WithModel : MethodFinish
INFO  2021-09-05 23:47:57,701 MasterTemplateService::? - GetList_Active_WithModel : MethodStart
INFO  2021-09-05 23:47:57,806 MasterTemplateService::? - GetList_Active_WithModel : MethodFinish
INFO  2021-09-05 23:47:58,815 WHONETColumnService::? - GetList_Active_WithModel : MethodStart
INFO  2021-09-05 23:47:58,936 WHONETColumnService::? - GetList_Active_WithModel : MethodFinish
INFO  2021-09-05 23:48:50,928 MasterTemplateService::? - GetList_Active_WithModel : MethodStart
INFO  2021-09-05 23:48:51,035 MasterTemplateService::? - GetList_Active_WithModel : MethodFinish
INFO  2021-09-05 23:48:52,004 WHONETColumnService::? - GetList_Active_WithModel : MethodStart
INFO  2021-09-05 23:48:52,116 WHONETColumnService::? - GetList_Active_WithModel : MethodFinish
INFO  2021-09-05 23:48:55,961 MasterTemplateService::? - GetList_Active_WithModel : MethodStart
INFO  2021-09-05 23:48:56,083 MasterTemplateService::? - GetList_Active_WithModel : MethodFinish
INFO  2021-09-05 23:48:57,100 WHONETColumnService::? - GetList_Active_WithModel : MethodStart
INFO  2021-09-05 23:48:57,219 WHONETColumnService::? - GetList_Active_WithModel : MethodFinish
INFO  2021-09-05 23:49:00,337 MasterTemplateService::? - GetList_Active_WithModel : MethodStart
INFO  2021-09-05 23:49:00,489 MasterTemplateService::? - GetList_Active_WithModel : MethodFinish
INFO  2021-09-05 23:49:01,360 WHONETColumnService::? - GetList_Active_WithModel : MethodStart
INFO  2021-09-05 23:49:01,476 WHONETColumnService::? - GetList_Active_WithModel : MethodFinish
INFO  2021-09-05 23:49:03,947 MasterTemplateService::? - GetList_Active_WithModel : MethodStart
INFO  2021-09-05 23:49:04,055 MasterTemplateService::? - GetList_Active_WithModel : MethodFinish
INFO  2021-09-05 23:49:04,989 WHONETColumnService::? - GetList_Active_WithModel : MethodStart
INFO  2021-09-05 23:49:05,105 WHONETColumnService::? - GetList_Active_WithModel : MethodFinish
INFO  2021-09-05 23:49:08,057 MasterTemplateService::? - GetList_Active_WithModel : MethodStart
INFO  2021-09-05 23:49:08,159 MasterTemplateService::? - GetList_Active_WithModel : MethodFinish
INFO  2021-09-05 23:49:09,046 WHONETColumnService::? - GetList_Active_WithModel : MethodStart
INFO  2021-09-05 23:49:09,167 WHONETColumnService::? - GetList_Active_WithModel : MethodFinish
INFO  2021-09-05 23:49:11,594 MasterTemplateService::? - GetList_Active_WithModel : MethodStart
INFO  2021-09-05 23:49:11,706 MasterTemplateService::? - GetList_Active_WithModel : MethodFinish
INFO  2021-09-05 23:49:12,589 WHONETColumnService::? - GetList_Active_WithModel : MethodStart
INFO  2021-09-05 23:49:12,698 WHONETColumnService::? - GetList_Active_WithModel : MethodFinish
INFO  2021-09-05 23:49:13,999 WardTypeService::? - GetList_Active_WithModel : MethodStart
INFO  2021-09-05 23:49:14,151 WardTypeService::? - GetList_Active_WithModel : MethodFinish
INFO  2021-09-05 23:49:32,574 MasterTemplateService::? - GetList_Active_WithModel : MethodStart
INFO  2021-09-05 23:49:32,680 MasterTemplateService::? - GetList_Active_WithModel : MethodFinish
INFO  2021-09-05 23:49:33,692 WHONETColumnService::? - GetList_Active_WithModel : MethodStart
INFO  2021-09-05 23:49:33,800 WHONETColumnService::? - GetList_Active_WithModel : MethodFinish
INFO  2021-09-05 23:49:36,262 WardTypeService::? - GetList_Active_WithModel : MethodStart
INFO  2021-09-05 23:49:36,397 WardTypeService::? - GetList_Active_WithModel : MethodFinish
INFO  2021-09-05 23:49:51,732 MasterTemplateService::? - GetList_Active_WithModel : MethodStart
INFO  2021-09-05 23:49:51,845 MasterTemplateService::? - GetList_Active_WithModel : MethodFinish
INFO  2021-09-05 23:49:52,753 WHONETColumnService::? - GetList_Active_WithModel : MethodStart
INFO  2021-09-05 23:49:52,867 WHONETColumnService::? - GetList_Active_WithModel : MethodFinish
INFO  2021-09-05 23:50:01,135 WardTypeService::? - GetList_Active_WithModel : MethodStart
INFO  2021-09-05 23:50:01,248 WardTypeService::? - GetList_Active_WithModel : MethodFinish
INFO  2021-09-05 23:50:05,054 MasterTemplateService::? - GetList_Active_WithModel : MethodStart
INFO  2021-09-05 23:50:05,159 MasterTemplateService::? - GetList_Active_WithModel : MethodFinish
INFO  2021-09-05 23:50:05,987 WHONETColumnService::? - GetList_Active_WithModel : MethodStart
INFO  2021-09-05 23:50:06,103 WHONETColumnService::? - GetList_Active_WithModel : MethodFinish
INFO  2021-09-05 23:50:07,164 WardTypeService::? - GetList_Active_WithModel : MethodStart
INFO  2021-09-05 23:50:07,269 WardTypeService::? - GetList_Active_WithModel : MethodFinish
INFO  2021-09-05 23:52:48,372 MasterTemplateService::? - GetList_Active_WithModel : MethodStart
INFO  2021-09-05 23:52:48,483 MasterTemplateService::? - GetList_Active_WithModel : MethodFinish
INFO  2021-09-05 23:52:49,383 WHONETColumnService::? - GetList_Active_WithModel : MethodStart
INFO  2021-09-05 23:52:49,491 WHONETColumnService::? - GetList_Active_WithModel : MethodFinish
INFO  2021-09-05 23:53:07,158 MasterTemplateService::? - GetList_Active_WithModel : MethodStart
INFO  2021-09-05 23:53:07,268 MasterTemplateService::? - GetList_Active_WithModel : MethodFinish
INFO  2021-09-05 23:53:08,244 WHONETColumnService::? - GetList_Active_WithModel : MethodStart
INFO  2021-09-05 23:53:08,357 WHONETColumnService::? - GetList_Active_WithModel : MethodFinish
