INFO  2021-08-03 10:38:10,213 MasterHospitalService::? - GetListWithModel : MethodStart
INFO  2021-08-03 10:38:12,697 MasterHospitalService::? - GetListWithModel : MethodFinish
INFO  2021-08-03 10:38:52,557 MasterHospitalService::? - GetListWithModel : MethodStart
INFO  2021-08-03 10:38:52,608 MasterHospitalService::? - GetListWithModel : MethodFinish
INFO  2021-08-03 10:39:17,919 MasterHospitalService::? - SaveData : MethodStart
INFO  2021-08-03 10:39:18,339 MasterHospitalService::? - SaveData : MethodFinish
INFO  2021-08-03 10:39:19,512 MasterHospitalService::? - GetListWithModel : MethodStart
INFO  2021-08-03 10:39:19,600 MasterHospitalService::? - GetListWithModel : MethodFinish
INFO  2021-08-03 12:19:27,393 MasterTemplateService::? - GetList_Active_WithModel : MethodStart
INFO  2021-08-03 12:19:28,531 MasterTemplateService::? - GetList_Active_WithModel : MethodFinish
INFO  2021-08-03 12:28:34,206 MasterTemplateService::? - GetList_Active_WithModel : MethodStart
INFO  2021-08-03 12:28:35,185 MasterTemplateService::? - GetList_Active_WithModel : MethodFinish
INFO  2021-08-03 12:39:00,622 MasterTemplateService::? - GetList_Active_WithModel : MethodStart
INFO  2021-08-03 12:39:01,544 MasterTemplateService::? - GetList_Active_WithModel : MethodFinish
INFO  2021-08-03 12:39:48,754 MasterTemplateService::? - GetList_Active_WithModel : MethodStart
INFO  2021-08-03 12:39:48,765 MasterTemplateService::? - GetList_Active_WithModel : MethodFinish
INFO  2021-08-03 12:40:04,566 MasterTemplateService::? - GetList_Active_WithModel : MethodStart
INFO  2021-08-03 12:40:04,602 MasterTemplateService::? - GetList_Active_WithModel : MethodFinish
INFO  2021-08-03 12:42:17,070 MasterTemplateService::? - GetList_Active_WithModel : MethodStart
INFO  2021-08-03 12:42:17,079 MasterTemplateService::? - GetList_Active_WithModel : MethodFinish
INFO  2021-08-03 13:26:27,852 MasterTemplateService::? - GetList_Active_WithModel : MethodStart
INFO  2021-08-03 13:26:28,770 MasterTemplateService::? - GetList_Active_WithModel : MethodFinish
INFO  2021-08-03 13:27:06,506 MasterTemplateService::? - GetList_Active_WithModel : MethodStart
INFO  2021-08-03 13:27:06,521 MasterTemplateService::? - GetList_Active_WithModel : MethodFinish
INFO  2021-08-03 13:27:06,840 WHONETColumnService::? - GetList_Active_WithModel : MethodStart
INFO  2021-08-03 13:27:06,893 WHONETColumnService::? - GetList_Active_WithModel : MethodFinish
INFO  2021-08-03 13:31:23,243 MasterTemplateService::? - GetList_Active_WithModel : MethodStart
INFO  2021-08-03 13:31:24,222 MasterTemplateService::? - GetList_Active_WithModel : MethodFinish
INFO  2021-08-03 13:36:47,818 MasterTemplateService::? - GetList_Active_WithModel : MethodStart
INFO  2021-08-03 13:36:47,841 MasterTemplateService::? - GetList_Active_WithModel : MethodFinish
INFO  2021-08-03 13:37:22,281 MasterTemplateService::? - GetList_Active_WithModel : MethodStart
INFO  2021-08-03 13:37:22,319 MasterTemplateService::? - GetList_Active_WithModel : MethodFinish
INFO  2021-08-03 13:37:22,655 WHONETColumnService::? - GetList_Active_WithModel : MethodStart
INFO  2021-08-03 13:37:22,680 WHONETColumnService::? - GetList_Active_WithModel : MethodFinish
INFO  2021-08-03 13:40:41,442 MasterTemplateService::? - GetList_Active_WithModel : MethodStart
INFO  2021-08-03 13:40:41,449 MasterTemplateService::? - GetList_Active_WithModel : MethodFinish
INFO  2021-08-03 13:40:41,686 WHONETColumnService::? - GetList_Active_WithModel : MethodStart
INFO  2021-08-03 13:40:41,693 WHONETColumnService::? - GetList_Active_WithModel : MethodFinish
INFO  2021-08-03 13:41:08,033 MasterTemplateService::? - GetList_Active_WithModel : MethodStart
INFO  2021-08-03 13:41:08,039 MasterTemplateService::? - GetList_Active_WithModel : MethodFinish
INFO  2021-08-03 13:41:08,252 WHONETColumnService::? - GetList_Active_WithModel : MethodStart
INFO  2021-08-03 13:41:08,267 WHONETColumnService::? - GetList_Active_WithModel : MethodFinish
INFO  2021-08-03 13:41:21,913 MasterTemplateService::? - GetList_Active_WithModel : MethodStart
INFO  2021-08-03 13:41:21,917 MasterTemplateService::? - GetList_Active_WithModel : MethodFinish
INFO  2021-08-03 13:41:22,041 WHONETColumnService::? - GetList_Active_WithModel : MethodStart
INFO  2021-08-03 13:41:22,044 WHONETColumnService::? - GetList_Active_WithModel : MethodFinish
INFO  2021-08-03 13:41:41,734 MasterTemplateService::? - GetList_Active_WithModel : MethodStart
INFO  2021-08-03 13:41:41,739 MasterTemplateService::? - GetList_Active_WithModel : MethodFinish
INFO  2021-08-03 13:41:41,885 WHONETColumnService::? - GetList_Active_WithModel : MethodStart
INFO  2021-08-03 13:41:41,890 WHONETColumnService::? - GetList_Active_WithModel : MethodFinish
INFO  2021-08-03 13:41:57,632 MasterTemplateService::? - GetList_Active_WithModel : MethodStart
INFO  2021-08-03 13:41:57,637 MasterTemplateService::? - GetList_Active_WithModel : MethodFinish
INFO  2021-08-03 13:41:57,785 WHONETColumnService::? - GetList_Active_WithModel : MethodStart
INFO  2021-08-03 13:41:57,790 WHONETColumnService::? - GetList_Active_WithModel : MethodFinish
INFO  2021-08-03 13:42:07,129 MasterTemplateService::? - GetList_Active_WithModel : MethodStart
INFO  2021-08-03 13:42:07,133 MasterTemplateService::? - GetList_Active_WithModel : MethodFinish
INFO  2021-08-03 13:42:07,275 WHONETColumnService::? - GetList_Active_WithModel : MethodStart
INFO  2021-08-03 13:42:07,280 WHONETColumnService::? - GetList_Active_WithModel : MethodFinish
INFO  2021-08-03 13:42:35,436 MasterTemplateService::? - GetList_Active_WithModel : MethodStart
INFO  2021-08-03 13:42:35,446 MasterTemplateService::? - GetList_Active_WithModel : MethodFinish
INFO  2021-08-03 13:42:35,662 WHONETColumnService::? - GetList_Active_WithModel : MethodStart
INFO  2021-08-03 13:42:35,669 WHONETColumnService::? - GetList_Active_WithModel : MethodFinish
INFO  2021-08-03 13:44:55,149 MasterTemplateService::? - GetList_Active_WithModel : MethodStart
INFO  2021-08-03 13:44:55,163 MasterTemplateService::? - GetList_Active_WithModel : MethodFinish
INFO  2021-08-03 13:44:55,382 WHONETColumnService::? - GetList_Active_WithModel : MethodStart
INFO  2021-08-03 13:44:55,389 WHONETColumnService::? - GetList_Active_WithModel : MethodFinish
INFO  2021-08-03 13:44:59,419 MasterTemplateService::? - GetList_Active_WithModel : MethodStart
INFO  2021-08-03 13:44:59,422 MasterTemplateService::? - GetList_Active_WithModel : MethodFinish
INFO  2021-08-03 13:44:59,549 WHONETColumnService::? - GetList_Active_WithModel : MethodStart
INFO  2021-08-03 13:44:59,552 WHONETColumnService::? - GetList_Active_WithModel : MethodFinish
INFO  2021-08-03 13:46:59,334 MasterTemplateService::? - GetList_Active_WithModel : MethodStart
INFO  2021-08-03 13:46:59,346 MasterTemplateService::? - GetList_Active_WithModel : MethodFinish
INFO  2021-08-03 13:46:59,548 WHONETColumnService::? - GetList_Active_WithModel : MethodStart
INFO  2021-08-03 13:46:59,554 WHONETColumnService::? - GetList_Active_WithModel : MethodFinish
INFO  2021-08-03 13:47:14,520 MasterTemplateService::? - GetList_Active_WithModel : MethodStart
INFO  2021-08-03 13:47:14,523 MasterTemplateService::? - GetList_Active_WithModel : MethodFinish
INFO  2021-08-03 13:47:14,658 WHONETColumnService::? - GetList_Active_WithModel : MethodStart
INFO  2021-08-03 13:47:14,662 WHONETColumnService::? - GetList_Active_WithModel : MethodFinish
INFO  2021-08-03 13:47:43,669 MasterTemplateService::? - GetList_Active_WithModel : MethodStart
INFO  2021-08-03 13:47:43,677 MasterTemplateService::? - GetList_Active_WithModel : MethodFinish
INFO  2021-08-03 13:47:43,886 WHONETColumnService::? - GetList_Active_WithModel : MethodStart
INFO  2021-08-03 13:47:43,895 WHONETColumnService::? - GetList_Active_WithModel : MethodFinish
INFO  2021-08-03 13:48:18,472 MasterTemplateService::? - GetList_Active_WithModel : MethodStart
INFO  2021-08-03 13:48:18,474 MasterTemplateService::? - GetList_Active_WithModel : MethodFinish
INFO  2021-08-03 13:48:18,608 WHONETColumnService::? - GetList_Active_WithModel : MethodStart
INFO  2021-08-03 13:48:18,616 WHONETColumnService::? - GetList_Active_WithModel : MethodFinish
INFO  2021-08-03 13:49:32,865 MasterTemplateService::? - GetList_Active_WithModel : MethodStart
INFO  2021-08-03 13:49:32,880 MasterTemplateService::? - GetList_Active_WithModel : MethodFinish
INFO  2021-08-03 13:49:33,120 WHONETColumnService::? - GetList_Active_WithModel : MethodStart
INFO  2021-08-03 13:49:33,128 WHONETColumnService::? - GetList_Active_WithModel : MethodFinish
INFO  2021-08-03 13:50:17,058 MasterTemplateService::? - GetList_Active_WithModel : MethodStart
INFO  2021-08-03 13:50:17,069 MasterTemplateService::? - GetList_Active_WithModel : MethodFinish
INFO  2021-08-03 13:50:17,384 WHONETColumnService::? - GetList_Active_WithModel : MethodStart
INFO  2021-08-03 13:50:17,391 WHONETColumnService::? - GetList_Active_WithModel : MethodFinish
INFO  2021-08-03 13:50:45,414 MasterTemplateService::? - GetList_Active_WithModel : MethodStart
INFO  2021-08-03 13:50:45,420 MasterTemplateService::? - GetList_Active_WithModel : MethodFinish
INFO  2021-08-03 13:50:45,532 WHONETColumnService::? - GetList_Active_WithModel : MethodStart
INFO  2021-08-03 13:50:45,536 WHONETColumnService::? - GetList_Active_WithModel : MethodFinish
INFO  2021-08-03 13:51:03,540 MasterTemplateService::? - GetList_Active_WithModel : MethodStart
INFO  2021-08-03 13:51:03,547 MasterTemplateService::? - GetList_Active_WithModel : MethodFinish
INFO  2021-08-03 13:51:03,748 WHONETColumnService::? - GetList_Active_WithModel : MethodStart
INFO  2021-08-03 13:51:03,754 WHONETColumnService::? - GetList_Active_WithModel : MethodFinish
INFO  2021-08-03 13:51:07,410 SpecimenService::? - GetList_Mapping_Active_WithModel : MethodStart
INFO  2021-08-03 13:51:07,436 SpecimenService::? - GetList_Mapping_Active_WithModel : MethodFinish
INFO  2021-08-03 13:51:31,007 WardTypeService::? - GetList_Active_WithModel : MethodStart
INFO  2021-08-03 13:51:31,029 WardTypeService::? - GetList_Active_WithModel : MethodFinish
INFO  2021-08-03 13:51:40,841 MasterTemplateService::? - GetList_Active_WithModel : MethodStart
INFO  2021-08-03 13:51:40,843 MasterTemplateService::? - GetList_Active_WithModel : MethodFinish
INFO  2021-08-03 13:51:40,972 WHONETColumnService::? - GetList_Active_WithModel : MethodStart
INFO  2021-08-03 13:51:40,975 WHONETColumnService::? - GetList_Active_WithModel : MethodFinish
INFO  2021-08-03 13:51:42,345 WardTypeService::? - GetList_Active_WithModel : MethodStart
INFO  2021-08-03 13:51:42,349 WardTypeService::? - GetList_Active_WithModel : MethodFinish
INFO  2021-08-03 13:51:47,241 MasterTemplateService::? - GetList_Active_WithModel : MethodStart
INFO  2021-08-03 13:51:47,243 MasterTemplateService::? - GetList_Active_WithModel : MethodFinish
INFO  2021-08-03 13:51:47,365 WHONETColumnService::? - GetList_Active_WithModel : MethodStart
INFO  2021-08-03 13:51:47,368 WHONETColumnService::? - GetList_Active_WithModel : MethodFinish
INFO  2021-08-03 13:51:48,474 WardTypeService::? - GetList_Active_WithModel : MethodStart
INFO  2021-08-03 13:51:48,478 WardTypeService::? - GetList_Active_WithModel : MethodFinish
INFO  2021-08-03 13:51:54,888 MasterTemplateService::? - GetList_Active_WithModel : MethodStart
INFO  2021-08-03 13:51:54,891 MasterTemplateService::? - GetList_Active_WithModel : MethodFinish
INFO  2021-08-03 13:51:55,013 WHONETColumnService::? - GetList_Active_WithModel : MethodStart
INFO  2021-08-03 13:51:55,016 WHONETColumnService::? - GetList_Active_WithModel : MethodFinish
INFO  2021-08-03 13:51:56,144 WardTypeService::? - GetList_Active_WithModel : MethodStart
INFO  2021-08-03 13:51:56,148 WardTypeService::? - GetList_Active_WithModel : MethodFinish
INFO  2021-08-03 13:52:01,948 MasterTemplateService::? - GetList_Active_WithModel : MethodStart
INFO  2021-08-03 13:52:02,178 MasterTemplateService::? - GetList_Active_WithModel : MethodFinish
INFO  2021-08-03 13:52:12,946 WHONETColumnService::? - GetList_Active_WithModel : MethodStart
INFO  2021-08-03 13:52:12,953 WHONETColumnService::? - GetList_Active_WithModel : MethodFinish
INFO  2021-08-03 13:52:14,869 WardTypeService::? - GetList_Active_WithModel : MethodStart
INFO  2021-08-03 13:52:14,876 WardTypeService::? - GetList_Active_WithModel : MethodFinish
INFO  2021-08-03 13:52:20,442 MasterTemplateService::? - GetList_Active_WithModel : MethodStart
INFO  2021-08-03 13:52:20,447 MasterTemplateService::? - GetList_Active_WithModel : MethodFinish
INFO  2021-08-03 13:52:20,602 WHONETColumnService::? - GetList_Active_WithModel : MethodStart
INFO  2021-08-03 13:52:20,606 WHONETColumnService::? - GetList_Active_WithModel : MethodFinish
INFO  2021-08-03 13:53:14,761 SpecimenService::? - GetList_Mapping_Active_WithModel : MethodStart
INFO  2021-08-03 13:53:14,794 SpecimenService::? - GetList_Mapping_Active_WithModel : MethodFinish
INFO  2021-08-03 13:53:32,675 MasterTemplateService::? - GetList_Active_WithModel : MethodStart
INFO  2021-08-03 13:53:32,681 MasterTemplateService::? - GetList_Active_WithModel : MethodFinish
INFO  2021-08-03 13:53:32,871 WHONETColumnService::? - GetList_Active_WithModel : MethodStart
INFO  2021-08-03 13:53:32,877 WHONETColumnService::? - GetList_Active_WithModel : MethodFinish
INFO  2021-08-03 13:53:48,760 SpecimenService::? - GetList_Mapping_Active_WithModel : MethodStart
INFO  2021-08-03 13:53:48,765 SpecimenService::? - GetList_Mapping_Active_WithModel : MethodFinish
INFO  2021-08-03 13:53:57,142 MasterTemplateService::? - GetList_Active_WithModel : MethodStart
INFO  2021-08-03 13:53:57,144 MasterTemplateService::? - GetList_Active_WithModel : MethodFinish
INFO  2021-08-03 13:53:57,277 WHONETColumnService::? - GetList_Active_WithModel : MethodStart
INFO  2021-08-03 13:53:57,280 WHONETColumnService::? - GetList_Active_WithModel : MethodFinish
INFO  2021-08-03 13:54:36,053 SpecimenService::? - GetList_Mapping_Active_WithModel : MethodStart
INFO  2021-08-03 13:54:36,073 SpecimenService::? - GetList_Mapping_Active_WithModel : MethodFinish
INFO  2021-08-03 13:54:47,457 MasterTemplateService::? - GetList_Active_WithModel : MethodStart
INFO  2021-08-03 13:54:47,463 MasterTemplateService::? - GetList_Active_WithModel : MethodFinish
INFO  2021-08-03 13:54:47,635 WHONETColumnService::? - GetList_Active_WithModel : MethodStart
INFO  2021-08-03 13:54:47,641 WHONETColumnService::? - GetList_Active_WithModel : MethodFinish
INFO  2021-08-03 13:55:21,648 OrganismService::? - GetList_Active_WithModel : MethodStart
INFO  2021-08-03 13:55:22,400 OrganismService::? - GetList_Active_WithModel : MethodFinish
INFO  2021-08-03 13:55:42,225 MasterTemplateService::? - GetList_Active_WithModel : MethodStart
INFO  2021-08-03 13:55:42,231 MasterTemplateService::? - GetList_Active_WithModel : MethodFinish
INFO  2021-08-03 13:55:42,417 WHONETColumnService::? - GetList_Active_WithModel : MethodStart
INFO  2021-08-03 13:55:42,424 WHONETColumnService::? - GetList_Active_WithModel : MethodFinish
INFO  2021-08-03 13:55:55,377 OrganismService::? - GetList_Active_WithModel : MethodStart
INFO  2021-08-03 13:55:55,419 OrganismService::? - GetList_Active_WithModel : MethodFinish
INFO  2021-08-03 13:56:39,843 MasterTemplateService::? - GetList_Active_WithModel : MethodStart
INFO  2021-08-03 13:56:39,854 MasterTemplateService::? - GetList_Active_WithModel : MethodFinish
INFO  2021-08-03 13:56:40,047 WHONETColumnService::? - GetList_Active_WithModel : MethodStart
INFO  2021-08-03 13:56:40,053 WHONETColumnService::? - GetList_Active_WithModel : MethodFinish
INFO  2021-08-03 13:57:20,331 MasterTemplateService::? - GetList_Active_WithModel : MethodStart
INFO  2021-08-03 13:57:20,335 MasterTemplateService::? - GetList_Active_WithModel : MethodFinish
INFO  2021-08-03 13:57:20,473 WHONETColumnService::? - GetList_Active_WithModel : MethodStart
INFO  2021-08-03 13:57:20,477 WHONETColumnService::? - GetList_Active_WithModel : MethodFinish
INFO  2021-08-03 15:18:25,401 MasterTemplateService::? - GetList_Active_WithModel : MethodStart
INFO  2021-08-03 15:18:25,430 MasterTemplateService::? - GetList_Active_WithModel : MethodFinish
INFO  2021-08-03 15:18:25,733 WHONETColumnService::? - GetList_Active_WithModel : MethodStart
INFO  2021-08-03 15:18:25,740 WHONETColumnService::? - GetList_Active_WithModel : MethodFinish
