INFO  2021-09-07 09:52:35,993 MasterTemplateService::? - GetList_Active_WithModel : MethodStart
INFO  2021-09-07 09:52:39,233 MasterTemplateService::? - GetList_Active_WithModel : MethodFinish
INFO  2021-09-07 10:43:09,907 MasterTemplateService::? - GetList_Active_WithModel : MethodStart
INFO  2021-09-07 10:43:11,210 MasterTemplateService::? - GetList_Active_WithModel : MethodFinish
INFO  2021-09-07 11:23:36,681 MasterTemplateService::? - GetList_Active_WithModel : MethodStart
INFO  2021-09-07 11:23:37,943 MasterTemplateService::? - GetList_Active_WithModel : MethodFinish
INFO  2021-09-07 11:23:42,590 WHONETColumnService::? - GetList_Active_WithModel : MethodStart
INFO  2021-09-07 11:23:42,734 WHONETColumnService::? - GetList_Active_WithModel : MethodFinish
INFO  2021-09-07 11:46:49,589 MasterTemplateService::? - GetListWithModel : MethodStart
INFO  2021-09-07 11:46:50,985 MasterTemplateService::? - GetListWithModel : MethodFinish
INFO  2021-09-07 11:46:55,306 MasterTemplateService::? - GetData : MethodStart
INFO  2021-09-07 11:46:55,469 MasterTemplateService::? - GetData : MethodFinish
INFO  2021-09-07 11:46:55,509 MasterTemplateService::? - Get_ProcessExcelColumn : MethodStart
INFO  2021-09-07 11:46:55,644 MasterTemplateService::? - Get_ProcessExcelColumn : MethodFinish
INFO  2021-09-07 11:46:55,671 MasterTemplateService::? - Get_ProcessExcelRow : MethodStart
INFO  2021-09-07 11:46:55,778 MasterTemplateService::? - Get_ProcessExcelRow : MethodFinish
INFO  2021-09-07 11:46:55,810 MasterTemplateService::? - Get_ProcessExcelTemplate : MethodStart
INFO  2021-09-07 11:46:55,935 MasterTemplateService::? - Get_ProcessExcelTemplate : MethodFinish
INFO  2021-09-07 11:47:09,636 MasterTemplateService::? - SaveProcessExcelColumnListData : MethodStart
INFO  2021-09-07 11:47:10,292 MasterTemplateService::? - SaveProcessExcelColumnListData : MethodFinish
INFO  2021-09-07 11:47:10,326 MasterTemplateService::? - SaveProcessExcelRowListData : MethodStart
INFO  2021-09-07 11:47:10,665 MasterTemplateService::? - SaveProcessExcelRowListData : MethodFinish
INFO  2021-09-07 11:47:10,760 MasterTemplateService::? - SaveProcessExcelTemplateListData : MethodStart
INFO  2021-09-07 11:47:19,353 MasterTemplateService::? - SaveProcessExcelTemplateListData : MethodFinish
INFO  2021-09-07 11:47:25,286 MasterTemplateService::? - Get_ProcessExcelColumn : MethodStart
INFO  2021-09-07 11:47:25,432 MasterTemplateService::? - Get_ProcessExcelColumn : MethodFinish
INFO  2021-09-07 11:47:25,462 MasterTemplateService::? - Get_ProcessExcelRow : MethodStart
INFO  2021-09-07 11:47:25,572 MasterTemplateService::? - Get_ProcessExcelRow : MethodFinish
INFO  2021-09-07 11:47:25,590 MasterTemplateService::? - Get_ProcessExcelTemplate : MethodStart
INFO  2021-09-07 11:47:25,803 MasterTemplateService::? - Get_ProcessExcelTemplate : MethodFinish
INFO  2021-09-07 11:47:37,989 MasterTemplateService::? - GetListWithModel : MethodStart
INFO  2021-09-07 11:47:38,091 MasterTemplateService::? - GetListWithModel : MethodFinish
INFO  2021-09-07 11:47:40,743 MasterTemplateService::? - GetData : MethodStart
INFO  2021-09-07 11:47:40,879 MasterTemplateService::? - GetData : MethodFinish
INFO  2021-09-07 11:47:40,898 MasterTemplateService::? - Get_ProcessExcelColumn : MethodStart
INFO  2021-09-07 11:47:41,010 MasterTemplateService::? - Get_ProcessExcelColumn : MethodFinish
INFO  2021-09-07 11:47:41,066 MasterTemplateService::? - Get_ProcessExcelRow : MethodStart
INFO  2021-09-07 11:47:41,171 MasterTemplateService::? - Get_ProcessExcelRow : MethodFinish
INFO  2021-09-07 11:47:41,209 MasterTemplateService::? - Get_ProcessExcelTemplate : MethodStart
INFO  2021-09-07 11:47:41,415 MasterTemplateService::? - Get_ProcessExcelTemplate : MethodFinish
INFO  2021-09-07 11:47:50,024 MasterTemplateService::? - Get_ProcessExcelColumn : MethodStart
INFO  2021-09-07 11:47:50,137 MasterTemplateService::? - Get_ProcessExcelColumn : MethodFinish
INFO  2021-09-07 11:47:50,163 MasterTemplateService::? - Get_ProcessExcelRow : MethodStart
INFO  2021-09-07 11:47:50,273 MasterTemplateService::? - Get_ProcessExcelRow : MethodFinish
INFO  2021-09-07 11:47:50,292 MasterTemplateService::? - Get_ProcessExcelTemplate : MethodStart
INFO  2021-09-07 11:47:50,459 MasterTemplateService::? - Get_ProcessExcelTemplate : MethodFinish
