INFO  2021-09-27 11:40:58,461 SpecimenService::? - GetList_Mapping_Active_WithModel : MethodStart
INFO  2021-09-27 11:41:04,873 SpecimenService::? - GetList_Mapping_Active_WithModel : MethodFinish
INFO  2021-09-27 16:32:17,262 MasterTemplateService::? - GetListWithModel : MethodStart
INFO  2021-09-27 16:32:18,371 MasterTemplateService::? - GetListWithModel : MethodFinish
INFO  2021-09-27 16:32:22,790 MasterTemplateService::? - GetData : MethodStart
INFO  2021-09-27 16:32:22,852 MasterTemplateService::? - GetData : MethodFinish
INFO  2021-09-27 16:32:32,103 MasterTemplateService::? - GetListWithModel : MethodStart
INFO  2021-09-27 16:32:32,147 MasterTemplateService::? - GetListWithModel : MethodFinish
INFO  2021-09-27 17:02:38,771 MasterTemplateService::? - GetListWithModel : MethodStart
INFO  2021-09-27 17:02:39,674 MasterTemplateService::? - GetListWithModel : MethodFinish
INFO  2021-09-27 17:02:43,758 MasterTemplateService::? - GetData : MethodStart
INFO  2021-09-27 17:02:43,816 MasterTemplateService::? - GetData : MethodFinish
INFO  2021-09-27 17:02:48,832 MasterTemplateService::? - GetListWithModel : MethodStart
INFO  2021-09-27 17:02:48,867 MasterTemplateService::? - GetListWithModel : MethodFinish
INFO  2021-09-27 17:03:41,190 SpecimenService::? - GetList_Mapping_Active_WithModel : MethodStart
INFO  2021-09-27 17:03:41,335 SpecimenService::? - GetList_Mapping_Active_WithModel : MethodFinish
INFO  2021-09-27 17:07:20,911 SpecimenService::? - GetList_Active_WithModel : MethodStart
INFO  2021-09-27 17:07:20,927 SpecimenService::? - GetList_Active_WithModel : MethodFinish
INFO  2021-09-27 17:10:35,892 SpecimenService::? - GetList_Active_WithModel : MethodStart
INFO  2021-09-27 17:10:35,903 SpecimenService::? - GetList_Active_WithModel : MethodFinish
INFO  2021-09-27 17:13:00,087 SpecimenService::? - GetList_Active_WithModel : MethodStart
INFO  2021-09-27 17:13:01,039 SpecimenService::? - GetList_Active_WithModel : MethodFinish
INFO  2021-09-27 17:13:34,640 SpecimenService::? - GetList_Active_WithModel : MethodStart
INFO  2021-09-27 17:13:34,668 SpecimenService::? - GetList_Active_WithModel : MethodFinish
INFO  2021-09-27 17:13:50,741 SpecimenService::? - GetList_Active_WithModel : MethodStart
INFO  2021-09-27 17:13:50,790 SpecimenService::? - GetList_Active_WithModel : MethodFinish
INFO  2021-09-27 17:14:00,152 SpecimenService::? - GetList_Active_WithModel : MethodStart
INFO  2021-09-27 17:14:00,162 SpecimenService::? - GetList_Active_WithModel : MethodFinish
INFO  2021-09-27 17:14:32,786 SpecimenService::? - GetList_Active_WithModel : MethodStart
INFO  2021-09-27 17:14:32,796 SpecimenService::? - GetList_Active_WithModel : MethodFinish
INFO  2021-09-27 17:14:49,648 SpecimenService::? - GetList_Active_WithModel : MethodStart
INFO  2021-09-27 17:14:49,656 SpecimenService::? - GetList_Active_WithModel : MethodFinish
INFO  2021-09-27 17:15:01,317 SpecimenService::? - GetList_Active_WithModel : MethodStart
INFO  2021-09-27 17:15:01,327 SpecimenService::? - GetList_Active_WithModel : MethodFinish
INFO  2021-09-27 17:37:28,968 MasterTemplateService::? - GetListWithModel : MethodStart
INFO  2021-09-27 17:37:29,864 MasterTemplateService::? - GetListWithModel : MethodFinish
INFO  2021-09-27 19:14:14,402 MasterTemplateService::? - GetList_Active_WithModel : MethodStart
INFO  2021-09-27 19:14:16,329 MasterTemplateService::? - GetList_Active_WithModel : MethodFinish
INFO  2021-09-27 19:19:38,864 SpecimenService::? - GetList_Active_WithModel : MethodStart
INFO  2021-09-27 19:19:39,306 SpecimenService::? - GetList_Active_WithModel : MethodFinish
INFO  2021-09-27 19:21:03,665 SpecimenService::? - GetList_Active_WithModel : MethodStart
INFO  2021-09-27 19:21:04,071 SpecimenService::? - GetList_Active_WithModel : MethodFinish
INFO  2021-09-27 19:31:04,334 MasterTemplateService::? - GetList_Active_WithModel : MethodStart
INFO  2021-09-27 19:31:06,100 MasterTemplateService::? - GetList_Active_WithModel : MethodFinish
INFO  2021-09-27 19:35:29,425 MasterTemplateService::? - GetList_Active_WithModel : MethodStart
INFO  2021-09-27 19:35:29,550 MasterTemplateService::? - GetList_Active_WithModel : MethodFinish
INFO  2021-09-27 19:44:25,266 MasterTemplateService::? - GetList_Active_WithModel : MethodStart
INFO  2021-09-27 19:44:27,007 MasterTemplateService::? - GetList_Active_WithModel : MethodFinish
