INFO  2022-11-28 17:54:34,462 MasterHospitalService::? - GetListWithModel : MethodStart
INFO  2022-11-28 17:54:39,408 MasterHospitalService::? - GetListWithModel : MethodFinish
INFO  2022-11-28 17:54:51,085 MasterHospitalService::? - GetListWithModel : MethodStart
INFO  2022-11-28 17:54:51,351 MasterHospitalService::? - GetListWithModel : MethodFinish
INFO  2022-11-28 17:55:25,978 MasterHospitalService::? - SaveData : MethodStart
INFO  2022-11-28 17:55:26,524 MasterHospitalService::? - SaveData : MethodFinish
INFO  2022-11-28 17:55:28,094 MasterHospitalService::? - GetListWithModel : MethodStart
INFO  2022-11-28 17:55:28,265 MasterHospitalService::? - GetListWithModel : MethodFinish
INFO  2022-11-28 17:56:35,505 MasterTemplateService::? - GetList_Active_WithModel : MethodStart
INFO  2022-11-28 17:56:35,650 MasterTemplateService::? - GetList_Active_WithModel : MethodFinish
INFO  2022-11-28 17:59:34,861 MasterTemplateService::? - GetList_Active_WithModel : MethodStart
INFO  2022-11-28 17:59:34,969 MasterTemplateService::? - GetList_Active_WithModel : MethodFinish
INFO  2022-11-28 18:00:42,379 MasterTemplateService::? - GetList_Active_WithModel : MethodStart
INFO  2022-11-28 18:00:42,500 MasterTemplateService::? - GetList_Active_WithModel : MethodFinish
INFO  2022-11-28 18:03:18,175 MasterTemplateService::? - GetList_Active_WithModel : MethodStart
INFO  2022-11-28 18:03:18,287 MasterTemplateService::? - GetList_Active_WithModel : MethodFinish
INFO  2022-11-28 18:04:42,190 MasterTemplateService::? - GetList_Active_WithModel : MethodStart
INFO  2022-11-28 18:04:42,301 MasterTemplateService::? - GetList_Active_WithModel : MethodFinish
INFO  2022-11-28 18:10:54,490 MasterTemplateService::? - GetList_Active_WithModel : MethodStart
INFO  2022-11-28 18:10:54,739 MasterTemplateService::? - GetList_Active_WithModel : MethodFinish
INFO  2022-11-28 18:59:17,041 MasterHospitalService::? - GetListWithModel : MethodStart
INFO  2022-11-28 18:59:20,780 MasterHospitalService::? - GetListWithModel : MethodFinish
INFO  2022-11-28 19:00:29,694 MasterHospitalService::? - GetListWithModel : MethodStart
INFO  2022-11-28 19:00:30,835 MasterHospitalService::? - GetListWithModel : MethodFinish
INFO  2022-11-28 19:00:36,696 MasterHospitalService::? - GetListWithModel : MethodStart
INFO  2022-11-28 19:00:36,934 MasterHospitalService::? - GetListWithModel : MethodFinish
INFO  2022-11-28 19:00:39,433 MasterHospitalService::? - GetListWithModel : MethodStart
INFO  2022-11-28 19:00:39,555 MasterHospitalService::? - GetListWithModel : MethodFinish
INFO  2022-11-28 19:01:16,534 MasterHospitalService::? - SaveData : MethodStart
INFO  2022-11-28 19:01:17,014 MasterHospitalService::? - SaveData : MethodFinish
INFO  2022-11-28 19:01:18,218 MasterHospitalService::? - GetListWithModel : MethodStart
INFO  2022-11-28 19:01:18,344 MasterHospitalService::? - GetListWithModel : MethodFinish
INFO  2022-11-28 19:02:25,071 MasterTemplateService::? - GetList_Active_WithModel : MethodStart
INFO  2022-11-28 19:02:25,233 MasterTemplateService::? - GetList_Active_WithModel : MethodFinish
