INFO  2022-03-30 15:35:08,460 MasterHospitalService::? - GetListWithModel : MethodStart
INFO  2022-03-30 15:35:13,334 MasterHospitalService::? - GetListWithModel : MethodFinish
INFO  2022-03-30 15:35:32,076 MasterHospitalService::? - GetListWithModel : MethodStart
INFO  2022-03-30 15:35:32,408 MasterHospitalService::? - GetListWithModel : MethodFinish
INFO  2022-03-30 15:35:45,226 MasterHospitalService::? - GetListWithModel : MethodStart
INFO  2022-03-30 15:35:47,404 MasterHospitalService::? - GetListWithModel : MethodFinish
INFO  2022-03-30 15:35:58,857 MasterHospitalService::? - GetListWithModel : MethodStart
INFO  2022-03-30 15:35:58,991 MasterHospitalService::? - GetListWithModel : MethodFinish
INFO  2022-03-30 15:36:18,897 MasterHospitalService::? - SaveData : MethodStart
INFO  2022-03-30 15:36:19,423 MasterHospitalService::? - SaveData : MethodFinish
INFO  2022-03-30 15:36:20,667 MasterHospitalService::? - GetListWithModel : MethodStart
INFO  2022-03-30 15:36:20,826 MasterHospitalService::? - GetListWithModel : MethodFinish
INFO  2022-03-30 15:39:50,389 SpecimenService::? - GetList_Mapping_Active_WithModel : MethodStart
INFO  2022-03-30 15:39:50,647 SpecimenService::? - GetList_Mapping_Active_WithModel : MethodFinish
INFO  2022-03-30 15:40:28,711 MasterTemplateService::? - GetList_Active_WithModel : MethodStart
INFO  2022-03-30 15:40:28,901 MasterTemplateService::? - GetList_Active_WithModel : MethodFinish
INFO  2022-03-30 15:41:17,273 MasterTemplateService::? - GetList_Active_WithModel : MethodStart
INFO  2022-03-30 15:41:17,392 MasterTemplateService::? - GetList_Active_WithModel : MethodFinish
INFO  2022-03-30 15:41:19,143 WHONETColumnService::? - GetList_Active_WithModel : MethodStart
INFO  2022-03-30 15:41:19,311 WHONETColumnService::? - GetList_Active_WithModel : MethodFinish
INFO  2022-03-30 15:42:07,682 MasterTemplateService::? - GetList_Active_WithModel : MethodStart
INFO  2022-03-30 15:42:07,795 MasterTemplateService::? - GetList_Active_WithModel : MethodFinish
INFO  2022-03-30 15:42:08,725 WHONETColumnService::? - GetList_Active_WithModel : MethodStart
INFO  2022-03-30 15:42:08,870 WHONETColumnService::? - GetList_Active_WithModel : MethodFinish
INFO  2022-03-30 15:42:45,814 MasterTemplateService::? - GetList_Active_WithModel : MethodStart
INFO  2022-03-30 15:42:45,931 MasterTemplateService::? - GetList_Active_WithModel : MethodFinish
INFO  2022-03-30 15:42:46,985 WHONETColumnService::? - GetList_Active_WithModel : MethodStart
INFO  2022-03-30 15:42:47,118 WHONETColumnService::? - GetList_Active_WithModel : MethodFinish
INFO  2022-03-30 15:43:04,618 MasterTemplateService::? - GetList_Active_WithModel : MethodStart
INFO  2022-03-30 15:43:04,738 MasterTemplateService::? - GetList_Active_WithModel : MethodFinish
INFO  2022-03-30 15:43:05,792 WHONETColumnService::? - GetList_Active_WithModel : MethodStart
INFO  2022-03-30 15:43:05,912 WHONETColumnService::? - GetList_Active_WithModel : MethodFinish
INFO  2022-03-30 15:43:19,066 MasterTemplateService::? - GetList_Active_WithModel : MethodStart
INFO  2022-03-30 15:43:19,183 MasterTemplateService::? - GetList_Active_WithModel : MethodFinish
INFO  2022-03-30 15:43:20,113 WHONETColumnService::? - GetList_Active_WithModel : MethodStart
INFO  2022-03-30 15:43:20,238 WHONETColumnService::? - GetList_Active_WithModel : MethodFinish
INFO  2022-03-30 15:43:34,083 MasterTemplateService::? - GetList_Active_WithModel : MethodStart
INFO  2022-03-30 15:43:34,200 MasterTemplateService::? - GetList_Active_WithModel : MethodFinish
INFO  2022-03-30 15:43:35,296 WHONETColumnService::? - GetList_Active_WithModel : MethodStart
INFO  2022-03-30 15:43:35,431 WHONETColumnService::? - GetList_Active_WithModel : MethodFinish
INFO  2022-03-30 15:43:51,139 MasterTemplateService::? - GetList_Active_WithModel : MethodStart
INFO  2022-03-30 15:43:51,263 MasterTemplateService::? - GetList_Active_WithModel : MethodFinish
INFO  2022-03-30 15:43:52,578 WHONETColumnService::? - GetList_Active_WithModel : MethodStart
INFO  2022-03-30 15:43:52,715 WHONETColumnService::? - GetList_Active_WithModel : MethodFinish
INFO  2022-03-30 15:44:10,530 MasterTemplateService::? - GetList_Active_WithModel : MethodStart
INFO  2022-03-30 15:44:10,648 MasterTemplateService::? - GetList_Active_WithModel : MethodFinish
INFO  2022-03-30 15:44:11,673 WHONETColumnService::? - GetList_Active_WithModel : MethodStart
INFO  2022-03-30 15:44:11,787 WHONETColumnService::? - GetList_Active_WithModel : MethodFinish
INFO  2022-03-30 15:44:42,428 MasterTemplateService::? - GetList_Active_WithModel : MethodStart
INFO  2022-03-30 15:44:42,539 MasterTemplateService::? - GetList_Active_WithModel : MethodFinish
INFO  2022-03-30 15:44:43,377 WHONETColumnService::? - GetList_Active_WithModel : MethodStart
INFO  2022-03-30 15:44:43,499 WHONETColumnService::? - GetList_Active_WithModel : MethodFinish
INFO  2022-03-30 15:45:05,722 MasterTemplateService::? - GetList_Active_WithModel : MethodStart
INFO  2022-03-30 15:45:05,848 MasterTemplateService::? - GetList_Active_WithModel : MethodFinish
INFO  2022-03-30 15:45:06,726 WHONETColumnService::? - GetList_Active_WithModel : MethodStart
INFO  2022-03-30 15:45:06,842 WHONETColumnService::? - GetList_Active_WithModel : MethodFinish
INFO  2022-03-30 15:45:17,032 MasterTemplateService::? - GetList_Active_WithModel : MethodStart
INFO  2022-03-30 15:45:17,144 MasterTemplateService::? - GetList_Active_WithModel : MethodFinish
INFO  2022-03-30 15:45:18,228 WHONETColumnService::? - GetList_Active_WithModel : MethodStart
INFO  2022-03-30 15:45:18,338 WHONETColumnService::? - GetList_Active_WithModel : MethodFinish
INFO  2022-03-30 15:45:34,852 MasterTemplateService::? - GetList_Active_WithModel : MethodStart
INFO  2022-03-30 15:45:34,961 MasterTemplateService::? - GetList_Active_WithModel : MethodFinish
INFO  2022-03-30 15:45:35,868 WHONETColumnService::? - GetList_Active_WithModel : MethodStart
INFO  2022-03-30 15:45:36,007 WHONETColumnService::? - GetList_Active_WithModel : MethodFinish
INFO  2022-03-30 15:45:38,996 SpecimenService::? - GetList_Mapping_Active_WithModel : MethodStart
INFO  2022-03-30 15:45:39,105 SpecimenService::? - GetList_Mapping_Active_WithModel : MethodFinish
INFO  2022-03-30 15:46:01,935 MasterTemplateService::? - GetList_Active_WithModel : MethodStart
INFO  2022-03-30 15:46:02,052 MasterTemplateService::? - GetList_Active_WithModel : MethodFinish
INFO  2022-03-30 15:46:02,947 WHONETColumnService::? - GetList_Active_WithModel : MethodStart
INFO  2022-03-30 15:46:03,064 WHONETColumnService::? - GetList_Active_WithModel : MethodFinish
INFO  2022-03-30 15:46:03,949 SpecimenService::? - GetList_Mapping_Active_WithModel : MethodStart
INFO  2022-03-30 15:46:04,061 SpecimenService::? - GetList_Mapping_Active_WithModel : MethodFinish
INFO  2022-03-30 15:46:11,257 MasterTemplateService::? - GetList_Active_WithModel : MethodStart
INFO  2022-03-30 15:46:11,378 MasterTemplateService::? - GetList_Active_WithModel : MethodFinish
INFO  2022-03-30 15:46:12,290 WHONETColumnService::? - GetList_Active_WithModel : MethodStart
INFO  2022-03-30 15:46:12,408 WHONETColumnService::? - GetList_Active_WithModel : MethodFinish
INFO  2022-03-30 15:46:13,496 SpecimenService::? - GetList_Mapping_Active_WithModel : MethodStart
INFO  2022-03-30 15:46:13,606 SpecimenService::? - GetList_Mapping_Active_WithModel : MethodFinish
INFO  2022-03-30 15:46:19,655 MasterTemplateService::? - GetList_Active_WithModel : MethodStart
INFO  2022-03-30 15:46:19,780 MasterTemplateService::? - GetList_Active_WithModel : MethodFinish
INFO  2022-03-30 15:46:20,685 WHONETColumnService::? - GetList_Active_WithModel : MethodStart
INFO  2022-03-30 15:46:20,799 WHONETColumnService::? - GetList_Active_WithModel : MethodFinish
INFO  2022-03-30 15:46:21,504 SpecimenService::? - GetList_Mapping_Active_WithModel : MethodStart
INFO  2022-03-30 15:46:21,615 SpecimenService::? - GetList_Mapping_Active_WithModel : MethodFinish
INFO  2022-03-30 15:46:28,521 MasterTemplateService::? - GetList_Active_WithModel : MethodStart
INFO  2022-03-30 15:46:28,627 MasterTemplateService::? - GetList_Active_WithModel : MethodFinish
INFO  2022-03-30 15:46:29,455 WHONETColumnService::? - GetList_Active_WithModel : MethodStart
INFO  2022-03-30 15:46:29,571 WHONETColumnService::? - GetList_Active_WithModel : MethodFinish
INFO  2022-03-30 15:46:30,438 SpecimenService::? - GetList_Mapping_Active_WithModel : MethodStart
INFO  2022-03-30 15:46:30,561 SpecimenService::? - GetList_Mapping_Active_WithModel : MethodFinish
INFO  2022-03-30 15:46:47,911 MasterTemplateService::? - GetList_Active_WithModel : MethodStart
INFO  2022-03-30 15:46:48,039 MasterTemplateService::? - GetList_Active_WithModel : MethodFinish
INFO  2022-03-30 15:46:49,064 WHONETColumnService::? - GetList_Active_WithModel : MethodStart
INFO  2022-03-30 15:46:49,180 WHONETColumnService::? - GetList_Active_WithModel : MethodFinish
INFO  2022-03-30 15:47:15,567 MasterTemplateService::? - GetList_Active_WithModel : MethodStart
INFO  2022-03-30 15:47:15,699 MasterTemplateService::? - GetList_Active_WithModel : MethodFinish
INFO  2022-03-30 15:47:56,363 MasterTemplateService::? - GetList_Active_WithModel : MethodStart
INFO  2022-03-30 15:47:56,480 MasterTemplateService::? - GetList_Active_WithModel : MethodFinish
INFO  2022-03-30 15:48:56,322 SpecimenService::? - GetList_Mapping_Active_WithModel : MethodStart
INFO  2022-03-30 15:48:56,446 SpecimenService::? - GetList_Mapping_Active_WithModel : MethodFinish
INFO  2022-03-30 15:49:26,316 MasterTemplateService::? - GetList_Active_WithModel : MethodStart
INFO  2022-03-30 15:49:26,468 MasterTemplateService::? - GetList_Active_WithModel : MethodFinish
INFO  2022-03-30 15:49:27,748 WHONETColumnService::? - GetList_Active_WithModel : MethodStart
INFO  2022-03-30 15:49:27,867 WHONETColumnService::? - GetList_Active_WithModel : MethodFinish
INFO  2022-03-30 15:49:47,059 MasterTemplateService::? - GetList_Active_WithModel : MethodStart
INFO  2022-03-30 15:49:47,173 MasterTemplateService::? - GetList_Active_WithModel : MethodFinish
INFO  2022-03-30 15:49:48,067 WHONETColumnService::? - GetList_Active_WithModel : MethodStart
INFO  2022-03-30 15:49:48,186 WHONETColumnService::? - GetList_Active_WithModel : MethodFinish
INFO  2022-03-30 15:49:52,644 MasterTemplateService::? - GetList_Active_WithModel : MethodStart
INFO  2022-03-30 15:49:52,750 MasterTemplateService::? - GetList_Active_WithModel : MethodFinish
INFO  2022-03-30 15:49:53,571 WHONETColumnService::? - GetList_Active_WithModel : MethodStart
INFO  2022-03-30 15:49:53,691 WHONETColumnService::? - GetList_Active_WithModel : MethodFinish
INFO  2022-03-30 15:50:17,955 MasterTemplateService::? - GetList_Active_WithModel : MethodStart
INFO  2022-03-30 15:50:18,086 MasterTemplateService::? - GetList_Active_WithModel : MethodFinish
INFO  2022-03-30 16:11:38,604 SpecimenService::? - GetList_Mapping_Active_WithModel : MethodStart
INFO  2022-03-30 16:11:39,997 SpecimenService::? - GetList_Mapping_Active_WithModel : MethodFinish
INFO  2022-03-30 16:12:11,439 MasterTemplateService::? - GetList_Active_WithModel : MethodStart
INFO  2022-03-30 16:12:11,589 MasterTemplateService::? - GetList_Active_WithModel : MethodFinish
INFO  2022-03-30 16:12:12,690 WHONETColumnService::? - GetList_Active_WithModel : MethodStart
INFO  2022-03-30 16:12:12,888 WHONETColumnService::? - GetList_Active_WithModel : MethodFinish
INFO  2022-03-30 16:14:49,208 OrganismService::? - GetList_Active_WithModel : MethodStart
INFO  2022-03-30 16:14:49,596 OrganismService::? - GetList_Active_WithModel : MethodFinish
INFO  2022-03-30 16:15:35,776 MasterTemplateService::? - GetList_Active_WithModel : MethodStart
INFO  2022-03-30 16:15:35,889 MasterTemplateService::? - GetList_Active_WithModel : MethodFinish
INFO  2022-03-30 16:15:36,691 WHONETColumnService::? - GetList_Active_WithModel : MethodStart
INFO  2022-03-30 16:15:36,808 WHONETColumnService::? - GetList_Active_WithModel : MethodFinish
INFO  2022-03-30 16:15:40,809 OrganismService::? - GetList_Active_WithModel : MethodStart
INFO  2022-03-30 16:15:41,077 OrganismService::? - GetList_Active_WithModel : MethodFinish
INFO  2022-03-30 16:15:51,894 MasterTemplateService::? - GetList_Active_WithModel : MethodStart
INFO  2022-03-30 16:15:52,035 MasterTemplateService::? - GetList_Active_WithModel : MethodFinish
INFO  2022-03-30 16:15:52,833 WHONETColumnService::? - GetList_Active_WithModel : MethodStart
INFO  2022-03-30 16:15:52,946 WHONETColumnService::? - GetList_Active_WithModel : MethodFinish
INFO  2022-03-30 16:15:56,925 OrganismService::? - GetList_Active_WithModel : MethodStart
INFO  2022-03-30 16:15:57,207 OrganismService::? - GetList_Active_WithModel : MethodFinish
INFO  2022-03-30 16:16:08,419 MasterTemplateService::? - GetList_Active_WithModel : MethodStart
INFO  2022-03-30 16:16:08,531 MasterTemplateService::? - GetList_Active_WithModel : MethodFinish
INFO  2022-03-30 16:16:09,363 WHONETColumnService::? - GetList_Active_WithModel : MethodStart
INFO  2022-03-30 16:16:09,476 WHONETColumnService::? - GetList_Active_WithModel : MethodFinish
INFO  2022-03-30 16:16:21,555 OrganismService::? - GetList_Active_WithModel : MethodStart
INFO  2022-03-30 16:16:21,770 OrganismService::? - GetList_Active_WithModel : MethodFinish
INFO  2022-03-30 16:16:29,945 MasterTemplateService::? - GetList_Active_WithModel : MethodStart
INFO  2022-03-30 16:16:30,054 MasterTemplateService::? - GetList_Active_WithModel : MethodFinish
INFO  2022-03-30 16:16:30,810 WHONETColumnService::? - GetList_Active_WithModel : MethodStart
INFO  2022-03-30 16:16:30,932 WHONETColumnService::? - GetList_Active_WithModel : MethodFinish
INFO  2022-03-30 16:16:34,503 OrganismService::? - GetList_Active_WithModel : MethodStart
INFO  2022-03-30 16:16:34,746 OrganismService::? - GetList_Active_WithModel : MethodFinish
INFO  2022-03-30 16:16:43,202 MasterTemplateService::? - GetList_Active_WithModel : MethodStart
INFO  2022-03-30 16:16:43,327 MasterTemplateService::? - GetList_Active_WithModel : MethodFinish
INFO  2022-03-30 16:16:44,142 WHONETColumnService::? - GetList_Active_WithModel : MethodStart
INFO  2022-03-30 16:16:44,264 WHONETColumnService::? - GetList_Active_WithModel : MethodFinish
INFO  2022-03-30 16:16:48,879 OrganismService::? - GetList_Active_WithModel : MethodStart
INFO  2022-03-30 16:16:49,087 OrganismService::? - GetList_Active_WithModel : MethodFinish
INFO  2022-03-30 16:16:58,842 MasterTemplateService::? - GetList_Active_WithModel : MethodStart
INFO  2022-03-30 16:16:58,958 MasterTemplateService::? - GetList_Active_WithModel : MethodFinish
INFO  2022-03-30 16:16:59,830 WHONETColumnService::? - GetList_Active_WithModel : MethodStart
INFO  2022-03-30 16:16:59,954 WHONETColumnService::? - GetList_Active_WithModel : MethodFinish
INFO  2022-03-30 16:17:09,131 WardTypeService::? - GetList_Active_WithModel : MethodStart
INFO  2022-03-30 16:17:09,264 WardTypeService::? - GetList_Active_WithModel : MethodFinish
INFO  2022-03-30 16:17:19,766 MasterTemplateService::? - GetList_Active_WithModel : MethodStart
INFO  2022-03-30 16:17:19,877 MasterTemplateService::? - GetList_Active_WithModel : MethodFinish
INFO  2022-03-30 16:17:20,805 WHONETColumnService::? - GetList_Active_WithModel : MethodStart
INFO  2022-03-30 16:17:20,915 WHONETColumnService::? - GetList_Active_WithModel : MethodFinish
INFO  2022-03-30 16:17:21,866 WardTypeService::? - GetList_Active_WithModel : MethodStart
INFO  2022-03-30 16:17:21,980 WardTypeService::? - GetList_Active_WithModel : MethodFinish
INFO  2022-03-30 16:17:44,609 MasterTemplateService::? - GetList_Active_WithModel : MethodStart
INFO  2022-03-30 16:17:44,728 MasterTemplateService::? - GetList_Active_WithModel : MethodFinish
INFO  2022-03-30 16:17:45,638 WHONETColumnService::? - GetList_Active_WithModel : MethodStart
INFO  2022-03-30 16:17:45,801 WHONETColumnService::? - GetList_Active_WithModel : MethodFinish
INFO  2022-03-30 16:17:52,499 WardTypeService::? - GetList_Active_WithModel : MethodStart
INFO  2022-03-30 16:17:52,659 WardTypeService::? - GetList_Active_WithModel : MethodFinish
INFO  2022-03-30 16:17:59,157 MasterTemplateService::? - GetList_Active_WithModel : MethodStart
INFO  2022-03-30 16:17:59,272 MasterTemplateService::? - GetList_Active_WithModel : MethodFinish
INFO  2022-03-30 16:18:00,057 WHONETColumnService::? - GetList_Active_WithModel : MethodStart
INFO  2022-03-30 16:18:00,168 WHONETColumnService::? - GetList_Active_WithModel : MethodFinish
INFO  2022-03-30 16:18:00,943 WardTypeService::? - GetList_Active_WithModel : MethodStart
INFO  2022-03-30 16:18:01,064 WardTypeService::? - GetList_Active_WithModel : MethodFinish
INFO  2022-03-30 16:18:06,803 MasterTemplateService::? - GetList_Active_WithModel : MethodStart
INFO  2022-03-30 16:18:06,921 MasterTemplateService::? - GetList_Active_WithModel : MethodFinish
INFO  2022-03-30 16:18:07,765 WHONETColumnService::? - GetList_Active_WithModel : MethodStart
INFO  2022-03-30 16:18:07,875 WHONETColumnService::? - GetList_Active_WithModel : MethodFinish
INFO  2022-03-30 16:18:21,086 MasterTemplateService::? - GetList_Active_WithModel : MethodStart
INFO  2022-03-30 16:18:21,199 MasterTemplateService::? - GetList_Active_WithModel : MethodFinish
INFO  2022-03-30 16:18:21,967 WHONETColumnService::? - GetList_Active_WithModel : MethodStart
INFO  2022-03-30 16:18:22,077 WHONETColumnService::? - GetList_Active_WithModel : MethodFinish
