INFO  2021-11-10 10:44:32,705 MasterTemplateService::? - GetListWithModel : MethodStart
INFO  2021-11-10 10:44:35,880 MasterTemplateService::? - GetListWithModel : MethodFinish
INFO  2021-11-10 10:44:57,860 SpecimenService::? - GetList_Mapping_Active_WithModel : MethodStart
INFO  2021-11-10 10:44:58,118 SpecimenService::? - GetList_Mapping_Active_WithModel : MethodFinish
INFO  2021-11-10 10:48:32,862 MasterTemplateService::? - GetList_Active_WithModel : MethodStart
INFO  2021-11-10 10:48:33,087 MasterTemplateService::? - GetList_Active_WithModel : MethodFinish
INFO  2021-11-10 10:48:35,367 WHONETColumnService::? - GetList_Active_WithModel : MethodStart
INFO  2021-11-10 10:48:35,537 WHONETColumnService::? - GetList_Active_WithModel : MethodFinish
INFO  2021-11-10 10:48:52,328 SpecimenService::? - GetList_Mapping_Active_WithModel : MethodStart
INFO  2021-11-10 10:48:52,454 SpecimenService::? - GetList_Mapping_Active_WithModel : MethodFinish
INFO  2021-11-10 10:48:55,896 SpecimenService::? - GetList_Mapping_Active_WithModel : MethodStart
INFO  2021-11-10 10:48:56,036 SpecimenService::? - GetList_Mapping_Active_WithModel : MethodFinish
INFO  2021-11-10 10:49:48,379 MasterTemplateService::? - GetList_Active_WithModel : MethodStart
INFO  2021-11-10 10:49:48,496 MasterTemplateService::? - GetList_Active_WithModel : MethodFinish
INFO  2021-11-10 10:50:51,288 WHONETColumnService::? - GetList_Active_WithModel : MethodStart
INFO  2021-11-10 10:50:51,405 WHONETColumnService::? - GetList_Active_WithModel : MethodFinish
INFO  2021-11-10 10:55:31,034 MasterTemplateService::? - GetList_Active_WithModel : MethodStart
INFO  2021-11-10 10:55:31,321 MasterTemplateService::? - GetList_Active_WithModel : MethodFinish
INFO  2021-11-10 10:55:41,257 WHONETColumnService::? - GetList_Active_WithModel : MethodStart
INFO  2021-11-10 10:55:41,389 WHONETColumnService::? - GetList_Active_WithModel : MethodFinish
INFO  2021-11-10 10:55:45,711 SpecimenService::? - GetList_Mapping_Active_WithModel : MethodStart
INFO  2021-11-10 10:55:45,859 SpecimenService::? - GetList_Mapping_Active_WithModel : MethodFinish
INFO  2021-11-10 11:05:28,707 SpecimenService::? - GetList_Mapping_Active_WithModel : MethodStart
INFO  2021-11-10 11:05:30,613 SpecimenService::? - GetList_Mapping_Active_WithModel : MethodFinish
INFO  2021-11-10 11:10:47,883 MasterTemplateService::? - GetList_Active_WithModel : MethodStart
INFO  2021-11-10 11:10:48,053 MasterTemplateService::? - GetList_Active_WithModel : MethodFinish
INFO  2021-11-10 11:10:49,793 WHONETColumnService::? - GetList_Active_WithModel : MethodStart
INFO  2021-11-10 11:10:50,032 WHONETColumnService::? - GetList_Active_WithModel : MethodFinish
INFO  2021-11-10 11:11:17,745 SpecimenService::? - GetList_Mapping_Active_WithModel : MethodStart
INFO  2021-11-10 11:11:17,923 SpecimenService::? - GetList_Mapping_Active_WithModel : MethodFinish
INFO  2021-11-10 11:11:40,408 MasterTemplateService::? - GetList_Active_WithModel : MethodStart
INFO  2021-11-10 11:11:40,519 MasterTemplateService::? - GetList_Active_WithModel : MethodFinish
INFO  2021-11-10 11:11:47,281 WHONETColumnService::? - GetList_Active_WithModel : MethodStart
INFO  2021-11-10 11:11:47,401 WHONETColumnService::? - GetList_Active_WithModel : MethodFinish
INFO  2021-11-10 11:12:12,136 MasterTemplateService::? - GetList_Active_WithModel : MethodStart
INFO  2021-11-10 11:12:12,253 MasterTemplateService::? - GetList_Active_WithModel : MethodFinish
INFO  2021-11-10 11:12:13,526 WHONETColumnService::? - GetList_Active_WithModel : MethodStart
INFO  2021-11-10 11:12:13,658 WHONETColumnService::? - GetList_Active_WithModel : MethodFinish
INFO  2021-11-10 11:12:29,385 SpecimenService::? - GetList_Mapping_Active_WithModel : MethodStart
INFO  2021-11-10 11:12:29,522 SpecimenService::? - GetList_Mapping_Active_WithModel : MethodFinish
INFO  2021-11-10 11:12:46,963 MasterTemplateService::? - GetList_Active_WithModel : MethodStart
INFO  2021-11-10 11:12:47,076 MasterTemplateService::? - GetList_Active_WithModel : MethodFinish
INFO  2021-11-10 11:12:48,252 WHONETColumnService::? - GetList_Active_WithModel : MethodStart
INFO  2021-11-10 11:12:48,409 WHONETColumnService::? - GetList_Active_WithModel : MethodFinish
INFO  2021-11-10 11:17:14,642 MasterTemplateService::? - GetList_Active_WithModel : MethodStart
INFO  2021-11-10 11:17:14,760 MasterTemplateService::? - GetList_Active_WithModel : MethodFinish
INFO  2021-11-10 11:38:39,977 SpecimenService::? - GetList_Mapping_Active_WithModel : MethodStart
INFO  2021-11-10 11:38:42,876 SpecimenService::? - GetList_Mapping_Active_WithModel : MethodFinish
INFO  2021-11-10 11:39:20,157 MasterTemplateService::? - GetList_Active_WithModel : MethodStart
INFO  2021-11-10 11:39:20,367 MasterTemplateService::? - GetList_Active_WithModel : MethodFinish
INFO  2021-11-10 11:39:22,313 WHONETColumnService::? - GetList_Active_WithModel : MethodStart
INFO  2021-11-10 11:39:22,525 WHONETColumnService::? - GetList_Active_WithModel : MethodFinish
INFO  2021-11-10 11:42:38,770 SpecimenService::? - GetList_Mapping_Active_WithModel : MethodStart
INFO  2021-11-10 11:42:38,898 SpecimenService::? - GetList_Mapping_Active_WithModel : MethodFinish
INFO  2021-11-10 11:43:01,259 MasterTemplateService::? - GetList_Active_WithModel : MethodStart
INFO  2021-11-10 11:43:01,372 MasterTemplateService::? - GetList_Active_WithModel : MethodFinish
INFO  2021-11-10 11:43:02,620 WHONETColumnService::? - GetList_Active_WithModel : MethodStart
INFO  2021-11-10 11:43:02,759 WHONETColumnService::? - GetList_Active_WithModel : MethodFinish
INFO  2021-11-10 11:43:07,392 OrganismService::? - GetList_Active_WithModel : MethodStart
INFO  2021-11-10 11:43:07,712 OrganismService::? - GetList_Active_WithModel : MethodFinish
INFO  2021-11-10 11:43:22,220 MasterTemplateService::? - GetList_Active_WithModel : MethodStart
INFO  2021-11-10 11:43:22,346 MasterTemplateService::? - GetList_Active_WithModel : MethodFinish
INFO  2021-11-10 11:43:23,651 WHONETColumnService::? - GetList_Active_WithModel : MethodStart
INFO  2021-11-10 11:43:23,785 WHONETColumnService::? - GetList_Active_WithModel : MethodFinish
INFO  2021-11-10 11:43:28,182 WardTypeService::? - GetList_Active_WithModel : MethodStart
INFO  2021-11-10 11:43:28,378 WardTypeService::? - GetList_Active_WithModel : MethodFinish
INFO  2021-11-10 11:43:38,533 MasterTemplateService::? - GetList_Active_WithModel : MethodStart
INFO  2021-11-10 11:43:38,652 MasterTemplateService::? - GetList_Active_WithModel : MethodFinish
INFO  2021-11-10 11:43:39,910 WHONETColumnService::? - GetList_Active_WithModel : MethodStart
INFO  2021-11-10 11:43:40,058 WHONETColumnService::? - GetList_Active_WithModel : MethodFinish
INFO  2021-11-10 11:43:51,638 MasterTemplateService::? - GetList_Active_WithModel : MethodStart
INFO  2021-11-10 11:43:51,749 MasterTemplateService::? - GetList_Active_WithModel : MethodFinish
INFO  2021-11-10 11:43:53,111 WHONETColumnService::? - GetList_Active_WithModel : MethodStart
INFO  2021-11-10 11:43:53,244 WHONETColumnService::? - GetList_Active_WithModel : MethodFinish
