INFO  2021-08-04 10:37:21,047 MasterTemplateService::? - GetList_Active_WithModel : MethodStart
INFO  2021-08-04 10:37:23,051 MasterTemplateService::? - GetList_Active_WithModel : MethodFinish
INFO  2021-08-04 10:37:23,842 WHONETColumnService::? - GetList_Active_WithModel : MethodStart
INFO  2021-08-04 10:37:23,907 WHONETColumnService::? - GetList_Active_WithModel : MethodFinish
INFO  2021-08-04 11:00:26,222 MasterTemplateService::? - GetListWithModel : MethodStart
INFO  2021-08-04 11:00:28,927 MasterTemplateService::? - GetListWithModel : MethodFinish
INFO  2021-08-04 11:01:21,644 MasterTemplateService::? - GetListWithModel : MethodStart
INFO  2021-08-04 11:01:21,680 MasterTemplateService::? - GetListWithModel : MethodFinish
INFO  2021-08-04 11:02:14,627 MasterTemplateService::? - GetList_Active_WithModel : MethodStart
INFO  2021-08-04 11:02:14,765 MasterTemplateService::? - GetList_Active_WithModel : MethodFinish
INFO  2021-08-04 11:02:15,793 WHONETColumnService::? - GetList_Active_WithModel : MethodStart
INFO  2021-08-04 11:02:15,885 WHONETColumnService::? - GetList_Active_WithModel : MethodFinish
INFO  2021-08-04 15:05:59,122 SpecimenService::? - GetList_Mapping_Active_WithModel : MethodStart
INFO  2021-08-04 15:06:00,120 SpecimenService::? - GetList_Mapping_Active_WithModel : MethodFinish
INFO  2021-08-04 16:47:51,474 MasterTemplateService::? - GetList_Active_WithModel : MethodStart
INFO  2021-08-04 16:47:51,528 MasterTemplateService::? - GetList_Active_WithModel : MethodFinish
INFO  2021-08-04 16:47:52,159 WHONETColumnService::? - GetList_Active_WithModel : MethodStart
INFO  2021-08-04 16:47:52,219 WHONETColumnService::? - GetList_Active_WithModel : MethodFinish
INFO  2021-08-04 17:33:27,303 SpecimenService::? - GetList_Mapping_Active_WithModel : MethodStart
INFO  2021-08-04 17:33:27,328 SpecimenService::? - GetList_Mapping_Active_WithModel : MethodFinish
INFO  2021-08-04 17:44:21,559 MasterTemplateService::? - GetList_Active_WithModel : MethodStart
INFO  2021-08-04 17:44:21,575 MasterTemplateService::? - GetList_Active_WithModel : MethodFinish
INFO  2021-08-04 17:44:21,873 WHONETColumnService::? - GetList_Active_WithModel : MethodStart
INFO  2021-08-04 17:44:21,885 WHONETColumnService::? - GetList_Active_WithModel : MethodFinish
INFO  2021-08-04 17:45:10,170 SpecimenService::? - GetList_Mapping_Active_WithModel : MethodStart
INFO  2021-08-04 17:45:10,182 SpecimenService::? - GetList_Mapping_Active_WithModel : MethodFinish
