INFO  2021-09-29 09:16:31,806 MasterTemplateService::? - GetListWithModel : MethodStart
INFO  2021-09-29 09:16:33,878 MasterTemplateService::? - GetListWithModel : MethodFinish
INFO  2021-09-29 09:16:36,557 MasterTemplateService::? - GetData : MethodStart
INFO  2021-09-29 09:16:36,733 MasterTemplateService::? - GetData : MethodFinish
INFO  2021-09-29 09:16:45,778 MasterTemplateService::? - GetListWithModel : MethodStart
INFO  2021-09-29 09:16:45,933 MasterTemplateService::? - GetListWithModel : MethodFinish
INFO  2021-09-29 09:17:29,338 MasterTemplateService::? - GetListWithModel : MethodStart
INFO  2021-09-29 09:17:29,442 MasterTemplateService::? - GetListWithModel : MethodFinish
INFO  2021-09-29 09:17:30,907 MasterTemplateService::? - GetData : MethodStart
INFO  2021-09-29 09:17:31,021 MasterTemplateService::? - GetData : MethodFinish
INFO  2021-09-29 15:08:45,741 MasterTemplateService::? - GetList_Active_WithModel : MethodStart
INFO  2021-09-29 15:08:47,225 MasterTemplateService::? - GetList_Active_WithModel : MethodFinish
INFO  2021-09-29 16:08:40,163 MasterTemplateService::? - GetListWithModel : MethodStart
INFO  2021-09-29 16:08:41,568 MasterTemplateService::? - GetListWithModel : MethodFinish
INFO  2021-09-29 16:08:57,578 MasterTemplateService::? - GetData : MethodStart
INFO  2021-09-29 16:08:57,727 MasterTemplateService::? - GetData : MethodFinish
INFO  2021-09-29 16:09:03,641 MasterTemplateService::? - SaveData : MethodStart
INFO  2021-09-29 16:09:03,974 MasterTemplateService::? - SaveData : MethodFinish
INFO  2021-09-29 16:09:05,532 MasterTemplateService::? - GetData : MethodStart
INFO  2021-09-29 16:09:05,654 MasterTemplateService::? - GetData : MethodFinish
INFO  2021-09-29 16:09:08,106 MasterTemplateService::? - GetListWithModel : MethodStart
INFO  2021-09-29 16:09:08,209 MasterTemplateService::? - GetListWithModel : MethodFinish
INFO  2021-09-29 16:09:13,178 MasterTemplateService::? - GetData : MethodStart
INFO  2021-09-29 16:09:13,280 MasterTemplateService::? - GetData : MethodFinish
INFO  2021-09-29 16:09:21,298 MasterTemplateService::? - GetListWithModel : MethodStart
INFO  2021-09-29 16:09:21,454 MasterTemplateService::? - GetListWithModel : MethodFinish
INFO  2021-09-29 16:09:41,740 MasterTemplateService::? - SaveData : MethodStart
INFO  2021-09-29 16:09:41,941 MasterTemplateService::? - SaveData : MethodFinish
INFO  2021-09-29 16:09:43,172 MasterTemplateService::? - GetData : MethodStart
INFO  2021-09-29 16:09:43,291 MasterTemplateService::? - GetData : MethodFinish
INFO  2021-09-29 16:09:53,076 MasterTemplateService::? - GetListWithModel : MethodStart
INFO  2021-09-29 16:09:53,176 MasterTemplateService::? - GetListWithModel : MethodFinish
INFO  2021-09-29 16:10:27,129 MasterTemplateService::? - GetListWithModel : MethodStart
INFO  2021-09-29 16:10:27,228 MasterTemplateService::? - GetListWithModel : MethodFinish
INFO  2021-09-29 16:10:30,625 MasterTemplateService::? - GetData : MethodStart
INFO  2021-09-29 16:10:30,725 MasterTemplateService::? - GetData : MethodFinish
INFO  2021-09-29 16:11:54,156 MasterTemplateService::? - GetListWithModel : MethodStart
INFO  2021-09-29 16:11:54,251 MasterTemplateService::? - GetListWithModel : MethodFinish
INFO  2021-09-29 16:12:15,005 MasterTemplateService::? - GetData : MethodStart
INFO  2021-09-29 16:12:15,102 MasterTemplateService::? - GetData : MethodFinish
INFO  2021-09-29 16:12:15,172 MasterTemplateService::? - Get_ProcessExcelColumn : MethodStart
INFO  2021-09-29 16:12:15,298 MasterTemplateService::? - Get_ProcessExcelColumn : MethodFinish
INFO  2021-09-29 16:12:15,348 MasterTemplateService::? - Get_ProcessExcelRow : MethodStart
INFO  2021-09-29 16:12:15,465 MasterTemplateService::? - Get_ProcessExcelRow : MethodFinish
INFO  2021-09-29 16:12:15,537 MasterTemplateService::? - Get_ProcessExcelTemplate : MethodStart
INFO  2021-09-29 16:12:15,661 MasterTemplateService::? - Get_ProcessExcelTemplate : MethodFinish
INFO  2021-09-29 16:12:21,321 MasterTemplateService::? - GetListWithModel : MethodStart
INFO  2021-09-29 16:12:21,419 MasterTemplateService::? - GetListWithModel : MethodFinish
INFO  2021-09-29 16:12:24,296 MasterTemplateService::? - GetData : MethodStart
INFO  2021-09-29 16:12:24,391 MasterTemplateService::? - GetData : MethodFinish
INFO  2021-09-29 16:13:52,018 MasterTemplateService::? - GetListWithModel : MethodStart
INFO  2021-09-29 16:13:52,119 MasterTemplateService::? - GetListWithModel : MethodFinish
INFO  2021-09-29 16:38:12,412 MasterTemplateService::? - GetList_Active_WithModel : MethodStart
INFO  2021-09-29 16:38:13,787 MasterTemplateService::? - GetList_Active_WithModel : MethodFinish
INFO  2021-09-29 22:54:56,744 MasterTemplateService::? - GetList_Active_WithModel : MethodStart
INFO  2021-09-29 22:54:58,964 MasterTemplateService::? - GetList_Active_WithModel : MethodFinish
