INFO  2021-09-01 09:21:59,464 MasterTemplateService::? - GetListWithModel : MethodStart
INFO  2021-09-01 09:22:02,550 MasterTemplateService::? - GetListWithModel : MethodFinish
INFO  2021-09-01 09:22:11,998 MasterTemplateService::? - GetData : MethodStart
INFO  2021-09-01 09:22:12,212 MasterTemplateService::? - GetData : MethodFinish
INFO  2021-09-01 09:22:12,327 MasterTemplateService::? - Get_ProcessExcelColumn : MethodStart
INFO  2021-09-01 09:22:12,556 MasterTemplateService::? - Get_ProcessExcelColumn : MethodFinish
INFO  2021-09-01 09:22:12,663 MasterTemplateService::? - Get_ProcessExcelRow : MethodStart
INFO  2021-09-01 09:22:12,811 MasterTemplateService::? - Get_ProcessExcelRow : MethodFinish
INFO  2021-09-01 09:22:12,897 MasterTemplateService::? - Get_ProcessExcelTemplate : MethodStart
INFO  2021-09-01 09:22:13,014 MasterTemplateService::? - Get_ProcessExcelTemplate : MethodFinish
INFO  2021-09-01 09:22:26,005 MasterTemplateService::? - Get_ProcessExcelColumn : MethodStart
INFO  2021-09-01 09:22:26,118 MasterTemplateService::? - Get_ProcessExcelColumn : MethodFinish
INFO  2021-09-01 09:22:26,182 MasterTemplateService::? - Get_ProcessExcelRow : MethodStart
INFO  2021-09-01 09:22:26,286 MasterTemplateService::? - Get_ProcessExcelRow : MethodFinish
INFO  2021-09-01 09:22:26,347 MasterTemplateService::? - Get_ProcessExcelTemplate : MethodStart
INFO  2021-09-01 09:22:26,453 MasterTemplateService::? - Get_ProcessExcelTemplate : MethodFinish
INFO  2021-09-01 09:22:34,024 MasterTemplateService::? - GetListWithModel : MethodStart
INFO  2021-09-01 09:22:34,134 MasterTemplateService::? - GetListWithModel : MethodFinish
INFO  2021-09-01 09:22:39,193 MasterTemplateService::? - GetData : MethodStart
INFO  2021-09-01 09:22:39,307 MasterTemplateService::? - GetData : MethodFinish
INFO  2021-09-01 09:22:39,451 WardTypeService::? - GetListWithModel : MethodStart
INFO  2021-09-01 09:22:39,593 WardTypeService::? - GetListWithModel : MethodFinish
INFO  2021-09-01 09:22:39,696 SpecimenService::? - GetListWithModel : MethodStart
INFO  2021-09-01 09:22:40,050 SpecimenService::? - GetListWithModel : MethodFinish
INFO  2021-09-01 09:22:40,314 AntibioticService::? - GetListWithModel : MethodStart
INFO  2021-09-01 09:22:40,644 AntibioticService::? - GetListWithModel : MethodFinish
INFO  2021-09-01 09:22:41,056 OrganismService::? - GetListWithModel : MethodStart
INFO  2021-09-01 09:22:41,324 OrganismService::? - GetListWithModel : MethodFinish
INFO  2021-09-01 09:22:41,502 QCRangeService::? - GetListWithModel : MethodStart
INFO  2021-09-01 09:22:41,994 QCRangeService::? - GetListWithModel : MethodFinish
INFO  2021-09-01 09:22:42,519 ExpertRuleService::? - GetListWithModel : MethodStart
INFO  2021-09-01 09:22:42,704 ExpertRuleService::? - GetListWithModel : MethodFinish
INFO  2021-09-01 09:22:42,859 WHONETColumnService::? - GetListWithModel : MethodStart
INFO  2021-09-01 09:22:43,025 WHONETColumnService::? - GetListWithModel : MethodFinish
INFO  2021-09-01 09:36:07,457 MasterTemplateService::? - GetListWithModel : MethodStart
INFO  2021-09-01 09:36:07,853 MasterTemplateService::? - GetListWithModel : MethodFinish
INFO  2021-09-01 09:36:17,257 MasterTemplateService::? - GetListWithModel : MethodStart
INFO  2021-09-01 09:36:17,388 MasterTemplateService::? - GetListWithModel : MethodFinish
INFO  2021-09-01 09:36:18,376 MasterTemplateService::? - GetData : MethodStart
INFO  2021-09-01 09:36:18,492 MasterTemplateService::? - GetData : MethodFinish
INFO  2021-09-01 09:36:18,560 WardTypeService::? - GetListWithModel : MethodStart
INFO  2021-09-01 09:36:18,678 WardTypeService::? - GetListWithModel : MethodFinish
INFO  2021-09-01 09:36:18,754 SpecimenService::? - GetListWithModel : MethodStart
INFO  2021-09-01 09:36:18,936 SpecimenService::? - GetListWithModel : MethodFinish
INFO  2021-09-01 09:36:19,014 AntibioticService::? - GetListWithModel : MethodStart
INFO  2021-09-01 09:36:19,240 AntibioticService::? - GetListWithModel : MethodFinish
INFO  2021-09-01 09:36:19,529 OrganismService::? - GetListWithModel : MethodStart
INFO  2021-09-01 09:36:19,773 OrganismService::? - GetListWithModel : MethodFinish
INFO  2021-09-01 09:36:19,934 QCRangeService::? - GetListWithModel : MethodStart
INFO  2021-09-01 09:36:20,414 QCRangeService::? - GetListWithModel : MethodFinish
INFO  2021-09-01 09:36:20,857 ExpertRuleService::? - GetListWithModel : MethodStart
INFO  2021-09-01 09:36:21,009 ExpertRuleService::? - GetListWithModel : MethodFinish
INFO  2021-09-01 09:36:21,107 WHONETColumnService::? - GetListWithModel : MethodStart
INFO  2021-09-01 09:36:21,221 WHONETColumnService::? - GetListWithModel : MethodFinish
INFO  2021-09-01 09:41:10,585 MasterTemplateService::? - GetListWithModel : MethodStart
INFO  2021-09-01 09:41:10,708 MasterTemplateService::? - GetListWithModel : MethodFinish
INFO  2021-09-01 09:41:21,260 MasterTemplateService::? - GetData : MethodStart
INFO  2021-09-01 09:41:21,373 MasterTemplateService::? - GetData : MethodFinish
INFO  2021-09-01 09:41:21,465 WardTypeService::? - GetListWithModel : MethodStart
INFO  2021-09-01 09:41:21,581 WardTypeService::? - GetListWithModel : MethodFinish
INFO  2021-09-01 09:41:21,675 SpecimenService::? - GetListWithModel : MethodStart
INFO  2021-09-01 09:41:21,902 SpecimenService::? - GetListWithModel : MethodFinish
INFO  2021-09-01 09:41:21,976 AntibioticService::? - GetListWithModel : MethodStart
INFO  2021-09-01 09:41:22,159 AntibioticService::? - GetListWithModel : MethodFinish
INFO  2021-09-01 09:41:22,500 OrganismService::? - GetListWithModel : MethodStart
INFO  2021-09-01 09:41:22,707 OrganismService::? - GetListWithModel : MethodFinish
INFO  2021-09-01 09:41:22,851 QCRangeService::? - GetListWithModel : MethodStart
INFO  2021-09-01 09:41:23,879 QCRangeService::? - GetListWithModel : MethodFinish
INFO  2021-09-01 09:41:24,388 ExpertRuleService::? - GetListWithModel : MethodStart
INFO  2021-09-01 09:41:24,574 ExpertRuleService::? - GetListWithModel : MethodFinish
INFO  2021-09-01 09:41:24,682 WHONETColumnService::? - GetListWithModel : MethodStart
INFO  2021-09-01 09:41:24,798 WHONETColumnService::? - GetListWithModel : MethodFinish
INFO  2021-09-01 09:41:32,820 WardTypeService::? - GetListWithModel : MethodStart
INFO  2021-09-01 09:41:32,933 WardTypeService::? - GetListWithModel : MethodFinish
INFO  2021-09-01 09:49:16,270 MasterTemplateService::? - GetList_Active_WithModel : MethodStart
INFO  2021-09-01 09:49:16,566 MasterTemplateService::? - GetList_Active_WithModel : MethodFinish
INFO  2021-09-01 09:49:34,468 WHONETColumnService::? - GetList_Active_WithModel : MethodStart
INFO  2021-09-01 09:49:34,581 WHONETColumnService::? - GetList_Active_WithModel : MethodFinish
INFO  2021-09-01 09:49:37,408 MasterTemplateService::? - GetListWithModel : MethodStart
INFO  2021-09-01 09:49:37,521 MasterTemplateService::? - GetListWithModel : MethodFinish
INFO  2021-09-01 09:49:39,632 MasterTemplateService::? - GetData : MethodStart
INFO  2021-09-01 09:49:39,738 MasterTemplateService::? - GetData : MethodFinish
INFO  2021-09-01 09:49:39,786 MasterTemplateService::? - Get_ProcessExcelColumn : MethodStart
INFO  2021-09-01 09:49:39,935 MasterTemplateService::? - Get_ProcessExcelColumn : MethodFinish
INFO  2021-09-01 09:49:40,013 MasterTemplateService::? - Get_ProcessExcelRow : MethodStart
INFO  2021-09-01 09:49:40,115 MasterTemplateService::? - Get_ProcessExcelRow : MethodFinish
INFO  2021-09-01 09:49:40,149 MasterTemplateService::? - Get_ProcessExcelTemplate : MethodStart
INFO  2021-09-01 09:49:40,252 MasterTemplateService::? - Get_ProcessExcelTemplate : MethodFinish
INFO  2021-09-01 09:49:52,352 MasterHospitalService::? - GetListWithModel : MethodStart
INFO  2021-09-01 09:49:55,194 MasterHospitalService::? - GetListWithModel : MethodFinish
INFO  2021-09-01 09:50:20,353 MasterTemplateService::? - GetListWithModel : MethodStart
INFO  2021-09-01 09:50:20,474 MasterTemplateService::? - GetListWithModel : MethodFinish
INFO  2021-09-01 09:50:22,708 MasterTemplateService::? - GetData : MethodStart
INFO  2021-09-01 09:50:22,818 MasterTemplateService::? - GetData : MethodFinish
INFO  2021-09-01 09:50:22,876 WardTypeService::? - GetListWithModel : MethodStart
INFO  2021-09-01 09:50:22,981 WardTypeService::? - GetListWithModel : MethodFinish
INFO  2021-09-01 09:50:23,034 SpecimenService::? - GetListWithModel : MethodStart
INFO  2021-09-01 09:50:23,241 SpecimenService::? - GetListWithModel : MethodFinish
INFO  2021-09-01 09:50:23,327 AntibioticService::? - GetListWithModel : MethodStart
INFO  2021-09-01 09:50:23,492 AntibioticService::? - GetListWithModel : MethodFinish
INFO  2021-09-01 09:50:23,792 OrganismService::? - GetListWithModel : MethodStart
INFO  2021-09-01 09:50:24,068 OrganismService::? - GetListWithModel : MethodFinish
INFO  2021-09-01 09:50:24,208 QCRangeService::? - GetListWithModel : MethodStart
INFO  2021-09-01 09:50:24,676 QCRangeService::? - GetListWithModel : MethodFinish
INFO  2021-09-01 09:50:25,077 ExpertRuleService::? - GetListWithModel : MethodStart
INFO  2021-09-01 09:50:25,227 ExpertRuleService::? - GetListWithModel : MethodFinish
INFO  2021-09-01 09:50:25,303 WHONETColumnService::? - GetListWithModel : MethodStart
INFO  2021-09-01 09:50:25,405 WHONETColumnService::? - GetListWithModel : MethodFinish
INFO  2021-09-01 09:50:32,201 MasterTemplateService::? - GetListWithModel : MethodStart
INFO  2021-09-01 09:50:32,322 MasterTemplateService::? - GetListWithModel : MethodFinish
INFO  2021-09-01 09:52:18,694 MasterTemplateService::? - GetData : MethodStart
INFO  2021-09-01 09:52:18,833 MasterTemplateService::? - GetData : MethodFinish
INFO  2021-09-01 09:52:18,910 MasterTemplateService::? - Get_ProcessExcelColumn : MethodStart
INFO  2021-09-01 09:52:19,068 MasterTemplateService::? - Get_ProcessExcelColumn : MethodFinish
INFO  2021-09-01 09:52:19,110 MasterTemplateService::? - Get_ProcessExcelRow : MethodStart
INFO  2021-09-01 09:52:19,233 MasterTemplateService::? - Get_ProcessExcelRow : MethodFinish
INFO  2021-09-01 09:52:19,284 MasterTemplateService::? - Get_ProcessExcelTemplate : MethodStart
INFO  2021-09-01 09:52:19,387 MasterTemplateService::? - Get_ProcessExcelTemplate : MethodFinish
INFO  2021-09-01 09:52:32,892 MasterTemplateService::? - GetListWithModel : MethodStart
INFO  2021-09-01 09:52:33,006 MasterTemplateService::? - GetListWithModel : MethodFinish
INFO  2021-09-01 11:43:03,012 SpecimenService::? - GetList_Mapping_Active_WithModel : MethodStart
INFO  2021-09-01 11:43:04,414 SpecimenService::? - GetList_Mapping_Active_WithModel : MethodFinish
INFO  2021-09-01 11:47:03,078 SpecimenService::? - GetList_Mapping_Active_WithModel : MethodStart
INFO  2021-09-01 11:47:03,389 SpecimenService::? - GetList_Mapping_Active_WithModel : MethodFinish
INFO  2021-09-01 11:50:57,895 SpecimenService::? - GetList_Mapping_Active_WithModel : MethodStart
INFO  2021-09-01 11:50:58,038 SpecimenService::? - GetList_Mapping_Active_WithModel : MethodFinish
INFO  2021-09-01 12:10:31,895 MasterTemplateService::? - GetList_Active_WithModel : MethodStart
INFO  2021-09-01 12:10:32,183 MasterTemplateService::? - GetList_Active_WithModel : MethodFinish
INFO  2021-09-01 12:11:57,319 MasterTemplateService::? - GetList_Active_WithModel : MethodStart
INFO  2021-09-01 12:11:57,427 MasterTemplateService::? - GetList_Active_WithModel : MethodFinish
INFO  2021-09-01 12:15:35,839 MasterTemplateService::? - GetList_Active_WithModel : MethodStart
INFO  2021-09-01 12:15:35,940 MasterTemplateService::? - GetList_Active_WithModel : MethodFinish
INFO  2021-09-01 12:18:27,732 MasterTemplateService::? - GetList_Active_WithModel : MethodStart
INFO  2021-09-01 12:18:27,837 MasterTemplateService::? - GetList_Active_WithModel : MethodFinish
INFO  2021-09-01 12:18:29,051 WHONETColumnService::? - GetList_Active_WithModel : MethodStart
INFO  2021-09-01 12:18:29,184 WHONETColumnService::? - GetList_Active_WithModel : MethodFinish
INFO  2021-09-01 12:20:50,679 SpecimenService::? - GetList_Mapping_Active_WithModel : MethodStart
INFO  2021-09-01 12:20:50,785 SpecimenService::? - GetList_Mapping_Active_WithModel : MethodFinish
INFO  2021-09-01 12:25:57,032 SpecimenService::? - GetList_Mapping_Active_WithModel : MethodStart
INFO  2021-09-01 12:25:57,335 SpecimenService::? - GetList_Mapping_Active_WithModel : MethodFinish
INFO  2021-09-01 12:25:59,008 MasterTemplateService::? - GetList_Active_WithModel : MethodStart
INFO  2021-09-01 12:25:59,111 MasterTemplateService::? - GetList_Active_WithModel : MethodFinish
INFO  2021-09-01 12:25:59,829 WHONETColumnService::? - GetList_Active_WithModel : MethodStart
INFO  2021-09-01 12:25:59,928 WHONETColumnService::? - GetList_Active_WithModel : MethodFinish
INFO  2021-09-01 12:26:23,994 MasterTemplateService::? - GetList_Active_WithModel : MethodStart
INFO  2021-09-01 12:26:24,100 MasterTemplateService::? - GetList_Active_WithModel : MethodFinish
INFO  2021-09-01 12:26:24,850 WHONETColumnService::? - GetList_Active_WithModel : MethodStart
INFO  2021-09-01 12:26:24,951 WHONETColumnService::? - GetList_Active_WithModel : MethodFinish
INFO  2021-09-01 12:30:28,114 MasterTemplateService::? - GetList_Active_WithModel : MethodStart
INFO  2021-09-01 12:30:28,218 MasterTemplateService::? - GetList_Active_WithModel : MethodFinish
INFO  2021-09-01 12:30:28,975 WHONETColumnService::? - GetList_Active_WithModel : MethodStart
INFO  2021-09-01 12:30:29,073 WHONETColumnService::? - GetList_Active_WithModel : MethodFinish
INFO  2021-09-01 12:36:57,005 MasterTemplateService::? - GetList_Active_WithModel : MethodStart
INFO  2021-09-01 12:36:58,239 MasterTemplateService::? - GetList_Active_WithModel : MethodFinish
INFO  2021-09-01 12:37:02,519 WHONETColumnService::? - GetList_Active_WithModel : MethodStart
INFO  2021-09-01 12:37:02,651 WHONETColumnService::? - GetList_Active_WithModel : MethodFinish
INFO  2021-09-01 13:31:47,012 MasterTemplateService::? - GetList_Active_WithModel : MethodStart
INFO  2021-09-01 13:31:47,284 MasterTemplateService::? - GetList_Active_WithModel : MethodFinish
INFO  2021-09-01 13:31:48,086 WHONETColumnService::? - GetList_Active_WithModel : MethodStart
INFO  2021-09-01 13:31:48,195 WHONETColumnService::? - GetList_Active_WithModel : MethodFinish
INFO  2021-09-01 13:32:12,157 MasterTemplateService::? - GetList_Active_WithModel : MethodStart
INFO  2021-09-01 13:32:12,255 MasterTemplateService::? - GetList_Active_WithModel : MethodFinish
INFO  2021-09-01 13:32:13,006 WHONETColumnService::? - GetList_Active_WithModel : MethodStart
INFO  2021-09-01 13:32:13,108 WHONETColumnService::? - GetList_Active_WithModel : MethodFinish
INFO  2021-09-01 13:32:20,460 MasterTemplateService::? - GetList_Active_WithModel : MethodStart
INFO  2021-09-01 13:32:20,556 MasterTemplateService::? - GetList_Active_WithModel : MethodFinish
INFO  2021-09-01 13:32:21,251 WHONETColumnService::? - GetList_Active_WithModel : MethodStart
INFO  2021-09-01 13:32:21,348 WHONETColumnService::? - GetList_Active_WithModel : MethodFinish
INFO  2021-09-01 13:32:34,350 MasterTemplateService::? - GetList_Active_WithModel : MethodStart
INFO  2021-09-01 13:32:34,451 MasterTemplateService::? - GetList_Active_WithModel : MethodFinish
INFO  2021-09-01 13:32:35,173 WHONETColumnService::? - GetList_Active_WithModel : MethodStart
INFO  2021-09-01 13:32:35,271 WHONETColumnService::? - GetList_Active_WithModel : MethodFinish
INFO  2021-09-01 13:33:34,336 MasterTemplateService::? - GetList_Active_WithModel : MethodStart
INFO  2021-09-01 13:33:34,467 MasterTemplateService::? - GetList_Active_WithModel : MethodFinish
INFO  2021-09-01 13:33:35,193 WHONETColumnService::? - GetList_Active_WithModel : MethodStart
INFO  2021-09-01 13:33:35,297 WHONETColumnService::? - GetList_Active_WithModel : MethodFinish
INFO  2021-09-01 13:34:06,537 SpecimenService::? - GetList_Mapping_Active_WithModel : MethodStart
INFO  2021-09-01 13:34:06,653 SpecimenService::? - GetList_Mapping_Active_WithModel : MethodFinish
INFO  2021-09-01 13:36:57,178 SpecimenService::? - GetList_Mapping_Active_WithModel : MethodStart
INFO  2021-09-01 13:36:57,282 SpecimenService::? - GetList_Mapping_Active_WithModel : MethodFinish
INFO  2021-09-01 13:37:10,417 MasterTemplateService::? - GetList_Active_WithModel : MethodStart
INFO  2021-09-01 13:37:10,509 MasterTemplateService::? - GetList_Active_WithModel : MethodFinish
INFO  2021-09-01 13:37:11,178 WHONETColumnService::? - GetList_Active_WithModel : MethodStart
INFO  2021-09-01 13:37:11,279 WHONETColumnService::? - GetList_Active_WithModel : MethodFinish
INFO  2021-09-01 13:37:21,833 SpecimenService::? - GetList_Mapping_Active_WithModel : MethodStart
INFO  2021-09-01 13:37:21,932 SpecimenService::? - GetList_Mapping_Active_WithModel : MethodFinish
INFO  2021-09-01 13:37:30,564 MasterTemplateService::? - GetList_Active_WithModel : MethodStart
INFO  2021-09-01 13:37:30,656 MasterTemplateService::? - GetList_Active_WithModel : MethodFinish
INFO  2021-09-01 13:37:31,323 WHONETColumnService::? - GetList_Active_WithModel : MethodStart
INFO  2021-09-01 13:37:31,416 WHONETColumnService::? - GetList_Active_WithModel : MethodFinish
INFO  2021-09-01 13:38:36,141 SpecimenService::? - GetList_Mapping_Active_WithModel : MethodStart
INFO  2021-09-01 13:38:36,239 SpecimenService::? - GetList_Mapping_Active_WithModel : MethodFinish
INFO  2021-09-01 13:38:45,001 MasterTemplateService::? - GetList_Active_WithModel : MethodStart
INFO  2021-09-01 13:38:45,097 MasterTemplateService::? - GetList_Active_WithModel : MethodFinish
INFO  2021-09-01 13:38:45,839 WHONETColumnService::? - GetList_Active_WithModel : MethodStart
INFO  2021-09-01 13:38:45,938 WHONETColumnService::? - GetList_Active_WithModel : MethodFinish
INFO  2021-09-01 13:41:36,531 OrganismService::? - GetList_Active_WithModel : MethodStart
INFO  2021-09-01 13:41:36,960 OrganismService::? - GetList_Active_WithModel : MethodFinish
INFO  2021-09-01 13:41:52,531 WardTypeService::? - GetList_Active_WithModel : MethodStart
INFO  2021-09-01 13:41:52,661 WardTypeService::? - GetList_Active_WithModel : MethodFinish
INFO  2021-09-01 13:47:19,158 WardTypeService::? - GetList_Active_WithModel : MethodStart
INFO  2021-09-01 14:00:37,993 MasterTemplateService::? - GetList_Active_WithModel : MethodStart
INFO  2021-09-01 14:00:39,348 MasterTemplateService::? - GetList_Active_WithModel : MethodFinish
INFO  2021-09-01 14:00:51,106 WHONETColumnService::? - GetList_Active_WithModel : MethodStart
INFO  2021-09-01 14:00:51,240 WHONETColumnService::? - GetList_Active_WithModel : MethodFinish
INFO  2021-09-01 14:18:20,031 MasterTemplateService::? - GetList_Active_WithModel : MethodStart
INFO  2021-09-01 14:18:21,340 MasterTemplateService::? - GetList_Active_WithModel : MethodFinish
INFO  2021-09-01 14:19:14,009 MasterTemplateService::? - GetList_Active_WithModel : MethodStart
INFO  2021-09-01 14:19:14,119 MasterTemplateService::? - GetList_Active_WithModel : MethodFinish
INFO  2021-09-01 14:20:54,686 MasterTemplateService::? - GetList_Active_WithModel : MethodStart
INFO  2021-09-01 14:20:54,821 MasterTemplateService::? - GetList_Active_WithModel : MethodFinish
INFO  2021-09-01 15:09:45,307 MasterTemplateService::? - GetList_Active_WithModel : MethodStart
INFO  2021-09-01 15:09:46,792 MasterTemplateService::? - GetList_Active_WithModel : MethodFinish
INFO  2021-09-01 15:22:04,995 MasterTemplateService::? - GetList_Active_WithModel : MethodStart
INFO  2021-09-01 15:22:06,299 MasterTemplateService::? - GetList_Active_WithModel : MethodFinish
INFO  2021-09-01 15:22:42,294 MasterTemplateService::? - GetList_Active_WithModel : MethodStart
INFO  2021-09-01 15:22:42,406 MasterTemplateService::? - GetList_Active_WithModel : MethodFinish
INFO  2021-09-01 15:25:38,866 MasterTemplateService::? - GetList_Active_WithModel : MethodStart
INFO  2021-09-01 15:25:39,000 MasterTemplateService::? - GetList_Active_WithModel : MethodFinish
INFO  2021-09-01 15:25:49,336 SpecimenService::? - GetList_Mapping_Active_WithModel : MethodStart
INFO  2021-09-01 15:25:49,482 SpecimenService::? - GetList_Mapping_Active_WithModel : MethodFinish
INFO  2021-09-01 15:25:52,482 MasterTemplateService::? - GetList_Active_WithModel : MethodStart
INFO  2021-09-01 15:25:52,577 MasterTemplateService::? - GetList_Active_WithModel : MethodFinish
INFO  2021-09-01 15:25:53,317 WHONETColumnService::? - GetList_Active_WithModel : MethodStart
INFO  2021-09-01 15:25:53,436 WHONETColumnService::? - GetList_Active_WithModel : MethodFinish
INFO  2021-09-01 15:26:28,283 MasterTemplateService::? - GetList_Active_WithModel : MethodStart
INFO  2021-09-01 15:26:28,381 MasterTemplateService::? - GetList_Active_WithModel : MethodFinish
INFO  2021-09-01 15:26:29,066 WHONETColumnService::? - GetList_Active_WithModel : MethodStart
INFO  2021-09-01 15:26:29,162 WHONETColumnService::? - GetList_Active_WithModel : MethodFinish
INFO  2021-09-01 15:26:32,566 MasterTemplateService::? - GetList_Active_WithModel : MethodStart
INFO  2021-09-01 15:26:32,661 MasterTemplateService::? - GetList_Active_WithModel : MethodFinish
INFO  2021-09-01 15:26:33,381 WHONETColumnService::? - GetList_Active_WithModel : MethodStart
INFO  2021-09-01 15:26:33,480 WHONETColumnService::? - GetList_Active_WithModel : MethodFinish
INFO  2021-09-01 15:26:50,481 MasterTemplateService::? - GetList_Active_WithModel : MethodStart
INFO  2021-09-01 15:26:50,578 MasterTemplateService::? - GetList_Active_WithModel : MethodFinish
INFO  2021-09-01 15:29:41,709 MasterTemplateService::? - GetList_Active_WithModel : MethodStart
INFO  2021-09-01 15:29:41,808 MasterTemplateService::? - GetList_Active_WithModel : MethodFinish
INFO  2021-09-01 16:07:39,060 MasterTemplateService::? - GetList_Active_WithModel : MethodStart
INFO  2021-09-01 16:07:40,469 MasterTemplateService::? - GetList_Active_WithModel : MethodFinish
INFO  2021-09-01 16:13:15,942 MasterTemplateService::? - GetList_Active_WithModel : MethodStart
INFO  2021-09-01 16:13:16,049 MasterTemplateService::? - GetList_Active_WithModel : MethodFinish
INFO  2021-09-01 16:30:50,472 MasterTemplateService::? - GetList_Active_WithModel : MethodStart
INFO  2021-09-01 16:30:51,652 MasterTemplateService::? - GetList_Active_WithModel : MethodFinish
INFO  2021-09-01 16:31:33,538 MasterTemplateService::? - GetList_Active_WithModel : MethodStart
INFO  2021-09-01 16:31:33,650 MasterTemplateService::? - GetList_Active_WithModel : MethodFinish
INFO  2021-09-01 16:32:37,588 MasterTemplateService::? - GetList_Active_WithModel : MethodStart
INFO  2021-09-01 16:32:37,722 MasterTemplateService::? - GetList_Active_WithModel : MethodFinish
INFO  2021-09-01 17:09:06,234 MasterTemplateService::? - GetList_Active_WithModel : MethodStart
INFO  2021-09-01 17:09:07,553 MasterTemplateService::? - GetList_Active_WithModel : MethodFinish
INFO  2021-09-01 17:19:33,813 MasterTemplateService::? - GetList_Active_WithModel : MethodStart
INFO  2021-09-01 17:19:35,069 MasterTemplateService::? - GetList_Active_WithModel : MethodFinish
INFO  2021-09-01 17:19:39,438 WHONETColumnService::? - GetList_Active_WithModel : MethodStart
INFO  2021-09-01 17:19:39,572 WHONETColumnService::? - GetList_Active_WithModel : MethodFinish
INFO  2021-09-01 17:26:02,027 OrganismService::? - GetList_Active_WithModel : MethodStart
INFO  2021-09-01 17:26:02,687 OrganismService::? - GetList_Active_WithModel : MethodFinish
INFO  2021-09-01 17:26:24,229 MasterTemplateService::? - GetList_Active_WithModel : MethodStart
INFO  2021-09-01 17:26:24,330 MasterTemplateService::? - GetList_Active_WithModel : MethodFinish
INFO  2021-09-01 17:26:25,087 WHONETColumnService::? - GetList_Active_WithModel : MethodStart
INFO  2021-09-01 17:26:25,186 WHONETColumnService::? - GetList_Active_WithModel : MethodFinish
INFO  2021-09-01 17:26:37,392 OrganismService::? - GetList_Active_WithModel : MethodStart
INFO  2021-09-01 17:26:37,591 OrganismService::? - GetList_Active_WithModel : MethodFinish
INFO  2021-09-01 17:27:23,345 MasterTemplateService::? - GetList_Active_WithModel : MethodStart
INFO  2021-09-01 17:27:23,444 MasterTemplateService::? - GetList_Active_WithModel : MethodFinish
INFO  2021-09-01 17:27:24,154 WHONETColumnService::? - GetList_Active_WithModel : MethodStart
INFO  2021-09-01 17:27:24,253 WHONETColumnService::? - GetList_Active_WithModel : MethodFinish
INFO  2021-09-01 17:27:25,496 OrganismService::? - GetList_Active_WithModel : MethodStart
INFO  2021-09-01 17:27:25,660 OrganismService::? - GetList_Active_WithModel : MethodFinish
INFO  2021-09-01 17:27:40,528 MasterTemplateService::? - GetList_Active_WithModel : MethodStart
INFO  2021-09-01 17:27:40,628 MasterTemplateService::? - GetList_Active_WithModel : MethodFinish
INFO  2021-09-01 17:27:41,318 WHONETColumnService::? - GetList_Active_WithModel : MethodStart
INFO  2021-09-01 17:27:41,421 WHONETColumnService::? - GetList_Active_WithModel : MethodFinish
INFO  2021-09-01 17:28:09,177 OrganismService::? - GetList_Active_WithModel : MethodStart
INFO  2021-09-01 17:28:09,342 OrganismService::? - GetList_Active_WithModel : MethodFinish
INFO  2021-09-01 17:28:43,258 MasterTemplateService::? - GetList_Active_WithModel : MethodStart
INFO  2021-09-01 17:28:43,357 MasterTemplateService::? - GetList_Active_WithModel : MethodFinish
INFO  2021-09-01 17:28:44,071 WHONETColumnService::? - GetList_Active_WithModel : MethodStart
INFO  2021-09-01 17:28:44,175 WHONETColumnService::? - GetList_Active_WithModel : MethodFinish
INFO  2021-09-01 17:29:58,804 OrganismService::? - GetList_Active_WithModel : MethodStart
INFO  2021-09-01 17:29:58,972 OrganismService::? - GetList_Active_WithModel : MethodFinish
INFO  2021-09-01 17:30:20,294 MasterTemplateService::? - GetList_Active_WithModel : MethodStart
INFO  2021-09-01 17:30:20,392 MasterTemplateService::? - GetList_Active_WithModel : MethodFinish
INFO  2021-09-01 17:30:21,109 WHONETColumnService::? - GetList_Active_WithModel : MethodStart
INFO  2021-09-01 17:30:21,209 WHONETColumnService::? - GetList_Active_WithModel : MethodFinish
INFO  2021-09-01 17:31:03,515 WardTypeService::? - GetList_Active_WithModel : MethodStart
INFO  2021-09-01 17:31:03,645 WardTypeService::? - GetList_Active_WithModel : MethodFinish
INFO  2021-09-01 17:31:08,217 WardTypeService::? - GetList_Active_WithModel : MethodStart
INFO  2021-09-01 17:31:08,317 WardTypeService::? - GetList_Active_WithModel : MethodFinish
INFO  2021-09-01 17:48:51,670 MasterTemplateService::? - GetList_Active_WithModel : MethodStart
INFO  2021-09-01 17:48:53,029 MasterTemplateService::? - GetList_Active_WithModel : MethodFinish
INFO  2021-09-01 18:00:46,617 MasterTemplateService::? - GetList_Active_WithModel : MethodStart
INFO  2021-09-01 18:00:47,864 MasterTemplateService::? - GetList_Active_WithModel : MethodFinish
INFO  2021-09-01 18:01:15,245 SpecimenService::? - GetList_Mapping_Active_WithModel : MethodStart
INFO  2021-09-01 18:01:15,421 SpecimenService::? - GetList_Mapping_Active_WithModel : MethodFinish
INFO  2021-09-01 18:17:30,659 MasterTemplateService::? - GetList_Active_WithModel : MethodStart
INFO  2021-09-01 18:17:31,958 MasterTemplateService::? - GetList_Active_WithModel : MethodFinish
INFO  2021-09-01 18:17:36,180 WHONETColumnService::? - GetList_Active_WithModel : MethodStart
INFO  2021-09-01 18:17:36,336 WHONETColumnService::? - GetList_Active_WithModel : MethodFinish
INFO  2021-09-01 18:21:06,093 MasterTemplateService::? - GetList_Active_WithModel : MethodStart
INFO  2021-09-01 18:21:06,244 MasterTemplateService::? - GetList_Active_WithModel : MethodFinish
INFO  2021-09-01 18:21:07,314 WHONETColumnService::? - GetList_Active_WithModel : MethodStart
INFO  2021-09-01 18:21:07,426 WHONETColumnService::? - GetList_Active_WithModel : MethodFinish
INFO  2021-09-01 18:25:11,362 MasterTemplateService::? - GetList_Active_WithModel : MethodStart
INFO  2021-09-01 18:25:11,479 MasterTemplateService::? - GetList_Active_WithModel : MethodFinish
INFO  2021-09-01 18:25:12,526 WHONETColumnService::? - GetList_Active_WithModel : MethodStart
INFO  2021-09-01 18:25:12,635 WHONETColumnService::? - GetList_Active_WithModel : MethodFinish
INFO  2021-09-01 18:27:08,919 MasterTemplateService::? - GetList_Active_WithModel : MethodStart
INFO  2021-09-01 18:27:09,027 MasterTemplateService::? - GetList_Active_WithModel : MethodFinish
INFO  2021-09-01 18:27:09,783 WHONETColumnService::? - GetList_Active_WithModel : MethodStart
INFO  2021-09-01 18:27:09,895 WHONETColumnService::? - GetList_Active_WithModel : MethodFinish
INFO  2021-09-01 18:27:21,898 MasterTemplateService::? - GetList_Active_WithModel : MethodStart
INFO  2021-09-01 18:27:22,007 MasterTemplateService::? - GetList_Active_WithModel : MethodFinish
INFO  2021-09-01 18:27:22,714 WHONETColumnService::? - GetList_Active_WithModel : MethodStart
INFO  2021-09-01 18:27:22,828 WHONETColumnService::? - GetList_Active_WithModel : MethodFinish
INFO  2021-09-01 18:28:04,204 MasterTemplateService::? - GetList_Active_WithModel : MethodStart
INFO  2021-09-01 18:28:04,326 MasterTemplateService::? - GetList_Active_WithModel : MethodFinish
INFO  2021-09-01 18:28:05,061 WHONETColumnService::? - GetList_Active_WithModel : MethodStart
INFO  2021-09-01 18:28:05,172 WHONETColumnService::? - GetList_Active_WithModel : MethodFinish
INFO  2021-09-01 18:28:34,002 MasterTemplateService::? - GetList_Active_WithModel : MethodStart
INFO  2021-09-01 18:28:34,132 MasterTemplateService::? - GetList_Active_WithModel : MethodFinish
INFO  2021-09-01 18:28:35,073 WHONETColumnService::? - GetList_Active_WithModel : MethodStart
INFO  2021-09-01 18:28:35,186 WHONETColumnService::? - GetList_Active_WithModel : MethodFinish
INFO  2021-09-01 18:28:44,132 MasterTemplateService::? - GetList_Active_WithModel : MethodStart
INFO  2021-09-01 18:28:44,241 MasterTemplateService::? - GetList_Active_WithModel : MethodFinish
INFO  2021-09-01 18:28:44,939 WHONETColumnService::? - GetList_Active_WithModel : MethodStart
INFO  2021-09-01 18:28:45,046 WHONETColumnService::? - GetList_Active_WithModel : MethodFinish
INFO  2021-09-01 18:29:02,446 MasterTemplateService::? - GetList_Active_WithModel : MethodStart
INFO  2021-09-01 18:29:02,553 MasterTemplateService::? - GetList_Active_WithModel : MethodFinish
INFO  2021-09-01 18:29:03,267 WHONETColumnService::? - GetList_Active_WithModel : MethodStart
INFO  2021-09-01 18:29:03,379 WHONETColumnService::? - GetList_Active_WithModel : MethodFinish
INFO  2021-09-01 18:29:18,612 MasterTemplateService::? - GetList_Active_WithModel : MethodStart
INFO  2021-09-01 18:29:18,721 MasterTemplateService::? - GetList_Active_WithModel : MethodFinish
INFO  2021-09-01 18:29:19,404 WHONETColumnService::? - GetList_Active_WithModel : MethodStart
INFO  2021-09-01 18:29:19,515 WHONETColumnService::? - GetList_Active_WithModel : MethodFinish
INFO  2021-09-01 18:29:23,761 MasterTemplateService::? - GetList_Active_WithModel : MethodStart
INFO  2021-09-01 18:29:23,870 MasterTemplateService::? - GetList_Active_WithModel : MethodFinish
INFO  2021-09-01 18:29:24,558 WHONETColumnService::? - GetList_Active_WithModel : MethodStart
INFO  2021-09-01 18:29:24,665 WHONETColumnService::? - GetList_Active_WithModel : MethodFinish
INFO  2021-09-01 22:24:35,438 MasterTemplateService::? - GetList_Active_WithModel : MethodStart
INFO  2021-09-01 22:24:38,638 MasterTemplateService::? - GetList_Active_WithModel : MethodFinish
INFO  2021-09-01 22:30:21,327 MasterTemplateService::? - GetList_Active_WithModel : MethodStart
INFO  2021-09-01 22:30:21,453 MasterTemplateService::? - GetList_Active_WithModel : MethodFinish
INFO  2021-09-01 22:30:50,255 MasterTemplateService::? - GetList_Active_WithModel : MethodStart
INFO  2021-09-01 22:30:50,460 MasterTemplateService::? - GetList_Active_WithModel : MethodFinish
INFO  2021-09-01 22:32:00,062 MasterTemplateService::? - GetList_Active_WithModel : MethodStart
INFO  2021-09-01 22:32:00,199 MasterTemplateService::? - GetList_Active_WithModel : MethodFinish
INFO  2021-09-01 22:51:01,538 MasterTemplateService::? - GetList_Active_WithModel : MethodStart
INFO  2021-09-01 22:51:01,810 MasterTemplateService::? - GetList_Active_WithModel : MethodFinish
INFO  2021-09-01 23:00:39,257 SpecimenService::? - GetList_Mapping_Active_WithModel : MethodStart
INFO  2021-09-01 23:00:39,604 SpecimenService::? - GetList_Mapping_Active_WithModel : MethodFinish
INFO  2021-09-01 23:00:42,099 MasterTemplateService::? - GetList_Active_WithModel : MethodStart
INFO  2021-09-01 23:00:42,217 MasterTemplateService::? - GetList_Active_WithModel : MethodFinish
INFO  2021-09-01 23:00:43,354 WHONETColumnService::? - GetList_Active_WithModel : MethodStart
INFO  2021-09-01 23:00:43,522 WHONETColumnService::? - GetList_Active_WithModel : MethodFinish
INFO  2021-09-01 23:02:49,753 WardTypeService::? - GetList_Active_WithModel : MethodStart
INFO  2021-09-01 23:02:49,911 WardTypeService::? - GetList_Active_WithModel : MethodFinish
INFO  2021-09-01 23:03:57,024 MasterTemplateService::? - GetList_Active_WithModel : MethodStart
INFO  2021-09-01 23:03:57,174 MasterTemplateService::? - GetList_Active_WithModel : MethodFinish
INFO  2021-09-01 23:03:58,344 WHONETColumnService::? - GetList_Active_WithModel : MethodStart
INFO  2021-09-01 23:03:58,476 WHONETColumnService::? - GetList_Active_WithModel : MethodFinish
INFO  2021-09-01 23:04:08,924 MasterTemplateService::? - GetList_Active_WithModel : MethodStart
INFO  2021-09-01 23:04:09,034 MasterTemplateService::? - GetList_Active_WithModel : MethodFinish
INFO  2021-09-01 23:04:09,875 WHONETColumnService::? - GetList_Active_WithModel : MethodStart
INFO  2021-09-01 23:04:10,010 WHONETColumnService::? - GetList_Active_WithModel : MethodFinish
INFO  2021-09-01 23:19:54,744 SpecimenService::? - GetList_Mapping_Active_WithModel : MethodStart
INFO  2021-09-01 23:19:55,055 SpecimenService::? - GetList_Mapping_Active_WithModel : MethodFinish
INFO  2021-09-01 23:23:19,509 MasterTemplateService::? - GetList_Active_WithModel : MethodStart
INFO  2021-09-01 23:23:19,622 MasterTemplateService::? - GetList_Active_WithModel : MethodFinish
INFO  2021-09-01 23:23:20,657 WHONETColumnService::? - GetList_Active_WithModel : MethodStart
INFO  2021-09-01 23:23:20,785 WHONETColumnService::? - GetList_Active_WithModel : MethodFinish
INFO  2021-09-01 23:23:42,902 MasterTemplateService::? - GetList_Active_WithModel : MethodStart
INFO  2021-09-01 23:23:43,019 MasterTemplateService::? - GetList_Active_WithModel : MethodFinish
INFO  2021-09-01 23:23:44,392 WHONETColumnService::? - GetList_Active_WithModel : MethodStart
INFO  2021-09-01 23:23:44,558 WHONETColumnService::? - GetList_Active_WithModel : MethodFinish
INFO  2021-09-01 23:26:46,628 MasterTemplateService::? - GetList_Active_WithModel : MethodStart
INFO  2021-09-01 23:26:46,747 MasterTemplateService::? - GetList_Active_WithModel : MethodFinish
INFO  2021-09-01 23:26:48,038 WHONETColumnService::? - GetList_Active_WithModel : MethodStart
INFO  2021-09-01 23:26:48,152 WHONETColumnService::? - GetList_Active_WithModel : MethodFinish
INFO  2021-09-01 23:29:35,673 MasterTemplateService::? - GetList_Active_WithModel : MethodStart
INFO  2021-09-01 23:29:35,783 MasterTemplateService::? - GetList_Active_WithModel : MethodFinish
INFO  2021-09-01 23:29:37,274 WHONETColumnService::? - GetList_Active_WithModel : MethodStart
INFO  2021-09-01 23:29:37,385 WHONETColumnService::? - GetList_Active_WithModel : MethodFinish
INFO  2021-09-01 23:51:53,184 MasterTemplateService::? - GetList_Active_WithModel : MethodStart
INFO  2021-09-01 23:51:56,072 MasterTemplateService::? - GetList_Active_WithModel : MethodFinish
