INFO  2022-02-03 15:42:52,126 MasterHospitalService::? - GetListWithModel : MethodStart
INFO  2022-02-03 15:42:57,083 MasterHospitalService::? - GetListWithModel : MethodFinish
INFO  2022-02-03 15:43:06,751 MasterHospitalService::? - GetListWithModel : MethodStart
INFO  2022-02-03 15:43:06,876 MasterHospitalService::? - GetListWithModel : MethodFinish
INFO  2022-02-03 15:43:19,294 MasterHospitalService::? - SaveData : MethodStart
INFO  2022-02-03 15:43:19,926 MasterHospitalService::? - SaveData : MethodFinish
INFO  2022-02-03 15:43:20,962 MasterHospitalService::? - GetListWithModel : MethodStart
INFO  2022-02-03 15:43:21,081 MasterHospitalService::? - GetListWithModel : MethodFinish
INFO  2022-02-03 15:44:50,664 MasterTemplateService::? - GetList_Active_WithModel : MethodStart
INFO  2022-02-03 15:44:50,843 MasterTemplateService::? - GetList_Active_WithModel : MethodFinish
INFO  2022-02-03 15:45:03,397 WHONETColumnService::? - GetList_Active_WithModel : MethodStart
INFO  2022-02-03 15:45:03,541 WHONETColumnService::? - GetList_Active_WithModel : MethodFinish
INFO  2022-02-03 18:07:57,726 SpecimenService::? - GetList_Mapping_Active_WithModel : MethodStart
INFO  2022-02-03 18:07:59,041 SpecimenService::? - GetList_Mapping_Active_WithModel : MethodFinish
INFO  2022-02-03 18:08:22,129 MasterTemplateService::? - GetList_Active_WithModel : MethodStart
INFO  2022-02-03 18:08:22,271 MasterTemplateService::? - GetList_Active_WithModel : MethodFinish
INFO  2022-02-03 18:08:23,204 WHONETColumnService::? - GetList_Active_WithModel : MethodStart
INFO  2022-02-03 18:08:23,374 WHONETColumnService::? - GetList_Active_WithModel : MethodFinish
INFO  2022-02-03 18:09:13,497 MasterTemplateService::? - GetList_Active_WithModel : MethodStart
INFO  2022-02-03 18:09:13,604 MasterTemplateService::? - GetList_Active_WithModel : MethodFinish
INFO  2022-02-03 18:10:51,844 MasterTemplateService::? - GetList_Active_WithModel : MethodStart
INFO  2022-02-03 18:10:51,946 MasterTemplateService::? - GetList_Active_WithModel : MethodFinish
INFO  2022-02-03 18:10:52,744 WHONETColumnService::? - GetList_Active_WithModel : MethodStart
INFO  2022-02-03 18:10:52,850 WHONETColumnService::? - GetList_Active_WithModel : MethodFinish
INFO  2022-02-03 18:11:03,025 WardTypeService::? - GetList_Active_WithModel : MethodStart
INFO  2022-02-03 18:11:03,144 WardTypeService::? - GetList_Active_WithModel : MethodFinish
INFO  2022-02-03 18:11:35,129 MasterTemplateService::? - GetList_Active_WithModel : MethodStart
INFO  2022-02-03 18:11:35,231 MasterTemplateService::? - GetList_Active_WithModel : MethodFinish
INFO  2022-02-03 18:11:36,175 WHONETColumnService::? - GetList_Active_WithModel : MethodStart
INFO  2022-02-03 18:11:36,282 WHONETColumnService::? - GetList_Active_WithModel : MethodFinish
INFO  2022-02-03 18:11:58,367 WardTypeService::? - GetList_Active_WithModel : MethodStart
INFO  2022-02-03 18:11:58,470 WardTypeService::? - GetList_Active_WithModel : MethodFinish
INFO  2022-02-03 18:12:09,461 MasterTemplateService::? - GetList_Active_WithModel : MethodStart
INFO  2022-02-03 18:12:09,561 MasterTemplateService::? - GetList_Active_WithModel : MethodFinish
INFO  2022-02-03 18:12:10,299 WHONETColumnService::? - GetList_Active_WithModel : MethodStart
INFO  2022-02-03 18:12:10,418 WHONETColumnService::? - GetList_Active_WithModel : MethodFinish
INFO  2022-02-03 18:12:34,885 WardTypeService::? - GetList_Active_WithModel : MethodStart
INFO  2022-02-03 18:12:34,990 WardTypeService::? - GetList_Active_WithModel : MethodFinish
INFO  2022-02-03 18:12:46,923 MasterTemplateService::? - GetList_Active_WithModel : MethodStart
INFO  2022-02-03 18:12:47,026 MasterTemplateService::? - GetList_Active_WithModel : MethodFinish
INFO  2022-02-03 18:12:47,779 WHONETColumnService::? - GetList_Active_WithModel : MethodStart
INFO  2022-02-03 18:12:47,899 WHONETColumnService::? - GetList_Active_WithModel : MethodFinish
INFO  2022-02-03 18:14:14,394 WardTypeService::? - GetList_Active_WithModel : MethodStart
INFO  2022-02-03 18:14:14,499 WardTypeService::? - GetList_Active_WithModel : MethodFinish
INFO  2022-02-03 18:14:28,070 MasterTemplateService::? - GetList_Active_WithModel : MethodStart
INFO  2022-02-03 18:14:28,171 MasterTemplateService::? - GetList_Active_WithModel : MethodFinish
INFO  2022-02-03 18:14:28,971 WHONETColumnService::? - GetList_Active_WithModel : MethodStart
INFO  2022-02-03 18:14:29,074 WHONETColumnService::? - GetList_Active_WithModel : MethodFinish
INFO  2022-02-03 18:14:42,820 WardTypeService::? - GetList_Active_WithModel : MethodStart
INFO  2022-02-03 18:14:42,922 WardTypeService::? - GetList_Active_WithModel : MethodFinish
INFO  2022-02-03 18:14:51,281 MasterTemplateService::? - GetList_Active_WithModel : MethodStart
INFO  2022-02-03 18:14:51,381 MasterTemplateService::? - GetList_Active_WithModel : MethodFinish
INFO  2022-02-03 18:14:52,091 WHONETColumnService::? - GetList_Active_WithModel : MethodStart
INFO  2022-02-03 18:14:52,191 WHONETColumnService::? - GetList_Active_WithModel : MethodFinish
INFO  2022-02-03 18:15:01,793 WardTypeService::? - GetList_Active_WithModel : MethodStart
INFO  2022-02-03 18:15:01,895 WardTypeService::? - GetList_Active_WithModel : MethodFinish
INFO  2022-02-03 18:15:18,910 MasterTemplateService::? - GetList_Active_WithModel : MethodStart
INFO  2022-02-03 18:15:19,034 MasterTemplateService::? - GetList_Active_WithModel : MethodFinish
INFO  2022-02-03 18:15:19,777 WHONETColumnService::? - GetList_Active_WithModel : MethodStart
INFO  2022-02-03 18:15:19,881 WHONETColumnService::? - GetList_Active_WithModel : MethodFinish
INFO  2022-02-03 18:15:31,493 WardTypeService::? - GetList_Active_WithModel : MethodStart
INFO  2022-02-03 18:15:31,593 WardTypeService::? - GetList_Active_WithModel : MethodFinish
INFO  2022-02-03 18:15:44,210 MasterTemplateService::? - GetList_Active_WithModel : MethodStart
INFO  2022-02-03 18:15:44,315 MasterTemplateService::? - GetList_Active_WithModel : MethodFinish
INFO  2022-02-03 18:15:45,002 WHONETColumnService::? - GetList_Active_WithModel : MethodStart
INFO  2022-02-03 18:15:45,102 WHONETColumnService::? - GetList_Active_WithModel : MethodFinish
INFO  2022-02-03 18:15:48,999 MasterTemplateService::? - GetList_Active_WithModel : MethodStart
INFO  2022-02-03 18:15:49,104 MasterTemplateService::? - GetList_Active_WithModel : MethodFinish
INFO  2022-02-03 18:15:49,815 WHONETColumnService::? - GetList_Active_WithModel : MethodStart
INFO  2022-02-03 18:15:49,924 WHONETColumnService::? - GetList_Active_WithModel : MethodFinish
