INFO  2021-08-16 09:54:20,124 MasterTemplateService::? - GetList_Active_WithModel : MethodStart
INFO  2021-08-16 09:54:23,650 MasterTemplateService::? - GetList_Active_WithModel : MethodFinish
INFO  2021-08-16 10:02:11,083 MasterTemplateService::? - GetList_Active_WithModel : MethodStart
INFO  2021-08-16 10:02:13,547 MasterTemplateService::? - GetList_Active_WithModel : MethodFinish
INFO  2021-08-16 10:08:11,889 MasterTemplateService::? - GetList_Active_WithModel : MethodStart
INFO  2021-08-16 10:08:13,130 MasterTemplateService::? - GetList_Active_WithModel : MethodFinish
INFO  2021-08-16 10:12:04,735 WHONETColumnService::? - GetList_Active_WithModel : MethodStart
INFO  2021-08-16 10:12:04,883 WHONETColumnService::? - GetList_Active_WithModel : MethodFinish
INFO  2021-08-16 10:12:16,378 MasterTemplateService::? - GetList_Active_WithModel : MethodStart
INFO  2021-08-16 10:12:16,509 MasterTemplateService::? - GetList_Active_WithModel : MethodFinish
INFO  2021-08-16 10:25:43,602 WHONETColumnService::? - GetList_Active_WithModel : MethodStart
INFO  2021-08-16 10:25:43,861 WHONETColumnService::? - GetList_Active_WithModel : MethodFinish
INFO  2021-08-16 11:01:50,849 SpecimenService::? - GetList_Active_WithModel : MethodStart
INFO  2021-08-16 11:01:52,077 SpecimenService::? - GetList_Active_WithModel : MethodFinish
INFO  2021-08-16 11:03:35,702 SpecimenService::? - GetList_Active_WithModel : MethodStart
INFO  2021-08-16 11:03:35,813 SpecimenService::? - GetList_Active_WithModel : MethodFinish
INFO  2021-08-16 11:10:26,259 SpecimenService::? - GetList_Active_WithModel : MethodStart
INFO  2021-08-16 11:10:26,539 SpecimenService::? - GetList_Active_WithModel : MethodFinish
INFO  2021-08-16 13:36:21,561 MasterTemplateService::? - GetList_Active_WithModel : MethodStart
INFO  2021-08-16 13:36:22,860 MasterTemplateService::? - GetList_Active_WithModel : MethodFinish
INFO  2021-08-16 13:38:55,872 WHONETColumnService::? - GetList_Active_WithModel : MethodStart
INFO  2021-08-16 13:38:56,060 WHONETColumnService::? - GetList_Active_WithModel : MethodFinish
INFO  2021-08-16 13:39:03,109 MasterTemplateService::? - GetList_Active_WithModel : MethodStart
INFO  2021-08-16 13:39:03,236 MasterTemplateService::? - GetList_Active_WithModel : MethodFinish
INFO  2021-08-16 13:43:04,378 MasterTemplateService::? - GetList_Active_WithModel : MethodStart
INFO  2021-08-16 13:43:05,721 MasterTemplateService::? - GetList_Active_WithModel : MethodFinish
INFO  2021-08-16 14:15:44,764 MasterTemplateService::? - GetList_Active_WithModel : MethodStart
INFO  2021-08-16 14:15:46,152 MasterTemplateService::? - GetList_Active_WithModel : MethodFinish
INFO  2021-08-16 14:16:33,429 WHONETColumnService::? - GetList_Active_WithModel : MethodStart
INFO  2021-08-16 14:16:33,567 WHONETColumnService::? - GetList_Active_WithModel : MethodFinish
INFO  2021-08-16 14:44:52,063 SpecimenService::? - GetList_Active_WithModel : MethodStart
INFO  2021-08-16 14:44:54,256 SpecimenService::? - GetList_Active_WithModel : MethodFinish
INFO  2021-08-16 14:54:16,402 SpecimenService::? - GetList_Active_WithModel : MethodStart
INFO  2021-08-16 14:54:17,652 SpecimenService::? - GetList_Active_WithModel : MethodFinish
INFO  2021-08-16 16:31:04,510 SpecimenService::? - GetList_Active_WithModel : MethodStart
INFO  2021-08-16 16:31:05,741 SpecimenService::? - GetList_Active_WithModel : MethodFinish
INFO  2021-08-16 16:38:04,360 SpecimenService::? - GetList_Active_WithModel : MethodStart
INFO  2021-08-16 16:38:04,727 SpecimenService::? - GetList_Active_WithModel : MethodFinish
INFO  2021-08-16 22:31:10,197 SpecimenService::? - GetList_Active_WithModel : MethodStart
INFO  2021-08-16 22:31:13,925 SpecimenService::? - GetList_Active_WithModel : MethodFinish
INFO  2021-08-16 22:32:05,211 SpecimenService::? - GetList_Active_WithModel : MethodStart
INFO  2021-08-16 22:32:05,352 SpecimenService::? - GetList_Active_WithModel : MethodFinish
INFO  2021-08-16 22:32:16,615 SpecimenService::? - GetList_Active_WithModel : MethodStart
INFO  2021-08-16 22:32:16,841 SpecimenService::? - GetList_Active_WithModel : MethodFinish
INFO  2021-08-16 23:26:24,163 SpecimenService::? - GetList_Active_WithModel : MethodStart
INFO  2021-08-16 23:26:27,638 SpecimenService::? - GetList_Active_WithModel : MethodFinish
INFO  2021-08-16 23:41:11,867 SpecimenService::? - GetList_Active_WithModel : MethodStart
INFO  2021-08-16 23:41:15,334 SpecimenService::? - GetList_Active_WithModel : MethodFinish
INFO  2021-08-16 23:51:37,124 SpecimenService::? - GetList_Active_WithModel : MethodStart
INFO  2021-08-16 23:51:40,766 SpecimenService::? - GetList_Active_WithModel : MethodFinish
