INFO  2021-10-05 10:11:19,092 SpecimenService::? - GetList_Active_WithModel : MethodStart
INFO  2021-10-05 10:11:22,218 SpecimenService::? - GetList_Active_WithModel : MethodFinish
INFO  2021-10-05 10:11:41,668 SpecimenService::? - GetList_Active_WithModel : MethodStart
INFO  2021-10-05 10:11:41,836 SpecimenService::? - GetList_Active_WithModel : MethodFinish
INFO  2021-10-05 10:12:39,539 SpecimenService::? - GetList_Active_WithModel : MethodStart
INFO  2021-10-05 10:12:39,825 SpecimenService::? - GetList_Active_WithModel : MethodFinish
INFO  2021-10-05 10:12:49,538 SpecimenService::? - GetList_Active_WithModel : MethodStart
INFO  2021-10-05 10:12:49,660 SpecimenService::? - GetList_Active_WithModel : MethodFinish
INFO  2021-10-05 10:13:13,163 SpecimenService::? - GetList_Active_WithModel : MethodStart
INFO  2021-10-05 10:13:13,282 SpecimenService::? - GetList_Active_WithModel : MethodFinish
INFO  2021-10-05 10:14:01,249 SpecimenService::? - GetList_Mapping_Active_WithModel : MethodStart
INFO  2021-10-05 10:14:01,419 SpecimenService::? - GetList_Mapping_Active_WithModel : MethodFinish
INFO  2021-10-05 10:14:36,671 MasterTemplateService::? - GetList_Active_WithModel : MethodStart
INFO  2021-10-05 10:14:36,840 MasterTemplateService::? - GetList_Active_WithModel : MethodFinish
INFO  2021-10-05 10:14:39,566 WHONETColumnService::? - GetList_Active_WithModel : MethodStart
INFO  2021-10-05 10:14:39,734 WHONETColumnService::? - GetList_Active_WithModel : MethodFinish
INFO  2021-10-05 10:18:14,079 SpecimenService::? - GetList_Active_WithModel : MethodStart
INFO  2021-10-05 10:18:14,199 SpecimenService::? - GetList_Active_WithModel : MethodFinish
INFO  2021-10-05 10:18:19,327 SpecimenService::? - GetList_Active_WithModel : MethodStart
INFO  2021-10-05 10:18:19,455 SpecimenService::? - GetList_Active_WithModel : MethodFinish
INFO  2021-10-05 10:21:35,264 SpecimenService::? - GetList_Active_WithModel : MethodStart
INFO  2021-10-05 10:21:35,402 SpecimenService::? - GetList_Active_WithModel : MethodFinish
INFO  2021-10-05 10:21:40,669 SpecimenService::? - GetList_Active_WithModel : MethodStart
INFO  2021-10-05 10:21:40,781 SpecimenService::? - GetList_Active_WithModel : MethodFinish
INFO  2021-10-05 10:22:32,642 SpecimenService::? - GetList_Active_WithModel : MethodStart
INFO  2021-10-05 10:22:32,754 SpecimenService::? - GetList_Active_WithModel : MethodFinish
INFO  2021-10-05 10:22:37,207 SpecimenService::? - GetList_Active_WithModel : MethodStart
INFO  2021-10-05 10:22:37,335 SpecimenService::? - GetList_Active_WithModel : MethodFinish
INFO  2021-10-05 10:35:41,646 MasterTemplateService::? - GetListWithModel : MethodStart
INFO  2021-10-05 10:35:41,956 MasterTemplateService::? - GetListWithModel : MethodFinish
INFO  2021-10-05 11:23:00,085 MasterTemplateService::? - GetListWithModel : MethodStart
INFO  2021-10-05 11:23:01,611 MasterTemplateService::? - GetListWithModel : MethodFinish
INFO  2021-10-05 11:23:14,986 MasterTemplateService::? - GetListWithModel : MethodStart
INFO  2021-10-05 11:23:15,153 MasterTemplateService::? - GetListWithModel : MethodFinish
INFO  2021-10-05 11:23:52,489 MasterTemplateService::? - SaveData : MethodStart
INFO  2021-10-05 11:23:52,896 MasterTemplateService::? - SaveData : MethodFinish
INFO  2021-10-05 11:23:52,952 MasterTemplateService::? - GetData : MethodStart
INFO  2021-10-05 11:23:53,145 MasterTemplateService::? - GetData : MethodFinish
INFO  2021-10-05 11:23:57,202 MasterTemplateService::? - GetListWithModel : MethodStart
INFO  2021-10-05 11:23:57,307 MasterTemplateService::? - GetListWithModel : MethodFinish
INFO  2021-10-05 11:24:06,675 MasterHospitalService::? - GetListWithModel : MethodStart
INFO  2021-10-05 11:24:10,929 MasterHospitalService::? - GetListWithModel : MethodFinish
INFO  2021-10-05 11:24:57,273 MasterTemplateService::? - GetListWithModel : MethodStart
INFO  2021-10-05 11:24:57,374 MasterTemplateService::? - GetListWithModel : MethodFinish
INFO  2021-10-05 11:28:56,550 SpecimenService::? - GetList_Active_WithModel : MethodStart
INFO  2021-10-05 11:28:56,688 SpecimenService::? - GetList_Active_WithModel : MethodFinish
INFO  2021-10-05 11:29:09,516 SpecimenService::? - GetList_Active_WithModel : MethodStart
INFO  2021-10-05 11:29:09,619 SpecimenService::? - GetList_Active_WithModel : MethodFinish
INFO  2021-10-05 11:29:49,598 SpecimenService::? - GetList_Active_WithModel : MethodStart
INFO  2021-10-05 11:29:49,703 SpecimenService::? - GetList_Active_WithModel : MethodFinish
