INFO  2021-09-14 12:17:45,790 SpecimenService::? - GetList_Mapping_Active_WithModel : MethodStart
INFO  2021-09-14 12:17:48,083 SpecimenService::? - GetList_Mapping_Active_WithModel : MethodFinish
INFO  2021-09-14 12:18:48,139 MasterTemplateService::? - GetList_Active_WithModel : MethodStart
INFO  2021-09-14 12:18:48,337 MasterTemplateService::? - GetList_Active_WithModel : MethodFinish
INFO  2021-09-14 12:19:27,370 MasterTemplateService::? - GetList_Active_WithModel : MethodStart
INFO  2021-09-14 12:19:27,611 MasterTemplateService::? - GetList_Active_WithModel : MethodFinish
INFO  2021-09-14 12:29:43,635 MasterTemplateService::? - GetList_Active_WithModel : MethodStart
INFO  2021-09-14 12:29:43,937 MasterTemplateService::? - GetList_Active_WithModel : MethodFinish
INFO  2021-09-14 12:29:52,922 SpecimenService::? - GetList_Mapping_Active_WithModel : MethodStart
INFO  2021-09-14 12:29:53,094 SpecimenService::? - GetList_Mapping_Active_WithModel : MethodFinish
INFO  2021-09-14 12:30:31,898 MasterTemplateService::? - GetList_Active_WithModel : MethodStart
INFO  2021-09-14 12:30:32,017 MasterTemplateService::? - GetList_Active_WithModel : MethodFinish
INFO  2021-09-14 15:07:27,993 SpecimenService::? - GetList_Mapping_Active_WithModel : MethodStart
INFO  2021-09-14 15:07:29,196 SpecimenService::? - GetList_Mapping_Active_WithModel : MethodFinish
INFO  2021-09-14 15:07:36,406 MasterTemplateService::? - GetList_Active_WithModel : MethodStart
INFO  2021-09-14 15:07:36,543 MasterTemplateService::? - GetList_Active_WithModel : MethodFinish
INFO  2021-09-14 15:07:59,956 MasterTemplateService::? - GetList_Active_WithModel : MethodStart
INFO  2021-09-14 15:08:00,118 MasterTemplateService::? - GetList_Active_WithModel : MethodFinish
INFO  2021-09-14 15:08:01,365 WHONETColumnService::? - GetList_Active_WithModel : MethodStart
INFO  2021-09-14 15:08:01,487 WHONETColumnService::? - GetList_Active_WithModel : MethodFinish
INFO  2021-09-14 15:08:39,805 MasterTemplateService::? - GetList_Active_WithModel : MethodStart
INFO  2021-09-14 15:08:39,916 MasterTemplateService::? - GetList_Active_WithModel : MethodFinish
INFO  2021-09-14 15:08:40,669 WHONETColumnService::? - GetList_Active_WithModel : MethodStart
INFO  2021-09-14 15:08:40,774 WHONETColumnService::? - GetList_Active_WithModel : MethodFinish
INFO  2021-09-14 15:08:50,231 MasterTemplateService::? - GetList_Active_WithModel : MethodStart
INFO  2021-09-14 15:08:50,332 MasterTemplateService::? - GetList_Active_WithModel : MethodFinish
INFO  2021-09-14 15:08:51,086 WHONETColumnService::? - GetList_Active_WithModel : MethodStart
INFO  2021-09-14 15:08:51,212 WHONETColumnService::? - GetList_Active_WithModel : MethodFinish
INFO  2021-09-14 15:09:19,433 MasterTemplateService::? - GetList_Active_WithModel : MethodStart
INFO  2021-09-14 15:09:19,541 MasterTemplateService::? - GetList_Active_WithModel : MethodFinish
INFO  2021-09-14 15:09:20,256 WHONETColumnService::? - GetList_Active_WithModel : MethodStart
INFO  2021-09-14 15:09:20,362 WHONETColumnService::? - GetList_Active_WithModel : MethodFinish
INFO  2021-09-14 15:09:38,548 MasterTemplateService::? - GetList_Active_WithModel : MethodStart
INFO  2021-09-14 15:09:38,649 MasterTemplateService::? - GetList_Active_WithModel : MethodFinish
INFO  2021-09-14 15:09:39,369 WHONETColumnService::? - GetList_Active_WithModel : MethodStart
INFO  2021-09-14 15:09:39,473 WHONETColumnService::? - GetList_Active_WithModel : MethodFinish
INFO  2021-09-14 15:09:58,080 MasterTemplateService::? - GetList_Active_WithModel : MethodStart
INFO  2021-09-14 15:09:58,184 MasterTemplateService::? - GetList_Active_WithModel : MethodFinish
INFO  2021-09-14 15:09:58,868 WHONETColumnService::? - GetList_Active_WithModel : MethodStart
INFO  2021-09-14 15:09:58,969 WHONETColumnService::? - GetList_Active_WithModel : MethodFinish
INFO  2021-09-14 15:10:46,839 MasterTemplateService::? - GetList_Active_WithModel : MethodStart
INFO  2021-09-14 15:10:46,941 MasterTemplateService::? - GetList_Active_WithModel : MethodFinish
INFO  2021-09-14 15:10:47,638 WHONETColumnService::? - GetList_Active_WithModel : MethodStart
INFO  2021-09-14 15:10:47,744 WHONETColumnService::? - GetList_Active_WithModel : MethodFinish
INFO  2021-09-14 15:11:09,253 MasterTemplateService::? - GetList_Active_WithModel : MethodStart
INFO  2021-09-14 15:11:09,354 MasterTemplateService::? - GetList_Active_WithModel : MethodFinish
INFO  2021-09-14 15:11:10,128 WHONETColumnService::? - GetList_Active_WithModel : MethodStart
INFO  2021-09-14 15:11:10,231 WHONETColumnService::? - GetList_Active_WithModel : MethodFinish
INFO  2021-09-14 15:11:23,311 MasterTemplateService::? - GetList_Active_WithModel : MethodStart
INFO  2021-09-14 15:11:23,413 MasterTemplateService::? - GetList_Active_WithModel : MethodFinish
INFO  2021-09-14 15:11:24,106 WHONETColumnService::? - GetList_Active_WithModel : MethodStart
INFO  2021-09-14 15:11:24,208 WHONETColumnService::? - GetList_Active_WithModel : MethodFinish
INFO  2021-09-14 15:11:37,215 MasterTemplateService::? - GetList_Active_WithModel : MethodStart
INFO  2021-09-14 15:11:37,321 MasterTemplateService::? - GetList_Active_WithModel : MethodFinish
INFO  2021-09-14 15:11:38,067 WHONETColumnService::? - GetList_Active_WithModel : MethodStart
INFO  2021-09-14 15:11:38,186 WHONETColumnService::? - GetList_Active_WithModel : MethodFinish
INFO  2021-09-14 15:12:39,877 MasterTemplateService::? - GetList_Active_WithModel : MethodStart
INFO  2021-09-14 15:12:39,976 MasterTemplateService::? - GetList_Active_WithModel : MethodFinish
INFO  2021-09-14 15:12:40,728 WHONETColumnService::? - GetList_Active_WithModel : MethodStart
INFO  2021-09-14 15:12:40,830 WHONETColumnService::? - GetList_Active_WithModel : MethodFinish
INFO  2021-09-14 15:12:58,721 MasterTemplateService::? - GetList_Active_WithModel : MethodStart
INFO  2021-09-14 15:12:58,821 MasterTemplateService::? - GetList_Active_WithModel : MethodFinish
INFO  2021-09-14 15:12:59,556 WHONETColumnService::? - GetList_Active_WithModel : MethodStart
INFO  2021-09-14 15:12:59,658 WHONETColumnService::? - GetList_Active_WithModel : MethodFinish
INFO  2021-09-14 15:13:12,240 MasterTemplateService::? - GetList_Active_WithModel : MethodStart
INFO  2021-09-14 15:13:12,340 MasterTemplateService::? - GetList_Active_WithModel : MethodFinish
INFO  2021-09-14 15:13:13,086 WHONETColumnService::? - GetList_Active_WithModel : MethodStart
INFO  2021-09-14 15:13:13,192 WHONETColumnService::? - GetList_Active_WithModel : MethodFinish
INFO  2021-09-14 15:13:30,451 MasterTemplateService::? - GetList_Active_WithModel : MethodStart
INFO  2021-09-14 15:13:30,551 MasterTemplateService::? - GetList_Active_WithModel : MethodFinish
INFO  2021-09-14 15:13:31,303 WHONETColumnService::? - GetList_Active_WithModel : MethodStart
INFO  2021-09-14 15:13:31,406 WHONETColumnService::? - GetList_Active_WithModel : MethodFinish
INFO  2021-09-14 15:13:40,682 MasterTemplateService::? - GetList_Active_WithModel : MethodStart
INFO  2021-09-14 15:13:40,781 MasterTemplateService::? - GetList_Active_WithModel : MethodFinish
INFO  2021-09-14 15:13:41,520 WHONETColumnService::? - GetList_Active_WithModel : MethodStart
INFO  2021-09-14 15:13:41,628 WHONETColumnService::? - GetList_Active_WithModel : MethodFinish
INFO  2021-09-14 15:13:51,941 MasterTemplateService::? - GetList_Active_WithModel : MethodStart
INFO  2021-09-14 15:13:52,044 MasterTemplateService::? - GetList_Active_WithModel : MethodFinish
INFO  2021-09-14 15:13:52,746 WHONETColumnService::? - GetList_Active_WithModel : MethodStart
INFO  2021-09-14 15:13:52,845 WHONETColumnService::? - GetList_Active_WithModel : MethodFinish
INFO  2021-09-14 15:14:14,532 MasterTemplateService::? - GetList_Active_WithModel : MethodStart
INFO  2021-09-14 15:14:14,635 MasterTemplateService::? - GetList_Active_WithModel : MethodFinish
INFO  2021-09-14 15:14:15,324 WHONETColumnService::? - GetList_Active_WithModel : MethodStart
INFO  2021-09-14 15:14:15,426 WHONETColumnService::? - GetList_Active_WithModel : MethodFinish
INFO  2021-09-14 15:14:25,506 MasterTemplateService::? - GetList_Active_WithModel : MethodStart
INFO  2021-09-14 15:14:25,604 MasterTemplateService::? - GetList_Active_WithModel : MethodFinish
INFO  2021-09-14 15:14:26,386 WHONETColumnService::? - GetList_Active_WithModel : MethodStart
INFO  2021-09-14 15:14:26,496 WHONETColumnService::? - GetList_Active_WithModel : MethodFinish
INFO  2021-09-14 15:14:36,644 MasterTemplateService::? - GetList_Active_WithModel : MethodStart
INFO  2021-09-14 15:14:36,743 MasterTemplateService::? - GetList_Active_WithModel : MethodFinish
INFO  2021-09-14 15:14:37,499 WHONETColumnService::? - GetList_Active_WithModel : MethodStart
INFO  2021-09-14 15:14:37,600 WHONETColumnService::? - GetList_Active_WithModel : MethodFinish
INFO  2021-09-14 15:14:50,774 MasterTemplateService::? - GetList_Active_WithModel : MethodStart
INFO  2021-09-14 15:14:50,874 MasterTemplateService::? - GetList_Active_WithModel : MethodFinish
INFO  2021-09-14 15:14:51,579 WHONETColumnService::? - GetList_Active_WithModel : MethodStart
INFO  2021-09-14 15:14:51,679 WHONETColumnService::? - GetList_Active_WithModel : MethodFinish
INFO  2021-09-14 15:15:02,395 MasterTemplateService::? - GetList_Active_WithModel : MethodStart
INFO  2021-09-14 15:15:02,496 MasterTemplateService::? - GetList_Active_WithModel : MethodFinish
INFO  2021-09-14 15:15:03,257 WHONETColumnService::? - GetList_Active_WithModel : MethodStart
INFO  2021-09-14 15:15:03,358 WHONETColumnService::? - GetList_Active_WithModel : MethodFinish
INFO  2021-09-14 15:15:12,153 MasterTemplateService::? - GetList_Active_WithModel : MethodStart
INFO  2021-09-14 15:15:12,255 MasterTemplateService::? - GetList_Active_WithModel : MethodFinish
INFO  2021-09-14 15:15:13,012 WHONETColumnService::? - GetList_Active_WithModel : MethodStart
INFO  2021-09-14 15:15:13,116 WHONETColumnService::? - GetList_Active_WithModel : MethodFinish
INFO  2021-09-14 15:15:25,105 MasterTemplateService::? - GetList_Active_WithModel : MethodStart
INFO  2021-09-14 15:15:25,204 MasterTemplateService::? - GetList_Active_WithModel : MethodFinish
INFO  2021-09-14 15:15:25,933 WHONETColumnService::? - GetList_Active_WithModel : MethodStart
INFO  2021-09-14 15:15:26,037 WHONETColumnService::? - GetList_Active_WithModel : MethodFinish
INFO  2021-09-14 15:15:39,292 MasterTemplateService::? - GetList_Active_WithModel : MethodStart
INFO  2021-09-14 15:15:39,389 MasterTemplateService::? - GetList_Active_WithModel : MethodFinish
INFO  2021-09-14 15:15:40,120 WHONETColumnService::? - GetList_Active_WithModel : MethodStart
INFO  2021-09-14 15:15:40,224 WHONETColumnService::? - GetList_Active_WithModel : MethodFinish
INFO  2021-09-14 15:15:49,738 MasterTemplateService::? - GetList_Active_WithModel : MethodStart
INFO  2021-09-14 15:15:49,843 MasterTemplateService::? - GetList_Active_WithModel : MethodFinish
INFO  2021-09-14 15:15:50,568 WHONETColumnService::? - GetList_Active_WithModel : MethodStart
INFO  2021-09-14 15:15:50,669 WHONETColumnService::? - GetList_Active_WithModel : MethodFinish
INFO  2021-09-14 15:15:59,574 MasterTemplateService::? - GetList_Active_WithModel : MethodStart
INFO  2021-09-14 15:15:59,671 MasterTemplateService::? - GetList_Active_WithModel : MethodFinish
INFO  2021-09-14 15:16:00,367 WHONETColumnService::? - GetList_Active_WithModel : MethodStart
INFO  2021-09-14 15:16:00,470 WHONETColumnService::? - GetList_Active_WithModel : MethodFinish
INFO  2021-09-14 15:16:10,736 MasterTemplateService::? - GetList_Active_WithModel : MethodStart
INFO  2021-09-14 15:16:10,834 MasterTemplateService::? - GetList_Active_WithModel : MethodFinish
INFO  2021-09-14 15:16:11,509 WHONETColumnService::? - GetList_Active_WithModel : MethodStart
INFO  2021-09-14 15:16:11,610 WHONETColumnService::? - GetList_Active_WithModel : MethodFinish
INFO  2021-09-14 15:16:33,351 MasterTemplateService::? - GetList_Active_WithModel : MethodStart
INFO  2021-09-14 15:16:33,453 MasterTemplateService::? - GetList_Active_WithModel : MethodFinish
INFO  2021-09-14 15:16:34,205 WHONETColumnService::? - GetList_Active_WithModel : MethodStart
INFO  2021-09-14 15:16:34,308 WHONETColumnService::? - GetList_Active_WithModel : MethodFinish
INFO  2021-09-14 15:16:59,780 MasterTemplateService::? - GetList_Active_WithModel : MethodStart
INFO  2021-09-14 15:16:59,882 MasterTemplateService::? - GetList_Active_WithModel : MethodFinish
INFO  2021-09-14 15:17:00,567 WHONETColumnService::? - GetList_Active_WithModel : MethodStart
INFO  2021-09-14 15:17:00,670 WHONETColumnService::? - GetList_Active_WithModel : MethodFinish
INFO  2021-09-14 15:17:13,659 MasterTemplateService::? - GetList_Active_WithModel : MethodStart
INFO  2021-09-14 15:17:13,759 MasterTemplateService::? - GetList_Active_WithModel : MethodFinish
INFO  2021-09-14 15:17:14,475 WHONETColumnService::? - GetList_Active_WithModel : MethodStart
INFO  2021-09-14 15:17:14,578 WHONETColumnService::? - GetList_Active_WithModel : MethodFinish
INFO  2021-09-14 15:17:25,432 MasterTemplateService::? - GetList_Active_WithModel : MethodStart
INFO  2021-09-14 15:17:25,532 MasterTemplateService::? - GetList_Active_WithModel : MethodFinish
INFO  2021-09-14 15:17:26,257 WHONETColumnService::? - GetList_Active_WithModel : MethodStart
INFO  2021-09-14 15:17:26,358 WHONETColumnService::? - GetList_Active_WithModel : MethodFinish
INFO  2021-09-14 15:17:35,516 MasterTemplateService::? - GetList_Active_WithModel : MethodStart
INFO  2021-09-14 15:17:35,616 MasterTemplateService::? - GetList_Active_WithModel : MethodFinish
INFO  2021-09-14 15:17:36,319 WHONETColumnService::? - GetList_Active_WithModel : MethodStart
INFO  2021-09-14 15:17:36,425 WHONETColumnService::? - GetList_Active_WithModel : MethodFinish
INFO  2021-09-14 15:17:48,452 MasterTemplateService::? - GetList_Active_WithModel : MethodStart
INFO  2021-09-14 15:17:48,553 MasterTemplateService::? - GetList_Active_WithModel : MethodFinish
INFO  2021-09-14 15:17:49,293 WHONETColumnService::? - GetList_Active_WithModel : MethodStart
INFO  2021-09-14 15:17:49,394 WHONETColumnService::? - GetList_Active_WithModel : MethodFinish
INFO  2021-09-14 15:17:58,975 MasterTemplateService::? - GetList_Active_WithModel : MethodStart
INFO  2021-09-14 15:17:59,071 MasterTemplateService::? - GetList_Active_WithModel : MethodFinish
INFO  2021-09-14 15:17:59,804 WHONETColumnService::? - GetList_Active_WithModel : MethodStart
INFO  2021-09-14 15:17:59,906 WHONETColumnService::? - GetList_Active_WithModel : MethodFinish
INFO  2021-09-14 15:18:17,388 MasterTemplateService::? - GetList_Active_WithModel : MethodStart
INFO  2021-09-14 15:18:17,486 MasterTemplateService::? - GetList_Active_WithModel : MethodFinish
INFO  2021-09-14 15:18:18,285 WHONETColumnService::? - GetList_Active_WithModel : MethodStart
INFO  2021-09-14 15:18:18,590 WHONETColumnService::? - GetList_Active_WithModel : MethodFinish
INFO  2021-09-14 15:18:28,935 MasterTemplateService::? - GetList_Active_WithModel : MethodStart
INFO  2021-09-14 15:18:29,034 MasterTemplateService::? - GetList_Active_WithModel : MethodFinish
INFO  2021-09-14 15:18:29,776 WHONETColumnService::? - GetList_Active_WithModel : MethodStart
INFO  2021-09-14 15:18:29,876 WHONETColumnService::? - GetList_Active_WithModel : MethodFinish
INFO  2021-09-14 15:18:41,060 MasterTemplateService::? - GetList_Active_WithModel : MethodStart
INFO  2021-09-14 15:18:41,158 MasterTemplateService::? - GetList_Active_WithModel : MethodFinish
INFO  2021-09-14 15:18:41,856 WHONETColumnService::? - GetList_Active_WithModel : MethodStart
INFO  2021-09-14 15:18:41,960 WHONETColumnService::? - GetList_Active_WithModel : MethodFinish
INFO  2021-09-14 15:18:53,570 MasterTemplateService::? - GetList_Active_WithModel : MethodStart
INFO  2021-09-14 15:18:53,675 MasterTemplateService::? - GetList_Active_WithModel : MethodFinish
INFO  2021-09-14 15:18:54,407 WHONETColumnService::? - GetList_Active_WithModel : MethodStart
INFO  2021-09-14 15:18:54,513 WHONETColumnService::? - GetList_Active_WithModel : MethodFinish
INFO  2021-09-14 15:20:05,883 MasterTemplateService::? - GetList_Active_WithModel : MethodStart
INFO  2021-09-14 15:20:06,000 MasterTemplateService::? - GetList_Active_WithModel : MethodFinish
INFO  2021-09-14 15:20:06,738 WHONETColumnService::? - GetList_Active_WithModel : MethodStart
INFO  2021-09-14 15:20:06,839 WHONETColumnService::? - GetList_Active_WithModel : MethodFinish
INFO  2021-09-14 15:20:29,393 MasterTemplateService::? - GetList_Active_WithModel : MethodStart
INFO  2021-09-14 15:20:29,495 MasterTemplateService::? - GetList_Active_WithModel : MethodFinish
INFO  2021-09-14 15:20:30,195 WHONETColumnService::? - GetList_Active_WithModel : MethodStart
INFO  2021-09-14 15:20:30,315 WHONETColumnService::? - GetList_Active_WithModel : MethodFinish
INFO  2021-09-14 15:20:40,201 MasterTemplateService::? - GetList_Active_WithModel : MethodStart
INFO  2021-09-14 15:20:40,299 MasterTemplateService::? - GetList_Active_WithModel : MethodFinish
INFO  2021-09-14 15:20:41,021 WHONETColumnService::? - GetList_Active_WithModel : MethodStart
INFO  2021-09-14 15:20:41,126 WHONETColumnService::? - GetList_Active_WithModel : MethodFinish
INFO  2021-09-14 15:20:52,461 MasterTemplateService::? - GetList_Active_WithModel : MethodStart
INFO  2021-09-14 15:20:52,559 MasterTemplateService::? - GetList_Active_WithModel : MethodFinish
INFO  2021-09-14 15:20:53,322 WHONETColumnService::? - GetList_Active_WithModel : MethodStart
INFO  2021-09-14 15:20:53,427 WHONETColumnService::? - GetList_Active_WithModel : MethodFinish
INFO  2021-09-14 15:21:05,257 MasterTemplateService::? - GetList_Active_WithModel : MethodStart
INFO  2021-09-14 15:21:05,355 MasterTemplateService::? - GetList_Active_WithModel : MethodFinish
INFO  2021-09-14 15:21:06,060 WHONETColumnService::? - GetList_Active_WithModel : MethodStart
INFO  2021-09-14 15:21:06,167 WHONETColumnService::? - GetList_Active_WithModel : MethodFinish
INFO  2021-09-14 15:21:18,405 MasterTemplateService::? - GetList_Active_WithModel : MethodStart
INFO  2021-09-14 15:21:18,503 MasterTemplateService::? - GetList_Active_WithModel : MethodFinish
INFO  2021-09-14 15:21:19,272 WHONETColumnService::? - GetList_Active_WithModel : MethodStart
INFO  2021-09-14 15:21:19,373 WHONETColumnService::? - GetList_Active_WithModel : MethodFinish
INFO  2021-09-14 15:21:29,241 MasterTemplateService::? - GetList_Active_WithModel : MethodStart
INFO  2021-09-14 15:21:29,339 MasterTemplateService::? - GetList_Active_WithModel : MethodFinish
INFO  2021-09-14 15:21:30,046 WHONETColumnService::? - GetList_Active_WithModel : MethodStart
INFO  2021-09-14 15:21:30,151 WHONETColumnService::? - GetList_Active_WithModel : MethodFinish
INFO  2021-09-14 15:21:41,178 MasterTemplateService::? - GetList_Active_WithModel : MethodStart
INFO  2021-09-14 15:21:41,281 MasterTemplateService::? - GetList_Active_WithModel : MethodFinish
INFO  2021-09-14 15:21:42,016 WHONETColumnService::? - GetList_Active_WithModel : MethodStart
INFO  2021-09-14 15:21:42,121 WHONETColumnService::? - GetList_Active_WithModel : MethodFinish
INFO  2021-09-14 15:21:57,826 MasterTemplateService::? - GetList_Active_WithModel : MethodStart
INFO  2021-09-14 15:21:57,923 MasterTemplateService::? - GetList_Active_WithModel : MethodFinish
INFO  2021-09-14 15:21:58,636 WHONETColumnService::? - GetList_Active_WithModel : MethodStart
INFO  2021-09-14 15:21:58,741 WHONETColumnService::? - GetList_Active_WithModel : MethodFinish
INFO  2021-09-14 15:22:08,559 MasterTemplateService::? - GetList_Active_WithModel : MethodStart
INFO  2021-09-14 15:22:08,658 MasterTemplateService::? - GetList_Active_WithModel : MethodFinish
INFO  2021-09-14 15:22:09,465 WHONETColumnService::? - GetList_Active_WithModel : MethodStart
INFO  2021-09-14 15:22:09,568 WHONETColumnService::? - GetList_Active_WithModel : MethodFinish
INFO  2021-09-14 15:22:17,670 MasterTemplateService::? - GetList_Active_WithModel : MethodStart
INFO  2021-09-14 15:22:17,767 MasterTemplateService::? - GetList_Active_WithModel : MethodFinish
INFO  2021-09-14 15:22:18,491 WHONETColumnService::? - GetList_Active_WithModel : MethodStart
INFO  2021-09-14 15:22:18,592 WHONETColumnService::? - GetList_Active_WithModel : MethodFinish
INFO  2021-09-14 15:22:34,443 MasterTemplateService::? - GetList_Active_WithModel : MethodStart
INFO  2021-09-14 15:22:34,545 MasterTemplateService::? - GetList_Active_WithModel : MethodFinish
INFO  2021-09-14 15:22:35,300 WHONETColumnService::? - GetList_Active_WithModel : MethodStart
INFO  2021-09-14 15:22:35,405 WHONETColumnService::? - GetList_Active_WithModel : MethodFinish
INFO  2021-09-14 15:22:49,602 MasterTemplateService::? - GetList_Active_WithModel : MethodStart
INFO  2021-09-14 15:22:49,701 MasterTemplateService::? - GetList_Active_WithModel : MethodFinish
INFO  2021-09-14 15:22:50,409 WHONETColumnService::? - GetList_Active_WithModel : MethodStart
INFO  2021-09-14 15:22:50,510 WHONETColumnService::? - GetList_Active_WithModel : MethodFinish
INFO  2021-09-14 15:22:58,439 MasterTemplateService::? - GetList_Active_WithModel : MethodStart
INFO  2021-09-14 15:22:58,543 MasterTemplateService::? - GetList_Active_WithModel : MethodFinish
INFO  2021-09-14 15:22:59,247 WHONETColumnService::? - GetList_Active_WithModel : MethodStart
INFO  2021-09-14 15:22:59,351 WHONETColumnService::? - GetList_Active_WithModel : MethodFinish
INFO  2021-09-14 15:23:07,129 MasterTemplateService::? - GetList_Active_WithModel : MethodStart
INFO  2021-09-14 15:23:07,227 MasterTemplateService::? - GetList_Active_WithModel : MethodFinish
INFO  2021-09-14 15:23:07,941 WHONETColumnService::? - GetList_Active_WithModel : MethodStart
INFO  2021-09-14 15:23:08,041 WHONETColumnService::? - GetList_Active_WithModel : MethodFinish
INFO  2021-09-14 15:23:17,987 MasterTemplateService::? - GetList_Active_WithModel : MethodStart
INFO  2021-09-14 15:23:18,088 MasterTemplateService::? - GetList_Active_WithModel : MethodFinish
INFO  2021-09-14 15:23:18,792 WHONETColumnService::? - GetList_Active_WithModel : MethodStart
INFO  2021-09-14 15:23:18,891 WHONETColumnService::? - GetList_Active_WithModel : MethodFinish
INFO  2021-09-14 15:23:30,325 MasterTemplateService::? - GetList_Active_WithModel : MethodStart
INFO  2021-09-14 15:23:30,428 MasterTemplateService::? - GetList_Active_WithModel : MethodFinish
INFO  2021-09-14 15:23:31,145 WHONETColumnService::? - GetList_Active_WithModel : MethodStart
INFO  2021-09-14 15:23:31,249 WHONETColumnService::? - GetList_Active_WithModel : MethodFinish
INFO  2021-09-14 15:23:39,994 MasterTemplateService::? - GetList_Active_WithModel : MethodStart
INFO  2021-09-14 15:23:40,095 MasterTemplateService::? - GetList_Active_WithModel : MethodFinish
INFO  2021-09-14 15:23:40,860 WHONETColumnService::? - GetList_Active_WithModel : MethodStart
INFO  2021-09-14 15:23:40,960 WHONETColumnService::? - GetList_Active_WithModel : MethodFinish
INFO  2021-09-14 15:23:52,654 MasterTemplateService::? - GetList_Active_WithModel : MethodStart
INFO  2021-09-14 15:23:52,753 MasterTemplateService::? - GetList_Active_WithModel : MethodFinish
INFO  2021-09-14 15:23:53,456 WHONETColumnService::? - GetList_Active_WithModel : MethodStart
INFO  2021-09-14 15:23:53,557 WHONETColumnService::? - GetList_Active_WithModel : MethodFinish
INFO  2021-09-14 15:24:02,652 MasterTemplateService::? - GetList_Active_WithModel : MethodStart
INFO  2021-09-14 15:24:02,750 MasterTemplateService::? - GetList_Active_WithModel : MethodFinish
INFO  2021-09-14 15:24:03,431 WHONETColumnService::? - GetList_Active_WithModel : MethodStart
INFO  2021-09-14 15:24:03,535 WHONETColumnService::? - GetList_Active_WithModel : MethodFinish
INFO  2021-09-14 15:24:13,751 SpecimenService::? - GetList_Mapping_Active_WithModel : MethodStart
INFO  2021-09-14 15:24:13,859 SpecimenService::? - GetList_Mapping_Active_WithModel : MethodFinish
INFO  2021-09-14 15:24:50,103 MasterTemplateService::? - GetList_Active_WithModel : MethodStart
INFO  2021-09-14 15:24:50,209 MasterTemplateService::? - GetList_Active_WithModel : MethodFinish
INFO  2021-09-14 15:24:50,917 WHONETColumnService::? - GetList_Active_WithModel : MethodStart
INFO  2021-09-14 15:24:51,019 WHONETColumnService::? - GetList_Active_WithModel : MethodFinish
INFO  2021-09-14 15:24:58,710 SpecimenService::? - GetList_Mapping_Active_WithModel : MethodStart
INFO  2021-09-14 15:24:58,816 SpecimenService::? - GetList_Mapping_Active_WithModel : MethodFinish
INFO  2021-09-14 15:25:07,826 MasterTemplateService::? - GetList_Active_WithModel : MethodStart
INFO  2021-09-14 15:25:07,924 MasterTemplateService::? - GetList_Active_WithModel : MethodFinish
INFO  2021-09-14 15:25:08,607 WHONETColumnService::? - GetList_Active_WithModel : MethodStart
INFO  2021-09-14 15:25:08,710 WHONETColumnService::? - GetList_Active_WithModel : MethodFinish
INFO  2021-09-14 15:25:09,312 SpecimenService::? - GetList_Mapping_Active_WithModel : MethodStart
INFO  2021-09-14 15:25:09,418 SpecimenService::? - GetList_Mapping_Active_WithModel : MethodFinish
INFO  2021-09-14 15:25:16,205 MasterTemplateService::? - GetList_Active_WithModel : MethodStart
INFO  2021-09-14 15:25:16,306 MasterTemplateService::? - GetList_Active_WithModel : MethodFinish
INFO  2021-09-14 15:25:17,050 WHONETColumnService::? - GetList_Active_WithModel : MethodStart
INFO  2021-09-14 15:25:17,152 WHONETColumnService::? - GetList_Active_WithModel : MethodFinish
INFO  2021-09-14 15:25:19,190 SpecimenService::? - GetList_Mapping_Active_WithModel : MethodStart
INFO  2021-09-14 15:25:19,293 SpecimenService::? - GetList_Mapping_Active_WithModel : MethodFinish
INFO  2021-09-14 15:25:27,887 MasterTemplateService::? - GetList_Active_WithModel : MethodStart
INFO  2021-09-14 15:25:27,989 MasterTemplateService::? - GetList_Active_WithModel : MethodFinish
INFO  2021-09-14 15:25:28,717 WHONETColumnService::? - GetList_Active_WithModel : MethodStart
INFO  2021-09-14 15:25:28,816 WHONETColumnService::? - GetList_Active_WithModel : MethodFinish
INFO  2021-09-14 15:25:29,436 SpecimenService::? - GetList_Mapping_Active_WithModel : MethodStart
INFO  2021-09-14 15:25:29,539 SpecimenService::? - GetList_Mapping_Active_WithModel : MethodFinish
INFO  2021-09-14 15:26:06,587 MasterTemplateService::? - GetList_Active_WithModel : MethodStart
INFO  2021-09-14 15:26:06,689 MasterTemplateService::? - GetList_Active_WithModel : MethodFinish
INFO  2021-09-14 15:26:07,401 WHONETColumnService::? - GetList_Active_WithModel : MethodStart
INFO  2021-09-14 15:26:07,506 WHONETColumnService::? - GetList_Active_WithModel : MethodFinish
INFO  2021-09-14 15:26:08,180 SpecimenService::? - GetList_Mapping_Active_WithModel : MethodStart
INFO  2021-09-14 15:26:08,285 SpecimenService::? - GetList_Mapping_Active_WithModel : MethodFinish
INFO  2021-09-14 15:26:17,251 MasterTemplateService::? - GetList_Active_WithModel : MethodStart
INFO  2021-09-14 15:26:17,350 MasterTemplateService::? - GetList_Active_WithModel : MethodFinish
INFO  2021-09-14 15:26:18,096 WHONETColumnService::? - GetList_Active_WithModel : MethodStart
INFO  2021-09-14 15:26:18,195 WHONETColumnService::? - GetList_Active_WithModel : MethodFinish
INFO  2021-09-14 15:26:45,759 SpecimenService::? - GetList_Mapping_Active_WithModel : MethodStart
INFO  2021-09-14 15:26:45,867 SpecimenService::? - GetList_Mapping_Active_WithModel : MethodFinish
INFO  2021-09-14 15:26:58,832 MasterTemplateService::? - GetList_Active_WithModel : MethodStart
INFO  2021-09-14 15:26:58,930 MasterTemplateService::? - GetList_Active_WithModel : MethodFinish
INFO  2021-09-14 15:26:59,634 WHONETColumnService::? - GetList_Active_WithModel : MethodStart
INFO  2021-09-14 15:26:59,733 WHONETColumnService::? - GetList_Active_WithModel : MethodFinish
INFO  2021-09-14 15:27:01,323 OrganismService::? - GetList_Active_WithModel : MethodStart
INFO  2021-09-14 15:27:01,619 OrganismService::? - GetList_Active_WithModel : MethodFinish
INFO  2021-09-14 15:27:27,420 MasterTemplateService::? - GetList_Active_WithModel : MethodStart
INFO  2021-09-14 15:27:27,521 MasterTemplateService::? - GetList_Active_WithModel : MethodFinish
INFO  2021-09-14 15:27:28,246 WHONETColumnService::? - GetList_Active_WithModel : MethodStart
INFO  2021-09-14 15:27:28,346 WHONETColumnService::? - GetList_Active_WithModel : MethodFinish
INFO  2021-09-14 15:27:30,923 OrganismService::? - GetList_Active_WithModel : MethodStart
INFO  2021-09-14 15:27:31,112 OrganismService::? - GetList_Active_WithModel : MethodFinish
INFO  2021-09-14 15:27:51,174 MasterTemplateService::? - GetList_Active_WithModel : MethodStart
INFO  2021-09-14 15:27:51,274 MasterTemplateService::? - GetList_Active_WithModel : MethodFinish
INFO  2021-09-14 15:27:52,069 WHONETColumnService::? - GetList_Active_WithModel : MethodStart
INFO  2021-09-14 15:27:52,170 WHONETColumnService::? - GetList_Active_WithModel : MethodFinish
INFO  2021-09-14 15:27:57,616 OrganismService::? - GetList_Active_WithModel : MethodStart
INFO  2021-09-14 15:27:57,801 OrganismService::? - GetList_Active_WithModel : MethodFinish
INFO  2021-09-14 15:28:07,807 MasterTemplateService::? - GetList_Active_WithModel : MethodStart
INFO  2021-09-14 15:28:07,904 MasterTemplateService::? - GetList_Active_WithModel : MethodFinish
INFO  2021-09-14 15:28:08,674 WHONETColumnService::? - GetList_Active_WithModel : MethodStart
INFO  2021-09-14 15:28:08,778 WHONETColumnService::? - GetList_Active_WithModel : MethodFinish
INFO  2021-09-14 15:28:13,205 OrganismService::? - GetList_Active_WithModel : MethodStart
INFO  2021-09-14 15:28:13,398 OrganismService::? - GetList_Active_WithModel : MethodFinish
INFO  2021-09-14 15:28:18,073 MasterTemplateService::? - GetList_Active_WithModel : MethodStart
INFO  2021-09-14 15:28:18,170 MasterTemplateService::? - GetList_Active_WithModel : MethodFinish
INFO  2021-09-14 15:28:18,864 WHONETColumnService::? - GetList_Active_WithModel : MethodStart
INFO  2021-09-14 15:28:18,963 WHONETColumnService::? - GetList_Active_WithModel : MethodFinish
INFO  2021-09-14 15:28:25,099 OrganismService::? - GetList_Active_WithModel : MethodStart
INFO  2021-09-14 15:28:25,276 OrganismService::? - GetList_Active_WithModel : MethodFinish
INFO  2021-09-14 15:28:31,556 MasterTemplateService::? - GetList_Active_WithModel : MethodStart
INFO  2021-09-14 15:28:31,653 MasterTemplateService::? - GetList_Active_WithModel : MethodFinish
INFO  2021-09-14 15:28:32,392 WHONETColumnService::? - GetList_Active_WithModel : MethodStart
INFO  2021-09-14 15:28:32,496 WHONETColumnService::? - GetList_Active_WithModel : MethodFinish
INFO  2021-09-14 15:28:39,252 OrganismService::? - GetList_Active_WithModel : MethodStart
INFO  2021-09-14 15:28:39,409 OrganismService::? - GetList_Active_WithModel : MethodFinish
INFO  2021-09-14 15:28:47,892 MasterTemplateService::? - GetList_Active_WithModel : MethodStart
INFO  2021-09-14 15:28:47,992 MasterTemplateService::? - GetList_Active_WithModel : MethodFinish
INFO  2021-09-14 15:28:48,702 WHONETColumnService::? - GetList_Active_WithModel : MethodStart
INFO  2021-09-14 15:28:48,804 WHONETColumnService::? - GetList_Active_WithModel : MethodFinish
INFO  2021-09-14 15:28:55,830 OrganismService::? - GetList_Active_WithModel : MethodStart
INFO  2021-09-14 15:28:56,030 OrganismService::? - GetList_Active_WithModel : MethodFinish
INFO  2021-09-14 15:29:01,698 MasterTemplateService::? - GetList_Active_WithModel : MethodStart
INFO  2021-09-14 15:29:01,807 MasterTemplateService::? - GetList_Active_WithModel : MethodFinish
INFO  2021-09-14 15:29:02,529 WHONETColumnService::? - GetList_Active_WithModel : MethodStart
INFO  2021-09-14 15:29:02,650 WHONETColumnService::? - GetList_Active_WithModel : MethodFinish
INFO  2021-09-14 15:29:11,880 OrganismService::? - GetList_Active_WithModel : MethodStart
INFO  2021-09-14 15:29:12,406 OrganismService::? - GetList_Active_WithModel : MethodFinish
INFO  2021-09-14 15:29:17,020 MasterTemplateService::? - GetList_Active_WithModel : MethodStart
INFO  2021-09-14 15:29:17,119 MasterTemplateService::? - GetList_Active_WithModel : MethodFinish
INFO  2021-09-14 15:29:17,787 WHONETColumnService::? - GetList_Active_WithModel : MethodStart
INFO  2021-09-14 15:29:17,892 WHONETColumnService::? - GetList_Active_WithModel : MethodFinish
INFO  2021-09-14 15:29:38,747 OrganismService::? - GetList_Active_WithModel : MethodStart
INFO  2021-09-14 15:29:39,093 OrganismService::? - GetList_Active_WithModel : MethodFinish
INFO  2021-09-14 15:29:44,859 MasterTemplateService::? - GetList_Active_WithModel : MethodStart
INFO  2021-09-14 15:29:44,961 MasterTemplateService::? - GetList_Active_WithModel : MethodFinish
INFO  2021-09-14 15:29:45,698 WHONETColumnService::? - GetList_Active_WithModel : MethodStart
INFO  2021-09-14 15:29:45,799 WHONETColumnService::? - GetList_Active_WithModel : MethodFinish
INFO  2021-09-14 15:29:51,646 OrganismService::? - GetList_Active_WithModel : MethodStart
INFO  2021-09-14 15:29:51,823 OrganismService::? - GetList_Active_WithModel : MethodFinish
INFO  2021-09-14 15:29:58,865 MasterTemplateService::? - GetList_Active_WithModel : MethodStart
INFO  2021-09-14 15:29:58,963 MasterTemplateService::? - GetList_Active_WithModel : MethodFinish
INFO  2021-09-14 15:29:59,711 WHONETColumnService::? - GetList_Active_WithModel : MethodStart
INFO  2021-09-14 15:29:59,815 WHONETColumnService::? - GetList_Active_WithModel : MethodFinish
INFO  2021-09-14 15:30:07,556 OrganismService::? - GetList_Active_WithModel : MethodStart
INFO  2021-09-14 15:30:07,713 OrganismService::? - GetList_Active_WithModel : MethodFinish
INFO  2021-09-14 15:30:13,568 MasterTemplateService::? - GetList_Active_WithModel : MethodStart
INFO  2021-09-14 15:30:13,669 MasterTemplateService::? - GetList_Active_WithModel : MethodFinish
INFO  2021-09-14 15:30:14,371 WHONETColumnService::? - GetList_Active_WithModel : MethodStart
INFO  2021-09-14 15:30:14,491 WHONETColumnService::? - GetList_Active_WithModel : MethodFinish
INFO  2021-09-14 15:30:21,082 OrganismService::? - GetList_Active_WithModel : MethodStart
INFO  2021-09-14 15:30:21,285 OrganismService::? - GetList_Active_WithModel : MethodFinish
INFO  2021-09-14 15:30:26,962 MasterTemplateService::? - GetList_Active_WithModel : MethodStart
INFO  2021-09-14 15:30:27,061 MasterTemplateService::? - GetList_Active_WithModel : MethodFinish
INFO  2021-09-14 15:30:27,750 WHONETColumnService::? - GetList_Active_WithModel : MethodStart
INFO  2021-09-14 15:30:27,850 WHONETColumnService::? - GetList_Active_WithModel : MethodFinish
INFO  2021-09-14 15:30:35,607 OrganismService::? - GetList_Active_WithModel : MethodStart
INFO  2021-09-14 15:30:35,796 OrganismService::? - GetList_Active_WithModel : MethodFinish
INFO  2021-09-14 15:30:51,100 MasterTemplateService::? - GetList_Active_WithModel : MethodStart
INFO  2021-09-14 15:30:51,202 MasterTemplateService::? - GetList_Active_WithModel : MethodFinish
INFO  2021-09-14 15:30:51,909 WHONETColumnService::? - GetList_Active_WithModel : MethodStart
INFO  2021-09-14 15:30:52,015 WHONETColumnService::? - GetList_Active_WithModel : MethodFinish
INFO  2021-09-14 15:30:56,766 OrganismService::? - GetList_Active_WithModel : MethodStart
INFO  2021-09-14 15:30:56,968 OrganismService::? - GetList_Active_WithModel : MethodFinish
INFO  2021-09-14 15:31:03,087 MasterTemplateService::? - GetList_Active_WithModel : MethodStart
INFO  2021-09-14 15:31:03,189 MasterTemplateService::? - GetList_Active_WithModel : MethodFinish
INFO  2021-09-14 15:31:03,923 WHONETColumnService::? - GetList_Active_WithModel : MethodStart
INFO  2021-09-14 15:31:04,024 WHONETColumnService::? - GetList_Active_WithModel : MethodFinish
INFO  2021-09-14 15:31:18,465 OrganismService::? - GetList_Active_WithModel : MethodStart
INFO  2021-09-14 15:31:18,632 OrganismService::? - GetList_Active_WithModel : MethodFinish
INFO  2021-09-14 15:31:26,193 MasterTemplateService::? - GetList_Active_WithModel : MethodStart
INFO  2021-09-14 15:31:26,293 MasterTemplateService::? - GetList_Active_WithModel : MethodFinish
INFO  2021-09-14 15:31:27,001 WHONETColumnService::? - GetList_Active_WithModel : MethodStart
INFO  2021-09-14 15:31:27,102 WHONETColumnService::? - GetList_Active_WithModel : MethodFinish
INFO  2021-09-14 15:31:48,309 WardTypeService::? - GetList_Active_WithModel : MethodStart
INFO  2021-09-14 15:31:48,430 WardTypeService::? - GetList_Active_WithModel : MethodFinish
INFO  2021-09-14 15:31:55,008 MasterTemplateService::? - GetList_Active_WithModel : MethodStart
INFO  2021-09-14 15:31:55,121 MasterTemplateService::? - GetList_Active_WithModel : MethodFinish
INFO  2021-09-14 15:31:55,842 WHONETColumnService::? - GetList_Active_WithModel : MethodStart
INFO  2021-09-14 15:31:55,947 WHONETColumnService::? - GetList_Active_WithModel : MethodFinish
INFO  2021-09-14 15:31:57,191 WardTypeService::? - GetList_Active_WithModel : MethodStart
INFO  2021-09-14 15:31:57,293 WardTypeService::? - GetList_Active_WithModel : MethodFinish
INFO  2021-09-14 15:32:04,132 MasterTemplateService::? - GetList_Active_WithModel : MethodStart
INFO  2021-09-14 15:32:04,233 MasterTemplateService::? - GetList_Active_WithModel : MethodFinish
INFO  2021-09-14 15:32:04,954 WHONETColumnService::? - GetList_Active_WithModel : MethodStart
INFO  2021-09-14 15:32:05,057 WHONETColumnService::? - GetList_Active_WithModel : MethodFinish
INFO  2021-09-14 15:32:05,795 WardTypeService::? - GetList_Active_WithModel : MethodStart
INFO  2021-09-14 15:32:05,899 WardTypeService::? - GetList_Active_WithModel : MethodFinish
INFO  2021-09-14 15:32:11,694 MasterTemplateService::? - GetList_Active_WithModel : MethodStart
INFO  2021-09-14 15:32:11,792 MasterTemplateService::? - GetList_Active_WithModel : MethodFinish
INFO  2021-09-14 15:32:12,549 WHONETColumnService::? - GetList_Active_WithModel : MethodStart
INFO  2021-09-14 15:32:12,654 WHONETColumnService::? - GetList_Active_WithModel : MethodFinish
INFO  2021-09-14 15:32:13,340 WardTypeService::? - GetList_Active_WithModel : MethodStart
INFO  2021-09-14 15:32:13,440 WardTypeService::? - GetList_Active_WithModel : MethodFinish
INFO  2021-09-14 15:32:18,916 MasterTemplateService::? - GetList_Active_WithModel : MethodStart
INFO  2021-09-14 15:32:19,017 MasterTemplateService::? - GetList_Active_WithModel : MethodFinish
INFO  2021-09-14 15:32:19,778 WHONETColumnService::? - GetList_Active_WithModel : MethodStart
INFO  2021-09-14 15:32:19,884 WHONETColumnService::? - GetList_Active_WithModel : MethodFinish
INFO  2021-09-14 15:32:20,544 WardTypeService::? - GetList_Active_WithModel : MethodStart
INFO  2021-09-14 15:32:20,645 WardTypeService::? - GetList_Active_WithModel : MethodFinish
INFO  2021-09-14 15:32:25,474 MasterTemplateService::? - GetList_Active_WithModel : MethodStart
INFO  2021-09-14 15:32:25,576 MasterTemplateService::? - GetList_Active_WithModel : MethodFinish
INFO  2021-09-14 15:32:26,354 WHONETColumnService::? - GetList_Active_WithModel : MethodStart
INFO  2021-09-14 15:32:26,456 WHONETColumnService::? - GetList_Active_WithModel : MethodFinish
INFO  2021-09-14 15:32:39,962 MasterTemplateService::? - GetList_Active_WithModel : MethodStart
INFO  2021-09-14 15:32:40,095 MasterTemplateService::? - GetList_Active_WithModel : MethodFinish
INFO  2021-09-14 15:32:40,893 WHONETColumnService::? - GetList_Active_WithModel : MethodStart
INFO  2021-09-14 15:32:41,018 WHONETColumnService::? - GetList_Active_WithModel : MethodFinish
INFO  2021-09-14 15:33:03,237 MasterTemplateService::? - GetList_Active_WithModel : MethodStart
INFO  2021-09-14 15:33:03,337 MasterTemplateService::? - GetList_Active_WithModel : MethodFinish
INFO  2021-09-14 16:10:54,373 MasterTemplateService::? - GetList_Active_WithModel : MethodStart
INFO  2021-09-14 16:10:54,644 MasterTemplateService::? - GetList_Active_WithModel : MethodFinish
INFO  2021-09-14 16:10:55,571 WHONETColumnService::? - GetList_Active_WithModel : MethodStart
INFO  2021-09-14 16:10:55,681 WHONETColumnService::? - GetList_Active_WithModel : MethodFinish
INFO  2021-09-14 16:10:59,043 WardTypeService::? - GetList_Active_WithModel : MethodStart
INFO  2021-09-14 16:10:59,148 WardTypeService::? - GetList_Active_WithModel : MethodFinish
INFO  2021-09-14 16:11:05,202 SpecimenService::? - GetList_Mapping_Active_WithModel : MethodStart
INFO  2021-09-14 16:11:05,348 SpecimenService::? - GetList_Mapping_Active_WithModel : MethodFinish
