INFO  2021-10-08 17:45:20,764 MasterTemplateService::? - GetListWithModel : MethodStart
INFO  2021-10-08 17:45:22,457 MasterTemplateService::? - GetListWithModel : MethodFinish
INFO  2021-10-08 17:50:16,197 MasterTemplateService::? - GetData : MethodStart
INFO  2021-10-08 17:50:16,352 MasterTemplateService::? - GetData : MethodFinish
INFO  2021-10-08 17:50:16,405 MasterTemplateService::? - Get_ProcessExcelColumn : MethodStart
INFO  2021-10-08 17:50:16,555 MasterTemplateService::? - Get_ProcessExcelColumn : MethodFinish
INFO  2021-10-08 17:50:16,604 MasterTemplateService::? - Get_ProcessExcelRow : MethodStart
INFO  2021-10-08 17:50:16,719 MasterTemplateService::? - Get_ProcessExcelRow : MethodFinish
INFO  2021-10-08 17:50:16,777 MasterTemplateService::? - Get_ProcessExcelTemplate : MethodStart
INFO  2021-10-08 17:50:16,903 MasterTemplateService::? - Get_ProcessExcelTemplate : MethodFinish
INFO  2021-10-08 17:50:31,275 MasterTemplateService::? - SaveProcessExcelColumnListData : MethodStart
INFO  2021-10-08 17:50:31,940 MasterTemplateService::? - SaveProcessExcelColumnListData : MethodFinish
INFO  2021-10-08 17:50:31,992 MasterTemplateService::? - SaveProcessExcelRowListData : MethodStart
INFO  2021-10-08 17:50:32,401 MasterTemplateService::? - SaveProcessExcelRowListData : MethodFinish
INFO  2021-10-08 17:50:32,494 MasterTemplateService::? - SaveProcessExcelTemplateListData : MethodStart
INFO  2021-10-08 17:50:41,486 MasterTemplateService::? - SaveProcessExcelTemplateListData : MethodFinish
INFO  2021-10-08 17:50:41,525 MasterTemplateService::? - Get_ProcessExcelColumn : MethodStart
INFO  2021-10-08 17:50:41,667 MasterTemplateService::? - Get_ProcessExcelColumn : MethodFinish
INFO  2021-10-08 17:50:41,752 MasterTemplateService::? - Get_ProcessExcelRow : MethodStart
INFO  2021-10-08 17:50:41,899 MasterTemplateService::? - Get_ProcessExcelRow : MethodFinish
INFO  2021-10-08 17:50:41,957 MasterTemplateService::? - Get_ProcessExcelTemplate : MethodStart
INFO  2021-10-08 17:50:42,170 MasterTemplateService::? - Get_ProcessExcelTemplate : MethodFinish
INFO  2021-10-08 17:50:48,606 MasterTemplateService::? - Get_ProcessExcelColumn : MethodStart
INFO  2021-10-08 17:50:48,719 MasterTemplateService::? - Get_ProcessExcelColumn : MethodFinish
INFO  2021-10-08 17:50:48,758 MasterTemplateService::? - Get_ProcessExcelRow : MethodStart
INFO  2021-10-08 17:50:48,877 MasterTemplateService::? - Get_ProcessExcelRow : MethodFinish
INFO  2021-10-08 17:50:48,916 MasterTemplateService::? - Get_ProcessExcelTemplate : MethodStart
INFO  2021-10-08 17:50:49,103 MasterTemplateService::? - Get_ProcessExcelTemplate : MethodFinish
INFO  2021-10-08 17:50:49,879 MasterTemplateService::? - GetListWithModel : MethodStart
INFO  2021-10-08 17:50:50,012 MasterTemplateService::? - GetListWithModel : MethodFinish
