INFO  2021-09-25 21:21:47,028 MasterTemplateService::? - GetListWithModel : MethodStart
INFO  2021-09-25 21:21:49,734 MasterTemplateService::? - GetListWithModel : MethodFinish
INFO  2021-09-25 21:21:55,683 MasterTemplateService::? - GetData : MethodStart
INFO  2021-09-25 21:21:55,835 MasterTemplateService::? - GetData : MethodFinish
INFO  2021-09-25 21:23:03,238 MasterTemplateService::? - GetListWithModel : MethodStart
INFO  2021-09-25 21:23:03,295 MasterTemplateService::? - GetListWithModel : MethodFinish
INFO  2021-09-25 21:23:06,153 MasterTemplateService::? - GetData : MethodStart
INFO  2021-09-25 21:23:06,161 MasterTemplateService::? - GetData : MethodFinish
INFO  2021-09-25 21:45:36,556 MasterTemplateService::? - GetListWithModel : MethodStart
INFO  2021-09-25 21:45:37,558 MasterTemplateService::? - GetListWithModel : MethodFinish
INFO  2021-09-25 21:45:58,338 MasterTemplateService::? - GetData : MethodStart
INFO  2021-09-25 21:45:58,393 MasterTemplateService::? - GetData : MethodFinish
INFO  2021-09-25 21:56:16,044 MasterTemplateService::? - GetListWithModel : MethodStart
INFO  2021-09-25 21:56:16,937 MasterTemplateService::? - GetListWithModel : MethodFinish
INFO  2021-09-25 21:57:16,737 MasterTemplateService::? - GetData : MethodStart
INFO  2021-09-25 21:57:16,784 MasterTemplateService::? - GetData : MethodFinish
INFO  2021-09-25 22:00:52,397 MasterTemplateService::? - GetListWithModel : MethodStart
INFO  2021-09-25 22:00:53,294 MasterTemplateService::? - GetListWithModel : MethodFinish
INFO  2021-09-25 22:01:00,688 MasterTemplateService::? - GetData : MethodStart
INFO  2021-09-25 22:01:00,744 MasterTemplateService::? - GetData : MethodFinish
INFO  2021-09-25 22:01:19,400 MasterTemplateService::? - GetData : MethodStart
INFO  2021-09-25 22:01:19,440 MasterTemplateService::? - GetData : MethodFinish
INFO  2021-09-25 22:02:38,710 MasterTemplateService::? - GetData : MethodStart
INFO  2021-09-25 22:02:38,719 MasterTemplateService::? - GetData : MethodFinish
INFO  2021-09-25 22:10:57,334 MasterTemplateService::? - GetListWithModel : MethodStart
INFO  2021-09-25 22:10:58,552 MasterTemplateService::? - GetListWithModel : MethodFinish
INFO  2021-09-25 22:11:42,594 MasterTemplateService::? - GetData : MethodStart
INFO  2021-09-25 22:11:42,642 MasterTemplateService::? - GetData : MethodFinish
INFO  2021-09-25 22:12:57,740 MasterTemplateService::? - GetListWithModel : MethodStart
INFO  2021-09-25 22:12:57,780 MasterTemplateService::? - GetListWithModel : MethodFinish
INFO  2021-09-25 22:12:59,710 MasterTemplateService::? - GetData : MethodStart
INFO  2021-09-25 22:12:59,725 MasterTemplateService::? - GetData : MethodFinish
INFO  2021-09-25 22:13:05,198 MasterTemplateService::? - GetListWithModel : MethodStart
INFO  2021-09-25 22:13:05,204 MasterTemplateService::? - GetListWithModel : MethodFinish
INFO  2021-09-25 22:13:09,122 MasterTemplateService::? - GetData : MethodStart
INFO  2021-09-25 22:13:09,125 MasterTemplateService::? - GetData : MethodFinish
INFO  2021-09-25 22:13:53,237 MasterTemplateService::? - GetListWithModel : MethodStart
INFO  2021-09-25 22:13:53,244 MasterTemplateService::? - GetListWithModel : MethodFinish
INFO  2021-09-25 22:13:56,492 MasterTemplateService::? - GetData : MethodStart
INFO  2021-09-25 22:13:56,496 MasterTemplateService::? - GetData : MethodFinish
INFO  2021-09-25 22:15:18,562 MasterTemplateService::? - GetData : MethodStart
INFO  2021-09-25 22:15:18,569 MasterTemplateService::? - GetData : MethodFinish
INFO  2021-09-25 22:26:04,984 MasterTemplateService::? - GetListWithModel : MethodStart
INFO  2021-09-25 22:26:05,009 MasterTemplateService::? - GetListWithModel : MethodFinish
INFO  2021-09-25 23:35:46,885 SpecimenService::? - GetList_Mapping_Active_WithModel : MethodStart
INFO  2021-09-25 23:35:48,536 SpecimenService::? - GetList_Mapping_Active_WithModel : MethodFinish
INFO  2021-09-25 23:36:30,710 MasterTemplateService::? - GetList_Active_WithModel : MethodStart
INFO  2021-09-25 23:36:30,885 MasterTemplateService::? - GetList_Active_WithModel : MethodFinish
INFO  2021-09-25 23:37:19,172 MasterTemplateService::? - GetList_Active_WithModel : MethodStart
INFO  2021-09-25 23:37:19,247 MasterTemplateService::? - GetList_Active_WithModel : MethodFinish
INFO  2021-09-25 23:37:21,078 WHONETColumnService::? - GetList_Active_WithModel : MethodStart
INFO  2021-09-25 23:37:21,180 WHONETColumnService::? - GetList_Active_WithModel : MethodFinish
INFO  2021-09-25 23:38:04,399 MasterTemplateService::? - GetList_Active_WithModel : MethodStart
INFO  2021-09-25 23:38:04,419 MasterTemplateService::? - GetList_Active_WithModel : MethodFinish
INFO  2021-09-25 23:38:05,473 WHONETColumnService::? - GetList_Active_WithModel : MethodStart
INFO  2021-09-25 23:38:05,505 WHONETColumnService::? - GetList_Active_WithModel : MethodFinish
INFO  2021-09-25 23:38:16,696 MasterTemplateService::? - GetList_Active_WithModel : MethodStart
INFO  2021-09-25 23:38:16,707 MasterTemplateService::? - GetList_Active_WithModel : MethodFinish
INFO  2021-09-25 23:38:18,611 WHONETColumnService::? - GetList_Active_WithModel : MethodStart
INFO  2021-09-25 23:38:18,641 WHONETColumnService::? - GetList_Active_WithModel : MethodFinish
INFO  2021-09-25 23:38:27,131 MasterTemplateService::? - GetList_Active_WithModel : MethodStart
INFO  2021-09-25 23:38:27,147 MasterTemplateService::? - GetList_Active_WithModel : MethodFinish
INFO  2021-09-25 23:38:28,102 WHONETColumnService::? - GetList_Active_WithModel : MethodStart
INFO  2021-09-25 23:38:28,137 WHONETColumnService::? - GetList_Active_WithModel : MethodFinish
INFO  2021-09-25 23:38:55,096 MasterTemplateService::? - GetList_Active_WithModel : MethodStart
INFO  2021-09-25 23:38:55,115 MasterTemplateService::? - GetList_Active_WithModel : MethodFinish
INFO  2021-09-25 23:38:56,211 WHONETColumnService::? - GetList_Active_WithModel : MethodStart
INFO  2021-09-25 23:38:56,251 WHONETColumnService::? - GetList_Active_WithModel : MethodFinish
INFO  2021-09-25 23:39:40,903 MasterTemplateService::? - GetList_Active_WithModel : MethodStart
INFO  2021-09-25 23:39:40,919 MasterTemplateService::? - GetList_Active_WithModel : MethodFinish
INFO  2021-09-25 23:39:43,777 WHONETColumnService::? - GetList_Active_WithModel : MethodStart
INFO  2021-09-25 23:39:43,790 WHONETColumnService::? - GetList_Active_WithModel : MethodFinish
INFO  2021-09-25 23:40:02,263 MasterTemplateService::? - GetList_Active_WithModel : MethodStart
INFO  2021-09-25 23:40:02,284 MasterTemplateService::? - GetList_Active_WithModel : MethodFinish
INFO  2021-09-25 23:40:04,875 WHONETColumnService::? - GetList_Active_WithModel : MethodStart
INFO  2021-09-25 23:40:04,893 WHONETColumnService::? - GetList_Active_WithModel : MethodFinish
INFO  2021-09-25 23:40:32,767 MasterTemplateService::? - GetList_Active_WithModel : MethodStart
INFO  2021-09-25 23:40:32,775 MasterTemplateService::? - GetList_Active_WithModel : MethodFinish
INFO  2021-09-25 23:40:33,817 WHONETColumnService::? - GetList_Active_WithModel : MethodStart
INFO  2021-09-25 23:40:33,846 WHONETColumnService::? - GetList_Active_WithModel : MethodFinish
INFO  2021-09-25 23:41:00,931 MasterTemplateService::? - GetList_Active_WithModel : MethodStart
INFO  2021-09-25 23:41:01,182 MasterTemplateService::? - GetList_Active_WithModel : MethodFinish
INFO  2021-09-25 23:41:02,671 WHONETColumnService::? - GetList_Active_WithModel : MethodStart
INFO  2021-09-25 23:41:02,712 WHONETColumnService::? - GetList_Active_WithModel : MethodFinish
INFO  2021-09-25 23:41:19,041 MasterTemplateService::? - GetList_Active_WithModel : MethodStart
INFO  2021-09-25 23:41:19,053 MasterTemplateService::? - GetList_Active_WithModel : MethodFinish
INFO  2021-09-25 23:41:19,844 WHONETColumnService::? - GetList_Active_WithModel : MethodStart
INFO  2021-09-25 23:41:19,867 WHONETColumnService::? - GetList_Active_WithModel : MethodFinish
INFO  2021-09-25 23:41:40,661 MasterTemplateService::? - GetList_Active_WithModel : MethodStart
INFO  2021-09-25 23:41:40,668 MasterTemplateService::? - GetList_Active_WithModel : MethodFinish
INFO  2021-09-25 23:41:43,238 WHONETColumnService::? - GetList_Active_WithModel : MethodStart
INFO  2021-09-25 23:41:43,249 WHONETColumnService::? - GetList_Active_WithModel : MethodFinish
INFO  2021-09-25 23:41:59,028 MasterTemplateService::? - GetList_Active_WithModel : MethodStart
INFO  2021-09-25 23:41:59,035 MasterTemplateService::? - GetList_Active_WithModel : MethodFinish
INFO  2021-09-25 23:42:02,432 WHONETColumnService::? - GetList_Active_WithModel : MethodStart
INFO  2021-09-25 23:42:02,442 WHONETColumnService::? - GetList_Active_WithModel : MethodFinish
INFO  2021-09-25 23:42:16,577 SpecimenService::? - GetList_Mapping_Active_WithModel : MethodStart
INFO  2021-09-25 23:42:16,615 SpecimenService::? - GetList_Mapping_Active_WithModel : MethodFinish
INFO  2021-09-25 23:42:24,530 MasterTemplateService::? - GetList_Active_WithModel : MethodStart
INFO  2021-09-25 23:42:24,545 MasterTemplateService::? - GetList_Active_WithModel : MethodFinish
INFO  2021-09-25 23:42:25,508 WHONETColumnService::? - GetList_Active_WithModel : MethodStart
INFO  2021-09-25 23:42:25,543 WHONETColumnService::? - GetList_Active_WithModel : MethodFinish
INFO  2021-09-25 23:42:27,792 WardTypeService::? - GetList_Active_WithModel : MethodStart
INFO  2021-09-25 23:42:27,848 WardTypeService::? - GetList_Active_WithModel : MethodFinish
INFO  2021-09-25 23:42:33,750 MasterTemplateService::? - GetList_Active_WithModel : MethodStart
INFO  2021-09-25 23:42:33,758 MasterTemplateService::? - GetList_Active_WithModel : MethodFinish
INFO  2021-09-25 23:42:34,566 WHONETColumnService::? - GetList_Active_WithModel : MethodStart
INFO  2021-09-25 23:42:34,596 WHONETColumnService::? - GetList_Active_WithModel : MethodFinish
INFO  2021-09-25 23:42:40,032 WardTypeService::? - GetList_Active_WithModel : MethodStart
INFO  2021-09-25 23:42:40,038 WardTypeService::? - GetList_Active_WithModel : MethodFinish
INFO  2021-09-25 23:42:47,267 MasterTemplateService::? - GetList_Active_WithModel : MethodStart
INFO  2021-09-25 23:42:47,273 MasterTemplateService::? - GetList_Active_WithModel : MethodFinish
INFO  2021-09-25 23:42:48,006 WHONETColumnService::? - GetList_Active_WithModel : MethodStart
INFO  2021-09-25 23:42:48,029 WHONETColumnService::? - GetList_Active_WithModel : MethodFinish
INFO  2021-09-25 23:43:47,916 MasterTemplateService::? - GetList_Active_WithModel : MethodStart
INFO  2021-09-25 23:43:47,942 MasterTemplateService::? - GetList_Active_WithModel : MethodFinish
