INFO  2021-08-26 10:29:00,903 SpecimenService::? - GetList_Active_WithModel : MethodStart
INFO  2021-08-26 10:29:03,871 SpecimenService::? - GetList_Active_WithModel : MethodFinish
INFO  2021-08-26 10:38:43,350 SpecimenService::? - GetList_Active_WithModel : MethodStart
INFO  2021-08-26 10:38:45,750 SpecimenService::? - GetList_Active_WithModel : MethodFinish
INFO  2021-08-26 13:14:04,861 SpecimenService::? - GetList_Mapping_Active_WithModel : MethodStart
INFO  2021-08-26 13:14:05,897 SpecimenService::? - GetList_Mapping_Active_WithModel : MethodFinish
INFO  2021-08-26 13:14:41,772 MasterTemplateService::? - GetList_Active_WithModel : MethodStart
INFO  2021-08-26 13:14:41,814 MasterTemplateService::? - GetList_Active_WithModel : MethodFinish
INFO  2021-08-26 13:14:48,247 WHONETColumnService::? - GetList_Active_WithModel : MethodStart
INFO  2021-08-26 13:14:48,303 WHONETColumnService::? - GetList_Active_WithModel : MethodFinish
INFO  2021-08-26 13:16:56,640 MasterTemplateService::? - GetList_Active_WithModel : MethodStart
INFO  2021-08-26 13:16:56,681 MasterTemplateService::? - GetList_Active_WithModel : MethodFinish
INFO  2021-08-26 13:16:58,183 WHONETColumnService::? - GetList_Active_WithModel : MethodStart
INFO  2021-08-26 13:16:58,192 WHONETColumnService::? - GetList_Active_WithModel : MethodFinish
INFO  2021-08-26 13:17:13,726 MasterTemplateService::? - GetList_Active_WithModel : MethodStart
INFO  2021-08-26 13:17:13,734 MasterTemplateService::? - GetList_Active_WithModel : MethodFinish
INFO  2021-08-26 13:17:13,956 WHONETColumnService::? - GetList_Active_WithModel : MethodStart
INFO  2021-08-26 13:17:13,961 WHONETColumnService::? - GetList_Active_WithModel : MethodFinish
INFO  2021-08-26 13:17:26,871 MasterTemplateService::? - GetList_Active_WithModel : MethodStart
INFO  2021-08-26 13:17:26,876 MasterTemplateService::? - GetList_Active_WithModel : MethodFinish
INFO  2021-08-26 13:17:27,091 WHONETColumnService::? - GetList_Active_WithModel : MethodStart
INFO  2021-08-26 13:17:27,095 WHONETColumnService::? - GetList_Active_WithModel : MethodFinish
INFO  2021-08-26 13:18:04,549 MasterTemplateService::? - GetList_Active_WithModel : MethodStart
INFO  2021-08-26 13:18:04,562 MasterTemplateService::? - GetList_Active_WithModel : MethodFinish
INFO  2021-08-26 13:18:04,872 WHONETColumnService::? - GetList_Active_WithModel : MethodStart
INFO  2021-08-26 13:18:04,879 WHONETColumnService::? - GetList_Active_WithModel : MethodFinish
INFO  2021-08-26 13:18:36,107 MasterTemplateService::? - GetList_Active_WithModel : MethodStart
INFO  2021-08-26 13:18:36,115 MasterTemplateService::? - GetList_Active_WithModel : MethodFinish
INFO  2021-08-26 13:38:02,092 MasterTemplateService::? - GetList_Active_WithModel : MethodStart
INFO  2021-08-26 13:38:03,016 MasterTemplateService::? - GetList_Active_WithModel : MethodFinish
INFO  2021-08-26 14:20:19,243 MasterTemplateService::? - GetList_Active_WithModel : MethodStart
INFO  2021-08-26 14:20:20,299 MasterTemplateService::? - GetList_Active_WithModel : MethodFinish
INFO  2021-08-26 22:27:36,800 MasterTemplateService::? - GetList_Active_WithModel : MethodStart
INFO  2021-08-26 22:27:38,635 MasterTemplateService::? - GetList_Active_WithModel : MethodFinish
