INFO  2021-09-30 09:09:10,637 MasterTemplateService::? - GetListWithModel : MethodStart
INFO  2021-09-30 09:09:14,149 MasterTemplateService::? - GetListWithModel : MethodFinish
INFO  2021-09-30 09:09:23,501 MasterTemplateService::? - GetData : MethodStart
INFO  2021-09-30 09:09:23,746 MasterTemplateService::? - GetData : MethodFinish
INFO  2021-09-30 09:09:46,655 MasterTemplateService::? - GetListWithModel : MethodStart
INFO  2021-09-30 09:09:46,850 MasterTemplateService::? - GetListWithModel : MethodFinish
INFO  2021-09-30 09:09:49,930 MasterTemplateService::? - GetData : MethodStart
INFO  2021-09-30 09:09:50,050 MasterTemplateService::? - GetData : MethodFinish
INFO  2021-09-30 09:10:01,109 MasterTemplateService::? - GetListWithModel : MethodStart
INFO  2021-09-30 09:10:01,244 MasterTemplateService::? - GetListWithModel : MethodFinish
INFO  2021-09-30 09:10:03,543 MasterTemplateService::? - GetData : MethodStart
INFO  2021-09-30 09:10:03,666 MasterTemplateService::? - GetData : MethodFinish
INFO  2021-09-30 09:10:07,410 MasterTemplateService::? - GetListWithModel : MethodStart
INFO  2021-09-30 09:10:07,534 MasterTemplateService::? - GetListWithModel : MethodFinish
INFO  2021-09-30 09:10:12,990 MasterTemplateService::? - GetListWithModel : MethodStart
INFO  2021-09-30 09:10:13,105 MasterTemplateService::? - GetListWithModel : MethodFinish
INFO  2021-09-30 09:10:28,868 MasterTemplateService::? - GetList_Active_WithModel : MethodStart
INFO  2021-09-30 09:10:29,030 MasterTemplateService::? - GetList_Active_WithModel : MethodFinish
INFO  2021-09-30 09:10:42,877 WHONETColumnService::? - GetList_Active_WithModel : MethodStart
INFO  2021-09-30 09:10:43,101 WHONETColumnService::? - GetList_Active_WithModel : MethodFinish
INFO  2021-09-30 09:13:36,586 SpecimenService::? - GetList_Mapping_Active_WithModel : MethodStart
INFO  2021-09-30 09:13:36,769 SpecimenService::? - GetList_Mapping_Active_WithModel : MethodFinish
INFO  2021-09-30 09:13:38,982 MasterTemplateService::? - GetList_Active_WithModel : MethodStart
INFO  2021-09-30 09:13:39,105 MasterTemplateService::? - GetList_Active_WithModel : MethodFinish
INFO  2021-09-30 09:13:40,330 WHONETColumnService::? - GetList_Active_WithModel : MethodStart
INFO  2021-09-30 09:13:40,473 WHONETColumnService::? - GetList_Active_WithModel : MethodFinish
INFO  2021-09-30 09:17:54,852 MasterTemplateService::? - GetListWithModel : MethodStart
INFO  2021-09-30 09:17:54,976 MasterTemplateService::? - GetListWithModel : MethodFinish
INFO  2021-09-30 09:19:07,883 MasterTemplateService::? - GetData : MethodStart
INFO  2021-09-30 09:19:08,010 MasterTemplateService::? - GetData : MethodFinish
INFO  2021-09-30 09:19:41,249 MasterTemplateService::? - GetData : MethodStart
INFO  2021-09-30 09:19:41,363 MasterTemplateService::? - GetData : MethodFinish
INFO  2021-09-30 09:20:00,851 MasterTemplateService::? - GetListWithModel : MethodStart
INFO  2021-09-30 09:20:00,966 MasterTemplateService::? - GetListWithModel : MethodFinish
INFO  2021-09-30 09:20:04,174 MasterTemplateService::? - GetData : MethodStart
INFO  2021-09-30 09:20:04,287 MasterTemplateService::? - GetData : MethodFinish
INFO  2021-09-30 09:21:43,430 MasterTemplateService::? - GetList_Active_WithModel : MethodStart
INFO  2021-09-30 09:21:43,567 MasterTemplateService::? - GetList_Active_WithModel : MethodFinish
INFO  2021-09-30 09:21:45,416 WHONETColumnService::? - GetList_Active_WithModel : MethodStart
INFO  2021-09-30 09:21:45,548 WHONETColumnService::? - GetList_Active_WithModel : MethodFinish
INFO  2021-09-30 09:22:18,756 MasterTemplateService::? - GetList_Active_WithModel : MethodStart
INFO  2021-09-30 09:22:18,875 MasterTemplateService::? - GetList_Active_WithModel : MethodFinish
INFO  2021-09-30 09:22:19,759 MasterTemplateService::? - GetList_Active_WithModel : MethodStart
INFO  2021-09-30 09:22:19,899 MasterTemplateService::? - GetList_Active_WithModel : MethodFinish
INFO  2021-09-30 09:22:20,161 WHONETColumnService::? - GetList_Active_WithModel : MethodStart
INFO  2021-09-30 09:22:20,299 WHONETColumnService::? - GetList_Active_WithModel : MethodFinish
INFO  2021-09-30 09:22:21,468 WHONETColumnService::? - GetList_Active_WithModel : MethodStart
INFO  2021-09-30 09:22:21,538 MasterTemplateService::? - GetData : MethodStart
INFO  2021-09-30 09:22:21,613 WHONETColumnService::? - GetList_Active_WithModel : MethodFinish
INFO  2021-09-30 09:22:21,889 MasterTemplateService::? - GetData : MethodFinish
INFO  2021-09-30 09:31:29,869 MasterTemplateService::? - GetList_Active_WithModel : MethodStart
INFO  2021-09-30 09:31:33,127 MasterTemplateService::? - GetList_Active_WithModel : MethodFinish
INFO  2021-09-30 09:31:42,744 WHONETColumnService::? - GetList_Active_WithModel : MethodStart
INFO  2021-09-30 09:31:42,970 WHONETColumnService::? - GetList_Active_WithModel : MethodFinish
INFO  2021-09-30 09:38:26,325 MasterTemplateService::? - GetList_Active_WithModel : MethodStart
INFO  2021-09-30 09:38:26,702 MasterTemplateService::? - GetList_Active_WithModel : MethodFinish
INFO  2021-09-30 09:38:28,276 WHONETColumnService::? - GetList_Active_WithModel : MethodStart
INFO  2021-09-30 09:38:28,412 WHONETColumnService::? - GetList_Active_WithModel : MethodFinish
INFO  2021-09-30 09:41:51,925 MasterTemplateService::? - GetList_Active_WithModel : MethodStart
INFO  2021-09-30 09:41:54,573 MasterTemplateService::? - GetList_Active_WithModel : MethodFinish
INFO  2021-09-30 09:42:04,241 WHONETColumnService::? - GetList_Active_WithModel : MethodStart
INFO  2021-09-30 09:42:04,462 WHONETColumnService::? - GetList_Active_WithModel : MethodFinish
INFO  2021-09-30 09:43:38,147 MasterTemplateService::? - GetList_Active_WithModel : MethodStart
INFO  2021-09-30 09:43:38,321 MasterTemplateService::? - GetList_Active_WithModel : MethodFinish
INFO  2021-09-30 09:43:39,767 WHONETColumnService::? - GetList_Active_WithModel : MethodStart
INFO  2021-09-30 09:43:39,907 WHONETColumnService::? - GetList_Active_WithModel : MethodFinish
INFO  2021-09-30 09:54:11,826 MasterTemplateService::? - GetList_Active_WithModel : MethodStart
INFO  2021-09-30 09:54:14,726 MasterTemplateService::? - GetList_Active_WithModel : MethodFinish
INFO  2021-09-30 09:55:05,162 WHONETColumnService::? - GetList_Active_WithModel : MethodStart
INFO  2021-09-30 09:55:05,388 WHONETColumnService::? - GetList_Active_WithModel : MethodFinish
INFO  2021-09-30 10:01:00,723 MasterTemplateService::? - GetList_Active_WithModel : MethodStart
INFO  2021-09-30 10:01:03,558 MasterTemplateService::? - GetList_Active_WithModel : MethodFinish
INFO  2021-09-30 10:01:38,217 WHONETColumnService::? - GetList_Active_WithModel : MethodStart
INFO  2021-09-30 10:01:38,414 WHONETColumnService::? - GetList_Active_WithModel : MethodFinish
INFO  2021-09-30 10:02:53,665 MasterTemplateService::? - GetList_Active_WithModel : MethodStart
INFO  2021-09-30 10:02:53,849 MasterTemplateService::? - GetList_Active_WithModel : MethodFinish
INFO  2021-09-30 10:02:57,912 WHONETColumnService::? - GetList_Active_WithModel : MethodStart
INFO  2021-09-30 10:02:58,035 WHONETColumnService::? - GetList_Active_WithModel : MethodFinish
INFO  2021-09-30 10:11:26,366 MasterTemplateService::? - GetList_Active_WithModel : MethodStart
INFO  2021-09-30 10:11:28,825 MasterTemplateService::? - GetList_Active_WithModel : MethodFinish
INFO  2021-09-30 10:11:38,622 WHONETColumnService::? - GetList_Active_WithModel : MethodStart
INFO  2021-09-30 10:11:38,812 WHONETColumnService::? - GetList_Active_WithModel : MethodFinish
INFO  2021-09-30 10:13:25,417 MasterTemplateService::? - GetList_Active_WithModel : MethodStart
INFO  2021-09-30 10:13:25,649 MasterTemplateService::? - GetList_Active_WithModel : MethodFinish
INFO  2021-09-30 10:13:27,156 WHONETColumnService::? - GetList_Active_WithModel : MethodStart
INFO  2021-09-30 10:13:27,320 WHONETColumnService::? - GetList_Active_WithModel : MethodFinish
INFO  2021-09-30 10:16:47,522 MasterTemplateService::? - GetList_Active_WithModel : MethodStart
INFO  2021-09-30 10:16:48,923 MasterTemplateService::? - GetList_Active_WithModel : MethodFinish
INFO  2021-09-30 10:16:53,578 WHONETColumnService::? - GetList_Active_WithModel : MethodStart
INFO  2021-09-30 10:16:53,729 WHONETColumnService::? - GetList_Active_WithModel : MethodFinish
INFO  2021-09-30 10:18:30,444 MasterTemplateService::? - GetListWithModel : MethodStart
INFO  2021-09-30 10:18:30,588 MasterTemplateService::? - GetListWithModel : MethodFinish
INFO  2021-09-30 10:18:37,380 MasterTemplateService::? - GetData : MethodStart
INFO  2021-09-30 10:18:37,527 MasterTemplateService::? - GetData : MethodFinish
INFO  2021-09-30 10:20:03,422 MasterTemplateService::? - GetListWithModel : MethodStart
INFO  2021-09-30 10:20:03,530 MasterTemplateService::? - GetListWithModel : MethodFinish
INFO  2021-09-30 10:20:05,282 MasterTemplateService::? - GetList_Active_WithModel : MethodStart
INFO  2021-09-30 10:20:05,422 MasterTemplateService::? - GetList_Active_WithModel : MethodFinish
INFO  2021-09-30 10:20:06,519 WHONETColumnService::? - GetList_Active_WithModel : MethodStart
INFO  2021-09-30 10:20:06,646 WHONETColumnService::? - GetList_Active_WithModel : MethodFinish
INFO  2021-09-30 10:21:32,624 MasterTemplateService::? - GetListWithModel : MethodStart
INFO  2021-09-30 10:21:32,736 MasterTemplateService::? - GetListWithModel : MethodFinish
INFO  2021-09-30 10:21:53,094 MasterTemplateService::? - GetListWithModel : MethodStart
INFO  2021-09-30 10:21:53,204 MasterTemplateService::? - GetListWithModel : MethodFinish
INFO  2021-09-30 11:51:25,408 SpecimenService::? - GetList_Active_WithModel : MethodStart
INFO  2021-09-30 11:51:26,834 SpecimenService::? - GetList_Active_WithModel : MethodFinish
INFO  2021-09-30 12:21:33,015 SpecimenService::? - GetList_Mapping_Active_WithModel : MethodStart
INFO  2021-09-30 12:21:34,438 SpecimenService::? - GetList_Mapping_Active_WithModel : MethodFinish
INFO  2021-09-30 13:16:40,262 MasterTemplateService::? - GetList_Active_WithModel : MethodStart
INFO  2021-09-30 13:16:41,588 MasterTemplateService::? - GetList_Active_WithModel : MethodFinish
INFO  2021-09-30 13:16:46,237 WHONETColumnService::? - GetList_Active_WithModel : MethodStart
INFO  2021-09-30 13:16:46,406 WHONETColumnService::? - GetList_Active_WithModel : MethodFinish
INFO  2021-09-30 13:17:35,931 WardTypeService::? - GetList_Active_WithModel : MethodStart
INFO  2021-09-30 13:17:36,092 WardTypeService::? - GetList_Active_WithModel : MethodFinish
INFO  2021-09-30 13:17:42,732 WardTypeService::? - GetList_Active_WithModel : MethodStart
INFO  2021-09-30 13:17:42,838 WardTypeService::? - GetList_Active_WithModel : MethodFinish
INFO  2021-09-30 13:18:08,404 MasterTemplateService::? - GetList_Active_WithModel : MethodStart
INFO  2021-09-30 13:18:08,515 MasterTemplateService::? - GetList_Active_WithModel : MethodFinish
INFO  2021-09-30 13:18:09,524 WHONETColumnService::? - GetList_Active_WithModel : MethodStart
INFO  2021-09-30 13:18:09,639 WHONETColumnService::? - GetList_Active_WithModel : MethodFinish
INFO  2021-09-30 13:18:36,724 MasterTemplateService::? - GetListWithModel : MethodStart
INFO  2021-09-30 13:18:36,830 MasterTemplateService::? - GetListWithModel : MethodFinish
INFO  2021-09-30 13:18:43,205 MasterTemplateService::? - GetListWithModel : MethodStart
INFO  2021-09-30 13:18:43,313 MasterTemplateService::? - GetListWithModel : MethodFinish
INFO  2021-09-30 13:18:58,306 MasterTemplateService::? - GetListWithModel : MethodStart
INFO  2021-09-30 13:18:58,409 MasterTemplateService::? - GetListWithModel : MethodFinish
INFO  2021-09-30 13:19:20,846 MasterTemplateService::? - GetData : MethodStart
INFO  2021-09-30 13:19:20,987 MasterTemplateService::? - GetData : MethodFinish
INFO  2021-09-30 13:19:33,562 MasterTemplateService::? - GetListWithModel : MethodStart
INFO  2021-09-30 13:19:33,674 MasterTemplateService::? - GetListWithModel : MethodFinish
INFO  2021-09-30 13:19:40,651 MasterTemplateService::? - GetListWithModel : MethodStart
INFO  2021-09-30 13:19:40,759 MasterTemplateService::? - GetListWithModel : MethodFinish
INFO  2021-09-30 13:19:46,280 SpecimenService::? - GetList_Mapping_Active_WithModel : MethodStart
INFO  2021-09-30 13:19:46,433 SpecimenService::? - GetList_Mapping_Active_WithModel : MethodFinish
INFO  2021-09-30 13:19:48,211 MasterTemplateService::? - GetList_Active_WithModel : MethodStart
INFO  2021-09-30 13:19:48,319 MasterTemplateService::? - GetList_Active_WithModel : MethodFinish
INFO  2021-09-30 13:19:49,241 WHONETColumnService::? - GetList_Active_WithModel : MethodStart
INFO  2021-09-30 13:19:49,361 WHONETColumnService::? - GetList_Active_WithModel : MethodFinish
INFO  2021-09-30 13:20:14,799 SpecimenService::? - GetList_Mapping_Active_WithModel : MethodStart
INFO  2021-09-30 13:20:14,904 SpecimenService::? - GetList_Mapping_Active_WithModel : MethodFinish
INFO  2021-09-30 13:20:19,891 SpecimenService::? - GetList_Mapping_Active_WithModel : MethodStart
INFO  2021-09-30 13:20:20,002 SpecimenService::? - GetList_Mapping_Active_WithModel : MethodFinish
INFO  2021-09-30 13:20:32,049 SpecimenService::? - GetList_Active_WithModel : MethodStart
INFO  2021-09-30 13:20:32,158 SpecimenService::? - GetList_Active_WithModel : MethodFinish
INFO  2021-09-30 13:20:40,531 SpecimenService::? - GetList_Active_WithModel : MethodStart
INFO  2021-09-30 13:20:40,634 SpecimenService::? - GetList_Active_WithModel : MethodFinish
INFO  2021-09-30 13:33:59,049 MasterTemplateService::? - GetListWithModel : MethodStart
INFO  2021-09-30 13:34:01,254 MasterTemplateService::? - GetListWithModel : MethodFinish
INFO  2021-09-30 13:34:46,411 MasterTemplateService::? - SaveData : MethodStart
INFO  2021-09-30 13:34:46,752 MasterTemplateService::? - SaveData : MethodFinish
INFO  2021-09-30 13:35:15,334 MasterTemplateService::? - GetListWithModel : MethodStart
INFO  2021-09-30 13:35:15,487 MasterTemplateService::? - GetListWithModel : MethodFinish
INFO  2021-09-30 13:35:21,371 MasterTemplateService::? - GetData : MethodStart
INFO  2021-09-30 13:35:21,511 MasterTemplateService::? - GetData : MethodFinish
INFO  2021-09-30 13:41:07,167 MasterTemplateService::? - GetListWithModel : MethodStart
INFO  2021-09-30 13:41:07,587 MasterTemplateService::? - GetListWithModel : MethodFinish
INFO  2021-09-30 13:51:04,513 MasterTemplateService::? - GetList_Active_WithModel : MethodStart
INFO  2021-09-30 13:51:04,949 MasterTemplateService::? - GetList_Active_WithModel : MethodFinish
INFO  2021-09-30 15:20:07,778 MasterTemplateService::? - GetListWithModel : MethodStart
INFO  2021-09-30 15:20:11,557 MasterTemplateService::? - GetListWithModel : MethodFinish
INFO  2021-09-30 15:20:31,850 MasterTemplateService::? - SaveData : MethodStart
INFO  2021-09-30 15:20:32,603 MasterTemplateService::? - SaveData : MethodFinish
INFO  2021-09-30 15:20:51,131 MasterTemplateService::? - GetData : MethodStart
INFO  2021-09-30 15:20:51,456 MasterTemplateService::? - GetData : MethodFinish
INFO  2021-09-30 15:24:28,007 MasterTemplateService::? - GetListWithModel : MethodStart
INFO  2021-09-30 15:24:28,134 MasterTemplateService::? - GetListWithModel : MethodFinish
INFO  2021-09-30 15:25:02,657 SpecimenService::? - GetList_Active_WithModel : MethodStart
INFO  2021-09-30 15:25:02,857 SpecimenService::? - GetList_Active_WithModel : MethodFinish
INFO  2021-09-30 16:35:14,360 MasterTemplateService::? - GetListWithModel : MethodStart
INFO  2021-09-30 16:35:15,801 MasterTemplateService::? - GetListWithModel : MethodFinish
INFO  2021-09-30 16:44:07,811 MasterTemplateService::? - GetData : MethodStart
INFO  2021-09-30 16:44:08,155 MasterTemplateService::? - GetData : MethodFinish
INFO  2021-09-30 16:45:33,093 MasterTemplateService::? - GetListWithModel : MethodStart
INFO  2021-09-30 16:45:33,235 MasterTemplateService::? - GetListWithModel : MethodFinish
INFO  2021-09-30 16:50:26,160 MasterTemplateService::? - GetListWithModel : MethodStart
INFO  2021-09-30 16:50:26,267 MasterTemplateService::? - GetListWithModel : MethodFinish
INFO  2021-09-30 16:54:00,957 MasterTemplateService::? - GetListWithModel : MethodStart
INFO  2021-09-30 16:54:01,066 MasterTemplateService::? - GetListWithModel : MethodFinish
INFO  2021-09-30 16:54:15,487 MasterTemplateService::? - GetData : MethodStart
INFO  2021-09-30 16:54:15,593 MasterTemplateService::? - GetData : MethodFinish
INFO  2021-09-30 16:54:29,905 MasterTemplateService::? - GetListWithModel : MethodStart
INFO  2021-09-30 16:54:30,009 MasterTemplateService::? - GetListWithModel : MethodFinish
INFO  2021-09-30 16:54:31,859 MasterTemplateService::? - GetListWithModel : MethodStart
INFO  2021-09-30 16:54:31,971 MasterTemplateService::? - GetListWithModel : MethodFinish
INFO  2021-09-30 16:55:01,869 MasterTemplateService::? - GetListWithModel : MethodStart
INFO  2021-09-30 16:55:01,975 MasterTemplateService::? - GetListWithModel : MethodFinish
INFO  2021-09-30 16:55:06,589 MasterTemplateService::? - GetData : MethodStart
INFO  2021-09-30 16:55:06,692 MasterTemplateService::? - GetData : MethodFinish
INFO  2021-09-30 16:57:47,976 MasterTemplateService::? - GetData : MethodStart
INFO  2021-09-30 16:57:48,078 MasterTemplateService::? - GetData : MethodFinish
