INFO  2022-06-07 14:53:41,095 MasterTemplateService::? - GetList_Active_WithModel : MethodStart
INFO  2022-06-07 14:53:44,519 MasterTemplateService::? - GetList_Active_WithModel : MethodFinish
INFO  2022-06-07 14:54:00,969 WHONETColumnService::? - GetList_Active_WithModel : MethodStart
INFO  2022-06-07 14:54:01,247 WHONETColumnService::? - GetList_Active_WithModel : MethodFinish
INFO  2022-06-07 14:54:20,128 WardTypeService::? - GetList_Active_WithModel : MethodStart
INFO  2022-06-07 14:54:20,408 WardTypeService::? - GetList_Active_WithModel : MethodFinish
INFO  2022-06-07 14:54:37,782 MasterTemplateService::? - GetList_Active_WithModel : MethodStart
INFO  2022-06-07 14:54:37,897 MasterTemplateService::? - GetList_Active_WithModel : MethodFinish
INFO  2022-06-07 14:54:39,373 WHONETColumnService::? - GetList_Active_WithModel : MethodStart
INFO  2022-06-07 14:54:39,489 WHONETColumnService::? - GetList_Active_WithModel : MethodFinish
INFO  2022-06-07 14:55:13,792 WardTypeService::? - GetList_Active_WithModel : MethodStart
INFO  2022-06-07 14:55:13,909 WardTypeService::? - GetList_Active_WithModel : MethodFinish
INFO  2022-06-07 14:55:28,250 MasterTemplateService::? - GetList_Active_WithModel : MethodStart
INFO  2022-06-07 14:55:28,365 MasterTemplateService::? - GetList_Active_WithModel : MethodFinish
INFO  2022-06-07 14:55:29,864 WHONETColumnService::? - GetList_Active_WithModel : MethodStart
INFO  2022-06-07 14:55:29,992 WHONETColumnService::? - GetList_Active_WithModel : MethodFinish
INFO  2022-06-07 14:55:43,694 MasterTemplateService::? - GetList_Active_WithModel : MethodStart
INFO  2022-06-07 14:55:43,810 MasterTemplateService::? - GetList_Active_WithModel : MethodFinish
INFO  2022-06-07 14:55:45,415 WHONETColumnService::? - GetList_Active_WithModel : MethodStart
INFO  2022-06-07 14:55:45,531 WHONETColumnService::? - GetList_Active_WithModel : MethodFinish
