INFO  2021-09-13 09:07:23,185 MasterTemplateService::? - GetListWithModel : MethodStart
INFO  2021-09-13 09:07:25,948 MasterTemplateService::? - GetListWithModel : MethodFinish
INFO  2021-09-13 09:07:31,875 MasterTemplateService::? - GetData : MethodStart
INFO  2021-09-13 09:07:32,103 MasterTemplateService::? - GetData : MethodFinish
INFO  2021-09-13 09:07:33,733 MasterTemplateService::? - Get_ProcessExcelRow : MethodStart
INFO  2021-09-13 09:07:34,002 MasterTemplateService::? - Get_ProcessExcelRow : MethodFinish
INFO  2021-09-13 09:07:34,151 OrganismService::? - GetListWithModel : MethodStart
INFO  2021-09-13 09:07:34,499 OrganismService::? - GetListWithModel : MethodFinish
INFO  2021-09-13 09:14:20,405 MasterTemplateService::? - GetListWithModel : MethodStart
INFO  2021-09-13 09:14:20,692 MasterTemplateService::? - GetListWithModel : MethodFinish
INFO  2021-09-13 09:14:26,151 MasterTemplateService::? - GetData : MethodStart
INFO  2021-09-13 09:14:26,267 MasterTemplateService::? - GetData : MethodFinish
INFO  2021-09-13 09:14:27,209 MasterTemplateService::? - Get_ProcessExcelRow : MethodStart
INFO  2021-09-13 09:14:27,376 MasterTemplateService::? - Get_ProcessExcelRow : MethodFinish
INFO  2021-09-13 09:14:27,473 OrganismService::? - GetListWithModel : MethodStart
INFO  2021-09-13 09:14:27,873 OrganismService::? - GetListWithModel : MethodFinish
INFO  2021-09-13 09:14:57,116 MasterTemplateService::? - GetListWithModel : MethodStart
INFO  2021-09-13 09:14:57,222 MasterTemplateService::? - GetListWithModel : MethodFinish
INFO  2021-09-13 09:14:59,264 MasterTemplateService::? - GetData : MethodStart
INFO  2021-09-13 09:14:59,376 MasterTemplateService::? - GetData : MethodFinish
INFO  2021-09-13 09:14:59,963 MasterTemplateService::? - Get_ProcessExcelRow : MethodStart
INFO  2021-09-13 09:15:00,084 MasterTemplateService::? - Get_ProcessExcelRow : MethodFinish
INFO  2021-09-13 09:15:00,139 OrganismService::? - GetListWithModel : MethodStart
INFO  2021-09-13 09:15:00,414 OrganismService::? - GetListWithModel : MethodFinish
INFO  2021-09-13 09:16:35,498 MasterTemplateService::? - GetData : MethodStart
INFO  2021-09-13 09:16:35,620 MasterTemplateService::? - GetData : MethodFinish
INFO  2021-09-13 09:17:45,701 MasterTemplateService::? - Get_ProcessExcelRow : MethodStart
INFO  2021-09-13 09:17:45,830 MasterTemplateService::? - Get_ProcessExcelRow : MethodFinish
INFO  2021-09-13 09:17:45,968 OrganismService::? - GetListWithModel : MethodStart
INFO  2021-09-13 09:17:46,719 OrganismService::? - GetListWithModel : MethodFinish
INFO  2021-09-13 09:17:49,862 MasterTemplateService::? - GetData : MethodStart
INFO  2021-09-13 09:17:49,971 MasterTemplateService::? - GetData : MethodFinish
INFO  2021-09-13 09:19:16,774 MasterTemplateService::? - Get_ProcessExcelRow : MethodStart
INFO  2021-09-13 09:19:16,926 MasterTemplateService::? - Get_ProcessExcelRow : MethodFinish
INFO  2021-09-13 09:19:17,042 OrganismService::? - GetListWithModel : MethodStart
INFO  2021-09-13 09:19:17,331 OrganismService::? - GetListWithModel : MethodFinish
INFO  2021-09-13 09:19:35,311 MasterTemplateService::? - GetListWithModel : MethodStart
INFO  2021-09-13 09:19:35,417 MasterTemplateService::? - GetListWithModel : MethodFinish
INFO  2021-09-13 09:20:08,170 MasterTemplateService::? - GetData : MethodStart
INFO  2021-09-13 09:20:08,273 MasterTemplateService::? - GetData : MethodFinish
INFO  2021-09-13 09:20:09,025 MasterTemplateService::? - Get_ProcessExcelRow : MethodStart
INFO  2021-09-13 09:20:09,139 MasterTemplateService::? - Get_ProcessExcelRow : MethodFinish
INFO  2021-09-13 09:20:09,184 OrganismService::? - GetListWithModel : MethodStart
INFO  2021-09-13 09:20:09,403 OrganismService::? - GetListWithModel : MethodFinish
INFO  2021-09-13 09:23:33,519 MasterTemplateService::? - GetListWithModel : MethodStart
INFO  2021-09-13 09:23:33,641 MasterTemplateService::? - GetListWithModel : MethodFinish
INFO  2021-09-13 09:24:17,801 MasterTemplateService::? - GetListWithModel : MethodStart
INFO  2021-09-13 09:24:17,908 MasterTemplateService::? - GetListWithModel : MethodFinish
INFO  2021-09-13 09:24:29,457 MasterTemplateService::? - GetData : MethodStart
INFO  2021-09-13 09:24:29,565 MasterTemplateService::? - GetData : MethodFinish
INFO  2021-09-13 09:24:30,283 MasterTemplateService::? - Get_ProcessExcelRow : MethodStart
INFO  2021-09-13 09:24:30,410 MasterTemplateService::? - Get_ProcessExcelRow : MethodFinish
INFO  2021-09-13 09:24:30,489 OrganismService::? - GetListWithModel : MethodStart
INFO  2021-09-13 09:24:30,826 OrganismService::? - GetListWithModel : MethodFinish
INFO  2021-09-13 09:27:32,865 MasterTemplateService::? - GetListWithModel : MethodStart
INFO  2021-09-13 09:27:32,979 MasterTemplateService::? - GetListWithModel : MethodFinish
INFO  2021-09-13 09:28:59,226 MasterTemplateService::? - GetData : MethodStart
INFO  2021-09-13 09:28:59,335 MasterTemplateService::? - GetData : MethodFinish
INFO  2021-09-13 09:29:00,505 MasterTemplateService::? - Get_ProcessExcelRow : MethodStart
INFO  2021-09-13 09:29:00,619 MasterTemplateService::? - Get_ProcessExcelRow : MethodFinish
INFO  2021-09-13 09:29:00,704 OrganismService::? - GetListWithModel : MethodStart
INFO  2021-09-13 09:29:00,927 OrganismService::? - GetListWithModel : MethodFinish
INFO  2021-09-13 09:33:41,580 MasterTemplateService::? - GetListWithModel : MethodStart
INFO  2021-09-13 09:33:41,723 MasterTemplateService::? - GetListWithModel : MethodFinish
INFO  2021-09-13 09:39:43,647 MasterTemplateService::? - GetListWithModel : MethodStart
INFO  2021-09-13 09:39:43,755 MasterTemplateService::? - GetListWithModel : MethodFinish
INFO  2021-09-13 09:39:45,309 MasterTemplateService::? - GetListWithModel : MethodStart
INFO  2021-09-13 09:39:45,411 MasterTemplateService::? - GetListWithModel : MethodFinish
INFO  2021-09-13 10:19:54,611 MasterTemplateService::? - GetListWithModel : MethodStart
INFO  2021-09-13 10:19:56,919 MasterTemplateService::? - GetListWithModel : MethodFinish
INFO  2021-09-13 10:23:00,171 MasterTemplateService::? - GetListWithModel : MethodStart
INFO  2021-09-13 10:23:00,311 MasterTemplateService::? - GetListWithModel : MethodFinish
INFO  2021-09-13 10:32:01,177 MasterTemplateService::? - GetListWithModel : MethodStart
INFO  2021-09-13 10:32:03,260 MasterTemplateService::? - GetListWithModel : MethodFinish
INFO  2021-09-13 10:32:19,328 MasterTemplateService::? - GetListWithModel : MethodStart
INFO  2021-09-13 10:32:19,471 MasterTemplateService::? - GetListWithModel : MethodFinish
INFO  2021-09-13 10:32:31,245 MasterTemplateService::? - GetListWithModel : MethodStart
INFO  2021-09-13 10:32:31,418 MasterTemplateService::? - GetListWithModel : MethodFinish
INFO  2021-09-13 11:12:42,063 MasterTemplateService::? - GetListWithModel : MethodStart
INFO  2021-09-13 11:12:43,394 MasterTemplateService::? - GetListWithModel : MethodFinish
INFO  2021-09-13 11:13:13,668 MasterTemplateService::? - GetListWithModel : MethodStart
INFO  2021-09-13 11:13:13,782 MasterTemplateService::? - GetListWithModel : MethodFinish
INFO  2021-09-13 11:13:17,038 MasterTemplateService::? - GetData : MethodStart
INFO  2021-09-13 11:13:17,240 MasterTemplateService::? - GetData : MethodFinish
INFO  2021-09-13 11:13:17,279 MasterTemplateService::? - Get_ProcessExcelColumn : MethodStart
INFO  2021-09-13 11:13:17,437 MasterTemplateService::? - Get_ProcessExcelColumn : MethodFinish
INFO  2021-09-13 11:13:17,485 MasterTemplateService::? - Get_ProcessExcelRow : MethodStart
INFO  2021-09-13 11:13:17,646 MasterTemplateService::? - Get_ProcessExcelRow : MethodFinish
INFO  2021-09-13 11:13:17,693 MasterTemplateService::? - Get_ProcessExcelTemplate : MethodStart
INFO  2021-09-13 11:13:17,977 MasterTemplateService::? - Get_ProcessExcelTemplate : MethodFinish
INFO  2021-09-13 11:13:22,518 MasterTemplateService::? - GetListWithModel : MethodStart
INFO  2021-09-13 11:13:22,621 MasterTemplateService::? - GetListWithModel : MethodFinish
INFO  2021-09-13 11:21:07,422 MasterTemplateService::? - GetListWithModel : MethodStart
INFO  2021-09-13 11:21:08,673 MasterTemplateService::? - GetListWithModel : MethodFinish
INFO  2021-09-13 11:25:24,574 MasterTemplateService::? - GetListWithModel : MethodStart
INFO  2021-09-13 11:25:25,830 MasterTemplateService::? - GetListWithModel : MethodFinish
INFO  2021-09-13 11:25:40,720 MasterTemplateService::? - GetListWithModel : MethodStart
INFO  2021-09-13 11:25:40,837 MasterTemplateService::? - GetListWithModel : MethodFinish
INFO  2021-09-13 11:25:42,137 MasterTemplateService::? - GetData : MethodStart
INFO  2021-09-13 11:25:42,349 MasterTemplateService::? - GetData : MethodFinish
INFO  2021-09-13 11:25:43,878 MasterTemplateService::? - Get_ProcessExcelRow : MethodStart
INFO  2021-09-13 11:25:44,039 MasterTemplateService::? - Get_ProcessExcelRow : MethodFinish
INFO  2021-09-13 11:25:44,102 OrganismService::? - GetListWithModel : MethodStart
INFO  2021-09-13 11:25:44,409 OrganismService::? - GetListWithModel : MethodFinish
INFO  2021-09-13 11:26:43,287 MasterTemplateService::? - GetData : MethodStart
INFO  2021-09-13 11:26:43,398 MasterTemplateService::? - GetData : MethodFinish
INFO  2021-09-13 11:32:31,415 MasterTemplateService::? - GetListWithModel : MethodStart
INFO  2021-09-13 11:32:31,688 MasterTemplateService::? - GetListWithModel : MethodFinish
INFO  2021-09-13 11:32:33,854 MasterTemplateService::? - GetListWithModel : MethodStart
INFO  2021-09-13 11:32:33,957 MasterTemplateService::? - GetListWithModel : MethodFinish
INFO  2021-09-13 11:32:35,652 MasterTemplateService::? - GetData : MethodStart
INFO  2021-09-13 11:32:35,757 MasterTemplateService::? - GetData : MethodFinish
INFO  2021-09-13 11:32:36,430 MasterTemplateService::? - Get_ProcessExcelRow : MethodStart
INFO  2021-09-13 11:32:36,571 MasterTemplateService::? - Get_ProcessExcelRow : MethodFinish
INFO  2021-09-13 11:32:36,610 OrganismService::? - GetListWithModel : MethodStart
INFO  2021-09-13 11:32:37,035 OrganismService::? - GetListWithModel : MethodFinish
INFO  2021-09-13 11:32:45,365 MasterTemplateService::? - GetListWithModel : MethodStart
INFO  2021-09-13 11:32:45,470 MasterTemplateService::? - GetListWithModel : MethodFinish
INFO  2021-09-13 11:45:35,792 MasterTemplateService::? - GetListWithModel : MethodStart
INFO  2021-09-13 11:45:36,148 MasterTemplateService::? - GetListWithModel : MethodFinish
INFO  2021-09-13 11:45:39,647 MasterTemplateService::? - GetData : MethodStart
INFO  2021-09-13 11:45:39,744 MasterTemplateService::? - GetData : MethodFinish
INFO  2021-09-13 11:45:40,380 MasterTemplateService::? - Get_ProcessExcelRow : MethodStart
INFO  2021-09-13 11:45:40,530 MasterTemplateService::? - Get_ProcessExcelRow : MethodFinish
INFO  2021-09-13 11:45:40,591 OrganismService::? - GetListWithModel : MethodStart
INFO  2021-09-13 11:45:40,946 OrganismService::? - GetListWithModel : MethodFinish
INFO  2021-09-13 11:45:45,129 MasterTemplateService::? - GetListWithModel : MethodStart
INFO  2021-09-13 11:45:45,226 MasterTemplateService::? - GetListWithModel : MethodFinish
INFO  2021-09-13 11:49:55,416 MasterTemplateService::? - GetListWithModel : MethodStart
INFO  2021-09-13 11:49:55,514 MasterTemplateService::? - GetListWithModel : MethodFinish
INFO  2021-09-13 11:50:06,835 MasterTemplateService::? - GetData : MethodStart
INFO  2021-09-13 11:50:06,938 MasterTemplateService::? - GetData : MethodFinish
INFO  2021-09-13 11:50:07,588 MasterTemplateService::? - Get_ProcessExcelRow : MethodStart
INFO  2021-09-13 11:50:07,685 MasterTemplateService::? - Get_ProcessExcelRow : MethodFinish
INFO  2021-09-13 11:50:07,716 OrganismService::? - GetListWithModel : MethodStart
INFO  2021-09-13 11:50:07,898 OrganismService::? - GetListWithModel : MethodFinish
INFO  2021-09-13 11:51:00,669 MasterTemplateService::? - GetListWithModel : MethodStart
INFO  2021-09-13 11:51:00,764 MasterTemplateService::? - GetListWithModel : MethodFinish
INFO  2021-09-13 11:53:43,259 MasterTemplateService::? - GetData : MethodStart
INFO  2021-09-13 11:53:43,364 MasterTemplateService::? - GetData : MethodFinish
INFO  2021-09-13 11:53:43,741 MasterTemplateService::? - Get_ProcessExcelRow : MethodStart
INFO  2021-09-13 11:53:43,841 MasterTemplateService::? - Get_ProcessExcelRow : MethodFinish
INFO  2021-09-13 11:53:43,882 OrganismService::? - GetListWithModel : MethodStart
INFO  2021-09-13 11:53:44,086 OrganismService::? - GetListWithModel : MethodFinish
INFO  2021-09-13 12:02:51,174 MasterTemplateService::? - GetListWithModel : MethodStart
INFO  2021-09-13 12:02:51,442 MasterTemplateService::? - GetListWithModel : MethodFinish
INFO  2021-09-13 12:03:00,742 MasterTemplateService::? - GetListWithModel : MethodStart
INFO  2021-09-13 12:03:00,845 MasterTemplateService::? - GetListWithModel : MethodFinish
INFO  2021-09-13 12:04:09,004 MasterTemplateService::? - GetListWithModel : MethodStart
INFO  2021-09-13 12:04:09,109 MasterTemplateService::? - GetListWithModel : MethodFinish
INFO  2021-09-13 12:05:04,210 MasterTemplateService::? - GetListWithModel : MethodStart
INFO  2021-09-13 12:05:04,338 MasterTemplateService::? - GetListWithModel : MethodFinish
INFO  2021-09-13 12:08:22,485 MasterTemplateService::? - GetData : MethodStart
INFO  2021-09-13 12:08:22,586 MasterTemplateService::? - GetData : MethodFinish
INFO  2021-09-13 12:08:23,246 MasterTemplateService::? - Get_ProcessExcelRow : MethodStart
INFO  2021-09-13 12:08:23,393 MasterTemplateService::? - Get_ProcessExcelRow : MethodFinish
INFO  2021-09-13 12:08:23,425 OrganismService::? - GetListWithModel : MethodStart
INFO  2021-09-13 12:08:23,711 OrganismService::? - GetListWithModel : MethodFinish
INFO  2021-09-13 12:12:49,574 MasterTemplateService::? - GetListWithModel : MethodStart
INFO  2021-09-13 12:12:49,968 MasterTemplateService::? - GetListWithModel : MethodFinish
INFO  2021-09-13 12:13:34,506 MasterTemplateService::? - GetData : MethodStart
INFO  2021-09-13 12:13:34,619 MasterTemplateService::? - GetData : MethodFinish
INFO  2021-09-13 12:13:35,070 MasterTemplateService::? - Get_ProcessExcelRow : MethodStart
INFO  2021-09-13 12:13:35,220 MasterTemplateService::? - Get_ProcessExcelRow : MethodFinish
INFO  2021-09-13 12:13:35,252 OrganismService::? - GetListWithModel : MethodStart
INFO  2021-09-13 12:13:35,630 OrganismService::? - GetListWithModel : MethodFinish
INFO  2021-09-13 12:13:41,703 MasterTemplateService::? - GetListWithModel : MethodStart
INFO  2021-09-13 12:13:41,810 MasterTemplateService::? - GetListWithModel : MethodFinish
INFO  2021-09-13 12:13:51,933 MasterTemplateService::? - GetListWithModel : MethodStart
INFO  2021-09-13 12:13:52,037 MasterTemplateService::? - GetListWithModel : MethodFinish
INFO  2021-09-13 12:17:55,287 MasterTemplateService::? - GetList_Active_WithModel : MethodStart
INFO  2021-09-13 12:17:55,564 MasterTemplateService::? - GetList_Active_WithModel : MethodFinish
INFO  2021-09-13 12:18:01,196 WHONETColumnService::? - GetList_Active_WithModel : MethodStart
INFO  2021-09-13 12:18:01,342 WHONETColumnService::? - GetList_Active_WithModel : MethodFinish
INFO  2021-09-13 12:18:16,797 MasterTemplateService::? - GetListWithModel : MethodStart
INFO  2021-09-13 12:18:16,902 MasterTemplateService::? - GetListWithModel : MethodFinish
INFO  2021-09-13 12:21:28,038 MasterTemplateService::? - GetData : MethodStart
INFO  2021-09-13 12:21:28,141 MasterTemplateService::? - GetData : MethodFinish
INFO  2021-09-13 12:21:28,523 MasterTemplateService::? - Get_ProcessExcelRow : MethodStart
INFO  2021-09-13 12:21:28,667 MasterTemplateService::? - Get_ProcessExcelRow : MethodFinish
INFO  2021-09-13 12:21:28,694 OrganismService::? - GetListWithModel : MethodStart
INFO  2021-09-13 12:21:29,020 OrganismService::? - GetListWithModel : MethodFinish
INFO  2021-09-13 12:21:37,636 MasterTemplateService::? - GetListWithModel : MethodStart
INFO  2021-09-13 12:21:37,739 MasterTemplateService::? - GetListWithModel : MethodFinish
INFO  2021-09-13 12:26:24,833 MasterTemplateService::? - GetData : MethodStart
INFO  2021-09-13 12:26:25,095 MasterTemplateService::? - GetData : MethodFinish
INFO  2021-09-13 12:26:25,812 MasterTemplateService::? - Get_ProcessExcelRow : MethodStart
INFO  2021-09-13 12:26:25,987 MasterTemplateService::? - Get_ProcessExcelRow : MethodFinish
INFO  2021-09-13 12:26:26,022 OrganismService::? - GetListWithModel : MethodStart
INFO  2021-09-13 12:26:26,382 OrganismService::? - GetListWithModel : MethodFinish
INFO  2021-09-13 12:26:46,414 MasterTemplateService::? - GetListWithModel : MethodStart
INFO  2021-09-13 12:26:46,517 MasterTemplateService::? - GetListWithModel : MethodFinish
INFO  2021-09-13 12:27:09,813 MasterTemplateService::? - GetData : MethodStart
INFO  2021-09-13 12:27:09,922 MasterTemplateService::? - GetData : MethodFinish
INFO  2021-09-13 12:27:10,280 MasterTemplateService::? - Get_ProcessExcelRow : MethodStart
INFO  2021-09-13 12:27:10,391 MasterTemplateService::? - Get_ProcessExcelRow : MethodFinish
INFO  2021-09-13 12:27:10,413 OrganismService::? - GetListWithModel : MethodStart
INFO  2021-09-13 12:27:10,657 OrganismService::? - GetListWithModel : MethodFinish
INFO  2021-09-13 12:27:14,843 MasterTemplateService::? - GetListWithModel : MethodStart
INFO  2021-09-13 12:27:14,947 MasterTemplateService::? - GetListWithModel : MethodFinish
INFO  2021-09-13 12:29:48,157 MasterTemplateService::? - GetData : MethodStart
INFO  2021-09-13 12:29:48,261 MasterTemplateService::? - GetData : MethodFinish
INFO  2021-09-13 12:29:48,677 MasterTemplateService::? - Get_ProcessExcelRow : MethodStart
INFO  2021-09-13 12:29:48,792 MasterTemplateService::? - Get_ProcessExcelRow : MethodFinish
INFO  2021-09-13 12:29:48,826 OrganismService::? - GetListWithModel : MethodStart
INFO  2021-09-13 12:29:49,020 OrganismService::? - GetListWithModel : MethodFinish
INFO  2021-09-13 12:29:52,401 MasterTemplateService::? - GetListWithModel : MethodStart
INFO  2021-09-13 12:29:52,505 MasterTemplateService::? - GetListWithModel : MethodFinish
INFO  2021-09-13 12:29:58,592 MasterTemplateService::? - GetListWithModel : MethodStart
INFO  2021-09-13 12:29:58,695 MasterTemplateService::? - GetListWithModel : MethodFinish
INFO  2021-09-13 12:30:12,980 MasterTemplateService::? - GetListWithModel : MethodStart
INFO  2021-09-13 12:30:13,083 MasterTemplateService::? - GetListWithModel : MethodFinish
INFO  2021-09-13 12:30:28,252 MasterTemplateService::? - GetListWithModel : MethodStart
INFO  2021-09-13 12:30:28,371 MasterTemplateService::? - GetListWithModel : MethodFinish
INFO  2021-09-13 12:31:38,440 MasterTemplateService::? - GetData : MethodStart
INFO  2021-09-13 12:31:38,545 MasterTemplateService::? - GetData : MethodFinish
INFO  2021-09-13 12:31:38,938 MasterTemplateService::? - Get_ProcessExcelRow : MethodStart
INFO  2021-09-13 12:31:39,046 MasterTemplateService::? - Get_ProcessExcelRow : MethodFinish
INFO  2021-09-13 12:31:39,090 OrganismService::? - GetListWithModel : MethodStart
INFO  2021-09-13 12:31:39,299 OrganismService::? - GetListWithModel : MethodFinish
INFO  2021-09-13 12:31:49,358 MasterTemplateService::? - GetListWithModel : MethodStart
INFO  2021-09-13 12:31:49,458 MasterTemplateService::? - GetListWithModel : MethodFinish
INFO  2021-09-13 12:42:22,757 MasterTemplateService::? - GetListWithModel : MethodStart
INFO  2021-09-13 12:42:23,009 MasterTemplateService::? - GetListWithModel : MethodFinish
INFO  2021-09-13 13:16:00,457 MasterTemplateService::? - GetListWithModel : MethodStart
INFO  2021-09-13 13:16:00,710 MasterTemplateService::? - GetListWithModel : MethodFinish
INFO  2021-09-13 13:17:49,150 MasterTemplateService::? - GetData : MethodStart
INFO  2021-09-13 13:17:49,254 MasterTemplateService::? - GetData : MethodFinish
INFO  2021-09-13 13:17:49,297 MasterTemplateService::? - Get_ProcessExcelColumn : MethodStart
INFO  2021-09-13 13:17:49,481 MasterTemplateService::? - Get_ProcessExcelColumn : MethodFinish
INFO  2021-09-13 13:17:49,518 MasterTemplateService::? - Get_ProcessExcelRow : MethodStart
INFO  2021-09-13 13:17:49,661 MasterTemplateService::? - Get_ProcessExcelRow : MethodFinish
INFO  2021-09-13 13:17:49,702 MasterTemplateService::? - Get_ProcessExcelTemplate : MethodStart
INFO  2021-09-13 13:17:49,904 MasterTemplateService::? - Get_ProcessExcelTemplate : MethodFinish
INFO  2021-09-13 13:17:51,768 MasterTemplateService::? - GetListWithModel : MethodStart
INFO  2021-09-13 13:17:51,864 MasterTemplateService::? - GetListWithModel : MethodFinish
INFO  2021-09-13 13:18:08,187 MasterTemplateService::? - GetData : MethodStart
INFO  2021-09-13 13:18:08,287 MasterTemplateService::? - GetData : MethodFinish
INFO  2021-09-13 13:18:09,074 MasterTemplateService::? - Get_ProcessExcelRow : MethodStart
INFO  2021-09-13 13:18:09,179 MasterTemplateService::? - Get_ProcessExcelRow : MethodFinish
INFO  2021-09-13 13:18:09,233 OrganismService::? - GetListWithModel : MethodStart
INFO  2021-09-13 13:18:09,418 OrganismService::? - GetListWithModel : MethodFinish
INFO  2021-09-13 13:25:43,596 MasterTemplateService::? - GetListWithModel : MethodStart
INFO  2021-09-13 13:25:43,841 MasterTemplateService::? - GetListWithModel : MethodFinish
INFO  2021-09-13 13:35:27,836 MasterTemplateService::? - GetData : MethodStart
INFO  2021-09-13 13:35:28,104 MasterTemplateService::? - GetData : MethodFinish
INFO  2021-09-13 13:35:28,830 MasterTemplateService::? - Get_ProcessExcelRow : MethodStart
INFO  2021-09-13 13:35:29,024 MasterTemplateService::? - Get_ProcessExcelRow : MethodFinish
INFO  2021-09-13 13:35:29,072 OrganismService::? - GetListWithModel : MethodStart
INFO  2021-09-13 13:35:29,407 OrganismService::? - GetListWithModel : MethodFinish
INFO  2021-09-13 13:39:52,112 MasterTemplateService::? - GetListWithModel : MethodStart
INFO  2021-09-13 13:39:52,222 MasterTemplateService::? - GetListWithModel : MethodFinish
INFO  2021-09-13 13:39:53,836 MasterTemplateService::? - GetData : MethodStart
INFO  2021-09-13 13:39:53,948 MasterTemplateService::? - GetData : MethodFinish
INFO  2021-09-13 13:39:53,968 MasterTemplateService::? - Get_ProcessExcelColumn : MethodStart
INFO  2021-09-13 13:39:54,115 MasterTemplateService::? - Get_ProcessExcelColumn : MethodFinish
INFO  2021-09-13 13:39:54,144 MasterTemplateService::? - Get_ProcessExcelRow : MethodStart
INFO  2021-09-13 13:39:54,266 MasterTemplateService::? - Get_ProcessExcelRow : MethodFinish
INFO  2021-09-13 13:39:54,304 MasterTemplateService::? - Get_ProcessExcelTemplate : MethodStart
INFO  2021-09-13 13:39:54,495 MasterTemplateService::? - Get_ProcessExcelTemplate : MethodFinish
INFO  2021-09-13 13:40:42,769 MasterTemplateService::? - GetListWithModel : MethodStart
INFO  2021-09-13 13:40:42,885 MasterTemplateService::? - GetListWithModel : MethodFinish
INFO  2021-09-13 13:41:17,929 MasterTemplateService::? - GetListWithModel : MethodStart
INFO  2021-09-13 13:41:18,043 MasterTemplateService::? - GetListWithModel : MethodFinish
INFO  2021-09-13 13:41:59,768 MasterTemplateService::? - GetListWithModel : MethodStart
INFO  2021-09-13 13:41:59,879 MasterTemplateService::? - GetListWithModel : MethodFinish
INFO  2021-09-13 13:42:10,108 MasterTemplateService::? - GetListWithModel : MethodStart
INFO  2021-09-13 13:42:10,221 MasterTemplateService::? - GetListWithModel : MethodFinish
INFO  2021-09-13 13:44:32,268 MasterTemplateService::? - GetList_Active_WithModel : MethodStart
INFO  2021-09-13 13:44:32,380 MasterTemplateService::? - GetList_Active_WithModel : MethodFinish
INFO  2021-09-13 13:44:33,454 WHONETColumnService::? - GetList_Active_WithModel : MethodStart
INFO  2021-09-13 13:44:33,567 WHONETColumnService::? - GetList_Active_WithModel : MethodFinish
INFO  2021-09-13 14:39:53,140 SpecimenService::? - GetList_Mapping_Active_WithModel : MethodStart
INFO  2021-09-13 14:39:53,470 SpecimenService::? - GetList_Mapping_Active_WithModel : MethodFinish
INFO  2021-09-13 16:03:03,337 MasterTemplateService::? - GetList_Active_WithModel : MethodStart
INFO  2021-09-13 16:03:04,641 MasterTemplateService::? - GetList_Active_WithModel : MethodFinish
INFO  2021-09-13 16:03:09,159 WHONETColumnService::? - GetList_Active_WithModel : MethodStart
INFO  2021-09-13 16:03:09,300 WHONETColumnService::? - GetList_Active_WithModel : MethodFinish
INFO  2021-09-13 16:03:14,458 WardTypeService::? - GetList_Active_WithModel : MethodStart
INFO  2021-09-13 16:03:14,617 WardTypeService::? - GetList_Active_WithModel : MethodFinish
INFO  2021-09-13 16:35:23,815 MasterTemplateService::? - GetListWithModel : MethodStart
INFO  2021-09-13 16:35:24,285 MasterTemplateService::? - GetListWithModel : MethodFinish
INFO  2021-09-13 16:35:25,081 MasterTemplateService::? - GetList_Active_WithModel : MethodStart
INFO  2021-09-13 16:35:25,198 MasterTemplateService::? - GetList_Active_WithModel : MethodFinish
INFO  2021-09-13 16:35:26,135 WHONETColumnService::? - GetList_Active_WithModel : MethodStart
INFO  2021-09-13 16:35:26,243 WHONETColumnService::? - GetList_Active_WithModel : MethodFinish
INFO  2021-09-13 16:35:59,957 MasterTemplateService::? - GetList_Active_WithModel : MethodStart
INFO  2021-09-13 16:36:00,064 MasterTemplateService::? - GetList_Active_WithModel : MethodFinish
INFO  2021-09-13 16:36:00,849 WHONETColumnService::? - GetList_Active_WithModel : MethodStart
INFO  2021-09-13 16:36:00,954 WHONETColumnService::? - GetList_Active_WithModel : MethodFinish
INFO  2021-09-13 16:36:05,010 MasterTemplateService::? - GetList_Active_WithModel : MethodStart
INFO  2021-09-13 16:36:05,122 MasterTemplateService::? - GetList_Active_WithModel : MethodFinish
INFO  2021-09-13 16:36:05,873 WHONETColumnService::? - GetList_Active_WithModel : MethodStart
INFO  2021-09-13 16:36:05,994 WHONETColumnService::? - GetList_Active_WithModel : MethodFinish
INFO  2021-09-13 17:07:21,200 WardTypeService::? - GetList_Active_WithModel : MethodStart
INFO  2021-09-13 17:07:21,605 WardTypeService::? - GetList_Active_WithModel : MethodFinish
INFO  2021-09-13 17:08:19,872 MasterTemplateService::? - GetList_Active_WithModel : MethodStart
INFO  2021-09-13 17:08:19,975 MasterTemplateService::? - GetList_Active_WithModel : MethodFinish
INFO  2021-09-13 17:08:20,784 WHONETColumnService::? - GetList_Active_WithModel : MethodStart
INFO  2021-09-13 17:08:20,888 WHONETColumnService::? - GetList_Active_WithModel : MethodFinish
INFO  2021-09-13 17:08:26,430 MasterTemplateService::? - GetList_Active_WithModel : MethodStart
INFO  2021-09-13 17:08:26,536 MasterTemplateService::? - GetList_Active_WithModel : MethodFinish
INFO  2021-09-13 17:08:27,286 WHONETColumnService::? - GetList_Active_WithModel : MethodStart
INFO  2021-09-13 17:08:27,388 WHONETColumnService::? - GetList_Active_WithModel : MethodFinish
INFO  2021-09-13 22:07:01,846 MasterTemplateService::? - GetListWithModel : MethodStart
INFO  2021-09-13 22:07:03,314 MasterTemplateService::? - GetListWithModel : MethodFinish
INFO  2021-09-13 22:07:07,243 MasterTemplateService::? - GetData : MethodStart
INFO  2021-09-13 22:07:07,445 MasterTemplateService::? - GetData : MethodFinish
INFO  2021-09-13 22:07:07,502 WardTypeService::? - GetListWithModel : MethodStart
INFO  2021-09-13 22:07:07,655 WardTypeService::? - GetListWithModel : MethodFinish
INFO  2021-09-13 22:07:07,705 SpecimenService::? - GetListWithModel : MethodStart
INFO  2021-09-13 22:07:07,937 SpecimenService::? - GetListWithModel : MethodFinish
INFO  2021-09-13 22:07:08,061 AntibioticService::? - GetListWithModel : MethodStart
INFO  2021-09-13 22:07:08,473 AntibioticService::? - GetListWithModel : MethodFinish
INFO  2021-09-13 22:07:08,697 OrganismService::? - GetListWithModel : MethodStart
INFO  2021-09-13 22:07:09,354 OrganismService::? - GetListWithModel : MethodFinish
INFO  2021-09-13 22:07:09,447 QCRangeService::? - GetListWithModel : MethodStart
INFO  2021-09-13 22:07:11,247 QCRangeService::? - GetListWithModel : MethodFinish
INFO  2021-09-13 22:07:11,457 ExpertRuleService::? - GetListWithModel : MethodStart
INFO  2021-09-13 22:07:11,778 ExpertRuleService::? - GetListWithModel : MethodFinish
INFO  2021-09-13 22:07:11,873 WHONETColumnService::? - GetListWithModel : MethodStart
INFO  2021-09-13 22:07:12,024 WHONETColumnService::? - GetListWithModel : MethodFinish
INFO  2021-09-13 22:07:18,184 MasterTemplateService::? - GetListWithModel : MethodStart
INFO  2021-09-13 22:07:18,293 MasterTemplateService::? - GetListWithModel : MethodFinish
