INFO  2021-08-10 09:51:10,003 MasterHospitalService::? - GetListWithModel : MethodStart
INFO  2021-08-10 09:51:12,744 MasterHospitalService::? - GetListWithModel : MethodFinish
INFO  2021-08-10 09:51:17,440 MasterTemplateService::? - GetListWithModel : MethodStart
INFO  2021-08-10 09:51:17,504 MasterTemplateService::? - GetListWithModel : MethodFinish
INFO  2021-08-10 09:55:38,577 SpecimenService::? - GetList_Mapping_Active_WithModel : MethodStart
INFO  2021-08-10 09:55:38,709 SpecimenService::? - GetList_Mapping_Active_WithModel : MethodFinish
INFO  2021-08-10 09:55:51,333 SpecimenService::? - GetList_Active_WithModel : MethodStart
INFO  2021-08-10 09:55:51,359 SpecimenService::? - GetList_Active_WithModel : MethodFinish
INFO  2021-08-10 09:58:29,628 MasterHospitalService::? - GetListWithModel : MethodStart
INFO  2021-08-10 09:58:30,757 MasterHospitalService::? - GetListWithModel : MethodFinish
INFO  2021-08-10 09:59:00,917 MasterTemplateService::? - GetListWithModel : MethodStart
INFO  2021-08-10 09:59:00,933 MasterTemplateService::? - GetListWithModel : MethodFinish
INFO  2021-08-10 09:59:13,545 MasterTemplateService::? - GetData : MethodStart
INFO  2021-08-10 09:59:13,614 MasterTemplateService::? - GetData : MethodFinish
INFO  2021-08-10 09:59:13,669 WardTypeService::? - GetListWithModel : MethodStart
INFO  2021-08-10 09:59:13,700 WardTypeService::? - GetListWithModel : MethodFinish
INFO  2021-08-10 09:59:13,746 SpecimenService::? - GetListWithModel : MethodStart
INFO  2021-08-10 09:59:13,970 SpecimenService::? - GetListWithModel : MethodFinish
INFO  2021-08-10 09:59:14,159 AntibioticService::? - GetListWithModel : MethodStart
INFO  2021-08-10 09:59:14,436 AntibioticService::? - GetListWithModel : MethodFinish
INFO  2021-08-10 09:59:14,788 OrganismService::? - GetListWithModel : MethodStart
INFO  2021-08-10 09:59:14,911 OrganismService::? - GetListWithModel : MethodFinish
INFO  2021-08-10 09:59:15,063 QCRangeService::? - GetListWithModel : MethodStart
INFO  2021-08-10 09:59:15,806 QCRangeService::? - GetListWithModel : MethodFinish
INFO  2021-08-10 09:59:16,186 ExpertRuleService::? - GetListWithModel : MethodStart
INFO  2021-08-10 09:59:16,301 ExpertRuleService::? - GetListWithModel : MethodFinish
INFO  2021-08-10 09:59:16,509 WHONETColumnService::? - GetListWithModel : MethodStart
INFO  2021-08-10 09:59:16,569 WHONETColumnService::? - GetListWithModel : MethodFinish
INFO  2021-08-10 10:01:00,956 SpecimenService::? - GetList_Mapping_Active_WithModel : MethodStart
INFO  2021-08-10 10:01:00,975 SpecimenService::? - GetList_Mapping_Active_WithModel : MethodFinish
INFO  2021-08-10 10:01:12,986 MasterTemplateService::? - GetList_Active_WithModel : MethodStart
INFO  2021-08-10 10:01:13,006 MasterTemplateService::? - GetList_Active_WithModel : MethodFinish
INFO  2021-08-10 10:01:13,846 WHONETColumnService::? - GetList_Active_WithModel : MethodStart
INFO  2021-08-10 10:01:13,872 WHONETColumnService::? - GetList_Active_WithModel : MethodFinish
INFO  2021-08-10 10:03:17,792 SpecimenService::? - GetList_Mapping_Active_WithModel : MethodStart
INFO  2021-08-10 10:03:17,822 SpecimenService::? - GetList_Mapping_Active_WithModel : MethodFinish
INFO  2021-08-10 10:03:34,513 WardTypeService::? - GetList_Active_WithModel : MethodStart
INFO  2021-08-10 10:03:34,542 WardTypeService::? - GetList_Active_WithModel : MethodFinish
INFO  2021-08-10 10:12:57,549 MasterTemplateService::? - GetList_Active_WithModel : MethodStart
INFO  2021-08-10 10:12:57,569 MasterTemplateService::? - GetList_Active_WithModel : MethodFinish
INFO  2021-08-10 10:12:58,117 WHONETColumnService::? - GetList_Active_WithModel : MethodStart
INFO  2021-08-10 10:12:58,126 WHONETColumnService::? - GetList_Active_WithModel : MethodFinish
INFO  2021-08-10 10:15:07,712 SpecimenService::? - GetList_Active_WithModel : MethodStart
INFO  2021-08-10 10:15:07,721 SpecimenService::? - GetList_Active_WithModel : MethodFinish
INFO  2021-08-10 10:15:55,548 SpecimenService::? - GetList_Active_WithModel : MethodStart
INFO  2021-08-10 10:15:55,554 SpecimenService::? - GetList_Active_WithModel : MethodFinish
INFO  2021-08-10 10:16:53,750 SpecimenService::? - GetList_Active_WithModel : MethodStart
INFO  2021-08-10 10:16:53,758 SpecimenService::? - GetList_Active_WithModel : MethodFinish
INFO  2021-08-10 10:19:52,653 SpecimenService::? - GetList_Active_WithModel : MethodStart
INFO  2021-08-10 10:19:52,670 SpecimenService::? - GetList_Active_WithModel : MethodFinish
INFO  2021-08-10 10:19:56,924 SpecimenService::? - GetList_Active_WithModel : MethodStart
INFO  2021-08-10 10:19:56,931 SpecimenService::? - GetList_Active_WithModel : MethodFinish
INFO  2021-08-10 10:20:56,660 SpecimenService::? - GetList_Active_WithModel : MethodStart
INFO  2021-08-10 10:20:56,671 SpecimenService::? - GetList_Active_WithModel : MethodFinish
INFO  2021-08-10 10:21:40,338 MasterTemplateService::? - GetList_Active_WithModel : MethodStart
INFO  2021-08-10 10:21:40,344 MasterTemplateService::? - GetList_Active_WithModel : MethodFinish
INFO  2021-08-10 10:21:40,390 SpecimenService::? - GetList_Active_WithModel : MethodStart
INFO  2021-08-10 10:21:40,404 SpecimenService::? - GetList_Active_WithModel : MethodFinish
INFO  2021-08-10 10:21:50,794 MasterTemplateService::? - GetList_Active_WithModel : MethodStart
INFO  2021-08-10 10:21:50,798 MasterTemplateService::? - GetList_Active_WithModel : MethodFinish
INFO  2021-08-10 10:21:50,818 SpecimenService::? - GetList_Active_WithModel : MethodStart
INFO  2021-08-10 10:21:50,823 SpecimenService::? - GetList_Active_WithModel : MethodFinish
INFO  2021-08-10 10:29:51,217 SpecimenService::? - GetList_Active_WithModel : MethodStart
INFO  2021-08-10 10:29:51,230 SpecimenService::? - GetList_Active_WithModel : MethodFinish
INFO  2021-08-10 10:29:59,169 SpecimenService::? - GetList_Active_WithModel : MethodStart
INFO  2021-08-10 10:29:59,177 SpecimenService::? - GetList_Active_WithModel : MethodFinish
INFO  2021-08-10 10:30:06,092 SpecimenService::? - GetList_Active_WithModel : MethodStart
INFO  2021-08-10 10:30:06,099 SpecimenService::? - GetList_Active_WithModel : MethodFinish
INFO  2021-08-10 10:49:34,853 SpecimenService::? - GetList_Active_WithModel : MethodStart
INFO  2021-08-10 10:49:34,872 SpecimenService::? - GetList_Active_WithModel : MethodFinish
INFO  2021-08-10 14:00:20,379 SpecimenService::? - GetList_Mapping_Active_WithModel : MethodStart
INFO  2021-08-10 14:00:20,433 SpecimenService::? - GetList_Mapping_Active_WithModel : MethodFinish
INFO  2021-08-10 14:04:27,437 MasterTemplateService::? - GetList_Active_WithModel : MethodStart
INFO  2021-08-10 14:04:27,451 MasterTemplateService::? - GetList_Active_WithModel : MethodFinish
INFO  2021-08-10 14:04:27,751 WHONETColumnService::? - GetList_Active_WithModel : MethodStart
INFO  2021-08-10 14:04:27,757 WHONETColumnService::? - GetList_Active_WithModel : MethodFinish
INFO  2021-08-10 14:04:37,226 SpecimenService::? - GetList_Mapping_Active_WithModel : MethodStart
INFO  2021-08-10 14:04:37,238 SpecimenService::? - GetList_Mapping_Active_WithModel : MethodFinish
INFO  2021-08-10 14:04:47,726 MasterTemplateService::? - GetList_Active_WithModel : MethodStart
INFO  2021-08-10 14:04:47,729 MasterTemplateService::? - GetList_Active_WithModel : MethodFinish
INFO  2021-08-10 14:04:47,970 WHONETColumnService::? - GetList_Active_WithModel : MethodStart
INFO  2021-08-10 14:04:47,974 WHONETColumnService::? - GetList_Active_WithModel : MethodFinish
INFO  2021-08-10 15:09:20,303 SpecimenService::? - GetList_Mapping_Active_WithModel : MethodStart
INFO  2021-08-10 15:09:21,281 SpecimenService::? - GetList_Mapping_Active_WithModel : MethodFinish
INFO  2021-08-10 16:38:42,427 SpecimenService::? - GetList_Mapping_Active_WithModel : MethodStart
INFO  2021-08-10 16:38:43,708 SpecimenService::? - GetList_Mapping_Active_WithModel : MethodFinish
INFO  2021-08-10 16:46:48,038 SpecimenService::? - GetList_Active_WithModel : MethodStart
INFO  2021-08-10 16:46:49,368 SpecimenService::? - GetList_Active_WithModel : MethodFinish
INFO  2021-08-10 16:58:33,425 SpecimenService::? - GetList_Mapping_Active_WithModel : MethodStart
INFO  2021-08-10 16:58:33,738 SpecimenService::? - GetList_Mapping_Active_WithModel : MethodFinish
INFO  2021-08-10 16:58:45,506 MasterTemplateService::? - GetList_Active_WithModel : MethodStart
INFO  2021-08-10 16:58:45,672 MasterTemplateService::? - GetList_Active_WithModel : MethodFinish
INFO  2021-08-10 16:58:47,238 WHONETColumnService::? - GetList_Active_WithModel : MethodStart
INFO  2021-08-10 16:58:47,383 WHONETColumnService::? - GetList_Active_WithModel : MethodFinish
INFO  2021-08-10 17:03:04,476 MasterTemplateService::? - GetList_Active_WithModel : MethodStart
INFO  2021-08-10 17:03:04,632 MasterTemplateService::? - GetList_Active_WithModel : MethodFinish
INFO  2021-08-10 17:03:05,617 WHONETColumnService::? - GetList_Active_WithModel : MethodStart
INFO  2021-08-10 17:03:05,729 WHONETColumnService::? - GetList_Active_WithModel : MethodFinish
INFO  2021-08-10 17:03:12,252 MasterTemplateService::? - GetList_Active_WithModel : MethodStart
INFO  2021-08-10 17:03:12,354 MasterTemplateService::? - GetList_Active_WithModel : MethodFinish
INFO  2021-08-10 17:03:13,123 WHONETColumnService::? - GetList_Active_WithModel : MethodStart
INFO  2021-08-10 17:03:13,227 WHONETColumnService::? - GetList_Active_WithModel : MethodFinish
INFO  2021-08-10 17:03:23,083 MasterTemplateService::? - GetList_Active_WithModel : MethodStart
INFO  2021-08-10 17:03:23,184 MasterTemplateService::? - GetList_Active_WithModel : MethodFinish
INFO  2021-08-10 17:03:23,971 WHONETColumnService::? - GetList_Active_WithModel : MethodStart
INFO  2021-08-10 17:03:24,075 WHONETColumnService::? - GetList_Active_WithModel : MethodFinish
INFO  2021-08-10 17:03:31,026 MasterTemplateService::? - GetList_Active_WithModel : MethodStart
INFO  2021-08-10 17:03:31,129 MasterTemplateService::? - GetList_Active_WithModel : MethodFinish
INFO  2021-08-10 17:03:31,916 WHONETColumnService::? - GetList_Active_WithModel : MethodStart
INFO  2021-08-10 17:03:32,029 WHONETColumnService::? - GetList_Active_WithModel : MethodFinish
INFO  2021-08-10 17:03:41,745 MasterTemplateService::? - GetList_Active_WithModel : MethodStart
INFO  2021-08-10 17:03:41,857 MasterTemplateService::? - GetList_Active_WithModel : MethodFinish
INFO  2021-08-10 17:03:42,643 WHONETColumnService::? - GetList_Active_WithModel : MethodStart
INFO  2021-08-10 17:03:42,749 WHONETColumnService::? - GetList_Active_WithModel : MethodFinish
INFO  2021-08-10 17:26:49,831 SpecimenService::? - GetList_Mapping_Active_WithModel : MethodStart
INFO  2021-08-10 17:26:50,109 SpecimenService::? - GetList_Mapping_Active_WithModel : MethodFinish
INFO  2021-08-10 17:29:19,319 MasterTemplateService::? - GetList_Active_WithModel : MethodStart
INFO  2021-08-10 17:29:19,427 MasterTemplateService::? - GetList_Active_WithModel : MethodFinish
INFO  2021-08-10 17:29:20,804 WHONETColumnService::? - GetList_Active_WithModel : MethodStart
INFO  2021-08-10 17:29:20,927 WHONETColumnService::? - GetList_Active_WithModel : MethodFinish
INFO  2021-08-10 17:29:50,940 MasterTemplateService::? - GetList_Active_WithModel : MethodStart
INFO  2021-08-10 17:29:51,049 MasterTemplateService::? - GetList_Active_WithModel : MethodFinish
INFO  2021-08-10 17:30:09,184 WHONETColumnService::? - GetList_Active_WithModel : MethodStart
INFO  2021-08-10 17:30:09,318 WHONETColumnService::? - GetList_Active_WithModel : MethodFinish
INFO  2021-08-10 17:31:28,120 MasterTemplateService::? - GetList_Active_WithModel : MethodStart
INFO  2021-08-10 17:31:28,239 MasterTemplateService::? - GetList_Active_WithModel : MethodFinish
INFO  2021-08-10 21:08:22,409 SpecimenService::? - GetList_Mapping_Active_WithModel : MethodStart
INFO  2021-08-10 21:08:23,927 SpecimenService::? - GetList_Mapping_Active_WithModel : MethodFinish
INFO  2021-08-10 21:08:28,698 MasterTemplateService::? - GetList_Active_WithModel : MethodStart
INFO  2021-08-10 21:08:28,874 MasterTemplateService::? - GetList_Active_WithModel : MethodFinish
INFO  2021-08-10 21:08:30,018 WHONETColumnService::? - GetList_Active_WithModel : MethodStart
INFO  2021-08-10 21:08:30,184 WHONETColumnService::? - GetList_Active_WithModel : MethodFinish
INFO  2021-08-10 21:10:10,077 SpecimenService::? - GetList_Mapping_Active_WithModel : MethodStart
INFO  2021-08-10 21:10:10,192 SpecimenService::? - GetList_Mapping_Active_WithModel : MethodFinish
INFO  2021-08-10 21:10:22,004 MasterTemplateService::? - GetList_Active_WithModel : MethodStart
INFO  2021-08-10 21:10:22,109 MasterTemplateService::? - GetList_Active_WithModel : MethodFinish
INFO  2021-08-10 21:10:22,894 WHONETColumnService::? - GetList_Active_WithModel : MethodStart
INFO  2021-08-10 21:10:23,002 WHONETColumnService::? - GetList_Active_WithModel : MethodFinish
INFO  2021-08-10 21:10:28,734 SpecimenService::? - GetList_Mapping_Active_WithModel : MethodStart
INFO  2021-08-10 21:10:28,847 SpecimenService::? - GetList_Mapping_Active_WithModel : MethodFinish
INFO  2021-08-10 21:10:54,712 MasterTemplateService::? - GetList_Active_WithModel : MethodStart
INFO  2021-08-10 21:10:54,829 MasterTemplateService::? - GetList_Active_WithModel : MethodFinish
INFO  2021-08-10 21:11:41,417 MasterTemplateService::? - GetList_Active_WithModel : MethodStart
INFO  2021-08-10 21:11:41,525 MasterTemplateService::? - GetList_Active_WithModel : MethodFinish
INFO  2021-08-10 21:11:42,324 WHONETColumnService::? - GetList_Active_WithModel : MethodStart
INFO  2021-08-10 21:11:42,443 WHONETColumnService::? - GetList_Active_WithModel : MethodFinish
INFO  2021-08-10 21:12:45,210 MasterTemplateService::? - GetList_Active_WithModel : MethodStart
INFO  2021-08-10 21:12:45,312 MasterTemplateService::? - GetList_Active_WithModel : MethodFinish
INFO  2021-08-10 21:12:46,064 WHONETColumnService::? - GetList_Active_WithModel : MethodStart
INFO  2021-08-10 21:12:46,181 WHONETColumnService::? - GetList_Active_WithModel : MethodFinish
INFO  2021-08-10 21:13:51,779 SpecimenService::? - GetList_Mapping_Active_WithModel : MethodStart
INFO  2021-08-10 21:13:51,892 SpecimenService::? - GetList_Mapping_Active_WithModel : MethodFinish
INFO  2021-08-10 21:17:42,684 MasterTemplateService::? - GetList_Active_WithModel : MethodStart
INFO  2021-08-10 21:17:42,810 MasterTemplateService::? - GetList_Active_WithModel : MethodFinish
INFO  2021-08-10 21:17:43,622 WHONETColumnService::? - GetList_Active_WithModel : MethodStart
INFO  2021-08-10 21:17:43,733 WHONETColumnService::? - GetList_Active_WithModel : MethodFinish
INFO  2021-08-10 21:17:58,206 SpecimenService::? - GetList_Mapping_Active_WithModel : MethodStart
INFO  2021-08-10 21:17:58,308 SpecimenService::? - GetList_Mapping_Active_WithModel : MethodFinish
INFO  2021-08-10 21:18:02,027 MasterTemplateService::? - GetList_Active_WithModel : MethodStart
INFO  2021-08-10 21:18:02,129 MasterTemplateService::? - GetList_Active_WithModel : MethodFinish
INFO  2021-08-10 21:18:02,827 WHONETColumnService::? - GetList_Active_WithModel : MethodStart
INFO  2021-08-10 21:18:02,927 WHONETColumnService::? - GetList_Active_WithModel : MethodFinish
INFO  2021-08-10 21:24:37,052 SpecimenService::? - GetList_Mapping_Active_WithModel : MethodStart
INFO  2021-08-10 21:24:37,335 SpecimenService::? - GetList_Mapping_Active_WithModel : MethodFinish
INFO  2021-08-10 21:24:42,849 MasterTemplateService::? - GetList_Active_WithModel : MethodStart
INFO  2021-08-10 21:24:42,948 MasterTemplateService::? - GetList_Active_WithModel : MethodFinish
INFO  2021-08-10 21:29:45,880 SpecimenService::? - GetList_Mapping_Active_WithModel : MethodStart
INFO  2021-08-10 21:29:46,003 SpecimenService::? - GetList_Mapping_Active_WithModel : MethodFinish
INFO  2021-08-10 21:29:50,149 MasterTemplateService::? - GetList_Active_WithModel : MethodStart
INFO  2021-08-10 21:29:50,247 MasterTemplateService::? - GetList_Active_WithModel : MethodFinish
INFO  2021-08-10 21:29:51,174 WHONETColumnService::? - GetList_Active_WithModel : MethodStart
INFO  2021-08-10 21:29:51,270 WHONETColumnService::? - GetList_Active_WithModel : MethodFinish
INFO  2021-08-10 21:29:54,076 SpecimenService::? - GetList_Mapping_Active_WithModel : MethodStart
INFO  2021-08-10 21:29:54,185 SpecimenService::? - GetList_Mapping_Active_WithModel : MethodFinish
INFO  2021-08-10 21:39:06,935 OrganismService::? - GetList_Active_WithModel : MethodStart
INFO  2021-08-10 21:39:07,418 OrganismService::? - GetList_Active_WithModel : MethodFinish
INFO  2021-08-10 21:43:52,027 WardTypeService::? - GetList_Active_WithModel : MethodStart
INFO  2021-08-10 21:43:52,141 WardTypeService::? - GetList_Active_WithModel : MethodFinish
INFO  2021-08-10 22:09:19,613 SpecimenService::? - GetList_Mapping_Active_WithModel : MethodStart
INFO  2021-08-10 22:09:19,913 SpecimenService::? - GetList_Mapping_Active_WithModel : MethodFinish
INFO  2021-08-10 22:09:24,036 MasterTemplateService::? - GetList_Active_WithModel : MethodStart
INFO  2021-08-10 22:09:24,140 MasterTemplateService::? - GetList_Active_WithModel : MethodFinish
INFO  2021-08-10 22:09:24,813 WHONETColumnService::? - GetList_Active_WithModel : MethodStart
INFO  2021-08-10 22:09:24,913 WHONETColumnService::? - GetList_Active_WithModel : MethodFinish
INFO  2021-08-10 22:10:07,005 MasterTemplateService::? - GetList_Active_WithModel : MethodStart
INFO  2021-08-10 22:10:07,108 MasterTemplateService::? - GetList_Active_WithModel : MethodFinish
INFO  2021-08-10 22:10:07,760 WHONETColumnService::? - GetList_Active_WithModel : MethodStart
INFO  2021-08-10 22:10:07,865 WHONETColumnService::? - GetList_Active_WithModel : MethodFinish
INFO  2021-08-10 22:10:29,670 MasterTemplateService::? - GetList_Active_WithModel : MethodStart
INFO  2021-08-10 22:10:29,780 MasterTemplateService::? - GetList_Active_WithModel : MethodFinish
INFO  2021-08-10 22:10:30,477 WHONETColumnService::? - GetList_Active_WithModel : MethodStart
INFO  2021-08-10 22:10:30,583 WHONETColumnService::? - GetList_Active_WithModel : MethodFinish
INFO  2021-08-10 22:10:45,271 MasterTemplateService::? - GetList_Active_WithModel : MethodStart
INFO  2021-08-10 22:10:45,371 MasterTemplateService::? - GetList_Active_WithModel : MethodFinish
INFO  2021-08-10 22:10:46,026 WHONETColumnService::? - GetList_Active_WithModel : MethodStart
INFO  2021-08-10 22:10:46,128 WHONETColumnService::? - GetList_Active_WithModel : MethodFinish
INFO  2021-08-10 22:11:05,233 MasterTemplateService::? - GetList_Active_WithModel : MethodStart
INFO  2021-08-10 22:11:05,331 MasterTemplateService::? - GetList_Active_WithModel : MethodFinish
INFO  2021-08-10 22:11:06,080 WHONETColumnService::? - GetList_Active_WithModel : MethodStart
INFO  2021-08-10 22:11:06,187 WHONETColumnService::? - GetList_Active_WithModel : MethodFinish
INFO  2021-08-10 22:11:22,467 MasterTemplateService::? - GetList_Active_WithModel : MethodStart
INFO  2021-08-10 22:11:22,570 MasterTemplateService::? - GetList_Active_WithModel : MethodFinish
INFO  2021-08-10 22:11:23,227 WHONETColumnService::? - GetList_Active_WithModel : MethodStart
INFO  2021-08-10 22:11:23,327 WHONETColumnService::? - GetList_Active_WithModel : MethodFinish
INFO  2021-08-10 22:11:35,617 MasterTemplateService::? - GetList_Active_WithModel : MethodStart
INFO  2021-08-10 22:11:35,725 MasterTemplateService::? - GetList_Active_WithModel : MethodFinish
INFO  2021-08-10 22:11:36,407 WHONETColumnService::? - GetList_Active_WithModel : MethodStart
INFO  2021-08-10 22:11:36,509 WHONETColumnService::? - GetList_Active_WithModel : MethodFinish
INFO  2021-08-10 22:12:10,613 MasterTemplateService::? - GetList_Active_WithModel : MethodStart
INFO  2021-08-10 22:12:10,711 MasterTemplateService::? - GetList_Active_WithModel : MethodFinish
INFO  2021-08-10 22:12:11,405 WHONETColumnService::? - GetList_Active_WithModel : MethodStart
INFO  2021-08-10 22:12:11,505 WHONETColumnService::? - GetList_Active_WithModel : MethodFinish
INFO  2021-08-10 22:17:03,501 WardTypeService::? - GetList_Active_WithModel : MethodStart
INFO  2021-08-10 22:17:03,603 WardTypeService::? - GetList_Active_WithModel : MethodFinish
INFO  2021-08-10 23:29:36,434 SpecimenService::? - GetList_Mapping_Active_WithModel : MethodStart
INFO  2021-08-10 23:29:38,736 SpecimenService::? - GetList_Mapping_Active_WithModel : MethodFinish
INFO  2021-08-10 23:30:47,652 MasterTemplateService::? - GetList_Active_WithModel : MethodStart
INFO  2021-08-10 23:30:47,859 MasterTemplateService::? - GetList_Active_WithModel : MethodFinish
INFO  2021-08-10 23:30:49,299 WHONETColumnService::? - GetList_Active_WithModel : MethodStart
INFO  2021-08-10 23:30:49,516 WHONETColumnService::? - GetList_Active_WithModel : MethodFinish
INFO  2021-08-10 23:30:57,170 WardTypeService::? - GetList_Active_WithModel : MethodStart
INFO  2021-08-10 23:30:57,330 WardTypeService::? - GetList_Active_WithModel : MethodFinish
INFO  2021-08-10 23:57:20,958 SpecimenService::? - GetList_Mapping_Active_WithModel : MethodStart
INFO  2021-08-10 23:57:21,271 SpecimenService::? - GetList_Mapping_Active_WithModel : MethodFinish
INFO  2021-08-10 23:57:24,724 MasterTemplateService::? - GetList_Active_WithModel : MethodStart
INFO  2021-08-10 23:57:24,946 MasterTemplateService::? - GetList_Active_WithModel : MethodFinish
INFO  2021-08-10 23:57:26,716 WHONETColumnService::? - GetList_Active_WithModel : MethodStart
INFO  2021-08-10 23:57:26,829 WHONETColumnService::? - GetList_Active_WithModel : MethodFinish
INFO  2021-08-10 23:59:29,426 SpecimenService::? - GetList_Mapping_Active_WithModel : MethodStart
INFO  2021-08-10 23:59:29,547 SpecimenService::? - GetList_Mapping_Active_WithModel : MethodFinish
INFO  2021-08-10 23:59:42,695 MasterTemplateService::? - GetList_Active_WithModel : MethodStart
INFO  2021-08-10 23:59:42,804 MasterTemplateService::? - GetList_Active_WithModel : MethodFinish
INFO  2021-08-10 23:59:43,787 WHONETColumnService::? - GetList_Active_WithModel : MethodStart
INFO  2021-08-10 23:59:43,904 WHONETColumnService::? - GetList_Active_WithModel : MethodFinish
