INFO  2021-09-02 09:40:55,953 MasterTemplateService::? - GetList_Active_WithModel : MethodStart
INFO  2021-09-02 09:40:58,748 MasterTemplateService::? - GetList_Active_WithModel : MethodFinish
INFO  2021-09-02 09:41:08,175 WHONETColumnService::? - GetList_Active_WithModel : MethodStart
INFO  2021-09-02 09:41:08,379 WHONETColumnService::? - GetList_Active_WithModel : MethodFinish
INFO  2021-09-02 11:23:34,084 MasterTemplateService::? - GetList_Active_WithModel : MethodStart
INFO  2021-09-02 11:23:35,350 MasterTemplateService::? - GetList_Active_WithModel : MethodFinish
INFO  2021-09-02 14:51:15,568 MasterTemplateService::? - GetListWithModel : MethodStart
INFO  2021-09-02 14:51:16,781 MasterTemplateService::? - GetListWithModel : MethodFinish
INFO  2021-09-02 14:52:20,357 MasterTemplateService::? - GetListWithModel : MethodStart
INFO  2021-09-02 14:52:20,474 MasterTemplateService::? - GetListWithModel : MethodFinish
INFO  2021-09-02 14:52:51,638 MasterTemplateService::? - GetData : MethodStart
INFO  2021-09-02 14:52:51,809 MasterTemplateService::? - GetData : MethodFinish
INFO  2021-09-02 14:52:51,880 MasterTemplateService::? - Get_ProcessExcelColumn : MethodStart
INFO  2021-09-02 14:52:51,991 MasterTemplateService::? - Get_ProcessExcelColumn : MethodFinish
INFO  2021-09-02 14:52:52,020 MasterTemplateService::? - Get_ProcessExcelRow : MethodStart
INFO  2021-09-02 14:52:52,128 MasterTemplateService::? - Get_ProcessExcelRow : MethodFinish
INFO  2021-09-02 14:52:52,164 MasterTemplateService::? - Get_ProcessExcelTemplate : MethodStart
INFO  2021-09-02 14:52:52,277 MasterTemplateService::? - Get_ProcessExcelTemplate : MethodFinish
INFO  2021-09-02 14:52:55,631 MasterTemplateService::? - GetListWithModel : MethodStart
INFO  2021-09-02 14:52:55,739 MasterTemplateService::? - GetListWithModel : MethodFinish
INFO  2021-09-02 14:53:04,983 MasterTemplateService::? - GetListWithModel : MethodStart
INFO  2021-09-02 14:53:05,089 MasterTemplateService::? - GetListWithModel : MethodFinish
INFO  2021-09-02 14:53:08,762 MasterTemplateService::? - GetData : MethodStart
INFO  2021-09-02 14:53:08,877 MasterTemplateService::? - GetData : MethodFinish
INFO  2021-09-02 14:53:08,928 WardTypeService::? - GetListWithModel : MethodStart
INFO  2021-09-02 14:53:09,065 WardTypeService::? - GetListWithModel : MethodFinish
INFO  2021-09-02 14:53:09,110 SpecimenService::? - GetListWithModel : MethodStart
INFO  2021-09-02 14:53:09,377 SpecimenService::? - GetListWithModel : MethodFinish
INFO  2021-09-02 14:53:09,484 AntibioticService::? - GetListWithModel : MethodStart
INFO  2021-09-02 14:53:09,743 AntibioticService::? - GetListWithModel : MethodFinish
INFO  2021-09-02 14:53:09,927 OrganismService::? - GetListWithModel : MethodStart
INFO  2021-09-02 14:53:10,213 OrganismService::? - GetListWithModel : MethodFinish
INFO  2021-09-02 14:53:10,297 QCRangeService::? - GetListWithModel : MethodStart
INFO  2021-09-02 14:53:10,827 QCRangeService::? - GetListWithModel : MethodFinish
INFO  2021-09-02 14:53:11,023 ExpertRuleService::? - GetListWithModel : MethodStart
INFO  2021-09-02 14:53:11,211 ExpertRuleService::? - GetListWithModel : MethodFinish
INFO  2021-09-02 14:53:11,278 WHONETColumnService::? - GetListWithModel : MethodStart
INFO  2021-09-02 14:53:11,398 WHONETColumnService::? - GetListWithModel : MethodFinish
INFO  2021-09-02 14:53:16,069 MasterTemplateService::? - GetListWithModel : MethodStart
INFO  2021-09-02 14:53:16,176 MasterTemplateService::? - GetListWithModel : MethodFinish
INFO  2021-09-02 14:53:21,064 MasterTemplateService::? - GetData : MethodStart
INFO  2021-09-02 14:53:21,169 MasterTemplateService::? - GetData : MethodFinish
INFO  2021-09-02 14:53:21,189 MasterTemplateService::? - Get_ProcessExcelColumn : MethodStart
INFO  2021-09-02 14:53:21,293 MasterTemplateService::? - Get_ProcessExcelColumn : MethodFinish
INFO  2021-09-02 14:53:21,313 MasterTemplateService::? - Get_ProcessExcelRow : MethodStart
INFO  2021-09-02 14:53:21,416 MasterTemplateService::? - Get_ProcessExcelRow : MethodFinish
INFO  2021-09-02 14:53:21,433 MasterTemplateService::? - Get_ProcessExcelTemplate : MethodStart
INFO  2021-09-02 14:53:21,535 MasterTemplateService::? - Get_ProcessExcelTemplate : MethodFinish
INFO  2021-09-02 14:53:39,217 MasterTemplateService::? - SaveProcessExcelColumnListData : MethodStart
INFO  2021-09-02 14:53:39,340 MasterTemplateService::? - SaveProcessExcelColumnListData : MethodFinish
INFO  2021-09-02 14:53:39,369 MasterTemplateService::? - SaveProcessExcelRowListData : MethodStart
INFO  2021-09-02 14:53:39,484 MasterTemplateService::? - SaveProcessExcelRowListData : MethodFinish
INFO  2021-09-02 14:53:39,506 MasterTemplateService::? - SaveProcessExcelTemplateListData : MethodStart
INFO  2021-09-02 14:53:39,624 MasterTemplateService::? - SaveProcessExcelTemplateListData : MethodFinish
INFO  2021-09-02 14:53:47,584 MasterTemplateService::? - Get_ProcessExcelColumn : MethodStart
INFO  2021-09-02 14:53:47,688 MasterTemplateService::? - Get_ProcessExcelColumn : MethodFinish
INFO  2021-09-02 14:53:47,706 MasterTemplateService::? - Get_ProcessExcelRow : MethodStart
INFO  2021-09-02 14:53:47,814 MasterTemplateService::? - Get_ProcessExcelRow : MethodFinish
INFO  2021-09-02 14:53:47,836 MasterTemplateService::? - Get_ProcessExcelTemplate : MethodStart
INFO  2021-09-02 14:53:47,941 MasterTemplateService::? - Get_ProcessExcelTemplate : MethodFinish
INFO  2021-09-02 14:53:51,099 MasterTemplateService::? - GetData : MethodStart
INFO  2021-09-02 14:53:51,205 MasterTemplateService::? - GetData : MethodFinish
INFO  2021-09-02 14:53:51,237 MasterTemplateService::? - Get_ProcessExcelColumn : MethodStart
INFO  2021-09-02 14:53:51,347 MasterTemplateService::? - Get_ProcessExcelColumn : MethodFinish
INFO  2021-09-02 14:53:51,371 MasterTemplateService::? - Get_ProcessExcelRow : MethodStart
INFO  2021-09-02 14:53:51,481 MasterTemplateService::? - Get_ProcessExcelRow : MethodFinish
INFO  2021-09-02 14:53:51,516 MasterTemplateService::? - Get_ProcessExcelTemplate : MethodStart
INFO  2021-09-02 14:53:51,617 MasterTemplateService::? - Get_ProcessExcelTemplate : MethodFinish
INFO  2021-09-02 15:12:16,372 MasterTemplateService::? - GetList_Active_WithModel : MethodStart
INFO  2021-09-02 15:12:17,621 MasterTemplateService::? - GetList_Active_WithModel : MethodFinish
INFO  2021-09-02 15:22:48,805 MasterTemplateService::? - GetListWithModel : MethodStart
INFO  2021-09-02 15:22:49,061 MasterTemplateService::? - GetListWithModel : MethodFinish
INFO  2021-09-02 15:22:54,152 MasterTemplateService::? - GetData : MethodStart
INFO  2021-09-02 15:22:54,323 MasterTemplateService::? - GetData : MethodFinish
INFO  2021-09-02 15:22:54,359 MasterTemplateService::? - Get_ProcessExcelColumn : MethodStart
INFO  2021-09-02 15:22:54,497 MasterTemplateService::? - Get_ProcessExcelColumn : MethodFinish
INFO  2021-09-02 15:22:54,532 MasterTemplateService::? - Get_ProcessExcelRow : MethodStart
INFO  2021-09-02 15:22:54,636 MasterTemplateService::? - Get_ProcessExcelRow : MethodFinish
INFO  2021-09-02 15:22:54,674 MasterTemplateService::? - Get_ProcessExcelTemplate : MethodStart
INFO  2021-09-02 15:22:54,773 MasterTemplateService::? - Get_ProcessExcelTemplate : MethodFinish
INFO  2021-09-02 15:23:02,876 MasterTemplateService::? - GetListWithModel : MethodStart
INFO  2021-09-02 15:23:02,976 MasterTemplateService::? - GetListWithModel : MethodFinish
INFO  2021-09-02 15:23:07,694 MasterTemplateService::? - GetData : MethodStart
INFO  2021-09-02 15:23:07,795 MasterTemplateService::? - GetData : MethodFinish
INFO  2021-09-02 15:23:07,816 MasterTemplateService::? - Get_ProcessExcelColumn : MethodStart
INFO  2021-09-02 15:23:07,914 MasterTemplateService::? - Get_ProcessExcelColumn : MethodFinish
INFO  2021-09-02 15:23:07,931 MasterTemplateService::? - Get_ProcessExcelRow : MethodStart
INFO  2021-09-02 15:23:08,027 MasterTemplateService::? - Get_ProcessExcelRow : MethodFinish
INFO  2021-09-02 15:23:08,046 MasterTemplateService::? - Get_ProcessExcelTemplate : MethodStart
INFO  2021-09-02 15:23:08,140 MasterTemplateService::? - Get_ProcessExcelTemplate : MethodFinish
INFO  2021-09-02 15:30:34,544 MasterTemplateService::? - SaveProcessExcelColumnListData : MethodStart
INFO  2021-09-02 15:30:35,375 MasterTemplateService::? - SaveProcessExcelColumnListData : MethodFinish
INFO  2021-09-02 15:30:35,401 MasterTemplateService::? - SaveProcessExcelRowListData : MethodStart
INFO  2021-09-02 15:30:35,747 MasterTemplateService::? - SaveProcessExcelRowListData : MethodFinish
INFO  2021-09-02 15:30:35,843 MasterTemplateService::? - SaveProcessExcelTemplateListData : MethodStart
INFO  2021-09-02 15:30:44,153 MasterTemplateService::? - SaveProcessExcelTemplateListData : MethodFinish
INFO  2021-09-02 15:30:48,901 MasterTemplateService::? - Get_ProcessExcelColumn : MethodStart
INFO  2021-09-02 15:30:49,012 MasterTemplateService::? - Get_ProcessExcelColumn : MethodFinish
INFO  2021-09-02 15:30:49,034 MasterTemplateService::? - Get_ProcessExcelRow : MethodStart
INFO  2021-09-02 15:30:49,144 MasterTemplateService::? - Get_ProcessExcelRow : MethodFinish
INFO  2021-09-02 15:30:49,160 MasterTemplateService::? - Get_ProcessExcelTemplate : MethodStart
INFO  2021-09-02 15:30:49,335 MasterTemplateService::? - Get_ProcessExcelTemplate : MethodFinish
INFO  2021-09-02 15:40:10,343 MasterTemplateService::? - Get_ProcessExcelColumn : MethodStart
INFO  2021-09-02 15:40:10,618 MasterTemplateService::? - Get_ProcessExcelColumn : MethodFinish
INFO  2021-09-02 15:40:10,648 MasterTemplateService::? - Get_ProcessExcelRow : MethodStart
INFO  2021-09-02 15:40:10,783 MasterTemplateService::? - Get_ProcessExcelRow : MethodFinish
INFO  2021-09-02 15:40:10,812 MasterTemplateService::? - Get_ProcessExcelTemplate : MethodStart
INFO  2021-09-02 15:40:10,951 MasterTemplateService::? - Get_ProcessExcelTemplate : MethodFinish
INFO  2021-09-02 15:40:12,965 MasterTemplateService::? - Get_ProcessExcelColumn : MethodStart
INFO  2021-09-02 15:40:13,074 MasterTemplateService::? - Get_ProcessExcelColumn : MethodFinish
INFO  2021-09-02 15:40:13,098 MasterTemplateService::? - Get_ProcessExcelRow : MethodStart
INFO  2021-09-02 15:40:13,200 MasterTemplateService::? - Get_ProcessExcelRow : MethodFinish
INFO  2021-09-02 15:40:13,221 MasterTemplateService::? - Get_ProcessExcelTemplate : MethodStart
INFO  2021-09-02 15:40:13,360 MasterTemplateService::? - Get_ProcessExcelTemplate : MethodFinish
INFO  2021-09-02 16:04:42,192 MasterTemplateService::? - GetListWithModel : MethodStart
INFO  2021-09-02 16:04:42,451 MasterTemplateService::? - GetListWithModel : MethodFinish
INFO  2021-09-02 16:04:45,773 MasterTemplateService::? - GetData : MethodStart
INFO  2021-09-02 16:04:45,871 MasterTemplateService::? - GetData : MethodFinish
INFO  2021-09-02 16:04:45,899 MasterTemplateService::? - Get_ProcessExcelColumn : MethodStart
INFO  2021-09-02 16:04:46,031 MasterTemplateService::? - Get_ProcessExcelColumn : MethodFinish
INFO  2021-09-02 16:04:46,052 MasterTemplateService::? - Get_ProcessExcelRow : MethodStart
INFO  2021-09-02 16:04:46,158 MasterTemplateService::? - Get_ProcessExcelRow : MethodFinish
INFO  2021-09-02 16:04:46,175 MasterTemplateService::? - Get_ProcessExcelTemplate : MethodStart
INFO  2021-09-02 16:04:46,278 MasterTemplateService::? - Get_ProcessExcelTemplate : MethodFinish
INFO  2021-09-02 16:04:49,261 MasterTemplateService::? - GetListWithModel : MethodStart
INFO  2021-09-02 16:04:49,359 MasterTemplateService::? - GetListWithModel : MethodFinish
INFO  2021-09-02 16:06:55,336 MasterTemplateService::? - GetData : MethodStart
INFO  2021-09-02 16:06:55,463 MasterTemplateService::? - GetData : MethodFinish
INFO  2021-09-02 16:06:55,516 WardTypeService::? - GetListWithModel : MethodStart
INFO  2021-09-02 16:06:55,627 WardTypeService::? - GetListWithModel : MethodFinish
INFO  2021-09-02 16:06:55,696 SpecimenService::? - GetListWithModel : MethodStart
INFO  2021-09-02 16:06:55,948 SpecimenService::? - GetListWithModel : MethodFinish
INFO  2021-09-02 16:06:56,053 AntibioticService::? - GetListWithModel : MethodStart
INFO  2021-09-02 16:06:56,270 AntibioticService::? - GetListWithModel : MethodFinish
INFO  2021-09-02 16:06:56,512 OrganismService::? - GetListWithModel : MethodStart
INFO  2021-09-02 16:06:56,779 OrganismService::? - GetListWithModel : MethodFinish
INFO  2021-09-02 16:06:56,862 QCRangeService::? - GetListWithModel : MethodStart
INFO  2021-09-02 16:06:57,358 QCRangeService::? - GetListWithModel : MethodFinish
INFO  2021-09-02 16:06:57,524 ExpertRuleService::? - GetListWithModel : MethodStart
INFO  2021-09-02 16:06:57,673 ExpertRuleService::? - GetListWithModel : MethodFinish
INFO  2021-09-02 16:06:57,731 WHONETColumnService::? - GetListWithModel : MethodStart
INFO  2021-09-02 16:06:57,862 WHONETColumnService::? - GetListWithModel : MethodFinish
INFO  2021-09-02 16:07:03,590 MasterTemplateService::? - GetListWithModel : MethodStart
INFO  2021-09-02 16:07:03,695 MasterTemplateService::? - GetListWithModel : MethodFinish
INFO  2021-09-02 16:07:05,866 MasterTemplateService::? - GetData : MethodStart
INFO  2021-09-02 16:07:05,967 MasterTemplateService::? - GetData : MethodFinish
INFO  2021-09-02 16:07:05,990 MasterTemplateService::? - Get_ProcessExcelColumn : MethodStart
INFO  2021-09-02 16:07:06,095 MasterTemplateService::? - Get_ProcessExcelColumn : MethodFinish
INFO  2021-09-02 16:07:06,113 MasterTemplateService::? - Get_ProcessExcelRow : MethodStart
INFO  2021-09-02 16:07:06,220 MasterTemplateService::? - Get_ProcessExcelRow : MethodFinish
INFO  2021-09-02 16:07:06,253 MasterTemplateService::? - Get_ProcessExcelTemplate : MethodStart
INFO  2021-09-02 16:07:06,359 MasterTemplateService::? - Get_ProcessExcelTemplate : MethodFinish
INFO  2021-09-02 16:38:48,864 MasterTemplateService::? - GetListWithModel : MethodStart
INFO  2021-09-02 16:38:49,145 MasterTemplateService::? - GetListWithModel : MethodFinish
INFO  2021-09-02 17:03:00,068 MasterTemplateService::? - GetData : MethodStart
INFO  2021-09-02 17:03:00,336 MasterTemplateService::? - GetData : MethodFinish
INFO  2021-09-02 17:03:00,377 MasterTemplateService::? - Get_ProcessExcelColumn : MethodStart
INFO  2021-09-02 17:03:00,485 MasterTemplateService::? - Get_ProcessExcelColumn : MethodFinish
INFO  2021-09-02 17:03:00,504 MasterTemplateService::? - Get_ProcessExcelRow : MethodStart
INFO  2021-09-02 17:03:00,613 MasterTemplateService::? - Get_ProcessExcelRow : MethodFinish
INFO  2021-09-02 17:03:00,631 MasterTemplateService::? - Get_ProcessExcelTemplate : MethodStart
INFO  2021-09-02 17:03:00,749 MasterTemplateService::? - Get_ProcessExcelTemplate : MethodFinish
INFO  2021-09-02 17:03:05,790 MasterTemplateService::? - Get_ProcessExcelColumn : MethodStart
INFO  2021-09-02 17:03:05,896 MasterTemplateService::? - Get_ProcessExcelColumn : MethodFinish
INFO  2021-09-02 17:03:05,913 MasterTemplateService::? - Get_ProcessExcelRow : MethodStart
INFO  2021-09-02 17:03:06,024 MasterTemplateService::? - Get_ProcessExcelRow : MethodFinish
INFO  2021-09-02 17:03:06,043 MasterTemplateService::? - Get_ProcessExcelTemplate : MethodStart
INFO  2021-09-02 17:03:06,151 MasterTemplateService::? - Get_ProcessExcelTemplate : MethodFinish
INFO  2021-09-02 17:05:08,275 MasterTemplateService::? - Get_ProcessExcelColumn : MethodStart
INFO  2021-09-02 17:05:08,383 MasterTemplateService::? - Get_ProcessExcelColumn : MethodFinish
INFO  2021-09-02 17:05:08,403 MasterTemplateService::? - Get_ProcessExcelRow : MethodStart
INFO  2021-09-02 17:05:08,519 MasterTemplateService::? - Get_ProcessExcelRow : MethodFinish
INFO  2021-09-02 17:05:08,577 MasterTemplateService::? - Get_ProcessExcelTemplate : MethodStart
INFO  2021-09-02 17:05:08,688 MasterTemplateService::? - Get_ProcessExcelTemplate : MethodFinish
