INFO  2022-08-31 10:23:01,184 MasterTemplateService::? - GetList_Active_WithModel : MethodStart
INFO  2022-08-31 10:23:05,782 MasterTemplateService::? - GetList_Active_WithModel : MethodFinish
INFO  2022-08-31 10:23:24,523 WHONETColumnService::? - GetList_Active_WithModel : MethodStart
INFO  2022-08-31 10:23:24,801 WHONETColumnService::? - GetList_Active_WithModel : MethodFinish
INFO  2022-08-31 10:36:05,370 MasterTemplateService::? - GetListWithModel : MethodStart
INFO  2022-08-31 10:36:05,746 MasterTemplateService::? - GetListWithModel : MethodFinish
INFO  2022-08-31 10:36:13,920 MasterTemplateService::? - GetData : MethodStart
INFO  2022-08-31 10:36:14,154 MasterTemplateService::? - GetData : MethodFinish
INFO  2022-08-31 10:36:16,115 AntibioticService::? - GetListWithModel : MethodStart
INFO  2022-08-31 10:36:16,616 AntibioticService::? - GetListWithModel : MethodFinish
INFO  2022-08-31 10:36:41,901 MasterTemplateService::? - GetListWithModel : MethodStart
INFO  2022-08-31 10:36:42,006 MasterTemplateService::? - GetListWithModel : MethodFinish
INFO  2022-08-31 10:36:45,119 MasterTemplateService::? - GetData : MethodStart
INFO  2022-08-31 10:36:45,229 MasterTemplateService::? - GetData : MethodFinish
INFO  2022-08-31 10:36:46,275 AntibioticService::? - GetListWithModel : MethodStart
INFO  2022-08-31 10:36:46,388 AntibioticService::? - GetListWithModel : MethodFinish
INFO  2022-08-31 10:36:48,543 MasterTemplateService::? - GetListWithModel : MethodStart
INFO  2022-08-31 10:36:48,653 MasterTemplateService::? - GetListWithModel : MethodFinish
INFO  2022-08-31 10:36:56,504 MasterTemplateService::? - GetData : MethodStart
INFO  2022-08-31 10:36:56,612 MasterTemplateService::? - GetData : MethodFinish
INFO  2022-08-31 10:36:57,804 AntibioticService::? - GetListWithModel : MethodStart
INFO  2022-08-31 10:36:57,999 AntibioticService::? - GetListWithModel : MethodFinish
INFO  2022-08-31 10:39:34,071 MasterTemplateService::? - GetList_Active_WithModel : MethodStart
INFO  2022-08-31 10:39:34,173 MasterTemplateService::? - GetList_Active_WithModel : MethodFinish
INFO  2022-08-31 10:39:35,998 WHONETColumnService::? - GetList_Active_WithModel : MethodStart
INFO  2022-08-31 10:39:36,102 WHONETColumnService::? - GetList_Active_WithModel : MethodFinish
INFO  2022-08-31 10:43:34,044 MasterTemplateService::? - GetListWithModel : MethodStart
INFO  2022-08-31 10:43:34,397 MasterTemplateService::? - GetListWithModel : MethodFinish
INFO  2022-08-31 10:43:50,623 MasterTemplateService::? - GetData : MethodStart
INFO  2022-08-31 10:43:50,724 MasterTemplateService::? - GetData : MethodFinish
INFO  2022-08-31 10:43:50,856 MasterTemplateService::? - Get_ProcessExcelColumn : MethodStart
INFO  2022-08-31 10:43:51,017 MasterTemplateService::? - Get_ProcessExcelColumn : MethodFinish
INFO  2022-08-31 10:43:51,124 MasterTemplateService::? - Get_ProcessExcelRow : MethodStart
INFO  2022-08-31 10:43:51,279 MasterTemplateService::? - Get_ProcessExcelRow : MethodFinish
INFO  2022-08-31 10:43:51,399 MasterTemplateService::? - Get_ProcessExcelTemplate : MethodStart
INFO  2022-08-31 10:43:51,604 MasterTemplateService::? - Get_ProcessExcelTemplate : MethodFinish
INFO  2022-08-31 10:43:54,392 MasterTemplateService::? - GetListWithModel : MethodStart
INFO  2022-08-31 10:43:54,496 MasterTemplateService::? - GetListWithModel : MethodFinish
INFO  2022-08-31 11:29:27,906 SpecimenService::? - GetList_Mapping_Active_WithModel : MethodStart
INFO  2022-08-31 11:29:28,228 SpecimenService::? - GetList_Mapping_Active_WithModel : MethodFinish
