INFO  2022-03-10 18:08:10,163 MasterHospitalService::? - GetListWithModel : MethodStart
INFO  2022-03-10 18:08:13,599 MasterHospitalService::? - GetListWithModel : MethodFinish
INFO  2022-03-10 18:09:48,891 MasterHospitalService::? - SaveData : MethodStart
INFO  2022-03-10 18:09:49,298 MasterHospitalService::? - SaveData : MethodFinish
INFO  2022-03-10 18:09:56,302 MasterHospitalService::? - GetListWithModel : MethodStart
INFO  2022-03-10 18:09:58,348 MasterHospitalService::? - GetListWithModel : MethodFinish
INFO  2022-03-10 18:12:10,516 SpecimenService::? - GetList_Mapping_Active_WithModel : MethodStart
INFO  2022-03-10 18:12:10,687 SpecimenService::? - GetList_Mapping_Active_WithModel : MethodFinish
INFO  2022-03-10 18:12:16,952 MasterTemplateService::? - GetList_Active_WithModel : MethodStart
INFO  2022-03-10 18:12:17,101 MasterTemplateService::? - GetList_Active_WithModel : MethodFinish
INFO  2022-03-10 18:12:43,726 MasterTemplateService::? - GetList_Active_WithModel : MethodStart
INFO  2022-03-10 18:12:43,869 MasterTemplateService::? - GetList_Active_WithModel : MethodFinish
INFO  2022-03-10 18:12:45,236 WHONETColumnService::? - GetList_Active_WithModel : MethodStart
INFO  2022-03-10 18:12:45,380 WHONETColumnService::? - GetList_Active_WithModel : MethodFinish
INFO  2022-03-10 18:13:33,009 MasterTemplateService::? - GetList_Active_WithModel : MethodStart
INFO  2022-03-10 18:13:33,112 MasterTemplateService::? - GetList_Active_WithModel : MethodFinish
INFO  2022-03-10 18:13:34,159 WHONETColumnService::? - GetList_Active_WithModel : MethodStart
INFO  2022-03-10 18:13:34,266 WHONETColumnService::? - GetList_Active_WithModel : MethodFinish
INFO  2022-03-10 18:13:51,981 MasterTemplateService::? - GetList_Active_WithModel : MethodStart
INFO  2022-03-10 18:13:52,110 MasterTemplateService::? - GetList_Active_WithModel : MethodFinish
INFO  2022-03-10 18:13:52,940 WHONETColumnService::? - GetList_Active_WithModel : MethodStart
INFO  2022-03-10 18:13:53,050 WHONETColumnService::? - GetList_Active_WithModel : MethodFinish
INFO  2022-03-10 18:14:16,171 MasterTemplateService::? - GetList_Active_WithModel : MethodStart
INFO  2022-03-10 18:14:16,275 MasterTemplateService::? - GetList_Active_WithModel : MethodFinish
INFO  2022-03-10 18:14:17,366 WHONETColumnService::? - GetList_Active_WithModel : MethodStart
INFO  2022-03-10 18:14:17,513 WHONETColumnService::? - GetList_Active_WithModel : MethodFinish
INFO  2022-03-10 18:14:43,366 MasterTemplateService::? - GetList_Active_WithModel : MethodStart
INFO  2022-03-10 18:14:43,471 MasterTemplateService::? - GetList_Active_WithModel : MethodFinish
INFO  2022-03-10 18:14:44,310 WHONETColumnService::? - GetList_Active_WithModel : MethodStart
INFO  2022-03-10 18:14:44,438 WHONETColumnService::? - GetList_Active_WithModel : MethodFinish
INFO  2022-03-10 18:14:58,381 MasterTemplateService::? - GetList_Active_WithModel : MethodStart
INFO  2022-03-10 18:14:58,484 MasterTemplateService::? - GetList_Active_WithModel : MethodFinish
INFO  2022-03-10 18:14:59,523 WHONETColumnService::? - GetList_Active_WithModel : MethodStart
INFO  2022-03-10 18:14:59,630 WHONETColumnService::? - GetList_Active_WithModel : MethodFinish
INFO  2022-03-10 18:15:15,084 MasterTemplateService::? - GetList_Active_WithModel : MethodStart
INFO  2022-03-10 18:15:15,227 MasterTemplateService::? - GetList_Active_WithModel : MethodFinish
INFO  2022-03-10 18:15:15,949 WHONETColumnService::? - GetList_Active_WithModel : MethodStart
INFO  2022-03-10 18:15:16,058 WHONETColumnService::? - GetList_Active_WithModel : MethodFinish
INFO  2022-03-10 18:15:41,944 MasterTemplateService::? - GetList_Active_WithModel : MethodStart
INFO  2022-03-10 18:15:42,047 MasterTemplateService::? - GetList_Active_WithModel : MethodFinish
INFO  2022-03-10 18:15:42,856 WHONETColumnService::? - GetList_Active_WithModel : MethodStart
INFO  2022-03-10 18:15:42,961 WHONETColumnService::? - GetList_Active_WithModel : MethodFinish
INFO  2022-03-10 18:16:44,069 MasterTemplateService::? - GetList_Active_WithModel : MethodStart
INFO  2022-03-10 18:16:44,171 MasterTemplateService::? - GetList_Active_WithModel : MethodFinish
INFO  2022-03-10 18:16:45,086 WHONETColumnService::? - GetList_Active_WithModel : MethodStart
INFO  2022-03-10 18:16:45,192 WHONETColumnService::? - GetList_Active_WithModel : MethodFinish
INFO  2022-03-10 18:17:05,007 MasterTemplateService::? - GetList_Active_WithModel : MethodStart
INFO  2022-03-10 18:17:05,112 MasterTemplateService::? - GetList_Active_WithModel : MethodFinish
INFO  2022-03-10 18:17:06,037 WHONETColumnService::? - GetList_Active_WithModel : MethodStart
INFO  2022-03-10 18:17:06,146 WHONETColumnService::? - GetList_Active_WithModel : MethodFinish
INFO  2022-03-10 18:17:19,281 MasterTemplateService::? - GetList_Active_WithModel : MethodStart
INFO  2022-03-10 18:17:19,392 MasterTemplateService::? - GetList_Active_WithModel : MethodFinish
INFO  2022-03-10 18:17:20,325 WHONETColumnService::? - GetList_Active_WithModel : MethodStart
INFO  2022-03-10 18:17:20,437 WHONETColumnService::? - GetList_Active_WithModel : MethodFinish
INFO  2022-03-10 18:17:34,334 MasterTemplateService::? - GetList_Active_WithModel : MethodStart
INFO  2022-03-10 18:17:34,443 MasterTemplateService::? - GetList_Active_WithModel : MethodFinish
INFO  2022-03-10 18:17:35,241 WHONETColumnService::? - GetList_Active_WithModel : MethodStart
INFO  2022-03-10 18:17:35,346 WHONETColumnService::? - GetList_Active_WithModel : MethodFinish
INFO  2022-03-10 18:17:47,647 MasterTemplateService::? - GetList_Active_WithModel : MethodStart
INFO  2022-03-10 18:17:47,763 MasterTemplateService::? - GetList_Active_WithModel : MethodFinish
INFO  2022-03-10 18:17:48,654 WHONETColumnService::? - GetList_Active_WithModel : MethodStart
INFO  2022-03-10 18:17:48,763 WHONETColumnService::? - GetList_Active_WithModel : MethodFinish
INFO  2022-03-10 18:18:01,112 MasterTemplateService::? - GetList_Active_WithModel : MethodStart
INFO  2022-03-10 18:18:01,217 MasterTemplateService::? - GetList_Active_WithModel : MethodFinish
INFO  2022-03-10 18:18:02,158 WHONETColumnService::? - GetList_Active_WithModel : MethodStart
INFO  2022-03-10 18:18:02,264 WHONETColumnService::? - GetList_Active_WithModel : MethodFinish
INFO  2022-03-10 18:18:16,253 MasterTemplateService::? - GetList_Active_WithModel : MethodStart
INFO  2022-03-10 18:18:16,359 MasterTemplateService::? - GetList_Active_WithModel : MethodFinish
INFO  2022-03-10 18:18:17,516 WHONETColumnService::? - GetList_Active_WithModel : MethodStart
INFO  2022-03-10 18:18:17,623 WHONETColumnService::? - GetList_Active_WithModel : MethodFinish
INFO  2022-03-10 18:18:34,260 MasterTemplateService::? - GetList_Active_WithModel : MethodStart
INFO  2022-03-10 18:18:34,369 MasterTemplateService::? - GetList_Active_WithModel : MethodFinish
INFO  2022-03-10 18:18:35,387 WHONETColumnService::? - GetList_Active_WithModel : MethodStart
INFO  2022-03-10 18:18:35,494 WHONETColumnService::? - GetList_Active_WithModel : MethodFinish
INFO  2022-03-10 18:18:47,453 MasterTemplateService::? - GetList_Active_WithModel : MethodStart
INFO  2022-03-10 18:18:47,554 MasterTemplateService::? - GetList_Active_WithModel : MethodFinish
INFO  2022-03-10 18:18:48,479 WHONETColumnService::? - GetList_Active_WithModel : MethodStart
INFO  2022-03-10 18:18:48,585 WHONETColumnService::? - GetList_Active_WithModel : MethodFinish
INFO  2022-03-10 18:19:09,055 MasterTemplateService::? - GetList_Active_WithModel : MethodStart
INFO  2022-03-10 18:19:09,157 MasterTemplateService::? - GetList_Active_WithModel : MethodFinish
INFO  2022-03-10 18:19:10,014 WHONETColumnService::? - GetList_Active_WithModel : MethodStart
INFO  2022-03-10 18:19:10,119 WHONETColumnService::? - GetList_Active_WithModel : MethodFinish
INFO  2022-03-10 18:19:30,370 MasterTemplateService::? - GetList_Active_WithModel : MethodStart
INFO  2022-03-10 18:19:30,475 MasterTemplateService::? - GetList_Active_WithModel : MethodFinish
INFO  2022-03-10 18:19:31,641 WHONETColumnService::? - GetList_Active_WithModel : MethodStart
INFO  2022-03-10 18:19:31,751 WHONETColumnService::? - GetList_Active_WithModel : MethodFinish
INFO  2022-03-10 18:19:43,922 MasterTemplateService::? - GetList_Active_WithModel : MethodStart
INFO  2022-03-10 18:19:44,025 MasterTemplateService::? - GetList_Active_WithModel : MethodFinish
INFO  2022-03-10 18:19:44,886 WHONETColumnService::? - GetList_Active_WithModel : MethodStart
INFO  2022-03-10 18:19:44,992 WHONETColumnService::? - GetList_Active_WithModel : MethodFinish
INFO  2022-03-10 18:20:10,698 MasterTemplateService::? - GetList_Active_WithModel : MethodStart
INFO  2022-03-10 18:20:10,804 MasterTemplateService::? - GetList_Active_WithModel : MethodFinish
INFO  2022-03-10 18:20:11,846 WHONETColumnService::? - GetList_Active_WithModel : MethodStart
INFO  2022-03-10 18:20:11,955 WHONETColumnService::? - GetList_Active_WithModel : MethodFinish
INFO  2022-03-10 18:20:34,994 MasterTemplateService::? - GetList_Active_WithModel : MethodStart
INFO  2022-03-10 18:20:35,110 MasterTemplateService::? - GetList_Active_WithModel : MethodFinish
INFO  2022-03-10 18:20:35,843 WHONETColumnService::? - GetList_Active_WithModel : MethodStart
INFO  2022-03-10 18:20:35,947 WHONETColumnService::? - GetList_Active_WithModel : MethodFinish
INFO  2022-03-10 18:20:53,614 MasterTemplateService::? - GetList_Active_WithModel : MethodStart
INFO  2022-03-10 18:20:53,718 MasterTemplateService::? - GetList_Active_WithModel : MethodFinish
INFO  2022-03-10 18:20:54,690 WHONETColumnService::? - GetList_Active_WithModel : MethodStart
INFO  2022-03-10 18:20:54,801 WHONETColumnService::? - GetList_Active_WithModel : MethodFinish
INFO  2022-03-10 18:21:08,303 MasterTemplateService::? - GetList_Active_WithModel : MethodStart
INFO  2022-03-10 18:21:08,416 MasterTemplateService::? - GetList_Active_WithModel : MethodFinish
INFO  2022-03-10 18:21:09,556 WHONETColumnService::? - GetList_Active_WithModel : MethodStart
INFO  2022-03-10 18:21:09,674 WHONETColumnService::? - GetList_Active_WithModel : MethodFinish
INFO  2022-03-10 18:21:25,624 MasterTemplateService::? - GetList_Active_WithModel : MethodStart
INFO  2022-03-10 18:21:25,727 MasterTemplateService::? - GetList_Active_WithModel : MethodFinish
INFO  2022-03-10 18:21:26,698 WHONETColumnService::? - GetList_Active_WithModel : MethodStart
INFO  2022-03-10 18:21:26,803 WHONETColumnService::? - GetList_Active_WithModel : MethodFinish
INFO  2022-03-10 18:21:38,915 MasterTemplateService::? - GetList_Active_WithModel : MethodStart
INFO  2022-03-10 18:21:39,022 MasterTemplateService::? - GetList_Active_WithModel : MethodFinish
INFO  2022-03-10 18:21:39,742 WHONETColumnService::? - GetList_Active_WithModel : MethodStart
INFO  2022-03-10 18:21:39,849 WHONETColumnService::? - GetList_Active_WithModel : MethodFinish
INFO  2022-03-10 18:22:24,873 MasterTemplateService::? - GetList_Active_WithModel : MethodStart
INFO  2022-03-10 18:22:24,980 MasterTemplateService::? - GetList_Active_WithModel : MethodFinish
INFO  2022-03-10 18:22:25,853 WHONETColumnService::? - GetList_Active_WithModel : MethodStart
INFO  2022-03-10 18:22:25,959 WHONETColumnService::? - GetList_Active_WithModel : MethodFinish
INFO  2022-03-10 18:22:36,117 MasterTemplateService::? - GetList_Active_WithModel : MethodStart
INFO  2022-03-10 18:22:36,222 MasterTemplateService::? - GetList_Active_WithModel : MethodFinish
INFO  2022-03-10 18:22:37,110 WHONETColumnService::? - GetList_Active_WithModel : MethodStart
INFO  2022-03-10 18:22:37,223 WHONETColumnService::? - GetList_Active_WithModel : MethodFinish
INFO  2022-03-10 18:22:45,515 MasterTemplateService::? - GetList_Active_WithModel : MethodStart
INFO  2022-03-10 18:22:45,623 MasterTemplateService::? - GetList_Active_WithModel : MethodFinish
INFO  2022-03-10 18:22:46,450 WHONETColumnService::? - GetList_Active_WithModel : MethodStart
INFO  2022-03-10 18:22:46,558 WHONETColumnService::? - GetList_Active_WithModel : MethodFinish
INFO  2022-03-10 18:23:02,837 MasterTemplateService::? - GetList_Active_WithModel : MethodStart
INFO  2022-03-10 18:23:02,939 MasterTemplateService::? - GetList_Active_WithModel : MethodFinish
INFO  2022-03-10 18:23:03,699 WHONETColumnService::? - GetList_Active_WithModel : MethodStart
INFO  2022-03-10 18:23:03,800 WHONETColumnService::? - GetList_Active_WithModel : MethodFinish
INFO  2022-03-10 18:23:16,991 MasterTemplateService::? - GetList_Active_WithModel : MethodStart
INFO  2022-03-10 18:23:17,093 MasterTemplateService::? - GetList_Active_WithModel : MethodFinish
INFO  2022-03-10 18:23:17,808 WHONETColumnService::? - GetList_Active_WithModel : MethodStart
INFO  2022-03-10 18:23:17,912 WHONETColumnService::? - GetList_Active_WithModel : MethodFinish
INFO  2022-03-10 18:23:36,400 MasterTemplateService::? - GetList_Active_WithModel : MethodStart
INFO  2022-03-10 18:23:36,506 MasterTemplateService::? - GetList_Active_WithModel : MethodFinish
INFO  2022-03-10 18:23:37,282 WHONETColumnService::? - GetList_Active_WithModel : MethodStart
INFO  2022-03-10 18:23:37,397 WHONETColumnService::? - GetList_Active_WithModel : MethodFinish
INFO  2022-03-10 18:23:47,524 MasterTemplateService::? - GetList_Active_WithModel : MethodStart
INFO  2022-03-10 18:23:47,626 MasterTemplateService::? - GetList_Active_WithModel : MethodFinish
INFO  2022-03-10 18:23:48,337 WHONETColumnService::? - GetList_Active_WithModel : MethodStart
INFO  2022-03-10 18:23:48,445 WHONETColumnService::? - GetList_Active_WithModel : MethodFinish
INFO  2022-03-10 18:24:09,637 MasterTemplateService::? - GetList_Active_WithModel : MethodStart
INFO  2022-03-10 18:24:09,802 MasterTemplateService::? - GetList_Active_WithModel : MethodFinish
INFO  2022-03-10 18:24:10,607 WHONETColumnService::? - GetList_Active_WithModel : MethodStart
INFO  2022-03-10 18:24:10,709 WHONETColumnService::? - GetList_Active_WithModel : MethodFinish
INFO  2022-03-10 18:24:21,928 MasterTemplateService::? - GetList_Active_WithModel : MethodStart
INFO  2022-03-10 18:24:22,028 MasterTemplateService::? - GetList_Active_WithModel : MethodFinish
INFO  2022-03-10 18:24:22,849 WHONETColumnService::? - GetList_Active_WithModel : MethodStart
INFO  2022-03-10 18:24:22,955 WHONETColumnService::? - GetList_Active_WithModel : MethodFinish
INFO  2022-03-10 18:24:28,864 SpecimenService::? - GetList_Mapping_Active_WithModel : MethodStart
INFO  2022-03-10 18:24:28,965 SpecimenService::? - GetList_Mapping_Active_WithModel : MethodFinish
INFO  2022-03-10 18:25:45,577 MasterTemplateService::? - GetList_Active_WithModel : MethodStart
INFO  2022-03-10 18:25:45,689 MasterTemplateService::? - GetList_Active_WithModel : MethodFinish
INFO  2022-03-10 18:25:46,526 WHONETColumnService::? - GetList_Active_WithModel : MethodStart
INFO  2022-03-10 18:25:46,631 WHONETColumnService::? - GetList_Active_WithModel : MethodFinish
INFO  2022-03-10 18:25:48,464 SpecimenService::? - GetList_Mapping_Active_WithModel : MethodStart
INFO  2022-03-10 18:25:48,568 SpecimenService::? - GetList_Mapping_Active_WithModel : MethodFinish
INFO  2022-03-10 18:25:57,466 MasterTemplateService::? - GetList_Active_WithModel : MethodStart
INFO  2022-03-10 18:25:57,578 MasterTemplateService::? - GetList_Active_WithModel : MethodFinish
INFO  2022-03-10 18:25:58,318 WHONETColumnService::? - GetList_Active_WithModel : MethodStart
INFO  2022-03-10 18:25:58,431 WHONETColumnService::? - GetList_Active_WithModel : MethodFinish
INFO  2022-03-10 18:25:59,969 SpecimenService::? - GetList_Mapping_Active_WithModel : MethodStart
INFO  2022-03-10 18:26:00,073 SpecimenService::? - GetList_Mapping_Active_WithModel : MethodFinish
INFO  2022-03-10 18:26:07,278 MasterTemplateService::? - GetList_Active_WithModel : MethodStart
INFO  2022-03-10 18:26:07,380 MasterTemplateService::? - GetList_Active_WithModel : MethodFinish
INFO  2022-03-10 18:26:08,215 WHONETColumnService::? - GetList_Active_WithModel : MethodStart
INFO  2022-03-10 18:26:08,320 WHONETColumnService::? - GetList_Active_WithModel : MethodFinish
INFO  2022-03-10 18:26:22,655 SpecimenService::? - GetList_Mapping_Active_WithModel : MethodStart
INFO  2022-03-10 18:26:22,761 SpecimenService::? - GetList_Mapping_Active_WithModel : MethodFinish
INFO  2022-03-10 18:26:32,118 MasterTemplateService::? - GetList_Active_WithModel : MethodStart
INFO  2022-03-10 18:26:32,225 MasterTemplateService::? - GetList_Active_WithModel : MethodFinish
INFO  2022-03-10 18:26:33,022 WHONETColumnService::? - GetList_Active_WithModel : MethodStart
INFO  2022-03-10 18:26:33,126 WHONETColumnService::? - GetList_Active_WithModel : MethodFinish
INFO  2022-03-10 18:27:24,199 SpecimenService::? - GetList_Mapping_Active_WithModel : MethodStart
INFO  2022-03-10 18:27:24,306 SpecimenService::? - GetList_Mapping_Active_WithModel : MethodFinish
INFO  2022-03-10 18:27:29,927 MasterTemplateService::? - GetList_Active_WithModel : MethodStart
INFO  2022-03-10 18:27:30,030 MasterTemplateService::? - GetList_Active_WithModel : MethodFinish
INFO  2022-03-10 18:27:30,783 WHONETColumnService::? - GetList_Active_WithModel : MethodStart
INFO  2022-03-10 18:27:30,892 WHONETColumnService::? - GetList_Active_WithModel : MethodFinish
INFO  2022-03-10 18:27:39,022 SpecimenService::? - GetList_Mapping_Active_WithModel : MethodStart
INFO  2022-03-10 18:27:39,126 SpecimenService::? - GetList_Mapping_Active_WithModel : MethodFinish
INFO  2022-03-10 18:27:44,166 MasterTemplateService::? - GetList_Active_WithModel : MethodStart
INFO  2022-03-10 18:27:44,277 MasterTemplateService::? - GetList_Active_WithModel : MethodFinish
INFO  2022-03-10 18:27:45,039 WHONETColumnService::? - GetList_Active_WithModel : MethodStart
INFO  2022-03-10 18:27:45,146 WHONETColumnService::? - GetList_Active_WithModel : MethodFinish
INFO  2022-03-10 18:28:26,779 OrganismService::? - GetList_Active_WithModel : MethodStart
INFO  2022-03-10 18:28:26,929 OrganismService::? - GetList_Active_WithModel : MethodFinish
INFO  2022-03-10 18:28:42,271 OrganismService::? - GetList_Active_WithModel : MethodStart
INFO  2022-03-10 18:28:42,393 OrganismService::? - GetList_Active_WithModel : MethodFinish
INFO  2022-03-10 18:28:47,736 WardTypeService::? - GetList_Active_WithModel : MethodStart
INFO  2022-03-10 18:28:47,877 WardTypeService::? - GetList_Active_WithModel : MethodFinish
INFO  2022-03-10 18:30:40,254 WardTypeService::? - GetList_Active_WithModel : MethodStart
INFO  2022-03-10 18:30:40,367 WardTypeService::? - GetList_Active_WithModel : MethodFinish
INFO  2022-03-10 18:31:11,040 MasterTemplateService::? - GetList_Active_WithModel : MethodStart
INFO  2022-03-10 18:31:11,147 MasterTemplateService::? - GetList_Active_WithModel : MethodFinish
INFO  2022-03-10 18:31:12,136 WHONETColumnService::? - GetList_Active_WithModel : MethodStart
INFO  2022-03-10 18:31:12,242 WHONETColumnService::? - GetList_Active_WithModel : MethodFinish
INFO  2022-03-10 18:31:13,314 WardTypeService::? - GetList_Active_WithModel : MethodStart
INFO  2022-03-10 18:31:13,420 WardTypeService::? - GetList_Active_WithModel : MethodFinish
INFO  2022-03-10 18:31:19,649 MasterTemplateService::? - GetList_Active_WithModel : MethodStart
INFO  2022-03-10 18:31:19,751 MasterTemplateService::? - GetList_Active_WithModel : MethodFinish
INFO  2022-03-10 18:31:20,594 WHONETColumnService::? - GetList_Active_WithModel : MethodStart
INFO  2022-03-10 18:31:20,696 WHONETColumnService::? - GetList_Active_WithModel : MethodFinish
INFO  2022-03-10 18:31:21,481 WardTypeService::? - GetList_Active_WithModel : MethodStart
INFO  2022-03-10 18:31:21,584 WardTypeService::? - GetList_Active_WithModel : MethodFinish
INFO  2022-03-10 18:31:26,726 MasterTemplateService::? - GetList_Active_WithModel : MethodStart
INFO  2022-03-10 18:31:26,834 MasterTemplateService::? - GetList_Active_WithModel : MethodFinish
INFO  2022-03-10 18:31:27,603 WHONETColumnService::? - GetList_Active_WithModel : MethodStart
INFO  2022-03-10 18:31:27,705 WHONETColumnService::? - GetList_Active_WithModel : MethodFinish
INFO  2022-03-10 18:31:28,102 WardTypeService::? - GetList_Active_WithModel : MethodStart
INFO  2022-03-10 18:31:28,207 WardTypeService::? - GetList_Active_WithModel : MethodFinish
INFO  2022-03-10 18:31:33,201 MasterTemplateService::? - GetList_Active_WithModel : MethodStart
INFO  2022-03-10 18:31:33,302 MasterTemplateService::? - GetList_Active_WithModel : MethodFinish
INFO  2022-03-10 18:31:34,103 WHONETColumnService::? - GetList_Active_WithModel : MethodStart
INFO  2022-03-10 18:31:34,208 WHONETColumnService::? - GetList_Active_WithModel : MethodFinish
INFO  2022-03-10 18:32:39,356 WardTypeService::? - GetList_Active_WithModel : MethodStart
INFO  2022-03-10 18:32:39,461 WardTypeService::? - GetList_Active_WithModel : MethodFinish
INFO  2022-03-10 18:32:44,440 MasterTemplateService::? - GetList_Active_WithModel : MethodStart
INFO  2022-03-10 18:32:44,540 MasterTemplateService::? - GetList_Active_WithModel : MethodFinish
INFO  2022-03-10 18:32:45,329 WHONETColumnService::? - GetList_Active_WithModel : MethodStart
INFO  2022-03-10 18:32:45,439 WHONETColumnService::? - GetList_Active_WithModel : MethodFinish
INFO  2022-03-10 18:40:01,885 OrganismService::? - GetList_Active_WithModel : MethodStart
INFO  2022-03-10 18:40:02,414 OrganismService::? - GetList_Active_WithModel : MethodFinish
INFO  2022-03-10 18:40:34,124 MasterTemplateService::? - GetList_Active_WithModel : MethodStart
INFO  2022-03-10 18:40:34,223 MasterTemplateService::? - GetList_Active_WithModel : MethodFinish
INFO  2022-03-10 18:40:34,988 WHONETColumnService::? - GetList_Active_WithModel : MethodStart
INFO  2022-03-10 18:40:35,089 WHONETColumnService::? - GetList_Active_WithModel : MethodFinish
INFO  2022-03-10 18:40:53,437 OrganismService::? - GetList_Active_WithModel : MethodStart
INFO  2022-03-10 18:40:53,607 OrganismService::? - GetList_Active_WithModel : MethodFinish
INFO  2022-03-10 18:41:03,646 MasterTemplateService::? - GetList_Active_WithModel : MethodStart
INFO  2022-03-10 18:41:03,746 MasterTemplateService::? - GetList_Active_WithModel : MethodFinish
INFO  2022-03-10 18:41:04,526 WHONETColumnService::? - GetList_Active_WithModel : MethodStart
INFO  2022-03-10 18:41:04,629 WHONETColumnService::? - GetList_Active_WithModel : MethodFinish
INFO  2022-03-10 18:41:08,417 OrganismService::? - GetList_Active_WithModel : MethodStart
INFO  2022-03-10 18:41:08,586 OrganismService::? - GetList_Active_WithModel : MethodFinish
INFO  2022-03-10 19:01:38,037 OrganismService::? - GetList_Active_WithModel : MethodStart
INFO  2022-03-10 19:01:38,720 OrganismService::? - GetList_Active_WithModel : MethodFinish
INFO  2022-03-10 19:01:51,202 MasterTemplateService::? - GetList_Active_WithModel : MethodStart
INFO  2022-03-10 19:01:51,388 MasterTemplateService::? - GetList_Active_WithModel : MethodFinish
INFO  2022-03-10 19:01:52,270 WHONETColumnService::? - GetList_Active_WithModel : MethodStart
INFO  2022-03-10 19:01:52,382 WHONETColumnService::? - GetList_Active_WithModel : MethodFinish
INFO  2022-03-10 19:02:09,571 MasterTemplateService::? - GetList_Active_WithModel : MethodStart
INFO  2022-03-10 19:02:09,682 MasterTemplateService::? - GetList_Active_WithModel : MethodFinish
INFO  2022-03-10 19:02:10,507 WHONETColumnService::? - GetList_Active_WithModel : MethodStart
INFO  2022-03-10 19:02:10,619 WHONETColumnService::? - GetList_Active_WithModel : MethodFinish
INFO  2022-03-10 19:02:39,181 MasterTemplateService::? - GetList_Active_WithModel : MethodStart
INFO  2022-03-10 19:02:39,302 MasterTemplateService::? - GetList_Active_WithModel : MethodFinish
INFO  2022-03-10 19:02:53,072 SpecimenService::? - GetList_Mapping_Active_WithModel : MethodStart
INFO  2022-03-10 19:02:53,182 SpecimenService::? - GetList_Mapping_Active_WithModel : MethodFinish
INFO  2022-03-10 19:03:23,627 MasterTemplateService::? - GetList_Active_WithModel : MethodStart
INFO  2022-03-10 19:03:23,746 MasterTemplateService::? - GetList_Active_WithModel : MethodFinish
INFO  2022-03-10 19:03:24,538 WHONETColumnService::? - GetList_Active_WithModel : MethodStart
INFO  2022-03-10 19:03:24,647 WHONETColumnService::? - GetList_Active_WithModel : MethodFinish
INFO  2022-03-10 19:04:57,310 SpecimenService::? - GetList_Mapping_Active_WithModel : MethodStart
INFO  2022-03-10 19:04:57,427 SpecimenService::? - GetList_Mapping_Active_WithModel : MethodFinish
INFO  2022-03-10 19:05:28,552 MasterTemplateService::? - GetList_Active_WithModel : MethodStart
INFO  2022-03-10 19:05:28,663 MasterTemplateService::? - GetList_Active_WithModel : MethodFinish
INFO  2022-03-10 19:06:35,499 SpecimenService::? - GetList_Mapping_Active_WithModel : MethodStart
INFO  2022-03-10 19:06:35,625 SpecimenService::? - GetList_Mapping_Active_WithModel : MethodFinish
INFO  2022-03-10 20:13:01,740 MasterTemplateService::? - GetList_Active_WithModel : MethodStart
INFO  2022-03-10 20:13:02,005 MasterTemplateService::? - GetList_Active_WithModel : MethodFinish
INFO  2022-03-10 20:13:03,085 WHONETColumnService::? - GetList_Active_WithModel : MethodStart
INFO  2022-03-10 20:13:03,192 WHONETColumnService::? - GetList_Active_WithModel : MethodFinish
INFO  2022-03-10 20:14:22,063 MasterTemplateService::? - GetList_Active_WithModel : MethodStart
INFO  2022-03-10 20:14:22,168 MasterTemplateService::? - GetList_Active_WithModel : MethodFinish
INFO  2022-03-10 20:16:29,094 MasterTemplateService::? - GetList_Active_WithModel : MethodStart
INFO  2022-03-10 20:16:29,258 MasterTemplateService::? - GetList_Active_WithModel : MethodFinish
INFO  2022-03-10 20:18:40,189 SpecimenService::? - GetList_Mapping_Active_WithModel : MethodStart
INFO  2022-03-10 20:18:40,336 SpecimenService::? - GetList_Mapping_Active_WithModel : MethodFinish
INFO  2022-03-10 20:18:42,241 MasterTemplateService::? - GetList_Active_WithModel : MethodStart
INFO  2022-03-10 20:18:42,345 MasterTemplateService::? - GetList_Active_WithModel : MethodFinish
INFO  2022-03-10 20:18:43,135 WHONETColumnService::? - GetList_Active_WithModel : MethodStart
INFO  2022-03-10 20:18:43,239 WHONETColumnService::? - GetList_Active_WithModel : MethodFinish
INFO  2022-03-10 20:20:23,799 MasterTemplateService::? - GetList_Active_WithModel : MethodStart
INFO  2022-03-10 20:20:23,908 MasterTemplateService::? - GetList_Active_WithModel : MethodFinish
INFO  2022-03-10 20:20:24,806 WHONETColumnService::? - GetList_Active_WithModel : MethodStart
INFO  2022-03-10 20:20:25,011 WHONETColumnService::? - GetList_Active_WithModel : MethodFinish
INFO  2022-03-10 20:20:28,788 MasterTemplateService::? - GetList_Active_WithModel : MethodStart
INFO  2022-03-10 20:20:28,889 MasterTemplateService::? - GetList_Active_WithModel : MethodFinish
INFO  2022-03-10 20:20:29,628 WHONETColumnService::? - GetList_Active_WithModel : MethodStart
INFO  2022-03-10 20:20:29,731 WHONETColumnService::? - GetList_Active_WithModel : MethodFinish
INFO  2022-03-10 20:20:53,101 MasterTemplateService::? - GetList_Active_WithModel : MethodStart
INFO  2022-03-10 20:20:53,205 MasterTemplateService::? - GetList_Active_WithModel : MethodFinish
INFO  2022-03-10 20:28:21,805 SpecimenService::? - GetList_Mapping_Active_WithModel : MethodStart
INFO  2022-03-10 20:28:22,098 SpecimenService::? - GetList_Mapping_Active_WithModel : MethodFinish
INFO  2022-03-10 20:28:31,077 MasterTemplateService::? - GetList_Active_WithModel : MethodStart
INFO  2022-03-10 20:28:31,188 MasterTemplateService::? - GetList_Active_WithModel : MethodFinish
INFO  2022-03-10 20:28:31,956 WHONETColumnService::? - GetList_Active_WithModel : MethodStart
INFO  2022-03-10 20:28:32,061 WHONETColumnService::? - GetList_Active_WithModel : MethodFinish
INFO  2022-03-10 20:28:49,004 MasterTemplateService::? - GetList_Active_WithModel : MethodStart
INFO  2022-03-10 20:28:49,107 MasterTemplateService::? - GetList_Active_WithModel : MethodFinish
INFO  2022-03-10 20:28:49,913 WHONETColumnService::? - GetList_Active_WithModel : MethodStart
INFO  2022-03-10 20:28:50,024 WHONETColumnService::? - GetList_Active_WithModel : MethodFinish
INFO  2022-03-10 20:28:54,175 MasterTemplateService::? - GetList_Active_WithModel : MethodStart
INFO  2022-03-10 20:28:54,279 MasterTemplateService::? - GetList_Active_WithModel : MethodFinish
INFO  2022-03-10 20:28:55,184 WHONETColumnService::? - GetList_Active_WithModel : MethodStart
INFO  2022-03-10 20:28:55,296 WHONETColumnService::? - GetList_Active_WithModel : MethodFinish
INFO  2022-03-10 20:29:34,035 MasterTemplateService::? - GetList_Active_WithModel : MethodStart
INFO  2022-03-10 20:29:34,149 MasterTemplateService::? - GetList_Active_WithModel : MethodFinish
INFO  2022-03-10 20:53:31,540 SpecimenService::? - GetList_Mapping_Active_WithModel : MethodStart
INFO  2022-03-10 20:53:32,772 SpecimenService::? - GetList_Mapping_Active_WithModel : MethodFinish
INFO  2022-03-10 20:54:51,842 MasterTemplateService::? - GetList_Active_WithModel : MethodStart
INFO  2022-03-10 20:54:51,990 MasterTemplateService::? - GetList_Active_WithModel : MethodFinish
INFO  2022-03-10 20:54:53,045 WHONETColumnService::? - GetList_Active_WithModel : MethodStart
INFO  2022-03-10 20:54:53,211 WHONETColumnService::? - GetList_Active_WithModel : MethodFinish
