INFO  2021-08-17 00:16:06,746 SpecimenService::? - GetList_Active_WithModel : MethodStart
INFO  2021-08-17 00:16:09,088 SpecimenService::? - GetList_Active_WithModel : MethodFinish
INFO  2021-08-17 12:26:59,783 MasterTemplateService::? - GetList_Active_WithModel : MethodStart
INFO  2021-08-17 12:27:01,238 MasterTemplateService::? - GetList_Active_WithModel : MethodFinish
INFO  2021-08-17 12:37:01,927 MasterTemplateService::? - GetList_Active_WithModel : MethodStart
INFO  2021-08-17 12:37:03,192 MasterTemplateService::? - GetList_Active_WithModel : MethodFinish
INFO  2021-08-17 12:48:40,070 MasterTemplateService::? - GetList_Active_WithModel : MethodStart
INFO  2021-08-17 12:48:41,433 MasterTemplateService::? - GetList_Active_WithModel : MethodFinish
INFO  2021-08-17 13:52:01,469 MasterTemplateService::? - GetList_Active_WithModel : MethodStart
INFO  2021-08-17 13:52:02,908 MasterTemplateService::? - GetList_Active_WithModel : MethodFinish
INFO  2021-08-17 13:52:20,910 MasterTemplateService::? - GetList_Active_WithModel : MethodStart
INFO  2021-08-17 13:52:21,043 MasterTemplateService::? - GetList_Active_WithModel : MethodFinish
INFO  2021-08-17 13:52:40,702 MasterTemplateService::? - GetList_Active_WithModel : MethodStart
INFO  2021-08-17 13:52:40,891 MasterTemplateService::? - GetList_Active_WithModel : MethodFinish
INFO  2021-08-17 13:57:38,186 SpecimenService::? - GetList_Mapping_Active_WithModel : MethodStart
INFO  2021-08-17 13:57:39,552 SpecimenService::? - GetList_Mapping_Active_WithModel : MethodFinish
INFO  2021-08-17 16:14:00,984 MasterTemplateService::? - GetList_Active_WithModel : MethodStart
INFO  2021-08-17 16:14:02,671 MasterTemplateService::? - GetList_Active_WithModel : MethodFinish
INFO  2021-08-17 16:14:16,725 MasterTemplateService::? - GetList_Active_WithModel : MethodStart
INFO  2021-08-17 16:14:16,847 MasterTemplateService::? - GetList_Active_WithModel : MethodFinish
INFO  2021-08-17 16:14:32,130 MasterTemplateService::? - GetList_Active_WithModel : MethodStart
INFO  2021-08-17 16:14:32,275 MasterTemplateService::? - GetList_Active_WithModel : MethodFinish
INFO  2021-08-17 22:03:18,057 SpecimenService::? - GetList_Active_WithModel : MethodStart
INFO  2021-08-17 22:03:19,296 SpecimenService::? - GetList_Active_WithModel : MethodFinish
