INFO  2021-08-09 13:11:46,187 MasterTemplateService::? - GetListWithModel : MethodStart
INFO  2021-08-09 13:11:47,246 MasterTemplateService::? - GetListWithModel : MethodFinish
INFO  2021-08-09 13:25:24,357 SpecimenService::? - GetList_Mapping_Active_WithModel : MethodStart
INFO  2021-08-09 13:25:24,399 SpecimenService::? - GetList_Mapping_Active_WithModel : MethodFinish
INFO  2021-08-09 13:39:37,153 SpecimenService::? - GetList_Mapping_Active_WithModel : MethodStart
INFO  2021-08-09 13:39:38,057 SpecimenService::? - GetList_Mapping_Active_WithModel : MethodFinish
INFO  2021-08-09 13:42:59,828 MasterTemplateService::? - GetList_Active_WithModel : MethodStart
INFO  2021-08-09 13:42:59,878 MasterTemplateService::? - GetList_Active_WithModel : MethodFinish
INFO  2021-08-09 13:43:00,364 WHONETColumnService::? - GetList_Active_WithModel : MethodStart
INFO  2021-08-09 13:43:00,420 WHONETColumnService::? - GetList_Active_WithModel : MethodFinish
INFO  2021-08-09 13:43:04,404 SpecimenService::? - GetList_Mapping_Active_WithModel : MethodStart
INFO  2021-08-09 13:43:04,414 SpecimenService::? - GetList_Mapping_Active_WithModel : MethodFinish
INFO  2021-08-09 13:43:05,743 MasterTemplateService::? - GetList_Active_WithModel : MethodStart
INFO  2021-08-09 13:43:05,749 MasterTemplateService::? - GetList_Active_WithModel : MethodFinish
INFO  2021-08-09 13:43:05,913 WHONETColumnService::? - GetList_Active_WithModel : MethodStart
INFO  2021-08-09 13:43:05,919 WHONETColumnService::? - GetList_Active_WithModel : MethodFinish
INFO  2021-08-09 13:43:08,973 SpecimenService::? - GetList_Mapping_Active_WithModel : MethodStart
INFO  2021-08-09 13:43:08,978 SpecimenService::? - GetList_Mapping_Active_WithModel : MethodFinish
INFO  2021-08-09 13:43:10,691 MasterTemplateService::? - GetList_Active_WithModel : MethodStart
INFO  2021-08-09 13:43:10,694 MasterTemplateService::? - GetList_Active_WithModel : MethodFinish
INFO  2021-08-09 13:43:10,838 WHONETColumnService::? - GetList_Active_WithModel : MethodStart
INFO  2021-08-09 13:43:10,842 WHONETColumnService::? - GetList_Active_WithModel : MethodFinish
INFO  2021-08-09 13:43:14,154 SpecimenService::? - GetList_Mapping_Active_WithModel : MethodStart
INFO  2021-08-09 13:43:14,165 SpecimenService::? - GetList_Mapping_Active_WithModel : MethodFinish
INFO  2021-08-09 13:43:17,831 MasterTemplateService::? - GetList_Active_WithModel : MethodStart
INFO  2021-08-09 13:43:17,836 MasterTemplateService::? - GetList_Active_WithModel : MethodFinish
INFO  2021-08-09 13:43:18,011 WHONETColumnService::? - GetList_Active_WithModel : MethodStart
INFO  2021-08-09 13:43:18,017 WHONETColumnService::? - GetList_Active_WithModel : MethodFinish
INFO  2021-08-09 13:43:22,765 SpecimenService::? - GetList_Mapping_Active_WithModel : MethodStart
INFO  2021-08-09 13:43:22,773 SpecimenService::? - GetList_Mapping_Active_WithModel : MethodFinish
INFO  2021-08-09 13:43:26,012 MasterTemplateService::? - GetList_Active_WithModel : MethodStart
INFO  2021-08-09 13:43:26,016 MasterTemplateService::? - GetList_Active_WithModel : MethodFinish
INFO  2021-08-09 13:43:26,234 WHONETColumnService::? - GetList_Active_WithModel : MethodStart
INFO  2021-08-09 13:43:26,238 WHONETColumnService::? - GetList_Active_WithModel : MethodFinish
INFO  2021-08-09 13:46:56,929 SpecimenService::? - GetList_Mapping_Active_WithModel : MethodStart
INFO  2021-08-09 13:46:56,976 SpecimenService::? - GetList_Mapping_Active_WithModel : MethodFinish
INFO  2021-08-09 13:48:04,352 OrganismService::? - GetList_Active_WithModel : MethodStart
INFO  2021-08-09 13:48:05,573 OrganismService::? - GetList_Active_WithModel : MethodFinish
INFO  2021-08-09 14:43:20,107 SpecimenService::? - GetList_Mapping_Active_WithModel : MethodStart
INFO  2021-08-09 14:43:21,030 SpecimenService::? - GetList_Mapping_Active_WithModel : MethodFinish
INFO  2021-08-09 14:52:21,224 SpecimenService::? - GetList_Mapping_Active_WithModel : MethodStart
INFO  2021-08-09 14:52:21,224 MasterTemplateService::? - GetList_Active_WithModel : MethodStart
INFO  2021-08-09 14:52:22,251 SpecimenService::? - GetList_Mapping_Active_WithModel : MethodFinish
INFO  2021-08-09 14:52:22,251 MasterTemplateService::? - GetList_Active_WithModel : MethodFinish
INFO  2021-08-09 14:52:26,915 SpecimenService::? - GetList_Mapping_Active_WithModel : MethodStart
INFO  2021-08-09 14:52:26,952 SpecimenService::? - GetList_Mapping_Active_WithModel : MethodFinish
INFO  2021-08-09 14:52:28,600 SpecimenService::? - GetList_Mapping_Active_WithModel : MethodStart
INFO  2021-08-09 14:52:28,611 SpecimenService::? - GetList_Mapping_Active_WithModel : MethodFinish
INFO  2021-08-09 14:52:30,831 MasterTemplateService::? - GetList_Active_WithModel : MethodStart
INFO  2021-08-09 14:52:30,836 MasterTemplateService::? - GetList_Active_WithModel : MethodFinish
INFO  2021-08-09 14:52:31,184 WHONETColumnService::? - GetList_Active_WithModel : MethodStart
INFO  2021-08-09 14:52:31,208 WHONETColumnService::? - GetList_Active_WithModel : MethodFinish
INFO  2021-08-09 14:52:36,007 SpecimenService::? - GetList_Mapping_Active_WithModel : MethodStart
INFO  2021-08-09 14:52:36,012 SpecimenService::? - GetList_Mapping_Active_WithModel : MethodFinish
