INFO  2021-08-31 17:25:58,845 SpecimenService::? - GetList_Mapping_Active_WithModel : MethodStart
INFO  2021-08-31 17:26:00,293 SpecimenService::? - GetList_Mapping_Active_WithModel : MethodFinish
INFO  2021-08-31 17:26:06,088 MasterTemplateService::? - GetList_Active_WithModel : MethodStart
INFO  2021-08-31 17:26:06,258 MasterTemplateService::? - GetList_Active_WithModel : MethodFinish
INFO  2021-08-31 17:26:08,212 SpecimenService::? - GetList_Mapping_Active_WithModel : MethodStart
INFO  2021-08-31 17:26:08,352 SpecimenService::? - GetList_Mapping_Active_WithModel : MethodFinish
INFO  2021-08-31 17:26:17,545 MasterTemplateService::? - GetList_Active_WithModel : MethodStart
INFO  2021-08-31 17:26:17,649 MasterTemplateService::? - GetList_Active_WithModel : MethodFinish
INFO  2021-08-31 17:26:19,241 WHONETColumnService::? - GetList_Active_WithModel : MethodStart
INFO  2021-08-31 17:26:19,380 WHONETColumnService::? - GetList_Active_WithModel : MethodFinish
INFO  2021-08-31 17:26:46,689 SpecimenService::? - GetList_Active_WithModel : MethodStart
INFO  2021-08-31 17:26:46,800 SpecimenService::? - GetList_Active_WithModel : MethodFinish
INFO  2021-08-31 17:45:14,514 SpecimenService::? - GetList_Active_WithModel : MethodStart
INFO  2021-08-31 17:45:15,797 SpecimenService::? - GetList_Active_WithModel : MethodFinish
INFO  2021-08-31 18:02:34,872 SpecimenService::? - GetList_Mapping_Active_WithModel : MethodStart
INFO  2021-08-31 18:02:36,134 SpecimenService::? - GetList_Mapping_Active_WithModel : MethodFinish
INFO  2021-08-31 21:53:43,940 SpecimenService::? - GetList_Mapping_Active_WithModel : MethodStart
INFO  2021-08-31 21:53:46,689 SpecimenService::? - GetList_Mapping_Active_WithModel : MethodFinish
INFO  2021-08-31 22:08:29,082 SpecimenService::? - GetList_Mapping_Active_WithModel : MethodStart
INFO  2021-08-31 22:08:32,076 SpecimenService::? - GetList_Mapping_Active_WithModel : MethodFinish
INFO  2021-08-31 22:09:25,622 MasterTemplateService::? - GetList_Active_WithModel : MethodStart
INFO  2021-08-31 22:09:25,870 MasterTemplateService::? - GetList_Active_WithModel : MethodFinish
INFO  2021-08-31 22:09:27,465 WHONETColumnService::? - GetList_Active_WithModel : MethodStart
INFO  2021-08-31 22:09:27,749 WHONETColumnService::? - GetList_Active_WithModel : MethodFinish
INFO  2021-08-31 22:11:52,252 MasterTemplateService::? - GetList_Active_WithModel : MethodStart
INFO  2021-08-31 22:11:52,373 MasterTemplateService::? - GetList_Active_WithModel : MethodFinish
INFO  2021-08-31 22:11:53,424 WHONETColumnService::? - GetList_Active_WithModel : MethodStart
INFO  2021-08-31 22:11:53,567 WHONETColumnService::? - GetList_Active_WithModel : MethodFinish
INFO  2021-08-31 22:17:59,791 MasterTemplateService::? - GetListWithModel : MethodStart
INFO  2021-08-31 22:17:59,927 MasterTemplateService::? - GetListWithModel : MethodFinish
INFO  2021-08-31 22:18:03,906 MasterTemplateService::? - GetList_Active_WithModel : MethodStart
INFO  2021-08-31 22:18:04,028 MasterTemplateService::? - GetList_Active_WithModel : MethodFinish
INFO  2021-08-31 22:18:05,116 WHONETColumnService::? - GetList_Active_WithModel : MethodStart
INFO  2021-08-31 22:18:05,233 WHONETColumnService::? - GetList_Active_WithModel : MethodFinish
INFO  2021-08-31 22:18:06,722 MasterTemplateService::? - GetListWithModel : MethodStart
INFO  2021-08-31 22:18:06,840 MasterTemplateService::? - GetListWithModel : MethodFinish
INFO  2021-08-31 22:18:09,221 MasterTemplateService::? - GetList_Active_WithModel : MethodStart
INFO  2021-08-31 22:18:09,341 MasterTemplateService::? - GetList_Active_WithModel : MethodFinish
INFO  2021-08-31 22:18:10,280 WHONETColumnService::? - GetList_Active_WithModel : MethodStart
INFO  2021-08-31 22:18:10,415 WHONETColumnService::? - GetList_Active_WithModel : MethodFinish
INFO  2021-08-31 22:21:25,792 MasterTemplateService::? - GetList_Active_WithModel : MethodStart
INFO  2021-08-31 22:21:25,925 MasterTemplateService::? - GetList_Active_WithModel : MethodFinish
INFO  2021-08-31 22:31:10,301 MasterTemplateService::? - GetList_Active_WithModel : MethodStart
INFO  2021-08-31 22:31:12,167 MasterTemplateService::? - GetList_Active_WithModel : MethodFinish
INFO  2021-08-31 22:31:35,341 WHONETColumnService::? - GetList_Active_WithModel : MethodStart
INFO  2021-08-31 22:31:35,520 WHONETColumnService::? - GetList_Active_WithModel : MethodFinish
INFO  2021-08-31 22:36:31,150 SpecimenService::? - GetList_Active_WithModel : MethodStart
INFO  2021-08-31 22:36:31,391 SpecimenService::? - GetList_Active_WithModel : MethodFinish
