INFO  2021-10-01 09:05:14,201 MasterTemplateService::? - GetList_Active_WithModel : MethodStart
INFO  2021-10-01 09:05:16,849 MasterTemplateService::? - GetList_Active_WithModel : MethodFinish
INFO  2021-10-01 09:05:26,612 WHONETColumnService::? - GetList_Active_WithModel : MethodStart
INFO  2021-10-01 09:05:26,875 WHONETColumnService::? - GetList_Active_WithModel : MethodFinish
INFO  2021-10-01 09:16:30,292 MasterTemplateService::? - GetList_Active_WithModel : MethodStart
INFO  2021-10-01 09:16:30,614 MasterTemplateService::? - GetList_Active_WithModel : MethodFinish
INFO  2021-10-01 14:10:04,627 MasterTemplateService::? - GetListWithModel : MethodStart
INFO  2021-10-01 14:10:05,942 MasterTemplateService::? - GetListWithModel : MethodFinish
INFO  2021-10-01 15:01:01,598 MasterTemplateService::? - GetList_Active_WithModel : MethodStart
INFO  2021-10-01 15:01:02,898 MasterTemplateService::? - GetList_Active_WithModel : MethodFinish
INFO  2021-10-01 15:01:07,917 WHONETColumnService::? - GetList_Active_WithModel : MethodStart
INFO  2021-10-01 15:01:08,070 WHONETColumnService::? - GetList_Active_WithModel : MethodFinish
INFO  2021-10-01 15:08:20,901 MasterTemplateService::? - GetList_Active_WithModel : MethodStart
INFO  2021-10-01 15:08:21,270 MasterTemplateService::? - GetList_Active_WithModel : MethodFinish
INFO  2021-10-01 15:08:22,428 WHONETColumnService::? - GetList_Active_WithModel : MethodStart
INFO  2021-10-01 15:08:22,555 WHONETColumnService::? - GetList_Active_WithModel : MethodFinish
INFO  2021-10-01 15:09:55,988 MasterTemplateService::? - GetList_Active_WithModel : MethodStart
INFO  2021-10-01 15:09:56,103 MasterTemplateService::? - GetList_Active_WithModel : MethodFinish
INFO  2021-10-01 15:09:56,939 WHONETColumnService::? - GetList_Active_WithModel : MethodStart
INFO  2021-10-01 15:09:57,067 WHONETColumnService::? - GetList_Active_WithModel : MethodFinish
INFO  2021-10-01 15:24:22,630 MasterTemplateService::? - GetListWithModel : MethodStart
INFO  2021-10-01 15:24:22,886 MasterTemplateService::? - GetListWithModel : MethodFinish
INFO  2021-10-01 15:24:24,776 MasterTemplateService::? - GetData : MethodStart
INFO  2021-10-01 15:24:24,921 MasterTemplateService::? - GetData : MethodFinish
INFO  2021-10-01 15:25:22,388 SpecimenService::? - GetList_Mapping_Active_WithModel : MethodStart
INFO  2021-10-01 15:25:22,544 SpecimenService::? - GetList_Mapping_Active_WithModel : MethodFinish
INFO  2021-10-01 15:25:28,486 MasterTemplateService::? - GetList_Active_WithModel : MethodStart
INFO  2021-10-01 15:25:28,592 MasterTemplateService::? - GetList_Active_WithModel : MethodFinish
INFO  2021-10-01 15:25:29,567 WHONETColumnService::? - GetList_Active_WithModel : MethodStart
INFO  2021-10-01 15:25:29,678 WHONETColumnService::? - GetList_Active_WithModel : MethodFinish
INFO  2021-10-01 15:30:36,958 SpecimenService::? - GetList_Active_WithModel : MethodStart
INFO  2021-10-01 15:30:37,218 SpecimenService::? - GetList_Active_WithModel : MethodFinish
INFO  2021-10-01 15:58:16,853 MasterTemplateService::? - GetList_Active_WithModel : MethodStart
INFO  2021-10-01 15:58:17,131 MasterTemplateService::? - GetList_Active_WithModel : MethodFinish
INFO  2021-10-01 15:58:17,207 SpecimenService::? - GetList_Active_WithModel : MethodStart
INFO  2021-10-01 15:58:17,336 SpecimenService::? - GetList_Active_WithModel : MethodFinish
INFO  2021-10-01 16:50:50,706 SpecimenService::? - GetList_Active_WithModel : MethodStart
INFO  2021-10-01 16:50:52,971 SpecimenService::? - GetList_Active_WithModel : MethodFinish
