INFO  2021-09-11 09:55:35,227 MasterTemplateService::? - GetData : MethodStart
INFO  2021-09-11 09:55:35,819 MasterTemplateService::? - GetData : MethodFinish
INFO  2021-09-11 09:55:35,910 MasterTemplateService::? - Get_ProcessExcelColumn : MethodStart
INFO  2021-09-11 09:55:36,111 MasterTemplateService::? - Get_ProcessExcelColumn : MethodFinish
INFO  2021-09-11 09:55:36,191 MasterTemplateService::? - Get_ProcessExcelRow : MethodStart
INFO  2021-09-11 09:55:36,364 MasterTemplateService::? - Get_ProcessExcelRow : MethodFinish
INFO  2021-09-11 09:55:36,517 MasterTemplateService::? - Get_ProcessExcelTemplate : MethodStart
INFO  2021-09-11 09:55:36,769 MasterTemplateService::? - Get_ProcessExcelTemplate : MethodFinish
INFO  2021-09-11 09:56:53,415 MasterTemplateService::? - GetListWithModel : MethodStart
INFO  2021-09-11 09:56:53,522 MasterTemplateService::? - GetListWithModel : MethodFinish
INFO  2021-09-11 10:03:46,167 MasterTemplateService::? - GetData : MethodStart
INFO  2021-09-11 10:03:46,451 MasterTemplateService::? - GetData : MethodFinish
INFO  2021-09-11 10:07:15,798 MasterTemplateService::? - GetListWithModel : MethodStart
INFO  2021-09-11 10:07:15,920 MasterTemplateService::? - GetListWithModel : MethodFinish
INFO  2021-09-11 10:07:23,144 MasterTemplateService::? - GetListWithModel : MethodStart
INFO  2021-09-11 10:07:23,261 MasterTemplateService::? - GetListWithModel : MethodFinish
INFO  2021-09-11 10:07:40,032 SpecimenService::? - GetList_Mapping_Active_WithModel : MethodStart
INFO  2021-09-11 10:07:40,211 SpecimenService::? - GetList_Mapping_Active_WithModel : MethodFinish
INFO  2021-09-11 10:07:45,133 MasterTemplateService::? - GetList_Active_WithModel : MethodStart
INFO  2021-09-11 10:07:45,253 MasterTemplateService::? - GetList_Active_WithModel : MethodFinish
INFO  2021-09-11 10:07:47,008 WHONETColumnService::? - GetList_Active_WithModel : MethodStart
INFO  2021-09-11 10:07:47,176 WHONETColumnService::? - GetList_Active_WithModel : MethodFinish
INFO  2021-09-11 10:07:51,460 MasterTemplateService::? - GetListWithModel : MethodStart
INFO  2021-09-11 10:07:51,574 MasterTemplateService::? - GetListWithModel : MethodFinish
INFO  2021-09-11 10:07:59,609 MasterTemplateService::? - GetData : MethodStart
INFO  2021-09-11 10:07:59,727 MasterTemplateService::? - GetData : MethodFinish
INFO  2021-09-11 12:09:21,434 MasterTemplateService::? - GetListWithModel : MethodStart
INFO  2021-09-11 12:09:21,757 MasterTemplateService::? - GetListWithModel : MethodFinish
INFO  2021-09-11 12:09:24,485 MasterTemplateService::? - GetData : MethodStart
INFO  2021-09-11 12:09:24,608 MasterTemplateService::? - GetData : MethodFinish
INFO  2021-09-11 12:21:45,420 MasterTemplateService::? - GetListWithModel : MethodStart
INFO  2021-09-11 12:21:45,707 MasterTemplateService::? - GetListWithModel : MethodFinish
INFO  2021-09-11 12:21:47,517 MasterTemplateService::? - GetData : MethodStart
INFO  2021-09-11 12:21:47,631 MasterTemplateService::? - GetData : MethodFinish
INFO  2021-09-11 14:14:21,209 MasterTemplateService::? - GetListWithModel : MethodStart
INFO  2021-09-11 14:14:22,449 MasterTemplateService::? - GetListWithModel : MethodFinish
INFO  2021-09-11 14:14:28,021 MasterTemplateService::? - GetData : MethodStart
INFO  2021-09-11 14:14:28,166 MasterTemplateService::? - GetData : MethodFinish
INFO  2021-09-11 14:15:05,830 MasterTemplateService::? - GetData : MethodStart
INFO  2021-09-11 14:15:05,982 MasterTemplateService::? - GetData : MethodFinish
INFO  2021-09-11 14:16:50,884 MasterTemplateService::? - GetData : MethodStart
INFO  2021-09-11 14:16:50,990 MasterTemplateService::? - GetData : MethodFinish
INFO  2021-09-11 14:17:47,072 MasterTemplateService::? - GetData : MethodStart
INFO  2021-09-11 14:17:47,180 MasterTemplateService::? - GetData : MethodFinish
INFO  2021-09-11 14:29:05,680 MasterTemplateService::? - GetListWithModel : MethodStart
INFO  2021-09-11 14:29:06,937 MasterTemplateService::? - GetListWithModel : MethodFinish
INFO  2021-09-11 14:29:11,343 MasterTemplateService::? - GetData : MethodStart
INFO  2021-09-11 14:29:11,497 MasterTemplateService::? - GetData : MethodFinish
INFO  2021-09-11 14:29:14,612 MasterTemplateService::? - GetListWithModel : MethodStart
INFO  2021-09-11 14:29:14,759 MasterTemplateService::? - GetListWithModel : MethodFinish
INFO  2021-09-11 14:29:16,118 MasterTemplateService::? - GetData : MethodStart
INFO  2021-09-11 14:29:16,251 MasterTemplateService::? - GetData : MethodFinish
INFO  2021-09-11 14:34:55,267 SpecimenService::? - GetList_Mapping_Active_WithModel : MethodStart
INFO  2021-09-11 14:34:55,431 SpecimenService::? - GetList_Mapping_Active_WithModel : MethodFinish
INFO  2021-09-11 14:34:59,470 MasterTemplateService::? - GetList_Active_WithModel : MethodStart
INFO  2021-09-11 14:34:59,597 MasterTemplateService::? - GetList_Active_WithModel : MethodFinish
INFO  2021-09-11 14:35:00,588 WHONETColumnService::? - GetList_Active_WithModel : MethodStart
INFO  2021-09-11 14:35:00,721 WHONETColumnService::? - GetList_Active_WithModel : MethodFinish
INFO  2021-09-11 14:36:06,029 MasterTemplateService::? - GetListWithModel : MethodStart
INFO  2021-09-11 14:36:06,143 MasterTemplateService::? - GetListWithModel : MethodFinish
INFO  2021-09-11 14:36:07,340 MasterTemplateService::? - GetData : MethodStart
INFO  2021-09-11 14:36:07,457 MasterTemplateService::? - GetData : MethodFinish
INFO  2021-09-11 14:54:47,512 MasterTemplateService::? - GetListWithModel : MethodStart
INFO  2021-09-11 14:54:48,762 MasterTemplateService::? - GetListWithModel : MethodFinish
INFO  2021-09-11 14:54:58,623 MasterTemplateService::? - GetData : MethodStart
INFO  2021-09-11 14:54:58,775 MasterTemplateService::? - GetData : MethodFinish
INFO  2021-09-11 14:56:29,452 MasterTemplateService::? - GetListWithModel : MethodStart
INFO  2021-09-11 14:56:29,607 MasterTemplateService::? - GetListWithModel : MethodFinish
INFO  2021-09-11 15:39:24,052 MasterTemplateService::? - GetListWithModel : MethodStart
INFO  2021-09-11 15:39:25,347 MasterTemplateService::? - GetListWithModel : MethodFinish
INFO  2021-09-11 15:40:02,358 MasterTemplateService::? - GetData : MethodStart
INFO  2021-09-11 15:40:02,503 MasterTemplateService::? - GetData : MethodFinish
INFO  2021-09-11 15:40:03,357 MasterTemplateService::? - Get_ProcessExcelRow : MethodStart
INFO  2021-09-11 15:40:03,545 MasterTemplateService::? - Get_ProcessExcelRow : MethodFinish
INFO  2021-09-11 16:05:36,242 MasterTemplateService::? - GetListWithModel : MethodStart
INFO  2021-09-11 16:05:37,485 MasterTemplateService::? - GetListWithModel : MethodFinish
INFO  2021-09-11 16:05:59,051 MasterTemplateService::? - GetData : MethodStart
INFO  2021-09-11 16:05:59,203 MasterTemplateService::? - GetData : MethodFinish
INFO  2021-09-11 16:06:00,051 MasterTemplateService::? - Get_ProcessExcelRow : MethodStart
INFO  2021-09-11 16:06:00,242 MasterTemplateService::? - Get_ProcessExcelRow : MethodFinish
INFO  2021-09-11 16:06:00,298 OrganismService::? - GetListWithModel : MethodStart
INFO  2021-09-11 16:06:00,647 OrganismService::? - GetListWithModel : MethodFinish
INFO  2021-09-11 16:06:28,715 MasterTemplateService::? - GetListWithModel : MethodStart
INFO  2021-09-11 16:06:28,831 MasterTemplateService::? - GetListWithModel : MethodFinish
INFO  2021-09-11 16:06:31,744 MasterTemplateService::? - GetData : MethodStart
INFO  2021-09-11 16:06:31,855 MasterTemplateService::? - GetData : MethodFinish
INFO  2021-09-11 16:06:32,282 MasterTemplateService::? - Get_ProcessExcelRow : MethodStart
INFO  2021-09-11 16:06:32,411 MasterTemplateService::? - Get_ProcessExcelRow : MethodFinish
INFO  2021-09-11 16:06:32,441 OrganismService::? - GetListWithModel : MethodStart
INFO  2021-09-11 16:06:32,699 OrganismService::? - GetListWithModel : MethodFinish
INFO  2021-09-11 16:06:44,088 MasterTemplateService::? - GetListWithModel : MethodStart
INFO  2021-09-11 16:06:44,200 MasterTemplateService::? - GetListWithModel : MethodFinish
INFO  2021-09-11 16:06:45,627 MasterTemplateService::? - GetData : MethodStart
INFO  2021-09-11 16:06:45,739 MasterTemplateService::? - GetData : MethodFinish
INFO  2021-09-11 16:06:46,202 MasterTemplateService::? - Get_ProcessExcelRow : MethodStart
INFO  2021-09-11 16:06:46,325 MasterTemplateService::? - Get_ProcessExcelRow : MethodFinish
INFO  2021-09-11 16:06:46,382 OrganismService::? - GetListWithModel : MethodStart
INFO  2021-09-11 16:06:46,612 OrganismService::? - GetListWithModel : MethodFinish
INFO  2021-09-11 16:13:44,090 MasterTemplateService::? - GetListWithModel : MethodStart
INFO  2021-09-11 16:13:45,437 MasterTemplateService::? - GetListWithModel : MethodFinish
INFO  2021-09-11 16:13:48,294 MasterTemplateService::? - GetData : MethodStart
INFO  2021-09-11 16:13:48,454 MasterTemplateService::? - GetData : MethodFinish
INFO  2021-09-11 16:13:48,521 WardTypeService::? - GetListWithModel : MethodStart
INFO  2021-09-11 16:13:48,700 WardTypeService::? - GetListWithModel : MethodFinish
INFO  2021-09-11 16:13:48,744 SpecimenService::? - GetListWithModel : MethodStart
INFO  2021-09-11 16:13:48,966 SpecimenService::? - GetListWithModel : MethodFinish
INFO  2021-09-11 16:13:49,079 AntibioticService::? - GetListWithModel : MethodStart
INFO  2021-09-11 16:13:49,354 AntibioticService::? - GetListWithModel : MethodFinish
INFO  2021-09-11 16:13:49,525 OrganismService::? - GetListWithModel : MethodStart
INFO  2021-09-11 16:13:49,860 OrganismService::? - GetListWithModel : MethodFinish
INFO  2021-09-11 16:13:49,954 QCRangeService::? - GetListWithModel : MethodStart
INFO  2021-09-11 16:13:50,635 QCRangeService::? - GetListWithModel : MethodFinish
INFO  2021-09-11 16:13:50,817 ExpertRuleService::? - GetListWithModel : MethodStart
INFO  2021-09-11 16:13:50,995 ExpertRuleService::? - GetListWithModel : MethodFinish
INFO  2021-09-11 16:13:51,058 WHONETColumnService::? - GetListWithModel : MethodStart
INFO  2021-09-11 16:13:51,206 WHONETColumnService::? - GetListWithModel : MethodFinish
INFO  2021-09-11 16:14:14,011 MasterTemplateService::? - GetListWithModel : MethodStart
INFO  2021-09-11 16:14:14,117 MasterTemplateService::? - GetListWithModel : MethodFinish
INFO  2021-09-11 16:14:15,453 MasterTemplateService::? - GetData : MethodStart
INFO  2021-09-11 16:14:15,565 MasterTemplateService::? - GetData : MethodFinish
INFO  2021-09-11 16:14:16,283 MasterTemplateService::? - Get_ProcessExcelRow : MethodStart
INFO  2021-09-11 16:14:16,428 MasterTemplateService::? - Get_ProcessExcelRow : MethodFinish
INFO  2021-09-11 16:14:16,454 OrganismService::? - GetListWithModel : MethodStart
INFO  2021-09-11 16:14:16,652 OrganismService::? - GetListWithModel : MethodFinish
INFO  2021-09-11 16:17:38,648 MasterTemplateService::? - GetListWithModel : MethodStart
INFO  2021-09-11 16:17:40,230 MasterTemplateService::? - GetListWithModel : MethodFinish
INFO  2021-09-11 16:17:56,725 MasterTemplateService::? - GetData : MethodStart
INFO  2021-09-11 16:17:56,923 MasterTemplateService::? - GetData : MethodFinish
INFO  2021-09-11 16:17:57,785 MasterTemplateService::? - Get_ProcessExcelRow : MethodStart
INFO  2021-09-11 16:17:57,974 MasterTemplateService::? - Get_ProcessExcelRow : MethodFinish
INFO  2021-09-11 16:17:58,033 OrganismService::? - GetListWithModel : MethodStart
INFO  2021-09-11 16:17:58,350 OrganismService::? - GetListWithModel : MethodFinish
INFO  2021-09-11 16:26:12,119 MasterTemplateService::? - GetListWithModel : MethodStart
INFO  2021-09-11 16:26:13,327 MasterTemplateService::? - GetListWithModel : MethodFinish
INFO  2021-09-11 16:26:16,385 MasterTemplateService::? - GetData : MethodStart
INFO  2021-09-11 16:26:16,530 MasterTemplateService::? - GetData : MethodFinish
INFO  2021-09-11 16:26:17,207 MasterTemplateService::? - Get_ProcessExcelRow : MethodStart
INFO  2021-09-11 16:26:17,441 MasterTemplateService::? - Get_ProcessExcelRow : MethodFinish
INFO  2021-09-11 16:26:17,506 OrganismService::? - GetListWithModel : MethodStart
INFO  2021-09-11 16:26:17,813 OrganismService::? - GetListWithModel : MethodFinish
INFO  2021-09-11 16:34:51,221 MasterTemplateService::? - GetListWithModel : MethodStart
INFO  2021-09-11 16:34:51,485 MasterTemplateService::? - GetListWithModel : MethodFinish
INFO  2021-09-11 16:35:00,061 MasterTemplateService::? - GetListWithModel : MethodStart
INFO  2021-09-11 16:35:00,169 MasterTemplateService::? - GetListWithModel : MethodFinish
INFO  2021-09-11 16:35:07,147 MasterTemplateService::? - GetListWithModel : MethodStart
INFO  2021-09-11 16:35:07,265 MasterTemplateService::? - GetListWithModel : MethodFinish
INFO  2021-09-11 16:36:00,685 MasterTemplateService::? - GetData : MethodStart
INFO  2021-09-11 16:36:00,795 MasterTemplateService::? - GetData : MethodFinish
INFO  2021-09-11 16:36:00,885 WardTypeService::? - GetListWithModel : MethodStart
INFO  2021-09-11 16:36:01,011 WardTypeService::? - GetListWithModel : MethodFinish
INFO  2021-09-11 16:36:01,059 SpecimenService::? - GetListWithModel : MethodStart
INFO  2021-09-11 16:36:01,297 SpecimenService::? - GetListWithModel : MethodFinish
INFO  2021-09-11 16:36:01,405 AntibioticService::? - GetListWithModel : MethodStart
INFO  2021-09-11 16:36:01,645 AntibioticService::? - GetListWithModel : MethodFinish
INFO  2021-09-11 16:36:01,826 OrganismService::? - GetListWithModel : MethodStart
INFO  2021-09-11 16:36:02,068 OrganismService::? - GetListWithModel : MethodFinish
INFO  2021-09-11 16:36:02,141 QCRangeService::? - GetListWithModel : MethodStart
INFO  2021-09-11 16:36:03,076 QCRangeService::? - GetListWithModel : MethodFinish
INFO  2021-09-11 16:36:03,284 ExpertRuleService::? - GetListWithModel : MethodStart
INFO  2021-09-11 16:36:03,530 ExpertRuleService::? - GetListWithModel : MethodFinish
INFO  2021-09-11 16:36:03,605 WHONETColumnService::? - GetListWithModel : MethodStart
INFO  2021-09-11 16:36:03,733 WHONETColumnService::? - GetListWithModel : MethodFinish
INFO  2021-09-11 16:38:47,141 MasterTemplateService::? - GetListWithModel : MethodStart
INFO  2021-09-11 16:38:48,399 MasterTemplateService::? - GetListWithModel : MethodFinish
INFO  2021-09-11 16:43:49,849 MasterTemplateService::? - GetListWithModel : MethodStart
INFO  2021-09-11 16:43:49,965 MasterTemplateService::? - GetListWithModel : MethodFinish
INFO  2021-09-11 16:47:04,029 MasterTemplateService::? - GetData : MethodStart
INFO  2021-09-11 16:47:04,200 MasterTemplateService::? - GetData : MethodFinish
INFO  2021-09-11 16:47:05,028 MasterTemplateService::? - Get_ProcessExcelRow : MethodStart
INFO  2021-09-11 16:47:05,178 MasterTemplateService::? - Get_ProcessExcelRow : MethodFinish
INFO  2021-09-11 16:47:05,244 OrganismService::? - GetListWithModel : MethodStart
INFO  2021-09-11 16:47:05,593 OrganismService::? - GetListWithModel : MethodFinish
INFO  2021-09-11 16:47:09,465 MasterTemplateService::? - GetListWithModel : MethodStart
INFO  2021-09-11 16:47:09,571 MasterTemplateService::? - GetListWithModel : MethodFinish
INFO  2021-09-11 16:48:23,778 MasterTemplateService::? - SaveCopyData : MethodStart
INFO  2021-09-11 16:48:24,462 MasterTemplateService::? - SaveCopyData : MethodFinish
INFO  2021-09-11 16:48:26,335 MasterTemplateService::? - GetData : MethodStart
INFO  2021-09-11 16:48:26,449 MasterTemplateService::? - GetData : MethodFinish
INFO  2021-09-11 16:48:26,525 WardTypeService::? - GetListWithModel : MethodStart
INFO  2021-09-11 16:48:26,658 WardTypeService::? - GetListWithModel : MethodFinish
INFO  2021-09-11 16:48:26,708 SpecimenService::? - GetListWithModel : MethodStart
INFO  2021-09-11 16:48:26,919 SpecimenService::? - GetListWithModel : MethodFinish
INFO  2021-09-11 16:48:27,025 AntibioticService::? - GetListWithModel : MethodStart
INFO  2021-09-11 16:48:27,248 AntibioticService::? - GetListWithModel : MethodFinish
INFO  2021-09-11 16:48:27,404 OrganismService::? - GetListWithModel : MethodStart
INFO  2021-09-11 16:48:27,584 OrganismService::? - GetListWithModel : MethodFinish
INFO  2021-09-11 16:48:27,674 QCRangeService::? - GetListWithModel : MethodStart
INFO  2021-09-11 16:48:28,783 QCRangeService::? - GetListWithModel : MethodFinish
INFO  2021-09-11 16:48:28,988 ExpertRuleService::? - GetListWithModel : MethodStart
INFO  2021-09-11 16:48:29,139 ExpertRuleService::? - GetListWithModel : MethodFinish
INFO  2021-09-11 16:48:29,191 WHONETColumnService::? - GetListWithModel : MethodStart
INFO  2021-09-11 16:48:29,343 WHONETColumnService::? - GetListWithModel : MethodFinish
INFO  2021-09-11 16:48:34,877 MasterTemplateService::? - GetListWithModel : MethodStart
INFO  2021-09-11 16:48:34,983 MasterTemplateService::? - GetListWithModel : MethodFinish
INFO  2021-09-11 16:48:58,969 MasterTemplateService::? - GetListWithModel : MethodStart
INFO  2021-09-11 16:48:59,071 MasterTemplateService::? - GetListWithModel : MethodFinish
INFO  2021-09-11 16:49:07,792 MasterTemplateService::? - GetListWithModel : MethodStart
INFO  2021-09-11 16:49:07,899 MasterTemplateService::? - GetListWithModel : MethodFinish
