INFO  2022-06-15 10:11:00,470 SpecimenService::? - GetList_Mapping_Active_WithModel : MethodStart
INFO  2022-06-15 10:11:04,379 SpecimenService::? - GetList_Mapping_Active_WithModel : MethodFinish
INFO  2022-06-15 10:12:01,669 MasterTemplateService::? - GetList_Active_WithModel : MethodStart
INFO  2022-06-15 10:12:01,886 MasterTemplateService::? - GetList_Active_WithModel : MethodFinish
INFO  2022-06-15 10:12:04,012 WHONETColumnService::? - GetList_Active_WithModel : MethodStart
INFO  2022-06-15 10:12:04,263 WHONETColumnService::? - GetList_Active_WithModel : MethodFinish
INFO  2022-06-15 10:16:58,147 SpecimenService::? - GetList_Mapping_Active_WithModel : MethodStart
INFO  2022-06-15 10:16:58,275 SpecimenService::? - GetList_Mapping_Active_WithModel : MethodFinish
INFO  2022-06-15 10:22:34,909 MasterTemplateService::? - GetList_Active_WithModel : MethodStart
INFO  2022-06-15 10:22:35,174 MasterTemplateService::? - GetList_Active_WithModel : MethodFinish
INFO  2022-06-15 10:22:36,427 WHONETColumnService::? - GetList_Active_WithModel : MethodStart
INFO  2022-06-15 10:22:36,558 WHONETColumnService::? - GetList_Active_WithModel : MethodFinish
INFO  2022-06-15 10:23:29,329 MasterTemplateService::? - GetList_Active_WithModel : MethodStart
INFO  2022-06-15 10:23:29,448 MasterTemplateService::? - GetList_Active_WithModel : MethodFinish
INFO  2022-06-15 10:24:50,069 SpecimenService::? - GetList_Mapping_Active_WithModel : MethodStart
INFO  2022-06-15 10:24:50,215 SpecimenService::? - GetList_Mapping_Active_WithModel : MethodFinish
INFO  2022-06-15 10:25:09,260 MasterTemplateService::? - GetList_Active_WithModel : MethodStart
INFO  2022-06-15 10:25:09,514 MasterTemplateService::? - GetList_Active_WithModel : MethodFinish
INFO  2022-06-15 10:25:10,638 WHONETColumnService::? - GetList_Active_WithModel : MethodStart
INFO  2022-06-15 10:25:10,836 WHONETColumnService::? - GetList_Active_WithModel : MethodFinish
INFO  2022-06-15 10:25:19,970 MasterTemplateService::? - GetList_Active_WithModel : MethodStart
INFO  2022-06-15 10:25:20,083 MasterTemplateService::? - GetList_Active_WithModel : MethodFinish
INFO  2022-06-15 10:25:21,367 WHONETColumnService::? - GetList_Active_WithModel : MethodStart
INFO  2022-06-15 10:25:21,500 WHONETColumnService::? - GetList_Active_WithModel : MethodFinish
INFO  2022-06-15 10:25:30,607 MasterTemplateService::? - GetList_Active_WithModel : MethodStart
INFO  2022-06-15 10:25:30,723 MasterTemplateService::? - GetList_Active_WithModel : MethodFinish
INFO  2022-06-15 10:25:31,637 WHONETColumnService::? - GetList_Active_WithModel : MethodStart
INFO  2022-06-15 10:25:31,747 WHONETColumnService::? - GetList_Active_WithModel : MethodFinish
INFO  2022-06-15 10:26:05,624 MasterTemplateService::? - GetList_Active_WithModel : MethodStart
INFO  2022-06-15 10:26:05,735 MasterTemplateService::? - GetList_Active_WithModel : MethodFinish
INFO  2022-06-15 10:26:06,794 WHONETColumnService::? - GetList_Active_WithModel : MethodStart
INFO  2022-06-15 10:26:06,914 WHONETColumnService::? - GetList_Active_WithModel : MethodFinish
INFO  2022-06-15 10:26:13,105 MasterTemplateService::? - GetList_Active_WithModel : MethodStart
INFO  2022-06-15 10:26:13,214 MasterTemplateService::? - GetList_Active_WithModel : MethodFinish
INFO  2022-06-15 10:26:14,156 WHONETColumnService::? - GetList_Active_WithModel : MethodStart
INFO  2022-06-15 10:26:14,273 WHONETColumnService::? - GetList_Active_WithModel : MethodFinish
INFO  2022-06-15 10:26:35,335 MasterTemplateService::? - GetList_Active_WithModel : MethodStart
INFO  2022-06-15 10:26:35,451 MasterTemplateService::? - GetList_Active_WithModel : MethodFinish
INFO  2022-06-15 10:26:58,101 SpecimenService::? - GetList_Mapping_Active_WithModel : MethodStart
INFO  2022-06-15 10:26:58,209 SpecimenService::? - GetList_Mapping_Active_WithModel : MethodFinish
INFO  2022-06-15 10:27:00,084 MasterTemplateService::? - GetList_Active_WithModel : MethodStart
INFO  2022-06-15 10:27:00,187 MasterTemplateService::? - GetList_Active_WithModel : MethodFinish
INFO  2022-06-15 10:27:01,132 WHONETColumnService::? - GetList_Active_WithModel : MethodStart
INFO  2022-06-15 10:27:01,244 WHONETColumnService::? - GetList_Active_WithModel : MethodFinish
INFO  2022-06-15 10:27:35,565 MasterTemplateService::? - GetList_Active_WithModel : MethodStart
INFO  2022-06-15 10:27:35,681 MasterTemplateService::? - GetList_Active_WithModel : MethodFinish
INFO  2022-06-15 10:27:36,669 WHONETColumnService::? - GetList_Active_WithModel : MethodStart
INFO  2022-06-15 10:27:36,780 WHONETColumnService::? - GetList_Active_WithModel : MethodFinish
INFO  2022-06-15 10:27:57,969 MasterTemplateService::? - GetList_Active_WithModel : MethodStart
INFO  2022-06-15 10:27:58,076 MasterTemplateService::? - GetList_Active_WithModel : MethodFinish
INFO  2022-06-15 10:27:59,028 WHONETColumnService::? - GetList_Active_WithModel : MethodStart
INFO  2022-06-15 10:27:59,136 WHONETColumnService::? - GetList_Active_WithModel : MethodFinish
INFO  2022-06-15 10:28:31,592 MasterTemplateService::? - GetList_Active_WithModel : MethodStart
INFO  2022-06-15 10:28:32,474 MasterTemplateService::? - GetList_Active_WithModel : MethodFinish
INFO  2022-06-15 10:28:33,497 WHONETColumnService::? - GetList_Active_WithModel : MethodStart
INFO  2022-06-15 10:28:35,144 WHONETColumnService::? - GetList_Active_WithModel : MethodFinish
INFO  2022-06-15 10:29:06,902 MasterTemplateService::? - GetList_Active_WithModel : MethodStart
INFO  2022-06-15 10:29:07,013 MasterTemplateService::? - GetList_Active_WithModel : MethodFinish
INFO  2022-06-15 10:29:08,037 WHONETColumnService::? - GetList_Active_WithModel : MethodStart
INFO  2022-06-15 10:29:08,234 WHONETColumnService::? - GetList_Active_WithModel : MethodFinish
INFO  2022-06-15 10:29:13,636 MasterTemplateService::? - GetList_Active_WithModel : MethodStart
INFO  2022-06-15 10:29:13,754 MasterTemplateService::? - GetList_Active_WithModel : MethodFinish
INFO  2022-06-15 10:29:14,864 WHONETColumnService::? - GetList_Active_WithModel : MethodStart
INFO  2022-06-15 10:29:14,970 WHONETColumnService::? - GetList_Active_WithModel : MethodFinish
INFO  2022-06-15 10:29:35,916 MasterTemplateService::? - GetList_Active_WithModel : MethodStart
INFO  2022-06-15 10:29:36,034 MasterTemplateService::? - GetList_Active_WithModel : MethodFinish
