INFO  2022-01-14 15:38:56,249 MasterHospitalService::? - GetListWithModel : MethodStart
INFO  2022-01-14 15:38:59,947 MasterHospitalService::? - GetListWithModel : MethodFinish
INFO  2022-01-14 15:39:54,708 MasterHospitalService::? - GetListWithModel : MethodStart
INFO  2022-01-14 15:39:57,076 MasterHospitalService::? - GetListWithModel : MethodFinish
INFO  2022-01-14 15:41:20,522 MasterHospitalService::? - SaveData : MethodStart
INFO  2022-01-14 15:41:21,194 MasterHospitalService::? - SaveData : MethodFinish
INFO  2022-01-14 15:43:11,872 MasterHospitalService::? - GetListWithModel : MethodStart
INFO  2022-01-14 15:43:13,580 MasterHospitalService::? - GetListWithModel : MethodFinish
INFO  2022-01-14 15:55:15,964 MasterTemplateService::? - GetList_Active_WithModel : MethodStart
INFO  2022-01-14 15:55:17,401 MasterTemplateService::? - GetList_Active_WithModel : MethodFinish
INFO  2022-01-14 16:05:38,478 SpecimenService::? - GetList_Mapping_Active_WithModel : MethodStart
INFO  2022-01-14 16:05:38,796 SpecimenService::? - GetList_Mapping_Active_WithModel : MethodFinish
INFO  2022-01-14 16:05:44,728 MasterTemplateService::? - GetList_Active_WithModel : MethodStart
INFO  2022-01-14 16:05:44,875 MasterTemplateService::? - GetList_Active_WithModel : MethodFinish
INFO  2022-01-14 16:08:31,760 MasterTemplateService::? - GetList_Active_WithModel : MethodStart
INFO  2022-01-14 16:08:31,903 MasterTemplateService::? - GetList_Active_WithModel : MethodFinish
INFO  2022-01-14 16:08:33,264 WHONETColumnService::? - GetList_Active_WithModel : MethodStart
INFO  2022-01-14 16:08:33,398 WHONETColumnService::? - GetList_Active_WithModel : MethodFinish
INFO  2022-01-14 16:09:52,588 MasterTemplateService::? - GetList_Active_WithModel : MethodStart
INFO  2022-01-14 16:09:52,690 MasterTemplateService::? - GetList_Active_WithModel : MethodFinish
INFO  2022-01-14 16:09:53,563 WHONETColumnService::? - GetList_Active_WithModel : MethodStart
INFO  2022-01-14 16:09:53,666 WHONETColumnService::? - GetList_Active_WithModel : MethodFinish
INFO  2022-01-14 16:10:07,322 MasterTemplateService::? - GetList_Active_WithModel : MethodStart
INFO  2022-01-14 16:10:07,427 MasterTemplateService::? - GetList_Active_WithModel : MethodFinish
INFO  2022-01-14 16:10:08,431 WHONETColumnService::? - GetList_Active_WithModel : MethodStart
INFO  2022-01-14 16:10:08,550 WHONETColumnService::? - GetList_Active_WithModel : MethodFinish
INFO  2022-01-14 16:10:17,446 MasterTemplateService::? - GetList_Active_WithModel : MethodStart
INFO  2022-01-14 16:10:17,548 MasterTemplateService::? - GetList_Active_WithModel : MethodFinish
INFO  2022-01-14 16:10:18,494 WHONETColumnService::? - GetList_Active_WithModel : MethodStart
INFO  2022-01-14 16:10:18,639 WHONETColumnService::? - GetList_Active_WithModel : MethodFinish
INFO  2022-01-14 16:10:41,941 MasterTemplateService::? - GetList_Active_WithModel : MethodStart
INFO  2022-01-14 16:10:42,053 MasterTemplateService::? - GetList_Active_WithModel : MethodFinish
INFO  2022-01-14 16:10:43,117 WHONETColumnService::? - GetList_Active_WithModel : MethodStart
INFO  2022-01-14 16:10:43,221 WHONETColumnService::? - GetList_Active_WithModel : MethodFinish
INFO  2022-01-14 16:10:56,970 MasterTemplateService::? - GetList_Active_WithModel : MethodStart
INFO  2022-01-14 16:10:57,079 MasterTemplateService::? - GetList_Active_WithModel : MethodFinish
INFO  2022-01-14 16:10:58,063 WHONETColumnService::? - GetList_Active_WithModel : MethodStart
INFO  2022-01-14 16:10:58,168 WHONETColumnService::? - GetList_Active_WithModel : MethodFinish
INFO  2022-01-14 16:11:07,346 MasterTemplateService::? - GetList_Active_WithModel : MethodStart
INFO  2022-01-14 16:11:07,451 MasterTemplateService::? - GetList_Active_WithModel : MethodFinish
INFO  2022-01-14 16:11:08,396 WHONETColumnService::? - GetList_Active_WithModel : MethodStart
INFO  2022-01-14 16:11:08,509 WHONETColumnService::? - GetList_Active_WithModel : MethodFinish
INFO  2022-01-14 16:11:22,115 MasterTemplateService::? - GetList_Active_WithModel : MethodStart
INFO  2022-01-14 16:11:22,218 MasterTemplateService::? - GetList_Active_WithModel : MethodFinish
INFO  2022-01-14 16:11:23,082 WHONETColumnService::? - GetList_Active_WithModel : MethodStart
INFO  2022-01-14 16:11:23,188 WHONETColumnService::? - GetList_Active_WithModel : MethodFinish
INFO  2022-01-14 16:11:42,488 MasterTemplateService::? - GetList_Active_WithModel : MethodStart
INFO  2022-01-14 16:11:42,587 MasterTemplateService::? - GetList_Active_WithModel : MethodFinish
INFO  2022-01-14 16:11:43,429 WHONETColumnService::? - GetList_Active_WithModel : MethodStart
INFO  2022-01-14 16:11:43,531 WHONETColumnService::? - GetList_Active_WithModel : MethodFinish
INFO  2022-01-14 16:12:07,087 MasterTemplateService::? - GetList_Active_WithModel : MethodStart
INFO  2022-01-14 16:12:07,188 MasterTemplateService::? - GetList_Active_WithModel : MethodFinish
INFO  2022-01-14 16:12:07,895 WHONETColumnService::? - GetList_Active_WithModel : MethodStart
INFO  2022-01-14 16:12:07,998 WHONETColumnService::? - GetList_Active_WithModel : MethodFinish
INFO  2022-01-14 16:12:17,810 MasterTemplateService::? - GetList_Active_WithModel : MethodStart
INFO  2022-01-14 16:12:17,910 MasterTemplateService::? - GetList_Active_WithModel : MethodFinish
INFO  2022-01-14 16:12:18,697 WHONETColumnService::? - GetList_Active_WithModel : MethodStart
INFO  2022-01-14 16:12:18,800 WHONETColumnService::? - GetList_Active_WithModel : MethodFinish
INFO  2022-01-14 16:12:29,721 MasterTemplateService::? - GetList_Active_WithModel : MethodStart
INFO  2022-01-14 16:12:29,825 MasterTemplateService::? - GetList_Active_WithModel : MethodFinish
INFO  2022-01-14 16:12:30,524 WHONETColumnService::? - GetList_Active_WithModel : MethodStart
INFO  2022-01-14 16:12:30,629 WHONETColumnService::? - GetList_Active_WithModel : MethodFinish
INFO  2022-01-14 16:12:43,198 MasterTemplateService::? - GetList_Active_WithModel : MethodStart
INFO  2022-01-14 16:12:43,308 MasterTemplateService::? - GetList_Active_WithModel : MethodFinish
INFO  2022-01-14 16:12:44,051 WHONETColumnService::? - GetList_Active_WithModel : MethodStart
INFO  2022-01-14 16:12:44,154 WHONETColumnService::? - GetList_Active_WithModel : MethodFinish
INFO  2022-01-14 16:13:22,916 MasterTemplateService::? - GetList_Active_WithModel : MethodStart
INFO  2022-01-14 16:13:23,014 MasterTemplateService::? - GetList_Active_WithModel : MethodFinish
INFO  2022-01-14 16:13:23,755 WHONETColumnService::? - GetList_Active_WithModel : MethodStart
INFO  2022-01-14 16:13:23,865 WHONETColumnService::? - GetList_Active_WithModel : MethodFinish
INFO  2022-01-14 16:13:35,650 MasterTemplateService::? - GetList_Active_WithModel : MethodStart
INFO  2022-01-14 16:13:35,754 MasterTemplateService::? - GetList_Active_WithModel : MethodFinish
INFO  2022-01-14 16:13:36,512 WHONETColumnService::? - GetList_Active_WithModel : MethodStart
INFO  2022-01-14 16:13:36,616 WHONETColumnService::? - GetList_Active_WithModel : MethodFinish
INFO  2022-01-14 16:13:46,374 MasterTemplateService::? - GetList_Active_WithModel : MethodStart
INFO  2022-01-14 16:13:46,475 MasterTemplateService::? - GetList_Active_WithModel : MethodFinish
INFO  2022-01-14 16:13:47,258 WHONETColumnService::? - GetList_Active_WithModel : MethodStart
INFO  2022-01-14 16:13:47,365 WHONETColumnService::? - GetList_Active_WithModel : MethodFinish
INFO  2022-01-14 16:13:55,359 MasterTemplateService::? - GetList_Active_WithModel : MethodStart
INFO  2022-01-14 16:13:55,460 MasterTemplateService::? - GetList_Active_WithModel : MethodFinish
INFO  2022-01-14 16:13:56,310 WHONETColumnService::? - GetList_Active_WithModel : MethodStart
INFO  2022-01-14 16:13:56,415 WHONETColumnService::? - GetList_Active_WithModel : MethodFinish
INFO  2022-01-14 16:14:34,233 MasterTemplateService::? - GetList_Active_WithModel : MethodStart
INFO  2022-01-14 16:14:34,335 MasterTemplateService::? - GetList_Active_WithModel : MethodFinish
INFO  2022-01-14 16:14:35,078 WHONETColumnService::? - GetList_Active_WithModel : MethodStart
INFO  2022-01-14 16:14:35,192 WHONETColumnService::? - GetList_Active_WithModel : MethodFinish
INFO  2022-01-14 16:14:45,599 MasterTemplateService::? - GetList_Active_WithModel : MethodStart
INFO  2022-01-14 16:14:45,701 MasterTemplateService::? - GetList_Active_WithModel : MethodFinish
INFO  2022-01-14 16:14:46,525 WHONETColumnService::? - GetList_Active_WithModel : MethodStart
INFO  2022-01-14 16:14:46,628 WHONETColumnService::? - GetList_Active_WithModel : MethodFinish
INFO  2022-01-14 16:14:55,641 MasterTemplateService::? - GetList_Active_WithModel : MethodStart
INFO  2022-01-14 16:14:55,742 MasterTemplateService::? - GetList_Active_WithModel : MethodFinish
INFO  2022-01-14 16:14:56,451 WHONETColumnService::? - GetList_Active_WithModel : MethodStart
INFO  2022-01-14 16:14:56,551 WHONETColumnService::? - GetList_Active_WithModel : MethodFinish
INFO  2022-01-14 16:16:48,380 WardTypeService::? - GetList_Active_WithModel : MethodStart
INFO  2022-01-14 16:16:48,505 WardTypeService::? - GetList_Active_WithModel : MethodFinish
INFO  2022-01-14 16:23:54,010 MasterTemplateService::? - GetList_Active_WithModel : MethodStart
INFO  2022-01-14 16:23:54,115 MasterTemplateService::? - GetList_Active_WithModel : MethodFinish
INFO  2022-01-14 16:23:54,869 WHONETColumnService::? - GetList_Active_WithModel : MethodStart
INFO  2022-01-14 16:23:54,971 WHONETColumnService::? - GetList_Active_WithModel : MethodFinish
INFO  2022-01-14 16:24:20,941 MasterTemplateService::? - GetList_Active_WithModel : MethodStart
INFO  2022-01-14 16:24:21,050 MasterTemplateService::? - GetList_Active_WithModel : MethodFinish
INFO  2022-01-14 16:26:26,871 MasterTemplateService::? - GetList_Active_WithModel : MethodStart
INFO  2022-01-14 16:26:26,971 MasterTemplateService::? - GetList_Active_WithModel : MethodFinish
INFO  2022-01-14 16:27:12,848 SpecimenService::? - GetList_Mapping_Active_WithModel : MethodStart
INFO  2022-01-14 16:27:12,956 SpecimenService::? - GetList_Mapping_Active_WithModel : MethodFinish
INFO  2022-01-14 16:27:14,931 MasterTemplateService::? - GetList_Active_WithModel : MethodStart
INFO  2022-01-14 16:27:15,031 MasterTemplateService::? - GetList_Active_WithModel : MethodFinish
INFO  2022-01-14 16:27:15,838 WHONETColumnService::? - GetList_Active_WithModel : MethodStart
INFO  2022-01-14 16:27:15,947 WHONETColumnService::? - GetList_Active_WithModel : MethodFinish
INFO  2022-01-14 16:34:23,986 MasterTemplateService::? - GetList_Active_WithModel : MethodStart
INFO  2022-01-14 16:34:24,236 MasterTemplateService::? - GetList_Active_WithModel : MethodFinish
INFO  2022-01-14 16:34:24,977 WHONETColumnService::? - GetList_Active_WithModel : MethodStart
INFO  2022-01-14 16:34:25,078 WHONETColumnService::? - GetList_Active_WithModel : MethodFinish
INFO  2022-01-14 16:42:37,202 SpecimenService::? - GetList_Mapping_Active_WithModel : MethodStart
INFO  2022-01-14 16:42:37,495 SpecimenService::? - GetList_Mapping_Active_WithModel : MethodFinish
INFO  2022-01-14 16:42:39,751 MasterTemplateService::? - GetList_Active_WithModel : MethodStart
INFO  2022-01-14 16:42:39,856 MasterTemplateService::? - GetList_Active_WithModel : MethodFinish
INFO  2022-01-14 16:42:40,565 WHONETColumnService::? - GetList_Active_WithModel : MethodStart
INFO  2022-01-14 16:42:40,665 WHONETColumnService::? - GetList_Active_WithModel : MethodFinish
INFO  2022-01-14 16:50:08,706 SpecimenService::? - GetList_Mapping_Active_WithModel : MethodStart
INFO  2022-01-14 16:50:08,993 SpecimenService::? - GetList_Mapping_Active_WithModel : MethodFinish
INFO  2022-01-14 16:50:12,183 MasterTemplateService::? - GetList_Active_WithModel : MethodStart
INFO  2022-01-14 16:50:12,280 MasterTemplateService::? - GetList_Active_WithModel : MethodFinish
INFO  2022-01-14 16:50:13,111 WHONETColumnService::? - GetList_Active_WithModel : MethodStart
INFO  2022-01-14 16:50:13,207 WHONETColumnService::? - GetList_Active_WithModel : MethodFinish
INFO  2022-01-14 16:55:00,436 SpecimenService::? - GetList_Mapping_Active_WithModel : MethodStart
INFO  2022-01-14 16:55:00,719 SpecimenService::? - GetList_Mapping_Active_WithModel : MethodFinish
INFO  2022-01-14 16:55:05,281 MasterTemplateService::? - GetList_Active_WithModel : MethodStart
INFO  2022-01-14 16:55:05,380 MasterTemplateService::? - GetList_Active_WithModel : MethodFinish
INFO  2022-01-14 16:55:06,148 WHONETColumnService::? - GetList_Active_WithModel : MethodStart
INFO  2022-01-14 16:55:06,258 WHONETColumnService::? - GetList_Active_WithModel : MethodFinish
