INFO  2022-04-20 10:46:29,443 SpecimenService::? - GetList_Mapping_Active_WithModel : MethodStart
INFO  2022-04-20 10:46:33,468 SpecimenService::? - GetList_Mapping_Active_WithModel : MethodFinish
INFO  2022-04-20 10:47:22,575 MasterTemplateService::? - GetList_Active_WithModel : MethodStart
INFO  2022-04-20 10:47:22,783 MasterTemplateService::? - GetList_Active_WithModel : MethodFinish
INFO  2022-04-20 10:48:46,639 MasterTemplateService::? - GetList_Active_WithModel : MethodStart
INFO  2022-04-20 10:48:46,887 MasterTemplateService::? - GetList_Active_WithModel : MethodFinish
INFO  2022-04-20 10:48:48,598 WHONETColumnService::? - GetList_Active_WithModel : MethodStart
INFO  2022-04-20 10:48:48,755 WHONETColumnService::? - GetList_Active_WithModel : MethodFinish
INFO  2022-04-20 10:49:44,993 MasterTemplateService::? - GetList_Active_WithModel : MethodStart
INFO  2022-04-20 10:49:45,111 MasterTemplateService::? - GetList_Active_WithModel : MethodFinish
INFO  2022-04-20 10:49:46,225 WHONETColumnService::? - GetList_Active_WithModel : MethodStart
INFO  2022-04-20 10:49:46,339 WHONETColumnService::? - GetList_Active_WithModel : MethodFinish
INFO  2022-04-20 10:49:59,376 MasterTemplateService::? - GetList_Active_WithModel : MethodStart
INFO  2022-04-20 10:49:59,485 MasterTemplateService::? - GetList_Active_WithModel : MethodFinish
INFO  2022-04-20 10:50:00,467 WHONETColumnService::? - GetList_Active_WithModel : MethodStart
INFO  2022-04-20 10:50:00,577 WHONETColumnService::? - GetList_Active_WithModel : MethodFinish
INFO  2022-04-20 10:50:39,196 MasterTemplateService::? - GetList_Active_WithModel : MethodStart
INFO  2022-04-20 10:50:39,308 MasterTemplateService::? - GetList_Active_WithModel : MethodFinish
INFO  2022-04-20 10:50:40,817 WHONETColumnService::? - GetList_Active_WithModel : MethodStart
INFO  2022-04-20 10:50:40,932 WHONETColumnService::? - GetList_Active_WithModel : MethodFinish
INFO  2022-04-20 10:51:02,675 MasterTemplateService::? - GetList_Active_WithModel : MethodStart
INFO  2022-04-20 10:51:02,784 MasterTemplateService::? - GetList_Active_WithModel : MethodFinish
INFO  2022-04-20 10:51:03,757 WHONETColumnService::? - GetList_Active_WithModel : MethodStart
INFO  2022-04-20 10:51:03,872 WHONETColumnService::? - GetList_Active_WithModel : MethodFinish
INFO  2022-04-20 10:51:19,813 MasterTemplateService::? - GetList_Active_WithModel : MethodStart
INFO  2022-04-20 10:51:19,924 MasterTemplateService::? - GetList_Active_WithModel : MethodFinish
INFO  2022-04-20 10:51:20,890 WHONETColumnService::? - GetList_Active_WithModel : MethodStart
INFO  2022-04-20 10:51:21,000 WHONETColumnService::? - GetList_Active_WithModel : MethodFinish
INFO  2022-04-20 10:51:36,576 MasterTemplateService::? - GetList_Active_WithModel : MethodStart
INFO  2022-04-20 10:51:36,686 MasterTemplateService::? - GetList_Active_WithModel : MethodFinish
INFO  2022-04-20 10:51:37,671 WHONETColumnService::? - GetList_Active_WithModel : MethodStart
INFO  2022-04-20 10:51:37,783 WHONETColumnService::? - GetList_Active_WithModel : MethodFinish
INFO  2022-04-20 10:53:45,579 MasterTemplateService::? - GetList_Active_WithModel : MethodStart
INFO  2022-04-20 10:53:45,689 MasterTemplateService::? - GetList_Active_WithModel : MethodFinish
INFO  2022-04-20 10:53:46,726 WHONETColumnService::? - GetList_Active_WithModel : MethodStart
INFO  2022-04-20 10:53:46,835 WHONETColumnService::? - GetList_Active_WithModel : MethodFinish
INFO  2022-04-20 10:54:17,476 MasterTemplateService::? - GetList_Active_WithModel : MethodStart
INFO  2022-04-20 10:54:17,588 MasterTemplateService::? - GetList_Active_WithModel : MethodFinish
INFO  2022-04-20 10:54:19,238 WHONETColumnService::? - GetList_Active_WithModel : MethodStart
INFO  2022-04-20 10:54:19,346 WHONETColumnService::? - GetList_Active_WithModel : MethodFinish
INFO  2022-04-20 10:54:49,570 MasterTemplateService::? - GetList_Active_WithModel : MethodStart
INFO  2022-04-20 10:54:49,682 MasterTemplateService::? - GetList_Active_WithModel : MethodFinish
INFO  2022-04-20 10:54:50,653 WHONETColumnService::? - GetList_Active_WithModel : MethodStart
INFO  2022-04-20 10:54:50,761 WHONETColumnService::? - GetList_Active_WithModel : MethodFinish
INFO  2022-04-20 10:55:30,998 MasterTemplateService::? - GetList_Active_WithModel : MethodStart
INFO  2022-04-20 10:55:31,104 MasterTemplateService::? - GetList_Active_WithModel : MethodFinish
INFO  2022-04-20 10:55:32,118 WHONETColumnService::? - GetList_Active_WithModel : MethodStart
INFO  2022-04-20 10:55:32,228 WHONETColumnService::? - GetList_Active_WithModel : MethodFinish
INFO  2022-04-20 10:56:38,105 SpecimenService::? - GetList_Mapping_Active_WithModel : MethodStart
INFO  2022-04-20 10:56:38,222 SpecimenService::? - GetList_Mapping_Active_WithModel : MethodFinish
INFO  2022-04-20 10:56:49,193 MasterTemplateService::? - GetList_Active_WithModel : MethodStart
INFO  2022-04-20 10:56:49,304 MasterTemplateService::? - GetList_Active_WithModel : MethodFinish
INFO  2022-04-20 10:56:50,341 WHONETColumnService::? - GetList_Active_WithModel : MethodStart
INFO  2022-04-20 10:56:50,450 WHONETColumnService::? - GetList_Active_WithModel : MethodFinish
INFO  2022-04-20 10:57:10,588 OrganismService::? - GetList_Active_WithModel : MethodStart
INFO  2022-04-20 10:57:11,071 OrganismService::? - GetList_Active_WithModel : MethodFinish
INFO  2022-04-20 10:57:26,624 MasterTemplateService::? - GetList_Active_WithModel : MethodStart
INFO  2022-04-20 10:57:26,729 MasterTemplateService::? - GetList_Active_WithModel : MethodFinish
INFO  2022-04-20 10:57:27,715 WHONETColumnService::? - GetList_Active_WithModel : MethodStart
INFO  2022-04-20 10:57:27,829 WHONETColumnService::? - GetList_Active_WithModel : MethodFinish
INFO  2022-04-20 10:57:53,022 WardTypeService::? - GetList_Active_WithModel : MethodStart
INFO  2022-04-20 10:57:53,188 WardTypeService::? - GetList_Active_WithModel : MethodFinish
INFO  2022-04-20 10:58:03,501 MasterTemplateService::? - GetList_Active_WithModel : MethodStart
INFO  2022-04-20 10:58:03,605 MasterTemplateService::? - GetList_Active_WithModel : MethodFinish
INFO  2022-04-20 10:58:04,575 WHONETColumnService::? - GetList_Active_WithModel : MethodStart
INFO  2022-04-20 10:58:04,682 WHONETColumnService::? - GetList_Active_WithModel : MethodFinish
INFO  2022-04-20 10:58:17,143 WardTypeService::? - GetList_Active_WithModel : MethodStart
INFO  2022-04-20 10:58:17,254 WardTypeService::? - GetList_Active_WithModel : MethodFinish
INFO  2022-04-20 10:58:21,728 MasterTemplateService::? - GetList_Active_WithModel : MethodStart
INFO  2022-04-20 10:58:21,831 MasterTemplateService::? - GetList_Active_WithModel : MethodFinish
INFO  2022-04-20 10:58:22,763 WHONETColumnService::? - GetList_Active_WithModel : MethodStart
INFO  2022-04-20 10:58:22,877 WHONETColumnService::? - GetList_Active_WithModel : MethodFinish
INFO  2022-04-20 10:58:27,028 MasterTemplateService::? - GetList_Active_WithModel : MethodStart
INFO  2022-04-20 10:58:27,134 MasterTemplateService::? - GetList_Active_WithModel : MethodFinish
INFO  2022-04-20 10:58:28,262 WHONETColumnService::? - GetList_Active_WithModel : MethodStart
INFO  2022-04-20 10:58:28,368 WHONETColumnService::? - GetList_Active_WithModel : MethodFinish
INFO  2022-04-20 10:59:14,670 MasterTemplateService::? - GetList_Active_WithModel : MethodStart
INFO  2022-04-20 10:59:14,781 MasterTemplateService::? - GetList_Active_WithModel : MethodFinish
