INFO  2021-09-28 11:33:54,051 MasterTemplateService::? - GetListWithModel : MethodStart
INFO  2021-09-28 11:33:55,168 MasterTemplateService::? - GetListWithModel : MethodFinish
INFO  2021-09-28 11:33:59,379 MasterTemplateService::? - GetData : MethodStart
INFO  2021-09-28 11:33:59,430 MasterTemplateService::? - GetData : MethodFinish
INFO  2021-09-28 11:38:50,883 MasterTemplateService::? - GetListWithModel : MethodStart
INFO  2021-09-28 11:38:52,003 MasterTemplateService::? - GetListWithModel : MethodFinish
INFO  2021-09-28 11:38:55,255 MasterTemplateService::? - GetData : MethodStart
INFO  2021-09-28 11:38:55,326 MasterTemplateService::? - GetData : MethodFinish
INFO  2021-09-28 11:40:44,831 MasterTemplateService::? - GetListWithModel : MethodStart
INFO  2021-09-28 11:40:44,900 MasterTemplateService::? - GetListWithModel : MethodFinish
INFO  2021-09-28 11:41:10,594 MasterTemplateService::? - SaveCopyData : MethodStart
INFO  2021-09-28 11:41:11,014 MasterTemplateService::? - SaveCopyData : MethodFinish
INFO  2021-09-28 11:41:12,984 MasterTemplateService::? - GetData : MethodStart
INFO  2021-09-28 11:41:13,012 MasterTemplateService::? - GetData : MethodFinish
INFO  2021-09-28 11:41:13,114 WardTypeService::? - GetListWithModel : MethodStart
INFO  2021-09-28 11:41:13,152 WardTypeService::? - GetListWithModel : MethodFinish
INFO  2021-09-28 11:41:13,277 SpecimenService::? - GetListWithModel : MethodStart
INFO  2021-09-28 11:41:13,857 SpecimenService::? - GetListWithModel : MethodFinish
INFO  2021-09-28 11:41:14,071 AntibioticService::? - GetListWithModel : MethodStart
INFO  2021-09-28 11:41:14,154 AntibioticService::? - GetListWithModel : MethodFinish
INFO  2021-09-28 11:41:14,261 OrganismService::? - GetListWithModel : MethodStart
INFO  2021-09-28 11:41:14,300 OrganismService::? - GetListWithModel : MethodFinish
INFO  2021-09-28 11:41:14,390 QCRangeService::? - GetListWithModel : MethodStart
INFO  2021-09-28 11:41:14,491 QCRangeService::? - GetListWithModel : MethodFinish
INFO  2021-09-28 11:41:14,607 ExpertRuleService::? - GetListWithModel : MethodStart
INFO  2021-09-28 11:41:14,638 ExpertRuleService::? - GetListWithModel : MethodFinish
INFO  2021-09-28 11:41:14,729 WHONETColumnService::? - GetListWithModel : MethodStart
INFO  2021-09-28 11:41:14,821 WHONETColumnService::? - GetListWithModel : MethodFinish
INFO  2021-09-28 11:46:01,268 MasterTemplateService::? - GetListWithModel : MethodStart
INFO  2021-09-28 11:46:02,233 MasterTemplateService::? - GetListWithModel : MethodFinish
INFO  2021-09-28 11:46:10,601 MasterTemplateService::? - GetData : MethodStart
INFO  2021-09-28 11:46:10,665 MasterTemplateService::? - GetData : MethodFinish
INFO  2021-09-28 11:46:25,564 MasterTemplateService::? - GetListWithModel : MethodStart
INFO  2021-09-28 11:46:25,621 MasterTemplateService::? - GetListWithModel : MethodFinish
INFO  2021-09-28 11:46:30,654 MasterTemplateService::? - GetListWithModel : MethodStart
INFO  2021-09-28 11:46:30,667 MasterTemplateService::? - GetListWithModel : MethodFinish
INFO  2021-09-28 15:13:22,279 MasterTemplateService::? - GetListWithModel : MethodStart
INFO  2021-09-28 15:13:23,325 MasterTemplateService::? - GetListWithModel : MethodFinish
INFO  2021-09-28 15:13:27,042 MasterTemplateService::? - GetData : MethodStart
INFO  2021-09-28 15:13:27,109 MasterTemplateService::? - GetData : MethodFinish
INFO  2021-09-28 15:13:39,257 MasterTemplateService::? - GetListWithModel : MethodStart
INFO  2021-09-28 15:13:39,294 MasterTemplateService::? - GetListWithModel : MethodFinish
INFO  2021-09-28 15:15:21,657 MasterTemplateService::? - GetListWithModel : MethodStart
INFO  2021-09-28 15:15:21,672 MasterTemplateService::? - GetListWithModel : MethodFinish
INFO  2021-09-28 15:15:34,734 MasterTemplateService::? - GetData : MethodStart
INFO  2021-09-28 15:15:34,741 MasterTemplateService::? - GetData : MethodFinish
INFO  2021-09-28 15:15:48,361 MasterTemplateService::? - GetListWithModel : MethodStart
INFO  2021-09-28 15:15:48,368 MasterTemplateService::? - GetListWithModel : MethodFinish
INFO  2021-09-28 15:53:07,203 MasterTemplateService::? - GetListWithModel : MethodStart
INFO  2021-09-28 15:53:08,266 MasterTemplateService::? - GetListWithModel : MethodFinish
INFO  2021-09-28 15:53:11,757 MasterTemplateService::? - GetData : MethodStart
INFO  2021-09-28 15:53:11,815 MasterTemplateService::? - GetData : MethodFinish
INFO  2021-09-28 15:53:11,885 MasterTemplateService::? - Get_ProcessExcelColumn : MethodStart
INFO  2021-09-28 15:53:12,135 MasterTemplateService::? - Get_ProcessExcelColumn : MethodFinish
INFO  2021-09-28 15:53:12,189 MasterTemplateService::? - Get_ProcessExcelRow : MethodStart
INFO  2021-09-28 15:53:12,244 MasterTemplateService::? - Get_ProcessExcelRow : MethodFinish
INFO  2021-09-28 15:53:12,300 MasterTemplateService::? - Get_ProcessExcelTemplate : MethodStart
INFO  2021-09-28 15:53:12,361 MasterTemplateService::? - Get_ProcessExcelTemplate : MethodFinish
INFO  2021-09-28 15:53:17,005 MasterTemplateService::? - GetListWithModel : MethodStart
INFO  2021-09-28 15:53:17,013 MasterTemplateService::? - GetListWithModel : MethodFinish
INFO  2021-09-28 15:53:20,329 MasterTemplateService::? - GetData : MethodStart
INFO  2021-09-28 15:53:20,336 MasterTemplateService::? - GetData : MethodFinish
INFO  2021-09-28 15:53:22,439 MasterTemplateService::? - GetListWithModel : MethodStart
INFO  2021-09-28 15:53:22,450 MasterTemplateService::? - GetListWithModel : MethodFinish
INFO  2021-09-28 15:53:25,542 MasterTemplateService::? - GetListWithModel : MethodStart
INFO  2021-09-28 15:53:25,548 MasterTemplateService::? - GetListWithModel : MethodFinish
INFO  2021-09-28 15:57:25,025 MasterTemplateService::? - GetData : MethodStart
INFO  2021-09-28 15:57:25,037 MasterTemplateService::? - GetData : MethodFinish
INFO  2021-09-28 15:57:30,254 MasterTemplateService::? - GetListWithModel : MethodStart
INFO  2021-09-28 15:57:30,264 MasterTemplateService::? - GetListWithModel : MethodFinish
INFO  2021-09-28 15:58:05,039 MasterTemplateService::? - SaveData : MethodStart
INFO  2021-09-28 15:58:05,288 MasterTemplateService::? - SaveData : MethodFinish
INFO  2021-09-28 15:58:30,535 MasterTemplateService::? - GetListWithModel : MethodStart
INFO  2021-09-28 15:58:30,554 MasterTemplateService::? - GetListWithModel : MethodFinish
INFO  2021-09-28 15:58:46,766 MasterTemplateService::? - GetData : MethodStart
INFO  2021-09-28 15:58:46,773 MasterTemplateService::? - GetData : MethodFinish
INFO  2021-09-28 16:09:54,906 MasterTemplateService::? - GetListWithModel : MethodStart
INFO  2021-09-28 16:09:54,924 MasterTemplateService::? - GetListWithModel : MethodFinish
INFO  2021-09-28 16:10:27,461 MasterTemplateService::? - GetData : MethodStart
INFO  2021-09-28 16:10:27,468 MasterTemplateService::? - GetData : MethodFinish
INFO  2021-09-28 16:17:48,016 MasterTemplateService::? - GetListWithModel : MethodStart
INFO  2021-09-28 16:17:48,033 MasterTemplateService::? - GetListWithModel : MethodFinish
INFO  2021-09-28 16:17:49,728 MasterTemplateService::? - GetData : MethodStart
INFO  2021-09-28 16:17:49,770 MasterTemplateService::? - GetData : MethodFinish
INFO  2021-09-28 16:18:35,948 SpecimenService::? - GetList_Mapping_Active_WithModel : MethodStart
INFO  2021-09-28 16:18:36,018 SpecimenService::? - GetList_Mapping_Active_WithModel : MethodFinish
INFO  2021-09-28 16:18:38,412 MasterTemplateService::? - GetList_Active_WithModel : MethodStart
INFO  2021-09-28 16:18:38,438 MasterTemplateService::? - GetList_Active_WithModel : MethodFinish
INFO  2021-09-28 16:18:40,121 WHONETColumnService::? - GetList_Active_WithModel : MethodStart
INFO  2021-09-28 16:18:40,192 WHONETColumnService::? - GetList_Active_WithModel : MethodFinish
INFO  2021-09-28 16:19:02,981 SpecimenService::? - GetList_Mapping_Active_WithModel : MethodStart
INFO  2021-09-28 16:19:03,002 SpecimenService::? - GetList_Mapping_Active_WithModel : MethodFinish
INFO  2021-09-28 16:19:47,459 MasterTemplateService::? - GetListWithModel : MethodStart
INFO  2021-09-28 16:19:47,473 MasterTemplateService::? - GetListWithModel : MethodFinish
INFO  2021-09-28 16:20:13,771 MasterTemplateService::? - GetData : MethodStart
INFO  2021-09-28 16:20:13,791 MasterTemplateService::? - GetData : MethodFinish
INFO  2021-09-28 16:29:25,380 MasterTemplateService::? - GetListWithModel : MethodStart
INFO  2021-09-28 16:29:25,390 MasterTemplateService::? - GetListWithModel : MethodFinish
INFO  2021-09-28 16:29:30,571 MasterTemplateService::? - GetData : MethodStart
INFO  2021-09-28 16:29:30,575 MasterTemplateService::? - GetData : MethodFinish
INFO  2021-09-28 16:34:23,393 MasterTemplateService::? - GetListWithModel : MethodStart
INFO  2021-09-28 16:34:23,404 MasterTemplateService::? - GetListWithModel : MethodFinish
INFO  2021-09-28 21:46:31,773 MasterTemplateService::? - GetList_Active_WithModel : MethodStart
INFO  2021-09-28 21:46:33,198 MasterTemplateService::? - GetList_Active_WithModel : MethodFinish
INFO  2021-09-28 21:53:19,043 MasterTemplateService::? - GetList_Active_WithModel : MethodStart
INFO  2021-09-28 21:53:20,590 MasterTemplateService::? - GetList_Active_WithModel : MethodFinish
