INFO  2021-09-04 23:33:28,736 MasterTemplateService::? - GetList_Active_WithModel : MethodStart
INFO  2021-09-04 23:33:28,736 SpecimenService::? - GetList_Mapping_Active_WithModel : MethodStart
INFO  2021-09-04 23:33:31,160 SpecimenService::? - GetList_Mapping_Active_WithModel : MethodFinish
INFO  2021-09-04 23:33:31,160 MasterTemplateService::? - GetList_Active_WithModel : MethodFinish
INFO  2021-09-04 23:33:32,776 WHONETColumnService::? - GetList_Active_WithModel : MethodStart
INFO  2021-09-04 23:33:32,995 WHONETColumnService::? - GetList_Active_WithModel : MethodFinish
INFO  2021-09-04 23:35:35,796 WardTypeService::? - GetList_Active_WithModel : MethodStart
INFO  2021-09-04 23:35:35,952 WardTypeService::? - GetList_Active_WithModel : MethodFinish
INFO  2021-09-04 23:35:40,498 WardTypeService::? - GetList_Active_WithModel : MethodStart
INFO  2021-09-04 23:35:40,743 WardTypeService::? - GetList_Active_WithModel : MethodFinish
INFO  2021-09-04 23:35:54,774 MasterTemplateService::? - GetList_Active_WithModel : MethodStart
INFO  2021-09-04 23:35:54,892 MasterTemplateService::? - GetList_Active_WithModel : MethodFinish
INFO  2021-09-04 23:35:55,930 WHONETColumnService::? - GetList_Active_WithModel : MethodStart
INFO  2021-09-04 23:35:56,050 WHONETColumnService::? - GetList_Active_WithModel : MethodFinish
INFO  2021-09-04 23:35:58,847 WardTypeService::? - GetList_Active_WithModel : MethodStart
INFO  2021-09-04 23:35:58,962 WardTypeService::? - GetList_Active_WithModel : MethodFinish
INFO  2021-09-04 23:36:06,395 MasterTemplateService::? - GetList_Active_WithModel : MethodStart
INFO  2021-09-04 23:36:06,514 MasterTemplateService::? - GetList_Active_WithModel : MethodFinish
INFO  2021-09-04 23:36:07,530 WHONETColumnService::? - GetList_Active_WithModel : MethodStart
INFO  2021-09-04 23:36:07,653 WHONETColumnService::? - GetList_Active_WithModel : MethodFinish
INFO  2021-09-04 23:36:12,246 WardTypeService::? - GetList_Active_WithModel : MethodStart
INFO  2021-09-04 23:36:12,383 WardTypeService::? - GetList_Active_WithModel : MethodFinish
INFO  2021-09-04 23:36:25,321 MasterTemplateService::? - GetList_Active_WithModel : MethodStart
INFO  2021-09-04 23:36:25,439 MasterTemplateService::? - GetList_Active_WithModel : MethodFinish
INFO  2021-09-04 23:36:26,845 WHONETColumnService::? - GetList_Active_WithModel : MethodStart
INFO  2021-09-04 23:36:26,958 WHONETColumnService::? - GetList_Active_WithModel : MethodFinish
INFO  2021-09-04 23:37:55,040 MasterTemplateService::? - GetList_Active_WithModel : MethodStart
INFO  2021-09-04 23:37:55,157 MasterTemplateService::? - GetList_Active_WithModel : MethodFinish
INFO  2021-09-04 23:38:05,430 SpecimenService::? - GetList_Mapping_Active_WithModel : MethodStart
INFO  2021-09-04 23:38:05,766 SpecimenService::? - GetList_Mapping_Active_WithModel : MethodFinish
INFO  2021-09-04 23:39:20,707 MasterTemplateService::? - GetList_Active_WithModel : MethodStart
INFO  2021-09-04 23:39:20,817 MasterTemplateService::? - GetList_Active_WithModel : MethodFinish
INFO  2021-09-04 23:46:18,203 MasterTemplateService::? - GetList_Active_WithModel : MethodStart
INFO  2021-09-04 23:46:18,560 MasterTemplateService::? - GetList_Active_WithModel : MethodFinish
INFO  2021-09-04 23:51:09,106 MasterTemplateService::? - GetList_Active_WithModel : MethodStart
INFO  2021-09-04 23:51:09,245 MasterTemplateService::? - GetList_Active_WithModel : MethodFinish
