INFO  2021-09-15 11:43:01,990 MasterTemplateService::? - GetList_Active_WithModel : MethodStart
INFO  2021-09-15 11:43:03,509 MasterTemplateService::? - GetList_Active_WithModel : MethodFinish
INFO  2021-09-15 12:14:41,702 MasterTemplateService::? - GetListWithModel : MethodStart
INFO  2021-09-15 12:14:42,983 MasterTemplateService::? - GetListWithModel : MethodFinish
INFO  2021-09-15 12:14:44,645 MasterTemplateService::? - GetData : MethodStart
INFO  2021-09-15 12:14:44,802 MasterTemplateService::? - GetData : MethodFinish
INFO  2021-09-15 12:14:45,608 MasterTemplateService::? - Get_ProcessExcelRow : MethodStart
INFO  2021-09-15 12:14:45,808 MasterTemplateService::? - Get_ProcessExcelRow : MethodFinish
INFO  2021-09-15 12:14:45,878 OrganismService::? - GetListWithModel : MethodStart
INFO  2021-09-15 12:14:46,173 OrganismService::? - GetListWithModel : MethodFinish
INFO  2021-09-15 12:33:38,215 MasterTemplateService::? - GetListWithModel : MethodStart
INFO  2021-09-15 12:33:39,414 MasterTemplateService::? - GetListWithModel : MethodFinish
INFO  2021-09-15 12:33:43,108 MasterTemplateService::? - GetData : MethodStart
INFO  2021-09-15 12:33:43,268 MasterTemplateService::? - GetData : MethodFinish
INFO  2021-09-15 12:33:44,504 MasterTemplateService::? - Get_ProcessExcelRow : MethodStart
INFO  2021-09-15 12:33:44,687 MasterTemplateService::? - Get_ProcessExcelRow : MethodFinish
INFO  2021-09-15 12:33:44,743 OrganismService::? - GetListWithModel : MethodStart
INFO  2021-09-15 12:33:45,134 OrganismService::? - GetListWithModel : MethodFinish
INFO  2021-09-15 17:20:46,373 SpecimenService::? - GetList_Mapping_Active_WithModel : MethodStart
INFO  2021-09-15 17:20:48,021 MasterTemplateService::? - GetList_Active_WithModel : MethodStart
INFO  2021-09-15 17:20:48,334 SpecimenService::? - GetList_Mapping_Active_WithModel : MethodFinish
INFO  2021-09-15 17:20:48,337 MasterTemplateService::? - GetList_Active_WithModel : MethodFinish
INFO  2021-09-15 17:20:49,840 WHONETColumnService::? - GetList_Active_WithModel : MethodStart
INFO  2021-09-15 17:20:50,061 WHONETColumnService::? - GetList_Active_WithModel : MethodFinish
INFO  2021-09-15 18:08:51,196 MasterTemplateService::? - GetList_Active_WithModel : MethodStart
INFO  2021-09-15 18:08:53,331 MasterTemplateService::? - GetList_Active_WithModel : MethodFinish
