INFO  2023-05-29 10:26:21,979 SpecimenService::? - GetList_Mapping_Active_WithModel : MethodStart
INFO  2023-05-29 10:26:23,868 SpecimenService::? - GetList_Mapping_Active_WithModel : MethodFinish
INFO  2023-05-29 10:27:12,885 MasterTemplateService::? - GetList_Active_WithModel : MethodStart
INFO  2023-05-29 10:27:13,123 MasterTemplateService::? - GetList_Active_WithModel : MethodFinish
INFO  2023-05-29 10:28:52,746 MasterTemplateService::? - GetList_Active_WithModel : MethodStart
INFO  2023-05-29 10:28:52,921 MasterTemplateService::? - GetList_Active_WithModel : MethodFinish
INFO  2023-05-29 10:28:53,963 WHONETColumnService::? - GetList_Active_WithModel : MethodStart
INFO  2023-05-29 10:28:54,115 WHONETColumnService::? - GetList_Active_WithModel : MethodFinish
INFO  2023-05-29 10:29:35,327 MasterTemplateService::? - GetList_Active_WithModel : MethodStart
INFO  2023-05-29 10:29:35,491 MasterTemplateService::? - GetList_Active_WithModel : MethodFinish
INFO  2023-05-29 10:29:36,638 WHONETColumnService::? - GetList_Active_WithModel : MethodStart
INFO  2023-05-29 10:29:36,832 WHONETColumnService::? - GetList_Active_WithModel : MethodFinish
INFO  2023-05-29 10:29:56,979 SpecimenService::? - GetList_Mapping_Active_WithModel : MethodStart
INFO  2023-05-29 10:29:57,188 SpecimenService::? - GetList_Mapping_Active_WithModel : MethodFinish
INFO  2023-05-29 10:31:28,573 MasterTemplateService::? - GetList_Active_WithModel : MethodStart
INFO  2023-05-29 10:31:28,695 MasterTemplateService::? - GetList_Active_WithModel : MethodFinish
INFO  2023-05-29 10:31:30,425 MasterTemplateService::? - GetList_Active_WithModel : MethodStart
INFO  2023-05-29 10:31:30,543 MasterTemplateService::? - GetList_Active_WithModel : MethodFinish
INFO  2023-05-29 10:31:31,777 WHONETColumnService::? - GetList_Active_WithModel : MethodStart
INFO  2023-05-29 10:31:31,924 WHONETColumnService::? - GetList_Active_WithModel : MethodFinish
INFO  2023-05-29 10:31:44,797 SpecimenService::? - GetList_Mapping_Active_WithModel : MethodStart
INFO  2023-05-29 10:31:44,925 SpecimenService::? - GetList_Mapping_Active_WithModel : MethodFinish
INFO  2023-05-29 10:31:59,381 MasterTemplateService::? - GetList_Active_WithModel : MethodStart
INFO  2023-05-29 10:31:59,511 MasterTemplateService::? - GetList_Active_WithModel : MethodFinish
INFO  2023-05-29 10:32:00,450 WHONETColumnService::? - GetList_Active_WithModel : MethodStart
INFO  2023-05-29 10:32:00,617 WHONETColumnService::? - GetList_Active_WithModel : MethodFinish
INFO  2023-05-29 10:32:14,984 MasterTemplateService::? - GetList_Active_WithModel : MethodStart
INFO  2023-05-29 10:32:15,117 MasterTemplateService::? - GetList_Active_WithModel : MethodFinish
INFO  2023-05-29 10:32:16,098 WHONETColumnService::? - GetList_Active_WithModel : MethodStart
INFO  2023-05-29 10:32:16,265 WHONETColumnService::? - GetList_Active_WithModel : MethodFinish
INFO  2023-05-29 10:49:29,177 SpecimenService::? - GetList_Mapping_Active_WithModel : MethodStart
INFO  2023-05-29 10:49:29,561 SpecimenService::? - GetList_Mapping_Active_WithModel : MethodFinish
INFO  2023-05-29 13:44:51,573 SpecimenService::? - GetList_Mapping_Active_WithModel : MethodStart
INFO  2023-05-29 13:44:53,141 SpecimenService::? - GetList_Mapping_Active_WithModel : MethodFinish
INFO  2023-05-29 14:40:31,772 SpecimenService::? - GetList_Mapping_Active_WithModel : MethodStart
INFO  2023-05-29 14:40:33,498 SpecimenService::? - GetList_Mapping_Active_WithModel : MethodFinish
INFO  2023-05-29 16:07:35,156 MasterTemplateService::? - GetList_Active_WithModel : MethodStart
INFO  2023-05-29 16:07:36,468 MasterTemplateService::? - GetList_Active_WithModel : MethodFinish
INFO  2023-05-29 16:09:54,362 MasterTemplateService::? - GetList_Active_WithModel : MethodStart
INFO  2023-05-29 16:09:54,521 MasterTemplateService::? - GetList_Active_WithModel : MethodFinish
INFO  2023-05-29 17:10:26,293 SpecimenService::? - GetList_Mapping_Active_WithModel : MethodStart
INFO  2023-05-29 17:10:27,763 SpecimenService::? - GetList_Mapping_Active_WithModel : MethodFinish
