INFO  2022-06-02 13:58:48,694 SpecimenService::? - GetList_Mapping_Active_WithModel : MethodStart
INFO  2022-06-02 13:58:55,032 SpecimenService::? - GetList_Mapping_Active_WithModel : MethodFinish
INFO  2022-06-02 13:59:16,571 MasterTemplateService::? - GetList_Active_WithModel : MethodStart
INFO  2022-06-02 13:59:16,828 MasterTemplateService::? - GetList_Active_WithModel : MethodFinish
INFO  2022-06-02 13:59:18,972 WHONETColumnService::? - GetList_Active_WithModel : MethodStart
INFO  2022-06-02 13:59:19,276 WHONETColumnService::? - GetList_Active_WithModel : MethodFinish
INFO  2022-06-02 14:02:38,850 MasterTemplateService::? - GetList_Active_WithModel : MethodStart
INFO  2022-06-02 14:02:38,975 MasterTemplateService::? - GetList_Active_WithModel : MethodFinish
INFO  2022-06-02 14:02:42,002 WHONETColumnService::? - GetList_Active_WithModel : MethodStart
INFO  2022-06-02 14:02:42,132 WHONETColumnService::? - GetList_Active_WithModel : MethodFinish
INFO  2022-06-02 14:03:05,406 MasterTemplateService::? - GetList_Active_WithModel : MethodStart
INFO  2022-06-02 14:03:05,527 MasterTemplateService::? - GetList_Active_WithModel : MethodFinish
INFO  2022-06-02 14:03:07,014 WHONETColumnService::? - GetList_Active_WithModel : MethodStart
INFO  2022-06-02 14:03:07,167 WHONETColumnService::? - GetList_Active_WithModel : MethodFinish
INFO  2022-06-02 14:03:14,760 MasterTemplateService::? - GetList_Active_WithModel : MethodStart
INFO  2022-06-02 14:03:14,877 MasterTemplateService::? - GetList_Active_WithModel : MethodFinish
INFO  2022-06-02 14:03:16,188 WHONETColumnService::? - GetList_Active_WithModel : MethodStart
INFO  2022-06-02 14:03:16,317 WHONETColumnService::? - GetList_Active_WithModel : MethodFinish
INFO  2022-06-02 14:04:14,279 MasterTemplateService::? - GetList_Active_WithModel : MethodStart
INFO  2022-06-02 14:04:14,405 MasterTemplateService::? - GetList_Active_WithModel : MethodFinish
INFO  2022-06-02 14:04:15,447 WHONETColumnService::? - GetList_Active_WithModel : MethodStart
INFO  2022-06-02 14:04:15,569 WHONETColumnService::? - GetList_Active_WithModel : MethodFinish
INFO  2022-06-02 14:04:38,276 MasterTemplateService::? - GetList_Active_WithModel : MethodStart
INFO  2022-06-02 14:04:38,398 MasterTemplateService::? - GetList_Active_WithModel : MethodFinish
INFO  2022-06-02 14:04:40,296 WHONETColumnService::? - GetList_Active_WithModel : MethodStart
INFO  2022-06-02 14:04:40,416 WHONETColumnService::? - GetList_Active_WithModel : MethodFinish
INFO  2022-06-02 14:04:51,597 MasterTemplateService::? - GetList_Active_WithModel : MethodStart
INFO  2022-06-02 14:04:51,769 MasterTemplateService::? - GetList_Active_WithModel : MethodFinish
INFO  2022-06-02 14:04:52,922 WHONETColumnService::? - GetList_Active_WithModel : MethodStart
INFO  2022-06-02 14:04:53,048 WHONETColumnService::? - GetList_Active_WithModel : MethodFinish
