INFO  2021-08-22 14:40:47,418 SpecimenService::? - GetList_Mapping_Active_WithModel : MethodStart
INFO  2021-08-22 14:40:50,346 SpecimenService::? - GetList_Mapping_Active_WithModel : MethodFinish
INFO  2021-08-22 14:42:24,322 MasterTemplateService::? - GetList_Active_WithModel : MethodStart
INFO  2021-08-22 14:42:24,430 MasterTemplateService::? - GetList_Active_WithModel : MethodFinish
INFO  2021-08-22 14:44:09,063 MasterTemplateService::? - GetList_Active_WithModel : MethodStart
INFO  2021-08-22 14:44:09,173 MasterTemplateService::? - GetList_Active_WithModel : MethodFinish
INFO  2021-08-22 14:44:10,123 WHONETColumnService::? - GetList_Active_WithModel : MethodStart
INFO  2021-08-22 14:44:10,206 WHONETColumnService::? - GetList_Active_WithModel : MethodFinish
INFO  2021-08-22 14:48:16,657 MasterTemplateService::? - GetList_Active_WithModel : MethodStart
INFO  2021-08-22 14:48:16,680 MasterTemplateService::? - GetList_Active_WithModel : MethodFinish
INFO  2021-08-22 14:48:17,762 WHONETColumnService::? - GetList_Active_WithModel : MethodStart
INFO  2021-08-22 14:48:17,809 WHONETColumnService::? - GetList_Active_WithModel : MethodFinish
INFO  2021-08-22 14:48:28,216 MasterTemplateService::? - GetList_Active_WithModel : MethodStart
INFO  2021-08-22 14:48:28,236 MasterTemplateService::? - GetList_Active_WithModel : MethodFinish
INFO  2021-08-22 14:48:35,557 WHONETColumnService::? - GetList_Active_WithModel : MethodStart
INFO  2021-08-22 14:48:35,588 WHONETColumnService::? - GetList_Active_WithModel : MethodFinish
INFO  2021-08-22 14:48:57,457 MasterTemplateService::? - GetList_Active_WithModel : MethodStart
INFO  2021-08-22 14:48:57,475 MasterTemplateService::? - GetList_Active_WithModel : MethodFinish
INFO  2021-08-22 14:48:58,353 WHONETColumnService::? - GetList_Active_WithModel : MethodStart
INFO  2021-08-22 14:48:58,375 WHONETColumnService::? - GetList_Active_WithModel : MethodFinish
INFO  2021-08-22 14:49:18,017 MasterTemplateService::? - GetList_Active_WithModel : MethodStart
INFO  2021-08-22 14:49:18,028 MasterTemplateService::? - GetList_Active_WithModel : MethodFinish
INFO  2021-08-22 14:49:18,886 WHONETColumnService::? - GetList_Active_WithModel : MethodStart
INFO  2021-08-22 14:49:18,930 WHONETColumnService::? - GetList_Active_WithModel : MethodFinish
INFO  2021-08-22 14:49:30,287 MasterTemplateService::? - GetList_Active_WithModel : MethodStart
INFO  2021-08-22 14:49:30,298 MasterTemplateService::? - GetList_Active_WithModel : MethodFinish
INFO  2021-08-22 14:49:42,958 WHONETColumnService::? - GetList_Active_WithModel : MethodStart
INFO  2021-08-22 14:49:43,020 WHONETColumnService::? - GetList_Active_WithModel : MethodFinish
INFO  2021-08-22 14:51:37,788 MasterTemplateService::? - GetList_Active_WithModel : MethodStart
INFO  2021-08-22 14:51:37,849 MasterTemplateService::? - GetList_Active_WithModel : MethodFinish
INFO  2021-08-22 14:51:41,199 WHONETColumnService::? - GetList_Active_WithModel : MethodStart
INFO  2021-08-22 14:51:41,225 WHONETColumnService::? - GetList_Active_WithModel : MethodFinish
INFO  2021-08-22 14:51:58,724 MasterTemplateService::? - GetList_Active_WithModel : MethodStart
INFO  2021-08-22 14:51:58,751 MasterTemplateService::? - GetList_Active_WithModel : MethodFinish
INFO  2021-08-22 14:52:00,118 WHONETColumnService::? - GetList_Active_WithModel : MethodStart
INFO  2021-08-22 14:52:00,144 WHONETColumnService::? - GetList_Active_WithModel : MethodFinish
INFO  2021-08-22 14:56:21,091 MasterTemplateService::? - GetList_Active_WithModel : MethodStart
INFO  2021-08-22 14:56:21,114 MasterTemplateService::? - GetList_Active_WithModel : MethodFinish
INFO  2021-08-22 14:56:25,250 WHONETColumnService::? - GetList_Active_WithModel : MethodStart
INFO  2021-08-22 14:56:25,271 WHONETColumnService::? - GetList_Active_WithModel : MethodFinish
INFO  2021-08-22 14:56:43,045 MasterTemplateService::? - GetList_Active_WithModel : MethodStart
INFO  2021-08-22 14:56:43,052 MasterTemplateService::? - GetList_Active_WithModel : MethodFinish
INFO  2021-08-22 14:56:43,753 WHONETColumnService::? - GetList_Active_WithModel : MethodStart
INFO  2021-08-22 14:56:43,765 WHONETColumnService::? - GetList_Active_WithModel : MethodFinish
INFO  2021-08-22 14:57:01,237 MasterTemplateService::? - GetList_Active_WithModel : MethodStart
INFO  2021-08-22 14:57:01,245 MasterTemplateService::? - GetList_Active_WithModel : MethodFinish
INFO  2021-08-22 14:57:03,660 WHONETColumnService::? - GetList_Active_WithModel : MethodStart
INFO  2021-08-22 14:57:03,676 WHONETColumnService::? - GetList_Active_WithModel : MethodFinish
INFO  2021-08-22 14:57:38,010 MasterTemplateService::? - GetList_Active_WithModel : MethodStart
INFO  2021-08-22 14:57:38,041 MasterTemplateService::? - GetList_Active_WithModel : MethodFinish
INFO  2021-08-22 14:57:39,184 WHONETColumnService::? - GetList_Active_WithModel : MethodStart
INFO  2021-08-22 14:57:39,217 WHONETColumnService::? - GetList_Active_WithModel : MethodFinish
INFO  2021-08-22 14:57:56,470 MasterTemplateService::? - GetList_Active_WithModel : MethodStart
INFO  2021-08-22 14:57:56,477 MasterTemplateService::? - GetList_Active_WithModel : MethodFinish
INFO  2021-08-22 14:57:56,799 WHONETColumnService::? - GetList_Active_WithModel : MethodStart
INFO  2021-08-22 14:57:56,808 WHONETColumnService::? - GetList_Active_WithModel : MethodFinish
INFO  2021-08-22 14:58:24,886 MasterTemplateService::? - GetList_Active_WithModel : MethodStart
INFO  2021-08-22 14:58:25,121 MasterTemplateService::? - GetList_Active_WithModel : MethodFinish
INFO  2021-08-22 14:58:25,903 WHONETColumnService::? - GetList_Active_WithModel : MethodStart
INFO  2021-08-22 14:58:25,928 WHONETColumnService::? - GetList_Active_WithModel : MethodFinish
INFO  2021-08-22 14:58:54,888 MasterTemplateService::? - GetList_Active_WithModel : MethodStart
INFO  2021-08-22 14:58:54,900 MasterTemplateService::? - GetList_Active_WithModel : MethodFinish
INFO  2021-08-22 14:58:55,620 WHONETColumnService::? - GetList_Active_WithModel : MethodStart
INFO  2021-08-22 14:58:55,630 WHONETColumnService::? - GetList_Active_WithModel : MethodFinish
INFO  2021-08-22 14:59:15,528 MasterTemplateService::? - GetList_Active_WithModel : MethodStart
INFO  2021-08-22 14:59:15,533 MasterTemplateService::? - GetList_Active_WithModel : MethodFinish
INFO  2021-08-22 14:59:15,929 WHONETColumnService::? - GetList_Active_WithModel : MethodStart
INFO  2021-08-22 14:59:15,953 WHONETColumnService::? - GetList_Active_WithModel : MethodFinish
INFO  2021-08-22 14:59:26,058 MasterTemplateService::? - GetList_Active_WithModel : MethodStart
INFO  2021-08-22 14:59:26,063 MasterTemplateService::? - GetList_Active_WithModel : MethodFinish
INFO  2021-08-22 14:59:34,768 WHONETColumnService::? - GetList_Active_WithModel : MethodStart
INFO  2021-08-22 14:59:34,806 WHONETColumnService::? - GetList_Active_WithModel : MethodFinish
INFO  2021-08-22 14:59:54,267 MasterTemplateService::? - GetList_Active_WithModel : MethodStart
INFO  2021-08-22 14:59:54,288 MasterTemplateService::? - GetList_Active_WithModel : MethodFinish
INFO  2021-08-22 15:00:16,617 WHONETColumnService::? - GetList_Active_WithModel : MethodStart
INFO  2021-08-22 15:00:16,627 WHONETColumnService::? - GetList_Active_WithModel : MethodFinish
INFO  2021-08-22 15:00:47,511 MasterTemplateService::? - GetList_Active_WithModel : MethodStart
INFO  2021-08-22 15:00:47,531 MasterTemplateService::? - GetList_Active_WithModel : MethodFinish
INFO  2021-08-22 15:00:48,257 WHONETColumnService::? - GetList_Active_WithModel : MethodStart
INFO  2021-08-22 15:00:48,278 WHONETColumnService::? - GetList_Active_WithModel : MethodFinish
INFO  2021-08-22 15:01:03,876 MasterTemplateService::? - GetList_Active_WithModel : MethodStart
INFO  2021-08-22 15:01:03,881 MasterTemplateService::? - GetList_Active_WithModel : MethodFinish
INFO  2021-08-22 15:01:04,283 WHONETColumnService::? - GetList_Active_WithModel : MethodStart
INFO  2021-08-22 15:01:04,294 WHONETColumnService::? - GetList_Active_WithModel : MethodFinish
INFO  2021-08-22 15:01:23,046 MasterTemplateService::? - GetList_Active_WithModel : MethodStart
INFO  2021-08-22 15:01:23,053 MasterTemplateService::? - GetList_Active_WithModel : MethodFinish
INFO  2021-08-22 15:01:24,448 WHONETColumnService::? - GetList_Active_WithModel : MethodStart
INFO  2021-08-22 15:01:24,460 WHONETColumnService::? - GetList_Active_WithModel : MethodFinish
INFO  2021-08-22 15:02:01,415 MasterTemplateService::? - GetList_Active_WithModel : MethodStart
INFO  2021-08-22 15:02:01,440 MasterTemplateService::? - GetList_Active_WithModel : MethodFinish
INFO  2021-08-22 15:02:02,651 WHONETColumnService::? - GetList_Active_WithModel : MethodStart
INFO  2021-08-22 15:02:02,698 WHONETColumnService::? - GetList_Active_WithModel : MethodFinish
INFO  2021-08-22 15:02:13,958 MasterTemplateService::? - GetList_Active_WithModel : MethodStart
INFO  2021-08-22 15:02:13,962 MasterTemplateService::? - GetList_Active_WithModel : MethodFinish
INFO  2021-08-22 15:02:14,316 WHONETColumnService::? - GetList_Active_WithModel : MethodStart
INFO  2021-08-22 15:02:14,326 WHONETColumnService::? - GetList_Active_WithModel : MethodFinish
INFO  2021-08-22 15:02:26,446 MasterTemplateService::? - GetList_Active_WithModel : MethodStart
INFO  2021-08-22 15:02:26,451 MasterTemplateService::? - GetList_Active_WithModel : MethodFinish
INFO  2021-08-22 15:02:26,891 WHONETColumnService::? - GetList_Active_WithModel : MethodStart
INFO  2021-08-22 15:02:26,908 WHONETColumnService::? - GetList_Active_WithModel : MethodFinish
INFO  2021-08-22 15:02:50,309 MasterTemplateService::? - GetList_Active_WithModel : MethodStart
INFO  2021-08-22 15:02:50,409 MasterTemplateService::? - GetList_Active_WithModel : MethodFinish
INFO  2021-08-22 15:03:04,733 WHONETColumnService::? - GetList_Active_WithModel : MethodStart
INFO  2021-08-22 15:03:04,751 WHONETColumnService::? - GetList_Active_WithModel : MethodFinish
INFO  2021-08-22 15:03:22,566 MasterTemplateService::? - GetList_Active_WithModel : MethodStart
INFO  2021-08-22 15:03:22,578 MasterTemplateService::? - GetList_Active_WithModel : MethodFinish
INFO  2021-08-22 15:03:25,144 WHONETColumnService::? - GetList_Active_WithModel : MethodStart
INFO  2021-08-22 15:03:25,180 WHONETColumnService::? - GetList_Active_WithModel : MethodFinish
INFO  2021-08-22 15:04:42,657 MasterTemplateService::? - GetList_Active_WithModel : MethodStart
INFO  2021-08-22 15:04:42,673 MasterTemplateService::? - GetList_Active_WithModel : MethodFinish
INFO  2021-08-22 15:04:43,320 WHONETColumnService::? - GetList_Active_WithModel : MethodStart
INFO  2021-08-22 15:04:43,340 WHONETColumnService::? - GetList_Active_WithModel : MethodFinish
INFO  2021-08-22 15:04:53,173 MasterTemplateService::? - GetList_Active_WithModel : MethodStart
INFO  2021-08-22 15:04:53,182 MasterTemplateService::? - GetList_Active_WithModel : MethodFinish
INFO  2021-08-22 15:04:55,265 WHONETColumnService::? - GetList_Active_WithModel : MethodStart
INFO  2021-08-22 15:04:55,275 WHONETColumnService::? - GetList_Active_WithModel : MethodFinish
INFO  2021-08-22 15:05:07,761 MasterTemplateService::? - GetList_Active_WithModel : MethodStart
INFO  2021-08-22 15:05:07,778 MasterTemplateService::? - GetList_Active_WithModel : MethodFinish
INFO  2021-08-22 15:05:09,522 WHONETColumnService::? - GetList_Active_WithModel : MethodStart
INFO  2021-08-22 15:05:09,555 WHONETColumnService::? - GetList_Active_WithModel : MethodFinish
INFO  2021-08-22 15:05:27,282 MasterTemplateService::? - GetList_Active_WithModel : MethodStart
INFO  2021-08-22 15:05:27,288 MasterTemplateService::? - GetList_Active_WithModel : MethodFinish
INFO  2021-08-22 15:05:28,013 WHONETColumnService::? - GetList_Active_WithModel : MethodStart
INFO  2021-08-22 15:05:28,028 WHONETColumnService::? - GetList_Active_WithModel : MethodFinish
INFO  2021-08-22 15:05:43,394 SpecimenService::? - GetList_Mapping_Active_WithModel : MethodStart
INFO  2021-08-22 15:05:43,432 SpecimenService::? - GetList_Mapping_Active_WithModel : MethodFinish
INFO  2021-08-22 15:06:13,582 MasterTemplateService::? - GetList_Active_WithModel : MethodStart
INFO  2021-08-22 15:06:13,607 MasterTemplateService::? - GetList_Active_WithModel : MethodFinish
INFO  2021-08-22 15:06:15,073 WHONETColumnService::? - GetList_Active_WithModel : MethodStart
INFO  2021-08-22 15:06:15,105 WHONETColumnService::? - GetList_Active_WithModel : MethodFinish
INFO  2021-08-22 15:06:16,794 SpecimenService::? - GetList_Mapping_Active_WithModel : MethodStart
INFO  2021-08-22 15:06:16,823 SpecimenService::? - GetList_Mapping_Active_WithModel : MethodFinish
INFO  2021-08-22 15:06:27,303 MasterTemplateService::? - GetList_Active_WithModel : MethodStart
INFO  2021-08-22 15:06:27,307 MasterTemplateService::? - GetList_Active_WithModel : MethodFinish
INFO  2021-08-22 15:06:27,690 WHONETColumnService::? - GetList_Active_WithModel : MethodStart
INFO  2021-08-22 15:06:27,703 WHONETColumnService::? - GetList_Active_WithModel : MethodFinish
INFO  2021-08-22 15:06:33,384 SpecimenService::? - GetList_Mapping_Active_WithModel : MethodStart
INFO  2021-08-22 15:06:33,403 SpecimenService::? - GetList_Mapping_Active_WithModel : MethodFinish
INFO  2021-08-22 15:06:46,139 MasterTemplateService::? - GetList_Active_WithModel : MethodStart
INFO  2021-08-22 15:06:46,160 MasterTemplateService::? - GetList_Active_WithModel : MethodFinish
INFO  2021-08-22 15:06:46,951 WHONETColumnService::? - GetList_Active_WithModel : MethodStart
INFO  2021-08-22 15:06:46,964 WHONETColumnService::? - GetList_Active_WithModel : MethodFinish
INFO  2021-08-22 15:06:48,132 SpecimenService::? - GetList_Mapping_Active_WithModel : MethodStart
INFO  2021-08-22 15:06:48,160 SpecimenService::? - GetList_Mapping_Active_WithModel : MethodFinish
INFO  2021-08-22 15:06:56,464 MasterTemplateService::? - GetList_Active_WithModel : MethodStart
INFO  2021-08-22 15:06:56,472 MasterTemplateService::? - GetList_Active_WithModel : MethodFinish
INFO  2021-08-22 15:06:57,120 WHONETColumnService::? - GetList_Active_WithModel : MethodStart
INFO  2021-08-22 15:06:57,131 WHONETColumnService::? - GetList_Active_WithModel : MethodFinish
INFO  2021-08-22 15:07:17,605 OrganismService::? - GetList_Active_WithModel : MethodStart
INFO  2021-08-22 15:07:20,399 OrganismService::? - GetList_Active_WithModel : MethodFinish
INFO  2021-08-22 15:07:55,505 MasterTemplateService::? - GetList_Active_WithModel : MethodStart
INFO  2021-08-22 15:07:55,528 MasterTemplateService::? - GetList_Active_WithModel : MethodFinish
INFO  2021-08-22 15:07:56,137 WHONETColumnService::? - GetList_Active_WithModel : MethodStart
INFO  2021-08-22 15:07:56,150 WHONETColumnService::? - GetList_Active_WithModel : MethodFinish
INFO  2021-08-22 15:07:59,274 OrganismService::? - GetList_Active_WithModel : MethodStart
INFO  2021-08-22 15:07:59,409 OrganismService::? - GetList_Active_WithModel : MethodFinish
INFO  2021-08-22 15:08:14,022 MasterTemplateService::? - GetList_Active_WithModel : MethodStart
INFO  2021-08-22 15:08:14,028 MasterTemplateService::? - GetList_Active_WithModel : MethodFinish
INFO  2021-08-22 15:08:15,150 WHONETColumnService::? - GetList_Active_WithModel : MethodStart
INFO  2021-08-22 15:08:15,161 WHONETColumnService::? - GetList_Active_WithModel : MethodFinish
INFO  2021-08-22 15:08:22,312 OrganismService::? - GetList_Active_WithModel : MethodStart
INFO  2021-08-22 15:08:22,518 OrganismService::? - GetList_Active_WithModel : MethodFinish
INFO  2021-08-22 15:08:32,501 MasterTemplateService::? - GetList_Active_WithModel : MethodStart
INFO  2021-08-22 15:08:32,521 MasterTemplateService::? - GetList_Active_WithModel : MethodFinish
INFO  2021-08-22 15:08:33,470 WHONETColumnService::? - GetList_Active_WithModel : MethodStart
INFO  2021-08-22 15:08:33,496 WHONETColumnService::? - GetList_Active_WithModel : MethodFinish
INFO  2021-08-22 15:08:45,010 OrganismService::? - GetList_Active_WithModel : MethodStart
INFO  2021-08-22 15:08:45,263 OrganismService::? - GetList_Active_WithModel : MethodFinish
INFO  2021-08-22 15:09:00,395 MasterTemplateService::? - GetList_Active_WithModel : MethodStart
INFO  2021-08-22 15:09:00,404 MasterTemplateService::? - GetList_Active_WithModel : MethodFinish
INFO  2021-08-22 15:09:00,959 WHONETColumnService::? - GetList_Active_WithModel : MethodStart
INFO  2021-08-22 15:09:00,969 WHONETColumnService::? - GetList_Active_WithModel : MethodFinish
INFO  2021-08-22 15:09:09,721 OrganismService::? - GetList_Active_WithModel : MethodStart
INFO  2021-08-22 15:09:09,946 OrganismService::? - GetList_Active_WithModel : MethodFinish
INFO  2021-08-22 15:09:24,508 MasterTemplateService::? - GetList_Active_WithModel : MethodStart
INFO  2021-08-22 15:09:24,515 MasterTemplateService::? - GetList_Active_WithModel : MethodFinish
INFO  2021-08-22 15:09:25,173 WHONETColumnService::? - GetList_Active_WithModel : MethodStart
INFO  2021-08-22 15:09:25,184 WHONETColumnService::? - GetList_Active_WithModel : MethodFinish
INFO  2021-08-22 15:09:37,433 OrganismService::? - GetList_Active_WithModel : MethodStart
INFO  2021-08-22 15:09:37,595 OrganismService::? - GetList_Active_WithModel : MethodFinish
INFO  2021-08-22 15:09:48,480 MasterTemplateService::? - GetList_Active_WithModel : MethodStart
INFO  2021-08-22 15:09:48,496 MasterTemplateService::? - GetList_Active_WithModel : MethodFinish
INFO  2021-08-22 15:09:49,006 WHONETColumnService::? - GetList_Active_WithModel : MethodStart
INFO  2021-08-22 15:09:49,029 WHONETColumnService::? - GetList_Active_WithModel : MethodFinish
INFO  2021-08-22 15:09:57,203 OrganismService::? - GetList_Active_WithModel : MethodStart
INFO  2021-08-22 15:09:57,398 OrganismService::? - GetList_Active_WithModel : MethodFinish
INFO  2021-08-22 15:10:05,918 MasterTemplateService::? - GetList_Active_WithModel : MethodStart
INFO  2021-08-22 15:10:05,924 MasterTemplateService::? - GetList_Active_WithModel : MethodFinish
INFO  2021-08-22 15:10:06,727 WHONETColumnService::? - GetList_Active_WithModel : MethodStart
INFO  2021-08-22 15:10:06,740 WHONETColumnService::? - GetList_Active_WithModel : MethodFinish
INFO  2021-08-22 15:10:13,908 OrganismService::? - GetList_Active_WithModel : MethodStart
INFO  2021-08-22 15:10:14,117 OrganismService::? - GetList_Active_WithModel : MethodFinish
INFO  2021-08-22 15:10:22,671 MasterTemplateService::? - GetList_Active_WithModel : MethodStart
INFO  2021-08-22 15:10:22,677 MasterTemplateService::? - GetList_Active_WithModel : MethodFinish
INFO  2021-08-22 15:10:23,110 WHONETColumnService::? - GetList_Active_WithModel : MethodStart
INFO  2021-08-22 15:10:23,123 WHONETColumnService::? - GetList_Active_WithModel : MethodFinish
INFO  2021-08-22 15:10:36,497 OrganismService::? - GetList_Active_WithModel : MethodStart
INFO  2021-08-22 15:10:36,719 OrganismService::? - GetList_Active_WithModel : MethodFinish
INFO  2021-08-22 15:10:46,966 MasterTemplateService::? - GetList_Active_WithModel : MethodStart
INFO  2021-08-22 15:10:46,979 MasterTemplateService::? - GetList_Active_WithModel : MethodFinish
INFO  2021-08-22 15:10:47,539 WHONETColumnService::? - GetList_Active_WithModel : MethodStart
INFO  2021-08-22 15:10:47,559 WHONETColumnService::? - GetList_Active_WithModel : MethodFinish
INFO  2021-08-22 15:10:56,136 OrganismService::? - GetList_Active_WithModel : MethodStart
INFO  2021-08-22 15:10:56,295 OrganismService::? - GetList_Active_WithModel : MethodFinish
INFO  2021-08-22 15:11:05,568 MasterTemplateService::? - GetList_Active_WithModel : MethodStart
INFO  2021-08-22 15:11:05,573 MasterTemplateService::? - GetList_Active_WithModel : MethodFinish
INFO  2021-08-22 15:11:05,902 WHONETColumnService::? - GetList_Active_WithModel : MethodStart
INFO  2021-08-22 15:11:05,912 WHONETColumnService::? - GetList_Active_WithModel : MethodFinish
INFO  2021-08-22 15:11:26,445 OrganismService::? - GetList_Active_WithModel : MethodStart
INFO  2021-08-22 15:11:26,678 OrganismService::? - GetList_Active_WithModel : MethodFinish
INFO  2021-08-22 15:11:36,056 MasterTemplateService::? - GetList_Active_WithModel : MethodStart
INFO  2021-08-22 15:11:36,062 MasterTemplateService::? - GetList_Active_WithModel : MethodFinish
INFO  2021-08-22 15:11:36,566 WHONETColumnService::? - GetList_Active_WithModel : MethodStart
INFO  2021-08-22 15:11:36,578 WHONETColumnService::? - GetList_Active_WithModel : MethodFinish
INFO  2021-08-22 15:11:46,135 OrganismService::? - GetList_Active_WithModel : MethodStart
INFO  2021-08-22 15:11:48,022 OrganismService::? - GetList_Active_WithModel : MethodFinish
INFO  2021-08-22 15:12:06,972 MasterTemplateService::? - GetList_Active_WithModel : MethodStart
INFO  2021-08-22 15:12:06,990 MasterTemplateService::? - GetList_Active_WithModel : MethodFinish
INFO  2021-08-22 15:12:07,721 WHONETColumnService::? - GetList_Active_WithModel : MethodStart
INFO  2021-08-22 15:12:07,740 WHONETColumnService::? - GetList_Active_WithModel : MethodFinish
INFO  2021-08-22 15:12:18,333 OrganismService::? - GetList_Active_WithModel : MethodStart
INFO  2021-08-22 15:12:18,499 OrganismService::? - GetList_Active_WithModel : MethodFinish
INFO  2021-08-22 15:12:27,850 MasterTemplateService::? - GetList_Active_WithModel : MethodStart
INFO  2021-08-22 15:12:27,861 MasterTemplateService::? - GetList_Active_WithModel : MethodFinish
INFO  2021-08-22 15:12:28,298 WHONETColumnService::? - GetList_Active_WithModel : MethodStart
INFO  2021-08-22 15:12:28,308 WHONETColumnService::? - GetList_Active_WithModel : MethodFinish
INFO  2021-08-22 15:12:44,800 WardTypeService::? - GetList_Active_WithModel : MethodStart
INFO  2021-08-22 15:12:44,861 WardTypeService::? - GetList_Active_WithModel : MethodFinish
INFO  2021-08-22 15:13:15,489 MasterTemplateService::? - GetList_Active_WithModel : MethodStart
INFO  2021-08-22 15:13:15,512 MasterTemplateService::? - GetList_Active_WithModel : MethodFinish
INFO  2021-08-22 15:13:16,346 WHONETColumnService::? - GetList_Active_WithModel : MethodStart
INFO  2021-08-22 15:13:16,370 WHONETColumnService::? - GetList_Active_WithModel : MethodFinish
INFO  2021-08-22 15:13:17,848 WardTypeService::? - GetList_Active_WithModel : MethodStart
INFO  2021-08-22 15:13:17,864 WardTypeService::? - GetList_Active_WithModel : MethodFinish
INFO  2021-08-22 15:13:24,125 MasterTemplateService::? - GetList_Active_WithModel : MethodStart
INFO  2021-08-22 15:13:24,130 MasterTemplateService::? - GetList_Active_WithModel : MethodFinish
INFO  2021-08-22 15:13:24,509 WHONETColumnService::? - GetList_Active_WithModel : MethodStart
INFO  2021-08-22 15:13:24,519 WHONETColumnService::? - GetList_Active_WithModel : MethodFinish
INFO  2021-08-22 15:13:26,503 WardTypeService::? - GetList_Active_WithModel : MethodStart
INFO  2021-08-22 15:13:26,509 WardTypeService::? - GetList_Active_WithModel : MethodFinish
INFO  2021-08-22 15:13:39,792 MasterTemplateService::? - GetList_Active_WithModel : MethodStart
INFO  2021-08-22 15:13:39,802 MasterTemplateService::? - GetList_Active_WithModel : MethodFinish
INFO  2021-08-22 15:13:40,706 WHONETColumnService::? - GetList_Active_WithModel : MethodStart
INFO  2021-08-22 15:13:40,715 WHONETColumnService::? - GetList_Active_WithModel : MethodFinish
INFO  2021-08-22 15:13:46,680 WardTypeService::? - GetList_Active_WithModel : MethodStart
INFO  2021-08-22 15:13:46,687 WardTypeService::? - GetList_Active_WithModel : MethodFinish
INFO  2021-08-22 15:13:54,261 MasterTemplateService::? - GetList_Active_WithModel : MethodStart
INFO  2021-08-22 15:13:54,265 MasterTemplateService::? - GetList_Active_WithModel : MethodFinish
INFO  2021-08-22 15:13:54,657 WHONETColumnService::? - GetList_Active_WithModel : MethodStart
INFO  2021-08-22 15:13:54,682 WHONETColumnService::? - GetList_Active_WithModel : MethodFinish
INFO  2021-08-22 15:13:56,304 WardTypeService::? - GetList_Active_WithModel : MethodStart
INFO  2021-08-22 15:13:56,311 WardTypeService::? - GetList_Active_WithModel : MethodFinish
INFO  2021-08-22 15:14:01,772 MasterTemplateService::? - GetList_Active_WithModel : MethodStart
INFO  2021-08-22 15:14:01,799 MasterTemplateService::? - GetList_Active_WithModel : MethodFinish
INFO  2021-08-22 15:14:03,535 WHONETColumnService::? - GetList_Active_WithModel : MethodStart
INFO  2021-08-22 15:14:03,569 WHONETColumnService::? - GetList_Active_WithModel : MethodFinish
INFO  2021-08-22 15:14:27,222 MasterTemplateService::? - GetList_Active_WithModel : MethodStart
INFO  2021-08-22 15:14:27,241 MasterTemplateService::? - GetList_Active_WithModel : MethodFinish
INFO  2021-08-22 15:14:27,764 WHONETColumnService::? - GetList_Active_WithModel : MethodStart
INFO  2021-08-22 15:14:27,774 WHONETColumnService::? - GetList_Active_WithModel : MethodFinish
INFO  2021-08-22 15:15:12,594 MasterTemplateService::? - GetList_Active_WithModel : MethodStart
INFO  2021-08-22 15:15:12,616 MasterTemplateService::? - GetList_Active_WithModel : MethodFinish
INFO  2021-08-22 15:15:55,298 MasterTemplateService::? - GetList_Active_WithModel : MethodStart
INFO  2021-08-22 15:15:55,302 MasterTemplateService::? - GetList_Active_WithModel : MethodFinish
INFO  2021-08-22 15:17:15,273 MasterTemplateService::? - GetList_Active_WithModel : MethodStart
INFO  2021-08-22 15:17:15,288 MasterTemplateService::? - GetList_Active_WithModel : MethodFinish
INFO  2021-08-22 15:49:30,763 SpecimenService::? - GetList_Mapping_Active_WithModel : MethodStart
INFO  2021-08-22 15:49:30,763 MasterTemplateService::? - GetList_Active_WithModel : MethodStart
INFO  2021-08-22 15:49:33,145 MasterTemplateService::? - GetList_Active_WithModel : MethodFinish
INFO  2021-08-22 15:49:33,145 SpecimenService::? - GetList_Mapping_Active_WithModel : MethodFinish
INFO  2021-08-22 15:49:34,283 WHONETColumnService::? - GetList_Active_WithModel : MethodStart
INFO  2021-08-22 15:49:34,451 WHONETColumnService::? - GetList_Active_WithModel : MethodFinish
