INFO  2021-11-09 10:27:39,340 MasterTemplateService::? - GetListWithModel : MethodStart
INFO  2021-11-09 10:27:40,917 MasterTemplateService::? - GetListWithModel : MethodFinish
INFO  2021-11-09 10:28:07,717 MasterTemplateService::? - GetData : MethodStart
INFO  2021-11-09 10:28:07,872 MasterTemplateService::? - GetData : MethodFinish
INFO  2021-11-09 10:33:21,867 MasterTemplateService::? - GetListWithModel : MethodStart
INFO  2021-11-09 10:33:23,067 MasterTemplateService::? - GetListWithModel : MethodFinish
INFO  2021-11-09 10:33:31,002 MasterTemplateService::? - GetData : MethodStart
INFO  2021-11-09 10:33:31,155 MasterTemplateService::? - GetData : MethodFinish
INFO  2021-11-09 10:39:51,193 MasterTemplateService::? - GetListWithModel : MethodStart
INFO  2021-11-09 10:39:52,483 MasterTemplateService::? - GetListWithModel : MethodFinish
INFO  2021-11-09 10:40:00,269 MasterTemplateService::? - GetData : MethodStart
INFO  2021-11-09 10:40:00,460 MasterTemplateService::? - GetData : MethodFinish
INFO  2021-11-09 10:52:39,194 MasterTemplateService::? - GetListWithModel : MethodStart
INFO  2021-11-09 10:52:40,378 MasterTemplateService::? - GetListWithModel : MethodFinish
INFO  2021-11-09 10:53:32,074 MasterTemplateService::? - GetData : MethodStart
INFO  2021-11-09 10:53:32,221 MasterTemplateService::? - GetData : MethodFinish
INFO  2021-11-09 11:07:17,771 MasterTemplateService::? - GetListWithModel : MethodStart
INFO  2021-11-09 11:07:19,005 MasterTemplateService::? - GetListWithModel : MethodFinish
INFO  2021-11-09 11:07:25,046 MasterTemplateService::? - GetData : MethodStart
INFO  2021-11-09 11:07:25,202 MasterTemplateService::? - GetData : MethodFinish
INFO  2021-11-09 11:14:41,031 MasterTemplateService::? - GetListWithModel : MethodStart
INFO  2021-11-09 11:14:42,349 MasterTemplateService::? - GetListWithModel : MethodFinish
INFO  2021-11-09 11:18:34,062 MasterTemplateService::? - GetData : MethodStart
INFO  2021-11-09 11:18:34,213 MasterTemplateService::? - GetData : MethodFinish
INFO  2021-11-09 11:21:22,670 MasterTemplateService::? - GetListWithModel : MethodStart
INFO  2021-11-09 11:21:24,022 MasterTemplateService::? - GetListWithModel : MethodFinish
INFO  2021-11-09 11:22:59,236 MasterTemplateService::? - GetData : MethodStart
INFO  2021-11-09 11:22:59,385 MasterTemplateService::? - GetData : MethodFinish
INFO  2021-11-09 12:08:06,575 SpecimenService::? - GetList_Active_WithModel : MethodStart
INFO  2021-11-09 12:08:07,845 SpecimenService::? - GetList_Active_WithModel : MethodFinish
INFO  2021-11-09 12:13:04,754 SpecimenService::? - GetList_Active_WithModel : MethodStart
INFO  2021-11-09 12:13:04,866 SpecimenService::? - GetList_Active_WithModel : MethodFinish
INFO  2021-11-09 12:18:12,147 SpecimenService::? - GetList_Active_WithModel : MethodStart
INFO  2021-11-09 12:18:12,448 SpecimenService::? - GetList_Active_WithModel : MethodFinish
INFO  2021-11-09 12:19:47,334 SpecimenService::? - GetList_Active_WithModel : MethodStart
INFO  2021-11-09 12:19:47,460 SpecimenService::? - GetList_Active_WithModel : MethodFinish
INFO  2021-11-09 13:03:49,897 SpecimenService::? - GetList_Active_WithModel : MethodStart
INFO  2021-11-09 13:03:50,138 SpecimenService::? - GetList_Active_WithModel : MethodFinish
INFO  2021-11-09 13:05:04,542 SpecimenService::? - GetList_Active_WithModel : MethodStart
INFO  2021-11-09 13:05:04,646 SpecimenService::? - GetList_Active_WithModel : MethodFinish
INFO  2021-11-09 13:08:31,573 SpecimenService::? - GetList_Active_WithModel : MethodStart
INFO  2021-11-09 13:08:31,833 SpecimenService::? - GetList_Active_WithModel : MethodFinish
INFO  2021-11-09 13:08:44,974 SpecimenService::? - GetList_Active_WithModel : MethodStart
INFO  2021-11-09 13:08:45,083 SpecimenService::? - GetList_Active_WithModel : MethodFinish
INFO  2021-11-09 13:13:07,628 SpecimenService::? - GetList_Active_WithModel : MethodStart
INFO  2021-11-09 13:13:07,908 SpecimenService::? - GetList_Active_WithModel : MethodFinish
INFO  2021-11-09 13:27:56,512 SpecimenService::? - GetList_Active_WithModel : MethodStart
INFO  2021-11-09 13:27:56,747 SpecimenService::? - GetList_Active_WithModel : MethodFinish
INFO  2021-11-09 13:28:01,802 SpecimenService::? - GetList_Active_WithModel : MethodStart
INFO  2021-11-09 13:28:01,897 SpecimenService::? - GetList_Active_WithModel : MethodFinish
INFO  2021-11-09 13:28:05,109 SpecimenService::? - GetList_Active_WithModel : MethodStart
INFO  2021-11-09 13:28:05,204 SpecimenService::? - GetList_Active_WithModel : MethodFinish
INFO  2021-11-09 13:28:09,376 SpecimenService::? - GetList_Active_WithModel : MethodStart
INFO  2021-11-09 13:28:09,470 SpecimenService::? - GetList_Active_WithModel : MethodFinish
INFO  2021-11-09 13:28:11,704 SpecimenService::? - GetList_Active_WithModel : MethodStart
INFO  2021-11-09 13:28:11,796 SpecimenService::? - GetList_Active_WithModel : MethodFinish
INFO  2021-11-09 13:46:59,130 SpecimenService::? - GetList_Active_WithModel : MethodStart
INFO  2021-11-09 13:47:00,375 SpecimenService::? - GetList_Active_WithModel : MethodFinish
INFO  2021-11-09 13:47:38,728 SpecimenService::? - GetList_Active_WithModel : MethodStart
INFO  2021-11-09 13:47:38,847 SpecimenService::? - GetList_Active_WithModel : MethodFinish
INFO  2021-11-09 13:57:29,282 SpecimenService::? - GetList_Active_WithModel : MethodStart
INFO  2021-11-09 13:57:30,570 SpecimenService::? - GetList_Active_WithModel : MethodFinish
INFO  2021-11-09 13:57:36,150 SpecimenService::? - GetList_Active_WithModel : MethodStart
INFO  2021-11-09 13:57:36,270 SpecimenService::? - GetList_Active_WithModel : MethodFinish
INFO  2021-11-09 14:13:41,041 SpecimenService::? - GetList_Active_WithModel : MethodStart
INFO  2021-11-09 14:13:41,357 SpecimenService::? - GetList_Active_WithModel : MethodFinish
INFO  2021-11-09 14:13:59,554 SpecimenService::? - GetList_Active_WithModel : MethodStart
INFO  2021-11-09 14:13:59,680 SpecimenService::? - GetList_Active_WithModel : MethodFinish
INFO  2021-11-09 14:14:45,016 SpecimenService::? - GetList_Active_WithModel : MethodStart
INFO  2021-11-09 14:14:45,130 SpecimenService::? - GetList_Active_WithModel : MethodFinish
INFO  2021-11-09 14:21:33,134 SpecimenService::? - GetList_Active_WithModel : MethodStart
INFO  2021-11-09 14:21:34,375 SpecimenService::? - GetList_Active_WithModel : MethodFinish
INFO  2021-11-09 14:24:28,067 MasterHospitalService::? - GetListWithModel : MethodStart
INFO  2021-11-09 14:24:30,830 MasterHospitalService::? - GetListWithModel : MethodFinish
INFO  2021-11-09 14:25:52,617 MasterHospitalService::? - GetListWithModel : MethodStart
INFO  2021-11-09 14:25:52,872 MasterHospitalService::? - GetListWithModel : MethodFinish
INFO  2021-11-09 14:26:51,216 MasterHospitalService::? - SaveData : MethodStart
INFO  2021-11-09 14:26:51,621 MasterHospitalService::? - SaveData : MethodFinish
INFO  2021-11-09 14:26:52,687 MasterHospitalService::? - GetListWithModel : MethodStart
INFO  2021-11-09 14:26:52,927 MasterHospitalService::? - GetListWithModel : MethodFinish
INFO  2021-11-09 14:28:34,468 MasterTemplateService::? - GetList_Active_WithModel : MethodStart
INFO  2021-11-09 14:28:34,595 MasterTemplateService::? - GetList_Active_WithModel : MethodFinish
INFO  2021-11-09 14:58:47,131 SpecimenService::? - GetList_Active_WithModel : MethodStart
INFO  2021-11-09 14:58:48,384 SpecimenService::? - GetList_Active_WithModel : MethodFinish
INFO  2021-11-09 15:00:52,534 MasterTemplateService::? - GetList_Active_WithModel : MethodStart
INFO  2021-11-09 15:00:52,676 MasterTemplateService::? - GetList_Active_WithModel : MethodFinish
INFO  2021-11-09 15:00:56,914 WHONETColumnService::? - GetList_Active_WithModel : MethodStart
INFO  2021-11-09 15:00:57,077 WHONETColumnService::? - GetList_Active_WithModel : MethodFinish
INFO  2021-11-09 15:01:03,972 SpecimenService::? - GetList_Active_WithModel : MethodStart
INFO  2021-11-09 15:01:04,078 SpecimenService::? - GetList_Active_WithModel : MethodFinish
INFO  2021-11-09 15:01:08,648 SpecimenService::? - GetList_Active_WithModel : MethodStart
INFO  2021-11-09 15:01:08,755 SpecimenService::? - GetList_Active_WithModel : MethodFinish
INFO  2021-11-09 15:05:42,009 SpecimenService::? - GetList_Active_WithModel : MethodStart
INFO  2021-11-09 15:05:42,291 SpecimenService::? - GetList_Active_WithModel : MethodFinish
INFO  2021-11-09 15:05:48,314 SpecimenService::? - GetList_Active_WithModel : MethodStart
INFO  2021-11-09 15:05:48,421 SpecimenService::? - GetList_Active_WithModel : MethodFinish
INFO  2021-11-09 15:06:35,224 SpecimenService::? - GetList_Active_WithModel : MethodStart
INFO  2021-11-09 15:06:35,347 SpecimenService::? - GetList_Active_WithModel : MethodFinish
INFO  2021-11-09 15:07:18,572 SpecimenService::? - GetList_Active_WithModel : MethodStart
INFO  2021-11-09 15:07:18,690 SpecimenService::? - GetList_Active_WithModel : MethodFinish
INFO  2021-11-09 15:15:07,921 SpecimenService::? - GetList_Active_WithModel : MethodStart
INFO  2021-11-09 15:15:09,223 SpecimenService::? - GetList_Active_WithModel : MethodFinish
INFO  2021-11-09 15:19:17,687 SpecimenService::? - GetList_Active_WithModel : MethodStart
INFO  2021-11-09 15:19:17,797 SpecimenService::? - GetList_Active_WithModel : MethodFinish
INFO  2021-11-09 15:19:36,582 SpecimenService::? - GetList_Active_WithModel : MethodStart
INFO  2021-11-09 15:19:36,715 SpecimenService::? - GetList_Active_WithModel : MethodFinish
INFO  2021-11-09 15:19:49,795 SpecimenService::? - GetList_Active_WithModel : MethodStart
INFO  2021-11-09 15:19:49,905 SpecimenService::? - GetList_Active_WithModel : MethodFinish
INFO  2021-11-09 15:54:14,478 SpecimenService::? - GetList_Active_WithModel : MethodStart
INFO  2021-11-09 15:54:14,740 SpecimenService::? - GetList_Active_WithModel : MethodFinish
INFO  2021-11-09 15:54:16,802 SpecimenService::? - GetList_Active_WithModel : MethodStart
INFO  2021-11-09 15:54:16,902 SpecimenService::? - GetList_Active_WithModel : MethodFinish
INFO  2021-11-09 15:55:28,358 SpecimenService::? - GetList_Active_WithModel : MethodStart
INFO  2021-11-09 15:55:28,462 SpecimenService::? - GetList_Active_WithModel : MethodFinish
INFO  2021-11-09 15:58:57,237 SpecimenService::? - GetList_Active_WithModel : MethodStart
INFO  2021-11-09 15:58:57,344 SpecimenService::? - GetList_Active_WithModel : MethodFinish
INFO  2021-11-09 15:59:02,246 SpecimenService::? - GetList_Active_WithModel : MethodStart
INFO  2021-11-09 15:59:02,351 SpecimenService::? - GetList_Active_WithModel : MethodFinish
INFO  2021-11-09 16:38:23,220 MasterTemplateService::? - GetListWithModel : MethodStart
INFO  2021-11-09 16:38:23,501 MasterTemplateService::? - GetListWithModel : MethodFinish
INFO  2021-11-09 16:43:19,313 MasterTemplateService::? - GetList_Active_WithModel : MethodStart
INFO  2021-11-09 16:43:19,428 MasterTemplateService::? - GetList_Active_WithModel : MethodFinish
INFO  2021-11-09 16:43:23,987 WHONETColumnService::? - GetList_Active_WithModel : MethodStart
INFO  2021-11-09 16:43:24,109 WHONETColumnService::? - GetList_Active_WithModel : MethodFinish
INFO  2021-11-09 17:06:08,204 MasterTemplateService::? - GetList_Active_WithModel : MethodStart
INFO  2021-11-09 17:06:09,400 MasterTemplateService::? - GetList_Active_WithModel : MethodFinish
INFO  2021-11-09 17:06:13,886 WHONETColumnService::? - GetList_Active_WithModel : MethodStart
INFO  2021-11-09 17:06:14,009 WHONETColumnService::? - GetList_Active_WithModel : MethodFinish
INFO  2021-11-09 17:19:08,159 MasterTemplateService::? - GetListWithModel : MethodStart
INFO  2021-11-09 17:19:09,376 MasterTemplateService::? - GetListWithModel : MethodFinish
INFO  2021-11-09 17:21:01,971 MasterTemplateService::? - GetListWithModel : MethodStart
INFO  2021-11-09 17:21:02,076 MasterTemplateService::? - GetListWithModel : MethodFinish
INFO  2021-11-09 17:21:08,107 MasterTemplateService::? - GetList_Active_WithModel : MethodStart
INFO  2021-11-09 17:21:08,263 MasterTemplateService::? - GetList_Active_WithModel : MethodFinish
INFO  2021-11-09 17:21:41,533 WHONETColumnService::? - GetList_Active_WithModel : MethodStart
INFO  2021-11-09 17:21:41,661 WHONETColumnService::? - GetList_Active_WithModel : MethodFinish
INFO  2021-11-09 17:22:03,599 SpecimenService::? - GetList_Mapping_Active_WithModel : MethodStart
INFO  2021-11-09 17:22:03,728 SpecimenService::? - GetList_Mapping_Active_WithModel : MethodFinish
INFO  2021-11-09 17:22:11,797 SpecimenService::? - GetList_Mapping_Active_WithModel : MethodStart
INFO  2021-11-09 17:22:11,898 SpecimenService::? - GetList_Mapping_Active_WithModel : MethodFinish
INFO  2021-11-09 17:22:29,988 MasterTemplateService::? - GetList_Active_WithModel : MethodStart
INFO  2021-11-09 17:22:30,085 MasterTemplateService::? - GetList_Active_WithModel : MethodFinish
INFO  2021-11-09 17:46:54,307 MasterTemplateService::? - GetListWithModel : MethodStart
INFO  2021-11-09 17:46:55,472 MasterTemplateService::? - GetListWithModel : MethodFinish
INFO  2021-11-09 17:47:01,747 MasterTemplateService::? - GetList_Active_WithModel : MethodStart
INFO  2021-11-09 17:47:01,857 MasterTemplateService::? - GetList_Active_WithModel : MethodFinish
INFO  2021-11-09 17:47:14,015 WHONETColumnService::? - GetList_Active_WithModel : MethodStart
INFO  2021-11-09 17:47:14,172 WHONETColumnService::? - GetList_Active_WithModel : MethodFinish
INFO  2021-11-09 17:48:06,375 SpecimenService::? - GetList_Mapping_Active_WithModel : MethodStart
INFO  2021-11-09 17:48:06,497 SpecimenService::? - GetList_Mapping_Active_WithModel : MethodFinish
INFO  2021-11-09 17:48:18,484 MasterTemplateService::? - GetList_Active_WithModel : MethodStart
INFO  2021-11-09 17:48:18,583 MasterTemplateService::? - GetList_Active_WithModel : MethodFinish
INFO  2021-11-09 17:48:19,485 WHONETColumnService::? - GetList_Active_WithModel : MethodStart
INFO  2021-11-09 17:48:19,596 WHONETColumnService::? - GetList_Active_WithModel : MethodFinish
INFO  2021-11-09 17:57:16,978 MasterTemplateService::? - GetList_Active_WithModel : MethodStart
INFO  2021-11-09 17:57:18,205 MasterTemplateService::? - GetList_Active_WithModel : MethodFinish
INFO  2021-11-09 17:57:22,571 WHONETColumnService::? - GetList_Active_WithModel : MethodStart
INFO  2021-11-09 17:57:22,708 WHONETColumnService::? - GetList_Active_WithModel : MethodFinish
INFO  2021-11-09 17:57:31,201 SpecimenService::? - GetList_Mapping_Active_WithModel : MethodStart
INFO  2021-11-09 17:57:31,391 SpecimenService::? - GetList_Mapping_Active_WithModel : MethodFinish
INFO  2021-11-09 17:57:42,669 MasterTemplateService::? - GetList_Active_WithModel : MethodStart
INFO  2021-11-09 17:57:42,789 MasterTemplateService::? - GetList_Active_WithModel : MethodFinish
INFO  2021-11-09 17:57:43,722 WHONETColumnService::? - GetList_Active_WithModel : MethodStart
INFO  2021-11-09 17:57:43,839 WHONETColumnService::? - GetList_Active_WithModel : MethodFinish
