INFO  2022-06-06 14:31:52,972 MasterTemplateService::? - GetList_Active_WithModel : MethodStart
INFO  2022-06-06 14:31:54,864 MasterTemplateService::? - GetList_Active_WithModel : MethodFinish
INFO  2022-06-06 14:55:36,980 MasterTemplateService::? - GetList_Active_WithModel : MethodStart
INFO  2022-06-06 14:55:38,344 MasterTemplateService::? - GetList_Active_WithModel : MethodFinish
INFO  2022-06-06 15:44:35,451 MasterTemplateService::? - GetList_Active_WithModel : MethodStart
INFO  2022-06-06 15:44:37,106 MasterTemplateService::? - GetList_Active_WithModel : MethodFinish
INFO  2022-06-06 15:44:47,092 SpecimenService::? - GetList_Mapping_Active_WithModel : MethodStart
INFO  2022-06-06 15:44:47,252 SpecimenService::? - GetList_Mapping_Active_WithModel : MethodFinish
INFO  2022-06-06 15:44:58,099 MasterTemplateService::? - GetList_Active_WithModel : MethodStart
INFO  2022-06-06 15:44:58,234 MasterTemplateService::? - GetList_Active_WithModel : MethodFinish
INFO  2022-06-06 15:44:59,084 WHONETColumnService::? - GetList_Active_WithModel : MethodStart
INFO  2022-06-06 15:44:59,209 WHONETColumnService::? - GetList_Active_WithModel : MethodFinish
INFO  2022-06-06 15:46:14,853 SpecimenService::? - GetList_Mapping_Active_WithModel : MethodStart
INFO  2022-06-06 15:46:14,968 SpecimenService::? - GetList_Mapping_Active_WithModel : MethodFinish
INFO  2022-06-06 15:46:21,205 MasterTemplateService::? - GetList_Active_WithModel : MethodStart
INFO  2022-06-06 15:46:21,313 MasterTemplateService::? - GetList_Active_WithModel : MethodFinish
INFO  2022-06-06 15:46:22,212 WHONETColumnService::? - GetList_Active_WithModel : MethodStart
INFO  2022-06-06 15:46:22,327 WHONETColumnService::? - GetList_Active_WithModel : MethodFinish
INFO  2022-06-06 15:46:30,634 WardTypeService::? - GetList_Active_WithModel : MethodStart
INFO  2022-06-06 15:46:30,769 WardTypeService::? - GetList_Active_WithModel : MethodFinish
INFO  2022-06-06 15:46:36,584 MasterTemplateService::? - GetList_Active_WithModel : MethodStart
INFO  2022-06-06 15:46:36,692 MasterTemplateService::? - GetList_Active_WithModel : MethodFinish
INFO  2022-06-06 15:46:37,419 WHONETColumnService::? - GetList_Active_WithModel : MethodStart
INFO  2022-06-06 15:46:37,531 WHONETColumnService::? - GetList_Active_WithModel : MethodFinish
INFO  2022-06-06 15:46:38,624 WardTypeService::? - GetList_Active_WithModel : MethodStart
INFO  2022-06-06 15:46:38,734 WardTypeService::? - GetList_Active_WithModel : MethodFinish
INFO  2022-06-06 15:46:43,546 MasterTemplateService::? - GetList_Active_WithModel : MethodStart
INFO  2022-06-06 15:46:43,654 MasterTemplateService::? - GetList_Active_WithModel : MethodFinish
INFO  2022-06-06 15:46:44,395 WHONETColumnService::? - GetList_Active_WithModel : MethodStart
INFO  2022-06-06 15:46:44,507 WHONETColumnService::? - GetList_Active_WithModel : MethodFinish
INFO  2022-06-06 15:46:45,303 WardTypeService::? - GetList_Active_WithModel : MethodStart
INFO  2022-06-06 15:46:45,415 WardTypeService::? - GetList_Active_WithModel : MethodFinish
INFO  2022-06-06 15:46:50,717 MasterTemplateService::? - GetList_Active_WithModel : MethodStart
INFO  2022-06-06 15:46:50,822 MasterTemplateService::? - GetList_Active_WithModel : MethodFinish
INFO  2022-06-06 15:46:51,562 WHONETColumnService::? - GetList_Active_WithModel : MethodStart
INFO  2022-06-06 15:46:51,672 WHONETColumnService::? - GetList_Active_WithModel : MethodFinish
INFO  2022-06-06 15:46:55,546 MasterTemplateService::? - GetList_Active_WithModel : MethodStart
INFO  2022-06-06 15:46:55,652 MasterTemplateService::? - GetList_Active_WithModel : MethodFinish
INFO  2022-06-06 15:46:56,515 WHONETColumnService::? - GetList_Active_WithModel : MethodStart
INFO  2022-06-06 15:46:56,626 WHONETColumnService::? - GetList_Active_WithModel : MethodFinish
INFO  2022-06-06 15:47:13,844 MasterTemplateService::? - GetList_Active_WithModel : MethodStart
INFO  2022-06-06 15:47:13,958 MasterTemplateService::? - GetList_Active_WithModel : MethodFinish
INFO  2022-06-06 17:44:09,393 MasterTemplateService::? - GetList_Active_WithModel : MethodStart
INFO  2022-06-06 17:44:10,851 MasterTemplateService::? - GetList_Active_WithModel : MethodFinish
INFO  2022-06-06 17:47:34,787 MasterTemplateService::? - GetList_Active_WithModel : MethodStart
INFO  2022-06-06 17:47:34,899 MasterTemplateService::? - GetList_Active_WithModel : MethodFinish
INFO  2022-06-06 17:47:51,024 MasterTemplateService::? - GetList_Active_WithModel : MethodStart
INFO  2022-06-06 17:47:51,173 MasterTemplateService::? - GetList_Active_WithModel : MethodFinish
INFO  2022-06-06 17:48:18,183 MasterTemplateService::? - GetList_Active_WithModel : MethodStart
INFO  2022-06-06 17:48:18,289 MasterTemplateService::? - GetList_Active_WithModel : MethodFinish
INFO  2022-06-06 17:49:30,753 MasterTemplateService::? - GetList_Active_WithModel : MethodStart
INFO  2022-06-06 17:49:30,866 MasterTemplateService::? - GetList_Active_WithModel : MethodFinish
