INFO  2022-09-13 15:40:32,074 SpecimenService::? - GetList_Mapping_Active_WithModel : MethodStart
INFO  2022-09-13 15:40:35,151 SpecimenService::? - GetList_Mapping_Active_WithModel : MethodFinish
INFO  2022-09-13 15:43:01,310 MasterTemplateService::? - GetList_Active_WithModel : MethodStart
INFO  2022-09-13 15:43:01,468 MasterTemplateService::? - GetList_Active_WithModel : MethodFinish
INFO  2022-09-13 15:43:03,246 WHONETColumnService::? - GetList_Active_WithModel : MethodStart
INFO  2022-09-13 15:43:03,468 WHONETColumnService::? - GetList_Active_WithModel : MethodFinish
INFO  2022-09-13 15:44:35,028 MasterTemplateService::? - GetList_Active_WithModel : MethodStart
INFO  2022-09-13 15:44:35,141 MasterTemplateService::? - GetList_Active_WithModel : MethodFinish
INFO  2022-09-13 15:45:10,421 MasterTemplateService::? - GetList_Active_WithModel : MethodStart
INFO  2022-09-13 15:45:10,537 MasterTemplateService::? - GetList_Active_WithModel : MethodFinish
INFO  2022-09-13 15:52:13,014 SpecimenService::? - GetList_Mapping_Active_WithModel : MethodStart
INFO  2022-09-13 15:52:13,296 SpecimenService::? - GetList_Mapping_Active_WithModel : MethodFinish
INFO  2022-09-13 15:52:18,673 MasterTemplateService::? - GetList_Active_WithModel : MethodStart
INFO  2022-09-13 15:52:18,777 MasterTemplateService::? - GetList_Active_WithModel : MethodFinish
INFO  2022-09-13 15:52:19,736 WHONETColumnService::? - GetList_Active_WithModel : MethodStart
INFO  2022-09-13 15:52:19,845 WHONETColumnService::? - GetList_Active_WithModel : MethodFinish
INFO  2022-09-13 15:54:49,683 MasterTemplateService::? - GetList_Active_WithModel : MethodStart
INFO  2022-09-13 15:54:49,796 MasterTemplateService::? - GetList_Active_WithModel : MethodFinish
INFO  2022-09-13 15:54:50,895 WHONETColumnService::? - GetList_Active_WithModel : MethodStart
INFO  2022-09-13 15:54:51,001 WHONETColumnService::? - GetList_Active_WithModel : MethodFinish
INFO  2022-09-13 15:57:27,697 MasterTemplateService::? - GetList_Active_WithModel : MethodStart
INFO  2022-09-13 15:57:27,850 MasterTemplateService::? - GetList_Active_WithModel : MethodFinish
INFO  2022-09-13 16:01:00,545 MasterTemplateService::? - GetList_Active_WithModel : MethodStart
INFO  2022-09-13 16:01:00,650 MasterTemplateService::? - GetList_Active_WithModel : MethodFinish
INFO  2022-09-13 16:39:04,515 MasterTemplateService::? - GetList_Active_WithModel : MethodStart
INFO  2022-09-13 16:39:04,764 MasterTemplateService::? - GetList_Active_WithModel : MethodFinish
INFO  2022-09-13 16:41:45,348 MasterTemplateService::? - GetList_Active_WithModel : MethodStart
INFO  2022-09-13 16:41:45,459 MasterTemplateService::? - GetList_Active_WithModel : MethodFinish
INFO  2022-09-13 16:46:09,333 MasterTemplateService::? - GetList_Active_WithModel : MethodStart
INFO  2022-09-13 16:46:09,718 MasterTemplateService::? - GetList_Active_WithModel : MethodFinish
INFO  2022-09-13 16:54:25,896 MasterTemplateService::? - GetList_Active_WithModel : MethodStart
INFO  2022-09-13 16:54:28,491 MasterTemplateService::? - GetList_Active_WithModel : MethodFinish
INFO  2022-09-13 16:55:07,613 MasterTemplateService::? - GetList_Active_WithModel : MethodStart
INFO  2022-09-13 16:55:07,748 MasterTemplateService::? - GetList_Active_WithModel : MethodFinish
INFO  2022-09-13 19:32:43,147 MasterTemplateService::? - GetList_Active_WithModel : MethodStart
INFO  2022-09-13 19:32:45,479 MasterTemplateService::? - GetList_Active_WithModel : MethodFinish
INFO  2022-09-13 19:35:55,000 MasterTemplateService::? - GetList_Active_WithModel : MethodStart
INFO  2022-09-13 19:35:55,129 MasterTemplateService::? - GetList_Active_WithModel : MethodFinish
