INFO  2022-02-15 11:28:16,482 MasterHospitalService::? - GetListWithModel : MethodStart
INFO  2022-02-15 11:28:20,521 MasterHospitalService::? - GetListWithModel : MethodFinish
INFO  2022-02-15 11:28:33,453 MasterHospitalService::? - GetListWithModel : MethodStart
INFO  2022-02-15 11:28:33,661 MasterHospitalService::? - GetListWithModel : MethodFinish
INFO  2022-02-15 11:28:44,212 MasterHospitalService::? - GetListWithModel : MethodStart
INFO  2022-02-15 11:28:44,456 MasterHospitalService::? - GetListWithModel : MethodFinish
INFO  2022-02-15 11:28:58,505 SpecimenService::? - GetList_Mapping_Active_WithModel : MethodStart
INFO  2022-02-15 11:28:58,704 SpecimenService::? - GetList_Mapping_Active_WithModel : MethodFinish
INFO  2022-02-15 11:29:36,659 MasterTemplateService::? - GetList_Active_WithModel : MethodStart
INFO  2022-02-15 11:29:36,790 MasterTemplateService::? - GetList_Active_WithModel : MethodFinish
INFO  2022-02-15 11:29:38,492 WHONETColumnService::? - GetList_Active_WithModel : MethodStart
INFO  2022-02-15 11:29:38,623 WHONETColumnService::? - GetList_Active_WithModel : MethodFinish
INFO  2022-02-15 11:29:47,741 OrganismService::? - GetList_Active_WithModel : MethodStart
INFO  2022-02-15 11:29:47,915 OrganismService::? - GetList_Active_WithModel : MethodFinish
INFO  2022-02-15 11:30:09,461 MasterTemplateService::? - GetList_Active_WithModel : MethodStart
INFO  2022-02-15 11:30:09,558 MasterTemplateService::? - GetList_Active_WithModel : MethodFinish
INFO  2022-02-15 11:30:10,490 WHONETColumnService::? - GetList_Active_WithModel : MethodStart
INFO  2022-02-15 11:30:10,586 WHONETColumnService::? - GetList_Active_WithModel : MethodFinish
INFO  2022-02-15 11:30:21,077 OrganismService::? - GetList_Active_WithModel : MethodStart
INFO  2022-02-15 11:30:21,235 OrganismService::? - GetList_Active_WithModel : MethodFinish
INFO  2022-02-15 11:30:30,851 MasterTemplateService::? - GetList_Active_WithModel : MethodStart
INFO  2022-02-15 11:30:30,948 MasterTemplateService::? - GetList_Active_WithModel : MethodFinish
INFO  2022-02-15 11:30:31,846 WHONETColumnService::? - GetList_Active_WithModel : MethodStart
INFO  2022-02-15 11:30:31,943 WHONETColumnService::? - GetList_Active_WithModel : MethodFinish
INFO  2022-02-15 11:31:07,961 OrganismService::? - GetList_Active_WithModel : MethodStart
INFO  2022-02-15 11:31:08,137 OrganismService::? - GetList_Active_WithModel : MethodFinish
INFO  2022-02-15 11:31:16,258 MasterTemplateService::? - GetList_Active_WithModel : MethodStart
INFO  2022-02-15 11:31:16,368 MasterTemplateService::? - GetList_Active_WithModel : MethodFinish
INFO  2022-02-15 11:31:17,269 WHONETColumnService::? - GetList_Active_WithModel : MethodStart
INFO  2022-02-15 11:31:17,372 WHONETColumnService::? - GetList_Active_WithModel : MethodFinish
INFO  2022-02-15 11:31:21,181 MasterTemplateService::? - GetList_Active_WithModel : MethodStart
INFO  2022-02-15 11:31:21,290 MasterTemplateService::? - GetList_Active_WithModel : MethodFinish
INFO  2022-02-15 11:31:22,146 WHONETColumnService::? - GetList_Active_WithModel : MethodStart
INFO  2022-02-15 11:31:22,247 WHONETColumnService::? - GetList_Active_WithModel : MethodFinish
INFO  2022-02-15 11:31:59,800 SpecimenService::? - GetList_Mapping_Active_WithModel : MethodStart
INFO  2022-02-15 11:31:59,904 SpecimenService::? - GetList_Mapping_Active_WithModel : MethodFinish
INFO  2022-02-15 11:32:02,017 MasterTemplateService::? - GetList_Active_WithModel : MethodStart
INFO  2022-02-15 11:32:02,114 MasterTemplateService::? - GetList_Active_WithModel : MethodFinish
INFO  2022-02-15 11:32:03,067 WHONETColumnService::? - GetList_Active_WithModel : MethodStart
INFO  2022-02-15 11:32:03,169 WHONETColumnService::? - GetList_Active_WithModel : MethodFinish
INFO  2022-02-15 11:32:37,090 MasterTemplateService::? - GetList_Active_WithModel : MethodStart
INFO  2022-02-15 11:32:37,193 MasterTemplateService::? - GetList_Active_WithModel : MethodFinish
INFO  2022-02-15 11:32:38,042 WHONETColumnService::? - GetList_Active_WithModel : MethodStart
INFO  2022-02-15 11:32:38,148 WHONETColumnService::? - GetList_Active_WithModel : MethodFinish
INFO  2022-02-15 11:37:27,537 SpecimenService::? - GetList_Mapping_Active_WithModel : MethodStart
INFO  2022-02-15 11:37:27,637 SpecimenService::? - GetList_Mapping_Active_WithModel : MethodFinish
INFO  2022-02-15 11:41:10,527 MasterTemplateService::? - GetList_Active_WithModel : MethodStart
INFO  2022-02-15 11:41:10,820 MasterTemplateService::? - GetList_Active_WithModel : MethodFinish
INFO  2022-02-15 11:41:11,878 WHONETColumnService::? - GetList_Active_WithModel : MethodStart
INFO  2022-02-15 11:41:11,993 WHONETColumnService::? - GetList_Active_WithModel : MethodFinish
INFO  2022-02-15 11:42:02,991 MasterTemplateService::? - GetList_Active_WithModel : MethodStart
INFO  2022-02-15 11:42:03,107 MasterTemplateService::? - GetList_Active_WithModel : MethodFinish
INFO  2022-02-15 11:42:04,246 WHONETColumnService::? - GetList_Active_WithModel : MethodStart
INFO  2022-02-15 11:42:04,365 WHONETColumnService::? - GetList_Active_WithModel : MethodFinish
INFO  2022-02-15 11:42:19,310 MasterTemplateService::? - GetList_Active_WithModel : MethodStart
INFO  2022-02-15 11:42:19,422 MasterTemplateService::? - GetList_Active_WithModel : MethodFinish
INFO  2022-02-15 11:42:20,347 WHONETColumnService::? - GetList_Active_WithModel : MethodStart
INFO  2022-02-15 11:42:20,455 WHONETColumnService::? - GetList_Active_WithModel : MethodFinish
INFO  2022-02-15 11:42:44,381 MasterTemplateService::? - GetList_Active_WithModel : MethodStart
INFO  2022-02-15 11:42:44,503 MasterTemplateService::? - GetList_Active_WithModel : MethodFinish
INFO  2022-02-15 11:42:45,897 WHONETColumnService::? - GetList_Active_WithModel : MethodStart
INFO  2022-02-15 11:42:46,026 WHONETColumnService::? - GetList_Active_WithModel : MethodFinish
INFO  2022-02-15 11:42:57,203 MasterTemplateService::? - GetList_Active_WithModel : MethodStart
INFO  2022-02-15 11:42:57,312 MasterTemplateService::? - GetList_Active_WithModel : MethodFinish
INFO  2022-02-15 11:42:58,436 WHONETColumnService::? - GetList_Active_WithModel : MethodStart
INFO  2022-02-15 11:42:58,552 WHONETColumnService::? - GetList_Active_WithModel : MethodFinish
INFO  2022-02-15 11:43:16,994 MasterTemplateService::? - GetList_Active_WithModel : MethodStart
INFO  2022-02-15 11:43:17,106 MasterTemplateService::? - GetList_Active_WithModel : MethodFinish
INFO  2022-02-15 11:43:18,297 WHONETColumnService::? - GetList_Active_WithModel : MethodStart
INFO  2022-02-15 11:43:18,418 WHONETColumnService::? - GetList_Active_WithModel : MethodFinish
INFO  2022-02-15 11:43:42,671 MasterTemplateService::? - GetList_Active_WithModel : MethodStart
INFO  2022-02-15 11:43:42,787 MasterTemplateService::? - GetList_Active_WithModel : MethodFinish
INFO  2022-02-15 11:43:43,987 WHONETColumnService::? - GetList_Active_WithModel : MethodStart
INFO  2022-02-15 11:43:44,104 WHONETColumnService::? - GetList_Active_WithModel : MethodFinish
INFO  2022-02-15 11:44:02,117 MasterTemplateService::? - GetList_Active_WithModel : MethodStart
INFO  2022-02-15 11:44:02,221 MasterTemplateService::? - GetList_Active_WithModel : MethodFinish
INFO  2022-02-15 11:44:03,425 WHONETColumnService::? - GetList_Active_WithModel : MethodStart
INFO  2022-02-15 11:44:03,534 WHONETColumnService::? - GetList_Active_WithModel : MethodFinish
INFO  2022-02-15 11:44:21,255 MasterTemplateService::? - GetList_Active_WithModel : MethodStart
INFO  2022-02-15 11:44:21,366 MasterTemplateService::? - GetList_Active_WithModel : MethodFinish
INFO  2022-02-15 11:44:22,421 WHONETColumnService::? - GetList_Active_WithModel : MethodStart
INFO  2022-02-15 11:44:22,544 WHONETColumnService::? - GetList_Active_WithModel : MethodFinish
INFO  2022-02-15 11:44:38,039 MasterTemplateService::? - GetList_Active_WithModel : MethodStart
INFO  2022-02-15 11:44:38,146 MasterTemplateService::? - GetList_Active_WithModel : MethodFinish
INFO  2022-02-15 11:44:39,084 WHONETColumnService::? - GetList_Active_WithModel : MethodStart
INFO  2022-02-15 11:44:39,194 WHONETColumnService::? - GetList_Active_WithModel : MethodFinish
INFO  2022-02-15 11:44:58,345 MasterTemplateService::? - GetList_Active_WithModel : MethodStart
INFO  2022-02-15 11:44:58,451 MasterTemplateService::? - GetList_Active_WithModel : MethodFinish
INFO  2022-02-15 11:44:59,843 WHONETColumnService::? - GetList_Active_WithModel : MethodStart
INFO  2022-02-15 11:44:59,963 WHONETColumnService::? - GetList_Active_WithModel : MethodFinish
INFO  2022-02-15 11:45:35,913 MasterTemplateService::? - GetList_Active_WithModel : MethodStart
INFO  2022-02-15 11:45:36,029 MasterTemplateService::? - GetList_Active_WithModel : MethodFinish
INFO  2022-02-15 11:45:37,418 WHONETColumnService::? - GetList_Active_WithModel : MethodStart
INFO  2022-02-15 11:45:37,537 WHONETColumnService::? - GetList_Active_WithModel : MethodFinish
INFO  2022-02-15 11:45:49,913 MasterTemplateService::? - GetList_Active_WithModel : MethodStart
INFO  2022-02-15 11:45:50,019 MasterTemplateService::? - GetList_Active_WithModel : MethodFinish
INFO  2022-02-15 11:45:51,119 WHONETColumnService::? - GetList_Active_WithModel : MethodStart
INFO  2022-02-15 11:45:51,236 WHONETColumnService::? - GetList_Active_WithModel : MethodFinish
INFO  2022-02-15 11:46:03,753 MasterTemplateService::? - GetList_Active_WithModel : MethodStart
INFO  2022-02-15 11:46:03,862 MasterTemplateService::? - GetList_Active_WithModel : MethodFinish
INFO  2022-02-15 11:46:06,676 WHONETColumnService::? - GetList_Active_WithModel : MethodStart
INFO  2022-02-15 11:46:06,865 WHONETColumnService::? - GetList_Active_WithModel : MethodFinish
INFO  2022-02-15 11:46:29,079 MasterTemplateService::? - GetList_Active_WithModel : MethodStart
INFO  2022-02-15 11:46:29,184 MasterTemplateService::? - GetList_Active_WithModel : MethodFinish
INFO  2022-02-15 11:46:30,287 WHONETColumnService::? - GetList_Active_WithModel : MethodStart
INFO  2022-02-15 11:46:30,399 WHONETColumnService::? - GetList_Active_WithModel : MethodFinish
INFO  2022-02-15 11:46:46,297 MasterTemplateService::? - GetList_Active_WithModel : MethodStart
INFO  2022-02-15 11:46:46,423 MasterTemplateService::? - GetList_Active_WithModel : MethodFinish
INFO  2022-02-15 11:46:47,880 WHONETColumnService::? - GetList_Active_WithModel : MethodStart
INFO  2022-02-15 11:46:48,031 WHONETColumnService::? - GetList_Active_WithModel : MethodFinish
INFO  2022-02-15 11:47:01,483 MasterTemplateService::? - GetList_Active_WithModel : MethodStart
INFO  2022-02-15 11:47:01,592 MasterTemplateService::? - GetList_Active_WithModel : MethodFinish
INFO  2022-02-15 11:47:02,599 WHONETColumnService::? - GetList_Active_WithModel : MethodStart
INFO  2022-02-15 11:47:02,725 WHONETColumnService::? - GetList_Active_WithModel : MethodFinish
INFO  2022-02-15 11:47:10,244 MasterTemplateService::? - GetList_Active_WithModel : MethodStart
INFO  2022-02-15 11:47:10,353 MasterTemplateService::? - GetList_Active_WithModel : MethodFinish
INFO  2022-02-15 11:47:11,434 WHONETColumnService::? - GetList_Active_WithModel : MethodStart
INFO  2022-02-15 11:47:11,543 WHONETColumnService::? - GetList_Active_WithModel : MethodFinish
INFO  2022-02-15 11:47:39,378 MasterTemplateService::? - GetList_Active_WithModel : MethodStart
INFO  2022-02-15 11:47:39,490 MasterTemplateService::? - GetList_Active_WithModel : MethodFinish
