INFO  2021-10-29 10:44:57,679 MasterTemplateService::? - GetListWithModel : MethodStart
INFO  2021-10-29 10:44:59,361 MasterTemplateService::? - GetListWithModel : MethodFinish
INFO  2021-10-29 10:45:43,756 MasterTemplateService::? - SaveData : MethodStart
INFO  2021-10-29 10:45:44,128 MasterTemplateService::? - SaveData : MethodFinish
INFO  2021-10-29 10:45:44,185 MasterTemplateService::? - GetData : MethodStart
INFO  2021-10-29 10:45:44,374 MasterTemplateService::? - GetData : MethodFinish
INFO  2021-10-29 10:48:49,424 MasterTemplateService::? - GetListWithModel : MethodStart
INFO  2021-10-29 10:48:49,530 MasterTemplateService::? - GetListWithModel : MethodFinish
INFO  2021-10-29 10:48:52,552 MasterTemplateService::? - GetData : MethodStart
INFO  2021-10-29 10:48:52,659 MasterTemplateService::? - GetData : MethodFinish
INFO  2021-10-29 13:10:53,805 MasterTemplateService::? - GetList_Active_WithModel : MethodStart
INFO  2021-10-29 13:10:55,283 MasterTemplateService::? - GetList_Active_WithModel : MethodFinish
INFO  2021-10-29 13:31:50,447 MasterTemplateService::? - GetListWithModel : MethodStart
INFO  2021-10-29 13:31:50,757 MasterTemplateService::? - GetListWithModel : MethodFinish
INFO  2021-10-29 13:31:57,464 MasterTemplateService::? - GetData : MethodStart
INFO  2021-10-29 13:31:57,644 MasterTemplateService::? - GetData : MethodFinish
INFO  2021-10-29 13:42:01,908 MasterTemplateService::? - GetListWithModel : MethodStart
INFO  2021-10-29 13:42:03,328 MasterTemplateService::? - GetListWithModel : MethodFinish
INFO  2021-10-29 13:42:08,747 MasterTemplateService::? - GetData : MethodStart
INFO  2021-10-29 13:42:09,014 MasterTemplateService::? - GetData : MethodFinish
INFO  2021-10-29 13:43:05,586 MasterTemplateService::? - GetData : MethodStart
INFO  2021-10-29 13:43:05,761 MasterTemplateService::? - GetData : MethodFinish
INFO  2021-10-29 14:05:42,907 MasterTemplateService::? - GetListWithModel : MethodStart
INFO  2021-10-29 14:05:44,146 MasterTemplateService::? - GetListWithModel : MethodFinish
INFO  2021-10-29 14:05:47,975 MasterTemplateService::? - GetData : MethodStart
INFO  2021-10-29 14:05:48,120 MasterTemplateService::? - GetData : MethodFinish
INFO  2021-10-29 14:12:08,444 MasterTemplateService::? - GetListWithModel : MethodStart
INFO  2021-10-29 14:12:09,766 MasterTemplateService::? - GetListWithModel : MethodFinish
INFO  2021-10-29 14:12:16,682 MasterTemplateService::? - GetData : MethodStart
INFO  2021-10-29 14:12:16,833 MasterTemplateService::? - GetData : MethodFinish
INFO  2021-10-29 14:20:44,161 MasterTemplateService::? - GetListWithModel : MethodStart
INFO  2021-10-29 14:20:45,377 MasterTemplateService::? - GetListWithModel : MethodFinish
INFO  2021-10-29 14:21:29,661 MasterTemplateService::? - GetData : MethodStart
INFO  2021-10-29 14:21:29,799 MasterTemplateService::? - GetData : MethodFinish
INFO  2021-10-29 14:22:41,753 MasterTemplateService::? - GetListWithModel : MethodStart
INFO  2021-10-29 14:22:41,891 MasterTemplateService::? - GetListWithModel : MethodFinish
INFO  2021-10-29 14:22:44,607 MasterTemplateService::? - GetData : MethodStart
INFO  2021-10-29 14:22:44,729 MasterTemplateService::? - GetData : MethodFinish
INFO  2021-10-29 14:22:44,787 MasterTemplateService::? - Get_ProcessExcelColumn : MethodStart
INFO  2021-10-29 14:22:44,931 MasterTemplateService::? - Get_ProcessExcelColumn : MethodFinish
INFO  2021-10-29 14:22:45,005 MasterTemplateService::? - Get_ProcessExcelRow : MethodStart
INFO  2021-10-29 14:22:45,134 MasterTemplateService::? - Get_ProcessExcelRow : MethodFinish
INFO  2021-10-29 14:22:45,186 MasterTemplateService::? - Get_ProcessExcelTemplate : MethodStart
INFO  2021-10-29 14:22:45,312 MasterTemplateService::? - Get_ProcessExcelTemplate : MethodFinish
INFO  2021-10-29 14:23:37,182 MasterTemplateService::? - Get_ProcessExcelColumn : MethodStart
INFO  2021-10-29 14:23:37,277 MasterTemplateService::? - Get_ProcessExcelColumn : MethodFinish
INFO  2021-10-29 14:23:37,330 MasterTemplateService::? - Get_ProcessExcelRow : MethodStart
INFO  2021-10-29 14:23:37,435 MasterTemplateService::? - Get_ProcessExcelRow : MethodFinish
INFO  2021-10-29 14:23:37,474 MasterTemplateService::? - Get_ProcessExcelTemplate : MethodStart
INFO  2021-10-29 14:23:37,585 MasterTemplateService::? - Get_ProcessExcelTemplate : MethodFinish
INFO  2021-10-29 14:23:48,171 MasterTemplateService::? - Get_ProcessExcelColumn : MethodStart
INFO  2021-10-29 14:23:48,268 MasterTemplateService::? - Get_ProcessExcelColumn : MethodFinish
INFO  2021-10-29 14:23:48,312 MasterTemplateService::? - Get_ProcessExcelRow : MethodStart
INFO  2021-10-29 14:23:48,422 MasterTemplateService::? - Get_ProcessExcelRow : MethodFinish
INFO  2021-10-29 14:23:48,477 MasterTemplateService::? - Get_ProcessExcelTemplate : MethodStart
INFO  2021-10-29 14:23:48,587 MasterTemplateService::? - Get_ProcessExcelTemplate : MethodFinish
INFO  2021-10-29 14:24:40,009 MasterTemplateService::? - Get_ProcessExcelColumn : MethodStart
INFO  2021-10-29 14:24:40,108 MasterTemplateService::? - Get_ProcessExcelColumn : MethodFinish
INFO  2021-10-29 14:24:40,163 MasterTemplateService::? - Get_ProcessExcelRow : MethodStart
INFO  2021-10-29 14:24:40,264 MasterTemplateService::? - Get_ProcessExcelRow : MethodFinish
INFO  2021-10-29 14:24:40,316 MasterTemplateService::? - Get_ProcessExcelTemplate : MethodStart
INFO  2021-10-29 14:24:40,423 MasterTemplateService::? - Get_ProcessExcelTemplate : MethodFinish
INFO  2021-10-29 14:42:18,564 MasterTemplateService::? - Get_ProcessExcelColumn : MethodStart
INFO  2021-10-29 14:42:18,860 MasterTemplateService::? - Get_ProcessExcelColumn : MethodFinish
INFO  2021-10-29 14:42:18,911 MasterTemplateService::? - Get_ProcessExcelRow : MethodStart
INFO  2021-10-29 14:42:19,024 MasterTemplateService::? - Get_ProcessExcelRow : MethodFinish
INFO  2021-10-29 14:42:19,061 MasterTemplateService::? - Get_ProcessExcelTemplate : MethodStart
INFO  2021-10-29 14:42:19,177 MasterTemplateService::? - Get_ProcessExcelTemplate : MethodFinish
INFO  2021-10-29 14:42:21,844 MasterTemplateService::? - Get_ProcessExcelColumn : MethodStart
INFO  2021-10-29 14:42:21,956 MasterTemplateService::? - Get_ProcessExcelColumn : MethodFinish
INFO  2021-10-29 14:42:21,997 MasterTemplateService::? - Get_ProcessExcelRow : MethodStart
INFO  2021-10-29 14:42:22,106 MasterTemplateService::? - Get_ProcessExcelRow : MethodFinish
INFO  2021-10-29 14:42:22,146 MasterTemplateService::? - Get_ProcessExcelTemplate : MethodStart
INFO  2021-10-29 14:42:22,266 MasterTemplateService::? - Get_ProcessExcelTemplate : MethodFinish
INFO  2021-10-29 14:42:23,699 MasterTemplateService::? - GetListWithModel : MethodStart
INFO  2021-10-29 14:42:23,809 MasterTemplateService::? - GetListWithModel : MethodFinish
INFO  2021-10-29 14:42:26,387 MasterTemplateService::? - GetData : MethodStart
INFO  2021-10-29 14:42:26,496 MasterTemplateService::? - GetData : MethodFinish
INFO  2021-10-29 14:42:26,538 MasterTemplateService::? - Get_ProcessExcelColumn : MethodStart
INFO  2021-10-29 14:42:26,646 MasterTemplateService::? - Get_ProcessExcelColumn : MethodFinish
INFO  2021-10-29 14:42:26,679 MasterTemplateService::? - Get_ProcessExcelRow : MethodStart
INFO  2021-10-29 14:42:26,790 MasterTemplateService::? - Get_ProcessExcelRow : MethodFinish
INFO  2021-10-29 14:42:26,827 MasterTemplateService::? - Get_ProcessExcelTemplate : MethodStart
INFO  2021-10-29 14:42:26,947 MasterTemplateService::? - Get_ProcessExcelTemplate : MethodFinish
INFO  2021-10-29 14:56:18,691 MasterTemplateService::? - GetData : MethodStart
INFO  2021-10-29 14:56:19,014 MasterTemplateService::? - GetData : MethodFinish
INFO  2021-10-29 14:56:19,071 MasterTemplateService::? - Get_ProcessExcelColumn : MethodStart
INFO  2021-10-29 14:56:19,185 MasterTemplateService::? - Get_ProcessExcelColumn : MethodFinish
INFO  2021-10-29 14:56:19,224 MasterTemplateService::? - Get_ProcessExcelRow : MethodStart
INFO  2021-10-29 14:56:19,338 MasterTemplateService::? - Get_ProcessExcelRow : MethodFinish
INFO  2021-10-29 14:56:19,387 MasterTemplateService::? - Get_ProcessExcelTemplate : MethodStart
INFO  2021-10-29 14:56:19,505 MasterTemplateService::? - Get_ProcessExcelTemplate : MethodFinish
INFO  2021-10-29 14:57:23,547 MasterTemplateService::? - Get_ProcessExcelColumn : MethodStart
INFO  2021-10-29 14:57:23,653 MasterTemplateService::? - Get_ProcessExcelColumn : MethodFinish
INFO  2021-10-29 14:57:23,714 MasterTemplateService::? - Get_ProcessExcelRow : MethodStart
INFO  2021-10-29 14:57:23,828 MasterTemplateService::? - Get_ProcessExcelRow : MethodFinish
INFO  2021-10-29 14:57:23,865 MasterTemplateService::? - Get_ProcessExcelTemplate : MethodStart
INFO  2021-10-29 14:57:23,981 MasterTemplateService::? - Get_ProcessExcelTemplate : MethodFinish
INFO  2021-10-29 15:16:15,795 MasterTemplateService::? - Get_ProcessExcelColumn : MethodStart
INFO  2021-10-29 15:16:16,319 MasterTemplateService::? - Get_ProcessExcelColumn : MethodFinish
INFO  2021-10-29 15:16:16,377 MasterTemplateService::? - Get_ProcessExcelRow : MethodStart
INFO  2021-10-29 15:16:16,489 MasterTemplateService::? - Get_ProcessExcelRow : MethodFinish
INFO  2021-10-29 15:16:16,531 MasterTemplateService::? - Get_ProcessExcelTemplate : MethodStart
INFO  2021-10-29 15:16:16,646 MasterTemplateService::? - Get_ProcessExcelTemplate : MethodFinish
INFO  2021-10-29 15:16:17,893 MasterTemplateService::? - GetData : MethodStart
INFO  2021-10-29 15:16:18,007 MasterTemplateService::? - GetData : MethodFinish
INFO  2021-10-29 15:16:18,074 MasterTemplateService::? - Get_ProcessExcelColumn : MethodStart
INFO  2021-10-29 15:16:18,191 MasterTemplateService::? - Get_ProcessExcelColumn : MethodFinish
INFO  2021-10-29 15:16:18,260 MasterTemplateService::? - Get_ProcessExcelRow : MethodStart
INFO  2021-10-29 15:16:18,373 MasterTemplateService::? - Get_ProcessExcelRow : MethodFinish
INFO  2021-10-29 15:16:18,428 MasterTemplateService::? - Get_ProcessExcelTemplate : MethodStart
INFO  2021-10-29 15:16:18,547 MasterTemplateService::? - Get_ProcessExcelTemplate : MethodFinish
INFO  2021-10-29 15:17:55,642 MasterTemplateService::? - GetData : MethodStart
INFO  2021-10-29 15:17:55,755 MasterTemplateService::? - GetData : MethodFinish
INFO  2021-10-29 15:17:55,826 MasterTemplateService::? - Get_ProcessExcelColumn : MethodStart
INFO  2021-10-29 15:17:55,940 MasterTemplateService::? - Get_ProcessExcelColumn : MethodFinish
INFO  2021-10-29 15:17:56,022 MasterTemplateService::? - Get_ProcessExcelRow : MethodStart
INFO  2021-10-29 15:17:56,135 MasterTemplateService::? - Get_ProcessExcelRow : MethodFinish
INFO  2021-10-29 15:17:56,216 MasterTemplateService::? - Get_ProcessExcelTemplate : MethodStart
INFO  2021-10-29 15:17:56,330 MasterTemplateService::? - Get_ProcessExcelTemplate : MethodFinish
INFO  2021-10-29 15:27:56,757 MasterTemplateService::? - GetListWithModel : MethodStart
INFO  2021-10-29 15:27:57,998 MasterTemplateService::? - GetListWithModel : MethodFinish
INFO  2021-10-29 15:28:04,175 MasterTemplateService::? - GetData : MethodStart
INFO  2021-10-29 15:28:04,316 MasterTemplateService::? - GetData : MethodFinish
INFO  2021-10-29 15:28:04,386 MasterTemplateService::? - Get_ProcessExcelColumn : MethodStart
INFO  2021-10-29 15:28:04,527 MasterTemplateService::? - Get_ProcessExcelColumn : MethodFinish
INFO  2021-10-29 15:28:04,575 MasterTemplateService::? - Get_ProcessExcelRow : MethodStart
INFO  2021-10-29 15:28:04,684 MasterTemplateService::? - Get_ProcessExcelRow : MethodFinish
INFO  2021-10-29 15:28:04,761 MasterTemplateService::? - Get_ProcessExcelTemplate : MethodStart
INFO  2021-10-29 15:28:04,879 MasterTemplateService::? - Get_ProcessExcelTemplate : MethodFinish
INFO  2021-10-29 15:28:41,379 MasterTemplateService::? - Get_ProcessExcelColumn : MethodStart
INFO  2021-10-29 15:28:41,478 MasterTemplateService::? - Get_ProcessExcelColumn : MethodFinish
INFO  2021-10-29 15:28:41,530 MasterTemplateService::? - Get_ProcessExcelRow : MethodStart
INFO  2021-10-29 15:28:41,638 MasterTemplateService::? - Get_ProcessExcelRow : MethodFinish
INFO  2021-10-29 15:28:41,684 MasterTemplateService::? - Get_ProcessExcelTemplate : MethodStart
INFO  2021-10-29 15:28:41,797 MasterTemplateService::? - Get_ProcessExcelTemplate : MethodFinish
INFO  2021-10-29 15:31:47,048 MasterTemplateService::? - Get_ProcessExcelColumn : MethodStart
INFO  2021-10-29 15:31:47,151 MasterTemplateService::? - Get_ProcessExcelColumn : MethodFinish
INFO  2021-10-29 15:31:47,210 MasterTemplateService::? - Get_ProcessExcelRow : MethodStart
INFO  2021-10-29 15:31:47,317 MasterTemplateService::? - Get_ProcessExcelRow : MethodFinish
INFO  2021-10-29 15:31:47,360 MasterTemplateService::? - Get_ProcessExcelTemplate : MethodStart
INFO  2021-10-29 15:31:47,468 MasterTemplateService::? - Get_ProcessExcelTemplate : MethodFinish
INFO  2021-10-29 15:33:16,835 MasterTemplateService::? - SaveProcessExcelColumnListData : MethodStart
INFO  2021-10-29 15:33:17,885 MasterTemplateService::? - SaveProcessExcelColumnListData : MethodFinish
INFO  2021-10-29 15:33:17,947 MasterTemplateService::? - SaveProcessExcelRowListData : MethodStart
INFO  2021-10-29 15:33:18,518 MasterTemplateService::? - SaveProcessExcelRowListData : MethodFinish
INFO  2021-10-29 15:33:18,633 MasterTemplateService::? - SaveProcessExcelTemplateListData : MethodStart
INFO  2021-10-29 15:33:35,203 MasterTemplateService::? - SaveProcessExcelTemplateListData : MethodFinish
INFO  2021-10-29 15:33:35,252 MasterTemplateService::? - Get_ProcessExcelColumn : MethodStart
INFO  2021-10-29 15:33:35,362 MasterTemplateService::? - Get_ProcessExcelColumn : MethodFinish
INFO  2021-10-29 15:33:35,410 MasterTemplateService::? - Get_ProcessExcelRow : MethodStart
INFO  2021-10-29 15:33:35,539 MasterTemplateService::? - Get_ProcessExcelRow : MethodFinish
INFO  2021-10-29 15:33:35,593 MasterTemplateService::? - Get_ProcessExcelTemplate : MethodStart
INFO  2021-10-29 15:33:35,766 MasterTemplateService::? - Get_ProcessExcelTemplate : MethodFinish
INFO  2021-10-29 16:33:04,942 MasterHospitalService::? - GetListWithModel : MethodStart
INFO  2021-10-29 16:33:10,465 MasterHospitalService::? - GetListWithModel : MethodFinish
INFO  2021-10-29 16:33:23,217 MasterHospitalService::? - GetListWithModel : MethodStart
INFO  2021-10-29 16:33:23,344 MasterHospitalService::? - GetListWithModel : MethodFinish
INFO  2021-10-29 16:33:50,751 MasterHospitalService::? - SaveData : MethodStart
INFO  2021-10-29 16:33:51,231 MasterHospitalService::? - SaveData : MethodFinish
INFO  2021-10-29 16:33:52,543 MasterHospitalService::? - GetListWithModel : MethodStart
INFO  2021-10-29 16:33:52,676 MasterHospitalService::? - GetListWithModel : MethodFinish
INFO  2021-10-29 16:36:00,588 MasterTemplateService::? - GetListWithModel : MethodStart
INFO  2021-10-29 16:36:00,743 MasterTemplateService::? - GetListWithModel : MethodFinish
INFO  2021-10-29 16:36:11,094 SpecimenService::? - GetList_Mapping_Active_WithModel : MethodStart
INFO  2021-10-29 16:36:11,245 SpecimenService::? - GetList_Mapping_Active_WithModel : MethodFinish
INFO  2021-10-29 16:36:36,481 MasterTemplateService::? - GetList_Active_WithModel : MethodStart
INFO  2021-10-29 16:36:36,584 MasterTemplateService::? - GetList_Active_WithModel : MethodFinish
INFO  2021-10-29 16:36:38,347 WHONETColumnService::? - GetList_Active_WithModel : MethodStart
INFO  2021-10-29 16:36:38,476 WHONETColumnService::? - GetList_Active_WithModel : MethodFinish
INFO  2021-10-29 16:36:54,345 SpecimenService::? - GetList_Mapping_Active_WithModel : MethodStart
INFO  2021-10-29 16:36:54,459 SpecimenService::? - GetList_Mapping_Active_WithModel : MethodFinish
INFO  2021-10-29 16:37:14,663 MasterTemplateService::? - GetList_Active_WithModel : MethodStart
INFO  2021-10-29 16:37:14,772 MasterTemplateService::? - GetList_Active_WithModel : MethodFinish
INFO  2021-10-29 16:37:24,643 MasterTemplateService::? - GetList_Active_WithModel : MethodStart
INFO  2021-10-29 16:37:24,743 MasterTemplateService::? - GetList_Active_WithModel : MethodFinish
INFO  2021-10-29 16:37:25,657 WHONETColumnService::? - GetList_Active_WithModel : MethodStart
INFO  2021-10-29 16:37:25,770 WHONETColumnService::? - GetList_Active_WithModel : MethodFinish
INFO  2021-10-29 16:40:42,018 WardTypeService::? - GetList_Active_WithModel : MethodStart
INFO  2021-10-29 16:40:42,168 WardTypeService::? - GetList_Active_WithModel : MethodFinish
INFO  2021-10-29 16:52:16,743 MasterTemplateService::? - GetList_Active_WithModel : MethodStart
INFO  2021-10-29 16:52:17,031 MasterTemplateService::? - GetList_Active_WithModel : MethodFinish
INFO  2021-10-29 16:52:17,977 WHONETColumnService::? - GetList_Active_WithModel : MethodStart
INFO  2021-10-29 16:52:18,089 WHONETColumnService::? - GetList_Active_WithModel : MethodFinish
INFO  2021-10-29 16:52:19,656 WardTypeService::? - GetList_Active_WithModel : MethodStart
INFO  2021-10-29 16:52:19,768 WardTypeService::? - GetList_Active_WithModel : MethodFinish
INFO  2021-10-29 16:52:24,498 MasterTemplateService::? - GetList_Active_WithModel : MethodStart
INFO  2021-10-29 16:52:24,600 MasterTemplateService::? - GetList_Active_WithModel : MethodFinish
INFO  2021-10-29 16:52:25,600 WHONETColumnService::? - GetList_Active_WithModel : MethodStart
INFO  2021-10-29 16:52:25,712 WHONETColumnService::? - GetList_Active_WithModel : MethodFinish
INFO  2021-10-29 16:52:26,507 WardTypeService::? - GetList_Active_WithModel : MethodStart
INFO  2021-10-29 16:52:26,618 WardTypeService::? - GetList_Active_WithModel : MethodFinish
INFO  2021-10-29 16:52:31,927 MasterTemplateService::? - GetList_Active_WithModel : MethodStart
INFO  2021-10-29 16:52:32,031 MasterTemplateService::? - GetList_Active_WithModel : MethodFinish
INFO  2021-10-29 16:52:32,883 WHONETColumnService::? - GetList_Active_WithModel : MethodStart
INFO  2021-10-29 16:52:32,998 WHONETColumnService::? - GetList_Active_WithModel : MethodFinish
INFO  2021-10-29 16:55:05,488 WardTypeService::? - GetList_Active_WithModel : MethodStart
INFO  2021-10-29 16:55:05,599 WardTypeService::? - GetList_Active_WithModel : MethodFinish
INFO  2021-10-29 16:55:12,435 MasterTemplateService::? - GetList_Active_WithModel : MethodStart
INFO  2021-10-29 16:55:12,539 MasterTemplateService::? - GetList_Active_WithModel : MethodFinish
INFO  2021-10-29 16:55:13,582 WHONETColumnService::? - GetList_Active_WithModel : MethodStart
INFO  2021-10-29 16:55:13,699 WHONETColumnService::? - GetList_Active_WithModel : MethodFinish
INFO  2021-10-29 16:55:14,717 WardTypeService::? - GetList_Active_WithModel : MethodStart
INFO  2021-10-29 16:55:14,836 WardTypeService::? - GetList_Active_WithModel : MethodFinish
INFO  2021-10-29 16:55:23,395 MasterTemplateService::? - GetList_Active_WithModel : MethodStart
INFO  2021-10-29 16:55:23,519 MasterTemplateService::? - GetList_Active_WithModel : MethodFinish
INFO  2021-10-29 16:55:24,587 WHONETColumnService::? - GetList_Active_WithModel : MethodStart
INFO  2021-10-29 16:55:24,707 WHONETColumnService::? - GetList_Active_WithModel : MethodFinish
INFO  2021-10-29 16:55:41,311 MasterTemplateService::? - GetList_Active_WithModel : MethodStart
INFO  2021-10-29 16:55:41,422 MasterTemplateService::? - GetList_Active_WithModel : MethodFinish
INFO  2021-10-29 16:55:42,388 WHONETColumnService::? - GetList_Active_WithModel : MethodStart
INFO  2021-10-29 16:55:42,509 WHONETColumnService::? - GetList_Active_WithModel : MethodFinish
INFO  2021-10-29 16:55:53,546 SpecimenService::? - GetList_Mapping_Active_WithModel : MethodStart
INFO  2021-10-29 16:55:53,669 SpecimenService::? - GetList_Mapping_Active_WithModel : MethodFinish
INFO  2021-10-29 16:55:55,534 MasterTemplateService::? - GetList_Active_WithModel : MethodStart
INFO  2021-10-29 16:55:55,650 MasterTemplateService::? - GetList_Active_WithModel : MethodFinish
INFO  2021-10-29 16:55:56,727 WHONETColumnService::? - GetList_Active_WithModel : MethodStart
INFO  2021-10-29 16:55:56,841 WHONETColumnService::? - GetList_Active_WithModel : MethodFinish
INFO  2021-10-29 16:56:56,456 MasterTemplateService::? - GetList_Active_WithModel : MethodStart
INFO  2021-10-29 16:56:56,561 MasterTemplateService::? - GetList_Active_WithModel : MethodFinish
INFO  2021-10-29 16:56:57,445 WHONETColumnService::? - GetList_Active_WithModel : MethodStart
INFO  2021-10-29 16:56:57,560 WHONETColumnService::? - GetList_Active_WithModel : MethodFinish
INFO  2021-10-29 16:57:11,429 MasterTemplateService::? - GetList_Active_WithModel : MethodStart
INFO  2021-10-29 16:57:11,532 MasterTemplateService::? - GetList_Active_WithModel : MethodFinish
INFO  2021-10-29 16:57:12,693 WHONETColumnService::? - GetList_Active_WithModel : MethodStart
INFO  2021-10-29 16:57:12,821 WHONETColumnService::? - GetList_Active_WithModel : MethodFinish
INFO  2021-10-29 16:57:24,068 MasterTemplateService::? - GetList_Active_WithModel : MethodStart
INFO  2021-10-29 16:57:24,170 MasterTemplateService::? - GetList_Active_WithModel : MethodFinish
INFO  2021-10-29 16:57:25,133 WHONETColumnService::? - GetList_Active_WithModel : MethodStart
INFO  2021-10-29 16:57:25,260 WHONETColumnService::? - GetList_Active_WithModel : MethodFinish
INFO  2021-10-29 16:57:40,354 MasterTemplateService::? - GetList_Active_WithModel : MethodStart
INFO  2021-10-29 16:57:40,466 MasterTemplateService::? - GetList_Active_WithModel : MethodFinish
INFO  2021-10-29 16:57:41,390 WHONETColumnService::? - GetList_Active_WithModel : MethodStart
INFO  2021-10-29 16:57:41,502 WHONETColumnService::? - GetList_Active_WithModel : MethodFinish
INFO  2021-10-29 16:58:34,568 MasterTemplateService::? - GetList_Active_WithModel : MethodStart
INFO  2021-10-29 16:58:34,673 MasterTemplateService::? - GetList_Active_WithModel : MethodFinish
INFO  2021-10-29 16:58:35,613 WHONETColumnService::? - GetList_Active_WithModel : MethodStart
INFO  2021-10-29 16:58:35,728 WHONETColumnService::? - GetList_Active_WithModel : MethodFinish
INFO  2021-10-29 16:58:52,234 MasterTemplateService::? - GetList_Active_WithModel : MethodStart
INFO  2021-10-29 16:58:52,337 MasterTemplateService::? - GetList_Active_WithModel : MethodFinish
INFO  2021-10-29 16:58:53,223 WHONETColumnService::? - GetList_Active_WithModel : MethodStart
INFO  2021-10-29 16:58:53,343 WHONETColumnService::? - GetList_Active_WithModel : MethodFinish
INFO  2021-10-29 16:59:02,220 MasterTemplateService::? - GetList_Active_WithModel : MethodStart
INFO  2021-10-29 16:59:02,326 MasterTemplateService::? - GetList_Active_WithModel : MethodFinish
INFO  2021-10-29 16:59:03,245 WHONETColumnService::? - GetList_Active_WithModel : MethodStart
INFO  2021-10-29 16:59:03,360 WHONETColumnService::? - GetList_Active_WithModel : MethodFinish
INFO  2021-10-29 16:59:19,920 MasterTemplateService::? - GetList_Active_WithModel : MethodStart
INFO  2021-10-29 16:59:20,019 MasterTemplateService::? - GetList_Active_WithModel : MethodFinish
INFO  2021-10-29 16:59:20,959 WHONETColumnService::? - GetList_Active_WithModel : MethodStart
INFO  2021-10-29 16:59:21,091 WHONETColumnService::? - GetList_Active_WithModel : MethodFinish
INFO  2021-10-29 16:59:33,914 MasterTemplateService::? - GetList_Active_WithModel : MethodStart
INFO  2021-10-29 16:59:34,015 MasterTemplateService::? - GetList_Active_WithModel : MethodFinish
INFO  2021-10-29 16:59:34,867 WHONETColumnService::? - GetList_Active_WithModel : MethodStart
INFO  2021-10-29 16:59:34,977 WHONETColumnService::? - GetList_Active_WithModel : MethodFinish
INFO  2021-10-29 17:04:52,983 MasterTemplateService::? - GetList_Active_WithModel : MethodStart
INFO  2021-10-29 17:04:53,264 MasterTemplateService::? - GetList_Active_WithModel : MethodFinish
INFO  2021-10-29 17:04:54,312 WHONETColumnService::? - GetList_Active_WithModel : MethodStart
INFO  2021-10-29 17:04:54,430 WHONETColumnService::? - GetList_Active_WithModel : MethodFinish
INFO  2021-10-29 17:05:16,819 MasterTemplateService::? - GetList_Active_WithModel : MethodStart
INFO  2021-10-29 17:05:16,918 MasterTemplateService::? - GetList_Active_WithModel : MethodFinish
INFO  2021-10-29 17:05:17,877 WHONETColumnService::? - GetList_Active_WithModel : MethodStart
INFO  2021-10-29 17:05:17,991 WHONETColumnService::? - GetList_Active_WithModel : MethodFinish
INFO  2021-10-29 17:06:08,449 MasterTemplateService::? - GetList_Active_WithModel : MethodStart
INFO  2021-10-29 17:06:08,548 MasterTemplateService::? - GetList_Active_WithModel : MethodFinish
INFO  2021-10-29 17:06:09,496 WHONETColumnService::? - GetList_Active_WithModel : MethodStart
INFO  2021-10-29 17:06:09,603 WHONETColumnService::? - GetList_Active_WithModel : MethodFinish
INFO  2021-10-29 17:06:40,565 MasterTemplateService::? - GetList_Active_WithModel : MethodStart
INFO  2021-10-29 17:06:40,660 MasterTemplateService::? - GetList_Active_WithModel : MethodFinish
INFO  2021-10-29 17:06:41,558 WHONETColumnService::? - GetList_Active_WithModel : MethodStart
INFO  2021-10-29 17:06:41,670 WHONETColumnService::? - GetList_Active_WithModel : MethodFinish
INFO  2021-10-29 17:07:00,410 MasterTemplateService::? - GetList_Active_WithModel : MethodStart
INFO  2021-10-29 17:07:00,512 MasterTemplateService::? - GetList_Active_WithModel : MethodFinish
INFO  2021-10-29 17:07:01,431 WHONETColumnService::? - GetList_Active_WithModel : MethodStart
INFO  2021-10-29 17:07:01,538 WHONETColumnService::? - GetList_Active_WithModel : MethodFinish
INFO  2021-10-29 17:07:17,628 MasterTemplateService::? - GetList_Active_WithModel : MethodStart
INFO  2021-10-29 17:07:17,729 MasterTemplateService::? - GetList_Active_WithModel : MethodFinish
INFO  2021-10-29 17:07:18,858 WHONETColumnService::? - GetList_Active_WithModel : MethodStart
INFO  2021-10-29 17:07:18,967 WHONETColumnService::? - GetList_Active_WithModel : MethodFinish
INFO  2021-10-29 17:07:29,200 MasterTemplateService::? - GetList_Active_WithModel : MethodStart
INFO  2021-10-29 17:07:29,296 MasterTemplateService::? - GetList_Active_WithModel : MethodFinish
INFO  2021-10-29 17:07:30,218 WHONETColumnService::? - GetList_Active_WithModel : MethodStart
INFO  2021-10-29 17:07:30,327 WHONETColumnService::? - GetList_Active_WithModel : MethodFinish
INFO  2021-10-29 17:07:41,681 MasterTemplateService::? - GetList_Active_WithModel : MethodStart
INFO  2021-10-29 17:07:41,782 MasterTemplateService::? - GetList_Active_WithModel : MethodFinish
INFO  2021-10-29 17:07:42,717 WHONETColumnService::? - GetList_Active_WithModel : MethodStart
INFO  2021-10-29 17:07:42,828 WHONETColumnService::? - GetList_Active_WithModel : MethodFinish
INFO  2021-10-29 17:08:01,547 MasterTemplateService::? - GetList_Active_WithModel : MethodStart
INFO  2021-10-29 17:08:01,646 MasterTemplateService::? - GetList_Active_WithModel : MethodFinish
INFO  2021-10-29 17:08:02,583 WHONETColumnService::? - GetList_Active_WithModel : MethodStart
INFO  2021-10-29 17:08:02,691 WHONETColumnService::? - GetList_Active_WithModel : MethodFinish
INFO  2021-10-29 17:08:17,195 MasterTemplateService::? - GetList_Active_WithModel : MethodStart
INFO  2021-10-29 17:08:17,296 MasterTemplateService::? - GetList_Active_WithModel : MethodFinish
INFO  2021-10-29 17:08:18,228 WHONETColumnService::? - GetList_Active_WithModel : MethodStart
INFO  2021-10-29 17:08:18,340 WHONETColumnService::? - GetList_Active_WithModel : MethodFinish
INFO  2021-10-29 17:09:06,002 MasterTemplateService::? - GetList_Active_WithModel : MethodStart
INFO  2021-10-29 17:09:06,100 MasterTemplateService::? - GetList_Active_WithModel : MethodFinish
INFO  2021-10-29 17:09:07,042 WHONETColumnService::? - GetList_Active_WithModel : MethodStart
INFO  2021-10-29 17:09:07,154 WHONETColumnService::? - GetList_Active_WithModel : MethodFinish
INFO  2021-10-29 17:09:21,273 MasterTemplateService::? - GetList_Active_WithModel : MethodStart
INFO  2021-10-29 17:09:21,373 MasterTemplateService::? - GetList_Active_WithModel : MethodFinish
INFO  2021-10-29 17:09:22,350 WHONETColumnService::? - GetList_Active_WithModel : MethodStart
INFO  2021-10-29 17:09:22,480 WHONETColumnService::? - GetList_Active_WithModel : MethodFinish
INFO  2021-10-29 17:09:33,629 MasterTemplateService::? - GetList_Active_WithModel : MethodStart
INFO  2021-10-29 17:09:33,734 MasterTemplateService::? - GetList_Active_WithModel : MethodFinish
INFO  2021-10-29 17:09:34,622 WHONETColumnService::? - GetList_Active_WithModel : MethodStart
INFO  2021-10-29 17:09:34,739 WHONETColumnService::? - GetList_Active_WithModel : MethodFinish
INFO  2021-10-29 17:09:47,774 MasterTemplateService::? - GetList_Active_WithModel : MethodStart
INFO  2021-10-29 17:09:47,869 MasterTemplateService::? - GetList_Active_WithModel : MethodFinish
INFO  2021-10-29 17:09:48,822 WHONETColumnService::? - GetList_Active_WithModel : MethodStart
INFO  2021-10-29 17:09:48,933 WHONETColumnService::? - GetList_Active_WithModel : MethodFinish
INFO  2021-10-29 17:10:00,583 MasterTemplateService::? - GetList_Active_WithModel : MethodStart
INFO  2021-10-29 17:10:00,686 MasterTemplateService::? - GetList_Active_WithModel : MethodFinish
INFO  2021-10-29 17:10:01,573 WHONETColumnService::? - GetList_Active_WithModel : MethodStart
INFO  2021-10-29 17:10:01,683 WHONETColumnService::? - GetList_Active_WithModel : MethodFinish
INFO  2021-10-29 17:10:23,736 MasterTemplateService::? - GetList_Active_WithModel : MethodStart
INFO  2021-10-29 17:10:23,838 MasterTemplateService::? - GetList_Active_WithModel : MethodFinish
INFO  2021-10-29 17:10:24,721 WHONETColumnService::? - GetList_Active_WithModel : MethodStart
INFO  2021-10-29 17:10:24,834 WHONETColumnService::? - GetList_Active_WithModel : MethodFinish
INFO  2021-10-29 17:10:40,960 MasterTemplateService::? - GetList_Active_WithModel : MethodStart
INFO  2021-10-29 17:10:41,057 MasterTemplateService::? - GetList_Active_WithModel : MethodFinish
INFO  2021-10-29 17:10:42,003 WHONETColumnService::? - GetList_Active_WithModel : MethodStart
INFO  2021-10-29 17:10:42,113 WHONETColumnService::? - GetList_Active_WithModel : MethodFinish
INFO  2021-10-29 17:10:46,744 MasterTemplateService::? - GetList_Active_WithModel : MethodStart
INFO  2021-10-29 17:10:46,843 MasterTemplateService::? - GetList_Active_WithModel : MethodFinish
INFO  2021-10-29 17:10:47,826 WHONETColumnService::? - GetList_Active_WithModel : MethodStart
INFO  2021-10-29 17:10:47,935 WHONETColumnService::? - GetList_Active_WithModel : MethodFinish
INFO  2021-10-29 17:10:58,680 SpecimenService::? - GetList_Mapping_Active_WithModel : MethodStart
INFO  2021-10-29 17:10:58,784 SpecimenService::? - GetList_Mapping_Active_WithModel : MethodFinish
INFO  2021-10-29 17:12:43,231 MasterTemplateService::? - GetList_Active_WithModel : MethodStart
INFO  2021-10-29 17:12:43,341 MasterTemplateService::? - GetList_Active_WithModel : MethodFinish
INFO  2021-10-29 17:12:54,109 SpecimenService::? - GetList_Mapping_Active_WithModel : MethodStart
INFO  2021-10-29 17:12:54,216 SpecimenService::? - GetList_Mapping_Active_WithModel : MethodFinish
INFO  2021-10-29 17:12:58,709 MasterTemplateService::? - GetList_Active_WithModel : MethodStart
INFO  2021-10-29 17:12:58,805 MasterTemplateService::? - GetList_Active_WithModel : MethodFinish
INFO  2021-10-29 17:12:59,767 WHONETColumnService::? - GetList_Active_WithModel : MethodStart
INFO  2021-10-29 17:12:59,877 WHONETColumnService::? - GetList_Active_WithModel : MethodFinish
INFO  2021-10-29 17:13:13,189 MasterTemplateService::? - GetList_Active_WithModel : MethodStart
INFO  2021-10-29 17:13:13,294 MasterTemplateService::? - GetList_Active_WithModel : MethodFinish
INFO  2021-10-29 17:13:14,251 WHONETColumnService::? - GetList_Active_WithModel : MethodStart
INFO  2021-10-29 17:13:14,364 WHONETColumnService::? - GetList_Active_WithModel : MethodFinish
INFO  2021-10-29 17:13:24,613 MasterTemplateService::? - GetList_Active_WithModel : MethodStart
INFO  2021-10-29 17:13:24,713 MasterTemplateService::? - GetList_Active_WithModel : MethodFinish
INFO  2021-10-29 17:13:25,639 WHONETColumnService::? - GetList_Active_WithModel : MethodStart
INFO  2021-10-29 17:13:25,747 WHONETColumnService::? - GetList_Active_WithModel : MethodFinish
INFO  2021-10-29 17:13:35,068 MasterTemplateService::? - GetList_Active_WithModel : MethodStart
INFO  2021-10-29 17:13:35,168 MasterTemplateService::? - GetList_Active_WithModel : MethodFinish
INFO  2021-10-29 17:13:36,097 WHONETColumnService::? - GetList_Active_WithModel : MethodStart
INFO  2021-10-29 17:13:36,207 WHONETColumnService::? - GetList_Active_WithModel : MethodFinish
INFO  2021-10-29 17:14:59,533 MasterTemplateService::? - GetList_Active_WithModel : MethodStart
INFO  2021-10-29 17:14:59,643 MasterTemplateService::? - GetList_Active_WithModel : MethodFinish
INFO  2021-10-29 18:00:40,048 SpecimenService::? - GetList_Active_WithModel : MethodStart
INFO  2021-10-29 18:00:41,331 SpecimenService::? - GetList_Active_WithModel : MethodFinish
INFO  2021-10-29 18:00:53,254 SpecimenService::? - GetList_Active_WithModel : MethodStart
INFO  2021-10-29 18:00:53,374 SpecimenService::? - GetList_Active_WithModel : MethodFinish
INFO  2021-10-29 18:01:48,017 SpecimenService::? - GetList_Active_WithModel : MethodStart
INFO  2021-10-29 18:01:48,214 SpecimenService::? - GetList_Active_WithModel : MethodFinish
