INFO  2021-11-13 20:15:28,962 MasterTemplateService::? - GetListWithModel : MethodStart
INFO  2021-11-13 20:15:32,375 MasterTemplateService::? - GetListWithModel : MethodFinish
INFO  2021-11-13 20:15:40,165 MasterTemplateService::? - GetData : MethodStart
INFO  2021-11-13 20:15:40,384 MasterTemplateService::? - GetData : MethodFinish
INFO  2021-11-13 20:15:43,506 AntibioticService::? - GetListWithModel : MethodStart
INFO  2021-11-13 20:15:43,805 AntibioticService::? - GetListWithModel : MethodFinish
INFO  2021-11-13 20:16:42,533 AntibioticService::? - GetListWithModel : MethodStart
INFO  2021-11-13 20:16:42,660 AntibioticService::? - GetListWithModel : MethodFinish
INFO  2021-11-13 20:16:46,237 MasterTemplateService::? - GetData : MethodStart
INFO  2021-11-13 20:16:46,347 MasterTemplateService::? - GetData : MethodFinish
INFO  2021-11-13 20:16:48,212 AntibioticService::? - GetListWithModel : MethodStart
INFO  2021-11-13 20:16:48,393 AntibioticService::? - GetListWithModel : MethodFinish
INFO  2021-11-13 20:35:36,231 MasterTemplateService::? - GetListWithModel : MethodStart
INFO  2021-11-13 20:35:38,700 MasterTemplateService::? - GetListWithModel : MethodFinish
INFO  2021-11-13 20:35:46,995 MasterTemplateService::? - GetData : MethodStart
INFO  2021-11-13 20:35:47,222 MasterTemplateService::? - GetData : MethodFinish
INFO  2021-11-13 20:35:51,056 AntibioticService::? - GetListWithModel : MethodStart
INFO  2021-11-13 20:35:51,459 AntibioticService::? - GetListWithModel : MethodFinish
INFO  2021-11-13 20:40:45,511 MasterTemplateService::? - GetListWithModel : MethodStart
INFO  2021-11-13 20:40:47,952 MasterTemplateService::? - GetListWithModel : MethodFinish
INFO  2021-11-13 20:44:01,024 MasterTemplateService::? - GetData : MethodStart
INFO  2021-11-13 20:44:01,223 MasterTemplateService::? - GetData : MethodFinish
INFO  2021-11-13 20:44:03,547 AntibioticService::? - GetListWithModel : MethodStart
INFO  2021-11-13 20:44:03,810 AntibioticService::? - GetListWithModel : MethodFinish
INFO  2021-11-13 20:44:56,371 AntibioticService::? - GetListWithModel : MethodStart
INFO  2021-11-13 20:44:56,631 AntibioticService::? - GetListWithModel : MethodFinish
INFO  2021-11-13 20:45:14,916 SpecimenService::? - GetList_Active_WithModel : MethodStart
INFO  2021-11-13 20:45:15,054 SpecimenService::? - GetList_Active_WithModel : MethodFinish
INFO  2021-11-13 20:46:14,754 SpecimenService::? - GetList_Active_WithModel : MethodStart
INFO  2021-11-13 20:46:14,855 SpecimenService::? - GetList_Active_WithModel : MethodFinish
INFO  2021-11-13 20:46:31,058 MasterTemplateService::? - GetListWithModel : MethodStart
INFO  2021-11-13 20:46:31,156 MasterTemplateService::? - GetListWithModel : MethodFinish
INFO  2021-11-13 20:51:21,284 MasterTemplateService::? - GetListWithModel : MethodStart
INFO  2021-11-13 20:51:23,784 MasterTemplateService::? - GetListWithModel : MethodFinish
INFO  2021-11-13 20:51:56,437 MasterTemplateService::? - GetData : MethodStart
INFO  2021-11-13 20:51:56,634 MasterTemplateService::? - GetData : MethodFinish
INFO  2021-11-13 20:51:56,761 MasterTemplateService::? - Get_ProcessExcelColumn : MethodStart
INFO  2021-11-13 20:51:57,004 MasterTemplateService::? - Get_ProcessExcelColumn : MethodFinish
INFO  2021-11-13 20:51:57,112 MasterTemplateService::? - Get_ProcessExcelRow : MethodStart
INFO  2021-11-13 20:51:57,296 MasterTemplateService::? - Get_ProcessExcelRow : MethodFinish
INFO  2021-11-13 20:51:57,439 MasterTemplateService::? - Get_ProcessExcelTemplate : MethodStart
INFO  2021-11-13 20:51:57,672 MasterTemplateService::? - Get_ProcessExcelTemplate : MethodFinish
INFO  2021-11-13 20:52:30,265 MasterTemplateService::? - DeleteProcessExcelColumnListData : MethodStart
INFO  2021-11-13 20:52:30,695 MasterTemplateService::? - DeleteProcessExcelColumnListData : MethodFinish
INFO  2021-11-13 20:52:30,821 MasterTemplateService::? - DeleteProcessExcelRowListData : MethodStart
INFO  2021-11-13 20:52:31,137 MasterTemplateService::? - DeleteProcessExcelRowListData : MethodFinish
INFO  2021-11-13 20:52:31,332 MasterTemplateService::? - DeleteProcessExcelTemplateListData : MethodStart
INFO  2021-11-13 20:52:32,692 MasterTemplateService::? - DeleteProcessExcelTemplateListData : MethodFinish
INFO  2021-11-13 20:52:32,784 MasterTemplateService::? - SaveProcessExcelColumnListData : MethodStart
INFO  2021-11-13 20:52:33,328 MasterTemplateService::? - SaveProcessExcelColumnListData : MethodFinish
INFO  2021-11-13 20:52:33,437 MasterTemplateService::? - SaveProcessExcelRowListData : MethodStart
INFO  2021-11-13 20:52:33,807 MasterTemplateService::? - SaveProcessExcelRowListData : MethodFinish
INFO  2021-11-13 20:52:34,005 MasterTemplateService::? - SaveProcessExcelTemplateListData : MethodStart
INFO  2021-11-13 20:52:41,961 MasterTemplateService::? - SaveProcessExcelTemplateListData : MethodFinish
INFO  2021-11-13 20:52:42,017 MasterTemplateService::? - Get_ProcessExcelColumn : MethodStart
INFO  2021-11-13 20:52:42,137 MasterTemplateService::? - Get_ProcessExcelColumn : MethodFinish
INFO  2021-11-13 20:52:42,197 MasterTemplateService::? - Get_ProcessExcelRow : MethodStart
INFO  2021-11-13 20:52:42,316 MasterTemplateService::? - Get_ProcessExcelRow : MethodFinish
INFO  2021-11-13 20:52:42,379 MasterTemplateService::? - Get_ProcessExcelTemplate : MethodStart
INFO  2021-11-13 20:52:42,568 MasterTemplateService::? - Get_ProcessExcelTemplate : MethodFinish
INFO  2021-11-13 20:52:46,756 MasterTemplateService::? - GetListWithModel : MethodStart
INFO  2021-11-13 20:52:46,857 MasterTemplateService::? - GetListWithModel : MethodFinish
