INFO  2021-10-04 12:12:01,818 MasterTemplateService::? - GetListWithModel : MethodStart
INFO  2021-10-04 12:12:06,270 MasterTemplateService::? - GetListWithModel : MethodFinish
INFO  2021-10-04 12:21:35,847 SpecimenService::? - GetList_Mapping_Active_WithModel : MethodStart
INFO  2021-10-04 12:21:36,289 SpecimenService::? - GetList_Mapping_Active_WithModel : MethodFinish
INFO  2021-10-04 12:24:24,256 MasterTemplateService::? - GetList_Active_WithModel : MethodStart
INFO  2021-10-04 12:24:24,534 MasterTemplateService::? - GetList_Active_WithModel : MethodFinish
INFO  2021-10-04 12:53:12,450 MasterTemplateService::? - GetList_Active_WithModel : MethodStart
INFO  2021-10-04 12:53:12,771 MasterTemplateService::? - GetList_Active_WithModel : MethodFinish
INFO  2021-10-04 12:53:33,031 SpecimenService::? - GetList_Mapping_Active_WithModel : MethodStart
INFO  2021-10-04 12:53:33,197 SpecimenService::? - GetList_Mapping_Active_WithModel : MethodFinish
INFO  2021-10-04 13:03:31,189 MasterTemplateService::? - GetList_Active_WithModel : MethodStart
INFO  2021-10-04 13:03:31,508 MasterTemplateService::? - GetList_Active_WithModel : MethodFinish
INFO  2021-10-04 13:03:46,494 SpecimenService::? - GetList_Mapping_Active_WithModel : MethodStart
INFO  2021-10-04 13:03:46,649 SpecimenService::? - GetList_Mapping_Active_WithModel : MethodFinish
INFO  2021-10-04 13:12:35,544 SpecimenService::? - GetList_Mapping_Active_WithModel : MethodStart
INFO  2021-10-04 13:12:38,276 SpecimenService::? - GetList_Mapping_Active_WithModel : MethodFinish
INFO  2021-10-04 13:12:47,328 MasterTemplateService::? - GetList_Active_WithModel : MethodStart
INFO  2021-10-04 13:12:47,492 MasterTemplateService::? - GetList_Active_WithModel : MethodFinish
INFO  2021-10-04 13:12:51,312 SpecimenService::? - GetList_Mapping_Active_WithModel : MethodStart
INFO  2021-10-04 13:12:51,525 SpecimenService::? - GetList_Mapping_Active_WithModel : MethodFinish
