INFO  2022-02-05 13:43:11,603 ReportService::? - GetOrganismGroupWithModel : MethodStart
INFO  2022-02-05 13:43:12,829 ReportService::? - GetOrganismGroupWithModel : MethodFinish
INFO  2022-02-05 13:43:12,914 ReportService::? - GetAntibiogramHospitalDataWithModel : MethodStart
INFO  2022-02-05 13:43:13,200 ReportService::? - GetAntibiogramHospitalDataWithModel : MethodFinish
INFO  2022-02-05 13:44:10,755 ReportService::? - GetAntibiogramHospitalDataWithModel : MethodStart
INFO  2022-02-05 13:44:10,898 ReportService::? - GetAntibiogramHospitalDataWithModel : MethodFinish
INFO  2022-02-05 13:45:43,851 ReportService::? - GetAntibiogramHospitalDataWithModel : MethodStart
INFO  2022-02-05 13:45:43,964 ReportService::? - GetAntibiogramHospitalDataWithModel : MethodFinish
INFO  2022-02-05 14:02:17,594 AntibiogramService::? - GetAntibiogramNationTemplateWithModel : MethodStart
INFO  2022-02-05 14:02:18,889 AntibiogramService::? - GetAntibiogramNationTemplateWithModel : MethodFinish
INFO  2022-02-05 14:02:24,948 ReportService::? - GetOrganismGroupWithModel : MethodStart
INFO  2022-02-05 14:02:25,115 ReportService::? - GetOrganismGroupWithModel : MethodFinish
INFO  2022-02-05 14:02:25,160 ReportService::? - GetAntibiogramHospitalDataWithModel : MethodStart
INFO  2022-02-05 14:02:25,368 ReportService::? - GetAntibiogramHospitalDataWithModel : MethodFinish
INFO  2022-02-05 14:03:26,360 ReportService::? - GetAntibiogramHospitalDataWithModel : MethodStart
INFO  2022-02-05 14:03:26,786 ReportService::? - GetAntibiogramHospitalDataWithModel : MethodFinish
INFO  2022-02-05 14:03:44,910 ReportService::? - GetAntibiogramHospitalDataWithModel : MethodStart
INFO  2022-02-05 14:03:45,252 ReportService::? - GetAntibiogramHospitalDataWithModel : MethodFinish
INFO  2022-02-05 14:03:47,768 ReportService::? - GetAntibiogramHospitalDataWithModel : MethodStart
INFO  2022-02-05 14:03:48,082 ReportService::? - GetAntibiogramHospitalDataWithModel : MethodFinish
INFO  2022-02-05 14:03:50,122 ReportService::? - GetAntibiogramHospitalDataWithModel : MethodStart
INFO  2022-02-05 14:03:50,449 ReportService::? - GetAntibiogramHospitalDataWithModel : MethodFinish
INFO  2022-02-05 14:03:58,206 ReportService::? - GetAntibiogramHospitalDataWithModel : MethodStart
INFO  2022-02-05 14:03:58,374 ReportService::? - GetAntibiogramHospitalDataWithModel : MethodFinish
INFO  2022-02-05 14:06:53,007 ReportService::? - GetAntibiogramHospitalDataWithModel : MethodStart
INFO  2022-02-05 14:06:53,157 ReportService::? - GetAntibiogramHospitalDataWithModel : MethodFinish
INFO  2022-02-05 14:07:32,497 AntibiogramService::? - GetAntibiogramNationTemplateWithModel : MethodStart
INFO  2022-02-05 14:07:32,591 AntibiogramService::? - GetAntibiogramNationTemplateWithModel : MethodFinish
INFO  2022-02-05 14:07:35,765 AntibiogramService::? - GetAntibiogramNationTemplateWithModel : MethodStart
INFO  2022-02-05 14:07:35,856 AntibiogramService::? - GetAntibiogramNationTemplateWithModel : MethodFinish
INFO  2022-02-05 14:07:37,007 AntibiogramService::? - GetAntibiogramHospitalTemplateWithModel : MethodStart
INFO  2022-02-05 14:07:37,116 AntibiogramService::? - GetAntibiogramHospitalTemplateWithModel : MethodFinish
INFO  2022-02-05 14:07:52,323 ReportService::? - GetOrganismGroupWithModel : MethodStart
INFO  2022-02-05 14:07:52,463 ReportService::? - GetOrganismGroupWithModel : MethodFinish
INFO  2022-02-05 14:11:49,528 ReportService::? - GetOrganismGroupWithModel : MethodStart
INFO  2022-02-05 14:11:49,983 ReportService::? - GetOrganismGroupWithModel : MethodFinish
INFO  2022-02-05 14:11:50,018 ReportService::? - GetAntibiogramHospitalDataWithModel : MethodStart
INFO  2022-02-05 14:11:50,127 ReportService::? - GetAntibiogramHospitalDataWithModel : MethodFinish
INFO  2022-02-05 14:12:39,519 ReportService::? - GetAntibiogramHospitalDataWithModel : MethodStart
INFO  2022-02-05 14:12:39,701 ReportService::? - GetAntibiogramHospitalDataWithModel : MethodFinish
INFO  2022-02-05 14:12:56,877 ReportService::? - GetAntibiogramHospitalDataWithModel : MethodStart
INFO  2022-02-05 14:12:57,049 ReportService::? - GetAntibiogramHospitalDataWithModel : MethodFinish
INFO  2022-02-05 17:38:34,936 AntibiogramService::? - GetAntibiogramNationTemplateWithModel : MethodStart
INFO  2022-02-05 17:38:36,162 AntibiogramService::? - GetAntibiogramNationTemplateWithModel : MethodFinish
INFO  2022-02-05 17:40:53,188 AntibiogramService::? - GetAntibiogramNationTemplateWithModel : MethodStart
INFO  2022-02-05 17:40:53,312 AntibiogramService::? - GetAntibiogramNationTemplateWithModel : MethodFinish
INFO  2022-02-05 17:42:28,050 AntibiogramService::? - GetAntibiogramNationTemplateWithModel : MethodStart
INFO  2022-02-05 17:42:28,199 AntibiogramService::? - GetAntibiogramNationTemplateWithModel : MethodFinish
INFO  2022-02-05 19:47:12,666 ReportService::? - GetOrganismGroupWithModel : MethodStart
INFO  2022-02-05 19:47:15,190 ReportService::? - GetOrganismGroupWithModel : MethodFinish
INFO  2022-02-05 19:48:56,446 ReportService::? - GetOrganismGroupWithModel : MethodStart
INFO  2022-02-05 19:48:56,615 ReportService::? - GetOrganismGroupWithModel : MethodFinish
INFO  2022-02-05 19:57:40,196 ReportService::? - GetOrganismGroupWithModel : MethodStart
INFO  2022-02-05 19:57:40,596 ReportService::? - GetOrganismGroupWithModel : MethodFinish
INFO  2022-02-05 20:28:40,496 ReportService::? - GetOrganismGroupWithModel : MethodStart
INFO  2022-02-05 20:28:40,845 ReportService::? - GetOrganismGroupWithModel : MethodFinish
INFO  2022-02-05 20:46:44,456 ReportService::? - GetOrganismGroupWithModel : MethodStart
INFO  2022-02-05 20:46:45,824 ReportService::? - GetOrganismGroupWithModel : MethodFinish
INFO  2022-02-05 20:49:24,047 ReportService::? - GetOrganismGroupWithModel : MethodStart
INFO  2022-02-05 20:49:35,716 ReportService::? - GetOrganismGroupWithModel : MethodFinish
