INFO  2021-09-27 17:07:24,214 AntibiogramService::? - GetAntibiogramNationTemplateWithModel : MethodStart
INFO  2021-09-27 17:07:25,662 AntibiogramService::? - GetAntibiogramNationTemplateWithModel : MethodFinish
INFO  2021-09-27 17:07:27,884 AntibiogramService::? - GetAntibiogramHospitalTemplateWithModel : MethodStart
INFO  2021-09-27 17:07:28,019 AntibiogramService::? - GetAntibiogramHospitalTemplateWithModel : MethodFinish
INFO  2021-09-27 17:07:31,884 AntibiogramService::? - GetAntibiogramHospitalTemplateWithModel : MethodStart
INFO  2021-09-27 17:07:32,018 AntibiogramService::? - GetAntibiogramHospitalTemplateWithModel : MethodFinish
INFO  2021-09-27 17:07:38,397 AntibiogramService::? - GetAntibiogramHospitalTemplateWithModel : MethodStart
INFO  2021-09-27 17:07:38,500 AntibiogramService::? - GetAntibiogramHospitalTemplateWithModel : MethodFinish
INFO  2021-09-27 17:07:41,608 AntibiogramService::? - GetAntibiogramHospitalTemplateWithModel : MethodStart
INFO  2021-09-27 17:07:41,722 AntibiogramService::? - GetAntibiogramHospitalTemplateWithModel : MethodFinish
INFO  2021-09-27 17:07:52,037 AntibiogramService::? - GetAntibiogramAreaHealthTemplateWithModel : MethodStart
INFO  2021-09-27 17:07:52,160 AntibiogramService::? - GetAntibiogramAreaHealthTemplateWithModel : MethodFinish
INFO  2021-09-27 17:07:53,780 AntibiogramService::? - GetAntibiogramAreaHealthTemplateWithModel : MethodStart
INFO  2021-09-27 17:07:53,893 AntibiogramService::? - GetAntibiogramAreaHealthTemplateWithModel : MethodFinish
INFO  2021-09-27 17:07:56,171 AntibiogramService::? - GetAntibiogramAreaHealthTemplateWithModel : MethodStart
INFO  2021-09-27 17:07:56,275 AntibiogramService::? - GetAntibiogramAreaHealthTemplateWithModel : MethodFinish
INFO  2021-09-27 17:10:35,957 AntibiogramService::? - GetAntibiogramNationTemplateWithModel : MethodStart
INFO  2021-09-27 17:10:36,063 AntibiogramService::? - GetAntibiogramNationTemplateWithModel : MethodFinish
INFO  2021-09-27 17:10:37,905 AntibiogramService::? - GetAntibiogramHospitalTemplateWithModel : MethodStart
INFO  2021-09-27 17:10:38,023 AntibiogramService::? - GetAntibiogramHospitalTemplateWithModel : MethodFinish
INFO  2021-09-27 17:10:45,393 AntibiogramService::? - GetAntibiogramHospitalTemplateWithModel : MethodStart
INFO  2021-09-27 17:10:45,494 AntibiogramService::? - GetAntibiogramHospitalTemplateWithModel : MethodFinish
INFO  2021-09-27 17:10:49,183 AntibiogramService::? - GetAntibiogramHospitalTemplateWithModel : MethodStart
INFO  2021-09-27 17:10:49,284 AntibiogramService::? - GetAntibiogramHospitalTemplateWithModel : MethodFinish
INFO  2021-09-27 17:13:03,652 AntibiogramService::? - GetAntibiogramNationTemplateWithModel : MethodStart
INFO  2021-09-27 17:13:04,882 AntibiogramService::? - GetAntibiogramNationTemplateWithModel : MethodFinish
INFO  2021-09-27 17:13:06,428 AntibiogramService::? - GetAntibiogramHospitalTemplateWithModel : MethodStart
INFO  2021-09-27 17:13:06,558 AntibiogramService::? - GetAntibiogramHospitalTemplateWithModel : MethodFinish
INFO  2021-09-27 17:13:12,853 AntibiogramService::? - GetAntibiogramHospitalTemplateWithModel : MethodStart
INFO  2021-09-27 17:13:12,991 AntibiogramService::? - GetAntibiogramHospitalTemplateWithModel : MethodFinish
INFO  2021-09-27 17:13:34,731 AntibiogramService::? - GetAntibiogramNationTemplateWithModel : MethodStart
INFO  2021-09-27 17:13:34,839 AntibiogramService::? - GetAntibiogramNationTemplateWithModel : MethodFinish
INFO  2021-09-27 17:13:36,672 AntibiogramService::? - GetAntibiogramHospitalTemplateWithModel : MethodStart
INFO  2021-09-27 17:13:36,782 AntibiogramService::? - GetAntibiogramHospitalTemplateWithModel : MethodFinish
INFO  2021-09-27 17:13:39,723 AntibiogramService::? - GetAntibiogramProvinceTemplateWithModel : MethodStart
INFO  2021-09-27 17:13:39,847 AntibiogramService::? - GetAntibiogramProvinceTemplateWithModel : MethodFinish
INFO  2021-09-27 17:13:40,680 AntibiogramService::? - GetAntibiogramAreaHealthTemplateWithModel : MethodStart
INFO  2021-09-27 17:13:40,806 AntibiogramService::? - GetAntibiogramAreaHealthTemplateWithModel : MethodFinish
INFO  2021-09-27 17:13:41,585 AntibiogramService::? - GetAntibiogramNationTemplateWithModel : MethodStart
INFO  2021-09-27 17:13:41,703 AntibiogramService::? - GetAntibiogramNationTemplateWithModel : MethodFinish
INFO  2021-09-27 17:14:49,711 AntibiogramService::? - GetAntibiogramNationTemplateWithModel : MethodStart
INFO  2021-09-27 17:14:49,811 AntibiogramService::? - GetAntibiogramNationTemplateWithModel : MethodFinish
