INFO  2021-08-16 16:31:09,515 AntibiogramService::? - GetAntibiogramNationTemplateWithModel : MethodStart
INFO  2021-08-16 16:31:10,550 AntibiogramService::? - GetAntibiogramNationTemplateWithModel : MethodFinish
INFO  2021-08-16 16:37:04,302 AntibiogramService::? - GetAntibiogramHospitalTemplateWithModel : MethodStart
INFO  2021-08-16 16:37:04,377 AntibiogramService::? - GetAntibiogramHospitalTemplateWithModel : MethodFinish
INFO  2021-08-16 16:38:04,787 AntibiogramService::? - GetAntibiogramNationTemplateWithModel : MethodStart
INFO  2021-08-16 16:38:04,829 AntibiogramService::? - GetAntibiogramNationTemplateWithModel : MethodFinish
INFO  2021-08-16 16:38:12,012 AntibiogramService::? - GetAntibiogramHospitalTemplateWithModel : MethodStart
INFO  2021-08-16 16:38:12,049 AntibiogramService::? - GetAntibiogramHospitalTemplateWithModel : MethodFinish
INFO  2021-08-16 22:31:19,997 AntibiogramService::? - GetAntibiogramNationTemplateWithModel : MethodStart
INFO  2021-08-16 22:31:22,729 AntibiogramService::? - GetAntibiogramNationTemplateWithModel : MethodFinish
INFO  2021-08-16 22:31:26,736 AntibiogramService::? - GetAntibiogramHospitalTemplateWithModel : MethodStart
INFO  2021-08-16 22:31:26,917 AntibiogramService::? - GetAntibiogramHospitalTemplateWithModel : MethodFinish
INFO  2021-08-16 22:31:39,157 AntibiogramService::? - GetAntibiogramHospitalTemplateWithModel : MethodStart
INFO  2021-08-16 22:31:39,283 AntibiogramService::? - GetAntibiogramHospitalTemplateWithModel : MethodFinish
INFO  2021-08-16 22:31:40,646 AntibiogramService::? - GetAntibiogramHospitalTemplateWithModel : MethodStart
INFO  2021-08-16 22:31:40,666 AntibiogramService::? - GetAntibiogramHospitalTemplateWithModel : MethodFinish
INFO  2021-08-16 22:31:40,786 AntibiogramService::? - GetAntibiogramHospitalTemplateWithModel : MethodStart
INFO  2021-08-16 22:31:40,802 AntibiogramService::? - GetAntibiogramHospitalTemplateWithModel : MethodFinish
INFO  2021-08-16 22:31:44,599 AntibiogramService::? - GetAntibiogramHospitalTemplateWithModel : MethodStart
INFO  2021-08-16 22:31:44,610 AntibiogramService::? - GetAntibiogramHospitalTemplateWithModel : MethodFinish
INFO  2021-08-16 22:31:47,367 AntibiogramService::? - GetAntibiogramHospitalTemplateWithModel : MethodStart
INFO  2021-08-16 22:31:47,380 AntibiogramService::? - GetAntibiogramHospitalTemplateWithModel : MethodFinish
INFO  2021-08-16 22:31:49,427 AntibiogramService::? - GetAntibiogramHospitalTemplateWithModel : MethodStart
INFO  2021-08-16 22:31:49,438 AntibiogramService::? - GetAntibiogramHospitalTemplateWithModel : MethodFinish
INFO  2021-08-16 22:31:52,413 AntibiogramService::? - GetAntibiogramHospitalTemplateWithModel : MethodStart
INFO  2021-08-16 22:31:52,433 AntibiogramService::? - GetAntibiogramHospitalTemplateWithModel : MethodFinish
INFO  2021-08-16 22:32:05,408 AntibiogramService::? - GetAntibiogramNationTemplateWithModel : MethodStart
INFO  2021-08-16 22:32:05,438 AntibiogramService::? - GetAntibiogramNationTemplateWithModel : MethodFinish
INFO  2021-08-16 22:32:08,517 AntibiogramService::? - GetAntibiogramNationTemplateWithModel : MethodStart
INFO  2021-08-16 22:32:08,541 AntibiogramService::? - GetAntibiogramNationTemplateWithModel : MethodFinish
INFO  2021-08-16 22:32:09,506 AntibiogramService::? - GetAntibiogramHospitalTemplateWithModel : MethodStart
INFO  2021-08-16 22:32:09,605 AntibiogramService::? - GetAntibiogramHospitalTemplateWithModel : MethodFinish
INFO  2021-08-16 22:32:11,876 AntibiogramService::? - GetAntibiogramHospitalTemplateWithModel : MethodStart
INFO  2021-08-16 22:32:11,898 AntibiogramService::? - GetAntibiogramHospitalTemplateWithModel : MethodFinish
INFO  2021-08-16 22:32:14,089 AntibiogramService::? - GetAntibiogramHospitalTemplateWithModel : MethodStart
INFO  2021-08-16 22:32:14,101 AntibiogramService::? - GetAntibiogramHospitalTemplateWithModel : MethodFinish
INFO  2021-08-16 22:32:16,893 AntibiogramService::? - GetAntibiogramNationTemplateWithModel : MethodStart
INFO  2021-08-16 22:32:16,922 AntibiogramService::? - GetAntibiogramNationTemplateWithModel : MethodFinish
INFO  2021-08-16 22:32:18,990 AntibiogramService::? - GetAntibiogramHospitalTemplateWithModel : MethodStart
INFO  2021-08-16 22:32:19,004 AntibiogramService::? - GetAntibiogramHospitalTemplateWithModel : MethodFinish
INFO  2021-08-16 23:26:33,123 AntibiogramService::? - GetAntibiogramNationTemplateWithModel : MethodStart
INFO  2021-08-16 23:26:34,751 AntibiogramService::? - GetAntibiogramNationTemplateWithModel : MethodFinish
INFO  2021-08-16 23:26:37,198 AntibiogramService::? - GetAntibiogramHospitalTemplateWithModel : MethodStart
INFO  2021-08-16 23:26:37,322 AntibiogramService::? - GetAntibiogramHospitalTemplateWithModel : MethodFinish
INFO  2021-08-16 23:26:43,633 AntibiogramService::? - GetAntibiogramHospitalTemplateWithModel : MethodStart
INFO  2021-08-16 23:26:43,711 AntibiogramService::? - GetAntibiogramHospitalTemplateWithModel : MethodFinish
INFO  2021-08-16 23:26:46,144 AntibiogramService::? - GetAntibiogramHospitalTemplateWithModel : MethodStart
INFO  2021-08-16 23:26:46,157 AntibiogramService::? - GetAntibiogramHospitalTemplateWithModel : MethodFinish
INFO  2021-08-16 23:27:51,456 AntibiogramService::? - GetAntibiogramHospitalTemplateWithModel : MethodStart
INFO  2021-08-16 23:27:51,515 AntibiogramService::? - GetAntibiogramHospitalTemplateWithModel : MethodFinish
INFO  2021-08-16 23:41:21,343 AntibiogramService::? - GetAntibiogramNationTemplateWithModel : MethodStart
INFO  2021-08-16 23:41:24,196 AntibiogramService::? - GetAntibiogramNationTemplateWithModel : MethodFinish
INFO  2021-08-16 23:41:26,479 AntibiogramService::? - GetAntibiogramHospitalTemplateWithModel : MethodStart
INFO  2021-08-16 23:41:26,633 AntibiogramService::? - GetAntibiogramHospitalTemplateWithModel : MethodFinish
INFO  2021-08-16 23:41:31,167 AntibiogramService::? - GetAntibiogramHospitalTemplateWithModel : MethodStart
INFO  2021-08-16 23:41:31,277 AntibiogramService::? - GetAntibiogramHospitalTemplateWithModel : MethodFinish
INFO  2021-08-16 23:41:32,907 AntibiogramService::? - GetAntibiogramHospitalTemplateWithModel : MethodStart
INFO  2021-08-16 23:41:32,918 AntibiogramService::? - GetAntibiogramHospitalTemplateWithModel : MethodFinish
INFO  2021-08-16 23:44:59,726 AntibiogramService::? - GetAntibiogramProvinceTemplateWithModel : MethodStart
INFO  2021-08-16 23:44:59,800 AntibiogramService::? - GetAntibiogramProvinceTemplateWithModel : MethodFinish
INFO  2021-08-16 23:45:00,067 AntibiogramService::? - GetAntibiogramProvinceTemplateWithModel : MethodStart
INFO  2021-08-16 23:45:00,080 AntibiogramService::? - GetAntibiogramProvinceTemplateWithModel : MethodFinish
INFO  2021-08-16 23:45:17,876 AntibiogramService::? - GetAntibiogramHospitalTemplateWithModel : MethodStart
INFO  2021-08-16 23:45:40,476 AntibiogramService::? - GetAntibiogramHospitalTemplateWithModel : MethodFinish
INFO  2021-08-16 23:45:50,154 AntibiogramService::? - GetAntibiogramHospitalTemplateWithModel : MethodStart
INFO  2021-08-16 23:48:09,963 AntibiogramService::? - GetAntibiogramHospitalTemplateWithModel : MethodFinish
INFO  2021-08-16 23:51:46,688 AntibiogramService::? - GetAntibiogramNationTemplateWithModel : MethodStart
INFO  2021-08-16 23:51:49,675 AntibiogramService::? - GetAntibiogramNationTemplateWithModel : MethodFinish
INFO  2021-08-16 23:52:05,288 AntibiogramService::? - GetAntibiogramHospitalTemplateWithModel : MethodStart
INFO  2021-08-16 23:52:06,668 AntibiogramService::? - GetAntibiogramHospitalTemplateWithModel : MethodFinish
INFO  2021-08-16 23:52:18,579 AntibiogramService::? - GetAntibiogramHospitalTemplateWithModel : MethodStart
INFO  2021-08-16 23:52:29,159 AntibiogramService::? - GetAntibiogramHospitalTemplateWithModel : MethodFinish
