INFO  2021-08-13 14:12:12,060 TRNoticeMessageService::? - GetListWithModelByRole : MethodStart
INFO  2021-08-13 14:12:13,260 TRNoticeMessageService::? - GetListWithModelByRole : MethodFinish
INFO  2021-08-13 14:12:18,949 TBConfigService::? - GetTBConfig : MethodStart
INFO  2021-08-13 14:12:19,366 TBConfigService::? - GetTBConfig : MethodFinish
INFO  2021-08-13 14:12:23,646 TBConfigService::? - GetTBConfig : MethodStart
INFO  2021-08-13 14:12:24,107 TBConfigService::? - GetTBConfig : MethodFinish
INFO  2021-08-13 14:12:24,352 LogProcessService::? - GetLogProcessAuthListWithModel : MethodStart
INFO  2021-08-13 14:12:24,502 LogProcessService::? - GetLogProcessAuthListWithModel : MethodFinish
INFO  2021-08-13 14:12:42,107 LogProcessService::? - GetLogProcessAuthListWithModel : MethodStart
INFO  2021-08-13 14:12:42,224 LogProcessService::? - GetLogProcessAuthListWithModel : MethodFinish
INFO  2021-08-13 14:14:05,380 TRNoticeMessageService::? - GetListWithModelByRole : MethodStart
INFO  2021-08-13 14:14:05,486 TRNoticeMessageService::? - GetListWithModelByRole : MethodFinish
INFO  2021-08-13 14:14:55,601 TBConfigService::? - GetTBConfig : MethodStart
INFO  2021-08-13 14:14:55,706 TBConfigService::? - GetTBConfig : MethodFinish
INFO  2021-08-13 14:15:07,113 TBConfigService::? - GetTBConfig : MethodStart
INFO  2021-08-13 14:15:07,216 TBConfigService::? - GetTBConfig : MethodFinish
INFO  2021-08-13 14:15:15,851 TBConfigService::? - GetTBConfig : MethodStart
INFO  2021-08-13 14:15:15,969 TBConfigService::? - GetTBConfig : MethodFinish
INFO  2021-08-13 14:15:19,502 WHONETService::? - Get_TCWHONET_Antibiotics_Acitve_List : MethodStart
INFO  2021-08-13 14:15:19,503 TCWHONET_AntibioticsDAC::? - GetList_Active : MethodStart
INFO  2021-08-13 14:15:19,675 TCWHONET_AntibioticsDAC::? - GetList_Active : MethodFinish
INFO  2021-08-13 14:15:19,677 WHONETService::? - Get_TCWHONET_Antibiotics_Acitve_List : MethodFinish
INFO  2021-08-13 14:28:11,309 TBConfigService::? - GetTBConfig : MethodStart
INFO  2021-08-13 14:28:11,673 TBConfigService::? - GetTBConfig : MethodFinish
INFO  2021-08-13 14:28:14,314 TBConfigService::? - GetTBConfig : MethodStart
INFO  2021-08-13 14:28:14,411 TBConfigService::? - GetTBConfig : MethodFinish
INFO  2021-08-13 14:28:15,711 WHONETService::? - Get_TCWHONET_Antibiotics_Acitve_List : MethodStart
INFO  2021-08-13 14:28:15,712 TCWHONET_AntibioticsDAC::? - GetList_Active : MethodStart
INFO  2021-08-13 14:28:16,010 TCWHONET_AntibioticsDAC::? - GetList_Active : MethodFinish
INFO  2021-08-13 14:28:16,016 WHONETService::? - Get_TCWHONET_Antibiotics_Acitve_List : MethodFinish
INFO  2021-08-13 15:49:05,412 TBConfigService::? - GetTBConfig : MethodStart
INFO  2021-08-13 15:49:06,092 TBConfigService::? - GetTBConfig : MethodFinish
INFO  2021-08-13 15:52:33,536 TBConfigService::? - GetTBConfig : MethodStart
INFO  2021-08-13 15:52:33,652 TBConfigService::? - GetTBConfig : MethodFinish
