INFO  2021-09-24 10:11:13,138 TRNoticeMessageService::? - GetListWithModelByRole : MethodStart
INFO  2021-09-24 10:11:15,601 TRNoticeMessageService::? - GetListWithModelByRole : MethodFinish
INFO  2021-09-24 10:12:21,931 TBConfigService::? - GetTBConfig : MethodStart
INFO  2021-09-24 10:12:22,013 TBConfigService::? - GetTBConfig : MethodFinish
INFO  2021-09-24 10:13:12,554 TBConfigService::? - GetTBConfig : MethodStart
INFO  2021-09-24 10:13:12,658 TBConfigService::? - GetTBConfig : MethodFinish
INFO  2021-09-24 10:13:14,122 WHONETService::? - Get_TCWHONET_Antibiotic_List : MethodStart
INFO  2021-09-24 10:13:14,207 WHONETService::? - Get_TCWHONET_Antibiotic_List : MethodFinish
INFO  2021-09-24 10:13:14,389 WHONETService::? - Get_TCWHONET_AntibioticSpecies_List : MethodStart
INFO  2021-09-24 10:13:14,423 WHONETService::? - Get_TCWHONET_AntibioticSpecies_List : MethodFinish
INFO  2021-09-24 10:13:14,513 WHONETService::? - Get_TCWHONET_Departments_List : MethodStart
INFO  2021-09-24 10:13:14,536 WHONETService::? - Get_TCWHONET_Departments_List : MethodFinish
INFO  2021-09-24 10:13:14,643 WHONETService::? - Get_TCWHONET_Specimen_List : MethodStart
INFO  2021-09-24 10:13:14,694 WHONETService::? - Get_TCWHONET_Specimen_List : MethodFinish
INFO  2021-09-24 10:13:14,793 WHONETService::? - Get_TCWHONET_Column_List : MethodStart
INFO  2021-09-24 10:13:14,821 WHONETService::? - Get_TCWHONET_Column_List : MethodFinish
INFO  2021-09-24 10:13:14,922 WHONETService::? - Get_TCWHONET_Organism_List : MethodStart
INFO  2021-09-24 10:13:14,989 WHONETService::? - Get_TCWHONET_Organism_List : MethodFinish
INFO  2021-09-24 10:13:15,064 WHONETService::? - Get_TCWHONET_Macro_List : MethodStart
INFO  2021-09-24 10:13:15,086 WHONETService::? - Get_TCWHONET_Macro_List : MethodFinish
INFO  2021-09-24 10:13:15,181 LogProcessService::? - GetLogProcessListWithModel : MethodStart
INFO  2021-09-24 10:13:15,212 LogProcessService::? - GetLogProcessListWithModel : MethodFinish
INFO  2021-09-24 10:13:36,319 WHONETService::? - SaveWHONET_AntibioticsListData : MethodStart
INFO  2021-09-24 10:13:36,325 WHONETService::? - ClearTCWHONET_AntibioticsDataByMST_CODE : MethodStart
INFO  2021-09-24 10:13:36,337 WHONETService::? - Get_TCWHONET_Antibiotic_List : MethodStart
INFO  2021-09-24 10:13:36,352 WHONETService::? - Get_TCWHONET_Antibiotic_List : MethodFinish
INFO  2021-09-24 10:13:36,377 WHONETService::? - ClearTCWHONET_AntibioticsDataByMST_CODE : MethodFinish
INFO  2021-09-24 10:13:37,881 WHONETService::? - SaveWHONET_AntibioticsListData : MethodFinish
INFO  2021-09-24 10:13:38,016 WHONETService::? - SaveWHONET_AntibioticSpeciesListData : MethodStart
INFO  2021-09-24 10:13:38,027 WHONETService::? - ClearTCWHONET_AntibioticSpeciesDataByMST_CODE : MethodStart
INFO  2021-09-24 10:13:38,037 WHONETService::? - Get_TCWHONET_AntibioticSpecies_List : MethodStart
INFO  2021-09-24 10:13:38,049 WHONETService::? - Get_TCWHONET_AntibioticSpecies_List : MethodFinish
INFO  2021-09-24 10:13:38,057 WHONETService::? - ClearTCWHONET_AntibioticSpeciesDataByMST_CODE : MethodFinish
INFO  2021-09-24 10:13:44,357 WHONETService::? - SaveWHONET_AntibioticSpeciesListData : MethodFinish
INFO  2021-09-24 10:13:44,449 WHONETService::? - SaveWHONET_DepartmentsListData : MethodStart
INFO  2021-09-24 10:13:44,463 WHONETService::? - ClearTCWHONET_DepartmentsDataByMST_CODE : MethodStart
INFO  2021-09-24 10:13:44,474 WHONETService::? - Get_TCWHONET_Departments_List : MethodStart
INFO  2021-09-24 10:13:44,489 WHONETService::? - Get_TCWHONET_Departments_List : MethodFinish
INFO  2021-09-24 10:13:44,499 WHONETService::? - ClearTCWHONET_DepartmentsDataByMST_CODE : MethodFinish
INFO  2021-09-24 10:13:44,573 WHONETService::? - SaveWHONET_DepartmentsListData : MethodFinish
INFO  2021-09-24 10:13:44,676 WHONETService::? - SaveWHONET_SpecimenListData : MethodStart
INFO  2021-09-24 10:13:44,842 WHONETService::? - SaveWHONET_SpecimenListData : MethodFinish
INFO  2021-09-24 10:13:44,939 WHONETService::? - SaveWHONET_ColumnListData : MethodStart
INFO  2021-09-24 10:13:44,949 WHONETService::? - ClearTCWHONET_ColumnDataByMST_CODE : MethodStart
INFO  2021-09-24 10:13:44,958 WHONETService::? - Get_TCWHONET_Column_List : MethodStart
INFO  2021-09-24 10:13:44,972 WHONETService::? - Get_TCWHONET_Column_List : MethodFinish
INFO  2021-09-24 10:13:44,982 WHONETService::? - ClearTCWHONET_ColumnDataByMST_CODE : MethodFinish
INFO  2021-09-24 10:13:45,155 WHONETService::? - SaveWHONET_ColumnListData : MethodFinish
INFO  2021-09-24 10:13:45,234 WHONETService::? - Get_TCWHONET_Antibiotic_List : MethodStart
INFO  2021-09-24 10:13:45,251 WHONETService::? - Get_TCWHONET_Antibiotic_List : MethodFinish
INFO  2021-09-24 10:13:45,313 WHONETService::? - Get_TCWHONET_AntibioticSpecies_List : MethodStart
INFO  2021-09-24 10:13:45,367 WHONETService::? - Get_TCWHONET_AntibioticSpecies_List : MethodFinish
INFO  2021-09-24 10:13:45,473 WHONETService::? - Get_TCWHONET_Departments_List : MethodStart
INFO  2021-09-24 10:13:45,491 WHONETService::? - Get_TCWHONET_Departments_List : MethodFinish
INFO  2021-09-24 10:13:45,549 WHONETService::? - Get_TCWHONET_Column_List : MethodStart
INFO  2021-09-24 10:13:45,565 WHONETService::? - Get_TCWHONET_Column_List : MethodFinish
INFO  2021-09-24 10:14:36,220 TBConfigService::? - GetTBConfig : MethodStart
INFO  2021-09-24 10:14:36,240 TBConfigService::? - GetTBConfig : MethodFinish
INFO  2021-09-24 10:14:36,591 WHONETService::? - Get_TCWHONET_Antibiotic_List : MethodStart
INFO  2021-09-24 10:14:36,630 WHONETService::? - Get_TCWHONET_Antibiotic_List : MethodFinish
INFO  2021-09-24 10:14:36,710 WHONETService::? - Get_TCWHONET_AntibioticSpecies_List : MethodStart
INFO  2021-09-24 10:14:36,739 WHONETService::? - Get_TCWHONET_AntibioticSpecies_List : MethodFinish
INFO  2021-09-24 10:14:36,803 WHONETService::? - Get_TCWHONET_Departments_List : MethodStart
INFO  2021-09-24 10:14:36,822 WHONETService::? - Get_TCWHONET_Departments_List : MethodFinish
INFO  2021-09-24 10:14:36,886 WHONETService::? - Get_TCWHONET_Specimen_List : MethodStart
INFO  2021-09-24 10:14:36,906 WHONETService::? - Get_TCWHONET_Specimen_List : MethodFinish
INFO  2021-09-24 10:14:36,977 WHONETService::? - Get_TCWHONET_Column_List : MethodStart
INFO  2021-09-24 10:14:36,997 WHONETService::? - Get_TCWHONET_Column_List : MethodFinish
INFO  2021-09-24 10:14:37,052 WHONETService::? - Get_TCWHONET_Organism_List : MethodStart
INFO  2021-09-24 10:14:37,069 WHONETService::? - Get_TCWHONET_Organism_List : MethodFinish
INFO  2021-09-24 10:14:37,133 WHONETService::? - Get_TCWHONET_Macro_List : MethodStart
INFO  2021-09-24 10:14:37,150 WHONETService::? - Get_TCWHONET_Macro_List : MethodFinish
INFO  2021-09-24 10:14:37,209 LogProcessService::? - GetLogProcessListWithModel : MethodStart
INFO  2021-09-24 10:14:37,236 LogProcessService::? - GetLogProcessListWithModel : MethodFinish
INFO  2021-09-24 10:16:57,405 TBConfigService::? - GetTBConfig : MethodStart
INFO  2021-09-24 10:16:57,430 TBConfigService::? - GetTBConfig : MethodFinish
INFO  2021-09-24 10:20:39,135 TBConfigService::? - GetTBConfig : MethodStart
INFO  2021-09-24 10:20:39,152 TBConfigService::? - GetTBConfig : MethodFinish
INFO  2021-09-24 10:20:39,438 WHONETService::? - Get_TCWHONET_Antibiotic_List : MethodStart
INFO  2021-09-24 10:20:39,456 WHONETService::? - Get_TCWHONET_Antibiotic_List : MethodFinish
INFO  2021-09-24 10:20:39,515 WHONETService::? - Get_TCWHONET_AntibioticSpecies_List : MethodStart
INFO  2021-09-24 10:20:39,535 WHONETService::? - Get_TCWHONET_AntibioticSpecies_List : MethodFinish
INFO  2021-09-24 10:20:39,605 WHONETService::? - Get_TCWHONET_Departments_List : MethodStart
INFO  2021-09-24 10:20:39,625 WHONETService::? - Get_TCWHONET_Departments_List : MethodFinish
INFO  2021-09-24 10:20:39,687 WHONETService::? - Get_TCWHONET_Specimen_List : MethodStart
INFO  2021-09-24 10:20:39,704 WHONETService::? - Get_TCWHONET_Specimen_List : MethodFinish
INFO  2021-09-24 10:20:39,750 WHONETService::? - Get_TCWHONET_Column_List : MethodStart
INFO  2021-09-24 10:20:39,768 WHONETService::? - Get_TCWHONET_Column_List : MethodFinish
INFO  2021-09-24 10:20:39,822 WHONETService::? - Get_TCWHONET_Organism_List : MethodStart
INFO  2021-09-24 10:20:39,841 WHONETService::? - Get_TCWHONET_Organism_List : MethodFinish
INFO  2021-09-24 10:20:39,908 WHONETService::? - Get_TCWHONET_Macro_List : MethodStart
INFO  2021-09-24 10:20:39,925 WHONETService::? - Get_TCWHONET_Macro_List : MethodFinish
INFO  2021-09-24 10:20:39,993 LogProcessService::? - GetLogProcessListWithModel : MethodStart
INFO  2021-09-24 10:20:40,015 LogProcessService::? - GetLogProcessListWithModel : MethodFinish
INFO  2021-09-24 10:20:54,197 WHONETService::? - SaveWHONET_AntibioticsListData : MethodStart
INFO  2021-09-24 10:20:54,200 WHONETService::? - ClearTCWHONET_AntibioticsDataByMST_CODE : MethodStart
INFO  2021-09-24 10:20:54,210 WHONETService::? - Get_TCWHONET_Antibiotic_List : MethodStart
INFO  2021-09-24 10:20:54,223 WHONETService::? - Get_TCWHONET_Antibiotic_List : MethodFinish
INFO  2021-09-24 10:20:54,233 WHONETService::? - ClearTCWHONET_AntibioticsDataByMST_CODE : MethodFinish
INFO  2021-09-24 10:20:55,587 WHONETService::? - SaveWHONET_AntibioticsListData : MethodFinish
INFO  2021-09-24 10:20:55,747 WHONETService::? - SaveWHONET_AntibioticSpeciesListData : MethodStart
INFO  2021-09-24 10:20:55,768 WHONETService::? - ClearTCWHONET_AntibioticSpeciesDataByMST_CODE : MethodStart
INFO  2021-09-24 10:20:55,777 WHONETService::? - Get_TCWHONET_AntibioticSpecies_List : MethodStart
INFO  2021-09-24 10:20:55,797 WHONETService::? - Get_TCWHONET_AntibioticSpecies_List : MethodFinish
INFO  2021-09-24 10:20:55,813 WHONETService::? - ClearTCWHONET_AntibioticSpeciesDataByMST_CODE : MethodFinish
INFO  2021-09-24 10:21:01,458 WHONETService::? - SaveWHONET_AntibioticSpeciesListData : MethodFinish
INFO  2021-09-24 10:21:01,544 WHONETService::? - SaveWHONET_DepartmentsListData : MethodStart
INFO  2021-09-24 10:21:01,567 WHONETService::? - ClearTCWHONET_DepartmentsDataByMST_CODE : MethodStart
INFO  2021-09-24 10:21:01,578 WHONETService::? - Get_TCWHONET_Departments_List : MethodStart
INFO  2021-09-24 10:21:01,588 WHONETService::? - Get_TCWHONET_Departments_List : MethodFinish
INFO  2021-09-24 10:21:01,596 WHONETService::? - ClearTCWHONET_DepartmentsDataByMST_CODE : MethodFinish
INFO  2021-09-24 10:21:01,636 WHONETService::? - SaveWHONET_DepartmentsListData : MethodFinish
INFO  2021-09-24 10:21:01,691 WHONETService::? - SaveWHONET_SpecimenListData : MethodStart
INFO  2021-09-24 10:21:01,755 WHONETService::? - SaveWHONET_SpecimenListData : MethodFinish
INFO  2021-09-24 10:21:01,807 WHONETService::? - SaveWHONET_ColumnListData : MethodStart
INFO  2021-09-24 10:21:01,821 WHONETService::? - ClearTCWHONET_ColumnDataByMST_CODE : MethodStart
INFO  2021-09-24 10:21:01,828 WHONETService::? - Get_TCWHONET_Column_List : MethodStart
INFO  2021-09-24 10:21:01,839 WHONETService::? - Get_TCWHONET_Column_List : MethodFinish
INFO  2021-09-24 10:21:01,847 WHONETService::? - ClearTCWHONET_ColumnDataByMST_CODE : MethodFinish
INFO  2021-09-24 10:21:02,095 WHONETService::? - SaveWHONET_ColumnListData : MethodFinish
INFO  2021-09-24 10:21:02,170 WHONETService::? - Get_TCWHONET_Antibiotic_List : MethodStart
INFO  2021-09-24 10:21:02,188 WHONETService::? - Get_TCWHONET_Antibiotic_List : MethodFinish
INFO  2021-09-24 10:21:02,252 WHONETService::? - Get_TCWHONET_AntibioticSpecies_List : MethodStart
INFO  2021-09-24 10:21:02,318 WHONETService::? - Get_TCWHONET_AntibioticSpecies_List : MethodFinish
INFO  2021-09-24 10:21:02,410 WHONETService::? - Get_TCWHONET_Departments_List : MethodStart
INFO  2021-09-24 10:21:02,426 WHONETService::? - Get_TCWHONET_Departments_List : MethodFinish
INFO  2021-09-24 10:21:02,481 WHONETService::? - Get_TCWHONET_Column_List : MethodStart
INFO  2021-09-24 10:21:02,497 WHONETService::? - Get_TCWHONET_Column_List : MethodFinish
INFO  2021-09-24 10:25:59,534 TRNoticeMessageService::? - GetListWithModelByRole : MethodStart
INFO  2021-09-24 10:26:01,722 TRNoticeMessageService::? - GetListWithModelByRole : MethodFinish
INFO  2021-09-24 10:26:05,503 TBConfigService::? - GetTBConfig : MethodStart
INFO  2021-09-24 10:26:05,571 TBConfigService::? - GetTBConfig : MethodFinish
INFO  2021-09-24 10:26:20,622 TBConfigService::? - GetTBConfig : MethodStart
INFO  2021-09-24 10:26:20,766 TBConfigService::? - GetTBConfig : MethodFinish
INFO  2021-09-24 10:26:21,881 WHONETService::? - Get_TCWHONET_Antibiotic_List : MethodStart
INFO  2021-09-24 10:26:21,944 WHONETService::? - Get_TCWHONET_Antibiotic_List : MethodFinish
INFO  2021-09-24 10:26:22,091 WHONETService::? - Get_TCWHONET_AntibioticSpecies_List : MethodStart
INFO  2021-09-24 10:26:22,128 WHONETService::? - Get_TCWHONET_AntibioticSpecies_List : MethodFinish
INFO  2021-09-24 10:26:22,224 WHONETService::? - Get_TCWHONET_Departments_List : MethodStart
INFO  2021-09-24 10:26:22,249 WHONETService::? - Get_TCWHONET_Departments_List : MethodFinish
INFO  2021-09-24 10:26:22,375 WHONETService::? - Get_TCWHONET_Specimen_List : MethodStart
INFO  2021-09-24 10:26:22,443 WHONETService::? - Get_TCWHONET_Specimen_List : MethodFinish
INFO  2021-09-24 10:26:22,538 WHONETService::? - Get_TCWHONET_Column_List : MethodStart
INFO  2021-09-24 10:26:22,564 WHONETService::? - Get_TCWHONET_Column_List : MethodFinish
INFO  2021-09-24 10:26:22,669 WHONETService::? - Get_TCWHONET_Organism_List : MethodStart
INFO  2021-09-24 10:26:22,759 WHONETService::? - Get_TCWHONET_Organism_List : MethodFinish
INFO  2021-09-24 10:26:22,852 WHONETService::? - Get_TCWHONET_Macro_List : MethodStart
INFO  2021-09-24 10:26:22,882 WHONETService::? - Get_TCWHONET_Macro_List : MethodFinish
INFO  2021-09-24 10:26:22,994 LogProcessService::? - GetLogProcessListWithModel : MethodStart
INFO  2021-09-24 10:26:23,026 LogProcessService::? - GetLogProcessListWithModel : MethodFinish
INFO  2021-09-24 10:26:46,010 WHONETService::? - SaveWHONET_AntibioticsListData : MethodStart
INFO  2021-09-24 10:26:46,017 WHONETService::? - ClearTCWHONET_AntibioticsDataByMST_CODE : MethodStart
INFO  2021-09-24 10:26:46,027 WHONETService::? - Get_TCWHONET_Antibiotic_List : MethodStart
INFO  2021-09-24 10:26:46,047 WHONETService::? - Get_TCWHONET_Antibiotic_List : MethodFinish
INFO  2021-09-24 10:26:46,073 WHONETService::? - ClearTCWHONET_AntibioticsDataByMST_CODE : MethodFinish
INFO  2021-09-24 10:26:47,885 WHONETService::? - SaveWHONET_AntibioticsListData : MethodFinish
INFO  2021-09-24 10:26:48,091 WHONETService::? - SaveWHONET_AntibioticSpeciesListData : MethodStart
INFO  2021-09-24 10:26:48,104 WHONETService::? - ClearTCWHONET_AntibioticSpeciesDataByMST_CODE : MethodStart
INFO  2021-09-24 10:26:48,111 WHONETService::? - Get_TCWHONET_AntibioticSpecies_List : MethodStart
INFO  2021-09-24 10:26:48,140 WHONETService::? - Get_TCWHONET_AntibioticSpecies_List : MethodFinish
INFO  2021-09-24 10:26:48,160 WHONETService::? - ClearTCWHONET_AntibioticSpeciesDataByMST_CODE : MethodFinish
INFO  2021-09-24 10:26:53,161 WHONETService::? - SaveWHONET_AntibioticSpeciesListData : MethodFinish
INFO  2021-09-24 10:26:53,229 WHONETService::? - SaveWHONET_DepartmentsListData : MethodStart
INFO  2021-09-24 10:26:53,243 WHONETService::? - ClearTCWHONET_DepartmentsDataByMST_CODE : MethodStart
INFO  2021-09-24 10:26:53,252 WHONETService::? - Get_TCWHONET_Departments_List : MethodStart
INFO  2021-09-24 10:26:53,263 WHONETService::? - Get_TCWHONET_Departments_List : MethodFinish
INFO  2021-09-24 10:26:53,272 WHONETService::? - ClearTCWHONET_DepartmentsDataByMST_CODE : MethodFinish
INFO  2021-09-24 10:26:53,344 WHONETService::? - SaveWHONET_DepartmentsListData : MethodFinish
INFO  2021-09-24 10:26:53,408 WHONETService::? - SaveWHONET_ColumnListData : MethodStart
INFO  2021-09-24 10:26:53,421 WHONETService::? - ClearTCWHONET_ColumnDataByMST_CODE : MethodStart
INFO  2021-09-24 10:26:53,430 WHONETService::? - Get_TCWHONET_Column_List : MethodStart
INFO  2021-09-24 10:26:53,440 WHONETService::? - Get_TCWHONET_Column_List : MethodFinish
INFO  2021-09-24 10:26:53,451 WHONETService::? - ClearTCWHONET_ColumnDataByMST_CODE : MethodFinish
INFO  2021-09-24 10:26:53,579 WHONETService::? - SaveWHONET_ColumnListData : MethodFinish
INFO  2021-09-24 10:26:53,661 WHONETService::? - Get_TCWHONET_Antibiotic_List : MethodStart
INFO  2021-09-24 10:26:53,679 WHONETService::? - Get_TCWHONET_Antibiotic_List : MethodFinish
INFO  2021-09-24 10:26:53,745 WHONETService::? - Get_TCWHONET_AntibioticSpecies_List : MethodStart
INFO  2021-09-24 10:26:53,796 WHONETService::? - Get_TCWHONET_AntibioticSpecies_List : MethodFinish
INFO  2021-09-24 10:26:53,919 WHONETService::? - Get_TCWHONET_Departments_List : MethodStart
INFO  2021-09-24 10:26:53,938 WHONETService::? - Get_TCWHONET_Departments_List : MethodFinish
INFO  2021-09-24 10:26:54,002 WHONETService::? - Get_TCWHONET_Column_List : MethodStart
INFO  2021-09-24 10:26:54,018 WHONETService::? - Get_TCWHONET_Column_List : MethodFinish
INFO  2021-09-24 12:46:56,944 TBConfigService::? - GetTBConfig : MethodStart
INFO  2021-09-24 12:46:56,975 TBConfigService::? - GetTBConfig : MethodFinish
INFO  2021-09-24 12:59:54,860 TRNoticeMessageService::? - GetListWithModelByRole : MethodStart
INFO  2021-09-24 12:59:55,728 TRNoticeMessageService::? - GetListWithModelByRole : MethodFinish
INFO  2021-09-24 13:01:16,679 TBConfigService::? - GetTBConfig : MethodStart
INFO  2021-09-24 13:01:16,719 TBConfigService::? - GetTBConfig : MethodFinish
INFO  2021-09-24 13:01:53,658 TBConfigService::? - GetTBConfig : MethodStart
INFO  2021-09-24 13:01:53,695 TBConfigService::? - GetTBConfig : MethodFinish
INFO  2021-09-24 13:01:55,744 WHONETService::? - Get_TCWHONET_Antibiotic_List : MethodStart
INFO  2021-09-24 13:01:55,762 WHONETService::? - Get_TCWHONET_Antibiotic_List : MethodFinish
INFO  2021-09-24 13:01:55,824 WHONETService::? - Get_TCWHONET_AntibioticSpecies_List : MethodStart
INFO  2021-09-24 13:01:55,861 WHONETService::? - Get_TCWHONET_AntibioticSpecies_List : MethodFinish
INFO  2021-09-24 13:01:55,928 WHONETService::? - Get_TCWHONET_Departments_List : MethodStart
INFO  2021-09-24 13:01:55,944 WHONETService::? - Get_TCWHONET_Departments_List : MethodFinish
INFO  2021-09-24 13:01:55,988 WHONETService::? - Get_TCWHONET_Specimen_List : MethodStart
INFO  2021-09-24 13:01:56,000 WHONETService::? - Get_TCWHONET_Specimen_List : MethodFinish
INFO  2021-09-24 13:01:56,046 WHONETService::? - Get_TCWHONET_Column_List : MethodStart
INFO  2021-09-24 13:01:56,067 WHONETService::? - Get_TCWHONET_Column_List : MethodFinish
INFO  2021-09-24 13:01:56,117 WHONETService::? - Get_TCWHONET_Organism_List : MethodStart
INFO  2021-09-24 13:01:56,154 WHONETService::? - Get_TCWHONET_Organism_List : MethodFinish
INFO  2021-09-24 13:01:56,194 WHONETService::? - Get_TCWHONET_Macro_List : MethodStart
INFO  2021-09-24 13:01:56,204 WHONETService::? - Get_TCWHONET_Macro_List : MethodFinish
INFO  2021-09-24 13:01:56,244 LogProcessService::? - GetLogProcessListWithModel : MethodStart
INFO  2021-09-24 13:01:56,258 LogProcessService::? - GetLogProcessListWithModel : MethodFinish
INFO  2021-09-24 13:02:06,378 TBConfigService::? - GetTBConfig : MethodStart
INFO  2021-09-24 13:02:06,389 TBConfigService::? - GetTBConfig : MethodFinish
INFO  2021-09-24 13:02:38,126 TBConfigService::? - GetTBConfig : MethodStart
INFO  2021-09-24 13:02:38,136 TBConfigService::? - GetTBConfig : MethodFinish
INFO  2021-09-24 13:04:54,402 TBConfigService::? - GetTBConfig : MethodStart
INFO  2021-09-24 13:04:54,417 TBConfigService::? - GetTBConfig : MethodFinish
INFO  2021-09-24 13:04:55,731 TBConfigService::? - GetTBConfig : MethodStart
INFO  2021-09-24 13:04:55,742 TBConfigService::? - GetTBConfig : MethodFinish
INFO  2021-09-24 13:11:04,328 TBConfigService::? - GetTBConfig : MethodStart
INFO  2021-09-24 13:11:04,357 TBConfigService::? - GetTBConfig : MethodFinish
INFO  2021-09-24 13:11:05,763 TBConfigService::? - GetTBConfig : MethodStart
INFO  2021-09-24 13:11:05,776 TBConfigService::? - GetTBConfig : MethodFinish
INFO  2021-09-24 13:11:07,771 TBConfigService::? - GetTBConfig : MethodStart
INFO  2021-09-24 13:11:07,782 TBConfigService::? - GetTBConfig : MethodFinish
INFO  2021-09-24 13:12:00,753 TBConfigService::? - GetTBConfig : MethodStart
INFO  2021-09-24 13:12:00,758 TBConfigService::? - GetTBConfig : MethodFinish
INFO  2021-09-24 13:18:57,454 TRNoticeMessageService::? - GetListWithModelByRole : MethodStart
INFO  2021-09-24 13:18:58,272 TRNoticeMessageService::? - GetListWithModelByRole : MethodFinish
INFO  2021-09-24 13:19:08,507 TBConfigService::? - GetTBConfig : MethodStart
INFO  2021-09-24 13:19:08,542 TBConfigService::? - GetTBConfig : MethodFinish
INFO  2021-09-24 13:19:14,593 TBConfigService::? - GetTBConfig : MethodStart
INFO  2021-09-24 13:19:14,632 TBConfigService::? - GetTBConfig : MethodFinish
INFO  2021-09-24 13:19:16,459 LogProcessService::? - GetLogProcessListWithModel : MethodStart
INFO  2021-09-24 13:19:16,486 LogProcessService::? - GetLogProcessListWithModel : MethodFinish
INFO  2021-09-24 13:19:31,994 TBConfigService::? - GetTBConfig : MethodStart
INFO  2021-09-24 13:19:32,006 TBConfigService::? - GetTBConfig : MethodFinish
INFO  2021-09-24 13:19:33,685 TBConfigService::? - GetTBConfig : MethodStart
INFO  2021-09-24 13:19:33,703 TBConfigService::? - GetTBConfig : MethodFinish
INFO  2021-09-24 13:19:45,169 TBConfigService::? - GetTBConfig : MethodStart
INFO  2021-09-24 13:19:45,178 TBConfigService::? - GetTBConfig : MethodFinish
INFO  2021-09-24 13:19:48,752 TBConfigService::? - GetTBConfig : MethodStart
INFO  2021-09-24 13:19:48,763 TBConfigService::? - GetTBConfig : MethodFinish
INFO  2021-09-24 13:19:48,925 WHONETService::? - Get_TCWHONET_Antibiotic_List : MethodStart
INFO  2021-09-24 13:19:48,957 WHONETService::? - Get_TCWHONET_Antibiotic_List : MethodFinish
INFO  2021-09-24 13:19:49,022 WHONETService::? - Get_TCWHONET_AntibioticSpecies_List : MethodStart
INFO  2021-09-24 13:19:49,044 WHONETService::? - Get_TCWHONET_AntibioticSpecies_List : MethodFinish
INFO  2021-09-24 13:19:49,093 WHONETService::? - Get_TCWHONET_Departments_List : MethodStart
INFO  2021-09-24 13:19:49,112 WHONETService::? - Get_TCWHONET_Departments_List : MethodFinish
INFO  2021-09-24 13:19:49,168 WHONETService::? - Get_TCWHONET_Specimen_List : MethodStart
INFO  2021-09-24 13:19:49,199 WHONETService::? - Get_TCWHONET_Specimen_List : MethodFinish
INFO  2021-09-24 13:19:49,271 WHONETService::? - Get_TCWHONET_Column_List : MethodStart
INFO  2021-09-24 13:19:49,300 WHONETService::? - Get_TCWHONET_Column_List : MethodFinish
INFO  2021-09-24 13:19:49,376 WHONETService::? - Get_TCWHONET_Organism_List : MethodStart
INFO  2021-09-24 13:19:49,458 WHONETService::? - Get_TCWHONET_Organism_List : MethodFinish
INFO  2021-09-24 13:19:49,519 WHONETService::? - Get_TCWHONET_Macro_List : MethodStart
INFO  2021-09-24 13:19:49,539 WHONETService::? - Get_TCWHONET_Macro_List : MethodFinish
INFO  2021-09-24 13:19:49,582 LogProcessService::? - GetLogProcessListWithModel : MethodStart
INFO  2021-09-24 13:19:49,603 LogProcessService::? - GetLogProcessListWithModel : MethodFinish
INFO  2021-09-24 13:20:06,257 TBConfigService::? - GetTBConfig : MethodStart
INFO  2021-09-24 13:20:06,267 TBConfigService::? - GetTBConfig : MethodFinish
INFO  2021-09-24 13:20:22,588 TBConfigService::? - GetTBConfig : MethodStart
INFO  2021-09-24 13:20:22,593 TBConfigService::? - GetTBConfig : MethodFinish
INFO  2021-09-24 13:20:46,362 TBConfigService::? - GetTBConfig : MethodStart
INFO  2021-09-24 13:20:46,367 TBConfigService::? - GetTBConfig : MethodFinish
INFO  2021-09-24 13:20:47,923 TBConfigService::? - GetTBConfig : MethodStart
INFO  2021-09-24 13:20:47,934 TBConfigService::? - GetTBConfig : MethodFinish
INFO  2021-09-24 14:35:20,959 TRNoticeMessageService::? - GetListWithModelByRole : MethodStart
INFO  2021-09-24 14:35:21,752 TRNoticeMessageService::? - GetListWithModelByRole : MethodFinish
INFO  2021-09-24 14:35:39,236 TBConfigService::? - GetTBConfig : MethodStart
INFO  2021-09-24 14:35:39,275 TBConfigService::? - GetTBConfig : MethodFinish
INFO  2021-09-24 14:35:52,042 TBConfigService::? - GetTBConfig : MethodStart
INFO  2021-09-24 14:35:52,079 TBConfigService::? - GetTBConfig : MethodFinish
INFO  2021-09-24 14:36:47,652 TBConfigService::? - GetTBConfig : MethodStart
INFO  2021-09-24 14:36:47,672 TBConfigService::? - GetTBConfig : MethodFinish
INFO  2021-09-24 14:36:56,530 LogProcessService::? - GetLogProcessListWithModel : MethodStart
INFO  2021-09-24 14:36:56,554 LogProcessService::? - GetLogProcessListWithModel : MethodFinish
INFO  2021-09-24 14:50:52,821 TRNoticeMessageService::? - GetListWithModelByRole : MethodStart
INFO  2021-09-24 14:50:54,525 TRNoticeMessageService::? - GetListWithModelByRole : MethodFinish
INFO  2021-09-24 14:51:10,941 TBConfigService::? - GetTBConfig : MethodStart
INFO  2021-09-24 14:51:11,029 TBConfigService::? - GetTBConfig : MethodFinish
INFO  2021-09-24 14:51:42,662 TBConfigService::? - GetTBConfig : MethodStart
INFO  2021-09-24 14:51:42,746 TBConfigService::? - GetTBConfig : MethodFinish
INFO  2021-09-24 14:54:19,463 TRNoticeMessageService::? - GetListWithModelByRole : MethodStart
INFO  2021-09-24 14:54:21,325 TRNoticeMessageService::? - GetListWithModelByRole : MethodFinish
INFO  2021-09-24 14:55:57,944 TBConfigService::? - GetTBConfig : MethodStart
INFO  2021-09-24 14:55:58,041 TBConfigService::? - GetTBConfig : MethodFinish
INFO  2021-09-24 14:56:38,301 TBConfigService::? - GetTBConfig : MethodStart
INFO  2021-09-24 14:56:38,337 TBConfigService::? - GetTBConfig : MethodFinish
INFO  2021-09-24 14:58:41,988 TRNoticeMessageService::? - GetListWithModelByRole : MethodStart
INFO  2021-09-24 14:58:43,387 TRNoticeMessageService::? - GetListWithModelByRole : MethodFinish
INFO  2021-09-24 14:58:45,730 TBConfigService::? - GetTBConfig : MethodStart
INFO  2021-09-24 14:58:45,763 TBConfigService::? - GetTBConfig : MethodFinish
INFO  2021-09-24 15:00:20,154 TBConfigService::? - GetTBConfig : MethodStart
INFO  2021-09-24 15:00:20,194 TBConfigService::? - GetTBConfig : MethodFinish
INFO  2021-09-24 15:02:20,696 LogProcessService::? - GetLogProcessListWithModel : MethodStart
INFO  2021-09-24 15:02:20,732 LogProcessService::? - GetLogProcessListWithModel : MethodFinish
INFO  2021-09-24 15:04:45,017 TRNoticeMessageService::? - GetListWithModelByRole : MethodStart
INFO  2021-09-24 15:04:45,865 TRNoticeMessageService::? - GetListWithModelByRole : MethodFinish
INFO  2021-09-24 15:05:30,139 TBConfigService::? - GetTBConfig : MethodStart
INFO  2021-09-24 15:05:30,180 TBConfigService::? - GetTBConfig : MethodFinish
INFO  2021-09-24 15:05:40,849 TBConfigService::? - GetTBConfig : MethodStart
INFO  2021-09-24 15:05:40,895 TBConfigService::? - GetTBConfig : MethodFinish
INFO  2021-09-24 15:06:35,537 LogProcessService::? - GetLogProcessListWithModel : MethodStart
INFO  2021-09-24 15:06:35,570 LogProcessService::? - GetLogProcessListWithModel : MethodFinish
INFO  2021-09-24 15:06:54,251 TBConfigService::? - GetTBConfig : MethodStart
INFO  2021-09-24 15:06:54,264 TBConfigService::? - GetTBConfig : MethodFinish
INFO  2021-09-24 15:07:02,032 TBConfigService::? - GetTBConfig : MethodStart
INFO  2021-09-24 15:07:02,042 TBConfigService::? - GetTBConfig : MethodFinish
INFO  2021-09-24 15:07:06,969 TBConfigService::? - GetTBConfig : MethodStart
INFO  2021-09-24 15:07:06,975 TBConfigService::? - GetTBConfig : MethodFinish
INFO  2021-09-24 15:07:20,428 TBConfigService::? - GetTBConfig : MethodStart
INFO  2021-09-24 15:07:20,435 TBConfigService::? - GetTBConfig : MethodFinish
INFO  2021-09-24 15:07:20,581 WHONETService::? - Get_TCWHONET_Antibiotic_List : MethodStart
INFO  2021-09-24 15:07:20,598 WHONETService::? - Get_TCWHONET_Antibiotic_List : MethodFinish
INFO  2021-09-24 15:07:20,647 WHONETService::? - Get_TCWHONET_AntibioticSpecies_List : MethodStart
INFO  2021-09-24 15:07:20,667 WHONETService::? - Get_TCWHONET_AntibioticSpecies_List : MethodFinish
INFO  2021-09-24 15:07:20,706 WHONETService::? - Get_TCWHONET_Departments_List : MethodStart
INFO  2021-09-24 15:07:20,720 WHONETService::? - Get_TCWHONET_Departments_List : MethodFinish
INFO  2021-09-24 15:07:20,763 WHONETService::? - Get_TCWHONET_Specimen_List : MethodStart
INFO  2021-09-24 15:07:20,780 WHONETService::? - Get_TCWHONET_Specimen_List : MethodFinish
INFO  2021-09-24 15:07:20,821 WHONETService::? - Get_TCWHONET_Column_List : MethodStart
INFO  2021-09-24 15:07:20,836 WHONETService::? - Get_TCWHONET_Column_List : MethodFinish
INFO  2021-09-24 15:07:20,880 WHONETService::? - Get_TCWHONET_Organism_List : MethodStart
INFO  2021-09-24 15:07:20,920 WHONETService::? - Get_TCWHONET_Organism_List : MethodFinish
INFO  2021-09-24 15:07:20,961 WHONETService::? - Get_TCWHONET_Macro_List : MethodStart
INFO  2021-09-24 15:07:20,975 WHONETService::? - Get_TCWHONET_Macro_List : MethodFinish
INFO  2021-09-24 15:07:21,010 LogProcessService::? - GetLogProcessListWithModel : MethodStart
INFO  2021-09-24 15:07:21,020 LogProcessService::? - GetLogProcessListWithModel : MethodFinish
INFO  2021-09-24 15:18:56,259 TRNoticeMessageService::? - GetListWithModelByRole : MethodStart
INFO  2021-09-24 15:18:57,358 TRNoticeMessageService::? - GetListWithModelByRole : MethodFinish
INFO  2021-09-24 15:18:59,813 TBConfigService::? - GetTBConfig : MethodStart
INFO  2021-09-24 15:18:59,847 TBConfigService::? - GetTBConfig : MethodFinish
INFO  2021-09-24 15:19:06,529 TBConfigService::? - GetTBConfig : MethodStart
INFO  2021-09-24 15:19:06,572 TBConfigService::? - GetTBConfig : MethodFinish
INFO  2021-09-24 15:19:08,083 TBConfigService::? - GetTBConfig : MethodStart
INFO  2021-09-24 15:19:08,099 TBConfigService::? - GetTBConfig : MethodFinish
INFO  2021-09-24 15:19:15,054 TBConfigService::? - GetTBConfig : MethodStart
INFO  2021-09-24 15:19:15,064 TBConfigService::? - GetTBConfig : MethodFinish
INFO  2021-09-24 15:19:26,390 TBConfigService::? - GetTBConfig : MethodStart
INFO  2021-09-24 15:19:26,399 TBConfigService::? - GetTBConfig : MethodFinish
INFO  2021-09-24 15:19:44,245 TBConfigService::? - GetTBConfig : MethodStart
INFO  2021-09-24 15:19:44,251 TBConfigService::? - GetTBConfig : MethodFinish
INFO  2021-09-24 15:21:29,891 TRNoticeMessageService::? - GetListWithModelByRole : MethodStart
INFO  2021-09-24 15:21:31,123 TRNoticeMessageService::? - GetListWithModelByRole : MethodFinish
INFO  2021-09-24 15:21:35,056 TBConfigService::? - GetTBConfig : MethodStart
INFO  2021-09-24 15:21:35,086 TBConfigService::? - GetTBConfig : MethodFinish
INFO  2021-09-24 15:21:40,773 TBConfigService::? - GetTBConfig : MethodStart
INFO  2021-09-24 15:21:40,813 TBConfigService::? - GetTBConfig : MethodFinish
INFO  2021-09-24 15:21:50,844 TBConfigService::? - GetTBConfig : MethodStart
INFO  2021-09-24 15:21:50,855 TBConfigService::? - GetTBConfig : MethodFinish
INFO  2021-09-24 15:21:52,633 TBConfigService::? - GetTBConfig : MethodStart
INFO  2021-09-24 15:21:52,643 TBConfigService::? - GetTBConfig : MethodFinish
INFO  2021-09-24 15:21:52,789 WHONETService::? - Get_TCWHONET_Antibiotic_List : MethodStart
INFO  2021-09-24 15:21:52,814 WHONETService::? - Get_TCWHONET_Antibiotic_List : MethodFinish
INFO  2021-09-24 15:21:52,869 WHONETService::? - Get_TCWHONET_AntibioticSpecies_List : MethodStart
INFO  2021-09-24 15:21:52,885 WHONETService::? - Get_TCWHONET_AntibioticSpecies_List : MethodFinish
INFO  2021-09-24 15:21:52,923 WHONETService::? - Get_TCWHONET_Departments_List : MethodStart
INFO  2021-09-24 15:21:52,934 WHONETService::? - Get_TCWHONET_Departments_List : MethodFinish
INFO  2021-09-24 15:21:52,973 WHONETService::? - Get_TCWHONET_Specimen_List : MethodStart
INFO  2021-09-24 15:21:52,994 WHONETService::? - Get_TCWHONET_Specimen_List : MethodFinish
INFO  2021-09-24 15:21:53,041 WHONETService::? - Get_TCWHONET_Column_List : MethodStart
INFO  2021-09-24 15:21:53,060 WHONETService::? - Get_TCWHONET_Column_List : MethodFinish
INFO  2021-09-24 15:21:53,105 WHONETService::? - Get_TCWHONET_Organism_List : MethodStart
INFO  2021-09-24 15:21:53,145 WHONETService::? - Get_TCWHONET_Organism_List : MethodFinish
INFO  2021-09-24 15:21:53,189 WHONETService::? - Get_TCWHONET_Macro_List : MethodStart
INFO  2021-09-24 15:21:53,202 WHONETService::? - Get_TCWHONET_Macro_List : MethodFinish
INFO  2021-09-24 15:21:53,245 LogProcessService::? - GetLogProcessListWithModel : MethodStart
INFO  2021-09-24 15:21:53,268 LogProcessService::? - GetLogProcessListWithModel : MethodFinish
INFO  2021-09-24 15:21:56,294 TBConfigService::? - GetTBConfig : MethodStart
INFO  2021-09-24 15:21:56,301 TBConfigService::? - GetTBConfig : MethodFinish
INFO  2021-09-24 15:21:57,824 TBConfigService::? - GetTBConfig : MethodStart
INFO  2021-09-24 15:21:57,836 TBConfigService::? - GetTBConfig : MethodFinish
INFO  2021-09-24 15:24:55,353 TRNoticeMessageService::? - GetListWithModelByRole : MethodStart
INFO  2021-09-24 15:24:56,557 TRNoticeMessageService::? - GetListWithModelByRole : MethodFinish
INFO  2021-09-24 15:24:58,520 TBConfigService::? - GetTBConfig : MethodStart
INFO  2021-09-24 15:24:58,575 TBConfigService::? - GetTBConfig : MethodFinish
INFO  2021-09-24 15:25:07,207 TBConfigService::? - GetTBConfig : MethodStart
INFO  2021-09-24 15:25:07,269 TBConfigService::? - GetTBConfig : MethodFinish
INFO  2021-09-24 15:25:15,877 TBConfigService::? - GetTBConfig : MethodStart
INFO  2021-09-24 15:25:15,888 TBConfigService::? - GetTBConfig : MethodFinish
INFO  2021-09-24 15:25:17,258 TBConfigService::? - GetTBConfig : MethodStart
INFO  2021-09-24 15:25:17,270 TBConfigService::? - GetTBConfig : MethodFinish
INFO  2021-09-24 15:25:17,419 WHONETService::? - Get_TCWHONET_Antibiotic_List : MethodStart
INFO  2021-09-24 15:25:17,447 WHONETService::? - Get_TCWHONET_Antibiotic_List : MethodFinish
INFO  2021-09-24 15:25:17,515 WHONETService::? - Get_TCWHONET_AntibioticSpecies_List : MethodStart
INFO  2021-09-24 15:25:17,534 WHONETService::? - Get_TCWHONET_AntibioticSpecies_List : MethodFinish
INFO  2021-09-24 15:25:17,578 WHONETService::? - Get_TCWHONET_Departments_List : MethodStart
INFO  2021-09-24 15:25:17,592 WHONETService::? - Get_TCWHONET_Departments_List : MethodFinish
INFO  2021-09-24 15:25:17,648 WHONETService::? - Get_TCWHONET_Specimen_List : MethodStart
INFO  2021-09-24 15:25:17,674 WHONETService::? - Get_TCWHONET_Specimen_List : MethodFinish
INFO  2021-09-24 15:25:17,733 WHONETService::? - Get_TCWHONET_Column_List : MethodStart
INFO  2021-09-24 15:25:17,757 WHONETService::? - Get_TCWHONET_Column_List : MethodFinish
INFO  2021-09-24 15:25:17,815 WHONETService::? - Get_TCWHONET_Organism_List : MethodStart
INFO  2021-09-24 15:25:17,867 WHONETService::? - Get_TCWHONET_Organism_List : MethodFinish
INFO  2021-09-24 15:25:17,916 WHONETService::? - Get_TCWHONET_Macro_List : MethodStart
INFO  2021-09-24 15:25:17,935 WHONETService::? - Get_TCWHONET_Macro_List : MethodFinish
INFO  2021-09-24 15:25:17,988 LogProcessService::? - GetLogProcessListWithModel : MethodStart
INFO  2021-09-24 15:25:18,015 LogProcessService::? - GetLogProcessListWithModel : MethodFinish
INFO  2021-09-24 15:25:47,911 TBConfigService::? - GetTBConfig : MethodStart
INFO  2021-09-24 15:25:47,919 TBConfigService::? - GetTBConfig : MethodFinish
INFO  2021-09-24 15:25:50,252 TBConfigService::? - GetTBConfig : MethodStart
INFO  2021-09-24 15:25:50,265 TBConfigService::? - GetTBConfig : MethodFinish
INFO  2021-09-24 15:25:50,414 WHONETService::? - Get_TCWHONET_Antibiotic_List : MethodStart
INFO  2021-09-24 15:25:50,431 WHONETService::? - Get_TCWHONET_Antibiotic_List : MethodFinish
INFO  2021-09-24 15:25:50,482 WHONETService::? - Get_TCWHONET_AntibioticSpecies_List : MethodStart
INFO  2021-09-24 15:25:50,502 WHONETService::? - Get_TCWHONET_AntibioticSpecies_List : MethodFinish
INFO  2021-09-24 15:25:50,554 WHONETService::? - Get_TCWHONET_Departments_List : MethodStart
INFO  2021-09-24 15:25:50,574 WHONETService::? - Get_TCWHONET_Departments_List : MethodFinish
INFO  2021-09-24 15:25:50,626 WHONETService::? - Get_TCWHONET_Specimen_List : MethodStart
INFO  2021-09-24 15:25:50,645 WHONETService::? - Get_TCWHONET_Specimen_List : MethodFinish
INFO  2021-09-24 15:25:50,703 WHONETService::? - Get_TCWHONET_Column_List : MethodStart
INFO  2021-09-24 15:25:50,728 WHONETService::? - Get_TCWHONET_Column_List : MethodFinish
INFO  2021-09-24 15:25:50,807 WHONETService::? - Get_TCWHONET_Organism_List : MethodStart
INFO  2021-09-24 15:25:50,857 WHONETService::? - Get_TCWHONET_Organism_List : MethodFinish
INFO  2021-09-24 15:25:50,913 WHONETService::? - Get_TCWHONET_Macro_List : MethodStart
INFO  2021-09-24 15:25:51,033 WHONETService::? - Get_TCWHONET_Macro_List : MethodFinish
INFO  2021-09-24 15:25:51,101 LogProcessService::? - GetLogProcessListWithModel : MethodStart
INFO  2021-09-24 15:25:51,122 LogProcessService::? - GetLogProcessListWithModel : MethodFinish
INFO  2021-09-24 15:26:02,888 LogProcessService::? - GetLogProcessListWithModel : MethodStart
INFO  2021-09-24 15:26:02,902 LogProcessService::? - GetLogProcessListWithModel : MethodFinish
INFO  2021-09-24 15:26:52,077 TBConfigService::? - GetTBConfig : MethodStart
INFO  2021-09-24 15:26:52,091 TBConfigService::? - GetTBConfig : MethodFinish
INFO  2021-09-24 15:26:52,203 WHONETService::? - Get_TCWHONET_Antibiotic_List : MethodStart
INFO  2021-09-24 15:26:52,214 WHONETService::? - Get_TCWHONET_Antibiotic_List : MethodFinish
INFO  2021-09-24 15:26:52,265 WHONETService::? - Get_TCWHONET_AntibioticSpecies_List : MethodStart
INFO  2021-09-24 15:26:52,283 WHONETService::? - Get_TCWHONET_AntibioticSpecies_List : MethodFinish
INFO  2021-09-24 15:26:52,326 WHONETService::? - Get_TCWHONET_Departments_List : MethodStart
INFO  2021-09-24 15:26:52,336 WHONETService::? - Get_TCWHONET_Departments_List : MethodFinish
INFO  2021-09-24 15:26:52,368 WHONETService::? - Get_TCWHONET_Specimen_List : MethodStart
INFO  2021-09-24 15:26:52,379 WHONETService::? - Get_TCWHONET_Specimen_List : MethodFinish
INFO  2021-09-24 15:26:52,410 WHONETService::? - Get_TCWHONET_Column_List : MethodStart
INFO  2021-09-24 15:26:52,420 WHONETService::? - Get_TCWHONET_Column_List : MethodFinish
INFO  2021-09-24 15:26:52,456 WHONETService::? - Get_TCWHONET_Organism_List : MethodStart
INFO  2021-09-24 15:26:52,467 WHONETService::? - Get_TCWHONET_Organism_List : MethodFinish
INFO  2021-09-24 15:26:52,505 WHONETService::? - Get_TCWHONET_Macro_List : MethodStart
INFO  2021-09-24 15:26:52,513 WHONETService::? - Get_TCWHONET_Macro_List : MethodFinish
INFO  2021-09-24 15:26:52,545 LogProcessService::? - GetLogProcessListWithModel : MethodStart
INFO  2021-09-24 15:26:52,553 LogProcessService::? - GetLogProcessListWithModel : MethodFinish
INFO  2021-09-24 15:26:58,497 LogProcessService::? - GetLogProcessListWithModel : MethodStart
INFO  2021-09-24 15:26:58,510 LogProcessService::? - GetLogProcessListWithModel : MethodFinish
INFO  2021-09-24 15:32:35,178 TRNoticeMessageService::? - GetListWithModelByRole : MethodStart
INFO  2021-09-24 15:32:36,161 TRNoticeMessageService::? - GetListWithModelByRole : MethodFinish
INFO  2021-09-24 15:32:45,580 TBConfigService::? - GetTBConfig : MethodStart
INFO  2021-09-24 15:32:45,612 TBConfigService::? - GetTBConfig : MethodFinish
INFO  2021-09-24 15:32:57,725 TBConfigService::? - GetTBConfig : MethodStart
INFO  2021-09-24 15:32:57,771 TBConfigService::? - GetTBConfig : MethodFinish
INFO  2021-09-24 15:32:57,968 WHONETService::? - Get_TCWHONET_Antibiotic_List : MethodStart
INFO  2021-09-24 15:32:57,981 WHONETService::? - Get_TCWHONET_Antibiotic_List : MethodFinish
INFO  2021-09-24 15:32:58,033 WHONETService::? - Get_TCWHONET_AntibioticSpecies_List : MethodStart
INFO  2021-09-24 15:32:58,047 WHONETService::? - Get_TCWHONET_AntibioticSpecies_List : MethodFinish
INFO  2021-09-24 15:32:58,088 WHONETService::? - Get_TCWHONET_Departments_List : MethodStart
INFO  2021-09-24 15:32:58,102 WHONETService::? - Get_TCWHONET_Departments_List : MethodFinish
INFO  2021-09-24 15:32:58,149 WHONETService::? - Get_TCWHONET_Specimen_List : MethodStart
INFO  2021-09-24 15:32:58,162 WHONETService::? - Get_TCWHONET_Specimen_List : MethodFinish
INFO  2021-09-24 15:32:58,203 WHONETService::? - Get_TCWHONET_Column_List : MethodStart
INFO  2021-09-24 15:32:58,216 WHONETService::? - Get_TCWHONET_Column_List : MethodFinish
INFO  2021-09-24 15:32:58,261 WHONETService::? - Get_TCWHONET_Organism_List : MethodStart
INFO  2021-09-24 15:32:58,300 WHONETService::? - Get_TCWHONET_Organism_List : MethodFinish
INFO  2021-09-24 15:32:58,342 WHONETService::? - Get_TCWHONET_Macro_List : MethodStart
INFO  2021-09-24 15:32:58,353 WHONETService::? - Get_TCWHONET_Macro_List : MethodFinish
INFO  2021-09-24 15:32:58,394 LogProcessService::? - GetLogProcessListWithModel : MethodStart
INFO  2021-09-24 15:32:58,415 LogProcessService::? - GetLogProcessListWithModel : MethodFinish
INFO  2021-09-24 15:33:05,070 LogProcessService::? - GetLogProcessListWithModel : MethodStart
INFO  2021-09-24 15:33:05,077 LogProcessService::? - GetLogProcessListWithModel : MethodFinish
INFO  2021-09-24 15:33:09,040 LogProcessService::? - GetLogProcessListWithModel : MethodStart
INFO  2021-09-24 15:33:09,049 LogProcessService::? - GetLogProcessListWithModel : MethodFinish
INFO  2021-09-24 15:33:11,883 TBConfigService::? - GetTBConfig : MethodStart
INFO  2021-09-24 15:33:11,892 TBConfigService::? - GetTBConfig : MethodFinish
INFO  2021-09-24 15:33:11,990 WHONETService::? - Get_TCWHONET_Antibiotic_List : MethodStart
INFO  2021-09-24 15:33:12,000 WHONETService::? - Get_TCWHONET_Antibiotic_List : MethodFinish
INFO  2021-09-24 15:33:12,035 WHONETService::? - Get_TCWHONET_AntibioticSpecies_List : MethodStart
INFO  2021-09-24 15:33:12,044 WHONETService::? - Get_TCWHONET_AntibioticSpecies_List : MethodFinish
INFO  2021-09-24 15:33:12,084 WHONETService::? - Get_TCWHONET_Departments_List : MethodStart
INFO  2021-09-24 15:33:12,091 WHONETService::? - Get_TCWHONET_Departments_List : MethodFinish
INFO  2021-09-24 15:33:12,134 WHONETService::? - Get_TCWHONET_Specimen_List : MethodStart
INFO  2021-09-24 15:33:12,142 WHONETService::? - Get_TCWHONET_Specimen_List : MethodFinish
INFO  2021-09-24 15:33:12,177 WHONETService::? - Get_TCWHONET_Column_List : MethodStart
INFO  2021-09-24 15:33:12,190 WHONETService::? - Get_TCWHONET_Column_List : MethodFinish
INFO  2021-09-24 15:33:12,230 WHONETService::? - Get_TCWHONET_Organism_List : MethodStart
INFO  2021-09-24 15:33:12,243 WHONETService::? - Get_TCWHONET_Organism_List : MethodFinish
INFO  2021-09-24 15:33:12,284 WHONETService::? - Get_TCWHONET_Macro_List : MethodStart
INFO  2021-09-24 15:33:12,291 WHONETService::? - Get_TCWHONET_Macro_List : MethodFinish
INFO  2021-09-24 15:33:12,325 LogProcessService::? - GetLogProcessListWithModel : MethodStart
INFO  2021-09-24 15:33:12,334 LogProcessService::? - GetLogProcessListWithModel : MethodFinish
INFO  2021-09-24 15:33:16,607 TBConfigService::? - GetTBConfig : MethodStart
INFO  2021-09-24 15:33:16,616 TBConfigService::? - GetTBConfig : MethodFinish
INFO  2021-09-24 15:33:20,070 TBConfigService::? - GetTBConfig : MethodStart
INFO  2021-09-24 15:33:20,080 TBConfigService::? - GetTBConfig : MethodFinish
INFO  2021-09-24 15:33:20,169 WHONETService::? - Get_TCWHONET_Antibiotic_List : MethodStart
INFO  2021-09-24 15:33:20,179 WHONETService::? - Get_TCWHONET_Antibiotic_List : MethodFinish
INFO  2021-09-24 15:33:20,214 WHONETService::? - Get_TCWHONET_AntibioticSpecies_List : MethodStart
INFO  2021-09-24 15:33:20,222 WHONETService::? - Get_TCWHONET_AntibioticSpecies_List : MethodFinish
INFO  2021-09-24 15:33:20,251 WHONETService::? - Get_TCWHONET_Departments_List : MethodStart
INFO  2021-09-24 15:33:20,258 WHONETService::? - Get_TCWHONET_Departments_List : MethodFinish
INFO  2021-09-24 15:33:20,287 WHONETService::? - Get_TCWHONET_Specimen_List : MethodStart
INFO  2021-09-24 15:33:20,295 WHONETService::? - Get_TCWHONET_Specimen_List : MethodFinish
INFO  2021-09-24 15:33:20,323 WHONETService::? - Get_TCWHONET_Column_List : MethodStart
INFO  2021-09-24 15:33:20,331 WHONETService::? - Get_TCWHONET_Column_List : MethodFinish
INFO  2021-09-24 15:33:20,361 WHONETService::? - Get_TCWHONET_Organism_List : MethodStart
INFO  2021-09-24 15:33:20,369 WHONETService::? - Get_TCWHONET_Organism_List : MethodFinish
INFO  2021-09-24 15:33:20,399 WHONETService::? - Get_TCWHONET_Macro_List : MethodStart
INFO  2021-09-24 15:33:20,407 WHONETService::? - Get_TCWHONET_Macro_List : MethodFinish
INFO  2021-09-24 15:33:20,434 LogProcessService::? - GetLogProcessListWithModel : MethodStart
INFO  2021-09-24 15:33:20,441 LogProcessService::? - GetLogProcessListWithModel : MethodFinish
INFO  2021-09-24 15:33:36,256 WHONETService::? - SaveWHONET_AntibioticsListData : MethodStart
INFO  2021-09-24 15:33:36,259 WHONETService::? - ClearTCWHONET_AntibioticsDataByMST_CODE : MethodStart
INFO  2021-09-24 15:33:36,265 WHONETService::? - Get_TCWHONET_Antibiotic_List : MethodStart
INFO  2021-09-24 15:33:36,276 WHONETService::? - Get_TCWHONET_Antibiotic_List : MethodFinish
INFO  2021-09-24 15:33:36,288 WHONETService::? - ClearTCWHONET_AntibioticsDataByMST_CODE : MethodFinish
INFO  2021-09-24 15:33:36,937 WHONETService::? - SaveWHONET_AntibioticsListData : MethodFinish
INFO  2021-09-24 15:33:37,005 WHONETService::? - SaveWHONET_AntibioticSpeciesListData : MethodStart
INFO  2021-09-24 15:33:37,012 WHONETService::? - ClearTCWHONET_AntibioticSpeciesDataByMST_CODE : MethodStart
INFO  2021-09-24 15:33:37,019 WHONETService::? - Get_TCWHONET_AntibioticSpecies_List : MethodStart
INFO  2021-09-24 15:33:37,029 WHONETService::? - Get_TCWHONET_AntibioticSpecies_List : MethodFinish
INFO  2021-09-24 15:33:37,035 WHONETService::? - ClearTCWHONET_AntibioticSpeciesDataByMST_CODE : MethodFinish
INFO  2021-09-24 15:33:39,230 WHONETService::? - SaveWHONET_AntibioticSpeciesListData : MethodFinish
INFO  2021-09-24 15:33:39,264 WHONETService::? - SaveWHONET_DepartmentsListData : MethodStart
INFO  2021-09-24 15:33:39,271 WHONETService::? - ClearTCWHONET_DepartmentsDataByMST_CODE : MethodStart
INFO  2021-09-24 15:33:39,277 WHONETService::? - Get_TCWHONET_Departments_List : MethodStart
INFO  2021-09-24 15:33:39,285 WHONETService::? - Get_TCWHONET_Departments_List : MethodFinish
INFO  2021-09-24 15:33:39,291 WHONETService::? - ClearTCWHONET_DepartmentsDataByMST_CODE : MethodFinish
INFO  2021-09-24 15:33:39,329 WHONETService::? - SaveWHONET_DepartmentsListData : MethodFinish
INFO  2021-09-24 15:33:39,369 WHONETService::? - SaveWHONET_ColumnListData : MethodStart
INFO  2021-09-24 15:33:39,377 WHONETService::? - ClearTCWHONET_ColumnDataByMST_CODE : MethodStart
INFO  2021-09-24 15:33:39,384 WHONETService::? - Get_TCWHONET_Column_List : MethodStart
INFO  2021-09-24 15:33:39,393 WHONETService::? - Get_TCWHONET_Column_List : MethodFinish
INFO  2021-09-24 15:33:39,399 WHONETService::? - ClearTCWHONET_ColumnDataByMST_CODE : MethodFinish
INFO  2021-09-24 15:33:39,462 WHONETService::? - SaveWHONET_ColumnListData : MethodFinish
INFO  2021-09-24 15:33:39,505 WHONETService::? - Get_TCWHONET_Antibiotic_List : MethodStart
INFO  2021-09-24 15:33:39,515 WHONETService::? - Get_TCWHONET_Antibiotic_List : MethodFinish
INFO  2021-09-24 15:33:39,549 WHONETService::? - Get_TCWHONET_AntibioticSpecies_List : MethodStart
INFO  2021-09-24 15:33:39,574 WHONETService::? - Get_TCWHONET_AntibioticSpecies_List : MethodFinish
INFO  2021-09-24 15:33:39,640 WHONETService::? - Get_TCWHONET_Departments_List : MethodStart
INFO  2021-09-24 15:33:39,649 WHONETService::? - Get_TCWHONET_Departments_List : MethodFinish
INFO  2021-09-24 15:33:39,681 WHONETService::? - Get_TCWHONET_Column_List : MethodStart
INFO  2021-09-24 15:33:39,689 WHONETService::? - Get_TCWHONET_Column_List : MethodFinish
INFO  2021-09-24 15:34:09,946 WHONETService::? - SaveWHONET_SpecimenListData : MethodStart
INFO  2021-09-24 15:34:09,948 WHONETService::? - ClearTCWHONET_SpecimenDataByMST_CODE : MethodStart
INFO  2021-09-24 15:34:09,954 WHONETService::? - Get_TCWHONET_Specimen_List : MethodStart
INFO  2021-09-24 15:34:09,965 WHONETService::? - Get_TCWHONET_Specimen_List : MethodFinish
INFO  2021-09-24 15:34:09,971 WHONETService::? - ClearTCWHONET_SpecimenDataByMST_CODE : MethodFinish
INFO  2021-09-24 15:34:10,693 WHONETService::? - SaveWHONET_SpecimenListData : MethodFinish
INFO  2021-09-24 15:34:10,745 WHONETService::? - Get_TCWHONET_Specimen_List : MethodStart
INFO  2021-09-24 15:34:10,755 WHONETService::? - Get_TCWHONET_Specimen_List : MethodFinish
INFO  2021-09-24 15:34:31,366 WHONETService::? - SaveWHONET_OrganismListData : MethodStart
INFO  2021-09-24 15:34:31,369 WHONETService::? - ClearTCWHONET_OrganismDataByMST_CODE : MethodStart
INFO  2021-09-24 15:34:31,375 WHONETService::? - Get_TCWHONET_Organism_List : MethodStart
INFO  2021-09-24 15:34:31,385 WHONETService::? - Get_TCWHONET_Organism_List : MethodFinish
INFO  2021-09-24 15:34:31,390 WHONETService::? - ClearTCWHONET_OrganismDataByMST_CODE : MethodFinish
INFO  2021-09-24 15:34:35,506 WHONETService::? - SaveWHONET_OrganismListData : MethodFinish
INFO  2021-09-24 15:34:35,551 WHONETService::? - Get_TCWHONET_Organism_List : MethodStart
INFO  2021-09-24 15:34:35,601 WHONETService::? - Get_TCWHONET_Organism_List : MethodFinish
INFO  2021-09-24 15:35:01,528 WHONETService::? - SaveWHONET_MacroListData : MethodStart
INFO  2021-09-24 15:35:01,532 WHONETService::? - ClearTCWHONET_MacroDataByMST_CODE : MethodStart
INFO  2021-09-24 15:35:01,538 WHONETService::? - Get_TCWHONET_Macro_List : MethodStart
INFO  2021-09-24 15:35:01,546 WHONETService::? - Get_TCWHONET_Macro_List : MethodFinish
INFO  2021-09-24 15:35:01,553 WHONETService::? - ClearTCWHONET_MacroDataByMST_CODE : MethodFinish
INFO  2021-09-24 15:35:02,072 WHONETService::? - SaveWHONET_MacroListData : MethodFinish
INFO  2021-09-24 15:35:02,117 WHONETService::? - Get_TCWHONET_Macro_List : MethodStart
INFO  2021-09-24 15:35:02,128 WHONETService::? - Get_TCWHONET_Macro_List : MethodFinish
INFO  2021-09-24 15:35:13,030 TBConfigService::? - GetTBConfig : MethodStart
INFO  2021-09-24 15:35:13,035 TBConfigService::? - GetTBConfig : MethodFinish
INFO  2021-09-24 15:35:15,792 TBConfigService::? - GetTBConfig : MethodStart
INFO  2021-09-24 15:35:15,796 TBConfigService::? - GetTBConfig : MethodFinish
INFO  2021-09-24 15:35:15,876 WHONETService::? - Get_TCWHONET_Antibiotic_List : MethodStart
INFO  2021-09-24 15:35:15,886 WHONETService::? - Get_TCWHONET_Antibiotic_List : MethodFinish
INFO  2021-09-24 15:35:15,932 WHONETService::? - Get_TCWHONET_AntibioticSpecies_List : MethodStart
INFO  2021-09-24 15:35:15,954 WHONETService::? - Get_TCWHONET_AntibioticSpecies_List : MethodFinish
INFO  2021-09-24 15:35:16,010 WHONETService::? - Get_TCWHONET_Departments_List : MethodStart
INFO  2021-09-24 15:35:16,019 WHONETService::? - Get_TCWHONET_Departments_List : MethodFinish
INFO  2021-09-24 15:35:16,053 WHONETService::? - Get_TCWHONET_Specimen_List : MethodStart
INFO  2021-09-24 15:35:16,063 WHONETService::? - Get_TCWHONET_Specimen_List : MethodFinish
INFO  2021-09-24 15:35:16,100 WHONETService::? - Get_TCWHONET_Column_List : MethodStart
INFO  2021-09-24 15:35:16,109 WHONETService::? - Get_TCWHONET_Column_List : MethodFinish
INFO  2021-09-24 15:35:16,142 WHONETService::? - Get_TCWHONET_Organism_List : MethodStart
INFO  2021-09-24 15:35:16,168 WHONETService::? - Get_TCWHONET_Organism_List : MethodFinish
INFO  2021-09-24 15:35:16,238 WHONETService::? - Get_TCWHONET_Macro_List : MethodStart
INFO  2021-09-24 15:35:16,247 WHONETService::? - Get_TCWHONET_Macro_List : MethodFinish
INFO  2021-09-24 15:35:16,281 LogProcessService::? - GetLogProcessListWithModel : MethodStart
INFO  2021-09-24 15:35:16,292 LogProcessService::? - GetLogProcessListWithModel : MethodFinish
INFO  2021-09-24 15:35:18,457 TBConfigService::? - GetTBConfig : MethodStart
INFO  2021-09-24 15:35:18,462 TBConfigService::? - GetTBConfig : MethodFinish
INFO  2021-09-24 15:35:20,859 TBConfigService::? - GetTBConfig : MethodStart
INFO  2021-09-24 15:35:20,865 TBConfigService::? - GetTBConfig : MethodFinish
INFO  2021-09-24 15:35:44,718 TBConfigService::? - GetTBConfig : MethodStart
INFO  2021-09-24 15:35:44,724 TBConfigService::? - GetTBConfig : MethodFinish
INFO  2021-09-24 15:35:47,286 TBConfigService::? - GetTBConfig : MethodStart
INFO  2021-09-24 15:35:47,291 TBConfigService::? - GetTBConfig : MethodFinish
INFO  2021-09-24 15:35:49,355 TBConfigService::? - GetTBConfig : MethodStart
INFO  2021-09-24 15:35:49,359 TBConfigService::? - GetTBConfig : MethodFinish
INFO  2021-09-24 15:35:54,128 TBConfigService::? - GetTBConfig : MethodStart
INFO  2021-09-24 15:35:54,134 TBConfigService::? - GetTBConfig : MethodFinish
INFO  2021-09-24 15:36:16,913 TBConfigService::? - GetTBConfig : MethodStart
INFO  2021-09-24 15:36:16,921 TBConfigService::? - GetTBConfig : MethodFinish
INFO  2021-09-24 15:36:22,684 TBConfigService::? - GetTBConfig : MethodStart
INFO  2021-09-24 15:36:22,689 TBConfigService::? - GetTBConfig : MethodFinish
INFO  2021-09-24 15:36:22,765 WHONETService::? - Get_TCWHONET_Antibiotic_List : MethodStart
INFO  2021-09-24 15:36:22,774 WHONETService::? - Get_TCWHONET_Antibiotic_List : MethodFinish
INFO  2021-09-24 15:36:22,818 WHONETService::? - Get_TCWHONET_AntibioticSpecies_List : MethodStart
INFO  2021-09-24 15:36:22,834 WHONETService::? - Get_TCWHONET_AntibioticSpecies_List : MethodFinish
INFO  2021-09-24 15:36:22,870 WHONETService::? - Get_TCWHONET_Departments_List : MethodStart
INFO  2021-09-24 15:36:22,881 WHONETService::? - Get_TCWHONET_Departments_List : MethodFinish
INFO  2021-09-24 15:36:22,910 WHONETService::? - Get_TCWHONET_Specimen_List : MethodStart
INFO  2021-09-24 15:36:22,919 WHONETService::? - Get_TCWHONET_Specimen_List : MethodFinish
INFO  2021-09-24 15:36:22,950 WHONETService::? - Get_TCWHONET_Column_List : MethodStart
INFO  2021-09-24 15:36:22,958 WHONETService::? - Get_TCWHONET_Column_List : MethodFinish
INFO  2021-09-24 15:36:22,987 WHONETService::? - Get_TCWHONET_Organism_List : MethodStart
INFO  2021-09-24 15:36:22,995 WHONETService::? - Get_TCWHONET_Organism_List : MethodFinish
INFO  2021-09-24 15:36:23,023 WHONETService::? - Get_TCWHONET_Macro_List : MethodStart
INFO  2021-09-24 15:36:23,033 WHONETService::? - Get_TCWHONET_Macro_List : MethodFinish
INFO  2021-09-24 15:36:23,064 LogProcessService::? - GetLogProcessListWithModel : MethodStart
INFO  2021-09-24 15:36:23,075 LogProcessService::? - GetLogProcessListWithModel : MethodFinish
INFO  2021-09-24 15:36:25,851 TBConfigService::? - GetTBConfig : MethodStart
INFO  2021-09-24 15:36:25,856 TBConfigService::? - GetTBConfig : MethodFinish
INFO  2021-09-24 15:36:29,647 TBConfigService::? - GetTBConfig : MethodStart
INFO  2021-09-24 15:36:29,654 TBConfigService::? - GetTBConfig : MethodFinish
INFO  2021-09-24 15:36:41,789 TBConfigService::? - GetTBConfig : MethodStart
INFO  2021-09-24 15:36:41,794 TBConfigService::? - GetTBConfig : MethodFinish
INFO  2021-09-24 15:36:44,296 TBConfigService::? - GetTBConfig : MethodStart
INFO  2021-09-24 15:36:44,300 TBConfigService::? - GetTBConfig : MethodFinish
INFO  2021-09-24 15:36:44,367 WHONETService::? - Get_TCWHONET_Antibiotic_List : MethodStart
INFO  2021-09-24 15:36:44,377 WHONETService::? - Get_TCWHONET_Antibiotic_List : MethodFinish
INFO  2021-09-24 15:36:44,412 WHONETService::? - Get_TCWHONET_AntibioticSpecies_List : MethodStart
INFO  2021-09-24 15:36:44,421 WHONETService::? - Get_TCWHONET_AntibioticSpecies_List : MethodFinish
INFO  2021-09-24 15:36:44,452 WHONETService::? - Get_TCWHONET_Departments_List : MethodStart
INFO  2021-09-24 15:36:44,459 WHONETService::? - Get_TCWHONET_Departments_List : MethodFinish
INFO  2021-09-24 15:36:44,490 WHONETService::? - Get_TCWHONET_Specimen_List : MethodStart
INFO  2021-09-24 15:36:44,499 WHONETService::? - Get_TCWHONET_Specimen_List : MethodFinish
INFO  2021-09-24 15:36:44,534 WHONETService::? - Get_TCWHONET_Column_List : MethodStart
INFO  2021-09-24 15:36:44,543 WHONETService::? - Get_TCWHONET_Column_List : MethodFinish
INFO  2021-09-24 15:36:44,575 WHONETService::? - Get_TCWHONET_Organism_List : MethodStart
INFO  2021-09-24 15:36:44,582 WHONETService::? - Get_TCWHONET_Organism_List : MethodFinish
INFO  2021-09-24 15:36:44,614 WHONETService::? - Get_TCWHONET_Macro_List : MethodStart
INFO  2021-09-24 15:36:44,621 WHONETService::? - Get_TCWHONET_Macro_List : MethodFinish
INFO  2021-09-24 15:36:44,652 LogProcessService::? - GetLogProcessListWithModel : MethodStart
INFO  2021-09-24 15:36:44,659 LogProcessService::? - GetLogProcessListWithModel : MethodFinish
INFO  2021-09-24 16:37:46,276 TRNoticeMessageService::? - GetListWithModelByRole : MethodStart
INFO  2021-09-24 16:37:47,052 TRNoticeMessageService::? - GetListWithModelByRole : MethodFinish
INFO  2021-09-24 16:37:50,370 TBConfigService::? - GetTBConfig : MethodStart
INFO  2021-09-24 16:37:50,403 TBConfigService::? - GetTBConfig : MethodFinish
INFO  2021-09-24 16:40:49,910 TBConfigService::? - GetTBConfig : MethodStart
INFO  2021-09-24 16:40:49,955 TBConfigService::? - GetTBConfig : MethodFinish
INFO  2021-09-24 16:40:50,139 WHONETService::? - Get_TCWHONET_Antibiotic_List : MethodStart
INFO  2021-09-24 16:40:50,169 WHONETService::? - Get_TCWHONET_Antibiotic_List : MethodFinish
INFO  2021-09-24 16:40:50,229 WHONETService::? - Get_TCWHONET_AntibioticSpecies_List : MethodStart
INFO  2021-09-24 16:40:50,248 WHONETService::? - Get_TCWHONET_AntibioticSpecies_List : MethodFinish
INFO  2021-09-24 16:40:50,295 WHONETService::? - Get_TCWHONET_Departments_List : MethodStart
INFO  2021-09-24 16:40:50,308 WHONETService::? - Get_TCWHONET_Departments_List : MethodFinish
INFO  2021-09-24 16:40:50,347 WHONETService::? - Get_TCWHONET_Specimen_List : MethodStart
INFO  2021-09-24 16:40:50,370 WHONETService::? - Get_TCWHONET_Specimen_List : MethodFinish
INFO  2021-09-24 16:40:50,419 WHONETService::? - Get_TCWHONET_Column_List : MethodStart
INFO  2021-09-24 16:40:50,440 WHONETService::? - Get_TCWHONET_Column_List : MethodFinish
INFO  2021-09-24 16:40:50,491 WHONETService::? - Get_TCWHONET_Organism_List : MethodStart
INFO  2021-09-24 16:40:50,531 WHONETService::? - Get_TCWHONET_Organism_List : MethodFinish
INFO  2021-09-24 16:40:50,579 WHONETService::? - Get_TCWHONET_Macro_List : MethodStart
INFO  2021-09-24 16:40:50,594 WHONETService::? - Get_TCWHONET_Macro_List : MethodFinish
INFO  2021-09-24 16:40:50,642 LogProcessService::? - GetLogProcessListWithModel : MethodStart
INFO  2021-09-24 16:40:50,663 LogProcessService::? - GetLogProcessListWithModel : MethodFinish
INFO  2021-09-24 16:41:05,132 TBConfigService::? - GetTBConfig : MethodStart
INFO  2021-09-24 16:41:05,144 TBConfigService::? - GetTBConfig : MethodFinish
INFO  2021-09-24 16:41:06,191 TBConfigService::? - GetTBConfig : MethodStart
INFO  2021-09-24 16:41:06,202 TBConfigService::? - GetTBConfig : MethodFinish
INFO  2021-09-24 16:41:30,530 TBConfigService::? - GetTBConfig : MethodStart
INFO  2021-09-24 16:41:30,537 TBConfigService::? - GetTBConfig : MethodFinish
INFO  2021-09-24 16:41:32,039 TBConfigService::? - GetTBConfig : MethodStart
INFO  2021-09-24 16:41:32,054 TBConfigService::? - GetTBConfig : MethodFinish
INFO  2021-09-24 16:41:53,219 TBConfigService::? - GetTBConfig : MethodStart
INFO  2021-09-24 16:41:53,231 TBConfigService::? - GetTBConfig : MethodFinish
INFO  2021-09-24 17:27:25,984 TRNoticeMessageService::? - GetListWithModelByRole : MethodStart
INFO  2021-09-24 17:27:26,792 TRNoticeMessageService::? - GetListWithModelByRole : MethodFinish
INFO  2021-09-24 17:27:32,964 TBConfigService::? - GetTBConfig : MethodStart
INFO  2021-09-24 17:27:33,012 TBConfigService::? - GetTBConfig : MethodFinish
INFO  2021-09-24 17:28:52,606 TBConfigService::? - GetTBConfig : MethodStart
INFO  2021-09-24 17:28:52,646 TBConfigService::? - GetTBConfig : MethodFinish
INFO  2021-09-24 17:28:52,874 WHONETService::? - Get_TCWHONET_Antibiotic_List : MethodStart
INFO  2021-09-24 17:28:52,902 WHONETService::? - Get_TCWHONET_Antibiotic_List : MethodFinish
INFO  2021-09-24 17:28:52,971 WHONETService::? - Get_TCWHONET_AntibioticSpecies_List : MethodStart
INFO  2021-09-24 17:28:52,990 WHONETService::? - Get_TCWHONET_AntibioticSpecies_List : MethodFinish
INFO  2021-09-24 17:28:53,032 WHONETService::? - Get_TCWHONET_Departments_List : MethodStart
INFO  2021-09-24 17:28:53,046 WHONETService::? - Get_TCWHONET_Departments_List : MethodFinish
INFO  2021-09-24 17:28:53,092 WHONETService::? - Get_TCWHONET_Specimen_List : MethodStart
INFO  2021-09-24 17:28:53,114 WHONETService::? - Get_TCWHONET_Specimen_List : MethodFinish
INFO  2021-09-24 17:28:53,165 WHONETService::? - Get_TCWHONET_Column_List : MethodStart
INFO  2021-09-24 17:28:53,185 WHONETService::? - Get_TCWHONET_Column_List : MethodFinish
INFO  2021-09-24 17:28:53,239 WHONETService::? - Get_TCWHONET_Organism_List : MethodStart
INFO  2021-09-24 17:28:53,287 WHONETService::? - Get_TCWHONET_Organism_List : MethodFinish
INFO  2021-09-24 17:28:53,332 WHONETService::? - Get_TCWHONET_Macro_List : MethodStart
INFO  2021-09-24 17:28:53,344 WHONETService::? - Get_TCWHONET_Macro_List : MethodFinish
INFO  2021-09-24 17:28:53,386 LogProcessService::? - GetLogProcessListWithModel : MethodStart
INFO  2021-09-24 17:28:53,410 LogProcessService::? - GetLogProcessListWithModel : MethodFinish
INFO  2021-09-24 17:28:55,393 TBConfigService::? - GetTBConfig : MethodStart
INFO  2021-09-24 17:28:55,409 TBConfigService::? - GetTBConfig : MethodFinish
INFO  2021-09-24 17:28:56,447 TBConfigService::? - GetTBConfig : MethodStart
INFO  2021-09-24 17:28:56,457 TBConfigService::? - GetTBConfig : MethodFinish
INFO  2021-09-24 17:29:55,751 TBConfigService::? - GetTBConfig : MethodStart
INFO  2021-09-24 17:29:55,763 TBConfigService::? - GetTBConfig : MethodFinish
INFO  2021-09-24 17:29:59,533 TBConfigService::? - GetTBConfig : MethodStart
INFO  2021-09-24 17:29:59,563 TBConfigService::? - GetTBConfig : MethodFinish
INFO  2021-09-24 17:29:59,658 WHONETService::? - Get_TCWHONET_Antibiotic_List : MethodStart
INFO  2021-09-24 17:29:59,669 WHONETService::? - Get_TCWHONET_Antibiotic_List : MethodFinish
INFO  2021-09-24 17:29:59,708 WHONETService::? - Get_TCWHONET_AntibioticSpecies_List : MethodStart
INFO  2021-09-24 17:29:59,723 WHONETService::? - Get_TCWHONET_AntibioticSpecies_List : MethodFinish
INFO  2021-09-24 17:29:59,757 WHONETService::? - Get_TCWHONET_Departments_List : MethodStart
INFO  2021-09-24 17:29:59,765 WHONETService::? - Get_TCWHONET_Departments_List : MethodFinish
INFO  2021-09-24 17:29:59,799 WHONETService::? - Get_TCWHONET_Specimen_List : MethodStart
INFO  2021-09-24 17:29:59,810 WHONETService::? - Get_TCWHONET_Specimen_List : MethodFinish
INFO  2021-09-24 17:29:59,847 WHONETService::? - Get_TCWHONET_Column_List : MethodStart
INFO  2021-09-24 17:29:59,858 WHONETService::? - Get_TCWHONET_Column_List : MethodFinish
INFO  2021-09-24 17:29:59,891 WHONETService::? - Get_TCWHONET_Organism_List : MethodStart
INFO  2021-09-24 17:29:59,905 WHONETService::? - Get_TCWHONET_Organism_List : MethodFinish
INFO  2021-09-24 17:29:59,939 WHONETService::? - Get_TCWHONET_Macro_List : MethodStart
INFO  2021-09-24 17:29:59,948 WHONETService::? - Get_TCWHONET_Macro_List : MethodFinish
INFO  2021-09-24 17:29:59,988 LogProcessService::? - GetLogProcessListWithModel : MethodStart
INFO  2021-09-24 17:29:59,999 LogProcessService::? - GetLogProcessListWithModel : MethodFinish
INFO  2021-09-24 17:30:06,351 TBConfigService::? - GetTBConfig : MethodStart
INFO  2021-09-24 17:30:06,358 TBConfigService::? - GetTBConfig : MethodFinish
INFO  2021-09-24 17:30:08,355 TBConfigService::? - GetTBConfig : MethodStart
INFO  2021-09-24 17:30:08,366 TBConfigService::? - GetTBConfig : MethodFinish
INFO  2021-09-24 17:32:03,473 TRNoticeMessageService::? - GetListWithModelByRole : MethodStart
INFO  2021-09-24 17:32:04,337 TRNoticeMessageService::? - GetListWithModelByRole : MethodFinish
INFO  2021-09-24 17:32:08,012 TBConfigService::? - GetTBConfig : MethodStart
INFO  2021-09-24 17:32:08,048 TBConfigService::? - GetTBConfig : MethodFinish
INFO  2021-09-24 17:32:32,247 TBConfigService::? - GetTBConfig : MethodStart
INFO  2021-09-24 17:32:32,281 TBConfigService::? - GetTBConfig : MethodFinish
INFO  2021-09-24 17:32:49,989 TBConfigService::? - GetTBConfig : MethodStart
INFO  2021-09-24 17:32:49,996 TBConfigService::? - GetTBConfig : MethodFinish
INFO  2021-09-24 17:33:00,975 TBConfigService::? - GetTBConfig : MethodStart
INFO  2021-09-24 17:33:00,983 TBConfigService::? - GetTBConfig : MethodFinish
INFO  2021-09-24 17:33:18,016 TBConfigService::? - GetTBConfig : MethodStart
INFO  2021-09-24 17:33:18,023 TBConfigService::? - GetTBConfig : MethodFinish
INFO  2021-09-24 17:33:20,675 TBConfigService::? - GetTBConfig : MethodStart
INFO  2021-09-24 17:33:20,682 TBConfigService::? - GetTBConfig : MethodFinish
INFO  2021-09-24 17:33:45,395 TBConfigService::? - GetTBConfig : MethodStart
INFO  2021-09-24 17:33:45,402 TBConfigService::? - GetTBConfig : MethodFinish
INFO  2021-09-24 17:36:08,807 TBConfigService::? - GetTBConfig : MethodStart
INFO  2021-09-24 17:36:08,817 TBConfigService::? - GetTBConfig : MethodFinish
INFO  2021-09-24 17:36:15,515 TBConfigService::? - GetTBConfig : MethodStart
INFO  2021-09-24 17:36:15,520 TBConfigService::? - GetTBConfig : MethodFinish
INFO  2021-09-24 17:36:17,842 TBConfigService::? - GetTBConfig : MethodStart
INFO  2021-09-24 17:36:17,849 TBConfigService::? - GetTBConfig : MethodFinish
INFO  2021-09-24 17:36:18,045 WHONETService::? - Get_TCWHONET_Antibiotic_List : MethodStart
INFO  2021-09-24 17:36:18,068 WHONETService::? - Get_TCWHONET_Antibiotic_List : MethodFinish
INFO  2021-09-24 17:36:18,129 WHONETService::? - Get_TCWHONET_AntibioticSpecies_List : MethodStart
INFO  2021-09-24 17:36:18,146 WHONETService::? - Get_TCWHONET_AntibioticSpecies_List : MethodFinish
INFO  2021-09-24 17:36:18,186 WHONETService::? - Get_TCWHONET_Departments_List : MethodStart
INFO  2021-09-24 17:36:18,199 WHONETService::? - Get_TCWHONET_Departments_List : MethodFinish
INFO  2021-09-24 17:36:18,243 WHONETService::? - Get_TCWHONET_Specimen_List : MethodStart
INFO  2021-09-24 17:36:18,262 WHONETService::? - Get_TCWHONET_Specimen_List : MethodFinish
INFO  2021-09-24 17:36:18,312 WHONETService::? - Get_TCWHONET_Column_List : MethodStart
INFO  2021-09-24 17:36:18,333 WHONETService::? - Get_TCWHONET_Column_List : MethodFinish
INFO  2021-09-24 17:36:18,383 WHONETService::? - Get_TCWHONET_Organism_List : MethodStart
INFO  2021-09-24 17:36:18,421 WHONETService::? - Get_TCWHONET_Organism_List : MethodFinish
INFO  2021-09-24 17:36:18,463 WHONETService::? - Get_TCWHONET_Macro_List : MethodStart
INFO  2021-09-24 17:36:18,474 WHONETService::? - Get_TCWHONET_Macro_List : MethodFinish
INFO  2021-09-24 17:36:18,516 LogProcessService::? - GetLogProcessListWithModel : MethodStart
INFO  2021-09-24 17:36:18,539 LogProcessService::? - GetLogProcessListWithModel : MethodFinish
INFO  2021-09-24 17:36:28,272 TBConfigService::? - GetTBConfig : MethodStart
INFO  2021-09-24 17:36:28,280 TBConfigService::? - GetTBConfig : MethodFinish
INFO  2021-09-24 17:36:30,579 TBConfigService::? - GetTBConfig : MethodStart
INFO  2021-09-24 17:36:30,585 TBConfigService::? - GetTBConfig : MethodFinish
INFO  2021-09-24 17:36:33,125 TBConfigService::? - GetTBConfig : MethodStart
INFO  2021-09-24 17:36:33,131 TBConfigService::? - GetTBConfig : MethodFinish
INFO  2021-09-24 17:36:35,005 TBConfigService::? - GetTBConfig : MethodStart
INFO  2021-09-24 17:36:35,015 TBConfigService::? - GetTBConfig : MethodFinish
INFO  2021-09-24 17:36:35,106 WHONETService::? - Get_TCWHONET_Antibiotic_List : MethodStart
INFO  2021-09-24 17:36:35,117 WHONETService::? - Get_TCWHONET_Antibiotic_List : MethodFinish
INFO  2021-09-24 17:36:35,151 WHONETService::? - Get_TCWHONET_AntibioticSpecies_List : MethodStart
INFO  2021-09-24 17:36:35,164 WHONETService::? - Get_TCWHONET_AntibioticSpecies_List : MethodFinish
INFO  2021-09-24 17:36:35,198 WHONETService::? - Get_TCWHONET_Departments_List : MethodStart
INFO  2021-09-24 17:36:35,207 WHONETService::? - Get_TCWHONET_Departments_List : MethodFinish
INFO  2021-09-24 17:36:35,242 WHONETService::? - Get_TCWHONET_Specimen_List : MethodStart
INFO  2021-09-24 17:36:35,251 WHONETService::? - Get_TCWHONET_Specimen_List : MethodFinish
INFO  2021-09-24 17:36:35,295 WHONETService::? - Get_TCWHONET_Column_List : MethodStart
INFO  2021-09-24 17:36:35,304 WHONETService::? - Get_TCWHONET_Column_List : MethodFinish
INFO  2021-09-24 17:36:35,339 WHONETService::? - Get_TCWHONET_Organism_List : MethodStart
INFO  2021-09-24 17:36:35,352 WHONETService::? - Get_TCWHONET_Organism_List : MethodFinish
INFO  2021-09-24 17:36:35,386 WHONETService::? - Get_TCWHONET_Macro_List : MethodStart
INFO  2021-09-24 17:36:35,394 WHONETService::? - Get_TCWHONET_Macro_List : MethodFinish
INFO  2021-09-24 17:36:35,429 LogProcessService::? - GetLogProcessListWithModel : MethodStart
INFO  2021-09-24 17:36:35,439 LogProcessService::? - GetLogProcessListWithModel : MethodFinish
INFO  2021-09-24 17:36:48,247 TBConfigService::? - GetTBConfig : MethodStart
INFO  2021-09-24 17:36:48,252 TBConfigService::? - GetTBConfig : MethodFinish
INFO  2021-09-24 17:36:51,491 TBConfigService::? - GetTBConfig : MethodStart
INFO  2021-09-24 17:36:51,498 TBConfigService::? - GetTBConfig : MethodFinish
INFO  2021-09-24 17:36:51,593 WHONETService::? - Get_TCWHONET_Antibiotic_List : MethodStart
INFO  2021-09-24 17:36:51,603 WHONETService::? - Get_TCWHONET_Antibiotic_List : MethodFinish
INFO  2021-09-24 17:36:51,640 WHONETService::? - Get_TCWHONET_AntibioticSpecies_List : MethodStart
INFO  2021-09-24 17:36:51,650 WHONETService::? - Get_TCWHONET_AntibioticSpecies_List : MethodFinish
INFO  2021-09-24 17:36:51,684 WHONETService::? - Get_TCWHONET_Departments_List : MethodStart
INFO  2021-09-24 17:36:51,693 WHONETService::? - Get_TCWHONET_Departments_List : MethodFinish
INFO  2021-09-24 17:36:51,725 WHONETService::? - Get_TCWHONET_Specimen_List : MethodStart
INFO  2021-09-24 17:36:51,734 WHONETService::? - Get_TCWHONET_Specimen_List : MethodFinish
INFO  2021-09-24 17:36:51,768 WHONETService::? - Get_TCWHONET_Column_List : MethodStart
INFO  2021-09-24 17:36:51,777 WHONETService::? - Get_TCWHONET_Column_List : MethodFinish
INFO  2021-09-24 17:36:51,809 WHONETService::? - Get_TCWHONET_Organism_List : MethodStart
INFO  2021-09-24 17:36:51,819 WHONETService::? - Get_TCWHONET_Organism_List : MethodFinish
INFO  2021-09-24 17:36:51,852 WHONETService::? - Get_TCWHONET_Macro_List : MethodStart
INFO  2021-09-24 17:36:51,861 WHONETService::? - Get_TCWHONET_Macro_List : MethodFinish
INFO  2021-09-24 17:36:51,904 LogProcessService::? - GetLogProcessListWithModel : MethodStart
INFO  2021-09-24 17:36:51,913 LogProcessService::? - GetLogProcessListWithModel : MethodFinish
INFO  2021-09-24 17:36:56,426 TBConfigService::? - GetTBConfig : MethodStart
INFO  2021-09-24 17:36:56,432 TBConfigService::? - GetTBConfig : MethodFinish
INFO  2021-09-24 17:41:00,903 TRNoticeMessageService::? - GetListWithModelByRole : MethodStart
INFO  2021-09-24 17:41:01,782 TRNoticeMessageService::? - GetListWithModelByRole : MethodFinish
INFO  2021-09-24 17:41:04,581 TBConfigService::? - GetTBConfig : MethodStart
INFO  2021-09-24 17:41:04,618 TBConfigService::? - GetTBConfig : MethodFinish
INFO  2021-09-24 17:41:09,833 TBConfigService::? - GetTBConfig : MethodStart
INFO  2021-09-24 17:41:09,874 TBConfigService::? - GetTBConfig : MethodFinish
INFO  2021-09-24 17:41:10,086 WHONETService::? - Get_TCWHONET_Antibiotic_List : MethodStart
INFO  2021-09-24 17:41:10,109 WHONETService::? - Get_TCWHONET_Antibiotic_List : MethodFinish
INFO  2021-09-24 17:41:10,168 WHONETService::? - Get_TCWHONET_AntibioticSpecies_List : MethodStart
INFO  2021-09-24 17:41:10,183 WHONETService::? - Get_TCWHONET_AntibioticSpecies_List : MethodFinish
INFO  2021-09-24 17:41:10,226 WHONETService::? - Get_TCWHONET_Departments_List : MethodStart
INFO  2021-09-24 17:41:10,238 WHONETService::? - Get_TCWHONET_Departments_List : MethodFinish
INFO  2021-09-24 17:41:10,284 WHONETService::? - Get_TCWHONET_Specimen_List : MethodStart
INFO  2021-09-24 17:41:10,304 WHONETService::? - Get_TCWHONET_Specimen_List : MethodFinish
INFO  2021-09-24 17:41:10,358 WHONETService::? - Get_TCWHONET_Column_List : MethodStart
INFO  2021-09-24 17:41:10,377 WHONETService::? - Get_TCWHONET_Column_List : MethodFinish
INFO  2021-09-24 17:41:10,428 WHONETService::? - Get_TCWHONET_Organism_List : MethodStart
INFO  2021-09-24 17:41:10,464 WHONETService::? - Get_TCWHONET_Organism_List : MethodFinish
INFO  2021-09-24 17:41:10,508 WHONETService::? - Get_TCWHONET_Macro_List : MethodStart
INFO  2021-09-24 17:41:10,518 WHONETService::? - Get_TCWHONET_Macro_List : MethodFinish
INFO  2021-09-24 17:41:10,565 LogProcessService::? - GetLogProcessListWithModel : MethodStart
INFO  2021-09-24 17:41:10,585 LogProcessService::? - GetLogProcessListWithModel : MethodFinish
INFO  2021-09-24 17:41:18,747 TBConfigService::? - GetTBConfig : MethodStart
INFO  2021-09-24 17:41:18,760 TBConfigService::? - GetTBConfig : MethodFinish
INFO  2021-09-24 17:41:20,021 TBConfigService::? - GetTBConfig : MethodStart
INFO  2021-09-24 17:41:20,031 TBConfigService::? - GetTBConfig : MethodFinish
INFO  2021-09-24 17:41:23,330 TBConfigService::? - GetTBConfig : MethodStart
INFO  2021-09-24 17:41:23,338 TBConfigService::? - GetTBConfig : MethodFinish
INFO  2021-09-24 17:41:27,797 TBConfigService::? - GetTBConfig : MethodStart
INFO  2021-09-24 17:41:27,805 TBConfigService::? - GetTBConfig : MethodFinish
INFO  2021-09-24 17:41:29,440 TBConfigService::? - GetTBConfig : MethodStart
INFO  2021-09-24 17:41:29,451 TBConfigService::? - GetTBConfig : MethodFinish
INFO  2021-09-24 17:41:30,724 TBConfigService::? - GetTBConfig : MethodStart
INFO  2021-09-24 17:41:30,735 TBConfigService::? - GetTBConfig : MethodFinish
INFO  2021-09-24 17:41:30,825 WHONETService::? - Get_TCWHONET_Antibiotic_List : MethodStart
INFO  2021-09-24 17:41:30,834 WHONETService::? - Get_TCWHONET_Antibiotic_List : MethodFinish
INFO  2021-09-24 17:41:30,871 WHONETService::? - Get_TCWHONET_AntibioticSpecies_List : MethodStart
INFO  2021-09-24 17:41:30,883 WHONETService::? - Get_TCWHONET_AntibioticSpecies_List : MethodFinish
INFO  2021-09-24 17:41:30,918 WHONETService::? - Get_TCWHONET_Departments_List : MethodStart
INFO  2021-09-24 17:41:30,926 WHONETService::? - Get_TCWHONET_Departments_List : MethodFinish
INFO  2021-09-24 17:41:30,959 WHONETService::? - Get_TCWHONET_Specimen_List : MethodStart
INFO  2021-09-24 17:41:30,968 WHONETService::? - Get_TCWHONET_Specimen_List : MethodFinish
INFO  2021-09-24 17:41:31,003 WHONETService::? - Get_TCWHONET_Column_List : MethodStart
INFO  2021-09-24 17:41:31,012 WHONETService::? - Get_TCWHONET_Column_List : MethodFinish
INFO  2021-09-24 17:41:31,044 WHONETService::? - Get_TCWHONET_Organism_List : MethodStart
INFO  2021-09-24 17:41:31,054 WHONETService::? - Get_TCWHONET_Organism_List : MethodFinish
INFO  2021-09-24 17:41:31,086 WHONETService::? - Get_TCWHONET_Macro_List : MethodStart
INFO  2021-09-24 17:41:31,094 WHONETService::? - Get_TCWHONET_Macro_List : MethodFinish
INFO  2021-09-24 17:41:31,130 LogProcessService::? - GetLogProcessListWithModel : MethodStart
INFO  2021-09-24 17:41:31,139 LogProcessService::? - GetLogProcessListWithModel : MethodFinish
INFO  2021-09-24 17:43:33,668 TRNoticeMessageService::? - GetListWithModelByRole : MethodStart
INFO  2021-09-24 17:43:34,437 TRNoticeMessageService::? - GetListWithModelByRole : MethodFinish
INFO  2021-09-24 17:43:38,376 TBConfigService::? - GetTBConfig : MethodStart
INFO  2021-09-24 17:43:38,407 TBConfigService::? - GetTBConfig : MethodFinish
INFO  2021-09-24 17:43:46,105 TBConfigService::? - GetTBConfig : MethodStart
INFO  2021-09-24 17:43:46,148 TBConfigService::? - GetTBConfig : MethodFinish
INFO  2021-09-24 17:43:46,345 WHONETService::? - Get_TCWHONET_Antibiotic_List : MethodStart
INFO  2021-09-24 17:43:46,369 WHONETService::? - Get_TCWHONET_Antibiotic_List : MethodFinish
INFO  2021-09-24 17:43:46,428 WHONETService::? - Get_TCWHONET_AntibioticSpecies_List : MethodStart
INFO  2021-09-24 17:43:46,443 WHONETService::? - Get_TCWHONET_AntibioticSpecies_List : MethodFinish
INFO  2021-09-24 17:43:46,488 WHONETService::? - Get_TCWHONET_Departments_List : MethodStart
INFO  2021-09-24 17:43:46,501 WHONETService::? - Get_TCWHONET_Departments_List : MethodFinish
INFO  2021-09-24 17:43:46,542 WHONETService::? - Get_TCWHONET_Specimen_List : MethodStart
INFO  2021-09-24 17:43:46,565 WHONETService::? - Get_TCWHONET_Specimen_List : MethodFinish
INFO  2021-09-24 17:43:46,619 WHONETService::? - Get_TCWHONET_Column_List : MethodStart
INFO  2021-09-24 17:43:46,636 WHONETService::? - Get_TCWHONET_Column_List : MethodFinish
INFO  2021-09-24 17:43:46,685 WHONETService::? - Get_TCWHONET_Organism_List : MethodStart
INFO  2021-09-24 17:43:46,723 WHONETService::? - Get_TCWHONET_Organism_List : MethodFinish
INFO  2021-09-24 17:43:46,771 WHONETService::? - Get_TCWHONET_Macro_List : MethodStart
INFO  2021-09-24 17:43:46,783 WHONETService::? - Get_TCWHONET_Macro_List : MethodFinish
INFO  2021-09-24 17:43:46,832 LogProcessService::? - GetLogProcessListWithModel : MethodStart
INFO  2021-09-24 17:43:46,853 LogProcessService::? - GetLogProcessListWithModel : MethodFinish
INFO  2021-09-24 17:43:58,296 TBConfigService::? - GetTBConfig : MethodStart
INFO  2021-09-24 17:43:58,324 TBConfigService::? - GetTBConfig : MethodFinish
INFO  2021-09-24 17:44:00,728 TBConfigService::? - GetTBConfig : MethodStart
INFO  2021-09-24 17:44:00,736 TBConfigService::? - GetTBConfig : MethodFinish
INFO  2021-09-24 17:44:07,743 TBConfigService::? - GetTBConfig : MethodStart
INFO  2021-09-24 17:44:07,754 TBConfigService::? - GetTBConfig : MethodFinish
INFO  2021-09-24 17:44:27,521 TBConfigService::? - GetTBConfig : MethodStart
INFO  2021-09-24 17:44:27,529 TBConfigService::? - GetTBConfig : MethodFinish
INFO  2021-09-24 17:44:38,560 TBConfigService::? - GetTBConfig : MethodStart
INFO  2021-09-24 17:44:38,566 TBConfigService::? - GetTBConfig : MethodFinish
INFO  2021-09-24 17:44:44,311 TBConfigService::? - GetTBConfig : MethodStart
INFO  2021-09-24 17:44:44,317 TBConfigService::? - GetTBConfig : MethodFinish
INFO  2021-09-24 17:44:48,327 TBConfigService::? - GetTBConfig : MethodStart
INFO  2021-09-24 17:44:48,333 TBConfigService::? - GetTBConfig : MethodFinish
INFO  2021-09-24 17:44:58,837 TBConfigService::? - GetTBConfig : MethodStart
INFO  2021-09-24 17:44:58,842 TBConfigService::? - GetTBConfig : MethodFinish
INFO  2021-09-24 17:45:02,045 TBConfigService::? - GetTBConfig : MethodStart
INFO  2021-09-24 17:45:02,051 TBConfigService::? - GetTBConfig : MethodFinish
INFO  2021-09-24 17:45:05,950 TBConfigService::? - GetTBConfig : MethodStart
INFO  2021-09-24 17:45:05,957 TBConfigService::? - GetTBConfig : MethodFinish
INFO  2021-09-24 17:48:48,800 TRNoticeMessageService::? - GetListWithModelByRole : MethodStart
INFO  2021-09-24 17:48:49,776 TRNoticeMessageService::? - GetListWithModelByRole : MethodFinish
INFO  2021-09-24 17:48:53,326 TBConfigService::? - GetTBConfig : MethodStart
INFO  2021-09-24 17:48:53,360 TBConfigService::? - GetTBConfig : MethodFinish
INFO  2021-09-24 17:48:59,233 TBConfigService::? - GetTBConfig : MethodStart
INFO  2021-09-24 17:48:59,275 TBConfigService::? - GetTBConfig : MethodFinish
INFO  2021-09-24 17:48:59,499 WHONETService::? - Get_TCWHONET_Antibiotic_List : MethodStart
INFO  2021-09-24 17:48:59,522 WHONETService::? - Get_TCWHONET_Antibiotic_List : MethodFinish
INFO  2021-09-24 17:48:59,581 WHONETService::? - Get_TCWHONET_AntibioticSpecies_List : MethodStart
INFO  2021-09-24 17:48:59,598 WHONETService::? - Get_TCWHONET_AntibioticSpecies_List : MethodFinish
INFO  2021-09-24 17:48:59,641 WHONETService::? - Get_TCWHONET_Departments_List : MethodStart
INFO  2021-09-24 17:48:59,654 WHONETService::? - Get_TCWHONET_Departments_List : MethodFinish
INFO  2021-09-24 17:48:59,697 WHONETService::? - Get_TCWHONET_Specimen_List : MethodStart
INFO  2021-09-24 17:48:59,716 WHONETService::? - Get_TCWHONET_Specimen_List : MethodFinish
INFO  2021-09-24 17:48:59,768 WHONETService::? - Get_TCWHONET_Column_List : MethodStart
INFO  2021-09-24 17:48:59,786 WHONETService::? - Get_TCWHONET_Column_List : MethodFinish
INFO  2021-09-24 17:48:59,839 WHONETService::? - Get_TCWHONET_Organism_List : MethodStart
INFO  2021-09-24 17:48:59,875 WHONETService::? - Get_TCWHONET_Organism_List : MethodFinish
INFO  2021-09-24 17:48:59,919 WHONETService::? - Get_TCWHONET_Macro_List : MethodStart
INFO  2021-09-24 17:48:59,930 WHONETService::? - Get_TCWHONET_Macro_List : MethodFinish
INFO  2021-09-24 17:48:59,976 LogProcessService::? - GetLogProcessListWithModel : MethodStart
INFO  2021-09-24 17:48:59,996 LogProcessService::? - GetLogProcessListWithModel : MethodFinish
INFO  2021-09-24 17:53:06,603 TRNoticeMessageService::? - GetListWithModelByRole : MethodStart
INFO  2021-09-24 17:53:07,435 TRNoticeMessageService::? - GetListWithModelByRole : MethodFinish
INFO  2021-09-24 17:53:12,627 TBConfigService::? - GetTBConfig : MethodStart
INFO  2021-09-24 17:53:12,662 TBConfigService::? - GetTBConfig : MethodFinish
INFO  2021-09-24 17:53:18,529 TBConfigService::? - GetTBConfig : MethodStart
INFO  2021-09-24 17:53:18,571 TBConfigService::? - GetTBConfig : MethodFinish
INFO  2021-09-24 17:53:18,788 WHONETService::? - Get_TCWHONET_Antibiotic_List : MethodStart
INFO  2021-09-24 17:53:18,814 WHONETService::? - Get_TCWHONET_Antibiotic_List : MethodFinish
INFO  2021-09-24 17:53:18,877 WHONETService::? - Get_TCWHONET_AntibioticSpecies_List : MethodStart
INFO  2021-09-24 17:53:18,894 WHONETService::? - Get_TCWHONET_AntibioticSpecies_List : MethodFinish
INFO  2021-09-24 17:53:18,941 WHONETService::? - Get_TCWHONET_Departments_List : MethodStart
INFO  2021-09-24 17:53:18,954 WHONETService::? - Get_TCWHONET_Departments_List : MethodFinish
INFO  2021-09-24 17:53:18,995 WHONETService::? - Get_TCWHONET_Specimen_List : MethodStart
INFO  2021-09-24 17:53:19,017 WHONETService::? - Get_TCWHONET_Specimen_List : MethodFinish
INFO  2021-09-24 17:53:19,070 WHONETService::? - Get_TCWHONET_Column_List : MethodStart
INFO  2021-09-24 17:53:19,087 WHONETService::? - Get_TCWHONET_Column_List : MethodFinish
INFO  2021-09-24 17:53:19,136 WHONETService::? - Get_TCWHONET_Organism_List : MethodStart
INFO  2021-09-24 17:53:19,172 WHONETService::? - Get_TCWHONET_Organism_List : MethodFinish
INFO  2021-09-24 17:53:19,215 WHONETService::? - Get_TCWHONET_Macro_List : MethodStart
INFO  2021-09-24 17:53:19,227 WHONETService::? - Get_TCWHONET_Macro_List : MethodFinish
INFO  2021-09-24 17:53:19,276 LogProcessService::? - GetLogProcessListWithModel : MethodStart
INFO  2021-09-24 17:53:19,297 LogProcessService::? - GetLogProcessListWithModel : MethodFinish
INFO  2021-09-24 17:55:59,712 TRNoticeMessageService::? - GetListWithModelByRole : MethodStart
INFO  2021-09-24 17:56:00,516 TRNoticeMessageService::? - GetListWithModelByRole : MethodFinish
INFO  2021-09-24 17:56:02,558 TBConfigService::? - GetTBConfig : MethodStart
INFO  2021-09-24 17:56:02,591 TBConfigService::? - GetTBConfig : MethodFinish
INFO  2021-09-24 17:56:08,972 TBConfigService::? - GetTBConfig : MethodStart
INFO  2021-09-24 17:56:09,018 TBConfigService::? - GetTBConfig : MethodFinish
INFO  2021-09-24 17:56:09,215 WHONETService::? - Get_TCWHONET_Antibiotic_List : MethodStart
INFO  2021-09-24 17:56:09,242 WHONETService::? - Get_TCWHONET_Antibiotic_List : MethodFinish
INFO  2021-09-24 17:56:09,306 WHONETService::? - Get_TCWHONET_AntibioticSpecies_List : MethodStart
INFO  2021-09-24 17:56:09,327 WHONETService::? - Get_TCWHONET_AntibioticSpecies_List : MethodFinish
INFO  2021-09-24 17:56:09,375 WHONETService::? - Get_TCWHONET_Departments_List : MethodStart
INFO  2021-09-24 17:56:09,388 WHONETService::? - Get_TCWHONET_Departments_List : MethodFinish
INFO  2021-09-24 17:56:09,430 WHONETService::? - Get_TCWHONET_Specimen_List : MethodStart
INFO  2021-09-24 17:56:09,451 WHONETService::? - Get_TCWHONET_Specimen_List : MethodFinish
INFO  2021-09-24 17:56:09,507 WHONETService::? - Get_TCWHONET_Column_List : MethodStart
INFO  2021-09-24 17:56:09,531 WHONETService::? - Get_TCWHONET_Column_List : MethodFinish
INFO  2021-09-24 17:56:09,577 WHONETService::? - Get_TCWHONET_Organism_List : MethodStart
INFO  2021-09-24 17:56:09,612 WHONETService::? - Get_TCWHONET_Organism_List : MethodFinish
INFO  2021-09-24 17:56:09,657 WHONETService::? - Get_TCWHONET_Macro_List : MethodStart
INFO  2021-09-24 17:56:09,669 WHONETService::? - Get_TCWHONET_Macro_List : MethodFinish
INFO  2021-09-24 17:56:09,715 LogProcessService::? - GetLogProcessListWithModel : MethodStart
INFO  2021-09-24 17:56:09,739 LogProcessService::? - GetLogProcessListWithModel : MethodFinish
INFO  2021-09-24 17:56:21,297 TBConfigService::? - GetTBConfig : MethodStart
INFO  2021-09-24 17:56:21,312 TBConfigService::? - GetTBConfig : MethodFinish
INFO  2021-09-24 17:56:22,673 TBConfigService::? - GetTBConfig : MethodStart
INFO  2021-09-24 17:56:22,684 TBConfigService::? - GetTBConfig : MethodFinish
INFO  2021-09-24 18:00:08,992 TRNoticeMessageService::? - GetListWithModelByRole : MethodStart
INFO  2021-09-24 18:00:09,783 TRNoticeMessageService::? - GetListWithModelByRole : MethodFinish
INFO  2021-09-24 18:00:15,800 TBConfigService::? - GetTBConfig : MethodStart
INFO  2021-09-24 18:00:15,836 TBConfigService::? - GetTBConfig : MethodFinish
INFO  2021-09-24 18:00:21,708 TBConfigService::? - GetTBConfig : MethodStart
INFO  2021-09-24 18:00:21,748 TBConfigService::? - GetTBConfig : MethodFinish
INFO  2021-09-24 18:00:21,948 WHONETService::? - Get_TCWHONET_Antibiotic_List : MethodStart
INFO  2021-09-24 18:00:21,969 WHONETService::? - Get_TCWHONET_Antibiotic_List : MethodFinish
INFO  2021-09-24 18:00:22,030 WHONETService::? - Get_TCWHONET_AntibioticSpecies_List : MethodStart
INFO  2021-09-24 18:00:22,047 WHONETService::? - Get_TCWHONET_AntibioticSpecies_List : MethodFinish
INFO  2021-09-24 18:00:22,089 WHONETService::? - Get_TCWHONET_Departments_List : MethodStart
INFO  2021-09-24 18:00:22,101 WHONETService::? - Get_TCWHONET_Departments_List : MethodFinish
INFO  2021-09-24 18:00:22,142 WHONETService::? - Get_TCWHONET_Specimen_List : MethodStart
INFO  2021-09-24 18:00:22,161 WHONETService::? - Get_TCWHONET_Specimen_List : MethodFinish
INFO  2021-09-24 18:00:22,211 WHONETService::? - Get_TCWHONET_Column_List : MethodStart
INFO  2021-09-24 18:00:22,231 WHONETService::? - Get_TCWHONET_Column_List : MethodFinish
INFO  2021-09-24 18:00:22,283 WHONETService::? - Get_TCWHONET_Organism_List : MethodStart
INFO  2021-09-24 18:00:22,320 WHONETService::? - Get_TCWHONET_Organism_List : MethodFinish
INFO  2021-09-24 18:00:22,369 WHONETService::? - Get_TCWHONET_Macro_List : MethodStart
INFO  2021-09-24 18:00:22,381 WHONETService::? - Get_TCWHONET_Macro_List : MethodFinish
INFO  2021-09-24 18:00:22,425 LogProcessService::? - GetLogProcessListWithModel : MethodStart
INFO  2021-09-24 18:00:22,447 LogProcessService::? - GetLogProcessListWithModel : MethodFinish
INFO  2021-09-24 18:00:28,343 TBConfigService::? - GetTBConfig : MethodStart
INFO  2021-09-24 18:00:28,361 TBConfigService::? - GetTBConfig : MethodFinish
INFO  2021-09-24 18:00:29,379 TBConfigService::? - GetTBConfig : MethodStart
INFO  2021-09-24 18:00:29,392 TBConfigService::? - GetTBConfig : MethodFinish
INFO  2021-09-24 18:00:36,280 TBConfigService::? - GetTBConfig : MethodStart
INFO  2021-09-24 18:00:36,287 TBConfigService::? - GetTBConfig : MethodFinish
INFO  2021-09-24 18:00:38,209 TBConfigService::? - GetTBConfig : MethodStart
INFO  2021-09-24 18:00:38,236 TBConfigService::? - GetTBConfig : MethodFinish
INFO  2021-09-24 18:00:42,610 TBConfigService::? - GetTBConfig : MethodStart
INFO  2021-09-24 18:00:42,618 TBConfigService::? - GetTBConfig : MethodFinish
INFO  2021-09-24 18:00:45,020 TBConfigService::? - GetTBConfig : MethodStart
INFO  2021-09-24 18:00:45,026 TBConfigService::? - GetTBConfig : MethodFinish
INFO  2021-09-24 18:00:45,115 WHONETService::? - Get_TCWHONET_Antibiotic_List : MethodStart
INFO  2021-09-24 18:00:45,127 WHONETService::? - Get_TCWHONET_Antibiotic_List : MethodFinish
INFO  2021-09-24 18:00:45,168 WHONETService::? - Get_TCWHONET_AntibioticSpecies_List : MethodStart
INFO  2021-09-24 18:00:45,179 WHONETService::? - Get_TCWHONET_AntibioticSpecies_List : MethodFinish
INFO  2021-09-24 18:00:45,215 WHONETService::? - Get_TCWHONET_Departments_List : MethodStart
INFO  2021-09-24 18:00:45,224 WHONETService::? - Get_TCWHONET_Departments_List : MethodFinish
INFO  2021-09-24 18:00:45,256 WHONETService::? - Get_TCWHONET_Specimen_List : MethodStart
INFO  2021-09-24 18:00:45,266 WHONETService::? - Get_TCWHONET_Specimen_List : MethodFinish
INFO  2021-09-24 18:00:45,301 WHONETService::? - Get_TCWHONET_Column_List : MethodStart
INFO  2021-09-24 18:00:45,311 WHONETService::? - Get_TCWHONET_Column_List : MethodFinish
INFO  2021-09-24 18:00:45,342 WHONETService::? - Get_TCWHONET_Organism_List : MethodStart
INFO  2021-09-24 18:00:45,352 WHONETService::? - Get_TCWHONET_Organism_List : MethodFinish
INFO  2021-09-24 18:00:45,382 WHONETService::? - Get_TCWHONET_Macro_List : MethodStart
INFO  2021-09-24 18:00:45,390 WHONETService::? - Get_TCWHONET_Macro_List : MethodFinish
INFO  2021-09-24 18:00:45,421 LogProcessService::? - GetLogProcessListWithModel : MethodStart
INFO  2021-09-24 18:00:45,430 LogProcessService::? - GetLogProcessListWithModel : MethodFinish
INFO  2021-09-24 18:00:51,052 TBConfigService::? - GetTBConfig : MethodStart
INFO  2021-09-24 18:00:51,058 TBConfigService::? - GetTBConfig : MethodFinish
INFO  2021-09-24 18:00:52,388 TBConfigService::? - GetTBConfig : MethodStart
INFO  2021-09-24 18:00:52,398 TBConfigService::? - GetTBConfig : MethodFinish
INFO  2021-09-24 18:01:00,167 TBConfigService::? - GetTBConfig : MethodStart
INFO  2021-09-24 18:01:00,173 TBConfigService::? - GetTBConfig : MethodFinish
INFO  2021-09-24 18:02:42,795 TBConfigService::? - GetTBConfig : MethodStart
INFO  2021-09-24 18:02:42,806 TBConfigService::? - GetTBConfig : MethodFinish
INFO  2021-09-24 18:04:15,542 TRNoticeMessageService::? - GetListWithModelByRole : MethodStart
INFO  2021-09-24 18:04:16,302 TRNoticeMessageService::? - GetListWithModelByRole : MethodFinish
INFO  2021-09-24 18:04:18,504 TBConfigService::? - GetTBConfig : MethodStart
INFO  2021-09-24 18:04:18,538 TBConfigService::? - GetTBConfig : MethodFinish
INFO  2021-09-24 18:04:25,171 TBConfigService::? - GetTBConfig : MethodStart
INFO  2021-09-24 18:04:25,210 TBConfigService::? - GetTBConfig : MethodFinish
INFO  2021-09-24 18:04:28,592 TBConfigService::? - GetTBConfig : MethodStart
INFO  2021-09-24 18:04:28,604 TBConfigService::? - GetTBConfig : MethodFinish
INFO  2021-09-24 18:04:30,504 TBConfigService::? - GetTBConfig : MethodStart
INFO  2021-09-24 18:04:30,514 TBConfigService::? - GetTBConfig : MethodFinish
INFO  2021-09-24 18:04:30,650 WHONETService::? - Get_TCWHONET_Antibiotic_List : MethodStart
INFO  2021-09-24 18:04:30,665 WHONETService::? - Get_TCWHONET_Antibiotic_List : MethodFinish
INFO  2021-09-24 18:04:30,721 WHONETService::? - Get_TCWHONET_AntibioticSpecies_List : MethodStart
INFO  2021-09-24 18:04:30,736 WHONETService::? - Get_TCWHONET_AntibioticSpecies_List : MethodFinish
INFO  2021-09-24 18:04:30,777 WHONETService::? - Get_TCWHONET_Departments_List : MethodStart
INFO  2021-09-24 18:04:30,790 WHONETService::? - Get_TCWHONET_Departments_List : MethodFinish
INFO  2021-09-24 18:04:30,834 WHONETService::? - Get_TCWHONET_Specimen_List : MethodStart
INFO  2021-09-24 18:04:30,848 WHONETService::? - Get_TCWHONET_Specimen_List : MethodFinish
INFO  2021-09-24 18:04:30,896 WHONETService::? - Get_TCWHONET_Column_List : MethodStart
INFO  2021-09-24 18:04:30,917 WHONETService::? - Get_TCWHONET_Column_List : MethodFinish
INFO  2021-09-24 18:04:30,971 WHONETService::? - Get_TCWHONET_Organism_List : MethodStart
INFO  2021-09-24 18:04:31,009 WHONETService::? - Get_TCWHONET_Organism_List : MethodFinish
INFO  2021-09-24 18:04:31,053 WHONETService::? - Get_TCWHONET_Macro_List : MethodStart
INFO  2021-09-24 18:04:31,064 WHONETService::? - Get_TCWHONET_Macro_List : MethodFinish
INFO  2021-09-24 18:04:31,112 LogProcessService::? - GetLogProcessListWithModel : MethodStart
INFO  2021-09-24 18:04:31,133 LogProcessService::? - GetLogProcessListWithModel : MethodFinish
INFO  2021-09-24 18:04:37,799 TBConfigService::? - GetTBConfig : MethodStart
INFO  2021-09-24 18:04:37,808 TBConfigService::? - GetTBConfig : MethodFinish
INFO  2021-09-24 18:31:26,169 TBConfigService::? - GetTBConfig : MethodStart
INFO  2021-09-24 18:31:26,196 TBConfigService::? - GetTBConfig : MethodFinish
INFO  2021-09-24 18:31:29,883 TBConfigService::? - GetTBConfig : MethodStart
INFO  2021-09-24 18:31:29,896 TBConfigService::? - GetTBConfig : MethodFinish
INFO  2021-09-24 18:31:31,960 TBConfigService::? - GetTBConfig : MethodStart
INFO  2021-09-24 18:31:31,974 TBConfigService::? - GetTBConfig : MethodFinish
INFO  2021-09-24 18:31:32,197 WHONETService::? - Get_TCWHONET_Antibiotic_List : MethodStart
INFO  2021-09-24 18:31:32,254 WHONETService::? - Get_TCWHONET_Antibiotic_List : MethodFinish
INFO  2021-09-24 18:31:32,348 WHONETService::? - Get_TCWHONET_AntibioticSpecies_List : MethodStart
INFO  2021-09-24 18:31:32,382 WHONETService::? - Get_TCWHONET_AntibioticSpecies_List : MethodFinish
INFO  2021-09-24 18:31:32,452 WHONETService::? - Get_TCWHONET_Departments_List : MethodStart
INFO  2021-09-24 18:31:32,474 WHONETService::? - Get_TCWHONET_Departments_List : MethodFinish
INFO  2021-09-24 18:31:32,546 WHONETService::? - Get_TCWHONET_Specimen_List : MethodStart
INFO  2021-09-24 18:31:32,597 WHONETService::? - Get_TCWHONET_Specimen_List : MethodFinish
INFO  2021-09-24 18:31:32,683 WHONETService::? - Get_TCWHONET_Column_List : MethodStart
INFO  2021-09-24 18:31:32,706 WHONETService::? - Get_TCWHONET_Column_List : MethodFinish
INFO  2021-09-24 18:31:32,774 WHONETService::? - Get_TCWHONET_Organism_List : MethodStart
INFO  2021-09-24 18:31:32,800 WHONETService::? - Get_TCWHONET_Organism_List : MethodFinish
INFO  2021-09-24 18:31:32,865 WHONETService::? - Get_TCWHONET_Macro_List : MethodStart
INFO  2021-09-24 18:31:32,885 WHONETService::? - Get_TCWHONET_Macro_List : MethodFinish
INFO  2021-09-24 18:31:32,969 LogProcessService::? - GetLogProcessListWithModel : MethodStart
INFO  2021-09-24 18:31:32,993 LogProcessService::? - GetLogProcessListWithModel : MethodFinish
INFO  2021-09-24 18:31:43,140 TBConfigService::? - GetTBConfig : MethodStart
INFO  2021-09-24 18:31:43,157 TBConfigService::? - GetTBConfig : MethodFinish
INFO  2021-09-24 18:31:47,930 TBConfigService::? - GetTBConfig : MethodStart
INFO  2021-09-24 18:31:47,946 TBConfigService::? - GetTBConfig : MethodFinish
INFO  2021-09-24 18:31:48,121 WHONETService::? - Get_TCWHONET_Antibiotic_List : MethodStart
INFO  2021-09-24 18:31:48,147 WHONETService::? - Get_TCWHONET_Antibiotic_List : MethodFinish
INFO  2021-09-24 18:31:48,221 WHONETService::? - Get_TCWHONET_AntibioticSpecies_List : MethodStart
INFO  2021-09-24 18:31:48,280 WHONETService::? - Get_TCWHONET_AntibioticSpecies_List : MethodFinish
INFO  2021-09-24 18:31:48,392 WHONETService::? - Get_TCWHONET_Departments_List : MethodStart
INFO  2021-09-24 18:31:48,419 WHONETService::? - Get_TCWHONET_Departments_List : MethodFinish
INFO  2021-09-24 18:31:48,496 WHONETService::? - Get_TCWHONET_Specimen_List : MethodStart
INFO  2021-09-24 18:31:48,521 WHONETService::? - Get_TCWHONET_Specimen_List : MethodFinish
INFO  2021-09-24 18:31:48,600 WHONETService::? - Get_TCWHONET_Column_List : MethodStart
INFO  2021-09-24 18:31:48,622 WHONETService::? - Get_TCWHONET_Column_List : MethodFinish
INFO  2021-09-24 18:31:48,693 WHONETService::? - Get_TCWHONET_Organism_List : MethodStart
INFO  2021-09-24 18:31:48,800 WHONETService::? - Get_TCWHONET_Organism_List : MethodFinish
INFO  2021-09-24 18:31:48,979 WHONETService::? - Get_TCWHONET_Macro_List : MethodStart
INFO  2021-09-24 18:31:49,009 WHONETService::? - Get_TCWHONET_Macro_List : MethodFinish
INFO  2021-09-24 18:31:49,117 LogProcessService::? - GetLogProcessListWithModel : MethodStart
INFO  2021-09-24 18:31:49,146 LogProcessService::? - GetLogProcessListWithModel : MethodFinish
