INFO  2022-02-04 10:19:07,680 TRNoticeMessageService::? - GetListWithModelByRole : MethodStart
INFO  2022-02-04 10:19:10,548 TRNoticeMessageService::? - GetListWithModelByRole : MethodFinish
INFO  2022-02-04 10:19:24,958 TBConfigService::? - GetTBConfig : MethodStart
INFO  2022-02-04 10:19:25,433 TBConfigService::? - GetTBConfig : MethodFinish
INFO  2022-02-04 10:20:04,569 WHONETService::? - Get_TCWHONET_Antibiotics_Acitve_List : MethodStart
INFO  2022-02-04 10:20:04,575 TCWHONET_AntibioticsDAC::? - GetList_Active : MethodStart
INFO  2022-02-04 10:20:04,855 TCWHONET_AntibioticsDAC::? - GetList_Active : MethodFinish
INFO  2022-02-04 10:20:04,865 WHONETService::? - Get_TCWHONET_Antibiotics_Acitve_List : MethodFinish
INFO  2022-02-04 10:26:16,502 WHONETService::? - Get_TCWHONET_Antibiotics_Acitve_List : MethodStart
INFO  2022-02-04 10:26:16,510 TCWHONET_AntibioticsDAC::? - GetList_Active : MethodStart
INFO  2022-02-04 10:26:17,016 TCWHONET_AntibioticsDAC::? - GetList_Active : MethodFinish
INFO  2022-02-04 10:26:17,023 WHONETService::? - Get_TCWHONET_Antibiotics_Acitve_List : MethodFinish
INFO  2022-02-04 10:30:32,152 WHONETService::? - Get_TCWHONET_Antibiotics_Acitve_List : MethodStart
INFO  2022-02-04 10:30:32,156 TCWHONET_AntibioticsDAC::? - GetList_Active : MethodStart
INFO  2022-02-04 10:30:32,323 TCWHONET_AntibioticsDAC::? - GetList_Active : MethodFinish
INFO  2022-02-04 10:30:32,328 WHONETService::? - Get_TCWHONET_Antibiotics_Acitve_List : MethodFinish
INFO  2022-02-04 10:31:41,979 WHONETService::? - Get_TCWHONET_Antibiotics_Acitve_List : MethodStart
INFO  2022-02-04 10:31:41,986 TCWHONET_AntibioticsDAC::? - GetList_Active : MethodStart
INFO  2022-02-04 10:31:42,170 TCWHONET_AntibioticsDAC::? - GetList_Active : MethodFinish
INFO  2022-02-04 10:31:42,178 WHONETService::? - Get_TCWHONET_Antibiotics_Acitve_List : MethodFinish
INFO  2022-02-04 10:31:50,765 WHONETService::? - Get_TCWHONET_Antibiotics_Acitve_List : MethodStart
INFO  2022-02-04 10:31:50,769 TCWHONET_AntibioticsDAC::? - GetList_Active : MethodStart
INFO  2022-02-04 10:31:50,887 TCWHONET_AntibioticsDAC::? - GetList_Active : MethodFinish
INFO  2022-02-04 10:31:50,894 WHONETService::? - Get_TCWHONET_Antibiotics_Acitve_List : MethodFinish
INFO  2022-02-04 10:43:12,644 TBConfigService::? - GetTBConfig : MethodStart
INFO  2022-02-04 10:43:13,070 TBConfigService::? - GetTBConfig : MethodFinish
INFO  2022-02-04 11:30:07,161 TRNoticeMessageService::? - GetListWithModelByRole : MethodStart
INFO  2022-02-04 11:30:09,152 TRNoticeMessageService::? - GetListWithModelByRole : MethodFinish
INFO  2022-02-04 11:30:42,395 TBConfigService::? - GetTBConfig : MethodStart
INFO  2022-02-04 11:30:42,753 TBConfigService::? - GetTBConfig : MethodFinish
INFO  2022-02-04 11:31:45,976 TBConfigService::? - GetTBConfig : MethodStart
INFO  2022-02-04 11:31:46,157 TBConfigService::? - GetTBConfig : MethodFinish
INFO  2022-02-04 11:33:04,085 TBConfigService::? - GetTBConfig : MethodStart
INFO  2022-02-04 11:33:04,219 TBConfigService::? - GetTBConfig : MethodFinish
INFO  2022-02-04 11:33:08,251 TBConfigService::? - GetTBConfig : MethodStart
INFO  2022-02-04 11:33:08,428 TBConfigService::? - GetTBConfig : MethodFinish
INFO  2022-02-04 11:34:13,430 LogProcessService::? - GetLogProcessListWithModel : MethodStart
INFO  2022-02-04 11:34:13,615 LogProcessService::? - GetLogProcessListWithModel : MethodFinish
INFO  2022-02-04 11:34:19,020 TBConfigService::? - GetTBConfig : MethodStart
INFO  2022-02-04 11:34:19,166 TBConfigService::? - GetTBConfig : MethodFinish
INFO  2022-02-04 11:54:25,334 TRNoticeMessageService::? - GetListWithModelByRole : MethodStart
INFO  2022-02-04 11:54:27,251 TRNoticeMessageService::? - GetListWithModelByRole : MethodFinish
INFO  2022-02-04 11:55:11,660 TBConfigService::? - GetTBConfig : MethodStart
INFO  2022-02-04 11:55:12,023 TBConfigService::? - GetTBConfig : MethodFinish
INFO  2022-02-04 11:55:41,468 WHONETService::? - Get_TCWHONET_Antibiotics_Acitve_List : MethodStart
INFO  2022-02-04 11:55:41,472 TCWHONET_AntibioticsDAC::? - GetList_Active : MethodStart
INFO  2022-02-04 11:55:41,835 TCWHONET_AntibioticsDAC::? - GetList_Active : MethodFinish
INFO  2022-02-04 11:55:41,853 WHONETService::? - Get_TCWHONET_Antibiotics_Acitve_List : MethodFinish
INFO  2022-02-04 11:56:04,995 TBConfigService::? - GetTBConfig : MethodStart
INFO  2022-02-04 11:56:05,145 TBConfigService::? - GetTBConfig : MethodFinish
INFO  2022-02-04 11:56:10,564 TBConfigService::? - GetTBConfig : MethodStart
INFO  2022-02-04 11:56:10,685 TBConfigService::? - GetTBConfig : MethodFinish
INFO  2022-02-04 11:56:12,568 WHONETService::? - Get_TCWHONET_Antibiotics_Acitve_List : MethodStart
INFO  2022-02-04 11:56:12,570 TCWHONET_AntibioticsDAC::? - GetList_Active : MethodStart
INFO  2022-02-04 11:56:12,708 TCWHONET_AntibioticsDAC::? - GetList_Active : MethodFinish
INFO  2022-02-04 11:56:12,714 WHONETService::? - Get_TCWHONET_Antibiotics_Acitve_List : MethodFinish
INFO  2022-02-04 13:08:12,435 TBConfigService::? - GetTBConfig : MethodStart
INFO  2022-02-04 13:08:12,841 TBConfigService::? - GetTBConfig : MethodFinish
INFO  2022-02-04 13:08:34,777 TBConfigService::? - GetTBConfig : MethodStart
INFO  2022-02-04 13:08:34,876 TBConfigService::? - GetTBConfig : MethodFinish
INFO  2022-02-04 13:08:36,392 WHONETService::? - Get_TCWHONET_Antibiotics_Acitve_List : MethodStart
INFO  2022-02-04 13:08:36,393 TCWHONET_AntibioticsDAC::? - GetList_Active : MethodStart
INFO  2022-02-04 13:08:36,718 TCWHONET_AntibioticsDAC::? - GetList_Active : MethodFinish
INFO  2022-02-04 13:08:36,719 WHONETService::? - Get_TCWHONET_Antibiotics_Acitve_List : MethodFinish
INFO  2022-02-04 13:33:48,861 TRNoticeMessageService::? - GetListWithModelByRole : MethodStart
INFO  2022-02-04 13:33:50,149 TRNoticeMessageService::? - GetListWithModelByRole : MethodFinish
INFO  2022-02-04 13:34:14,404 TBConfigService::? - GetTBConfig : MethodStart
INFO  2022-02-04 13:34:14,644 TBConfigService::? - GetTBConfig : MethodFinish
INFO  2022-02-04 13:34:31,167 WHONETService::? - Get_TCWHONET_Antibiotics_Acitve_List : MethodStart
INFO  2022-02-04 13:34:31,170 TCWHONET_AntibioticsDAC::? - GetList_Active : MethodStart
INFO  2022-02-04 13:34:31,376 TCWHONET_AntibioticsDAC::? - GetList_Active : MethodFinish
INFO  2022-02-04 13:34:31,384 WHONETService::? - Get_TCWHONET_Antibiotics_Acitve_List : MethodFinish
INFO  2022-02-04 14:42:58,447 TRNoticeMessageService::? - GetListWithModelByRole : MethodStart
INFO  2022-02-04 14:42:59,863 TRNoticeMessageService::? - GetListWithModelByRole : MethodFinish
INFO  2022-02-04 14:43:04,591 TBConfigService::? - GetTBConfig : MethodStart
INFO  2022-02-04 14:43:04,887 TBConfigService::? - GetTBConfig : MethodFinish
INFO  2022-02-04 14:43:30,112 TBConfigService::? - GetTBConfig : MethodStart
INFO  2022-02-04 14:43:30,239 TBConfigService::? - GetTBConfig : MethodFinish
INFO  2022-02-04 14:44:09,258 TBConfigService::? - GetTBConfig : MethodStart
INFO  2022-02-04 14:44:09,355 TBConfigService::? - GetTBConfig : MethodFinish
INFO  2022-02-04 14:44:12,024 TBConfigService::? - GetTBConfig : MethodStart
INFO  2022-02-04 14:44:12,124 TBConfigService::? - GetTBConfig : MethodFinish
INFO  2022-02-04 14:44:46,359 LogProcessService::? - GetLogProcessListWithModel : MethodStart
INFO  2022-02-04 14:44:46,485 LogProcessService::? - GetLogProcessListWithModel : MethodFinish
INFO  2022-02-04 14:44:49,206 TBConfigService::? - GetTBConfig : MethodStart
INFO  2022-02-04 14:44:49,301 TBConfigService::? - GetTBConfig : MethodFinish
INFO  2022-02-04 14:55:17,994 TRNoticeMessageService::? - GetListWithModelByRole : MethodStart
INFO  2022-02-04 14:55:19,205 TRNoticeMessageService::? - GetListWithModelByRole : MethodFinish
INFO  2022-02-04 14:56:02,827 TBConfigService::? - GetTBConfig : MethodStart
INFO  2022-02-04 14:56:03,352 TBConfigService::? - GetTBConfig : MethodFinish
INFO  2022-02-04 14:59:42,856 TBConfigService::? - GetTBConfig : MethodStart
INFO  2022-02-04 14:59:43,011 TBConfigService::? - GetTBConfig : MethodFinish
INFO  2022-02-04 16:07:24,270 TBConfigService::? - GetTBConfig : MethodStart
INFO  2022-02-04 16:07:24,692 TBConfigService::? - GetTBConfig : MethodFinish
