INFO  2023-05-25 09:08:04,364 TRNoticeMessageService::? - GetListWithModelByRole : MethodStart
INFO  2023-05-25 09:08:05,819 TRNoticeMessageService::? - GetListWithModelByRole : MethodFinish
INFO  2023-05-25 09:08:16,304 TBConfigService::? - GetTBConfig : MethodStart
INFO  2023-05-25 09:08:16,806 TBConfigService::? - GetTBConfig : MethodFinish
INFO  2023-05-25 09:08:34,255 TBConfigService::? - GetTBConfig : MethodStart
INFO  2023-05-25 09:08:34,400 TBConfigService::? - GetTBConfig : MethodFinish
INFO  2023-05-25 09:08:36,692 WHONETService::? - Get_TCWHONET_Antibiotics_Acitve_List : MethodStart
INFO  2023-05-25 09:08:36,693 TCWHONET_AntibioticsDAC::? - GetList_Active : MethodStart
INFO  2023-05-25 09:08:36,888 TCWHONET_AntibioticsDAC::? - GetList_Active : MethodFinish
INFO  2023-05-25 09:08:36,890 WHONETService::? - Get_TCWHONET_Antibiotics_Acitve_List : MethodFinish
INFO  2023-05-25 09:08:38,791 TBConfigService::? - GetTBConfig : MethodStart
INFO  2023-05-25 09:08:38,928 TBConfigService::? - GetTBConfig : MethodFinish
INFO  2023-05-25 17:10:16,575 TRNoticeMessageService::? - GetListWithModelByRole : MethodStart
INFO  2023-05-25 17:10:17,857 TRNoticeMessageService::? - GetListWithModelByRole : MethodFinish
INFO  2023-05-25 17:11:08,369 TBConfigService::? - GetTBConfig : MethodStart
INFO  2023-05-25 17:11:08,835 TBConfigService::? - GetTBConfig : MethodFinish
INFO  2023-05-25 17:14:08,282 TRNoticeMessageService::? - GetListWithModelByRole : MethodStart
INFO  2023-05-25 17:14:09,755 TRNoticeMessageService::? - GetListWithModelByRole : MethodFinish
INFO  2023-05-25 17:14:15,122 TBConfigService::? - GetTBConfig : MethodStart
INFO  2023-05-25 17:14:15,823 TBConfigService::? - GetTBConfig : MethodFinish
INFO  2023-05-25 17:14:23,758 TBConfigService::? - GetTBConfig : MethodStart
INFO  2023-05-25 17:14:23,932 TBConfigService::? - GetTBConfig : MethodFinish
INFO  2023-05-25 17:14:25,403 TRNoticeMessageService::? - GetListWithModelByRole : MethodStart
INFO  2023-05-25 17:14:26,880 TRNoticeMessageService::? - GetListWithModelByRole : MethodStart
INFO  2023-05-25 17:14:37,297 TBConfigService::? - GetTBConfig : MethodStart
INFO  2023-05-25 17:14:37,814 TBConfigService::? - GetTBConfig : MethodFinish
INFO  2023-05-25 17:14:38,101 TRNoticeMessageService::? - GetListWithModelByRole : MethodFinish
INFO  2023-05-25 17:16:46,617 TRNoticeMessageService::? - GetListWithModelByRole : MethodStart
INFO  2023-05-25 17:16:47,947 TRNoticeMessageService::? - GetListWithModelByRole : MethodFinish
INFO  2023-05-25 17:17:27,805 TBConfigService::? - GetTBConfig : MethodStart
INFO  2023-05-25 17:17:28,120 TBConfigService::? - GetTBConfig : MethodFinish
INFO  2023-05-25 17:18:43,590 TBConfigService::? - GetTBConfig : MethodStart
INFO  2023-05-25 17:18:43,763 TBConfigService::? - GetTBConfig : MethodFinish
INFO  2023-05-25 17:21:33,104 TRNoticeMessageService::? - GetListWithModelByRole : MethodStart
INFO  2023-05-25 17:21:34,470 TRNoticeMessageService::? - GetListWithModelByRole : MethodFinish
INFO  2023-05-25 17:23:07,430 TBConfigService::? - GetTBConfig : MethodStart
INFO  2023-05-25 17:23:07,904 TBConfigService::? - GetTBConfig : MethodFinish
