INFO  2021-08-31 17:24:18,111 TRNoticeMessageService::? - GetListWithModelByRole : MethodStart
INFO  2021-08-31 17:24:19,057 TRNoticeMessageService::? - GetListWithModelByRole : MethodFinish
INFO  2021-08-31 17:25:43,701 TBConfigService::? - GetTBConfig : MethodStart
INFO  2021-08-31 17:25:43,744 TBConfigService::? - GetTBConfig : MethodFinish
INFO  2021-08-31 17:26:05,827 TBConfigService::? - GetTBConfig : MethodStart
INFO  2021-08-31 17:26:05,862 TBConfigService::? - GetTBConfig : MethodFinish
INFO  2021-08-31 17:26:07,693 TBConfigService::? - GetTBConfig : MethodStart
INFO  2021-08-31 17:26:07,703 TBConfigService::? - GetTBConfig : MethodFinish
INFO  2021-08-31 17:26:17,169 TBConfigService::? - GetTBConfig : MethodStart
INFO  2021-08-31 17:26:17,173 TBConfigService::? - GetTBConfig : MethodFinish
INFO  2021-08-31 17:26:19,817 WHONETService::? - Get_TCWHONET_Antibiotics_Acitve_List : MethodStart
INFO  2021-08-31 17:26:19,819 TCWHONET_AntibioticsDAC::? - GetList_Active : MethodStart
INFO  2021-08-31 17:26:19,858 TCWHONET_AntibioticsDAC::? - GetList_Active : MethodFinish
INFO  2021-08-31 17:26:19,861 WHONETService::? - Get_TCWHONET_Antibiotics_Acitve_List : MethodFinish
INFO  2021-08-31 17:26:46,274 TBConfigService::? - GetTBConfig : MethodStart
INFO  2021-08-31 17:26:46,285 TBConfigService::? - GetTBConfig : MethodFinish
INFO  2021-08-31 17:45:01,340 TRNoticeMessageService::? - GetListWithModelByRole : MethodStart
INFO  2021-08-31 17:45:02,242 TRNoticeMessageService::? - GetListWithModelByRole : MethodFinish
INFO  2021-08-31 17:45:04,890 TBConfigService::? - GetTBConfig : MethodStart
INFO  2021-08-31 17:45:04,921 TBConfigService::? - GetTBConfig : MethodFinish
INFO  2021-08-31 17:49:56,987 TRNoticeMessageService::? - GetListWithModelByRole : MethodStart
INFO  2021-08-31 17:49:57,819 TRNoticeMessageService::? - GetListWithModelByRole : MethodFinish
INFO  2021-08-31 17:51:13,013 TBConfigService::? - GetTBConfig : MethodStart
INFO  2021-08-31 17:51:13,095 TBConfigService::? - GetTBConfig : MethodFinish
INFO  2021-08-31 18:02:15,665 TRNoticeMessageService::? - GetListWithModelByRole : MethodStart
INFO  2021-08-31 18:02:16,423 TRNoticeMessageService::? - GetListWithModelByRole : MethodFinish
INFO  2021-08-31 18:02:23,841 TBConfigService::? - GetTBConfig : MethodStart
INFO  2021-08-31 18:02:23,879 TBConfigService::? - GetTBConfig : MethodFinish
INFO  2021-08-31 18:02:51,761 TBConfigService::? - GetTBConfig : MethodStart
INFO  2021-08-31 18:02:51,801 TBConfigService::? - GetTBConfig : MethodFinish
INFO  2021-08-31 21:50:11,944 TRNoticeMessageService::? - GetListWithModelByRole : MethodStart
INFO  2021-08-31 21:50:13,443 TRNoticeMessageService::? - GetListWithModelByRole : MethodFinish
INFO  2021-08-31 21:51:29,065 TBConfigService::? - GetTBConfig : MethodStart
INFO  2021-08-31 21:51:29,368 TBConfigService::? - GetTBConfig : MethodFinish
INFO  2021-08-31 21:54:28,432 TBConfigService::? - GetTBConfig : MethodStart
INFO  2021-08-31 21:54:28,525 TBConfigService::? - GetTBConfig : MethodFinish
INFO  2021-08-31 22:03:26,261 TBConfigService::? - GetTBConfig : MethodStart
INFO  2021-08-31 22:03:26,297 TBConfigService::? - GetTBConfig : MethodFinish
INFO  2021-08-31 22:06:31,740 TRNoticeMessageService::? - GetListWithModelByRole : MethodStart
INFO  2021-08-31 22:06:32,995 TRNoticeMessageService::? - GetListWithModelByRole : MethodFinish
INFO  2021-08-31 22:07:23,040 TBConfigService::? - GetTBConfig : MethodStart
INFO  2021-08-31 22:07:23,104 TBConfigService::? - GetTBConfig : MethodFinish
INFO  2021-08-31 22:09:24,992 TBConfigService::? - GetTBConfig : MethodStart
INFO  2021-08-31 22:09:25,134 TBConfigService::? - GetTBConfig : MethodFinish
INFO  2021-08-31 22:09:28,297 WHONETService::? - Get_TCWHONET_Antibiotics_Acitve_List : MethodStart
INFO  2021-08-31 22:09:28,303 TCWHONET_AntibioticsDAC::? - GetList_Active : MethodStart
INFO  2021-08-31 22:09:28,622 TCWHONET_AntibioticsDAC::? - GetList_Active : MethodFinish
INFO  2021-08-31 22:09:28,630 WHONETService::? - Get_TCWHONET_Antibiotics_Acitve_List : MethodFinish
INFO  2021-08-31 22:09:50,135 TBConfigService::? - GetTBConfig : MethodStart
INFO  2021-08-31 22:09:50,150 TBConfigService::? - GetTBConfig : MethodFinish
INFO  2021-08-31 22:11:43,925 TBConfigService::? - GetTBConfig : MethodStart
INFO  2021-08-31 22:11:43,948 TBConfigService::? - GetTBConfig : MethodFinish
INFO  2021-08-31 22:11:47,673 TBConfigService::? - GetTBConfig : MethodStart
INFO  2021-08-31 22:11:47,683 TBConfigService::? - GetTBConfig : MethodFinish
INFO  2021-08-31 22:11:51,753 TBConfigService::? - GetTBConfig : MethodStart
INFO  2021-08-31 22:11:51,761 TBConfigService::? - GetTBConfig : MethodFinish
INFO  2021-08-31 22:11:53,689 WHONETService::? - Get_TCWHONET_Antibiotics_Acitve_List : MethodStart
INFO  2021-08-31 22:11:53,691 TCWHONET_AntibioticsDAC::? - GetList_Active : MethodStart
INFO  2021-08-31 22:11:53,706 TCWHONET_AntibioticsDAC::? - GetList_Active : MethodFinish
INFO  2021-08-31 22:11:53,708 WHONETService::? - Get_TCWHONET_Antibiotics_Acitve_List : MethodFinish
INFO  2021-08-31 22:17:59,620 TBConfigService::? - GetTBConfig : MethodStart
INFO  2021-08-31 22:17:59,649 TBConfigService::? - GetTBConfig : MethodFinish
INFO  2021-08-31 22:18:03,168 TBConfigService::? - GetTBConfig : MethodStart
INFO  2021-08-31 22:18:03,178 TBConfigService::? - GetTBConfig : MethodFinish
INFO  2021-08-31 22:18:05,305 WHONETService::? - Get_TCWHONET_Antibiotics_Acitve_List : MethodStart
INFO  2021-08-31 22:18:05,309 TCWHONET_AntibioticsDAC::? - GetList_Active : MethodStart
INFO  2021-08-31 22:18:05,348 TCWHONET_AntibioticsDAC::? - GetList_Active : MethodFinish
INFO  2021-08-31 22:18:05,351 WHONETService::? - Get_TCWHONET_Antibiotics_Acitve_List : MethodFinish
INFO  2021-08-31 22:18:06,631 TBConfigService::? - GetTBConfig : MethodStart
INFO  2021-08-31 22:18:06,646 TBConfigService::? - GetTBConfig : MethodFinish
INFO  2021-08-31 22:18:08,728 TBConfigService::? - GetTBConfig : MethodStart
INFO  2021-08-31 22:18:08,738 TBConfigService::? - GetTBConfig : MethodFinish
INFO  2021-08-31 22:18:10,458 WHONETService::? - Get_TCWHONET_Antibiotics_Acitve_List : MethodStart
INFO  2021-08-31 22:18:10,461 TCWHONET_AntibioticsDAC::? - GetList_Active : MethodStart
INFO  2021-08-31 22:18:10,490 TCWHONET_AntibioticsDAC::? - GetList_Active : MethodFinish
INFO  2021-08-31 22:18:10,492 WHONETService::? - Get_TCWHONET_Antibiotics_Acitve_List : MethodFinish
INFO  2021-08-31 22:21:25,134 TBConfigService::? - GetTBConfig : MethodStart
INFO  2021-08-31 22:21:25,160 TBConfigService::? - GetTBConfig : MethodFinish
INFO  2021-08-31 22:30:54,997 TRNoticeMessageService::? - GetListWithModelByRole : MethodStart
INFO  2021-08-31 22:30:56,644 TRNoticeMessageService::? - GetListWithModelByRole : MethodFinish
INFO  2021-08-31 22:30:59,615 TBConfigService::? - GetTBConfig : MethodStart
INFO  2021-08-31 22:30:59,671 TBConfigService::? - GetTBConfig : MethodFinish
INFO  2021-08-31 22:31:35,689 WHONETService::? - Get_TCWHONET_Antibiotics_Acitve_List : MethodStart
INFO  2021-08-31 22:31:35,692 TCWHONET_AntibioticsDAC::? - GetList_Active : MethodStart
INFO  2021-08-31 22:31:35,799 TCWHONET_AntibioticsDAC::? - GetList_Active : MethodFinish
INFO  2021-08-31 22:31:35,803 WHONETService::? - Get_TCWHONET_Antibiotics_Acitve_List : MethodFinish
INFO  2021-08-31 22:34:59,803 TBConfigService::? - GetTBConfig : MethodStart
INFO  2021-08-31 22:34:59,845 TBConfigService::? - GetTBConfig : MethodFinish
INFO  2021-08-31 22:36:26,648 TBConfigService::? - GetTBConfig : MethodStart
INFO  2021-08-31 22:36:26,686 TBConfigService::? - GetTBConfig : MethodFinish
INFO  2021-08-31 22:36:30,664 TBConfigService::? - GetTBConfig : MethodStart
INFO  2021-08-31 22:36:30,677 TBConfigService::? - GetTBConfig : MethodFinish
