INFO  2021-10-29 10:40:03,125 TRNoticeMessageService::? - GetListWithModelByRole : MethodStart
INFO  2021-10-29 10:40:04,672 TRNoticeMessageService::? - GetListWithModelByRole : MethodFinish
INFO  2021-10-29 10:44:53,075 TBConfigService::? - GetTBConfig : MethodStart
INFO  2021-10-29 10:44:53,541 TBConfigService::? - GetTBConfig : MethodFinish
INFO  2021-10-29 10:45:05,681 TBConfigService::? - GetTBConfig : MethodStart
INFO  2021-10-29 10:45:05,835 TBConfigService::? - GetTBConfig : MethodFinish
INFO  2021-10-29 10:45:44,458 LogProcessService::? - GetLogProcessListWithModel : MethodStart
INFO  2021-10-29 10:45:44,621 LogProcessService::? - GetLogProcessListWithModel : MethodFinish
INFO  2021-10-29 10:48:47,105 TBConfigService::? - GetTBConfig : MethodStart
INFO  2021-10-29 10:48:47,211 TBConfigService::? - GetTBConfig : MethodFinish
INFO  2021-10-29 10:48:49,079 TBConfigService::? - GetTBConfig : MethodStart
INFO  2021-10-29 10:48:49,333 TBConfigService::? - GetTBConfig : MethodFinish
INFO  2021-10-29 10:48:52,413 TBConfigService::? - GetTBConfig : MethodStart
INFO  2021-10-29 10:48:52,515 TBConfigService::? - GetTBConfig : MethodFinish
INFO  2021-10-29 10:48:54,039 WHONETService::? - Get_TCWHONET_Antibiotic_List : MethodStart
INFO  2021-10-29 10:48:54,123 WHONETService::? - Get_TCWHONET_Antibiotic_List : MethodFinish
INFO  2021-10-29 10:48:54,178 WHONETService::? - Get_TCWHONET_AntibioticSpecies_List : MethodStart
INFO  2021-10-29 10:48:54,244 WHONETService::? - Get_TCWHONET_AntibioticSpecies_List : MethodFinish
INFO  2021-10-29 10:48:54,285 WHONETService::? - Get_TCWHONET_Departments_List : MethodStart
INFO  2021-10-29 10:48:54,336 WHONETService::? - Get_TCWHONET_Departments_List : MethodFinish
INFO  2021-10-29 10:48:54,378 WHONETService::? - Get_TCWHONET_Specimen_List : MethodStart
INFO  2021-10-29 10:48:54,439 WHONETService::? - Get_TCWHONET_Specimen_List : MethodFinish
INFO  2021-10-29 10:48:54,483 WHONETService::? - Get_TCWHONET_Column_List : MethodStart
INFO  2021-10-29 10:48:54,540 WHONETService::? - Get_TCWHONET_Column_List : MethodFinish
INFO  2021-10-29 10:48:54,589 WHONETService::? - Get_TCWHONET_Organism_List : MethodStart
INFO  2021-10-29 10:48:54,703 WHONETService::? - Get_TCWHONET_Organism_List : MethodFinish
INFO  2021-10-29 10:48:54,742 WHONETService::? - Get_TCWHONET_Macro_List : MethodStart
INFO  2021-10-29 10:48:54,801 WHONETService::? - Get_TCWHONET_Macro_List : MethodFinish
INFO  2021-10-29 10:48:54,839 LogProcessService::? - GetLogProcessListWithModel : MethodStart
INFO  2021-10-29 10:48:54,953 LogProcessService::? - GetLogProcessListWithModel : MethodFinish
INFO  2021-10-29 13:09:47,715 TRNoticeMessageService::? - GetListWithModelByRole : MethodStart
INFO  2021-10-29 13:09:48,821 TRNoticeMessageService::? - GetListWithModelByRole : MethodFinish
INFO  2021-10-29 13:10:01,333 TBConfigService::? - GetTBConfig : MethodStart
INFO  2021-10-29 13:10:01,635 TBConfigService::? - GetTBConfig : MethodFinish
INFO  2021-10-29 13:20:48,095 TBConfigService::? - GetTBConfig : MethodStart
INFO  2021-10-29 13:20:48,463 TBConfigService::? - GetTBConfig : MethodFinish
INFO  2021-10-29 13:31:49,796 TBConfigService::? - GetTBConfig : MethodStart
INFO  2021-10-29 13:31:50,347 TBConfigService::? - GetTBConfig : MethodFinish
INFO  2021-10-29 13:31:57,295 TBConfigService::? - GetTBConfig : MethodStart
INFO  2021-10-29 13:31:57,408 TBConfigService::? - GetTBConfig : MethodFinish
INFO  2021-10-29 13:31:57,744 WHONETService::? - Get_TCWHONET_Antibiotic_List : MethodStart
INFO  2021-10-29 13:31:57,927 WHONETService::? - Get_TCWHONET_Antibiotic_List : MethodFinish
INFO  2021-10-29 13:31:57,984 WHONETService::? - Get_TCWHONET_AntibioticSpecies_List : MethodStart
INFO  2021-10-29 13:31:58,036 WHONETService::? - Get_TCWHONET_AntibioticSpecies_List : MethodFinish
INFO  2021-10-29 13:31:58,118 WHONETService::? - Get_TCWHONET_Departments_List : MethodStart
INFO  2021-10-29 13:31:58,162 WHONETService::? - Get_TCWHONET_Departments_List : MethodFinish
INFO  2021-10-29 13:31:58,213 WHONETService::? - Get_TCWHONET_Specimen_List : MethodStart
INFO  2021-10-29 13:31:58,261 WHONETService::? - Get_TCWHONET_Specimen_List : MethodFinish
INFO  2021-10-29 13:31:58,359 WHONETService::? - Get_TCWHONET_Column_List : MethodStart
INFO  2021-10-29 13:31:58,401 WHONETService::? - Get_TCWHONET_Column_List : MethodFinish
INFO  2021-10-29 13:31:58,449 WHONETService::? - Get_TCWHONET_Organism_List : MethodStart
INFO  2021-10-29 13:31:58,522 WHONETService::? - Get_TCWHONET_Organism_List : MethodFinish
INFO  2021-10-29 13:31:58,599 WHONETService::? - Get_TCWHONET_Macro_List : MethodStart
INFO  2021-10-29 13:31:58,645 WHONETService::? - Get_TCWHONET_Macro_List : MethodFinish
INFO  2021-10-29 13:31:58,695 LogProcessService::? - GetLogProcessListWithModel : MethodStart
INFO  2021-10-29 13:31:58,837 LogProcessService::? - GetLogProcessListWithModel : MethodFinish
INFO  2021-10-29 13:37:25,012 TRNoticeMessageService::? - GetListWithModelByRole : MethodStart
INFO  2021-10-29 13:37:26,741 TRNoticeMessageService::? - GetListWithModelByRole : MethodFinish
INFO  2021-10-29 13:41:57,733 TBConfigService::? - GetTBConfig : MethodStart
INFO  2021-10-29 13:41:58,382 TBConfigService::? - GetTBConfig : MethodFinish
INFO  2021-10-29 13:42:08,412 TBConfigService::? - GetTBConfig : MethodStart
INFO  2021-10-29 13:42:08,689 TBConfigService::? - GetTBConfig : MethodFinish
INFO  2021-10-29 13:42:09,128 WHONETService::? - Get_TCWHONET_Antibiotic_List : MethodStart
INFO  2021-10-29 13:42:09,179 WHONETService::? - Get_TCWHONET_Antibiotic_List : MethodFinish
INFO  2021-10-29 13:42:09,233 WHONETService::? - Get_TCWHONET_AntibioticSpecies_List : MethodStart
INFO  2021-10-29 13:42:09,347 WHONETService::? - Get_TCWHONET_AntibioticSpecies_List : MethodFinish
INFO  2021-10-29 13:42:09,386 WHONETService::? - Get_TCWHONET_Departments_List : MethodStart
INFO  2021-10-29 13:42:09,430 WHONETService::? - Get_TCWHONET_Departments_List : MethodFinish
INFO  2021-10-29 13:42:09,472 WHONETService::? - Get_TCWHONET_Specimen_List : MethodStart
INFO  2021-10-29 13:42:09,513 WHONETService::? - Get_TCWHONET_Specimen_List : MethodFinish
INFO  2021-10-29 13:42:09,558 WHONETService::? - Get_TCWHONET_Column_List : MethodStart
INFO  2021-10-29 13:42:09,677 WHONETService::? - Get_TCWHONET_Column_List : MethodFinish
INFO  2021-10-29 13:42:09,727 WHONETService::? - Get_TCWHONET_Organism_List : MethodStart
INFO  2021-10-29 13:42:09,856 WHONETService::? - Get_TCWHONET_Organism_List : MethodFinish
INFO  2021-10-29 13:42:09,908 WHONETService::? - Get_TCWHONET_Macro_List : MethodStart
INFO  2021-10-29 13:42:09,967 WHONETService::? - Get_TCWHONET_Macro_List : MethodFinish
INFO  2021-10-29 13:42:10,010 LogProcessService::? - GetLogProcessListWithModel : MethodStart
INFO  2021-10-29 13:42:10,151 LogProcessService::? - GetLogProcessListWithModel : MethodFinish
INFO  2021-10-29 13:43:05,413 TBConfigService::? - GetTBConfig : MethodStart
INFO  2021-10-29 13:43:05,522 TBConfigService::? - GetTBConfig : MethodFinish
INFO  2021-10-29 13:43:05,825 WHONETService::? - Get_TCWHONET_Antibiotic_List : MethodStart
INFO  2021-10-29 13:43:05,867 WHONETService::? - Get_TCWHONET_Antibiotic_List : MethodFinish
INFO  2021-10-29 13:43:05,908 WHONETService::? - Get_TCWHONET_AntibioticSpecies_List : MethodStart
INFO  2021-10-29 13:43:05,963 WHONETService::? - Get_TCWHONET_AntibioticSpecies_List : MethodFinish
INFO  2021-10-29 13:43:06,050 WHONETService::? - Get_TCWHONET_Departments_List : MethodStart
INFO  2021-10-29 13:43:06,092 WHONETService::? - Get_TCWHONET_Departments_List : MethodFinish
INFO  2021-10-29 13:43:06,166 WHONETService::? - Get_TCWHONET_Specimen_List : MethodStart
INFO  2021-10-29 13:43:06,207 WHONETService::? - Get_TCWHONET_Specimen_List : MethodFinish
INFO  2021-10-29 13:43:06,283 WHONETService::? - Get_TCWHONET_Column_List : MethodStart
INFO  2021-10-29 13:43:06,327 WHONETService::? - Get_TCWHONET_Column_List : MethodFinish
INFO  2021-10-29 13:43:06,380 WHONETService::? - Get_TCWHONET_Organism_List : MethodStart
INFO  2021-10-29 13:43:06,423 WHONETService::? - Get_TCWHONET_Organism_List : MethodFinish
INFO  2021-10-29 13:43:06,454 WHONETService::? - Get_TCWHONET_Macro_List : MethodStart
INFO  2021-10-29 13:43:06,498 WHONETService::? - Get_TCWHONET_Macro_List : MethodFinish
INFO  2021-10-29 13:43:06,564 LogProcessService::? - GetLogProcessListWithModel : MethodStart
INFO  2021-10-29 13:43:06,673 LogProcessService::? - GetLogProcessListWithModel : MethodFinish
INFO  2021-10-29 13:44:55,017 TRNoticeMessageService::? - GetListWithModelByRole : MethodStart
INFO  2021-10-29 13:44:56,069 TRNoticeMessageService::? - GetListWithModelByRole : MethodFinish
INFO  2021-10-29 14:05:39,209 TBConfigService::? - GetTBConfig : MethodStart
INFO  2021-10-29 14:05:39,758 TBConfigService::? - GetTBConfig : MethodFinish
INFO  2021-10-29 14:05:47,780 TBConfigService::? - GetTBConfig : MethodStart
INFO  2021-10-29 14:05:47,919 TBConfigService::? - GetTBConfig : MethodFinish
INFO  2021-10-29 14:05:48,222 WHONETService::? - Get_TCWHONET_Antibiotic_List : MethodStart
INFO  2021-10-29 14:05:48,420 WHONETService::? - Get_TCWHONET_Antibiotic_List : MethodFinish
INFO  2021-10-29 14:05:48,475 WHONETService::? - Get_TCWHONET_AntibioticSpecies_List : MethodStart
INFO  2021-10-29 14:05:48,532 WHONETService::? - Get_TCWHONET_AntibioticSpecies_List : MethodFinish
INFO  2021-10-29 14:05:48,571 WHONETService::? - Get_TCWHONET_Departments_List : MethodStart
INFO  2021-10-29 14:05:48,612 WHONETService::? - Get_TCWHONET_Departments_List : MethodFinish
INFO  2021-10-29 14:05:48,650 WHONETService::? - Get_TCWHONET_Specimen_List : MethodStart
INFO  2021-10-29 14:05:48,695 WHONETService::? - Get_TCWHONET_Specimen_List : MethodFinish
INFO  2021-10-29 14:05:48,739 WHONETService::? - Get_TCWHONET_Column_List : MethodStart
INFO  2021-10-29 14:05:48,782 WHONETService::? - Get_TCWHONET_Column_List : MethodFinish
INFO  2021-10-29 14:05:48,827 WHONETService::? - Get_TCWHONET_Organism_List : MethodStart
INFO  2021-10-29 14:05:48,900 WHONETService::? - Get_TCWHONET_Organism_List : MethodFinish
INFO  2021-10-29 14:05:48,945 WHONETService::? - Get_TCWHONET_Macro_List : MethodStart
INFO  2021-10-29 14:05:48,995 WHONETService::? - Get_TCWHONET_Macro_List : MethodFinish
INFO  2021-10-29 14:05:49,040 LogProcessService::? - GetLogProcessListWithModel : MethodStart
INFO  2021-10-29 14:05:49,168 LogProcessService::? - GetLogProcessListWithModel : MethodFinish
INFO  2021-10-29 14:06:23,307 WHONETService::? - Get_TCWHONET_Organism_List : MethodStart
INFO  2021-10-29 14:06:23,350 WHONETService::? - Get_TCWHONET_Organism_List : MethodFinish
INFO  2021-10-29 14:06:23,407 LogProcessService::? - GetLogProcessListWithModel : MethodStart
INFO  2021-10-29 14:06:23,511 LogProcessService::? - GetLogProcessListWithModel : MethodFinish
INFO  2021-10-29 14:09:50,056 TRNoticeMessageService::? - GetListWithModelByRole : MethodStart
INFO  2021-10-29 14:09:51,190 TRNoticeMessageService::? - GetListWithModelByRole : MethodFinish
INFO  2021-10-29 14:12:04,827 TBConfigService::? - GetTBConfig : MethodStart
INFO  2021-10-29 14:12:05,418 TBConfigService::? - GetTBConfig : MethodFinish
INFO  2021-10-29 14:12:16,478 TBConfigService::? - GetTBConfig : MethodStart
INFO  2021-10-29 14:12:16,621 TBConfigService::? - GetTBConfig : MethodFinish
INFO  2021-10-29 14:12:16,921 WHONETService::? - Get_TCWHONET_Antibiotic_List : MethodStart
INFO  2021-10-29 14:12:16,970 WHONETService::? - Get_TCWHONET_Antibiotic_List : MethodFinish
INFO  2021-10-29 14:12:17,032 WHONETService::? - Get_TCWHONET_AntibioticSpecies_List : MethodStart
INFO  2021-10-29 14:12:17,084 WHONETService::? - Get_TCWHONET_AntibioticSpecies_List : MethodFinish
INFO  2021-10-29 14:12:17,132 WHONETService::? - Get_TCWHONET_Departments_List : MethodStart
INFO  2021-10-29 14:12:17,180 WHONETService::? - Get_TCWHONET_Departments_List : MethodFinish
INFO  2021-10-29 14:12:17,235 WHONETService::? - Get_TCWHONET_Specimen_List : MethodStart
INFO  2021-10-29 14:12:17,292 WHONETService::? - Get_TCWHONET_Specimen_List : MethodFinish
INFO  2021-10-29 14:12:17,350 WHONETService::? - Get_TCWHONET_Column_List : MethodStart
INFO  2021-10-29 14:12:17,400 WHONETService::? - Get_TCWHONET_Column_List : MethodFinish
INFO  2021-10-29 14:12:17,484 WHONETService::? - Get_TCWHONET_Organism_List : MethodStart
INFO  2021-10-29 14:12:17,562 WHONETService::? - Get_TCWHONET_Organism_List : MethodFinish
INFO  2021-10-29 14:12:17,614 WHONETService::? - Get_TCWHONET_Macro_List : MethodStart
INFO  2021-10-29 14:12:17,658 WHONETService::? - Get_TCWHONET_Macro_List : MethodFinish
INFO  2021-10-29 14:12:17,764 LogProcessService::? - GetLogProcessListWithModel : MethodStart
INFO  2021-10-29 14:12:17,891 LogProcessService::? - GetLogProcessListWithModel : MethodFinish
INFO  2021-10-29 14:13:01,808 WHONETService::? - SaveWHONET_OrganismListData : MethodStart
INFO  2021-10-29 14:13:01,848 WHONETService::? - ClearTCWHONET_OrganismDataByMST_CODE : MethodStart
INFO  2021-10-29 14:13:01,866 WHONETService::? - Get_TCWHONET_Organism_List : MethodStart
INFO  2021-10-29 14:13:01,916 WHONETService::? - Get_TCWHONET_Organism_List : MethodFinish
INFO  2021-10-29 14:13:01,969 WHONETService::? - ClearTCWHONET_OrganismDataByMST_CODE : MethodFinish
INFO  2021-10-29 14:13:12,236 WHONETService::? - SaveWHONET_OrganismListData : MethodFinish
INFO  2021-10-29 14:13:12,278 WHONETService::? - Get_TCWHONET_Organism_List : MethodStart
INFO  2021-10-29 14:13:12,515 WHONETService::? - Get_TCWHONET_Organism_List : MethodFinish
INFO  2021-10-29 14:13:12,614 LogProcessService::? - GetLogProcessListWithModel : MethodStart
INFO  2021-10-29 14:13:12,807 LogProcessService::? - GetLogProcessListWithModel : MethodFinish
INFO  2021-10-29 14:13:48,570 WHONETService::? - SaveWHONET_SpecimenListData : MethodStart
INFO  2021-10-29 14:13:48,605 WHONETService::? - ClearTCWHONET_SpecimenDataByMST_CODE : MethodStart
INFO  2021-10-29 14:13:48,611 WHONETService::? - Get_TCWHONET_Specimen_List : MethodStart
INFO  2021-10-29 14:13:48,653 WHONETService::? - Get_TCWHONET_Specimen_List : MethodFinish
INFO  2021-10-29 14:13:48,659 WHONETService::? - ClearTCWHONET_SpecimenDataByMST_CODE : MethodFinish
INFO  2021-10-29 14:13:49,898 WHONETService::? - SaveWHONET_SpecimenListData : MethodFinish
INFO  2021-10-29 14:13:49,977 WHONETService::? - Get_TCWHONET_Specimen_List : MethodStart
INFO  2021-10-29 14:13:50,025 WHONETService::? - Get_TCWHONET_Specimen_List : MethodFinish
INFO  2021-10-29 14:13:50,062 LogProcessService::? - GetLogProcessListWithModel : MethodStart
INFO  2021-10-29 14:13:50,169 LogProcessService::? - GetLogProcessListWithModel : MethodFinish
INFO  2021-10-29 14:14:25,849 WHONETService::? - SaveWHONET_MacroListData : MethodStart
INFO  2021-10-29 14:14:25,885 WHONETService::? - ClearTCWHONET_MacroDataByMST_CODE : MethodStart
INFO  2021-10-29 14:14:25,891 WHONETService::? - Get_TCWHONET_Macro_List : MethodStart
INFO  2021-10-29 14:14:25,932 WHONETService::? - Get_TCWHONET_Macro_List : MethodFinish
INFO  2021-10-29 14:14:25,938 WHONETService::? - ClearTCWHONET_MacroDataByMST_CODE : MethodFinish
INFO  2021-10-29 14:14:26,942 WHONETService::? - SaveWHONET_MacroListData : MethodFinish
INFO  2021-10-29 14:14:26,982 WHONETService::? - Get_TCWHONET_Macro_List : MethodStart
INFO  2021-10-29 14:14:27,028 WHONETService::? - Get_TCWHONET_Macro_List : MethodFinish
INFO  2021-10-29 14:14:27,080 LogProcessService::? - GetLogProcessListWithModel : MethodStart
INFO  2021-10-29 14:14:27,193 LogProcessService::? - GetLogProcessListWithModel : MethodFinish
INFO  2021-10-29 14:19:34,737 TRNoticeMessageService::? - GetListWithModelByRole : MethodStart
INFO  2021-10-29 14:19:35,841 TRNoticeMessageService::? - GetListWithModelByRole : MethodFinish
INFO  2021-10-29 14:20:40,557 TBConfigService::? - GetTBConfig : MethodStart
INFO  2021-10-29 14:20:41,091 TBConfigService::? - GetTBConfig : MethodFinish
INFO  2021-10-29 14:21:29,434 TBConfigService::? - GetTBConfig : MethodStart
INFO  2021-10-29 14:21:29,570 TBConfigService::? - GetTBConfig : MethodFinish
INFO  2021-10-29 14:21:29,890 WHONETService::? - Get_TCWHONET_Antibiotic_List : MethodStart
INFO  2021-10-29 14:21:29,937 WHONETService::? - Get_TCWHONET_Antibiotic_List : MethodFinish
INFO  2021-10-29 14:21:29,991 WHONETService::? - Get_TCWHONET_AntibioticSpecies_List : MethodStart
INFO  2021-10-29 14:21:30,046 WHONETService::? - Get_TCWHONET_AntibioticSpecies_List : MethodFinish
INFO  2021-10-29 14:21:30,089 WHONETService::? - Get_TCWHONET_Departments_List : MethodStart
INFO  2021-10-29 14:21:30,132 WHONETService::? - Get_TCWHONET_Departments_List : MethodFinish
INFO  2021-10-29 14:21:30,175 WHONETService::? - Get_TCWHONET_Specimen_List : MethodStart
INFO  2021-10-29 14:21:30,254 WHONETService::? - Get_TCWHONET_Specimen_List : MethodFinish
INFO  2021-10-29 14:21:30,316 WHONETService::? - Get_TCWHONET_Column_List : MethodStart
INFO  2021-10-29 14:21:30,362 WHONETService::? - Get_TCWHONET_Column_List : MethodFinish
INFO  2021-10-29 14:21:30,407 WHONETService::? - Get_TCWHONET_Organism_List : MethodStart
INFO  2021-10-29 14:21:30,706 WHONETService::? - Get_TCWHONET_Organism_List : MethodFinish
INFO  2021-10-29 14:21:30,813 WHONETService::? - Get_TCWHONET_Macro_List : MethodStart
INFO  2021-10-29 14:21:30,890 WHONETService::? - Get_TCWHONET_Macro_List : MethodFinish
INFO  2021-10-29 14:21:30,955 LogProcessService::? - GetLogProcessListWithModel : MethodStart
INFO  2021-10-29 14:21:31,077 LogProcessService::? - GetLogProcessListWithModel : MethodFinish
INFO  2021-10-29 14:22:22,435 WHONETService::? - SaveWHONET_AntibioticsListData : MethodStart
INFO  2021-10-29 14:22:22,471 WHONETService::? - ClearTCWHONET_AntibioticsDataByMST_CODE : MethodStart
INFO  2021-10-29 14:22:22,478 WHONETService::? - Get_TCWHONET_Antibiotic_List : MethodStart
INFO  2021-10-29 14:22:22,522 WHONETService::? - Get_TCWHONET_Antibiotic_List : MethodFinish
INFO  2021-10-29 14:22:22,535 WHONETService::? - ClearTCWHONET_AntibioticsDataByMST_CODE : MethodFinish
INFO  2021-10-29 14:22:23,577 WHONETService::? - SaveWHONET_AntibioticsListData : MethodFinish
INFO  2021-10-29 14:22:23,708 WHONETService::? - SaveWHONET_AntibioticSpeciesListData : MethodStart
INFO  2021-10-29 14:22:23,749 WHONETService::? - ClearTCWHONET_AntibioticSpeciesDataByMST_CODE : MethodStart
INFO  2021-10-29 14:22:23,754 WHONETService::? - Get_TCWHONET_AntibioticSpecies_List : MethodStart
INFO  2021-10-29 14:22:23,802 WHONETService::? - Get_TCWHONET_AntibioticSpecies_List : MethodFinish
INFO  2021-10-29 14:22:23,808 WHONETService::? - ClearTCWHONET_AntibioticSpeciesDataByMST_CODE : MethodFinish
INFO  2021-10-29 14:22:27,236 WHONETService::? - SaveWHONET_AntibioticSpeciesListData : MethodFinish
INFO  2021-10-29 14:22:27,288 WHONETService::? - SaveWHONET_DepartmentsListData : MethodStart
INFO  2021-10-29 14:22:27,330 WHONETService::? - ClearTCWHONET_DepartmentsDataByMST_CODE : MethodStart
INFO  2021-10-29 14:22:27,336 WHONETService::? - Get_TCWHONET_Departments_List : MethodStart
INFO  2021-10-29 14:22:27,375 WHONETService::? - Get_TCWHONET_Departments_List : MethodFinish
INFO  2021-10-29 14:22:27,381 WHONETService::? - ClearTCWHONET_DepartmentsDataByMST_CODE : MethodFinish
INFO  2021-10-29 14:22:27,542 WHONETService::? - SaveWHONET_DepartmentsListData : MethodFinish
INFO  2021-10-29 14:22:27,599 WHONETService::? - SaveWHONET_ColumnListData : MethodStart
INFO  2021-10-29 14:22:27,641 WHONETService::? - ClearTCWHONET_ColumnDataByMST_CODE : MethodStart
INFO  2021-10-29 14:22:27,647 WHONETService::? - Get_TCWHONET_Column_List : MethodStart
INFO  2021-10-29 14:22:27,687 WHONETService::? - Get_TCWHONET_Column_List : MethodFinish
INFO  2021-10-29 14:22:27,704 WHONETService::? - ClearTCWHONET_ColumnDataByMST_CODE : MethodFinish
INFO  2021-10-29 14:22:27,904 WHONETService::? - SaveWHONET_ColumnListData : MethodFinish
INFO  2021-10-29 14:22:27,957 WHONETService::? - Get_TCWHONET_Antibiotic_List : MethodStart
INFO  2021-10-29 14:22:28,011 WHONETService::? - Get_TCWHONET_Antibiotic_List : MethodFinish
INFO  2021-10-29 14:22:28,045 WHONETService::? - Get_TCWHONET_AntibioticSpecies_List : MethodStart
INFO  2021-10-29 14:22:28,134 WHONETService::? - Get_TCWHONET_AntibioticSpecies_List : MethodFinish
INFO  2021-10-29 14:22:28,191 WHONETService::? - Get_TCWHONET_Departments_List : MethodStart
INFO  2021-10-29 14:22:28,232 WHONETService::? - Get_TCWHONET_Departments_List : MethodFinish
INFO  2021-10-29 14:22:28,269 WHONETService::? - Get_TCWHONET_Column_List : MethodStart
INFO  2021-10-29 14:22:28,310 WHONETService::? - Get_TCWHONET_Column_List : MethodFinish
INFO  2021-10-29 14:22:28,347 LogProcessService::? - GetLogProcessListWithModel : MethodStart
INFO  2021-10-29 14:22:28,454 LogProcessService::? - GetLogProcessListWithModel : MethodFinish
INFO  2021-10-29 14:22:41,589 TBConfigService::? - GetTBConfig : MethodStart
INFO  2021-10-29 14:22:41,697 TBConfigService::? - GetTBConfig : MethodFinish
INFO  2021-10-29 14:22:44,454 TBConfigService::? - GetTBConfig : MethodStart
INFO  2021-10-29 14:22:44,559 TBConfigService::? - GetTBConfig : MethodFinish
INFO  2021-10-29 14:42:23,308 TBConfigService::? - GetTBConfig : MethodStart
INFO  2021-10-29 14:42:23,648 TBConfigService::? - GetTBConfig : MethodFinish
INFO  2021-10-29 14:42:26,233 TBConfigService::? - GetTBConfig : MethodStart
INFO  2021-10-29 14:42:26,341 TBConfigService::? - GetTBConfig : MethodFinish
INFO  2021-10-29 14:56:18,005 TBConfigService::? - GetTBConfig : MethodStart
INFO  2021-10-29 14:56:18,618 TBConfigService::? - GetTBConfig : MethodFinish
INFO  2021-10-29 15:16:17,459 TBConfigService::? - GetTBConfig : MethodStart
INFO  2021-10-29 15:16:17,815 TBConfigService::? - GetTBConfig : MethodFinish
INFO  2021-10-29 15:17:55,464 TBConfigService::? - GetTBConfig : MethodStart
INFO  2021-10-29 15:17:55,577 TBConfigService::? - GetTBConfig : MethodFinish
INFO  2021-10-29 15:27:45,206 TRNoticeMessageService::? - GetListWithModelByRole : MethodStart
INFO  2021-10-29 15:27:46,365 TRNoticeMessageService::? - GetListWithModelByRole : MethodFinish
INFO  2021-10-29 15:27:52,704 TBConfigService::? - GetTBConfig : MethodStart
INFO  2021-10-29 15:27:53,548 TBConfigService::? - GetTBConfig : MethodFinish
INFO  2021-10-29 15:28:03,699 TBConfigService::? - GetTBConfig : MethodStart
INFO  2021-10-29 15:28:04,118 TBConfigService::? - GetTBConfig : MethodFinish
INFO  2021-10-29 16:22:23,789 TRNoticeMessageService::? - GetListWithModelByRole : MethodStart
INFO  2021-10-29 16:22:25,067 TRNoticeMessageService::? - GetListWithModelByRole : MethodFinish
INFO  2021-10-29 16:32:42,803 TBConfigService::? - GetTBConfig : MethodStart
INFO  2021-10-29 16:32:43,299 TBConfigService::? - GetTBConfig : MethodFinish
INFO  2021-10-29 16:33:01,224 TBConfigService::? - GetTBConfig : MethodStart
INFO  2021-10-29 16:33:01,407 TBConfigService::? - GetTBConfig : MethodFinish
INFO  2021-10-29 16:33:54,829 TBConfigService::? - GetTBConfig : MethodStart
INFO  2021-10-29 16:33:54,936 TBConfigService::? - GetTBConfig : MethodFinish
INFO  2021-10-29 16:33:58,132 TBConfigService::? - GetTBConfig : MethodStart
INFO  2021-10-29 16:33:58,246 TBConfigService::? - GetTBConfig : MethodFinish
INFO  2021-10-29 16:34:59,156 LogProcessService::? - GetLogProcessListWithModel : MethodStart
INFO  2021-10-29 16:34:59,420 LogProcessService::? - GetLogProcessListWithModel : MethodFinish
INFO  2021-10-29 16:35:02,021 TBConfigService::? - GetTBConfig : MethodStart
INFO  2021-10-29 16:35:02,131 TBConfigService::? - GetTBConfig : MethodFinish
INFO  2021-10-29 16:36:00,325 TBConfigService::? - GetTBConfig : MethodStart
INFO  2021-10-29 16:36:00,466 TBConfigService::? - GetTBConfig : MethodFinish
INFO  2021-10-29 16:36:06,402 TBConfigService::? - GetTBConfig : MethodStart
INFO  2021-10-29 16:36:06,509 TBConfigService::? - GetTBConfig : MethodFinish
INFO  2021-10-29 16:36:36,149 TBConfigService::? - GetTBConfig : MethodStart
INFO  2021-10-29 16:36:36,263 TBConfigService::? - GetTBConfig : MethodFinish
INFO  2021-10-29 16:36:38,577 WHONETService::? - Get_TCWHONET_Antibiotics_Acitve_List : MethodStart
INFO  2021-10-29 16:36:38,580 TCWHONET_AntibioticsDAC::? - GetList_Active : MethodStart
INFO  2021-10-29 16:36:38,750 TCWHONET_AntibioticsDAC::? - GetList_Active : MethodFinish
INFO  2021-10-29 16:36:38,759 WHONETService::? - Get_TCWHONET_Antibiotics_Acitve_List : MethodFinish
INFO  2021-10-29 16:36:53,748 TBConfigService::? - GetTBConfig : MethodStart
INFO  2021-10-29 16:36:53,851 TBConfigService::? - GetTBConfig : MethodFinish
INFO  2021-10-29 16:37:24,276 TBConfigService::? - GetTBConfig : MethodStart
INFO  2021-10-29 16:37:24,396 TBConfigService::? - GetTBConfig : MethodFinish
INFO  2021-10-29 16:37:25,825 WHONETService::? - Get_TCWHONET_Antibiotics_Acitve_List : MethodStart
INFO  2021-10-29 16:37:25,831 TCWHONET_AntibioticsDAC::? - GetList_Active : MethodStart
INFO  2021-10-29 16:37:25,940 TCWHONET_AntibioticsDAC::? - GetList_Active : MethodFinish
INFO  2021-10-29 16:37:25,948 WHONETService::? - Get_TCWHONET_Antibiotics_Acitve_List : MethodFinish
INFO  2021-10-29 16:52:18,159 WHONETService::? - Get_TCWHONET_Antibiotics_Acitve_List : MethodStart
INFO  2021-10-29 16:52:18,161 TCWHONET_AntibioticsDAC::? - GetList_Active : MethodStart
INFO  2021-10-29 16:52:18,461 TCWHONET_AntibioticsDAC::? - GetList_Active : MethodFinish
INFO  2021-10-29 16:52:18,479 WHONETService::? - Get_TCWHONET_Antibiotics_Acitve_List : MethodFinish
INFO  2021-10-29 16:52:25,761 WHONETService::? - Get_TCWHONET_Antibiotics_Acitve_List : MethodStart
INFO  2021-10-29 16:52:25,764 TCWHONET_AntibioticsDAC::? - GetList_Active : MethodStart
INFO  2021-10-29 16:52:25,879 TCWHONET_AntibioticsDAC::? - GetList_Active : MethodFinish
INFO  2021-10-29 16:52:25,886 WHONETService::? - Get_TCWHONET_Antibiotics_Acitve_List : MethodFinish
INFO  2021-10-29 16:52:33,039 WHONETService::? - Get_TCWHONET_Antibiotics_Acitve_List : MethodStart
INFO  2021-10-29 16:52:33,041 TCWHONET_AntibioticsDAC::? - GetList_Active : MethodStart
INFO  2021-10-29 16:52:33,157 TCWHONET_AntibioticsDAC::? - GetList_Active : MethodFinish
INFO  2021-10-29 16:52:33,167 WHONETService::? - Get_TCWHONET_Antibiotics_Acitve_List : MethodFinish
INFO  2021-10-29 16:55:13,769 WHONETService::? - Get_TCWHONET_Antibiotics_Acitve_List : MethodStart
INFO  2021-10-29 16:55:13,770 TCWHONET_AntibioticsDAC::? - GetList_Active : MethodStart
INFO  2021-10-29 16:55:13,901 TCWHONET_AntibioticsDAC::? - GetList_Active : MethodFinish
INFO  2021-10-29 16:55:13,922 WHONETService::? - Get_TCWHONET_Antibiotics_Acitve_List : MethodFinish
INFO  2021-10-29 16:55:24,801 WHONETService::? - Get_TCWHONET_Antibiotics_Acitve_List : MethodStart
INFO  2021-10-29 16:55:24,807 TCWHONET_AntibioticsDAC::? - GetList_Active : MethodStart
INFO  2021-10-29 16:55:24,949 TCWHONET_AntibioticsDAC::? - GetList_Active : MethodFinish
INFO  2021-10-29 16:55:24,973 WHONETService::? - Get_TCWHONET_Antibiotics_Acitve_List : MethodFinish
INFO  2021-10-29 16:55:42,551 WHONETService::? - Get_TCWHONET_Antibiotics_Acitve_List : MethodStart
INFO  2021-10-29 16:55:42,553 TCWHONET_AntibioticsDAC::? - GetList_Active : MethodStart
INFO  2021-10-29 16:55:42,681 TCWHONET_AntibioticsDAC::? - GetList_Active : MethodFinish
INFO  2021-10-29 16:55:42,687 WHONETService::? - Get_TCWHONET_Antibiotics_Acitve_List : MethodFinish
INFO  2021-10-29 16:55:44,909 TBConfigService::? - GetTBConfig : MethodStart
INFO  2021-10-29 16:55:45,368 TBConfigService::? - GetTBConfig : MethodFinish
INFO  2021-10-29 16:55:52,911 TBConfigService::? - GetTBConfig : MethodStart
INFO  2021-10-29 16:55:53,011 TBConfigService::? - GetTBConfig : MethodFinish
INFO  2021-10-29 16:55:55,257 TBConfigService::? - GetTBConfig : MethodStart
INFO  2021-10-29 16:55:55,355 TBConfigService::? - GetTBConfig : MethodFinish
INFO  2021-10-29 16:55:56,879 WHONETService::? - Get_TCWHONET_Antibiotics_Acitve_List : MethodStart
INFO  2021-10-29 16:55:56,886 TCWHONET_AntibioticsDAC::? - GetList_Active : MethodStart
INFO  2021-10-29 16:55:57,006 TCWHONET_AntibioticsDAC::? - GetList_Active : MethodFinish
INFO  2021-10-29 16:55:57,020 WHONETService::? - Get_TCWHONET_Antibiotics_Acitve_List : MethodFinish
INFO  2021-10-29 16:56:57,610 WHONETService::? - Get_TCWHONET_Antibiotics_Acitve_List : MethodStart
INFO  2021-10-29 16:56:57,612 TCWHONET_AntibioticsDAC::? - GetList_Active : MethodStart
INFO  2021-10-29 16:56:57,742 TCWHONET_AntibioticsDAC::? - GetList_Active : MethodFinish
INFO  2021-10-29 16:56:57,750 WHONETService::? - Get_TCWHONET_Antibiotics_Acitve_List : MethodFinish
INFO  2021-10-29 16:57:12,867 WHONETService::? - Get_TCWHONET_Antibiotics_Acitve_List : MethodStart
INFO  2021-10-29 16:57:12,868 TCWHONET_AntibioticsDAC::? - GetList_Active : MethodStart
INFO  2021-10-29 16:57:13,032 TCWHONET_AntibioticsDAC::? - GetList_Active : MethodFinish
INFO  2021-10-29 16:57:13,039 WHONETService::? - Get_TCWHONET_Antibiotics_Acitve_List : MethodFinish
INFO  2021-10-29 16:57:25,318 WHONETService::? - Get_TCWHONET_Antibiotics_Acitve_List : MethodStart
INFO  2021-10-29 16:57:25,321 TCWHONET_AntibioticsDAC::? - GetList_Active : MethodStart
INFO  2021-10-29 16:57:25,438 TCWHONET_AntibioticsDAC::? - GetList_Active : MethodFinish
INFO  2021-10-29 16:57:25,446 WHONETService::? - Get_TCWHONET_Antibiotics_Acitve_List : MethodFinish
INFO  2021-10-29 16:57:41,539 WHONETService::? - Get_TCWHONET_Antibiotics_Acitve_List : MethodStart
INFO  2021-10-29 16:57:41,541 TCWHONET_AntibioticsDAC::? - GetList_Active : MethodStart
INFO  2021-10-29 16:57:41,668 TCWHONET_AntibioticsDAC::? - GetList_Active : MethodFinish
INFO  2021-10-29 16:57:41,675 WHONETService::? - Get_TCWHONET_Antibiotics_Acitve_List : MethodFinish
INFO  2021-10-29 16:58:35,775 WHONETService::? - Get_TCWHONET_Antibiotics_Acitve_List : MethodStart
INFO  2021-10-29 16:58:35,777 TCWHONET_AntibioticsDAC::? - GetList_Active : MethodStart
INFO  2021-10-29 16:58:35,917 TCWHONET_AntibioticsDAC::? - GetList_Active : MethodFinish
INFO  2021-10-29 16:58:35,939 WHONETService::? - Get_TCWHONET_Antibiotics_Acitve_List : MethodFinish
INFO  2021-10-29 16:58:53,393 WHONETService::? - Get_TCWHONET_Antibiotics_Acitve_List : MethodStart
INFO  2021-10-29 16:58:53,394 TCWHONET_AntibioticsDAC::? - GetList_Active : MethodStart
INFO  2021-10-29 16:58:53,550 TCWHONET_AntibioticsDAC::? - GetList_Active : MethodFinish
INFO  2021-10-29 16:58:53,557 WHONETService::? - Get_TCWHONET_Antibiotics_Acitve_List : MethodFinish
INFO  2021-10-29 16:59:03,413 WHONETService::? - Get_TCWHONET_Antibiotics_Acitve_List : MethodStart
INFO  2021-10-29 16:59:03,414 TCWHONET_AntibioticsDAC::? - GetList_Active : MethodStart
INFO  2021-10-29 16:59:03,532 TCWHONET_AntibioticsDAC::? - GetList_Active : MethodFinish
INFO  2021-10-29 16:59:03,542 WHONETService::? - Get_TCWHONET_Antibiotics_Acitve_List : MethodFinish
INFO  2021-10-29 16:59:21,128 WHONETService::? - Get_TCWHONET_Antibiotics_Acitve_List : MethodStart
INFO  2021-10-29 16:59:21,129 TCWHONET_AntibioticsDAC::? - GetList_Active : MethodStart
INFO  2021-10-29 16:59:21,253 TCWHONET_AntibioticsDAC::? - GetList_Active : MethodFinish
INFO  2021-10-29 16:59:21,266 WHONETService::? - Get_TCWHONET_Antibiotics_Acitve_List : MethodFinish
INFO  2021-10-29 16:59:35,016 WHONETService::? - Get_TCWHONET_Antibiotics_Acitve_List : MethodStart
INFO  2021-10-29 16:59:35,020 TCWHONET_AntibioticsDAC::? - GetList_Active : MethodStart
INFO  2021-10-29 16:59:35,138 TCWHONET_AntibioticsDAC::? - GetList_Active : MethodFinish
INFO  2021-10-29 16:59:35,145 WHONETService::? - Get_TCWHONET_Antibiotics_Acitve_List : MethodFinish
INFO  2021-10-29 17:04:54,486 WHONETService::? - Get_TCWHONET_Antibiotics_Acitve_List : MethodStart
INFO  2021-10-29 17:04:54,490 TCWHONET_AntibioticsDAC::? - GetList_Active : MethodStart
INFO  2021-10-29 17:04:54,822 TCWHONET_AntibioticsDAC::? - GetList_Active : MethodFinish
INFO  2021-10-29 17:04:54,852 WHONETService::? - Get_TCWHONET_Antibiotics_Acitve_List : MethodFinish
INFO  2021-10-29 17:05:18,033 WHONETService::? - Get_TCWHONET_Antibiotics_Acitve_List : MethodStart
INFO  2021-10-29 17:05:18,037 TCWHONET_AntibioticsDAC::? - GetList_Active : MethodStart
INFO  2021-10-29 17:05:18,167 TCWHONET_AntibioticsDAC::? - GetList_Active : MethodFinish
INFO  2021-10-29 17:05:18,173 WHONETService::? - Get_TCWHONET_Antibiotics_Acitve_List : MethodFinish
INFO  2021-10-29 17:06:09,644 WHONETService::? - Get_TCWHONET_Antibiotics_Acitve_List : MethodStart
INFO  2021-10-29 17:06:09,649 TCWHONET_AntibioticsDAC::? - GetList_Active : MethodStart
INFO  2021-10-29 17:06:09,777 TCWHONET_AntibioticsDAC::? - GetList_Active : MethodFinish
INFO  2021-10-29 17:06:09,786 WHONETService::? - Get_TCWHONET_Antibiotics_Acitve_List : MethodFinish
INFO  2021-10-29 17:06:41,735 WHONETService::? - Get_TCWHONET_Antibiotics_Acitve_List : MethodStart
INFO  2021-10-29 17:06:41,737 TCWHONET_AntibioticsDAC::? - GetList_Active : MethodStart
INFO  2021-10-29 17:06:41,863 TCWHONET_AntibioticsDAC::? - GetList_Active : MethodFinish
INFO  2021-10-29 17:06:41,870 WHONETService::? - Get_TCWHONET_Antibiotics_Acitve_List : MethodFinish
INFO  2021-10-29 17:07:01,596 WHONETService::? - Get_TCWHONET_Antibiotics_Acitve_List : MethodStart
INFO  2021-10-29 17:07:01,599 TCWHONET_AntibioticsDAC::? - GetList_Active : MethodStart
INFO  2021-10-29 17:07:01,728 TCWHONET_AntibioticsDAC::? - GetList_Active : MethodFinish
INFO  2021-10-29 17:07:01,737 WHONETService::? - Get_TCWHONET_Antibiotics_Acitve_List : MethodFinish
INFO  2021-10-29 17:07:19,030 WHONETService::? - Get_TCWHONET_Antibiotics_Acitve_List : MethodStart
INFO  2021-10-29 17:07:19,032 TCWHONET_AntibioticsDAC::? - GetList_Active : MethodStart
INFO  2021-10-29 17:07:19,163 TCWHONET_AntibioticsDAC::? - GetList_Active : MethodFinish
INFO  2021-10-29 17:07:19,172 WHONETService::? - Get_TCWHONET_Antibiotics_Acitve_List : MethodFinish
INFO  2021-10-29 17:07:30,366 WHONETService::? - Get_TCWHONET_Antibiotics_Acitve_List : MethodStart
INFO  2021-10-29 17:07:30,368 TCWHONET_AntibioticsDAC::? - GetList_Active : MethodStart
INFO  2021-10-29 17:07:30,483 TCWHONET_AntibioticsDAC::? - GetList_Active : MethodFinish
INFO  2021-10-29 17:07:30,489 WHONETService::? - Get_TCWHONET_Antibiotics_Acitve_List : MethodFinish
INFO  2021-10-29 17:07:42,863 WHONETService::? - Get_TCWHONET_Antibiotics_Acitve_List : MethodStart
INFO  2021-10-29 17:07:42,865 TCWHONET_AntibioticsDAC::? - GetList_Active : MethodStart
INFO  2021-10-29 17:07:42,985 TCWHONET_AntibioticsDAC::? - GetList_Active : MethodFinish
INFO  2021-10-29 17:07:43,008 WHONETService::? - Get_TCWHONET_Antibiotics_Acitve_List : MethodFinish
INFO  2021-10-29 17:08:02,738 WHONETService::? - Get_TCWHONET_Antibiotics_Acitve_List : MethodStart
INFO  2021-10-29 17:08:02,740 TCWHONET_AntibioticsDAC::? - GetList_Active : MethodStart
INFO  2021-10-29 17:08:02,870 TCWHONET_AntibioticsDAC::? - GetList_Active : MethodFinish
INFO  2021-10-29 17:08:02,879 WHONETService::? - Get_TCWHONET_Antibiotics_Acitve_List : MethodFinish
INFO  2021-10-29 17:08:18,378 WHONETService::? - Get_TCWHONET_Antibiotics_Acitve_List : MethodStart
INFO  2021-10-29 17:08:18,380 TCWHONET_AntibioticsDAC::? - GetList_Active : MethodStart
INFO  2021-10-29 17:08:18,507 TCWHONET_AntibioticsDAC::? - GetList_Active : MethodFinish
INFO  2021-10-29 17:08:18,514 WHONETService::? - Get_TCWHONET_Antibiotics_Acitve_List : MethodFinish
INFO  2021-10-29 17:09:07,214 WHONETService::? - Get_TCWHONET_Antibiotics_Acitve_List : MethodStart
INFO  2021-10-29 17:09:07,217 TCWHONET_AntibioticsDAC::? - GetList_Active : MethodStart
INFO  2021-10-29 17:09:07,354 TCWHONET_AntibioticsDAC::? - GetList_Active : MethodFinish
INFO  2021-10-29 17:09:07,365 WHONETService::? - Get_TCWHONET_Antibiotics_Acitve_List : MethodFinish
INFO  2021-10-29 17:09:22,521 WHONETService::? - Get_TCWHONET_Antibiotics_Acitve_List : MethodStart
INFO  2021-10-29 17:09:22,523 TCWHONET_AntibioticsDAC::? - GetList_Active : MethodStart
INFO  2021-10-29 17:09:22,649 TCWHONET_AntibioticsDAC::? - GetList_Active : MethodFinish
INFO  2021-10-29 17:09:22,657 WHONETService::? - Get_TCWHONET_Antibiotics_Acitve_List : MethodFinish
INFO  2021-10-29 17:09:34,778 WHONETService::? - Get_TCWHONET_Antibiotics_Acitve_List : MethodStart
INFO  2021-10-29 17:09:34,780 TCWHONET_AntibioticsDAC::? - GetList_Active : MethodStart
INFO  2021-10-29 17:09:34,924 TCWHONET_AntibioticsDAC::? - GetList_Active : MethodFinish
INFO  2021-10-29 17:09:34,939 WHONETService::? - Get_TCWHONET_Antibiotics_Acitve_List : MethodFinish
INFO  2021-10-29 17:09:48,989 WHONETService::? - Get_TCWHONET_Antibiotics_Acitve_List : MethodStart
INFO  2021-10-29 17:09:48,991 TCWHONET_AntibioticsDAC::? - GetList_Active : MethodStart
INFO  2021-10-29 17:09:49,107 TCWHONET_AntibioticsDAC::? - GetList_Active : MethodFinish
INFO  2021-10-29 17:09:49,114 WHONETService::? - Get_TCWHONET_Antibiotics_Acitve_List : MethodFinish
INFO  2021-10-29 17:10:01,719 WHONETService::? - Get_TCWHONET_Antibiotics_Acitve_List : MethodStart
INFO  2021-10-29 17:10:01,721 TCWHONET_AntibioticsDAC::? - GetList_Active : MethodStart
INFO  2021-10-29 17:10:01,832 TCWHONET_AntibioticsDAC::? - GetList_Active : MethodFinish
INFO  2021-10-29 17:10:01,839 WHONETService::? - Get_TCWHONET_Antibiotics_Acitve_List : MethodFinish
INFO  2021-10-29 17:10:24,873 WHONETService::? - Get_TCWHONET_Antibiotics_Acitve_List : MethodStart
INFO  2021-10-29 17:10:24,878 TCWHONET_AntibioticsDAC::? - GetList_Active : MethodStart
INFO  2021-10-29 17:10:25,010 TCWHONET_AntibioticsDAC::? - GetList_Active : MethodFinish
INFO  2021-10-29 17:10:25,033 WHONETService::? - Get_TCWHONET_Antibiotics_Acitve_List : MethodFinish
INFO  2021-10-29 17:10:42,163 WHONETService::? - Get_TCWHONET_Antibiotics_Acitve_List : MethodStart
INFO  2021-10-29 17:10:42,165 TCWHONET_AntibioticsDAC::? - GetList_Active : MethodStart
INFO  2021-10-29 17:10:42,304 TCWHONET_AntibioticsDAC::? - GetList_Active : MethodFinish
INFO  2021-10-29 17:10:42,311 WHONETService::? - Get_TCWHONET_Antibiotics_Acitve_List : MethodFinish
INFO  2021-10-29 17:10:47,975 WHONETService::? - Get_TCWHONET_Antibiotics_Acitve_List : MethodStart
INFO  2021-10-29 17:10:47,977 TCWHONET_AntibioticsDAC::? - GetList_Active : MethodStart
INFO  2021-10-29 17:10:48,100 TCWHONET_AntibioticsDAC::? - GetList_Active : MethodFinish
INFO  2021-10-29 17:10:48,107 WHONETService::? - Get_TCWHONET_Antibiotics_Acitve_List : MethodFinish
INFO  2021-10-29 17:10:57,551 TBConfigService::? - GetTBConfig : MethodStart
INFO  2021-10-29 17:10:57,796 TBConfigService::? - GetTBConfig : MethodFinish
INFO  2021-10-29 17:11:02,298 TBConfigService::? - GetTBConfig : MethodStart
INFO  2021-10-29 17:11:02,402 TBConfigService::? - GetTBConfig : MethodFinish
INFO  2021-10-29 17:12:53,495 TBConfigService::? - GetTBConfig : MethodStart
INFO  2021-10-29 17:12:53,599 TBConfigService::? - GetTBConfig : MethodFinish
INFO  2021-10-29 17:12:58,410 TBConfigService::? - GetTBConfig : MethodStart
INFO  2021-10-29 17:12:58,511 TBConfigService::? - GetTBConfig : MethodFinish
INFO  2021-10-29 17:12:59,936 WHONETService::? - Get_TCWHONET_Antibiotics_Acitve_List : MethodStart
INFO  2021-10-29 17:12:59,943 TCWHONET_AntibioticsDAC::? - GetList_Active : MethodStart
INFO  2021-10-29 17:13:00,415 TCWHONET_AntibioticsDAC::? - GetList_Active : MethodFinish
INFO  2021-10-29 17:13:00,422 WHONETService::? - Get_TCWHONET_Antibiotics_Acitve_List : MethodFinish
INFO  2021-10-29 17:13:14,415 WHONETService::? - Get_TCWHONET_Antibiotics_Acitve_List : MethodStart
INFO  2021-10-29 17:13:14,417 TCWHONET_AntibioticsDAC::? - GetList_Active : MethodStart
INFO  2021-10-29 17:13:14,538 TCWHONET_AntibioticsDAC::? - GetList_Active : MethodFinish
INFO  2021-10-29 17:13:14,561 WHONETService::? - Get_TCWHONET_Antibiotics_Acitve_List : MethodFinish
INFO  2021-10-29 17:13:25,812 WHONETService::? - Get_TCWHONET_Antibiotics_Acitve_List : MethodStart
INFO  2021-10-29 17:13:25,814 TCWHONET_AntibioticsDAC::? - GetList_Active : MethodStart
INFO  2021-10-29 17:13:25,927 TCWHONET_AntibioticsDAC::? - GetList_Active : MethodFinish
INFO  2021-10-29 17:13:25,934 WHONETService::? - Get_TCWHONET_Antibiotics_Acitve_List : MethodFinish
INFO  2021-10-29 17:13:36,244 WHONETService::? - Get_TCWHONET_Antibiotics_Acitve_List : MethodStart
INFO  2021-10-29 17:13:36,247 TCWHONET_AntibioticsDAC::? - GetList_Active : MethodStart
INFO  2021-10-29 17:13:36,366 TCWHONET_AntibioticsDAC::? - GetList_Active : MethodFinish
INFO  2021-10-29 17:13:36,373 WHONETService::? - Get_TCWHONET_Antibiotics_Acitve_List : MethodFinish
INFO  2021-10-29 17:13:41,821 TBConfigService::? - GetTBConfig : MethodStart
INFO  2021-10-29 17:13:41,928 TBConfigService::? - GetTBConfig : MethodFinish
INFO  2021-10-29 18:00:28,435 TRNoticeMessageService::? - GetListWithModelByRole : MethodStart
INFO  2021-10-29 18:00:29,569 TRNoticeMessageService::? - GetListWithModelByRole : MethodFinish
INFO  2021-10-29 18:00:32,868 TBConfigService::? - GetTBConfig : MethodStart
INFO  2021-10-29 18:00:33,289 TBConfigService::? - GetTBConfig : MethodFinish
INFO  2021-10-29 18:00:52,855 TBConfigService::? - GetTBConfig : MethodStart
INFO  2021-10-29 18:00:53,004 TBConfigService::? - GetTBConfig : MethodFinish
INFO  2021-10-29 18:01:47,455 TBConfigService::? - GetTBConfig : MethodStart
INFO  2021-10-29 18:01:47,619 TBConfigService::? - GetTBConfig : MethodFinish
