INFO  2021-10-01 09:04:10,913 TRNoticeMessageService::? - GetListWithModelByRole : MethodStart
INFO  2021-10-01 09:04:12,826 TRNoticeMessageService::? - GetListWithModelByRole : MethodFinish
INFO  2021-10-01 09:04:59,563 TBConfigService::? - GetTBConfig : MethodStart
INFO  2021-10-01 09:05:00,064 TBConfigService::? - GetTBConfig : MethodFinish
INFO  2021-10-01 09:05:27,080 WHONETService::? - Get_TCWHONET_Antibiotics_Acitve_List : MethodStart
INFO  2021-10-01 09:05:27,085 TCWHONET_AntibioticsDAC::? - GetList_Active : MethodStart
INFO  2021-10-01 09:05:27,417 TCWHONET_AntibioticsDAC::? - GetList_Active : MethodFinish
INFO  2021-10-01 09:05:27,432 WHONETService::? - Get_TCWHONET_Antibiotics_Acitve_List : MethodFinish
INFO  2021-10-01 09:15:42,929 TBConfigService::? - GetTBConfig : MethodStart
INFO  2021-10-01 09:15:43,336 TBConfigService::? - GetTBConfig : MethodFinish
INFO  2021-10-01 13:30:27,005 TRNoticeMessageService::? - GetListWithModelByRole : MethodStart
INFO  2021-10-01 13:30:28,171 TRNoticeMessageService::? - GetListWithModelByRole : MethodFinish
INFO  2021-10-01 13:30:29,976 TBConfigService::? - GetTBConfig : MethodStart
INFO  2021-10-01 13:30:30,315 TBConfigService::? - GetTBConfig : MethodFinish
INFO  2021-10-01 13:37:08,111 TRNoticeMessageService::? - GetListWithModelByRole : MethodStart
INFO  2021-10-01 13:37:09,240 TRNoticeMessageService::? - GetListWithModelByRole : MethodFinish
INFO  2021-10-01 13:37:11,192 TBConfigService::? - GetTBConfig : MethodStart
INFO  2021-10-01 13:37:11,540 TBConfigService::? - GetTBConfig : MethodFinish
INFO  2021-10-01 13:41:06,644 TRNoticeMessageService::? - GetListWithModelByRole : MethodStart
INFO  2021-10-01 13:41:07,676 TRNoticeMessageService::? - GetListWithModelByRole : MethodFinish
INFO  2021-10-01 13:41:16,354 TBConfigService::? - GetTBConfig : MethodStart
INFO  2021-10-01 13:41:16,652 TBConfigService::? - GetTBConfig : MethodFinish
INFO  2021-10-01 13:41:44,031 TBConfigService::? - GetTBConfig : MethodStart
INFO  2021-10-01 13:41:44,169 TBConfigService::? - GetTBConfig : MethodFinish
INFO  2021-10-01 13:41:47,131 TBConfigService::? - GetTBConfig : MethodStart
INFO  2021-10-01 13:41:47,244 TBConfigService::? - GetTBConfig : MethodFinish
INFO  2021-10-01 13:52:29,441 TRNoticeMessageService::? - GetListWithModelByRole : MethodStart
INFO  2021-10-01 13:52:30,522 TRNoticeMessageService::? - GetListWithModelByRole : MethodFinish
INFO  2021-10-01 13:52:47,924 TBConfigService::? - GetTBConfig : MethodStart
INFO  2021-10-01 13:52:48,208 TBConfigService::? - GetTBConfig : MethodFinish
INFO  2021-10-01 13:58:16,194 TRNoticeMessageService::? - GetListWithModelByRole : MethodStart
INFO  2021-10-01 13:58:17,318 TRNoticeMessageService::? - GetListWithModelByRole : MethodFinish
INFO  2021-10-01 13:58:19,294 TBConfigService::? - GetTBConfig : MethodStart
INFO  2021-10-01 13:58:19,574 TBConfigService::? - GetTBConfig : MethodFinish
INFO  2021-10-01 14:09:31,514 TRNoticeMessageService::? - GetListWithModelByRole : MethodStart
INFO  2021-10-01 14:09:32,710 TRNoticeMessageService::? - GetListWithModelByRole : MethodFinish
INFO  2021-10-01 14:10:01,140 TBConfigService::? - GetTBConfig : MethodStart
INFO  2021-10-01 14:10:01,467 TBConfigService::? - GetTBConfig : MethodFinish
INFO  2021-10-01 15:00:09,677 TRNoticeMessageService::? - GetListWithModelByRole : MethodStart
INFO  2021-10-01 15:00:10,925 TRNoticeMessageService::? - GetListWithModelByRole : MethodFinish
INFO  2021-10-01 15:00:53,835 TBConfigService::? - GetTBConfig : MethodStart
INFO  2021-10-01 15:00:54,274 TBConfigService::? - GetTBConfig : MethodFinish
INFO  2021-10-01 15:01:08,164 WHONETService::? - Get_TCWHONET_Antibiotics_Acitve_List : MethodStart
INFO  2021-10-01 15:01:08,169 TCWHONET_AntibioticsDAC::? - GetList_Active : MethodStart
INFO  2021-10-01 15:01:08,389 TCWHONET_AntibioticsDAC::? - GetList_Active : MethodFinish
INFO  2021-10-01 15:01:08,396 WHONETService::? - Get_TCWHONET_Antibiotics_Acitve_List : MethodFinish
INFO  2021-10-01 15:08:22,736 WHONETService::? - Get_TCWHONET_Antibiotics_Acitve_List : MethodStart
INFO  2021-10-01 15:08:22,741 TCWHONET_AntibioticsDAC::? - GetList_Active : MethodStart
INFO  2021-10-01 15:08:23,660 TCWHONET_AntibioticsDAC::? - GetList_Active : MethodFinish
INFO  2021-10-01 15:08:23,675 WHONETService::? - Get_TCWHONET_Antibiotics_Acitve_List : MethodFinish
INFO  2021-10-01 15:09:57,161 WHONETService::? - Get_TCWHONET_Antibiotics_Acitve_List : MethodStart
INFO  2021-10-01 15:09:57,164 TCWHONET_AntibioticsDAC::? - GetList_Active : MethodStart
INFO  2021-10-01 15:09:57,477 TCWHONET_AntibioticsDAC::? - GetList_Active : MethodFinish
INFO  2021-10-01 15:09:57,483 WHONETService::? - Get_TCWHONET_Antibiotics_Acitve_List : MethodFinish
INFO  2021-10-01 15:16:53,505 TBConfigService::? - GetTBConfig : MethodStart
INFO  2021-10-01 15:16:53,935 TBConfigService::? - GetTBConfig : MethodFinish
INFO  2021-10-01 15:24:22,004 TBConfigService::? - GetTBConfig : MethodStart
INFO  2021-10-01 15:24:22,492 TBConfigService::? - GetTBConfig : MethodFinish
INFO  2021-10-01 15:24:24,626 TBConfigService::? - GetTBConfig : MethodStart
INFO  2021-10-01 15:24:24,739 TBConfigService::? - GetTBConfig : MethodFinish
INFO  2021-10-01 15:24:25,037 WHONETService::? - Get_TCWHONET_Antibiotic_List : MethodStart
INFO  2021-10-01 15:24:25,299 WHONETService::? - Get_TCWHONET_Antibiotic_List : MethodFinish
INFO  2021-10-01 15:24:25,352 WHONETService::? - Get_TCWHONET_AntibioticSpecies_List : MethodStart
INFO  2021-10-01 15:24:25,530 WHONETService::? - Get_TCWHONET_AntibioticSpecies_List : MethodFinish
INFO  2021-10-01 15:24:25,594 WHONETService::? - Get_TCWHONET_Departments_List : MethodStart
INFO  2021-10-01 15:24:25,644 WHONETService::? - Get_TCWHONET_Departments_List : MethodFinish
INFO  2021-10-01 15:24:25,689 WHONETService::? - Get_TCWHONET_Specimen_List : MethodStart
INFO  2021-10-01 15:24:25,759 WHONETService::? - Get_TCWHONET_Specimen_List : MethodFinish
INFO  2021-10-01 15:24:25,844 WHONETService::? - Get_TCWHONET_Column_List : MethodStart
INFO  2021-10-01 15:24:25,894 WHONETService::? - Get_TCWHONET_Column_List : MethodFinish
INFO  2021-10-01 15:24:25,943 WHONETService::? - Get_TCWHONET_Organism_List : MethodStart
INFO  2021-10-01 15:24:26,016 WHONETService::? - Get_TCWHONET_Organism_List : MethodFinish
INFO  2021-10-01 15:24:26,114 WHONETService::? - Get_TCWHONET_Macro_List : MethodStart
INFO  2021-10-01 15:24:26,162 WHONETService::? - Get_TCWHONET_Macro_List : MethodFinish
INFO  2021-10-01 15:24:26,207 LogProcessService::? - GetLogProcessListWithModel : MethodStart
INFO  2021-10-01 15:24:26,355 LogProcessService::? - GetLogProcessListWithModel : MethodFinish
INFO  2021-10-01 15:25:21,125 TBConfigService::? - GetTBConfig : MethodStart
INFO  2021-10-01 15:25:21,234 TBConfigService::? - GetTBConfig : MethodFinish
INFO  2021-10-01 15:25:28,195 TBConfigService::? - GetTBConfig : MethodStart
INFO  2021-10-01 15:25:28,306 TBConfigService::? - GetTBConfig : MethodFinish
INFO  2021-10-01 15:25:29,720 WHONETService::? - Get_TCWHONET_Antibiotics_Acitve_List : MethodStart
INFO  2021-10-01 15:25:29,726 TCWHONET_AntibioticsDAC::? - GetList_Active : MethodStart
INFO  2021-10-01 15:25:29,849 TCWHONET_AntibioticsDAC::? - GetList_Active : MethodFinish
INFO  2021-10-01 15:25:29,856 WHONETService::? - Get_TCWHONET_Antibiotics_Acitve_List : MethodFinish
INFO  2021-10-01 15:25:41,645 TBConfigService::? - GetTBConfig : MethodStart
INFO  2021-10-01 15:25:41,749 TBConfigService::? - GetTBConfig : MethodFinish
INFO  2021-10-01 15:29:37,543 TBConfigService::? - GetTBConfig : MethodStart
INFO  2021-10-01 15:29:38,049 TBConfigService::? - GetTBConfig : MethodFinish
INFO  2021-10-01 15:30:36,483 TBConfigService::? - GetTBConfig : MethodStart
INFO  2021-10-01 15:30:36,590 TBConfigService::? - GetTBConfig : MethodFinish
INFO  2021-10-01 15:58:15,999 TBConfigService::? - GetTBConfig : MethodStart
INFO  2021-10-01 15:58:16,398 TBConfigService::? - GetTBConfig : MethodFinish
INFO  2021-10-01 16:50:17,684 TRNoticeMessageService::? - GetListWithModelByRole : MethodStart
INFO  2021-10-01 16:50:19,573 TRNoticeMessageService::? - GetListWithModelByRole : MethodFinish
INFO  2021-10-01 16:50:38,719 TBConfigService::? - GetTBConfig : MethodStart
INFO  2021-10-01 16:50:39,022 TBConfigService::? - GetTBConfig : MethodFinish
