INFO  2021-09-06 00:03:47,522 TBConfigService::? - GetTBConfig : MethodStart
INFO  2021-09-06 00:03:49,184 TBConfigService::? - GetTBConfig : MethodFinish
INFO  2021-09-06 00:03:55,411 TBConfigService::? - GetTBConfig : MethodStart
INFO  2021-09-06 00:03:55,520 TBConfigService::? - GetTBConfig : MethodFinish
INFO  2021-09-06 00:03:58,986 WHONETService::? - Get_TCWHONET_Antibiotics_Acitve_List : MethodStart
INFO  2021-09-06 00:03:58,987 TCWHONET_AntibioticsDAC::? - GetList_Active : MethodStart
INFO  2021-09-06 00:03:59,287 TCWHONET_AntibioticsDAC::? - GetList_Active : MethodFinish
INFO  2021-09-06 00:03:59,297 WHONETService::? - Get_TCWHONET_Antibiotics_Acitve_List : MethodFinish
INFO  2021-09-06 00:24:07,835 TBConfigService::? - GetTBConfig : MethodStart
INFO  2021-09-06 00:24:08,186 TBConfigService::? - GetTBConfig : MethodFinish
INFO  2021-09-06 00:24:35,797 TBConfigService::? - GetTBConfig : MethodStart
INFO  2021-09-06 00:24:35,931 TBConfigService::? - GetTBConfig : MethodFinish
INFO  2021-09-06 00:25:47,115 TBConfigService::? - GetTBConfig : MethodStart
INFO  2021-09-06 00:25:47,358 TBConfigService::? - GetTBConfig : MethodFinish
INFO  2021-09-06 00:26:21,404 TBConfigService::? - GetTBConfig : MethodStart
INFO  2021-09-06 00:26:21,526 TBConfigService::? - GetTBConfig : MethodFinish
INFO  2021-09-06 00:26:35,400 TBConfigService::? - GetTBConfig : MethodStart
INFO  2021-09-06 00:26:35,507 TBConfigService::? - GetTBConfig : MethodFinish
INFO  2021-09-06 00:26:49,963 TBConfigService::? - GetTBConfig : MethodStart
INFO  2021-09-06 00:26:50,073 TBConfigService::? - GetTBConfig : MethodFinish
INFO  2021-09-06 00:27:14,145 TBConfigService::? - GetTBConfig : MethodStart
INFO  2021-09-06 00:27:14,805 TBConfigService::? - GetTBConfig : MethodFinish
INFO  2021-09-06 00:27:39,366 TBConfigService::? - GetTBConfig : MethodStart
INFO  2021-09-06 00:27:39,486 TBConfigService::? - GetTBConfig : MethodFinish
INFO  2021-09-06 10:33:23,067 TRNoticeMessageService::? - GetListWithModelByRole : MethodStart
INFO  2021-09-06 10:33:24,169 TRNoticeMessageService::? - GetListWithModelByRole : MethodFinish
INFO  2021-09-06 10:33:55,349 TBConfigService::? - GetTBConfig : MethodStart
INFO  2021-09-06 10:33:55,718 TBConfigService::? - GetTBConfig : MethodFinish
INFO  2021-09-06 10:35:53,637 TBConfigService::? - GetTBConfig : MethodStart
INFO  2021-09-06 10:35:53,814 TBConfigService::? - GetTBConfig : MethodFinish
INFO  2021-09-06 10:36:01,814 WHONETService::? - Get_TCWHONET_Antibiotics_Acitve_List : MethodStart
INFO  2021-09-06 10:36:01,815 TCWHONET_AntibioticsDAC::? - GetList_Active : MethodStart
INFO  2021-09-06 10:36:01,999 TCWHONET_AntibioticsDAC::? - GetList_Active : MethodFinish
INFO  2021-09-06 10:36:02,002 WHONETService::? - Get_TCWHONET_Antibiotics_Acitve_List : MethodFinish
INFO  2021-09-06 10:36:48,033 WHONETService::? - Get_TCWHONET_Antibiotics_Acitve_List : MethodStart
INFO  2021-09-06 10:36:48,037 TCWHONET_AntibioticsDAC::? - GetList_Active : MethodStart
INFO  2021-09-06 10:36:48,148 TCWHONET_AntibioticsDAC::? - GetList_Active : MethodFinish
INFO  2021-09-06 10:36:48,150 WHONETService::? - Get_TCWHONET_Antibiotics_Acitve_List : MethodFinish
INFO  2021-09-06 10:37:29,253 TBConfigService::? - GetTBConfig : MethodStart
INFO  2021-09-06 10:37:29,368 TBConfigService::? - GetTBConfig : MethodFinish
INFO  2021-09-06 10:37:44,359 TBConfigService::? - GetTBConfig : MethodStart
INFO  2021-09-06 10:37:44,483 TBConfigService::? - GetTBConfig : MethodFinish
INFO  2021-09-06 10:38:01,686 TBConfigService::? - GetTBConfig : MethodStart
INFO  2021-09-06 10:38:01,805 TBConfigService::? - GetTBConfig : MethodFinish
INFO  2021-09-06 10:38:03,057 WHONETService::? - Get_TCWHONET_Antibiotics_Acitve_List : MethodStart
INFO  2021-09-06 10:38:03,058 TCWHONET_AntibioticsDAC::? - GetList_Active : MethodStart
INFO  2021-09-06 10:38:03,165 TCWHONET_AntibioticsDAC::? - GetList_Active : MethodFinish
INFO  2021-09-06 10:38:03,166 WHONETService::? - Get_TCWHONET_Antibiotics_Acitve_List : MethodFinish
INFO  2021-09-06 10:38:18,774 WHONETService::? - Get_TCWHONET_Antibiotics_Acitve_List : MethodStart
INFO  2021-09-06 10:38:18,776 TCWHONET_AntibioticsDAC::? - GetList_Active : MethodStart
INFO  2021-09-06 10:38:18,888 TCWHONET_AntibioticsDAC::? - GetList_Active : MethodFinish
INFO  2021-09-06 10:38:18,890 WHONETService::? - Get_TCWHONET_Antibiotics_Acitve_List : MethodFinish
INFO  2021-09-06 10:38:30,548 WHONETService::? - Get_TCWHONET_Antibiotics_Acitve_List : MethodStart
INFO  2021-09-06 10:38:30,550 TCWHONET_AntibioticsDAC::? - GetList_Active : MethodStart
INFO  2021-09-06 10:38:30,662 TCWHONET_AntibioticsDAC::? - GetList_Active : MethodFinish
INFO  2021-09-06 10:38:30,663 WHONETService::? - Get_TCWHONET_Antibiotics_Acitve_List : MethodFinish
INFO  2021-09-06 10:38:39,467 WHONETService::? - Get_TCWHONET_Antibiotics_Acitve_List : MethodStart
INFO  2021-09-06 10:38:39,469 TCWHONET_AntibioticsDAC::? - GetList_Active : MethodStart
INFO  2021-09-06 10:38:39,569 TCWHONET_AntibioticsDAC::? - GetList_Active : MethodFinish
INFO  2021-09-06 10:38:39,570 WHONETService::? - Get_TCWHONET_Antibiotics_Acitve_List : MethodFinish
INFO  2021-09-06 10:38:51,495 TBConfigService::? - GetTBConfig : MethodStart
INFO  2021-09-06 10:38:51,602 TBConfigService::? - GetTBConfig : MethodFinish
INFO  2021-09-06 10:38:52,770 WHONETService::? - Get_TCWHONET_Antibiotics_Acitve_List : MethodStart
INFO  2021-09-06 10:38:52,772 TCWHONET_AntibioticsDAC::? - GetList_Active : MethodStart
INFO  2021-09-06 10:38:52,890 TCWHONET_AntibioticsDAC::? - GetList_Active : MethodFinish
INFO  2021-09-06 10:38:52,891 WHONETService::? - Get_TCWHONET_Antibiotics_Acitve_List : MethodFinish
INFO  2021-09-06 10:43:41,058 WHONETService::? - Get_TCWHONET_Antibiotics_Acitve_List : MethodStart
INFO  2021-09-06 10:43:41,059 TCWHONET_AntibioticsDAC::? - GetList_Active : MethodStart
INFO  2021-09-06 10:43:41,375 TCWHONET_AntibioticsDAC::? - GetList_Active : MethodFinish
INFO  2021-09-06 10:43:41,376 WHONETService::? - Get_TCWHONET_Antibiotics_Acitve_List : MethodFinish
INFO  2021-09-06 10:44:33,241 WHONETService::? - Get_TCWHONET_Antibiotics_Acitve_List : MethodStart
INFO  2021-09-06 10:44:33,242 TCWHONET_AntibioticsDAC::? - GetList_Active : MethodStart
INFO  2021-09-06 10:44:33,367 TCWHONET_AntibioticsDAC::? - GetList_Active : MethodFinish
INFO  2021-09-06 10:44:33,369 WHONETService::? - Get_TCWHONET_Antibiotics_Acitve_List : MethodFinish
INFO  2021-09-06 10:44:37,979 WHONETService::? - Get_TCWHONET_Antibiotics_Acitve_List : MethodStart
INFO  2021-09-06 10:44:37,980 TCWHONET_AntibioticsDAC::? - GetList_Active : MethodStart
INFO  2021-09-06 10:44:38,107 TCWHONET_AntibioticsDAC::? - GetList_Active : MethodFinish
INFO  2021-09-06 10:44:38,108 WHONETService::? - Get_TCWHONET_Antibiotics_Acitve_List : MethodFinish
INFO  2021-09-06 11:07:49,099 TRNoticeMessageService::? - GetListWithModelByRole : MethodStart
INFO  2021-09-06 11:07:50,129 TRNoticeMessageService::? - GetListWithModelByRole : MethodFinish
INFO  2021-09-06 11:08:11,157 TBConfigService::? - GetTBConfig : MethodStart
INFO  2021-09-06 11:08:11,460 TBConfigService::? - GetTBConfig : MethodFinish
INFO  2021-09-06 11:08:22,133 TBConfigService::? - GetTBConfig : MethodStart
INFO  2021-09-06 11:08:22,310 TBConfigService::? - GetTBConfig : MethodFinish
INFO  2021-09-06 11:11:03,731 TBConfigService::? - GetTBConfig : MethodStart
INFO  2021-09-06 11:11:03,830 TBConfigService::? - GetTBConfig : MethodFinish
INFO  2021-09-06 11:11:11,665 WHONETService::? - Get_TCWHONET_Antibiotics_Acitve_List : MethodStart
INFO  2021-09-06 11:11:11,667 TCWHONET_AntibioticsDAC::? - GetList_Active : MethodStart
INFO  2021-09-06 11:11:11,819 TCWHONET_AntibioticsDAC::? - GetList_Active : MethodFinish
INFO  2021-09-06 11:11:11,822 WHONETService::? - Get_TCWHONET_Antibiotics_Acitve_List : MethodFinish
INFO  2021-09-06 11:11:20,767 TBConfigService::? - GetTBConfig : MethodStart
INFO  2021-09-06 11:11:20,873 TBConfigService::? - GetTBConfig : MethodFinish
INFO  2021-09-06 11:11:24,633 TBConfigService::? - GetTBConfig : MethodStart
INFO  2021-09-06 11:11:24,736 TBConfigService::? - GetTBConfig : MethodFinish
INFO  2021-09-06 11:28:19,323 TRNoticeMessageService::? - GetListWithModelByRole : MethodStart
INFO  2021-09-06 11:28:20,746 TRNoticeMessageService::? - GetListWithModelByRole : MethodFinish
INFO  2021-09-06 11:30:27,909 TBConfigService::? - GetTBConfig : MethodStart
INFO  2021-09-06 11:30:28,404 TBConfigService::? - GetTBConfig : MethodFinish
INFO  2021-09-06 11:30:41,878 TBConfigService::? - GetTBConfig : MethodStart
INFO  2021-09-06 11:30:42,045 TBConfigService::? - GetTBConfig : MethodFinish
INFO  2021-09-06 11:30:53,974 TBConfigService::? - GetTBConfig : MethodStart
INFO  2021-09-06 11:30:54,080 TBConfigService::? - GetTBConfig : MethodFinish
INFO  2021-09-06 11:31:08,022 TBConfigService::? - GetTBConfig : MethodStart
INFO  2021-09-06 11:31:08,138 TBConfigService::? - GetTBConfig : MethodFinish
INFO  2021-09-06 11:31:11,262 LogProcessService::? - GetLogProcessListWithModel : MethodStart
INFO  2021-09-06 11:31:11,459 LogProcessService::? - GetLogProcessListWithModel : MethodFinish
INFO  2021-09-06 11:31:15,199 TBConfigService::? - GetTBConfig : MethodStart
INFO  2021-09-06 11:31:15,306 TBConfigService::? - GetTBConfig : MethodFinish
INFO  2021-09-06 11:31:17,518 TBConfigService::? - GetTBConfig : MethodStart
INFO  2021-09-06 11:31:17,638 TBConfigService::? - GetTBConfig : MethodFinish
INFO  2021-09-06 11:32:19,378 TBConfigService::? - GetTBConfig : MethodStart
INFO  2021-09-06 11:32:19,490 TBConfigService::? - GetTBConfig : MethodFinish
INFO  2021-09-06 11:32:21,030 TBConfigService::? - GetTBConfig : MethodStart
INFO  2021-09-06 11:32:21,136 TBConfigService::? - GetTBConfig : MethodFinish
INFO  2021-09-06 11:32:24,230 LogProcessService::? - GetLogProcessListWithModel : MethodStart
INFO  2021-09-06 11:32:24,338 LogProcessService::? - GetLogProcessListWithModel : MethodFinish
INFO  2021-09-06 11:32:34,866 TBConfigService::? - GetTBConfig : MethodStart
INFO  2021-09-06 11:32:34,963 TBConfigService::? - GetTBConfig : MethodFinish
INFO  2021-09-06 11:39:00,135 TRNoticeMessageService::? - GetListWithModelByRole : MethodStart
INFO  2021-09-06 11:39:01,443 TRNoticeMessageService::? - GetListWithModelByRole : MethodFinish
INFO  2021-09-06 11:39:06,421 TBConfigService::? - GetTBConfig : MethodStart
INFO  2021-09-06 11:39:06,746 TBConfigService::? - GetTBConfig : MethodFinish
INFO  2021-09-06 11:39:15,131 TBConfigService::? - GetTBConfig : MethodStart
INFO  2021-09-06 11:39:15,301 TBConfigService::? - GetTBConfig : MethodFinish
INFO  2021-09-06 11:42:38,236 TRNoticeMessageService::? - GetListWithModelByRole : MethodStart
INFO  2021-09-06 11:42:39,688 TRNoticeMessageService::? - GetListWithModelByRole : MethodFinish
INFO  2021-09-06 11:43:04,949 TBConfigService::? - GetTBConfig : MethodStart
INFO  2021-09-06 11:43:05,384 TBConfigService::? - GetTBConfig : MethodFinish
INFO  2021-09-06 11:43:14,316 TBConfigService::? - GetTBConfig : MethodStart
INFO  2021-09-06 11:43:14,468 TBConfigService::? - GetTBConfig : MethodFinish
INFO  2021-09-06 11:43:35,666 TBConfigService::? - GetTBConfig : MethodStart
INFO  2021-09-06 11:43:35,791 TBConfigService::? - GetTBConfig : MethodFinish
INFO  2021-09-06 11:43:38,196 TBConfigService::? - GetTBConfig : MethodStart
INFO  2021-09-06 11:43:38,306 TBConfigService::? - GetTBConfig : MethodFinish
INFO  2021-09-06 11:54:16,801 TRNoticeMessageService::? - GetListWithModelByRole : MethodStart
INFO  2021-09-06 11:54:18,122 TRNoticeMessageService::? - GetListWithModelByRole : MethodFinish
INFO  2021-09-06 11:54:37,191 TBConfigService::? - GetTBConfig : MethodStart
INFO  2021-09-06 11:54:37,507 TBConfigService::? - GetTBConfig : MethodFinish
INFO  2021-09-06 11:54:49,451 TBConfigService::? - GetTBConfig : MethodStart
INFO  2021-09-06 11:54:49,612 TBConfigService::? - GetTBConfig : MethodFinish
INFO  2021-09-06 13:30:33,667 TRNoticeMessageService::? - GetListWithModelByRole : MethodStart
INFO  2021-09-06 13:30:34,901 TRNoticeMessageService::? - GetListWithModelByRole : MethodFinish
INFO  2021-09-06 13:30:52,367 TBConfigService::? - GetTBConfig : MethodStart
INFO  2021-09-06 13:30:52,660 TBConfigService::? - GetTBConfig : MethodFinish
INFO  2021-09-06 13:40:00,788 TBConfigService::? - GetTBConfig : MethodStart
INFO  2021-09-06 13:40:01,387 TBConfigService::? - GetTBConfig : MethodFinish
INFO  2021-09-06 17:18:56,556 TRNoticeMessageService::? - GetListWithModelByRole : MethodStart
INFO  2021-09-06 17:18:57,677 TRNoticeMessageService::? - GetListWithModelByRole : MethodFinish
INFO  2021-09-06 17:19:20,136 TBConfigService::? - GetTBConfig : MethodStart
INFO  2021-09-06 17:19:20,410 TBConfigService::? - GetTBConfig : MethodFinish
INFO  2021-09-06 17:20:09,038 TBConfigService::? - GetTBConfig : MethodStart
INFO  2021-09-06 17:20:09,165 TBConfigService::? - GetTBConfig : MethodFinish
INFO  2021-09-06 17:20:10,915 WHONETService::? - Get_TCWHONET_Antibiotics_Acitve_List : MethodStart
INFO  2021-09-06 17:20:10,916 TCWHONET_AntibioticsDAC::? - GetList_Active : MethodStart
INFO  2021-09-06 17:20:11,085 TCWHONET_AntibioticsDAC::? - GetList_Active : MethodFinish
INFO  2021-09-06 17:20:11,091 WHONETService::? - Get_TCWHONET_Antibiotics_Acitve_List : MethodFinish
INFO  2021-09-06 17:20:47,036 WHONETService::? - Get_TCWHONET_Antibiotics_Acitve_List : MethodStart
INFO  2021-09-06 17:20:47,040 TCWHONET_AntibioticsDAC::? - GetList_Active : MethodStart
INFO  2021-09-06 17:20:47,155 TCWHONET_AntibioticsDAC::? - GetList_Active : MethodFinish
INFO  2021-09-06 17:20:47,158 WHONETService::? - Get_TCWHONET_Antibiotics_Acitve_List : MethodFinish
INFO  2021-09-06 18:41:37,839 TBConfigService::? - GetTBConfig : MethodStart
INFO  2021-09-06 18:41:38,279 TBConfigService::? - GetTBConfig : MethodFinish
INFO  2021-09-06 18:52:50,433 TBConfigService::? - GetTBConfig : MethodStart
INFO  2021-09-06 18:52:50,877 TBConfigService::? - GetTBConfig : MethodFinish
INFO  2021-09-06 18:52:55,308 TBConfigService::? - GetTBConfig : MethodStart
INFO  2021-09-06 18:52:55,428 TBConfigService::? - GetTBConfig : MethodFinish
INFO  2021-09-06 18:52:57,138 TBConfigService::? - GetTBConfig : MethodStart
INFO  2021-09-06 18:52:57,254 TBConfigService::? - GetTBConfig : MethodFinish
INFO  2021-09-06 18:52:57,550 WHONETService::? - Get_TCWHONET_Antibiotics_Acitve_List : MethodStart
INFO  2021-09-06 18:52:57,552 TCWHONET_AntibioticsDAC::? - GetList_Active : MethodStart
INFO  2021-09-06 18:52:57,907 TCWHONET_AntibioticsDAC::? - GetList_Active : MethodFinish
INFO  2021-09-06 18:52:57,913 WHONETService::? - Get_TCWHONET_Antibiotics_Acitve_List : MethodFinish
INFO  2021-09-06 18:52:58,868 WHONETService::? - Get_TCWHONET_Antibiotics_Acitve_List : MethodStart
INFO  2021-09-06 18:52:58,871 TCWHONET_AntibioticsDAC::? - GetList_Active : MethodStart
INFO  2021-09-06 18:52:58,994 TCWHONET_AntibioticsDAC::? - GetList_Active : MethodFinish
INFO  2021-09-06 18:52:58,999 WHONETService::? - Get_TCWHONET_Antibiotics_Acitve_List : MethodFinish
INFO  2021-09-06 18:54:58,050 TRNoticeMessageService::? - GetListWithModelByRole : MethodStart
INFO  2021-09-06 18:55:00,291 TRNoticeMessageService::? - GetListWithModelByRole : MethodFinish
INFO  2021-09-06 18:56:10,699 TBConfigService::? - GetTBConfig : MethodStart
INFO  2021-09-06 18:56:11,221 TBConfigService::? - GetTBConfig : MethodFinish
INFO  2021-09-06 19:21:22,724 TRNoticeMessageService::? - GetListWithModelByRole : MethodStart
INFO  2021-09-06 19:21:24,566 TRNoticeMessageService::? - GetListWithModelByRole : MethodFinish
INFO  2021-09-06 19:21:30,431 TBConfigService::? - GetTBConfig : MethodStart
INFO  2021-09-06 19:21:30,740 TBConfigService::? - GetTBConfig : MethodFinish
INFO  2021-09-06 20:36:21,365 TRNoticeMessageService::? - GetListWithModelByRole : MethodStart
INFO  2021-09-06 20:36:24,245 TRNoticeMessageService::? - GetListWithModelByRole : MethodFinish
INFO  2021-09-06 20:37:46,515 TBConfigService::? - GetTBConfig : MethodStart
INFO  2021-09-06 20:37:46,990 TBConfigService::? - GetTBConfig : MethodFinish
INFO  2021-09-06 20:39:00,112 TBConfigService::? - GetTBConfig : MethodStart
INFO  2021-09-06 20:39:00,314 TBConfigService::? - GetTBConfig : MethodFinish
INFO  2021-09-06 20:42:40,119 TBConfigService::? - GetTBConfig : MethodStart
INFO  2021-09-06 20:42:40,274 TBConfigService::? - GetTBConfig : MethodFinish
INFO  2021-09-06 20:42:42,482 TBConfigService::? - GetTBConfig : MethodStart
INFO  2021-09-06 20:42:42,640 TBConfigService::? - GetTBConfig : MethodFinish
INFO  2021-09-06 21:15:58,843 TRNoticeMessageService::? - GetListWithModelByRole : MethodStart
INFO  2021-09-06 21:16:01,734 TRNoticeMessageService::? - GetListWithModelByRole : MethodFinish
INFO  2021-09-06 21:16:10,246 TBConfigService::? - GetTBConfig : MethodStart
INFO  2021-09-06 21:16:10,608 TBConfigService::? - GetTBConfig : MethodFinish
INFO  2021-09-06 21:16:51,720 WHONETService::? - Get_TCWHONET_Antibiotics_Acitve_List : MethodStart
INFO  2021-09-06 21:16:51,726 TCWHONET_AntibioticsDAC::? - GetList_Active : MethodStart
INFO  2021-09-06 21:16:52,086 TCWHONET_AntibioticsDAC::? - GetList_Active : MethodFinish
INFO  2021-09-06 21:16:52,095 WHONETService::? - Get_TCWHONET_Antibiotics_Acitve_List : MethodFinish
INFO  2021-09-06 21:17:00,015 TBConfigService::? - GetTBConfig : MethodStart
INFO  2021-09-06 21:17:00,166 TBConfigService::? - GetTBConfig : MethodFinish
INFO  2021-09-06 21:18:00,199 TBConfigService::? - GetTBConfig : MethodStart
INFO  2021-09-06 21:18:00,341 TBConfigService::? - GetTBConfig : MethodFinish
INFO  2021-09-06 21:19:50,178 TRNoticeMessageService::? - GetListWithModelByRole : MethodStart
INFO  2021-09-06 21:19:53,082 TRNoticeMessageService::? - GetListWithModelByRole : MethodFinish
INFO  2021-09-06 21:20:09,216 TBConfigService::? - GetTBConfig : MethodStart
INFO  2021-09-06 21:20:09,651 TBConfigService::? - GetTBConfig : MethodFinish
INFO  2021-09-06 21:20:24,881 TBConfigService::? - GetTBConfig : MethodStart
INFO  2021-09-06 21:20:25,118 TBConfigService::? - GetTBConfig : MethodFinish
INFO  2021-09-06 21:20:54,251 TBConfigService::? - GetTBConfig : MethodStart
INFO  2021-09-06 21:20:54,385 TBConfigService::? - GetTBConfig : MethodFinish
INFO  2021-09-06 21:20:56,051 TBConfigService::? - GetTBConfig : MethodStart
INFO  2021-09-06 21:20:56,196 TBConfigService::? - GetTBConfig : MethodFinish
INFO  2021-09-06 21:28:43,600 TRNoticeMessageService::? - GetListWithModelByRole : MethodStart
INFO  2021-09-06 21:28:45,335 TRNoticeMessageService::? - GetListWithModelByRole : MethodFinish
INFO  2021-09-06 21:28:48,839 TBConfigService::? - GetTBConfig : MethodStart
INFO  2021-09-06 21:28:49,171 TBConfigService::? - GetTBConfig : MethodFinish
INFO  2021-09-06 21:29:01,287 TBConfigService::? - GetTBConfig : MethodStart
INFO  2021-09-06 21:29:01,462 TBConfigService::? - GetTBConfig : MethodFinish
INFO  2021-09-06 21:33:05,164 TRNoticeMessageService::? - GetListWithModelByRole : MethodStart
INFO  2021-09-06 21:33:06,748 TRNoticeMessageService::? - GetListWithModelByRole : MethodFinish
INFO  2021-09-06 21:33:12,817 TBConfigService::? - GetTBConfig : MethodStart
INFO  2021-09-06 21:33:13,159 TBConfigService::? - GetTBConfig : MethodFinish
INFO  2021-09-06 21:33:24,695 TBConfigService::? - GetTBConfig : MethodStart
INFO  2021-09-06 21:33:24,874 TBConfigService::? - GetTBConfig : MethodFinish
INFO  2021-09-06 21:34:06,024 TBConfigService::? - GetTBConfig : MethodStart
INFO  2021-09-06 21:34:06,157 TBConfigService::? - GetTBConfig : MethodFinish
INFO  2021-09-06 21:34:07,953 TBConfigService::? - GetTBConfig : MethodStart
INFO  2021-09-06 21:34:08,085 TBConfigService::? - GetTBConfig : MethodFinish
INFO  2021-09-06 21:37:50,992 TRNoticeMessageService::? - GetListWithModelByRole : MethodStart
INFO  2021-09-06 21:37:52,746 TRNoticeMessageService::? - GetListWithModelByRole : MethodFinish
INFO  2021-09-06 21:38:04,859 TBConfigService::? - GetTBConfig : MethodStart
INFO  2021-09-06 21:38:05,257 TBConfigService::? - GetTBConfig : MethodFinish
INFO  2021-09-06 21:38:23,023 TBConfigService::? - GetTBConfig : MethodStart
INFO  2021-09-06 21:38:23,274 TBConfigService::? - GetTBConfig : MethodFinish
INFO  2021-09-06 21:38:26,616 TBConfigService::? - GetTBConfig : MethodStart
INFO  2021-09-06 21:38:26,747 TBConfigService::? - GetTBConfig : MethodFinish
INFO  2021-09-06 21:38:28,909 TBConfigService::? - GetTBConfig : MethodStart
INFO  2021-09-06 21:38:29,026 TBConfigService::? - GetTBConfig : MethodFinish
INFO  2021-09-06 21:40:09,100 TRNoticeMessageService::? - GetListWithModelByRole : MethodStart
INFO  2021-09-06 21:40:10,612 TRNoticeMessageService::? - GetListWithModelByRole : MethodFinish
INFO  2021-09-06 21:40:17,479 TBConfigService::? - GetTBConfig : MethodStart
INFO  2021-09-06 21:40:17,888 TBConfigService::? - GetTBConfig : MethodFinish
INFO  2021-09-06 21:40:33,635 TBConfigService::? - GetTBConfig : MethodStart
INFO  2021-09-06 21:40:33,888 TBConfigService::? - GetTBConfig : MethodFinish
