INFO  2021-09-14 12:17:01,111 TRNoticeMessageService::? - GetListWithModelByRole : MethodStart
INFO  2021-09-14 12:17:02,965 TRNoticeMessageService::? - GetListWithModelByRole : MethodFinish
INFO  2021-09-14 12:17:26,746 TBConfigService::? - GetTBConfig : MethodStart
INFO  2021-09-14 12:17:27,122 TBConfigService::? - GetTBConfig : MethodFinish
INFO  2021-09-14 12:18:03,556 TBConfigService::? - GetTBConfig : MethodStart
INFO  2021-09-14 12:18:03,729 TBConfigService::? - GetTBConfig : MethodFinish
INFO  2021-09-14 12:29:19,454 TBConfigService::? - GetTBConfig : MethodStart
INFO  2021-09-14 12:29:19,900 TBConfigService::? - GetTBConfig : MethodFinish
INFO  2021-09-14 12:29:52,120 TBConfigService::? - GetTBConfig : MethodStart
INFO  2021-09-14 12:29:52,266 TBConfigService::? - GetTBConfig : MethodFinish
INFO  2021-09-14 12:30:03,298 TBConfigService::? - GetTBConfig : MethodStart
INFO  2021-09-14 12:30:03,421 TBConfigService::? - GetTBConfig : MethodFinish
INFO  2021-09-14 13:13:59,301 TBConfigService::? - GetTBConfig : MethodStart
INFO  2021-09-14 13:13:59,705 TBConfigService::? - GetTBConfig : MethodFinish
INFO  2021-09-14 14:08:07,699 TRNoticeMessageService::? - GetListWithModelByRole : MethodStart
INFO  2021-09-14 14:08:08,750 TRNoticeMessageService::? - GetListWithModelByRole : MethodFinish
INFO  2021-09-14 14:08:32,936 TBConfigService::? - GetTBConfig : MethodStart
INFO  2021-09-14 14:08:33,248 TBConfigService::? - GetTBConfig : MethodFinish
INFO  2021-09-14 14:08:56,557 TBConfigService::? - GetTBConfig : MethodStart
INFO  2021-09-14 14:08:56,705 TBConfigService::? - GetTBConfig : MethodFinish
INFO  2021-09-14 14:13:55,499 TRNoticeMessageService::? - GetListWithModelByRole : MethodStart
INFO  2021-09-14 14:13:56,799 TRNoticeMessageService::? - GetListWithModelByRole : MethodFinish
INFO  2021-09-14 14:14:00,841 TBConfigService::? - GetTBConfig : MethodStart
INFO  2021-09-14 14:14:01,232 TBConfigService::? - GetTBConfig : MethodFinish
INFO  2021-09-14 14:16:38,599 TBConfigService::? - GetTBConfig : MethodStart
INFO  2021-09-14 14:16:38,742 TBConfigService::? - GetTBConfig : MethodFinish
INFO  2021-09-14 14:30:22,492 TRNoticeMessageService::? - GetListWithModelByRole : MethodStart
INFO  2021-09-14 14:30:23,620 TRNoticeMessageService::? - GetListWithModelByRole : MethodFinish
INFO  2021-09-14 14:40:17,763 TBConfigService::? - GetTBConfig : MethodStart
INFO  2021-09-14 14:40:18,169 TBConfigService::? - GetTBConfig : MethodFinish
INFO  2021-09-14 14:40:39,975 TBConfigService::? - GetTBConfig : MethodStart
INFO  2021-09-14 14:40:40,122 TBConfigService::? - GetTBConfig : MethodFinish
INFO  2021-09-14 14:53:43,711 TRNoticeMessageService::? - GetListWithModelByRole : MethodStart
INFO  2021-09-14 14:53:44,777 TRNoticeMessageService::? - GetListWithModelByRole : MethodFinish
INFO  2021-09-14 14:54:13,480 TBConfigService::? - GetTBConfig : MethodStart
INFO  2021-09-14 14:54:13,886 TBConfigService::? - GetTBConfig : MethodFinish
INFO  2021-09-14 14:55:01,108 TBConfigService::? - GetTBConfig : MethodStart
INFO  2021-09-14 14:55:01,254 TBConfigService::? - GetTBConfig : MethodFinish
INFO  2021-09-14 15:03:01,732 TRNoticeMessageService::? - GetListWithModelByRole : MethodStart
INFO  2021-09-14 15:03:02,768 TRNoticeMessageService::? - GetListWithModelByRole : MethodFinish
INFO  2021-09-14 15:03:12,980 TBConfigService::? - GetTBConfig : MethodStart
INFO  2021-09-14 15:03:13,287 TBConfigService::? - GetTBConfig : MethodFinish
INFO  2021-09-14 15:03:28,866 TBConfigService::? - GetTBConfig : MethodStart
INFO  2021-09-14 15:03:29,006 TBConfigService::? - GetTBConfig : MethodFinish
INFO  2021-09-14 15:07:20,648 TBConfigService::? - GetTBConfig : MethodStart
INFO  2021-09-14 15:07:20,764 TBConfigService::? - GetTBConfig : MethodFinish
INFO  2021-09-14 15:07:36,104 TBConfigService::? - GetTBConfig : MethodStart
INFO  2021-09-14 15:07:36,222 TBConfigService::? - GetTBConfig : MethodFinish
INFO  2021-09-14 15:08:01,565 WHONETService::? - Get_TCWHONET_Antibiotics_Acitve_List : MethodStart
INFO  2021-09-14 15:08:01,567 TCWHONET_AntibioticsDAC::? - GetList_Active : MethodStart
INFO  2021-09-14 15:08:01,754 TCWHONET_AntibioticsDAC::? - GetList_Active : MethodFinish
INFO  2021-09-14 15:08:01,761 WHONETService::? - Get_TCWHONET_Antibiotics_Acitve_List : MethodFinish
INFO  2021-09-14 15:08:40,805 WHONETService::? - Get_TCWHONET_Antibiotics_Acitve_List : MethodStart
INFO  2021-09-14 15:08:40,811 TCWHONET_AntibioticsDAC::? - GetList_Active : MethodStart
INFO  2021-09-14 15:08:40,938 TCWHONET_AntibioticsDAC::? - GetList_Active : MethodFinish
INFO  2021-09-14 15:08:40,940 WHONETService::? - Get_TCWHONET_Antibiotics_Acitve_List : MethodFinish
INFO  2021-09-14 15:08:51,228 WHONETService::? - Get_TCWHONET_Antibiotics_Acitve_List : MethodStart
INFO  2021-09-14 15:08:51,230 TCWHONET_AntibioticsDAC::? - GetList_Active : MethodStart
INFO  2021-09-14 15:08:51,352 TCWHONET_AntibioticsDAC::? - GetList_Active : MethodFinish
INFO  2021-09-14 15:08:51,354 WHONETService::? - Get_TCWHONET_Antibiotics_Acitve_List : MethodFinish
INFO  2021-09-14 15:09:20,389 WHONETService::? - Get_TCWHONET_Antibiotics_Acitve_List : MethodStart
INFO  2021-09-14 15:09:20,390 TCWHONET_AntibioticsDAC::? - GetList_Active : MethodStart
INFO  2021-09-14 15:09:20,516 TCWHONET_AntibioticsDAC::? - GetList_Active : MethodFinish
INFO  2021-09-14 15:09:20,517 WHONETService::? - Get_TCWHONET_Antibiotics_Acitve_List : MethodFinish
INFO  2021-09-14 15:09:39,492 WHONETService::? - Get_TCWHONET_Antibiotics_Acitve_List : MethodStart
INFO  2021-09-14 15:09:39,495 TCWHONET_AntibioticsDAC::? - GetList_Active : MethodStart
INFO  2021-09-14 15:09:39,635 TCWHONET_AntibioticsDAC::? - GetList_Active : MethodFinish
INFO  2021-09-14 15:09:39,638 WHONETService::? - Get_TCWHONET_Antibiotics_Acitve_List : MethodFinish
INFO  2021-09-14 15:09:58,987 WHONETService::? - Get_TCWHONET_Antibiotics_Acitve_List : MethodStart
INFO  2021-09-14 15:09:58,988 TCWHONET_AntibioticsDAC::? - GetList_Active : MethodStart
INFO  2021-09-14 15:09:59,118 TCWHONET_AntibioticsDAC::? - GetList_Active : MethodFinish
INFO  2021-09-14 15:09:59,121 WHONETService::? - Get_TCWHONET_Antibiotics_Acitve_List : MethodFinish
INFO  2021-09-14 15:10:47,762 WHONETService::? - Get_TCWHONET_Antibiotics_Acitve_List : MethodStart
INFO  2021-09-14 15:10:47,764 TCWHONET_AntibioticsDAC::? - GetList_Active : MethodStart
INFO  2021-09-14 15:10:47,918 TCWHONET_AntibioticsDAC::? - GetList_Active : MethodFinish
INFO  2021-09-14 15:10:47,920 WHONETService::? - Get_TCWHONET_Antibiotics_Acitve_List : MethodFinish
INFO  2021-09-14 15:11:10,292 WHONETService::? - Get_TCWHONET_Antibiotics_Acitve_List : MethodStart
INFO  2021-09-14 15:11:10,294 TCWHONET_AntibioticsDAC::? - GetList_Active : MethodStart
INFO  2021-09-14 15:11:10,438 TCWHONET_AntibioticsDAC::? - GetList_Active : MethodFinish
INFO  2021-09-14 15:11:10,440 WHONETService::? - Get_TCWHONET_Antibiotics_Acitve_List : MethodFinish
INFO  2021-09-14 15:11:24,230 WHONETService::? - Get_TCWHONET_Antibiotics_Acitve_List : MethodStart
INFO  2021-09-14 15:11:24,232 TCWHONET_AntibioticsDAC::? - GetList_Active : MethodStart
INFO  2021-09-14 15:11:24,351 TCWHONET_AntibioticsDAC::? - GetList_Active : MethodFinish
INFO  2021-09-14 15:11:24,353 WHONETService::? - Get_TCWHONET_Antibiotics_Acitve_List : MethodFinish
INFO  2021-09-14 15:11:38,210 WHONETService::? - Get_TCWHONET_Antibiotics_Acitve_List : MethodStart
INFO  2021-09-14 15:11:38,212 TCWHONET_AntibioticsDAC::? - GetList_Active : MethodStart
INFO  2021-09-14 15:11:38,337 TCWHONET_AntibioticsDAC::? - GetList_Active : MethodFinish
INFO  2021-09-14 15:11:38,339 WHONETService::? - Get_TCWHONET_Antibiotics_Acitve_List : MethodFinish
INFO  2021-09-14 15:12:40,853 WHONETService::? - Get_TCWHONET_Antibiotics_Acitve_List : MethodStart
INFO  2021-09-14 15:12:40,855 TCWHONET_AntibioticsDAC::? - GetList_Active : MethodStart
INFO  2021-09-14 15:12:40,985 TCWHONET_AntibioticsDAC::? - GetList_Active : MethodFinish
INFO  2021-09-14 15:12:40,986 WHONETService::? - Get_TCWHONET_Antibiotics_Acitve_List : MethodFinish
INFO  2021-09-14 15:12:59,683 WHONETService::? - Get_TCWHONET_Antibiotics_Acitve_List : MethodStart
INFO  2021-09-14 15:12:59,684 TCWHONET_AntibioticsDAC::? - GetList_Active : MethodStart
INFO  2021-09-14 15:12:59,840 TCWHONET_AntibioticsDAC::? - GetList_Active : MethodFinish
INFO  2021-09-14 15:12:59,842 WHONETService::? - Get_TCWHONET_Antibiotics_Acitve_List : MethodFinish
INFO  2021-09-14 15:13:13,218 WHONETService::? - Get_TCWHONET_Antibiotics_Acitve_List : MethodStart
INFO  2021-09-14 15:13:13,220 TCWHONET_AntibioticsDAC::? - GetList_Active : MethodStart
INFO  2021-09-14 15:13:13,338 TCWHONET_AntibioticsDAC::? - GetList_Active : MethodFinish
INFO  2021-09-14 15:13:13,340 WHONETService::? - Get_TCWHONET_Antibiotics_Acitve_List : MethodFinish
INFO  2021-09-14 15:13:31,424 WHONETService::? - Get_TCWHONET_Antibiotics_Acitve_List : MethodStart
INFO  2021-09-14 15:13:31,425 TCWHONET_AntibioticsDAC::? - GetList_Active : MethodStart
INFO  2021-09-14 15:13:31,571 TCWHONET_AntibioticsDAC::? - GetList_Active : MethodFinish
INFO  2021-09-14 15:13:31,573 WHONETService::? - Get_TCWHONET_Antibiotics_Acitve_List : MethodFinish
INFO  2021-09-14 15:13:41,654 WHONETService::? - Get_TCWHONET_Antibiotics_Acitve_List : MethodStart
INFO  2021-09-14 15:13:41,655 TCWHONET_AntibioticsDAC::? - GetList_Active : MethodStart
INFO  2021-09-14 15:13:41,775 TCWHONET_AntibioticsDAC::? - GetList_Active : MethodFinish
INFO  2021-09-14 15:13:41,777 WHONETService::? - Get_TCWHONET_Antibiotics_Acitve_List : MethodFinish
INFO  2021-09-14 15:13:52,861 WHONETService::? - Get_TCWHONET_Antibiotics_Acitve_List : MethodStart
INFO  2021-09-14 15:13:52,864 TCWHONET_AntibioticsDAC::? - GetList_Active : MethodStart
INFO  2021-09-14 15:13:52,999 TCWHONET_AntibioticsDAC::? - GetList_Active : MethodFinish
INFO  2021-09-14 15:13:53,000 WHONETService::? - Get_TCWHONET_Antibiotics_Acitve_List : MethodFinish
INFO  2021-09-14 15:14:15,446 WHONETService::? - Get_TCWHONET_Antibiotics_Acitve_List : MethodStart
INFO  2021-09-14 15:14:15,447 TCWHONET_AntibioticsDAC::? - GetList_Active : MethodStart
INFO  2021-09-14 15:14:15,582 TCWHONET_AntibioticsDAC::? - GetList_Active : MethodFinish
INFO  2021-09-14 15:14:15,586 WHONETService::? - Get_TCWHONET_Antibiotics_Acitve_List : MethodFinish
INFO  2021-09-14 15:14:26,560 WHONETService::? - Get_TCWHONET_Antibiotics_Acitve_List : MethodStart
INFO  2021-09-14 15:14:26,563 TCWHONET_AntibioticsDAC::? - GetList_Active : MethodStart
INFO  2021-09-14 15:14:26,688 TCWHONET_AntibioticsDAC::? - GetList_Active : MethodFinish
INFO  2021-09-14 15:14:26,689 WHONETService::? - Get_TCWHONET_Antibiotics_Acitve_List : MethodFinish
INFO  2021-09-14 15:14:37,617 WHONETService::? - Get_TCWHONET_Antibiotics_Acitve_List : MethodStart
INFO  2021-09-14 15:14:37,618 TCWHONET_AntibioticsDAC::? - GetList_Active : MethodStart
INFO  2021-09-14 15:14:37,741 TCWHONET_AntibioticsDAC::? - GetList_Active : MethodFinish
INFO  2021-09-14 15:14:37,742 WHONETService::? - Get_TCWHONET_Antibiotics_Acitve_List : MethodFinish
INFO  2021-09-14 15:14:51,700 WHONETService::? - Get_TCWHONET_Antibiotics_Acitve_List : MethodStart
INFO  2021-09-14 15:14:51,702 TCWHONET_AntibioticsDAC::? - GetList_Active : MethodStart
INFO  2021-09-14 15:14:51,838 TCWHONET_AntibioticsDAC::? - GetList_Active : MethodFinish
INFO  2021-09-14 15:14:51,840 WHONETService::? - Get_TCWHONET_Antibiotics_Acitve_List : MethodFinish
INFO  2021-09-14 15:15:03,375 WHONETService::? - Get_TCWHONET_Antibiotics_Acitve_List : MethodStart
INFO  2021-09-14 15:15:03,377 TCWHONET_AntibioticsDAC::? - GetList_Active : MethodStart
INFO  2021-09-14 15:15:03,505 TCWHONET_AntibioticsDAC::? - GetList_Active : MethodFinish
INFO  2021-09-14 15:15:03,506 WHONETService::? - Get_TCWHONET_Antibiotics_Acitve_List : MethodFinish
INFO  2021-09-14 15:15:13,153 WHONETService::? - Get_TCWHONET_Antibiotics_Acitve_List : MethodStart
INFO  2021-09-14 15:15:13,154 TCWHONET_AntibioticsDAC::? - GetList_Active : MethodStart
INFO  2021-09-14 15:15:13,289 TCWHONET_AntibioticsDAC::? - GetList_Active : MethodFinish
INFO  2021-09-14 15:15:13,296 WHONETService::? - Get_TCWHONET_Antibiotics_Acitve_List : MethodFinish
INFO  2021-09-14 15:15:26,075 WHONETService::? - Get_TCWHONET_Antibiotics_Acitve_List : MethodStart
INFO  2021-09-14 15:15:26,077 TCWHONET_AntibioticsDAC::? - GetList_Active : MethodStart
INFO  2021-09-14 15:15:26,198 TCWHONET_AntibioticsDAC::? - GetList_Active : MethodFinish
INFO  2021-09-14 15:15:26,200 WHONETService::? - Get_TCWHONET_Antibiotics_Acitve_List : MethodFinish
INFO  2021-09-14 15:15:40,239 WHONETService::? - Get_TCWHONET_Antibiotics_Acitve_List : MethodStart
INFO  2021-09-14 15:15:40,240 TCWHONET_AntibioticsDAC::? - GetList_Active : MethodStart
INFO  2021-09-14 15:15:40,361 TCWHONET_AntibioticsDAC::? - GetList_Active : MethodFinish
INFO  2021-09-14 15:15:40,362 WHONETService::? - Get_TCWHONET_Antibiotics_Acitve_List : MethodFinish
INFO  2021-09-14 15:15:50,688 WHONETService::? - Get_TCWHONET_Antibiotics_Acitve_List : MethodStart
INFO  2021-09-14 15:15:50,690 TCWHONET_AntibioticsDAC::? - GetList_Active : MethodStart
INFO  2021-09-14 15:15:50,816 TCWHONET_AntibioticsDAC::? - GetList_Active : MethodFinish
INFO  2021-09-14 15:15:50,820 WHONETService::? - Get_TCWHONET_Antibiotics_Acitve_List : MethodFinish
INFO  2021-09-14 15:16:00,485 WHONETService::? - Get_TCWHONET_Antibiotics_Acitve_List : MethodStart
INFO  2021-09-14 15:16:00,486 TCWHONET_AntibioticsDAC::? - GetList_Active : MethodStart
INFO  2021-09-14 15:16:00,610 TCWHONET_AntibioticsDAC::? - GetList_Active : MethodFinish
INFO  2021-09-14 15:16:00,612 WHONETService::? - Get_TCWHONET_Antibiotics_Acitve_List : MethodFinish
INFO  2021-09-14 15:16:11,655 WHONETService::? - Get_TCWHONET_Antibiotics_Acitve_List : MethodStart
INFO  2021-09-14 15:16:11,657 TCWHONET_AntibioticsDAC::? - GetList_Active : MethodStart
INFO  2021-09-14 15:16:11,786 TCWHONET_AntibioticsDAC::? - GetList_Active : MethodFinish
INFO  2021-09-14 15:16:11,787 WHONETService::? - Get_TCWHONET_Antibiotics_Acitve_List : MethodFinish
INFO  2021-09-14 15:16:34,336 WHONETService::? - Get_TCWHONET_Antibiotics_Acitve_List : MethodStart
INFO  2021-09-14 15:16:34,339 TCWHONET_AntibioticsDAC::? - GetList_Active : MethodStart
INFO  2021-09-14 15:16:34,479 TCWHONET_AntibioticsDAC::? - GetList_Active : MethodFinish
INFO  2021-09-14 15:16:34,480 WHONETService::? - Get_TCWHONET_Antibiotics_Acitve_List : MethodFinish
INFO  2021-09-14 15:17:00,698 WHONETService::? - Get_TCWHONET_Antibiotics_Acitve_List : MethodStart
INFO  2021-09-14 15:17:00,702 TCWHONET_AntibioticsDAC::? - GetList_Active : MethodStart
INFO  2021-09-14 15:17:00,837 TCWHONET_AntibioticsDAC::? - GetList_Active : MethodFinish
INFO  2021-09-14 15:17:00,838 WHONETService::? - Get_TCWHONET_Antibiotics_Acitve_List : MethodFinish
INFO  2021-09-14 15:17:14,595 WHONETService::? - Get_TCWHONET_Antibiotics_Acitve_List : MethodStart
INFO  2021-09-14 15:17:14,597 TCWHONET_AntibioticsDAC::? - GetList_Active : MethodStart
INFO  2021-09-14 15:17:14,716 TCWHONET_AntibioticsDAC::? - GetList_Active : MethodFinish
INFO  2021-09-14 15:17:14,718 WHONETService::? - Get_TCWHONET_Antibiotics_Acitve_List : MethodFinish
INFO  2021-09-14 15:17:26,373 WHONETService::? - Get_TCWHONET_Antibiotics_Acitve_List : MethodStart
INFO  2021-09-14 15:17:26,375 TCWHONET_AntibioticsDAC::? - GetList_Active : MethodStart
INFO  2021-09-14 15:17:26,491 TCWHONET_AntibioticsDAC::? - GetList_Active : MethodFinish
INFO  2021-09-14 15:17:26,492 WHONETService::? - Get_TCWHONET_Antibiotics_Acitve_List : MethodFinish
INFO  2021-09-14 15:17:36,451 WHONETService::? - Get_TCWHONET_Antibiotics_Acitve_List : MethodStart
INFO  2021-09-14 15:17:36,453 TCWHONET_AntibioticsDAC::? - GetList_Active : MethodStart
INFO  2021-09-14 15:17:36,570 TCWHONET_AntibioticsDAC::? - GetList_Active : MethodFinish
INFO  2021-09-14 15:17:36,572 WHONETService::? - Get_TCWHONET_Antibiotics_Acitve_List : MethodFinish
INFO  2021-09-14 15:17:49,409 WHONETService::? - Get_TCWHONET_Antibiotics_Acitve_List : MethodStart
INFO  2021-09-14 15:17:49,411 TCWHONET_AntibioticsDAC::? - GetList_Active : MethodStart
INFO  2021-09-14 15:17:49,532 TCWHONET_AntibioticsDAC::? - GetList_Active : MethodFinish
INFO  2021-09-14 15:17:49,534 WHONETService::? - Get_TCWHONET_Antibiotics_Acitve_List : MethodFinish
INFO  2021-09-14 15:17:59,923 WHONETService::? - Get_TCWHONET_Antibiotics_Acitve_List : MethodStart
INFO  2021-09-14 15:17:59,925 TCWHONET_AntibioticsDAC::? - GetList_Active : MethodStart
INFO  2021-09-14 15:18:00,045 TCWHONET_AntibioticsDAC::? - GetList_Active : MethodFinish
INFO  2021-09-14 15:18:00,047 WHONETService::? - Get_TCWHONET_Antibiotics_Acitve_List : MethodFinish
INFO  2021-09-14 15:18:18,619 WHONETService::? - Get_TCWHONET_Antibiotics_Acitve_List : MethodStart
INFO  2021-09-14 15:18:18,621 TCWHONET_AntibioticsDAC::? - GetList_Active : MethodStart
INFO  2021-09-14 15:18:18,891 TCWHONET_AntibioticsDAC::? - GetList_Active : MethodFinish
INFO  2021-09-14 15:18:18,894 WHONETService::? - Get_TCWHONET_Antibiotics_Acitve_List : MethodFinish
INFO  2021-09-14 15:18:29,891 WHONETService::? - Get_TCWHONET_Antibiotics_Acitve_List : MethodStart
INFO  2021-09-14 15:18:29,893 TCWHONET_AntibioticsDAC::? - GetList_Active : MethodStart
INFO  2021-09-14 15:18:30,012 TCWHONET_AntibioticsDAC::? - GetList_Active : MethodFinish
INFO  2021-09-14 15:18:30,013 WHONETService::? - Get_TCWHONET_Antibiotics_Acitve_List : MethodFinish
INFO  2021-09-14 15:18:41,986 WHONETService::? - Get_TCWHONET_Antibiotics_Acitve_List : MethodStart
INFO  2021-09-14 15:18:41,988 TCWHONET_AntibioticsDAC::? - GetList_Active : MethodStart
INFO  2021-09-14 15:18:42,107 TCWHONET_AntibioticsDAC::? - GetList_Active : MethodFinish
INFO  2021-09-14 15:18:42,108 WHONETService::? - Get_TCWHONET_Antibiotics_Acitve_List : MethodFinish
INFO  2021-09-14 15:18:54,530 WHONETService::? - Get_TCWHONET_Antibiotics_Acitve_List : MethodStart
INFO  2021-09-14 15:18:54,532 TCWHONET_AntibioticsDAC::? - GetList_Active : MethodStart
INFO  2021-09-14 15:18:54,654 TCWHONET_AntibioticsDAC::? - GetList_Active : MethodFinish
INFO  2021-09-14 15:18:54,656 WHONETService::? - Get_TCWHONET_Antibiotics_Acitve_List : MethodFinish
INFO  2021-09-14 15:20:06,863 WHONETService::? - Get_TCWHONET_Antibiotics_Acitve_List : MethodStart
INFO  2021-09-14 15:20:06,868 TCWHONET_AntibioticsDAC::? - GetList_Active : MethodStart
INFO  2021-09-14 15:20:06,999 TCWHONET_AntibioticsDAC::? - GetList_Active : MethodFinish
INFO  2021-09-14 15:20:07,000 WHONETService::? - Get_TCWHONET_Antibiotics_Acitve_List : MethodFinish
INFO  2021-09-14 15:20:30,344 WHONETService::? - Get_TCWHONET_Antibiotics_Acitve_List : MethodStart
INFO  2021-09-14 15:20:30,349 TCWHONET_AntibioticsDAC::? - GetList_Active : MethodStart
INFO  2021-09-14 15:20:30,484 TCWHONET_AntibioticsDAC::? - GetList_Active : MethodFinish
INFO  2021-09-14 15:20:30,486 WHONETService::? - Get_TCWHONET_Antibiotics_Acitve_List : MethodFinish
INFO  2021-09-14 15:20:41,167 WHONETService::? - Get_TCWHONET_Antibiotics_Acitve_List : MethodStart
INFO  2021-09-14 15:20:41,172 TCWHONET_AntibioticsDAC::? - GetList_Active : MethodStart
INFO  2021-09-14 15:20:41,294 TCWHONET_AntibioticsDAC::? - GetList_Active : MethodFinish
INFO  2021-09-14 15:20:41,297 WHONETService::? - Get_TCWHONET_Antibiotics_Acitve_List : MethodFinish
INFO  2021-09-14 15:20:53,490 WHONETService::? - Get_TCWHONET_Antibiotics_Acitve_List : MethodStart
INFO  2021-09-14 15:20:53,495 TCWHONET_AntibioticsDAC::? - GetList_Active : MethodStart
INFO  2021-09-14 15:20:53,620 TCWHONET_AntibioticsDAC::? - GetList_Active : MethodFinish
INFO  2021-09-14 15:20:53,624 WHONETService::? - Get_TCWHONET_Antibiotics_Acitve_List : MethodFinish
INFO  2021-09-14 15:21:06,184 WHONETService::? - Get_TCWHONET_Antibiotics_Acitve_List : MethodStart
INFO  2021-09-14 15:21:06,186 TCWHONET_AntibioticsDAC::? - GetList_Active : MethodStart
INFO  2021-09-14 15:21:06,306 TCWHONET_AntibioticsDAC::? - GetList_Active : MethodFinish
INFO  2021-09-14 15:21:06,308 WHONETService::? - Get_TCWHONET_Antibiotics_Acitve_List : MethodFinish
INFO  2021-09-14 15:21:19,394 WHONETService::? - Get_TCWHONET_Antibiotics_Acitve_List : MethodStart
INFO  2021-09-14 15:21:19,395 TCWHONET_AntibioticsDAC::? - GetList_Active : MethodStart
INFO  2021-09-14 15:21:19,523 TCWHONET_AntibioticsDAC::? - GetList_Active : MethodFinish
INFO  2021-09-14 15:21:19,525 WHONETService::? - Get_TCWHONET_Antibiotics_Acitve_List : MethodFinish
INFO  2021-09-14 15:21:30,170 WHONETService::? - Get_TCWHONET_Antibiotics_Acitve_List : MethodStart
INFO  2021-09-14 15:21:30,172 TCWHONET_AntibioticsDAC::? - GetList_Active : MethodStart
INFO  2021-09-14 15:21:30,288 TCWHONET_AntibioticsDAC::? - GetList_Active : MethodFinish
INFO  2021-09-14 15:21:30,290 WHONETService::? - Get_TCWHONET_Antibiotics_Acitve_List : MethodFinish
INFO  2021-09-14 15:21:42,161 WHONETService::? - Get_TCWHONET_Antibiotics_Acitve_List : MethodStart
INFO  2021-09-14 15:21:42,163 TCWHONET_AntibioticsDAC::? - GetList_Active : MethodStart
INFO  2021-09-14 15:21:42,278 TCWHONET_AntibioticsDAC::? - GetList_Active : MethodFinish
INFO  2021-09-14 15:21:42,280 WHONETService::? - Get_TCWHONET_Antibiotics_Acitve_List : MethodFinish
INFO  2021-09-14 15:21:58,757 WHONETService::? - Get_TCWHONET_Antibiotics_Acitve_List : MethodStart
INFO  2021-09-14 15:21:58,759 TCWHONET_AntibioticsDAC::? - GetList_Active : MethodStart
INFO  2021-09-14 15:21:58,896 TCWHONET_AntibioticsDAC::? - GetList_Active : MethodFinish
INFO  2021-09-14 15:21:58,898 WHONETService::? - Get_TCWHONET_Antibiotics_Acitve_List : MethodFinish
INFO  2021-09-14 15:22:09,588 WHONETService::? - Get_TCWHONET_Antibiotics_Acitve_List : MethodStart
INFO  2021-09-14 15:22:09,593 TCWHONET_AntibioticsDAC::? - GetList_Active : MethodStart
INFO  2021-09-14 15:22:09,716 TCWHONET_AntibioticsDAC::? - GetList_Active : MethodFinish
INFO  2021-09-14 15:22:09,718 WHONETService::? - Get_TCWHONET_Antibiotics_Acitve_List : MethodFinish
INFO  2021-09-14 15:22:18,612 WHONETService::? - Get_TCWHONET_Antibiotics_Acitve_List : MethodStart
INFO  2021-09-14 15:22:18,614 TCWHONET_AntibioticsDAC::? - GetList_Active : MethodStart
INFO  2021-09-14 15:22:18,731 TCWHONET_AntibioticsDAC::? - GetList_Active : MethodFinish
INFO  2021-09-14 15:22:18,732 WHONETService::? - Get_TCWHONET_Antibiotics_Acitve_List : MethodFinish
INFO  2021-09-14 15:22:35,439 WHONETService::? - Get_TCWHONET_Antibiotics_Acitve_List : MethodStart
INFO  2021-09-14 15:22:35,440 TCWHONET_AntibioticsDAC::? - GetList_Active : MethodStart
INFO  2021-09-14 15:22:35,573 TCWHONET_AntibioticsDAC::? - GetList_Active : MethodFinish
INFO  2021-09-14 15:22:35,579 WHONETService::? - Get_TCWHONET_Antibiotics_Acitve_List : MethodFinish
INFO  2021-09-14 15:22:50,529 WHONETService::? - Get_TCWHONET_Antibiotics_Acitve_List : MethodStart
INFO  2021-09-14 15:22:50,531 TCWHONET_AntibioticsDAC::? - GetList_Active : MethodStart
INFO  2021-09-14 15:22:50,652 TCWHONET_AntibioticsDAC::? - GetList_Active : MethodFinish
INFO  2021-09-14 15:22:50,654 WHONETService::? - Get_TCWHONET_Antibiotics_Acitve_List : MethodFinish
INFO  2021-09-14 15:22:59,375 WHONETService::? - Get_TCWHONET_Antibiotics_Acitve_List : MethodStart
INFO  2021-09-14 15:22:59,376 TCWHONET_AntibioticsDAC::? - GetList_Active : MethodStart
INFO  2021-09-14 15:22:59,499 TCWHONET_AntibioticsDAC::? - GetList_Active : MethodFinish
INFO  2021-09-14 15:22:59,501 WHONETService::? - Get_TCWHONET_Antibiotics_Acitve_List : MethodFinish
INFO  2021-09-14 15:23:08,084 WHONETService::? - Get_TCWHONET_Antibiotics_Acitve_List : MethodStart
INFO  2021-09-14 15:23:08,086 TCWHONET_AntibioticsDAC::? - GetList_Active : MethodStart
INFO  2021-09-14 15:23:08,205 TCWHONET_AntibioticsDAC::? - GetList_Active : MethodFinish
INFO  2021-09-14 15:23:08,207 WHONETService::? - Get_TCWHONET_Antibiotics_Acitve_List : MethodFinish
INFO  2021-09-14 15:23:18,907 WHONETService::? - Get_TCWHONET_Antibiotics_Acitve_List : MethodStart
INFO  2021-09-14 15:23:18,908 TCWHONET_AntibioticsDAC::? - GetList_Active : MethodStart
INFO  2021-09-14 15:23:19,030 TCWHONET_AntibioticsDAC::? - GetList_Active : MethodFinish
INFO  2021-09-14 15:23:19,034 WHONETService::? - Get_TCWHONET_Antibiotics_Acitve_List : MethodFinish
INFO  2021-09-14 15:23:31,269 WHONETService::? - Get_TCWHONET_Antibiotics_Acitve_List : MethodStart
INFO  2021-09-14 15:23:31,272 TCWHONET_AntibioticsDAC::? - GetList_Active : MethodStart
INFO  2021-09-14 15:23:31,389 TCWHONET_AntibioticsDAC::? - GetList_Active : MethodFinish
INFO  2021-09-14 15:23:31,391 WHONETService::? - Get_TCWHONET_Antibiotics_Acitve_List : MethodFinish
INFO  2021-09-14 15:23:40,976 WHONETService::? - Get_TCWHONET_Antibiotics_Acitve_List : MethodStart
INFO  2021-09-14 15:23:40,978 TCWHONET_AntibioticsDAC::? - GetList_Active : MethodStart
INFO  2021-09-14 15:23:41,099 TCWHONET_AntibioticsDAC::? - GetList_Active : MethodFinish
INFO  2021-09-14 15:23:41,104 WHONETService::? - Get_TCWHONET_Antibiotics_Acitve_List : MethodFinish
INFO  2021-09-14 15:23:53,594 WHONETService::? - Get_TCWHONET_Antibiotics_Acitve_List : MethodStart
INFO  2021-09-14 15:23:53,596 TCWHONET_AntibioticsDAC::? - GetList_Active : MethodStart
INFO  2021-09-14 15:23:53,716 TCWHONET_AntibioticsDAC::? - GetList_Active : MethodFinish
INFO  2021-09-14 15:23:53,718 WHONETService::? - Get_TCWHONET_Antibiotics_Acitve_List : MethodFinish
INFO  2021-09-14 15:24:03,552 WHONETService::? - Get_TCWHONET_Antibiotics_Acitve_List : MethodStart
INFO  2021-09-14 15:24:03,554 TCWHONET_AntibioticsDAC::? - GetList_Active : MethodStart
INFO  2021-09-14 15:24:03,671 TCWHONET_AntibioticsDAC::? - GetList_Active : MethodFinish
INFO  2021-09-14 15:24:03,673 WHONETService::? - Get_TCWHONET_Antibiotics_Acitve_List : MethodFinish
INFO  2021-09-14 15:24:51,043 WHONETService::? - Get_TCWHONET_Antibiotics_Acitve_List : MethodStart
INFO  2021-09-14 15:24:51,046 TCWHONET_AntibioticsDAC::? - GetList_Active : MethodStart
INFO  2021-09-14 15:24:51,187 TCWHONET_AntibioticsDAC::? - GetList_Active : MethodFinish
INFO  2021-09-14 15:24:51,190 WHONETService::? - Get_TCWHONET_Antibiotics_Acitve_List : MethodFinish
INFO  2021-09-14 15:25:08,725 WHONETService::? - Get_TCWHONET_Antibiotics_Acitve_List : MethodStart
INFO  2021-09-14 15:25:08,726 TCWHONET_AntibioticsDAC::? - GetList_Active : MethodStart
INFO  2021-09-14 15:25:08,856 TCWHONET_AntibioticsDAC::? - GetList_Active : MethodFinish
INFO  2021-09-14 15:25:08,858 WHONETService::? - Get_TCWHONET_Antibiotics_Acitve_List : MethodFinish
INFO  2021-09-14 15:25:17,169 WHONETService::? - Get_TCWHONET_Antibiotics_Acitve_List : MethodStart
INFO  2021-09-14 15:25:17,170 TCWHONET_AntibioticsDAC::? - GetList_Active : MethodStart
INFO  2021-09-14 15:25:17,286 TCWHONET_AntibioticsDAC::? - GetList_Active : MethodFinish
INFO  2021-09-14 15:25:17,291 WHONETService::? - Get_TCWHONET_Antibiotics_Acitve_List : MethodFinish
INFO  2021-09-14 15:25:28,861 WHONETService::? - Get_TCWHONET_Antibiotics_Acitve_List : MethodStart
INFO  2021-09-14 15:25:28,862 TCWHONET_AntibioticsDAC::? - GetList_Active : MethodStart
INFO  2021-09-14 15:25:28,981 TCWHONET_AntibioticsDAC::? - GetList_Active : MethodFinish
INFO  2021-09-14 15:25:28,982 WHONETService::? - Get_TCWHONET_Antibiotics_Acitve_List : MethodFinish
INFO  2021-09-14 15:26:07,521 WHONETService::? - Get_TCWHONET_Antibiotics_Acitve_List : MethodStart
INFO  2021-09-14 15:26:07,526 TCWHONET_AntibioticsDAC::? - GetList_Active : MethodStart
INFO  2021-09-14 15:26:07,661 TCWHONET_AntibioticsDAC::? - GetList_Active : MethodFinish
INFO  2021-09-14 15:26:07,662 WHONETService::? - Get_TCWHONET_Antibiotics_Acitve_List : MethodFinish
INFO  2021-09-14 15:26:18,212 WHONETService::? - Get_TCWHONET_Antibiotics_Acitve_List : MethodStart
INFO  2021-09-14 15:26:18,214 TCWHONET_AntibioticsDAC::? - GetList_Active : MethodStart
INFO  2021-09-14 15:26:18,340 TCWHONET_AntibioticsDAC::? - GetList_Active : MethodFinish
INFO  2021-09-14 15:26:18,341 WHONETService::? - Get_TCWHONET_Antibiotics_Acitve_List : MethodFinish
INFO  2021-09-14 15:26:59,754 WHONETService::? - Get_TCWHONET_Antibiotics_Acitve_List : MethodStart
INFO  2021-09-14 15:26:59,758 TCWHONET_AntibioticsDAC::? - GetList_Active : MethodStart
INFO  2021-09-14 15:26:59,887 TCWHONET_AntibioticsDAC::? - GetList_Active : MethodFinish
INFO  2021-09-14 15:26:59,888 WHONETService::? - Get_TCWHONET_Antibiotics_Acitve_List : MethodFinish
INFO  2021-09-14 15:27:28,367 WHONETService::? - Get_TCWHONET_Antibiotics_Acitve_List : MethodStart
INFO  2021-09-14 15:27:28,372 TCWHONET_AntibioticsDAC::? - GetList_Active : MethodStart
INFO  2021-09-14 15:27:28,508 TCWHONET_AntibioticsDAC::? - GetList_Active : MethodFinish
INFO  2021-09-14 15:27:28,510 WHONETService::? - Get_TCWHONET_Antibiotics_Acitve_List : MethodFinish
INFO  2021-09-14 15:27:52,192 WHONETService::? - Get_TCWHONET_Antibiotics_Acitve_List : MethodStart
INFO  2021-09-14 15:27:52,196 TCWHONET_AntibioticsDAC::? - GetList_Active : MethodStart
INFO  2021-09-14 15:27:52,330 TCWHONET_AntibioticsDAC::? - GetList_Active : MethodFinish
INFO  2021-09-14 15:27:52,332 WHONETService::? - Get_TCWHONET_Antibiotics_Acitve_List : MethodFinish
INFO  2021-09-14 15:28:08,838 WHONETService::? - Get_TCWHONET_Antibiotics_Acitve_List : MethodStart
INFO  2021-09-14 15:28:08,840 TCWHONET_AntibioticsDAC::? - GetList_Active : MethodStart
INFO  2021-09-14 15:28:08,982 TCWHONET_AntibioticsDAC::? - GetList_Active : MethodFinish
INFO  2021-09-14 15:28:08,987 WHONETService::? - Get_TCWHONET_Antibiotics_Acitve_List : MethodFinish
INFO  2021-09-14 15:28:18,985 WHONETService::? - Get_TCWHONET_Antibiotics_Acitve_List : MethodStart
INFO  2021-09-14 15:28:18,987 TCWHONET_AntibioticsDAC::? - GetList_Active : MethodStart
INFO  2021-09-14 15:28:19,321 TCWHONET_AntibioticsDAC::? - GetList_Active : MethodFinish
INFO  2021-09-14 15:28:19,324 WHONETService::? - Get_TCWHONET_Antibiotics_Acitve_List : MethodFinish
INFO  2021-09-14 15:28:32,514 WHONETService::? - Get_TCWHONET_Antibiotics_Acitve_List : MethodStart
INFO  2021-09-14 15:28:32,515 TCWHONET_AntibioticsDAC::? - GetList_Active : MethodStart
INFO  2021-09-14 15:28:32,642 TCWHONET_AntibioticsDAC::? - GetList_Active : MethodFinish
INFO  2021-09-14 15:28:32,643 WHONETService::? - Get_TCWHONET_Antibiotics_Acitve_List : MethodFinish
INFO  2021-09-14 15:28:48,820 WHONETService::? - Get_TCWHONET_Antibiotics_Acitve_List : MethodStart
INFO  2021-09-14 15:28:48,822 TCWHONET_AntibioticsDAC::? - GetList_Active : MethodStart
INFO  2021-09-14 15:28:48,968 TCWHONET_AntibioticsDAC::? - GetList_Active : MethodFinish
INFO  2021-09-14 15:28:48,970 WHONETService::? - Get_TCWHONET_Antibiotics_Acitve_List : MethodFinish
INFO  2021-09-14 15:29:02,667 WHONETService::? - Get_TCWHONET_Antibiotics_Acitve_List : MethodStart
INFO  2021-09-14 15:29:02,668 TCWHONET_AntibioticsDAC::? - GetList_Active : MethodStart
INFO  2021-09-14 15:29:02,806 TCWHONET_AntibioticsDAC::? - GetList_Active : MethodFinish
INFO  2021-09-14 15:29:02,807 WHONETService::? - Get_TCWHONET_Antibiotics_Acitve_List : MethodFinish
INFO  2021-09-14 15:29:17,908 WHONETService::? - Get_TCWHONET_Antibiotics_Acitve_List : MethodStart
INFO  2021-09-14 15:29:17,909 TCWHONET_AntibioticsDAC::? - GetList_Active : MethodStart
INFO  2021-09-14 15:29:18,047 TCWHONET_AntibioticsDAC::? - GetList_Active : MethodFinish
INFO  2021-09-14 15:29:18,049 WHONETService::? - Get_TCWHONET_Antibiotics_Acitve_List : MethodFinish
INFO  2021-09-14 15:29:45,837 WHONETService::? - Get_TCWHONET_Antibiotics_Acitve_List : MethodStart
INFO  2021-09-14 15:29:45,843 TCWHONET_AntibioticsDAC::? - GetList_Active : MethodStart
INFO  2021-09-14 15:29:45,984 TCWHONET_AntibioticsDAC::? - GetList_Active : MethodFinish
INFO  2021-09-14 15:29:45,986 WHONETService::? - Get_TCWHONET_Antibiotics_Acitve_List : MethodFinish
INFO  2021-09-14 15:29:59,839 WHONETService::? - Get_TCWHONET_Antibiotics_Acitve_List : MethodStart
INFO  2021-09-14 15:29:59,841 TCWHONET_AntibioticsDAC::? - GetList_Active : MethodStart
INFO  2021-09-14 15:29:59,959 TCWHONET_AntibioticsDAC::? - GetList_Active : MethodFinish
INFO  2021-09-14 15:29:59,961 WHONETService::? - Get_TCWHONET_Antibiotics_Acitve_List : MethodFinish
INFO  2021-09-14 15:30:14,511 WHONETService::? - Get_TCWHONET_Antibiotics_Acitve_List : MethodStart
INFO  2021-09-14 15:30:14,513 TCWHONET_AntibioticsDAC::? - GetList_Active : MethodStart
INFO  2021-09-14 15:30:14,630 TCWHONET_AntibioticsDAC::? - GetList_Active : MethodFinish
INFO  2021-09-14 15:30:14,632 WHONETService::? - Get_TCWHONET_Antibiotics_Acitve_List : MethodFinish
INFO  2021-09-14 15:30:27,867 WHONETService::? - Get_TCWHONET_Antibiotics_Acitve_List : MethodStart
INFO  2021-09-14 15:30:27,869 TCWHONET_AntibioticsDAC::? - GetList_Active : MethodStart
INFO  2021-09-14 15:30:27,994 TCWHONET_AntibioticsDAC::? - GetList_Active : MethodFinish
INFO  2021-09-14 15:30:27,997 WHONETService::? - Get_TCWHONET_Antibiotics_Acitve_List : MethodFinish
INFO  2021-09-14 15:30:52,064 WHONETService::? - Get_TCWHONET_Antibiotics_Acitve_List : MethodStart
INFO  2021-09-14 15:30:52,069 TCWHONET_AntibioticsDAC::? - GetList_Active : MethodStart
INFO  2021-09-14 15:30:52,216 TCWHONET_AntibioticsDAC::? - GetList_Active : MethodFinish
INFO  2021-09-14 15:30:52,221 WHONETService::? - Get_TCWHONET_Antibiotics_Acitve_List : MethodFinish
INFO  2021-09-14 15:31:04,060 WHONETService::? - Get_TCWHONET_Antibiotics_Acitve_List : MethodStart
INFO  2021-09-14 15:31:04,062 TCWHONET_AntibioticsDAC::? - GetList_Active : MethodStart
INFO  2021-09-14 15:31:04,180 TCWHONET_AntibioticsDAC::? - GetList_Active : MethodFinish
INFO  2021-09-14 15:31:04,183 WHONETService::? - Get_TCWHONET_Antibiotics_Acitve_List : MethodFinish
INFO  2021-09-14 15:31:27,122 WHONETService::? - Get_TCWHONET_Antibiotics_Acitve_List : MethodStart
INFO  2021-09-14 15:31:27,126 TCWHONET_AntibioticsDAC::? - GetList_Active : MethodStart
INFO  2021-09-14 15:31:27,255 TCWHONET_AntibioticsDAC::? - GetList_Active : MethodFinish
INFO  2021-09-14 15:31:27,256 WHONETService::? - Get_TCWHONET_Antibiotics_Acitve_List : MethodFinish
INFO  2021-09-14 15:31:55,975 WHONETService::? - Get_TCWHONET_Antibiotics_Acitve_List : MethodStart
INFO  2021-09-14 15:31:55,980 TCWHONET_AntibioticsDAC::? - GetList_Active : MethodStart
INFO  2021-09-14 15:31:56,116 TCWHONET_AntibioticsDAC::? - GetList_Active : MethodFinish
INFO  2021-09-14 15:31:56,122 WHONETService::? - Get_TCWHONET_Antibiotics_Acitve_List : MethodFinish
INFO  2021-09-14 15:32:05,076 WHONETService::? - Get_TCWHONET_Antibiotics_Acitve_List : MethodStart
INFO  2021-09-14 15:32:05,077 TCWHONET_AntibioticsDAC::? - GetList_Active : MethodStart
INFO  2021-09-14 15:32:05,196 TCWHONET_AntibioticsDAC::? - GetList_Active : MethodFinish
INFO  2021-09-14 15:32:05,198 WHONETService::? - Get_TCWHONET_Antibiotics_Acitve_List : MethodFinish
INFO  2021-09-14 15:32:12,673 WHONETService::? - Get_TCWHONET_Antibiotics_Acitve_List : MethodStart
INFO  2021-09-14 15:32:12,675 TCWHONET_AntibioticsDAC::? - GetList_Active : MethodStart
INFO  2021-09-14 15:32:12,795 TCWHONET_AntibioticsDAC::? - GetList_Active : MethodFinish
INFO  2021-09-14 15:32:12,797 WHONETService::? - Get_TCWHONET_Antibiotics_Acitve_List : MethodFinish
INFO  2021-09-14 15:32:19,904 WHONETService::? - Get_TCWHONET_Antibiotics_Acitve_List : MethodStart
INFO  2021-09-14 15:32:19,905 TCWHONET_AntibioticsDAC::? - GetList_Active : MethodStart
INFO  2021-09-14 15:32:20,044 TCWHONET_AntibioticsDAC::? - GetList_Active : MethodFinish
INFO  2021-09-14 15:32:20,050 WHONETService::? - Get_TCWHONET_Antibiotics_Acitve_List : MethodFinish
INFO  2021-09-14 15:32:26,474 WHONETService::? - Get_TCWHONET_Antibiotics_Acitve_List : MethodStart
INFO  2021-09-14 15:32:26,476 TCWHONET_AntibioticsDAC::? - GetList_Active : MethodStart
INFO  2021-09-14 15:32:26,594 TCWHONET_AntibioticsDAC::? - GetList_Active : MethodFinish
INFO  2021-09-14 15:32:26,596 WHONETService::? - Get_TCWHONET_Antibiotics_Acitve_List : MethodFinish
INFO  2021-09-14 15:32:41,039 WHONETService::? - Get_TCWHONET_Antibiotics_Acitve_List : MethodStart
INFO  2021-09-14 15:32:41,041 TCWHONET_AntibioticsDAC::? - GetList_Active : MethodStart
INFO  2021-09-14 15:32:41,162 TCWHONET_AntibioticsDAC::? - GetList_Active : MethodFinish
INFO  2021-09-14 15:32:41,163 WHONETService::? - Get_TCWHONET_Antibiotics_Acitve_List : MethodFinish
INFO  2021-09-14 15:32:46,646 TBConfigService::? - GetTBConfig : MethodStart
INFO  2021-09-14 15:32:46,906 TBConfigService::? - GetTBConfig : MethodFinish
INFO  2021-09-14 16:10:53,467 TBConfigService::? - GetTBConfig : MethodStart
INFO  2021-09-14 16:10:53,860 TBConfigService::? - GetTBConfig : MethodFinish
INFO  2021-09-14 16:10:55,713 WHONETService::? - Get_TCWHONET_Antibiotics_Acitve_List : MethodStart
INFO  2021-09-14 16:10:55,714 TCWHONET_AntibioticsDAC::? - GetList_Active : MethodStart
INFO  2021-09-14 16:10:56,047 TCWHONET_AntibioticsDAC::? - GetList_Active : MethodFinish
INFO  2021-09-14 16:10:56,049 WHONETService::? - Get_TCWHONET_Antibiotics_Acitve_List : MethodFinish
INFO  2021-09-14 17:44:26,501 TBConfigService::? - GetTBConfig : MethodStart
INFO  2021-09-14 17:44:26,904 TBConfigService::? - GetTBConfig : MethodFinish
INFO  2021-09-14 17:44:32,940 TBConfigService::? - GetTBConfig : MethodStart
INFO  2021-09-14 17:44:33,051 TBConfigService::? - GetTBConfig : MethodFinish
INFO  2021-09-14 18:00:44,557 TRNoticeMessageService::? - GetListWithModelByRole : MethodStart
INFO  2021-09-14 18:00:45,633 TRNoticeMessageService::? - GetListWithModelByRole : MethodFinish
INFO  2021-09-14 18:01:09,148 TBConfigService::? - GetTBConfig : MethodStart
INFO  2021-09-14 18:01:09,455 TBConfigService::? - GetTBConfig : MethodFinish
INFO  2021-09-14 18:01:50,897 TBConfigService::? - GetTBConfig : MethodStart
INFO  2021-09-14 18:01:51,045 TBConfigService::? - GetTBConfig : MethodFinish
INFO  2021-09-14 18:03:12,413 TRNoticeMessageService::? - GetListWithModelByRole : MethodStart
INFO  2021-09-14 18:03:13,505 TRNoticeMessageService::? - GetListWithModelByRole : MethodFinish
INFO  2021-09-14 18:03:18,972 TBConfigService::? - GetTBConfig : MethodStart
INFO  2021-09-14 18:03:19,271 TBConfigService::? - GetTBConfig : MethodFinish
INFO  2021-09-14 18:03:39,445 TBConfigService::? - GetTBConfig : MethodStart
INFO  2021-09-14 18:03:39,602 TBConfigService::? - GetTBConfig : MethodFinish
INFO  2021-09-14 18:03:44,530 TBConfigService::? - GetTBConfig : MethodStart
INFO  2021-09-14 18:03:44,650 TBConfigService::? - GetTBConfig : MethodFinish
INFO  2021-09-14 18:03:49,313 TBConfigService::? - GetTBConfig : MethodStart
INFO  2021-09-14 18:03:49,428 TBConfigService::? - GetTBConfig : MethodFinish
INFO  2021-09-14 18:03:57,802 TBConfigService::? - GetTBConfig : MethodStart
INFO  2021-09-14 18:03:57,920 TBConfigService::? - GetTBConfig : MethodFinish
INFO  2021-09-14 18:04:02,060 TBConfigService::? - GetTBConfig : MethodStart
INFO  2021-09-14 18:04:02,169 TBConfigService::? - GetTBConfig : MethodFinish
INFO  2021-09-14 18:04:14,085 TBConfigService::? - GetTBConfig : MethodStart
INFO  2021-09-14 18:04:14,195 TBConfigService::? - GetTBConfig : MethodFinish
