INFO  2023-05-09 11:01:47,087 TRNoticeMessageService::? - GetListWithModelByRole : MethodStart
INFO  2023-05-09 11:01:48,285 TRNoticeMessageService::? - GetListWithModelByRole : MethodFinish
INFO  2023-05-09 11:02:27,348 TBConfigService::? - GetTBConfig : MethodStart
INFO  2023-05-09 11:02:27,622 TBConfigService::? - GetTBConfig : MethodFinish
INFO  2023-05-09 11:03:10,412 TBConfigService::? - GetTBConfig : MethodStart
INFO  2023-05-09 11:03:10,537 TBConfigService::? - GetTBConfig : MethodFinish
INFO  2023-05-09 11:53:56,628 TRNoticeMessageService::? - GetListWithModelByRole : MethodStart
INFO  2023-05-09 11:53:57,686 TRNoticeMessageService::? - GetListWithModelByRole : MethodFinish
INFO  2023-05-09 11:56:51,501 TBConfigService::? - GetTBConfig : MethodStart
INFO  2023-05-09 11:56:51,900 TBConfigService::? - GetTBConfig : MethodFinish
INFO  2023-05-09 12:06:46,740 TRNoticeMessageService::? - GetListWithModelByRole : MethodStart
INFO  2023-05-09 12:06:47,818 TRNoticeMessageService::? - GetListWithModelByRole : MethodFinish
INFO  2023-05-09 12:06:53,840 TBConfigService::? - GetTBConfig : MethodStart
INFO  2023-05-09 12:06:54,100 TBConfigService::? - GetTBConfig : MethodFinish
INFO  2023-05-09 12:14:20,238 TRNoticeMessageService::? - GetListWithModelByRole : MethodStart
INFO  2023-05-09 12:14:21,161 TRNoticeMessageService::? - GetListWithModelByRole : MethodFinish
INFO  2023-05-09 12:14:30,267 TBConfigService::? - GetTBConfig : MethodStart
INFO  2023-05-09 12:14:30,548 TBConfigService::? - GetTBConfig : MethodFinish
INFO  2023-05-09 12:18:37,884 TRNoticeMessageService::? - GetListWithModelByRole : MethodStart
INFO  2023-05-09 12:18:38,774 TRNoticeMessageService::? - GetListWithModelByRole : MethodFinish
INFO  2023-05-09 12:18:40,461 TBConfigService::? - GetTBConfig : MethodStart
INFO  2023-05-09 12:18:40,708 TBConfigService::? - GetTBConfig : MethodFinish
INFO  2023-05-09 12:25:56,863 TRNoticeMessageService::? - GetListWithModelByRole : MethodStart
INFO  2023-05-09 12:25:57,816 TRNoticeMessageService::? - GetListWithModelByRole : MethodFinish
INFO  2023-05-09 12:26:00,980 TBConfigService::? - GetTBConfig : MethodStart
INFO  2023-05-09 12:26:01,228 TBConfigService::? - GetTBConfig : MethodFinish
INFO  2023-05-09 12:34:29,181 TRNoticeMessageService::? - GetListWithModelByRole : MethodStart
INFO  2023-05-09 12:34:30,270 TRNoticeMessageService::? - GetListWithModelByRole : MethodFinish
INFO  2023-05-09 12:34:51,117 TBConfigService::? - GetTBConfig : MethodStart
INFO  2023-05-09 12:34:51,389 TBConfigService::? - GetTBConfig : MethodFinish
INFO  2023-05-09 12:37:06,219 TRNoticeMessageService::? - GetListWithModelByRole : MethodStart
INFO  2023-05-09 12:37:07,166 TRNoticeMessageService::? - GetListWithModelByRole : MethodFinish
INFO  2023-05-09 12:37:08,838 TBConfigService::? - GetTBConfig : MethodStart
INFO  2023-05-09 12:37:09,249 TBConfigService::? - GetTBConfig : MethodFinish
INFO  2023-05-09 15:06:37,482 TRNoticeMessageService::? - GetListWithModelByRole : MethodStart
INFO  2023-05-09 15:06:38,617 TRNoticeMessageService::? - GetListWithModelByRole : MethodFinish
INFO  2023-05-09 15:06:49,605 TBConfigService::? - GetTBConfig : MethodStart
INFO  2023-05-09 15:06:49,861 TBConfigService::? - GetTBConfig : MethodFinish
INFO  2023-05-09 15:08:05,227 TRNoticeMessageService::? - GetListWithModelByRole : MethodStart
INFO  2023-05-09 15:08:06,231 TRNoticeMessageService::? - GetListWithModelByRole : MethodFinish
INFO  2023-05-09 15:08:08,611 TBConfigService::? - GetTBConfig : MethodStart
INFO  2023-05-09 15:08:08,863 TBConfigService::? - GetTBConfig : MethodFinish
INFO  2023-05-09 15:11:04,744 TBConfigService::? - GetTBConfig : MethodStart
INFO  2023-05-09 15:11:04,891 TBConfigService::? - GetTBConfig : MethodFinish
INFO  2023-05-09 15:11:08,291 TBConfigService::? - GetTBConfig : MethodStart
INFO  2023-05-09 15:11:08,395 TBConfigService::? - GetTBConfig : MethodFinish
INFO  2023-05-09 15:11:17,924 TBConfigService::? - GetTBConfig : MethodStart
INFO  2023-05-09 15:11:18,023 TBConfigService::? - GetTBConfig : MethodFinish
INFO  2023-05-09 15:11:20,094 WHONETService::? - Get_TCWHONET_Antibiotics_Acitve_List : MethodStart
INFO  2023-05-09 15:11:20,095 TCWHONET_AntibioticsDAC::? - GetList_Active : MethodStart
INFO  2023-05-09 15:11:20,219 TCWHONET_AntibioticsDAC::? - GetList_Active : MethodFinish
INFO  2023-05-09 15:11:20,221 WHONETService::? - Get_TCWHONET_Antibiotics_Acitve_List : MethodFinish
INFO  2023-05-09 15:29:28,210 TBConfigService::? - GetTBConfig : MethodStart
INFO  2023-05-09 15:29:28,559 TBConfigService::? - GetTBConfig : MethodFinish
INFO  2023-05-09 15:37:13,747 TRNoticeMessageService::? - GetListWithModelByRole : MethodStart
INFO  2023-05-09 15:37:14,780 TRNoticeMessageService::? - GetListWithModelByRole : MethodFinish
INFO  2023-05-09 15:37:20,973 TBConfigService::? - GetTBConfig : MethodStart
INFO  2023-05-09 15:37:21,269 TBConfigService::? - GetTBConfig : MethodFinish
INFO  2023-05-09 15:43:53,411 TBConfigService::? - GetTBConfig : MethodStart
INFO  2023-05-09 15:43:53,538 TBConfigService::? - GetTBConfig : MethodFinish
