INFO  2022-03-11 10:31:39,518 TRNoticeMessageService::? - GetListWithModelByRole : MethodStart
INFO  2022-03-11 10:31:40,839 TRNoticeMessageService::? - GetListWithModelByRole : MethodFinish
INFO  2022-03-11 10:31:46,612 TBConfigService::? - GetTBConfig : MethodStart
INFO  2022-03-11 10:31:46,914 TBConfigService::? - GetTBConfig : MethodFinish
INFO  2022-03-11 10:32:53,683 TBConfigService::? - GetTBConfig : MethodStart
INFO  2022-03-11 10:32:53,825 TBConfigService::? - GetTBConfig : MethodFinish
INFO  2022-03-11 10:32:56,978 TBConfigService::? - GetTBConfig : MethodStart
INFO  2022-03-11 10:32:57,095 TBConfigService::? - GetTBConfig : MethodFinish
INFO  2022-03-11 10:33:40,095 LogProcessService::? - GetLogProcessListWithModel : MethodStart
INFO  2022-03-11 10:33:40,227 LogProcessService::? - GetLogProcessListWithModel : MethodFinish
INFO  2022-03-11 10:33:43,233 TBConfigService::? - GetTBConfig : MethodStart
INFO  2022-03-11 10:33:43,339 TBConfigService::? - GetTBConfig : MethodFinish
INFO  2022-03-11 10:33:44,729 TBConfigService::? - GetTBConfig : MethodStart
INFO  2022-03-11 10:33:44,833 TBConfigService::? - GetTBConfig : MethodFinish
INFO  2022-03-11 10:34:05,476 LogProcessService::? - GetLogProcessListWithModel : MethodStart
INFO  2022-03-11 10:34:05,584 LogProcessService::? - GetLogProcessListWithModel : MethodFinish
INFO  2022-03-11 10:34:07,060 TBConfigService::? - GetTBConfig : MethodStart
INFO  2022-03-11 10:34:07,171 TBConfigService::? - GetTBConfig : MethodFinish
INFO  2022-03-11 10:34:08,422 TBConfigService::? - GetTBConfig : MethodStart
INFO  2022-03-11 10:34:08,529 TBConfigService::? - GetTBConfig : MethodFinish
INFO  2022-03-11 10:34:26,869 LogProcessService::? - GetLogProcessListWithModel : MethodStart
INFO  2022-03-11 10:34:26,974 LogProcessService::? - GetLogProcessListWithModel : MethodFinish
INFO  2022-03-11 10:34:28,790 TBConfigService::? - GetTBConfig : MethodStart
INFO  2022-03-11 10:34:28,894 TBConfigService::? - GetTBConfig : MethodFinish
INFO  2022-03-11 10:34:47,331 TBConfigService::? - GetTBConfig : MethodStart
INFO  2022-03-11 10:34:47,435 TBConfigService::? - GetTBConfig : MethodFinish
INFO  2022-03-11 10:35:22,509 TBConfigService::? - GetTBConfig : MethodStart
INFO  2022-03-11 10:35:22,614 TBConfigService::? - GetTBConfig : MethodFinish
INFO  2022-03-11 10:35:26,307 TBConfigService::? - GetTBConfig : MethodStart
INFO  2022-03-11 10:35:26,414 TBConfigService::? - GetTBConfig : MethodFinish
INFO  2022-03-11 10:35:48,554 LogProcessService::? - GetLogProcessListWithModel : MethodStart
INFO  2022-03-11 10:35:48,680 LogProcessService::? - GetLogProcessListWithModel : MethodFinish
INFO  2022-03-11 10:35:50,605 TBConfigService::? - GetTBConfig : MethodStart
INFO  2022-03-11 10:35:50,714 TBConfigService::? - GetTBConfig : MethodFinish
