INFO  2021-09-01 09:21:45,706 TRNoticeMessageService::? - GetListWithModelByRole : MethodStart
INFO  2021-09-01 09:21:47,704 TRNoticeMessageService::? - GetListWithModelByRole : MethodFinish
INFO  2021-09-01 09:21:52,531 TBConfigService::? - GetTBConfig : MethodStart
INFO  2021-09-01 09:21:52,596 TBConfigService::? - GetTBConfig : MethodFinish
INFO  2021-09-01 09:22:11,853 TBConfigService::? - GetTBConfig : MethodStart
INFO  2021-09-01 09:22:11,926 TBConfigService::? - GetTBConfig : MethodFinish
INFO  2021-09-01 09:22:33,946 TBConfigService::? - GetTBConfig : MethodStart
INFO  2021-09-01 09:22:33,972 TBConfigService::? - GetTBConfig : MethodFinish
INFO  2021-09-01 09:22:39,144 TBConfigService::? - GetTBConfig : MethodStart
INFO  2021-09-01 09:22:39,154 TBConfigService::? - GetTBConfig : MethodFinish
INFO  2021-09-01 09:22:43,158 LogProcessService::? - GetLogProcessListWithModel : MethodStart
INFO  2021-09-01 09:22:43,212 LogProcessService::? - GetLogProcessListWithModel : MethodFinish
INFO  2021-09-01 09:36:07,307 TBConfigService::? - GetTBConfig : MethodStart
INFO  2021-09-01 09:36:07,344 TBConfigService::? - GetTBConfig : MethodFinish
INFO  2021-09-01 09:36:18,312 TBConfigService::? - GetTBConfig : MethodStart
INFO  2021-09-01 09:36:18,326 TBConfigService::? - GetTBConfig : MethodFinish
INFO  2021-09-01 09:36:21,295 LogProcessService::? - GetLogProcessListWithModel : MethodStart
INFO  2021-09-01 09:36:21,321 LogProcessService::? - GetLogProcessListWithModel : MethodFinish
INFO  2021-09-01 09:41:10,431 TBConfigService::? - GetTBConfig : MethodStart
INFO  2021-09-01 09:41:10,456 TBConfigService::? - GetTBConfig : MethodFinish
INFO  2021-09-01 09:41:21,179 TBConfigService::? - GetTBConfig : MethodStart
INFO  2021-09-01 09:41:21,205 TBConfigService::? - GetTBConfig : MethodFinish
INFO  2021-09-01 09:41:24,888 LogProcessService::? - GetLogProcessListWithModel : MethodStart
INFO  2021-09-01 09:41:24,909 LogProcessService::? - GetLogProcessListWithModel : MethodFinish
INFO  2021-09-01 09:49:04,734 TBConfigService::? - GetTBConfig : MethodStart
INFO  2021-09-01 09:49:04,764 TBConfigService::? - GetTBConfig : MethodFinish
INFO  2021-09-01 09:49:35,152 WHONETService::? - Get_TCWHONET_Antibiotics_Acitve_List : MethodStart
INFO  2021-09-01 09:49:35,156 TCWHONET_AntibioticsDAC::? - GetList_Active : MethodStart
INFO  2021-09-01 09:49:35,245 TCWHONET_AntibioticsDAC::? - GetList_Active : MethodFinish
INFO  2021-09-01 09:49:35,252 WHONETService::? - Get_TCWHONET_Antibiotics_Acitve_List : MethodFinish
INFO  2021-09-01 09:49:37,369 TBConfigService::? - GetTBConfig : MethodStart
INFO  2021-09-01 09:49:37,378 TBConfigService::? - GetTBConfig : MethodFinish
INFO  2021-09-01 09:49:39,572 TBConfigService::? - GetTBConfig : MethodStart
INFO  2021-09-01 09:49:39,588 TBConfigService::? - GetTBConfig : MethodFinish
INFO  2021-09-01 09:49:51,870 TBConfigService::? - GetTBConfig : MethodStart
INFO  2021-09-01 09:49:51,880 TBConfigService::? - GetTBConfig : MethodFinish
INFO  2021-09-01 09:50:20,285 TBConfigService::? - GetTBConfig : MethodStart
INFO  2021-09-01 09:50:20,304 TBConfigService::? - GetTBConfig : MethodFinish
INFO  2021-09-01 09:50:22,657 TBConfigService::? - GetTBConfig : MethodStart
INFO  2021-09-01 09:50:22,666 TBConfigService::? - GetTBConfig : MethodFinish
INFO  2021-09-01 09:50:25,492 LogProcessService::? - GetLogProcessListWithModel : MethodStart
INFO  2021-09-01 09:50:25,510 LogProcessService::? - GetLogProcessListWithModel : MethodFinish
INFO  2021-09-01 09:50:32,161 TBConfigService::? - GetTBConfig : MethodStart
INFO  2021-09-01 09:50:32,170 TBConfigService::? - GetTBConfig : MethodFinish
INFO  2021-09-01 09:52:18,596 TBConfigService::? - GetTBConfig : MethodStart
INFO  2021-09-01 09:52:18,614 TBConfigService::? - GetTBConfig : MethodFinish
INFO  2021-09-01 09:52:32,833 TBConfigService::? - GetTBConfig : MethodStart
INFO  2021-09-01 09:52:32,844 TBConfigService::? - GetTBConfig : MethodFinish
INFO  2021-09-01 10:13:25,377 TRNoticeMessageService::? - GetListWithModelByRole : MethodStart
INFO  2021-09-01 10:13:27,520 TRNoticeMessageService::? - GetListWithModelByRole : MethodFinish
INFO  2021-09-01 10:13:33,313 TBConfigService::? - GetTBConfig : MethodStart
INFO  2021-09-01 10:13:33,429 TBConfigService::? - GetTBConfig : MethodFinish
INFO  2021-09-01 10:14:14,198 TBConfigService::? - GetTBConfig : MethodStart
INFO  2021-09-01 10:14:14,326 TBConfigService::? - GetTBConfig : MethodFinish
INFO  2021-09-01 11:38:06,892 TRNoticeMessageService::? - GetListWithModelByRole : MethodStart
INFO  2021-09-01 11:38:07,673 TRNoticeMessageService::? - GetListWithModelByRole : MethodFinish
INFO  2021-09-01 11:39:26,266 TBConfigService::? - GetTBConfig : MethodStart
INFO  2021-09-01 11:39:26,320 TBConfigService::? - GetTBConfig : MethodFinish
INFO  2021-09-01 11:44:39,928 TBConfigService::? - GetTBConfig : MethodStart
INFO  2021-09-01 11:44:39,985 TBConfigService::? - GetTBConfig : MethodFinish
INFO  2021-09-01 11:49:27,461 TBConfigService::? - GetTBConfig : MethodStart
INFO  2021-09-01 11:49:27,608 TBConfigService::? - GetTBConfig : MethodFinish
INFO  2021-09-01 11:50:54,461 TBConfigService::? - GetTBConfig : MethodStart
INFO  2021-09-01 11:50:54,469 TBConfigService::? - GetTBConfig : MethodFinish
INFO  2021-09-01 12:09:49,884 TBConfigService::? - GetTBConfig : MethodStart
INFO  2021-09-01 12:09:49,897 TBConfigService::? - GetTBConfig : MethodFinish
INFO  2021-09-01 12:14:14,398 TBConfigService::? - GetTBConfig : MethodStart
INFO  2021-09-01 12:14:14,411 TBConfigService::? - GetTBConfig : MethodFinish
INFO  2021-09-01 12:18:26,982 TBConfigService::? - GetTBConfig : MethodStart
INFO  2021-09-01 12:18:26,991 TBConfigService::? - GetTBConfig : MethodFinish
INFO  2021-09-01 12:18:29,403 WHONETService::? - Get_TCWHONET_Antibiotics_Acitve_List : MethodStart
INFO  2021-09-01 12:18:29,404 TCWHONET_AntibioticsDAC::? - GetList_Active : MethodStart
INFO  2021-09-01 12:18:29,439 TCWHONET_AntibioticsDAC::? - GetList_Active : MethodFinish
INFO  2021-09-01 12:18:29,442 WHONETService::? - Get_TCWHONET_Antibiotics_Acitve_List : MethodFinish
INFO  2021-09-01 12:25:55,931 TBConfigService::? - GetTBConfig : MethodStart
INFO  2021-09-01 12:25:55,942 TBConfigService::? - GetTBConfig : MethodFinish
INFO  2021-09-01 12:25:58,840 TBConfigService::? - GetTBConfig : MethodStart
INFO  2021-09-01 12:25:58,844 TBConfigService::? - GetTBConfig : MethodFinish
INFO  2021-09-01 12:25:59,958 WHONETService::? - Get_TCWHONET_Antibiotics_Acitve_List : MethodStart
INFO  2021-09-01 12:25:59,959 TCWHONET_AntibioticsDAC::? - GetList_Active : MethodStart
INFO  2021-09-01 12:25:59,973 TCWHONET_AntibioticsDAC::? - GetList_Active : MethodFinish
INFO  2021-09-01 12:25:59,974 WHONETService::? - Get_TCWHONET_Antibiotics_Acitve_List : MethodFinish
INFO  2021-09-01 12:26:23,678 TBConfigService::? - GetTBConfig : MethodStart
INFO  2021-09-01 12:26:23,683 TBConfigService::? - GetTBConfig : MethodFinish
INFO  2021-09-01 12:26:24,993 WHONETService::? - Get_TCWHONET_Antibiotics_Acitve_List : MethodStart
INFO  2021-09-01 12:26:24,994 TCWHONET_AntibioticsDAC::? - GetList_Active : MethodStart
INFO  2021-09-01 12:26:25,003 TCWHONET_AntibioticsDAC::? - GetList_Active : MethodFinish
INFO  2021-09-01 12:26:25,004 WHONETService::? - Get_TCWHONET_Antibiotics_Acitve_List : MethodFinish
INFO  2021-09-01 12:29:10,548 TBConfigService::? - GetTBConfig : MethodStart
INFO  2021-09-01 12:29:10,563 TBConfigService::? - GetTBConfig : MethodFinish
INFO  2021-09-01 12:30:15,834 TBConfigService::? - GetTBConfig : MethodStart
INFO  2021-09-01 12:30:27,768 TBConfigService::? - GetTBConfig : MethodFinish
INFO  2021-09-01 12:30:29,115 WHONETService::? - Get_TCWHONET_Antibiotics_Acitve_List : MethodStart
INFO  2021-09-01 12:30:29,116 TCWHONET_AntibioticsDAC::? - GetList_Active : MethodStart
INFO  2021-09-01 12:30:29,135 TCWHONET_AntibioticsDAC::? - GetList_Active : MethodFinish
INFO  2021-09-01 12:30:29,136 WHONETService::? - Get_TCWHONET_Antibiotics_Acitve_List : MethodFinish
INFO  2021-09-01 12:36:32,983 TRNoticeMessageService::? - GetListWithModelByRole : MethodStart
INFO  2021-09-01 12:36:34,081 TRNoticeMessageService::? - GetListWithModelByRole : MethodFinish
INFO  2021-09-01 12:36:43,499 TBConfigService::? - GetTBConfig : MethodStart
INFO  2021-09-01 12:36:47,719 TBConfigService::? - GetTBConfig : MethodFinish
INFO  2021-09-01 12:37:02,727 WHONETService::? - Get_TCWHONET_Antibiotics_Acitve_List : MethodStart
INFO  2021-09-01 12:37:02,729 TCWHONET_AntibioticsDAC::? - GetList_Active : MethodStart
INFO  2021-09-01 12:37:02,916 TCWHONET_AntibioticsDAC::? - GetList_Active : MethodFinish
INFO  2021-09-01 12:37:02,920 WHONETService::? - Get_TCWHONET_Antibiotics_Acitve_List : MethodFinish
INFO  2021-09-01 13:31:48,262 WHONETService::? - Get_TCWHONET_Antibiotics_Acitve_List : MethodStart
INFO  2021-09-01 13:31:48,264 TCWHONET_AntibioticsDAC::? - GetList_Active : MethodStart
INFO  2021-09-01 13:31:48,572 TCWHONET_AntibioticsDAC::? - GetList_Active : MethodFinish
INFO  2021-09-01 13:31:48,573 WHONETService::? - Get_TCWHONET_Antibiotics_Acitve_List : MethodFinish
INFO  2021-09-01 13:32:13,138 WHONETService::? - Get_TCWHONET_Antibiotics_Acitve_List : MethodStart
INFO  2021-09-01 13:32:13,140 TCWHONET_AntibioticsDAC::? - GetList_Active : MethodStart
INFO  2021-09-01 13:32:13,279 TCWHONET_AntibioticsDAC::? - GetList_Active : MethodFinish
INFO  2021-09-01 13:32:13,280 WHONETService::? - Get_TCWHONET_Antibiotics_Acitve_List : MethodFinish
INFO  2021-09-01 13:32:21,382 WHONETService::? - Get_TCWHONET_Antibiotics_Acitve_List : MethodStart
INFO  2021-09-01 13:32:21,383 TCWHONET_AntibioticsDAC::? - GetList_Active : MethodStart
INFO  2021-09-01 13:32:21,497 TCWHONET_AntibioticsDAC::? - GetList_Active : MethodFinish
INFO  2021-09-01 13:32:21,498 WHONETService::? - Get_TCWHONET_Antibiotics_Acitve_List : MethodFinish
INFO  2021-09-01 13:32:35,295 WHONETService::? - Get_TCWHONET_Antibiotics_Acitve_List : MethodStart
INFO  2021-09-01 13:32:35,297 TCWHONET_AntibioticsDAC::? - GetList_Active : MethodStart
INFO  2021-09-01 13:32:35,406 TCWHONET_AntibioticsDAC::? - GetList_Active : MethodFinish
INFO  2021-09-01 13:32:35,407 WHONETService::? - Get_TCWHONET_Antibiotics_Acitve_List : MethodFinish
INFO  2021-09-01 13:33:35,340 WHONETService::? - Get_TCWHONET_Antibiotics_Acitve_List : MethodStart
INFO  2021-09-01 13:33:35,342 TCWHONET_AntibioticsDAC::? - GetList_Active : MethodStart
INFO  2021-09-01 13:33:35,479 TCWHONET_AntibioticsDAC::? - GetList_Active : MethodFinish
INFO  2021-09-01 13:33:35,480 WHONETService::? - Get_TCWHONET_Antibiotics_Acitve_List : MethodFinish
INFO  2021-09-01 13:37:11,319 WHONETService::? - Get_TCWHONET_Antibiotics_Acitve_List : MethodStart
INFO  2021-09-01 13:37:11,320 TCWHONET_AntibioticsDAC::? - GetList_Active : MethodStart
INFO  2021-09-01 13:37:11,452 TCWHONET_AntibioticsDAC::? - GetList_Active : MethodFinish
INFO  2021-09-01 13:37:11,453 WHONETService::? - Get_TCWHONET_Antibiotics_Acitve_List : MethodFinish
INFO  2021-09-01 13:37:31,433 WHONETService::? - Get_TCWHONET_Antibiotics_Acitve_List : MethodStart
INFO  2021-09-01 13:37:31,435 TCWHONET_AntibioticsDAC::? - GetList_Active : MethodStart
INFO  2021-09-01 13:37:31,567 TCWHONET_AntibioticsDAC::? - GetList_Active : MethodFinish
INFO  2021-09-01 13:37:31,568 WHONETService::? - Get_TCWHONET_Antibiotics_Acitve_List : MethodFinish
INFO  2021-09-01 13:38:45,975 WHONETService::? - Get_TCWHONET_Antibiotics_Acitve_List : MethodStart
INFO  2021-09-01 13:38:45,977 TCWHONET_AntibioticsDAC::? - GetList_Active : MethodStart
INFO  2021-09-01 13:38:46,125 TCWHONET_AntibioticsDAC::? - GetList_Active : MethodFinish
INFO  2021-09-01 13:38:46,137 WHONETService::? - Get_TCWHONET_Antibiotics_Acitve_List : MethodFinish
INFO  2021-09-01 14:00:08,139 TRNoticeMessageService::? - GetListWithModelByRole : MethodStart
INFO  2021-09-01 14:00:09,229 TRNoticeMessageService::? - GetListWithModelByRole : MethodFinish
INFO  2021-09-01 14:00:30,771 TBConfigService::? - GetTBConfig : MethodStart
INFO  2021-09-01 14:00:31,058 TBConfigService::? - GetTBConfig : MethodFinish
INFO  2021-09-01 14:00:51,321 WHONETService::? - Get_TCWHONET_Antibiotics_Acitve_List : MethodStart
INFO  2021-09-01 14:00:51,323 TCWHONET_AntibioticsDAC::? - GetList_Active : MethodStart
INFO  2021-09-01 14:00:51,512 TCWHONET_AntibioticsDAC::? - GetList_Active : MethodFinish
INFO  2021-09-01 14:00:51,515 WHONETService::? - Get_TCWHONET_Antibiotics_Acitve_List : MethodFinish
INFO  2021-09-01 14:00:56,801 TBConfigService::? - GetTBConfig : MethodStart
INFO  2021-09-01 14:00:56,905 TBConfigService::? - GetTBConfig : MethodFinish
INFO  2021-09-01 14:12:01,799 TRNoticeMessageService::? - GetListWithModelByRole : MethodStart
INFO  2021-09-01 14:12:02,814 TRNoticeMessageService::? - GetListWithModelByRole : MethodFinish
INFO  2021-09-01 14:12:28,755 TBConfigService::? - GetTBConfig : MethodStart
INFO  2021-09-01 14:12:29,162 TBConfigService::? - GetTBConfig : MethodFinish
INFO  2021-09-01 14:18:50,890 TBConfigService::? - GetTBConfig : MethodStart
INFO  2021-09-01 14:18:51,041 TBConfigService::? - GetTBConfig : MethodFinish
INFO  2021-09-01 14:19:28,669 TBConfigService::? - GetTBConfig : MethodStart
INFO  2021-09-01 14:19:28,777 TBConfigService::? - GetTBConfig : MethodFinish
INFO  2021-09-01 15:08:26,307 TRNoticeMessageService::? - GetListWithModelByRole : MethodStart
INFO  2021-09-01 15:08:27,372 TRNoticeMessageService::? - GetListWithModelByRole : MethodFinish
INFO  2021-09-01 15:09:01,242 TBConfigService::? - GetTBConfig : MethodStart
INFO  2021-09-01 15:09:01,521 TBConfigService::? - GetTBConfig : MethodFinish
INFO  2021-09-01 15:15:50,071 TBConfigService::? - GetTBConfig : MethodStart
INFO  2021-09-01 15:15:50,208 TBConfigService::? - GetTBConfig : MethodFinish
INFO  2021-09-01 15:19:07,259 TRNoticeMessageService::? - GetListWithModelByRole : MethodStart
INFO  2021-09-01 15:19:08,333 TRNoticeMessageService::? - GetListWithModelByRole : MethodFinish
INFO  2021-09-01 15:19:39,551 TBConfigService::? - GetTBConfig : MethodStart
INFO  2021-09-01 15:19:39,835 TBConfigService::? - GetTBConfig : MethodFinish
INFO  2021-09-01 15:25:17,060 TBConfigService::? - GetTBConfig : MethodStart
INFO  2021-09-01 15:25:17,220 TBConfigService::? - GetTBConfig : MethodFinish
INFO  2021-09-01 15:25:48,726 TBConfigService::? - GetTBConfig : MethodStart
INFO  2021-09-01 15:25:48,827 TBConfigService::? - GetTBConfig : MethodFinish
INFO  2021-09-01 15:25:52,117 TBConfigService::? - GetTBConfig : MethodStart
INFO  2021-09-01 15:25:52,218 TBConfigService::? - GetTBConfig : MethodFinish
INFO  2021-09-01 15:25:53,520 WHONETService::? - Get_TCWHONET_Antibiotics_Acitve_List : MethodStart
INFO  2021-09-01 15:25:53,522 TCWHONET_AntibioticsDAC::? - GetList_Active : MethodStart
INFO  2021-09-01 15:25:53,926 TCWHONET_AntibioticsDAC::? - GetList_Active : MethodFinish
INFO  2021-09-01 15:25:53,929 WHONETService::? - Get_TCWHONET_Antibiotics_Acitve_List : MethodFinish
INFO  2021-09-01 15:26:29,190 WHONETService::? - Get_TCWHONET_Antibiotics_Acitve_List : MethodStart
INFO  2021-09-01 15:26:29,191 TCWHONET_AntibioticsDAC::? - GetList_Active : MethodStart
INFO  2021-09-01 15:26:29,310 TCWHONET_AntibioticsDAC::? - GetList_Active : MethodFinish
INFO  2021-09-01 15:26:29,311 WHONETService::? - Get_TCWHONET_Antibiotics_Acitve_List : MethodFinish
INFO  2021-09-01 15:26:33,505 WHONETService::? - Get_TCWHONET_Antibiotics_Acitve_List : MethodStart
INFO  2021-09-01 15:26:33,507 TCWHONET_AntibioticsDAC::? - GetList_Active : MethodStart
INFO  2021-09-01 15:26:33,623 TCWHONET_AntibioticsDAC::? - GetList_Active : MethodFinish
INFO  2021-09-01 15:26:33,625 WHONETService::? - Get_TCWHONET_Antibiotics_Acitve_List : MethodFinish
INFO  2021-09-01 15:26:35,016 TBConfigService::? - GetTBConfig : MethodStart
INFO  2021-09-01 15:26:35,111 TBConfigService::? - GetTBConfig : MethodFinish
INFO  2021-09-01 15:26:59,996 TBConfigService::? - GetTBConfig : MethodStart
INFO  2021-09-01 15:27:00,138 TBConfigService::? - GetTBConfig : MethodFinish
INFO  2021-09-01 16:06:26,421 TRNoticeMessageService::? - GetListWithModelByRole : MethodStart
INFO  2021-09-01 16:06:27,729 TRNoticeMessageService::? - GetListWithModelByRole : MethodFinish
INFO  2021-09-01 16:07:01,564 TBConfigService::? - GetTBConfig : MethodStart
INFO  2021-09-01 16:07:01,839 TBConfigService::? - GetTBConfig : MethodFinish
INFO  2021-09-01 16:30:07,835 TRNoticeMessageService::? - GetListWithModelByRole : MethodStart
INFO  2021-09-01 16:30:08,942 TRNoticeMessageService::? - GetListWithModelByRole : MethodFinish
INFO  2021-09-01 16:30:14,563 TBConfigService::? - GetTBConfig : MethodStart
INFO  2021-09-01 16:30:14,899 TBConfigService::? - GetTBConfig : MethodFinish
INFO  2021-09-01 16:40:51,672 TRNoticeMessageService::? - GetListWithModelByRole : MethodStart
INFO  2021-09-01 16:40:52,729 TRNoticeMessageService::? - GetListWithModelByRole : MethodFinish
INFO  2021-09-01 16:40:59,302 TBConfigService::? - GetTBConfig : MethodStart
INFO  2021-09-01 16:40:59,582 TBConfigService::? - GetTBConfig : MethodFinish
INFO  2021-09-01 16:59:38,977 TRNoticeMessageService::? - GetListWithModelByRole : MethodStart
INFO  2021-09-01 16:59:40,046 TRNoticeMessageService::? - GetListWithModelByRole : MethodFinish
INFO  2021-09-01 17:00:07,350 TBConfigService::? - GetTBConfig : MethodStart
INFO  2021-09-01 17:00:07,627 TBConfigService::? - GetTBConfig : MethodFinish
INFO  2021-09-01 17:16:47,297 TRNoticeMessageService::? - GetListWithModelByRole : MethodStart
INFO  2021-09-01 17:16:48,353 TRNoticeMessageService::? - GetListWithModelByRole : MethodFinish
INFO  2021-09-01 17:19:26,985 TBConfigService::? - GetTBConfig : MethodStart
INFO  2021-09-01 17:19:27,371 TBConfigService::? - GetTBConfig : MethodFinish
INFO  2021-09-01 17:19:39,648 WHONETService::? - Get_TCWHONET_Antibiotics_Acitve_List : MethodStart
INFO  2021-09-01 17:19:39,650 TCWHONET_AntibioticsDAC::? - GetList_Active : MethodStart
INFO  2021-09-01 17:19:39,833 TCWHONET_AntibioticsDAC::? - GetList_Active : MethodFinish
INFO  2021-09-01 17:19:39,839 WHONETService::? - Get_TCWHONET_Antibiotics_Acitve_List : MethodFinish
INFO  2021-09-01 17:26:25,230 WHONETService::? - Get_TCWHONET_Antibiotics_Acitve_List : MethodStart
INFO  2021-09-01 17:26:25,234 TCWHONET_AntibioticsDAC::? - GetList_Active : MethodStart
INFO  2021-09-01 17:26:25,540 TCWHONET_AntibioticsDAC::? - GetList_Active : MethodFinish
INFO  2021-09-01 17:26:25,544 WHONETService::? - Get_TCWHONET_Antibiotics_Acitve_List : MethodFinish
INFO  2021-09-01 17:27:24,276 WHONETService::? - Get_TCWHONET_Antibiotics_Acitve_List : MethodStart
INFO  2021-09-01 17:27:24,277 TCWHONET_AntibioticsDAC::? - GetList_Active : MethodStart
INFO  2021-09-01 17:27:24,424 TCWHONET_AntibioticsDAC::? - GetList_Active : MethodFinish
INFO  2021-09-01 17:27:24,425 WHONETService::? - Get_TCWHONET_Antibiotics_Acitve_List : MethodFinish
INFO  2021-09-01 17:27:41,445 WHONETService::? - Get_TCWHONET_Antibiotics_Acitve_List : MethodStart
INFO  2021-09-01 17:27:41,446 TCWHONET_AntibioticsDAC::? - GetList_Active : MethodStart
INFO  2021-09-01 17:27:41,570 TCWHONET_AntibioticsDAC::? - GetList_Active : MethodFinish
INFO  2021-09-01 17:27:41,572 WHONETService::? - Get_TCWHONET_Antibiotics_Acitve_List : MethodFinish
INFO  2021-09-01 17:28:44,203 WHONETService::? - Get_TCWHONET_Antibiotics_Acitve_List : MethodStart
INFO  2021-09-01 17:28:44,205 TCWHONET_AntibioticsDAC::? - GetList_Active : MethodStart
INFO  2021-09-01 17:28:44,348 TCWHONET_AntibioticsDAC::? - GetList_Active : MethodFinish
INFO  2021-09-01 17:28:44,350 WHONETService::? - Get_TCWHONET_Antibiotics_Acitve_List : MethodFinish
INFO  2021-09-01 17:30:21,236 WHONETService::? - Get_TCWHONET_Antibiotics_Acitve_List : MethodStart
INFO  2021-09-01 17:30:21,237 TCWHONET_AntibioticsDAC::? - GetList_Active : MethodStart
INFO  2021-09-01 17:30:21,371 TCWHONET_AntibioticsDAC::? - GetList_Active : MethodFinish
INFO  2021-09-01 17:30:21,378 WHONETService::? - Get_TCWHONET_Antibiotics_Acitve_List : MethodFinish
INFO  2021-09-01 17:45:26,229 TRNoticeMessageService::? - GetListWithModelByRole : MethodStart
INFO  2021-09-01 17:45:27,306 TRNoticeMessageService::? - GetListWithModelByRole : MethodFinish
INFO  2021-09-01 17:47:41,944 TBConfigService::? - GetTBConfig : MethodStart
INFO  2021-09-01 17:47:42,257 TBConfigService::? - GetTBConfig : MethodFinish
INFO  2021-09-01 17:59:16,980 TRNoticeMessageService::? - GetListWithModelByRole : MethodStart
INFO  2021-09-01 17:59:18,056 TRNoticeMessageService::? - GetListWithModelByRole : MethodFinish
INFO  2021-09-01 18:00:10,581 TBConfigService::? - GetTBConfig : MethodStart
INFO  2021-09-01 18:00:10,854 TBConfigService::? - GetTBConfig : MethodFinish
INFO  2021-09-01 18:01:14,528 TBConfigService::? - GetTBConfig : MethodStart
INFO  2021-09-01 18:01:14,672 TBConfigService::? - GetTBConfig : MethodFinish
INFO  2021-09-01 18:01:21,024 TBConfigService::? - GetTBConfig : MethodStart
INFO  2021-09-01 18:01:21,133 TBConfigService::? - GetTBConfig : MethodFinish
INFO  2021-09-01 18:17:18,627 TRNoticeMessageService::? - GetListWithModelByRole : MethodStart
INFO  2021-09-01 18:17:19,796 TRNoticeMessageService::? - GetListWithModelByRole : MethodFinish
INFO  2021-09-01 18:17:23,917 TBConfigService::? - GetTBConfig : MethodStart
INFO  2021-09-01 18:17:24,190 TBConfigService::? - GetTBConfig : MethodFinish
INFO  2021-09-01 18:17:36,413 WHONETService::? - Get_TCWHONET_Antibiotics_Acitve_List : MethodStart
INFO  2021-09-01 18:17:36,415 TCWHONET_AntibioticsDAC::? - GetList_Active : MethodStart
INFO  2021-09-01 18:17:36,620 TCWHONET_AntibioticsDAC::? - GetList_Active : MethodFinish
INFO  2021-09-01 18:17:36,623 WHONETService::? - Get_TCWHONET_Antibiotics_Acitve_List : MethodFinish
INFO  2021-09-01 18:21:07,533 WHONETService::? - Get_TCWHONET_Antibiotics_Acitve_List : MethodStart
INFO  2021-09-01 18:21:07,538 TCWHONET_AntibioticsDAC::? - GetList_Active : MethodStart
INFO  2021-09-01 18:21:07,669 TCWHONET_AntibioticsDAC::? - GetList_Active : MethodFinish
INFO  2021-09-01 18:21:07,670 WHONETService::? - Get_TCWHONET_Antibiotics_Acitve_List : MethodFinish
INFO  2021-09-01 18:25:12,685 WHONETService::? - Get_TCWHONET_Antibiotics_Acitve_List : MethodStart
INFO  2021-09-01 18:25:12,686 TCWHONET_AntibioticsDAC::? - GetList_Active : MethodStart
INFO  2021-09-01 18:25:12,840 TCWHONET_AntibioticsDAC::? - GetList_Active : MethodFinish
INFO  2021-09-01 18:25:12,841 WHONETService::? - Get_TCWHONET_Antibiotics_Acitve_List : MethodFinish
INFO  2021-09-01 18:27:09,980 WHONETService::? - Get_TCWHONET_Antibiotics_Acitve_List : MethodStart
INFO  2021-09-01 18:27:09,982 TCWHONET_AntibioticsDAC::? - GetList_Active : MethodStart
INFO  2021-09-01 18:27:10,121 TCWHONET_AntibioticsDAC::? - GetList_Active : MethodFinish
INFO  2021-09-01 18:27:10,122 WHONETService::? - Get_TCWHONET_Antibiotics_Acitve_List : MethodFinish
INFO  2021-09-01 18:27:22,849 WHONETService::? - Get_TCWHONET_Antibiotics_Acitve_List : MethodStart
INFO  2021-09-01 18:27:22,850 TCWHONET_AntibioticsDAC::? - GetList_Active : MethodStart
INFO  2021-09-01 18:27:22,969 TCWHONET_AntibioticsDAC::? - GetList_Active : MethodFinish
INFO  2021-09-01 18:27:22,971 WHONETService::? - Get_TCWHONET_Antibiotics_Acitve_List : MethodFinish
INFO  2021-09-01 18:28:05,201 WHONETService::? - Get_TCWHONET_Antibiotics_Acitve_List : MethodStart
INFO  2021-09-01 18:28:05,202 TCWHONET_AntibioticsDAC::? - GetList_Active : MethodStart
INFO  2021-09-01 18:28:05,352 TCWHONET_AntibioticsDAC::? - GetList_Active : MethodFinish
INFO  2021-09-01 18:28:05,354 WHONETService::? - Get_TCWHONET_Antibiotics_Acitve_List : MethodFinish
INFO  2021-09-01 18:28:35,317 WHONETService::? - Get_TCWHONET_Antibiotics_Acitve_List : MethodStart
INFO  2021-09-01 18:28:35,319 TCWHONET_AntibioticsDAC::? - GetList_Active : MethodStart
INFO  2021-09-01 18:28:35,463 TCWHONET_AntibioticsDAC::? - GetList_Active : MethodFinish
INFO  2021-09-01 18:28:35,464 WHONETService::? - Get_TCWHONET_Antibiotics_Acitve_List : MethodFinish
INFO  2021-09-01 18:28:45,068 WHONETService::? - Get_TCWHONET_Antibiotics_Acitve_List : MethodStart
INFO  2021-09-01 18:28:45,069 TCWHONET_AntibioticsDAC::? - GetList_Active : MethodStart
INFO  2021-09-01 18:28:45,187 TCWHONET_AntibioticsDAC::? - GetList_Active : MethodFinish
INFO  2021-09-01 18:28:45,188 WHONETService::? - Get_TCWHONET_Antibiotics_Acitve_List : MethodFinish
INFO  2021-09-01 18:29:03,413 WHONETService::? - Get_TCWHONET_Antibiotics_Acitve_List : MethodStart
INFO  2021-09-01 18:29:03,414 TCWHONET_AntibioticsDAC::? - GetList_Active : MethodStart
INFO  2021-09-01 18:29:03,551 TCWHONET_AntibioticsDAC::? - GetList_Active : MethodFinish
INFO  2021-09-01 18:29:03,553 WHONETService::? - Get_TCWHONET_Antibiotics_Acitve_List : MethodFinish
INFO  2021-09-01 18:29:19,533 WHONETService::? - Get_TCWHONET_Antibiotics_Acitve_List : MethodStart
INFO  2021-09-01 18:29:19,534 TCWHONET_AntibioticsDAC::? - GetList_Active : MethodStart
INFO  2021-09-01 18:29:19,680 TCWHONET_AntibioticsDAC::? - GetList_Active : MethodFinish
INFO  2021-09-01 18:29:19,682 WHONETService::? - Get_TCWHONET_Antibiotics_Acitve_List : MethodFinish
INFO  2021-09-01 18:29:24,684 WHONETService::? - Get_TCWHONET_Antibiotics_Acitve_List : MethodStart
INFO  2021-09-01 18:29:24,686 TCWHONET_AntibioticsDAC::? - GetList_Active : MethodStart
INFO  2021-09-01 18:29:24,816 TCWHONET_AntibioticsDAC::? - GetList_Active : MethodFinish
INFO  2021-09-01 18:29:24,817 WHONETService::? - Get_TCWHONET_Antibiotics_Acitve_List : MethodFinish
INFO  2021-09-01 22:17:47,881 TRNoticeMessageService::? - GetListWithModelByRole : MethodStart
INFO  2021-09-01 22:17:49,650 TRNoticeMessageService::? - GetListWithModelByRole : MethodFinish
INFO  2021-09-01 22:22:55,924 TBConfigService::? - GetTBConfig : MethodStart
INFO  2021-09-01 22:22:56,564 TBConfigService::? - GetTBConfig : MethodFinish
INFO  2021-09-01 23:00:37,441 TBConfigService::? - GetTBConfig : MethodStart
INFO  2021-09-01 23:00:37,917 TBConfigService::? - GetTBConfig : MethodFinish
INFO  2021-09-01 23:00:41,448 TBConfigService::? - GetTBConfig : MethodStart
INFO  2021-09-01 23:00:41,575 TBConfigService::? - GetTBConfig : MethodFinish
INFO  2021-09-01 23:00:44,046 WHONETService::? - Get_TCWHONET_Antibiotics_Acitve_List : MethodStart
INFO  2021-09-01 23:00:44,057 TCWHONET_AntibioticsDAC::? - GetList_Active : MethodStart
INFO  2021-09-01 23:00:44,403 TCWHONET_AntibioticsDAC::? - GetList_Active : MethodFinish
INFO  2021-09-01 23:00:44,412 WHONETService::? - Get_TCWHONET_Antibiotics_Acitve_List : MethodFinish
INFO  2021-09-01 23:03:58,577 WHONETService::? - Get_TCWHONET_Antibiotics_Acitve_List : MethodStart
INFO  2021-09-01 23:03:58,579 TCWHONET_AntibioticsDAC::? - GetList_Active : MethodStart
INFO  2021-09-01 23:03:58,767 TCWHONET_AntibioticsDAC::? - GetList_Active : MethodFinish
INFO  2021-09-01 23:03:58,769 WHONETService::? - Get_TCWHONET_Antibiotics_Acitve_List : MethodFinish
INFO  2021-09-01 23:04:10,060 WHONETService::? - Get_TCWHONET_Antibiotics_Acitve_List : MethodStart
INFO  2021-09-01 23:04:10,064 TCWHONET_AntibioticsDAC::? - GetList_Active : MethodStart
INFO  2021-09-01 23:04:10,249 TCWHONET_AntibioticsDAC::? - GetList_Active : MethodFinish
INFO  2021-09-01 23:04:10,252 WHONETService::? - Get_TCWHONET_Antibiotics_Acitve_List : MethodFinish
INFO  2021-09-01 23:19:53,148 TBConfigService::? - GetTBConfig : MethodStart
INFO  2021-09-01 23:19:53,563 TBConfigService::? - GetTBConfig : MethodFinish
INFO  2021-09-01 23:23:18,907 TBConfigService::? - GetTBConfig : MethodStart
INFO  2021-09-01 23:23:19,040 TBConfigService::? - GetTBConfig : MethodFinish
INFO  2021-09-01 23:23:20,853 WHONETService::? - Get_TCWHONET_Antibiotics_Acitve_List : MethodStart
INFO  2021-09-01 23:23:20,857 TCWHONET_AntibioticsDAC::? - GetList_Active : MethodStart
INFO  2021-09-01 23:23:21,173 TCWHONET_AntibioticsDAC::? - GetList_Active : MethodFinish
INFO  2021-09-01 23:23:21,176 WHONETService::? - Get_TCWHONET_Antibiotics_Acitve_List : MethodFinish
INFO  2021-09-01 23:23:44,670 WHONETService::? - Get_TCWHONET_Antibiotics_Acitve_List : MethodStart
INFO  2021-09-01 23:23:44,672 TCWHONET_AntibioticsDAC::? - GetList_Active : MethodStart
INFO  2021-09-01 23:23:44,861 TCWHONET_AntibioticsDAC::? - GetList_Active : MethodFinish
INFO  2021-09-01 23:23:44,864 WHONETService::? - Get_TCWHONET_Antibiotics_Acitve_List : MethodFinish
INFO  2021-09-01 23:26:48,718 WHONETService::? - Get_TCWHONET_Antibiotics_Acitve_List : MethodStart
INFO  2021-09-01 23:26:48,720 TCWHONET_AntibioticsDAC::? - GetList_Active : MethodStart
INFO  2021-09-01 23:26:48,860 TCWHONET_AntibioticsDAC::? - GetList_Active : MethodFinish
INFO  2021-09-01 23:26:48,863 WHONETService::? - Get_TCWHONET_Antibiotics_Acitve_List : MethodFinish
INFO  2021-09-01 23:29:37,638 WHONETService::? - Get_TCWHONET_Antibiotics_Acitve_List : MethodStart
INFO  2021-09-01 23:29:37,653 TCWHONET_AntibioticsDAC::? - GetList_Active : MethodStart
INFO  2021-09-01 23:29:38,017 TCWHONET_AntibioticsDAC::? - GetList_Active : MethodFinish
INFO  2021-09-01 23:29:38,021 WHONETService::? - Get_TCWHONET_Antibiotics_Acitve_List : MethodFinish
INFO  2021-09-01 23:49:19,303 TRNoticeMessageService::? - GetListWithModelByRole : MethodStart
INFO  2021-09-01 23:49:21,694 TRNoticeMessageService::? - GetListWithModelByRole : MethodFinish
INFO  2021-09-01 23:50:38,369 TBConfigService::? - GetTBConfig : MethodStart
INFO  2021-09-01 23:50:38,850 TBConfigService::? - GetTBConfig : MethodFinish
