INFO  2021-09-04 23:32:57,631 TRNoticeMessageService::? - GetListWithModelByRole : MethodStart
INFO  2021-09-04 23:32:59,888 TRNoticeMessageService::? - GetListWithModelByRole : MethodFinish
INFO  2021-09-04 23:33:04,056 TBConfigService::? - GetTBConfig : MethodStart
INFO  2021-09-04 23:33:04,479 TBConfigService::? - GetTBConfig : MethodFinish
INFO  2021-09-04 23:33:27,183 TBConfigService::? - GetTBConfig : MethodStart
INFO  2021-09-04 23:33:27,358 TBConfigService::? - GetTBConfig : MethodFinish
INFO  2021-09-04 23:33:33,788 WHONETService::? - Get_TCWHONET_Antibiotics_Acitve_List : MethodStart
INFO  2021-09-04 23:33:33,794 TCWHONET_AntibioticsDAC::? - GetList_Active : MethodStart
INFO  2021-09-04 23:33:34,002 TCWHONET_AntibioticsDAC::? - GetList_Active : MethodFinish
INFO  2021-09-04 23:33:34,012 WHONETService::? - Get_TCWHONET_Antibiotics_Acitve_List : MethodFinish
INFO  2021-09-04 23:35:56,136 WHONETService::? - Get_TCWHONET_Antibiotics_Acitve_List : MethodStart
INFO  2021-09-04 23:35:56,141 TCWHONET_AntibioticsDAC::? - GetList_Active : MethodStart
INFO  2021-09-04 23:35:56,272 TCWHONET_AntibioticsDAC::? - GetList_Active : MethodFinish
INFO  2021-09-04 23:35:56,275 WHONETService::? - Get_TCWHONET_Antibiotics_Acitve_List : MethodFinish
INFO  2021-09-04 23:36:07,702 WHONETService::? - Get_TCWHONET_Antibiotics_Acitve_List : MethodStart
INFO  2021-09-04 23:36:07,704 TCWHONET_AntibioticsDAC::? - GetList_Active : MethodStart
INFO  2021-09-04 23:36:07,836 TCWHONET_AntibioticsDAC::? - GetList_Active : MethodFinish
INFO  2021-09-04 23:36:07,838 WHONETService::? - Get_TCWHONET_Antibiotics_Acitve_List : MethodFinish
INFO  2021-09-04 23:36:26,996 WHONETService::? - Get_TCWHONET_Antibiotics_Acitve_List : MethodStart
INFO  2021-09-04 23:36:27,000 TCWHONET_AntibioticsDAC::? - GetList_Active : MethodStart
INFO  2021-09-04 23:36:27,149 TCWHONET_AntibioticsDAC::? - GetList_Active : MethodFinish
INFO  2021-09-04 23:36:27,157 WHONETService::? - Get_TCWHONET_Antibiotics_Acitve_List : MethodFinish
INFO  2021-09-04 23:37:15,844 TBConfigService::? - GetTBConfig : MethodStart
INFO  2021-09-04 23:37:16,001 TBConfigService::? - GetTBConfig : MethodFinish
INFO  2021-09-04 23:38:03,889 TBConfigService::? - GetTBConfig : MethodStart
INFO  2021-09-04 23:38:04,283 TBConfigService::? - GetTBConfig : MethodFinish
INFO  2021-09-04 23:39:03,484 TBConfigService::? - GetTBConfig : MethodStart
INFO  2021-09-04 23:39:03,619 TBConfigService::? - GetTBConfig : MethodFinish
INFO  2021-09-04 23:45:58,244 TBConfigService::? - GetTBConfig : MethodStart
INFO  2021-09-04 23:45:58,697 TBConfigService::? - GetTBConfig : MethodFinish
INFO  2021-09-04 23:50:50,305 TBConfigService::? - GetTBConfig : MethodStart
INFO  2021-09-04 23:50:50,798 TBConfigService::? - GetTBConfig : MethodFinish
INFO  2021-09-04 23:58:25,908 TRNoticeMessageService::? - GetListWithModelByRole : MethodStart
INFO  2021-09-04 23:58:27,364 TRNoticeMessageService::? - GetListWithModelByRole : MethodFinish
INFO  2021-09-04 23:58:48,972 TBConfigService::? - GetTBConfig : MethodStart
INFO  2021-09-04 23:58:49,364 TBConfigService::? - GetTBConfig : MethodFinish
