INFO  2021-09-11 09:55:34,442 TBConfigService::? - GetTBConfig : MethodStart
INFO  2021-09-11 09:55:35,106 TBConfigService::? - GetTBConfig : MethodFinish
INFO  2021-09-11 09:56:53,197 TBConfigService::? - GetTBConfig : MethodStart
INFO  2021-09-11 09:56:53,342 TBConfigService::? - GetTBConfig : MethodFinish
INFO  2021-09-11 10:03:45,584 TBConfigService::? - GetTBConfig : MethodStart
INFO  2021-09-11 10:03:46,078 TBConfigService::? - GetTBConfig : MethodFinish
INFO  2021-09-11 10:03:46,668 WHONETService::? - Get_TCWHONET_Antibiotic_List : MethodStart
INFO  2021-09-11 10:03:46,949 WHONETService::? - Get_TCWHONET_Antibiotic_List : MethodFinish
INFO  2021-09-11 10:03:47,044 WHONETService::? - Get_TCWHONET_AntibioticSpecies_List : MethodStart
INFO  2021-09-11 10:03:47,187 WHONETService::? - Get_TCWHONET_AntibioticSpecies_List : MethodFinish
INFO  2021-09-11 10:03:47,288 WHONETService::? - Get_TCWHONET_Departments_List : MethodStart
INFO  2021-09-11 10:03:47,351 WHONETService::? - Get_TCWHONET_Departments_List : MethodFinish
INFO  2021-09-11 10:03:47,415 WHONETService::? - Get_TCWHONET_Specimen_List : MethodStart
INFO  2021-09-11 10:03:47,489 WHONETService::? - Get_TCWHONET_Specimen_List : MethodFinish
INFO  2021-09-11 10:03:47,564 WHONETService::? - Get_TCWHONET_Column_List : MethodStart
INFO  2021-09-11 10:03:47,647 WHONETService::? - Get_TCWHONET_Column_List : MethodFinish
INFO  2021-09-11 10:03:47,720 LogProcessService::? - GetLogProcessListWithModel : MethodStart
INFO  2021-09-11 10:03:47,872 LogProcessService::? - GetLogProcessListWithModel : MethodFinish
INFO  2021-09-11 10:07:15,560 TBConfigService::? - GetTBConfig : MethodStart
INFO  2021-09-11 10:07:15,698 TBConfigService::? - GetTBConfig : MethodFinish
INFO  2021-09-11 10:07:17,748 TBConfigService::? - GetTBConfig : MethodStart
INFO  2021-09-11 10:07:17,867 TBConfigService::? - GetTBConfig : MethodFinish
INFO  2021-09-11 10:07:22,984 TBConfigService::? - GetTBConfig : MethodStart
INFO  2021-09-11 10:07:23,102 TBConfigService::? - GetTBConfig : MethodFinish
INFO  2021-09-11 10:07:26,792 TBConfigService::? - GetTBConfig : MethodStart
INFO  2021-09-11 10:07:26,905 TBConfigService::? - GetTBConfig : MethodFinish
INFO  2021-09-11 10:07:44,736 TBConfigService::? - GetTBConfig : MethodStart
INFO  2021-09-11 10:07:44,852 TBConfigService::? - GetTBConfig : MethodFinish
INFO  2021-09-11 10:07:47,265 WHONETService::? - Get_TCWHONET_Antibiotics_Acitve_List : MethodStart
INFO  2021-09-11 10:07:47,269 TCWHONET_AntibioticsDAC::? - GetList_Active : MethodStart
INFO  2021-09-11 10:07:47,668 TCWHONET_AntibioticsDAC::? - GetList_Active : MethodFinish
INFO  2021-09-11 10:07:47,675 WHONETService::? - Get_TCWHONET_Antibiotics_Acitve_List : MethodFinish
INFO  2021-09-11 10:07:51,303 TBConfigService::? - GetTBConfig : MethodStart
INFO  2021-09-11 10:07:51,423 TBConfigService::? - GetTBConfig : MethodFinish
INFO  2021-09-11 10:07:59,429 TBConfigService::? - GetTBConfig : MethodStart
INFO  2021-09-11 10:07:59,548 TBConfigService::? - GetTBConfig : MethodFinish
INFO  2021-09-11 10:07:59,765 WHONETService::? - Get_TCWHONET_Antibiotic_List : MethodStart
INFO  2021-09-11 10:07:59,820 WHONETService::? - Get_TCWHONET_Antibiotic_List : MethodFinish
INFO  2021-09-11 10:07:59,878 WHONETService::? - Get_TCWHONET_AntibioticSpecies_List : MethodStart
INFO  2021-09-11 10:08:00,010 WHONETService::? - Get_TCWHONET_AntibioticSpecies_List : MethodFinish
INFO  2021-09-11 10:08:00,062 WHONETService::? - Get_TCWHONET_Departments_List : MethodStart
INFO  2021-09-11 10:08:00,099 WHONETService::? - Get_TCWHONET_Departments_List : MethodFinish
INFO  2021-09-11 10:08:00,132 WHONETService::? - Get_TCWHONET_Specimen_List : MethodStart
INFO  2021-09-11 10:08:00,173 WHONETService::? - Get_TCWHONET_Specimen_List : MethodFinish
INFO  2021-09-11 10:08:00,202 WHONETService::? - Get_TCWHONET_Column_List : MethodStart
INFO  2021-09-11 10:08:00,260 WHONETService::? - Get_TCWHONET_Column_List : MethodFinish
INFO  2021-09-11 10:08:00,312 LogProcessService::? - GetLogProcessListWithModel : MethodStart
INFO  2021-09-11 10:08:00,417 LogProcessService::? - GetLogProcessListWithModel : MethodFinish
INFO  2021-09-11 11:08:41,175 WHONETService::? - Get_TCWHONET_Antibiotic_List : MethodStart
INFO  2021-09-11 11:08:41,684 WHONETService::? - Get_TCWHONET_Antibiotic_List : MethodFinish
INFO  2021-09-11 11:08:41,739 WHONETService::? - Get_TCWHONET_AntibioticSpecies_List : MethodStart
INFO  2021-09-11 11:08:41,940 WHONETService::? - Get_TCWHONET_AntibioticSpecies_List : MethodFinish
INFO  2021-09-11 11:08:42,033 WHONETService::? - Get_TCWHONET_Departments_List : MethodStart
INFO  2021-09-11 11:08:42,086 WHONETService::? - Get_TCWHONET_Departments_List : MethodFinish
INFO  2021-09-11 11:08:42,116 WHONETService::? - Get_TCWHONET_Specimen_List : MethodStart
INFO  2021-09-11 11:08:42,161 WHONETService::? - Get_TCWHONET_Specimen_List : MethodFinish
INFO  2021-09-11 11:08:42,202 WHONETService::? - Get_TCWHONET_Column_List : MethodStart
INFO  2021-09-11 11:08:42,250 WHONETService::? - Get_TCWHONET_Column_List : MethodFinish
INFO  2021-09-11 12:09:18,417 WHONETService::? - Get_TCWHONET_Antibiotic_List : MethodStart
INFO  2021-09-11 12:09:18,902 WHONETService::? - Get_TCWHONET_Antibiotic_List : MethodFinish
INFO  2021-09-11 12:09:19,002 WHONETService::? - Get_TCWHONET_AntibioticSpecies_List : MethodStart
INFO  2021-09-11 12:09:19,316 WHONETService::? - Get_TCWHONET_AntibioticSpecies_List : MethodFinish
INFO  2021-09-11 12:09:19,462 WHONETService::? - Get_TCWHONET_Departments_List : MethodStart
INFO  2021-09-11 12:09:19,516 WHONETService::? - Get_TCWHONET_Departments_List : MethodFinish
INFO  2021-09-11 12:09:19,549 WHONETService::? - Get_TCWHONET_Specimen_List : MethodStart
INFO  2021-09-11 12:09:19,612 WHONETService::? - Get_TCWHONET_Specimen_List : MethodFinish
INFO  2021-09-11 12:09:19,655 WHONETService::? - Get_TCWHONET_Column_List : MethodStart
INFO  2021-09-11 12:09:19,747 WHONETService::? - Get_TCWHONET_Column_List : MethodFinish
INFO  2021-09-11 12:09:20,944 TBConfigService::? - GetTBConfig : MethodStart
INFO  2021-09-11 12:09:21,279 TBConfigService::? - GetTBConfig : MethodFinish
INFO  2021-09-11 12:09:24,281 TBConfigService::? - GetTBConfig : MethodStart
INFO  2021-09-11 12:09:24,444 TBConfigService::? - GetTBConfig : MethodFinish
INFO  2021-09-11 12:09:24,646 WHONETService::? - Get_TCWHONET_Antibiotic_List : MethodStart
INFO  2021-09-11 12:09:24,688 WHONETService::? - Get_TCWHONET_Antibiotic_List : MethodFinish
INFO  2021-09-11 12:09:24,727 WHONETService::? - Get_TCWHONET_AntibioticSpecies_List : MethodStart
INFO  2021-09-11 12:09:24,776 WHONETService::? - Get_TCWHONET_AntibioticSpecies_List : MethodFinish
INFO  2021-09-11 12:09:24,815 WHONETService::? - Get_TCWHONET_Departments_List : MethodStart
INFO  2021-09-11 12:09:24,858 WHONETService::? - Get_TCWHONET_Departments_List : MethodFinish
INFO  2021-09-11 12:09:24,895 WHONETService::? - Get_TCWHONET_Specimen_List : MethodStart
INFO  2021-09-11 12:09:25,006 WHONETService::? - Get_TCWHONET_Specimen_List : MethodFinish
INFO  2021-09-11 12:09:25,048 WHONETService::? - Get_TCWHONET_Column_List : MethodStart
INFO  2021-09-11 12:09:25,144 WHONETService::? - Get_TCWHONET_Column_List : MethodFinish
INFO  2021-09-11 12:09:25,222 LogProcessService::? - GetLogProcessListWithModel : MethodStart
INFO  2021-09-11 12:09:25,327 LogProcessService::? - GetLogProcessListWithModel : MethodFinish
INFO  2021-09-11 12:09:40,064 WHONETService::? - SaveWHONET_AntibioticsListData : MethodStart
INFO  2021-09-11 12:09:40,104 WHONETService::? - ClearTCWHONET_AntibioticsDataByMST_CODE : MethodStart
INFO  2021-09-11 12:09:40,106 WHONETService::? - Get_TCWHONET_Antibiotic_List : MethodStart
INFO  2021-09-11 12:09:40,148 WHONETService::? - Get_TCWHONET_Antibiotic_List : MethodFinish
INFO  2021-09-11 12:09:40,169 WHONETService::? - ClearTCWHONET_AntibioticsDataByMST_CODE : MethodFinish
INFO  2021-09-11 12:09:41,279 WHONETService::? - SaveWHONET_AntibioticsListData : MethodFinish
INFO  2021-09-11 12:09:41,369 WHONETService::? - SaveWHONET_AntibioticSpeciesListData : MethodStart
INFO  2021-09-11 12:09:41,408 WHONETService::? - ClearTCWHONET_AntibioticSpeciesDataByMST_CODE : MethodStart
INFO  2021-09-11 12:09:41,412 WHONETService::? - Get_TCWHONET_AntibioticSpecies_List : MethodStart
INFO  2021-09-11 12:09:41,453 WHONETService::? - Get_TCWHONET_AntibioticSpecies_List : MethodFinish
INFO  2021-09-11 12:09:41,457 WHONETService::? - ClearTCWHONET_AntibioticSpeciesDataByMST_CODE : MethodFinish
INFO  2021-09-11 12:09:43,159 WHONETService::? - SaveWHONET_AntibioticSpeciesListData : MethodFinish
INFO  2021-09-11 12:09:43,229 WHONETService::? - SaveWHONET_DepartmentsListData : MethodStart
INFO  2021-09-11 12:09:43,369 WHONETService::? - SaveWHONET_DepartmentsListData : MethodFinish
INFO  2021-09-11 12:09:43,411 WHONETService::? - SaveWHONET_SpecimenListData : MethodStart
INFO  2021-09-11 12:09:43,537 WHONETService::? - SaveWHONET_SpecimenListData : MethodFinish
INFO  2021-09-11 12:09:43,609 WHONETService::? - SaveWHONET_ColumnListData : MethodStart
INFO  2021-09-11 12:09:43,645 WHONETService::? - ClearTCWHONET_ColumnDataByMST_CODE : MethodStart
INFO  2021-09-11 12:09:43,647 WHONETService::? - Get_TCWHONET_Column_List : MethodStart
INFO  2021-09-11 12:09:43,714 WHONETService::? - Get_TCWHONET_Column_List : MethodFinish
INFO  2021-09-11 12:09:43,832 WHONETService::? - ClearTCWHONET_ColumnDataByMST_CODE : MethodFinish
INFO  2021-09-11 12:09:44,043 WHONETService::? - SaveWHONET_ColumnListData : MethodFinish
INFO  2021-09-11 12:12:11,944 WHONETService::? - Get_TCWHONET_Antibiotic_List : MethodStart
INFO  2021-09-11 12:12:12,046 WHONETService::? - Get_TCWHONET_Antibiotic_List : MethodFinish
INFO  2021-09-11 12:12:12,179 WHONETService::? - Get_TCWHONET_AntibioticSpecies_List : MethodStart
INFO  2021-09-11 12:12:12,219 WHONETService::? - Get_TCWHONET_AntibioticSpecies_List : MethodFinish
INFO  2021-09-11 12:12:12,262 WHONETService::? - Get_TCWHONET_Departments_List : MethodStart
INFO  2021-09-11 12:12:12,301 WHONETService::? - Get_TCWHONET_Departments_List : MethodFinish
INFO  2021-09-11 12:12:12,335 WHONETService::? - Get_TCWHONET_Specimen_List : MethodStart
INFO  2021-09-11 12:12:12,407 WHONETService::? - Get_TCWHONET_Specimen_List : MethodFinish
INFO  2021-09-11 12:12:12,455 WHONETService::? - Get_TCWHONET_Column_List : MethodStart
INFO  2021-09-11 12:12:12,553 WHONETService::? - Get_TCWHONET_Column_List : MethodFinish
INFO  2021-09-11 12:21:44,885 TBConfigService::? - GetTBConfig : MethodStart
INFO  2021-09-11 12:21:45,308 TBConfigService::? - GetTBConfig : MethodFinish
INFO  2021-09-11 12:21:47,297 TBConfigService::? - GetTBConfig : MethodStart
INFO  2021-09-11 12:21:47,479 TBConfigService::? - GetTBConfig : MethodFinish
INFO  2021-09-11 12:21:47,687 WHONETService::? - Get_TCWHONET_Antibiotic_List : MethodStart
INFO  2021-09-11 12:21:48,017 WHONETService::? - Get_TCWHONET_Antibiotic_List : MethodFinish
INFO  2021-09-11 12:21:48,051 WHONETService::? - Get_TCWHONET_AntibioticSpecies_List : MethodStart
INFO  2021-09-11 12:21:48,354 WHONETService::? - Get_TCWHONET_AntibioticSpecies_List : MethodFinish
INFO  2021-09-11 12:21:48,419 WHONETService::? - Get_TCWHONET_Departments_List : MethodStart
INFO  2021-09-11 12:21:48,462 WHONETService::? - Get_TCWHONET_Departments_List : MethodFinish
INFO  2021-09-11 12:21:48,493 WHONETService::? - Get_TCWHONET_Specimen_List : MethodStart
INFO  2021-09-11 12:21:48,564 WHONETService::? - Get_TCWHONET_Specimen_List : MethodFinish
INFO  2021-09-11 12:21:48,601 WHONETService::? - Get_TCWHONET_Column_List : MethodStart
INFO  2021-09-11 12:21:48,711 WHONETService::? - Get_TCWHONET_Column_List : MethodFinish
INFO  2021-09-11 12:21:48,759 LogProcessService::? - GetLogProcessListWithModel : MethodStart
INFO  2021-09-11 12:21:48,874 LogProcessService::? - GetLogProcessListWithModel : MethodFinish
INFO  2021-09-11 14:14:14,872 TRNoticeMessageService::? - GetListWithModelByRole : MethodStart
INFO  2021-09-11 14:14:15,977 TRNoticeMessageService::? - GetListWithModelByRole : MethodFinish
INFO  2021-09-11 14:14:17,803 TBConfigService::? - GetTBConfig : MethodStart
INFO  2021-09-11 14:14:18,142 TBConfigService::? - GetTBConfig : MethodFinish
INFO  2021-09-11 14:14:27,808 TBConfigService::? - GetTBConfig : MethodStart
INFO  2021-09-11 14:14:27,968 TBConfigService::? - GetTBConfig : MethodFinish
INFO  2021-09-11 14:14:28,234 WHONETService::? - Get_TCWHONET_Antibiotic_List : MethodStart
INFO  2021-09-11 14:14:28,324 WHONETService::? - Get_TCWHONET_Antibiotic_List : MethodFinish
INFO  2021-09-11 14:14:28,368 WHONETService::? - Get_TCWHONET_AntibioticSpecies_List : MethodStart
INFO  2021-09-11 14:14:28,499 WHONETService::? - Get_TCWHONET_AntibioticSpecies_List : MethodFinish
INFO  2021-09-11 14:14:28,553 WHONETService::? - Get_TCWHONET_Departments_List : MethodStart
INFO  2021-09-11 14:14:28,601 WHONETService::? - Get_TCWHONET_Departments_List : MethodFinish
INFO  2021-09-11 14:14:28,631 WHONETService::? - Get_TCWHONET_Specimen_List : MethodStart
INFO  2021-09-11 14:14:28,677 WHONETService::? - Get_TCWHONET_Specimen_List : MethodFinish
INFO  2021-09-11 14:14:28,709 WHONETService::? - Get_TCWHONET_Column_List : MethodStart
INFO  2021-09-11 14:14:28,762 WHONETService::? - Get_TCWHONET_Column_List : MethodFinish
INFO  2021-09-11 14:14:28,797 LogProcessService::? - GetLogProcessListWithModel : MethodStart
INFO  2021-09-11 14:14:28,911 LogProcessService::? - GetLogProcessListWithModel : MethodFinish
INFO  2021-09-11 14:15:05,630 TBConfigService::? - GetTBConfig : MethodStart
INFO  2021-09-11 14:15:05,768 TBConfigService::? - GetTBConfig : MethodFinish
INFO  2021-09-11 14:15:06,021 WHONETService::? - Get_TCWHONET_Antibiotic_List : MethodStart
INFO  2021-09-11 14:15:06,061 WHONETService::? - Get_TCWHONET_Antibiotic_List : MethodFinish
INFO  2021-09-11 14:15:06,089 WHONETService::? - Get_TCWHONET_AntibioticSpecies_List : MethodStart
INFO  2021-09-11 14:15:06,174 WHONETService::? - Get_TCWHONET_AntibioticSpecies_List : MethodFinish
INFO  2021-09-11 14:15:06,211 WHONETService::? - Get_TCWHONET_Departments_List : MethodStart
INFO  2021-09-11 14:15:06,246 WHONETService::? - Get_TCWHONET_Departments_List : MethodFinish
INFO  2021-09-11 14:15:06,272 WHONETService::? - Get_TCWHONET_Specimen_List : MethodStart
INFO  2021-09-11 14:15:06,321 WHONETService::? - Get_TCWHONET_Specimen_List : MethodFinish
INFO  2021-09-11 14:15:06,357 WHONETService::? - Get_TCWHONET_Column_List : MethodStart
INFO  2021-09-11 14:15:06,397 WHONETService::? - Get_TCWHONET_Column_List : MethodFinish
INFO  2021-09-11 14:15:06,419 LogProcessService::? - GetLogProcessListWithModel : MethodStart
INFO  2021-09-11 14:15:06,520 LogProcessService::? - GetLogProcessListWithModel : MethodFinish
INFO  2021-09-11 14:16:50,710 TBConfigService::? - GetTBConfig : MethodStart
INFO  2021-09-11 14:16:50,835 TBConfigService::? - GetTBConfig : MethodFinish
INFO  2021-09-11 14:16:51,085 WHONETService::? - Get_TCWHONET_Antibiotic_List : MethodStart
INFO  2021-09-11 14:16:51,134 WHONETService::? - Get_TCWHONET_Antibiotic_List : MethodFinish
INFO  2021-09-11 14:16:51,161 WHONETService::? - Get_TCWHONET_AntibioticSpecies_List : MethodStart
INFO  2021-09-11 14:16:51,222 WHONETService::? - Get_TCWHONET_AntibioticSpecies_List : MethodFinish
INFO  2021-09-11 14:16:51,256 WHONETService::? - Get_TCWHONET_Departments_List : MethodStart
INFO  2021-09-11 14:16:51,293 WHONETService::? - Get_TCWHONET_Departments_List : MethodFinish
INFO  2021-09-11 14:16:51,356 WHONETService::? - Get_TCWHONET_Specimen_List : MethodStart
INFO  2021-09-11 14:16:51,411 WHONETService::? - Get_TCWHONET_Specimen_List : MethodFinish
INFO  2021-09-11 14:16:51,437 WHONETService::? - Get_TCWHONET_Column_List : MethodStart
INFO  2021-09-11 14:16:51,478 WHONETService::? - Get_TCWHONET_Column_List : MethodFinish
INFO  2021-09-11 14:16:51,503 LogProcessService::? - GetLogProcessListWithModel : MethodStart
INFO  2021-09-11 14:16:51,603 LogProcessService::? - GetLogProcessListWithModel : MethodFinish
INFO  2021-09-11 14:17:46,905 TBConfigService::? - GetTBConfig : MethodStart
INFO  2021-09-11 14:17:47,028 TBConfigService::? - GetTBConfig : MethodFinish
INFO  2021-09-11 14:17:47,216 WHONETService::? - Get_TCWHONET_Antibiotic_List : MethodStart
INFO  2021-09-11 14:17:47,258 WHONETService::? - Get_TCWHONET_Antibiotic_List : MethodFinish
INFO  2021-09-11 14:17:47,281 WHONETService::? - Get_TCWHONET_AntibioticSpecies_List : MethodStart
INFO  2021-09-11 14:17:47,333 WHONETService::? - Get_TCWHONET_AntibioticSpecies_List : MethodFinish
INFO  2021-09-11 14:17:47,370 WHONETService::? - Get_TCWHONET_Departments_List : MethodStart
INFO  2021-09-11 14:17:47,406 WHONETService::? - Get_TCWHONET_Departments_List : MethodFinish
INFO  2021-09-11 14:17:47,424 WHONETService::? - Get_TCWHONET_Specimen_List : MethodStart
INFO  2021-09-11 14:17:47,467 WHONETService::? - Get_TCWHONET_Specimen_List : MethodFinish
INFO  2021-09-11 14:17:47,489 WHONETService::? - Get_TCWHONET_Column_List : MethodStart
INFO  2021-09-11 14:17:47,531 WHONETService::? - Get_TCWHONET_Column_List : MethodFinish
INFO  2021-09-11 14:17:47,553 LogProcessService::? - GetLogProcessListWithModel : MethodStart
INFO  2021-09-11 14:17:47,689 LogProcessService::? - GetLogProcessListWithModel : MethodFinish
INFO  2021-09-11 14:28:49,847 TRNoticeMessageService::? - GetListWithModelByRole : MethodStart
INFO  2021-09-11 14:28:51,039 TRNoticeMessageService::? - GetListWithModelByRole : MethodFinish
INFO  2021-09-11 14:29:02,342 TBConfigService::? - GetTBConfig : MethodStart
INFO  2021-09-11 14:29:02,659 TBConfigService::? - GetTBConfig : MethodFinish
INFO  2021-09-11 14:29:11,153 TBConfigService::? - GetTBConfig : MethodStart
INFO  2021-09-11 14:29:11,306 TBConfigService::? - GetTBConfig : MethodFinish
INFO  2021-09-11 14:29:11,592 WHONETService::? - Get_TCWHONET_Antibiotic_List : MethodStart
INFO  2021-09-11 14:29:11,688 WHONETService::? - Get_TCWHONET_Antibiotic_List : MethodFinish
INFO  2021-09-11 14:29:11,732 WHONETService::? - Get_TCWHONET_AntibioticSpecies_List : MethodStart
INFO  2021-09-11 14:29:11,856 WHONETService::? - Get_TCWHONET_AntibioticSpecies_List : MethodFinish
INFO  2021-09-11 14:29:11,907 WHONETService::? - Get_TCWHONET_Departments_List : MethodStart
INFO  2021-09-11 14:29:11,963 WHONETService::? - Get_TCWHONET_Departments_List : MethodFinish
INFO  2021-09-11 14:29:11,997 WHONETService::? - Get_TCWHONET_Specimen_List : MethodStart
INFO  2021-09-11 14:29:12,067 WHONETService::? - Get_TCWHONET_Specimen_List : MethodFinish
INFO  2021-09-11 14:29:12,101 WHONETService::? - Get_TCWHONET_Column_List : MethodStart
INFO  2021-09-11 14:29:12,151 WHONETService::? - Get_TCWHONET_Column_List : MethodFinish
INFO  2021-09-11 14:29:12,189 LogProcessService::? - GetLogProcessListWithModel : MethodStart
INFO  2021-09-11 14:29:12,309 LogProcessService::? - GetLogProcessListWithModel : MethodFinish
INFO  2021-09-11 14:29:14,468 TBConfigService::? - GetTBConfig : MethodStart
INFO  2021-09-11 14:29:14,581 TBConfigService::? - GetTBConfig : MethodFinish
INFO  2021-09-11 14:29:15,985 TBConfigService::? - GetTBConfig : MethodStart
INFO  2021-09-11 14:29:16,094 TBConfigService::? - GetTBConfig : MethodFinish
INFO  2021-09-11 14:29:16,291 WHONETService::? - Get_TCWHONET_Antibiotic_List : MethodStart
INFO  2021-09-11 14:29:16,334 WHONETService::? - Get_TCWHONET_Antibiotic_List : MethodFinish
INFO  2021-09-11 14:29:16,360 WHONETService::? - Get_TCWHONET_AntibioticSpecies_List : MethodStart
INFO  2021-09-11 14:29:16,451 WHONETService::? - Get_TCWHONET_AntibioticSpecies_List : MethodFinish
INFO  2021-09-11 14:29:16,482 WHONETService::? - Get_TCWHONET_Departments_List : MethodStart
INFO  2021-09-11 14:29:16,519 WHONETService::? - Get_TCWHONET_Departments_List : MethodFinish
INFO  2021-09-11 14:29:16,537 WHONETService::? - Get_TCWHONET_Specimen_List : MethodStart
INFO  2021-09-11 14:29:16,576 WHONETService::? - Get_TCWHONET_Specimen_List : MethodFinish
INFO  2021-09-11 14:29:16,594 WHONETService::? - Get_TCWHONET_Column_List : MethodStart
INFO  2021-09-11 14:29:16,641 WHONETService::? - Get_TCWHONET_Column_List : MethodFinish
INFO  2021-09-11 14:29:16,678 LogProcessService::? - GetLogProcessListWithModel : MethodStart
INFO  2021-09-11 14:29:16,782 LogProcessService::? - GetLogProcessListWithModel : MethodFinish
INFO  2021-09-11 14:34:47,945 TBConfigService::? - GetTBConfig : MethodStart
INFO  2021-09-11 14:34:48,058 TBConfigService::? - GetTBConfig : MethodFinish
INFO  2021-09-11 14:34:59,166 TBConfigService::? - GetTBConfig : MethodStart
INFO  2021-09-11 14:34:59,274 TBConfigService::? - GetTBConfig : MethodFinish
INFO  2021-09-11 14:35:00,758 WHONETService::? - Get_TCWHONET_Antibiotics_Acitve_List : MethodStart
INFO  2021-09-11 14:35:00,760 TCWHONET_AntibioticsDAC::? - GetList_Active : MethodStart
INFO  2021-09-11 14:35:00,885 TCWHONET_AntibioticsDAC::? - GetList_Active : MethodFinish
INFO  2021-09-11 14:35:00,887 WHONETService::? - Get_TCWHONET_Antibiotics_Acitve_List : MethodFinish
INFO  2021-09-11 14:36:05,879 TBConfigService::? - GetTBConfig : MethodStart
INFO  2021-09-11 14:36:05,990 TBConfigService::? - GetTBConfig : MethodFinish
INFO  2021-09-11 14:36:07,207 TBConfigService::? - GetTBConfig : MethodStart
INFO  2021-09-11 14:36:07,316 TBConfigService::? - GetTBConfig : MethodFinish
INFO  2021-09-11 14:36:07,475 WHONETService::? - Get_TCWHONET_Antibiotic_List : MethodStart
INFO  2021-09-11 14:36:07,520 WHONETService::? - Get_TCWHONET_Antibiotic_List : MethodFinish
INFO  2021-09-11 14:36:07,542 WHONETService::? - Get_TCWHONET_AntibioticSpecies_List : MethodStart
INFO  2021-09-11 14:36:07,596 WHONETService::? - Get_TCWHONET_AntibioticSpecies_List : MethodFinish
INFO  2021-09-11 14:36:07,630 WHONETService::? - Get_TCWHONET_Departments_List : MethodStart
INFO  2021-09-11 14:36:07,668 WHONETService::? - Get_TCWHONET_Departments_List : MethodFinish
INFO  2021-09-11 14:36:07,683 WHONETService::? - Get_TCWHONET_Specimen_List : MethodStart
INFO  2021-09-11 14:36:07,722 WHONETService::? - Get_TCWHONET_Specimen_List : MethodFinish
INFO  2021-09-11 14:36:07,739 WHONETService::? - Get_TCWHONET_Column_List : MethodStart
INFO  2021-09-11 14:36:07,788 WHONETService::? - Get_TCWHONET_Column_List : MethodFinish
INFO  2021-09-11 14:36:07,820 LogProcessService::? - GetLogProcessListWithModel : MethodStart
INFO  2021-09-11 14:36:07,926 LogProcessService::? - GetLogProcessListWithModel : MethodFinish
INFO  2021-09-11 14:54:19,289 TRNoticeMessageService::? - GetListWithModelByRole : MethodStart
INFO  2021-09-11 14:54:20,438 TRNoticeMessageService::? - GetListWithModelByRole : MethodFinish
INFO  2021-09-11 14:54:44,208 TBConfigService::? - GetTBConfig : MethodStart
INFO  2021-09-11 14:54:44,573 TBConfigService::? - GetTBConfig : MethodFinish
INFO  2021-09-11 14:54:58,439 TBConfigService::? - GetTBConfig : MethodStart
INFO  2021-09-11 14:54:58,577 TBConfigService::? - GetTBConfig : MethodFinish
INFO  2021-09-11 14:54:58,842 WHONETService::? - Get_TCWHONET_Antibiotic_List : MethodStart
INFO  2021-09-11 14:54:58,942 WHONETService::? - Get_TCWHONET_Antibiotic_List : MethodFinish
INFO  2021-09-11 14:54:58,990 WHONETService::? - Get_TCWHONET_AntibioticSpecies_List : MethodStart
INFO  2021-09-11 14:54:59,117 WHONETService::? - Get_TCWHONET_AntibioticSpecies_List : MethodFinish
INFO  2021-09-11 14:54:59,184 WHONETService::? - Get_TCWHONET_Departments_List : MethodStart
INFO  2021-09-11 14:54:59,235 WHONETService::? - Get_TCWHONET_Departments_List : MethodFinish
INFO  2021-09-11 14:54:59,265 WHONETService::? - Get_TCWHONET_Specimen_List : MethodStart
INFO  2021-09-11 14:54:59,317 WHONETService::? - Get_TCWHONET_Specimen_List : MethodFinish
INFO  2021-09-11 14:54:59,350 WHONETService::? - Get_TCWHONET_Column_List : MethodStart
INFO  2021-09-11 14:54:59,405 WHONETService::? - Get_TCWHONET_Column_List : MethodFinish
INFO  2021-09-11 14:54:59,444 LogProcessService::? - GetLogProcessListWithModel : MethodStart
INFO  2021-09-11 14:54:59,590 LogProcessService::? - GetLogProcessListWithModel : MethodFinish
INFO  2021-09-11 14:56:29,301 TBConfigService::? - GetTBConfig : MethodStart
INFO  2021-09-11 14:56:29,412 TBConfigService::? - GetTBConfig : MethodFinish
INFO  2021-09-11 15:38:56,061 TRNoticeMessageService::? - GetListWithModelByRole : MethodStart
INFO  2021-09-11 15:38:57,169 TRNoticeMessageService::? - GetListWithModelByRole : MethodFinish
INFO  2021-09-11 15:39:20,726 TBConfigService::? - GetTBConfig : MethodStart
INFO  2021-09-11 15:39:21,020 TBConfigService::? - GetTBConfig : MethodFinish
INFO  2021-09-11 15:40:02,165 TBConfigService::? - GetTBConfig : MethodStart
INFO  2021-09-11 15:40:02,302 TBConfigService::? - GetTBConfig : MethodFinish
INFO  2021-09-11 15:40:02,579 WHONETService::? - Get_TCWHONET_Antibiotic_List : MethodStart
INFO  2021-09-11 15:40:02,657 WHONETService::? - Get_TCWHONET_Antibiotic_List : MethodFinish
INFO  2021-09-11 15:40:02,702 WHONETService::? - Get_TCWHONET_AntibioticSpecies_List : MethodStart
INFO  2021-09-11 15:40:03,013 WHONETService::? - Get_TCWHONET_AntibioticSpecies_List : MethodFinish
INFO  2021-09-11 15:40:03,077 WHONETService::? - Get_TCWHONET_Departments_List : MethodStart
INFO  2021-09-11 15:40:03,123 WHONETService::? - Get_TCWHONET_Departments_List : MethodFinish
INFO  2021-09-11 15:40:03,154 WHONETService::? - Get_TCWHONET_Specimen_List : MethodStart
INFO  2021-09-11 15:40:03,200 WHONETService::? - Get_TCWHONET_Specimen_List : MethodFinish
INFO  2021-09-11 15:40:03,232 WHONETService::? - Get_TCWHONET_Column_List : MethodStart
INFO  2021-09-11 15:40:03,313 WHONETService::? - Get_TCWHONET_Column_List : MethodFinish
INFO  2021-09-11 15:40:03,587 LogProcessService::? - GetLogProcessListWithModel : MethodStart
INFO  2021-09-11 15:40:03,706 LogProcessService::? - GetLogProcessListWithModel : MethodFinish
INFO  2021-09-11 16:03:47,378 TRNoticeMessageService::? - GetListWithModelByRole : MethodStart
INFO  2021-09-11 16:03:48,434 TRNoticeMessageService::? - GetListWithModelByRole : MethodFinish
INFO  2021-09-11 16:05:32,782 TBConfigService::? - GetTBConfig : MethodStart
INFO  2021-09-11 16:05:33,255 TBConfigService::? - GetTBConfig : MethodFinish
INFO  2021-09-11 16:05:58,832 TBConfigService::? - GetTBConfig : MethodStart
INFO  2021-09-11 16:05:58,984 TBConfigService::? - GetTBConfig : MethodFinish
INFO  2021-09-11 16:05:59,271 WHONETService::? - Get_TCWHONET_Antibiotic_List : MethodStart
INFO  2021-09-11 16:05:59,366 WHONETService::? - Get_TCWHONET_Antibiotic_List : MethodFinish
INFO  2021-09-11 16:05:59,424 WHONETService::? - Get_TCWHONET_AntibioticSpecies_List : MethodStart
INFO  2021-09-11 16:05:59,691 WHONETService::? - Get_TCWHONET_AntibioticSpecies_List : MethodFinish
INFO  2021-09-11 16:05:59,751 WHONETService::? - Get_TCWHONET_Departments_List : MethodStart
INFO  2021-09-11 16:05:59,797 WHONETService::? - Get_TCWHONET_Departments_List : MethodFinish
INFO  2021-09-11 16:05:59,827 WHONETService::? - Get_TCWHONET_Specimen_List : MethodStart
INFO  2021-09-11 16:05:59,881 WHONETService::? - Get_TCWHONET_Specimen_List : MethodFinish
INFO  2021-09-11 16:05:59,912 WHONETService::? - Get_TCWHONET_Column_List : MethodStart
INFO  2021-09-11 16:05:59,989 WHONETService::? - Get_TCWHONET_Column_List : MethodFinish
INFO  2021-09-11 16:06:00,723 LogProcessService::? - GetLogProcessListWithModel : MethodStart
INFO  2021-09-11 16:06:00,843 LogProcessService::? - GetLogProcessListWithModel : MethodFinish
INFO  2021-09-11 16:06:28,566 TBConfigService::? - GetTBConfig : MethodStart
INFO  2021-09-11 16:06:28,677 TBConfigService::? - GetTBConfig : MethodFinish
INFO  2021-09-11 16:06:31,605 TBConfigService::? - GetTBConfig : MethodStart
INFO  2021-09-11 16:06:31,715 TBConfigService::? - GetTBConfig : MethodFinish
INFO  2021-09-11 16:06:31,879 WHONETService::? - Get_TCWHONET_Antibiotic_List : MethodStart
INFO  2021-09-11 16:06:31,954 WHONETService::? - Get_TCWHONET_Antibiotic_List : MethodFinish
INFO  2021-09-11 16:06:31,974 WHONETService::? - Get_TCWHONET_AntibioticSpecies_List : MethodStart
INFO  2021-09-11 16:06:32,061 WHONETService::? - Get_TCWHONET_AntibioticSpecies_List : MethodFinish
INFO  2021-09-11 16:06:32,101 WHONETService::? - Get_TCWHONET_Departments_List : MethodStart
INFO  2021-09-11 16:06:32,142 WHONETService::? - Get_TCWHONET_Departments_List : MethodFinish
INFO  2021-09-11 16:06:32,161 WHONETService::? - Get_TCWHONET_Specimen_List : MethodStart
INFO  2021-09-11 16:06:32,202 WHONETService::? - Get_TCWHONET_Specimen_List : MethodFinish
INFO  2021-09-11 16:06:32,220 WHONETService::? - Get_TCWHONET_Column_List : MethodStart
INFO  2021-09-11 16:06:32,261 WHONETService::? - Get_TCWHONET_Column_List : MethodFinish
INFO  2021-09-11 16:06:32,769 LogProcessService::? - GetLogProcessListWithModel : MethodStart
INFO  2021-09-11 16:06:32,878 LogProcessService::? - GetLogProcessListWithModel : MethodFinish
INFO  2021-09-11 16:06:43,958 TBConfigService::? - GetTBConfig : MethodStart
INFO  2021-09-11 16:06:44,065 TBConfigService::? - GetTBConfig : MethodFinish
INFO  2021-09-11 16:06:45,485 TBConfigService::? - GetTBConfig : MethodStart
INFO  2021-09-11 16:06:45,591 TBConfigService::? - GetTBConfig : MethodFinish
INFO  2021-09-11 16:06:45,770 WHONETService::? - Get_TCWHONET_Antibiotic_List : MethodStart
INFO  2021-09-11 16:06:45,823 WHONETService::? - Get_TCWHONET_Antibiotic_List : MethodFinish
INFO  2021-09-11 16:06:45,849 WHONETService::? - Get_TCWHONET_AntibioticSpecies_List : MethodStart
INFO  2021-09-11 16:06:45,943 WHONETService::? - Get_TCWHONET_AntibioticSpecies_List : MethodFinish
INFO  2021-09-11 16:06:45,995 WHONETService::? - Get_TCWHONET_Departments_List : MethodStart
INFO  2021-09-11 16:06:46,034 WHONETService::? - Get_TCWHONET_Departments_List : MethodFinish
INFO  2021-09-11 16:06:46,061 WHONETService::? - Get_TCWHONET_Specimen_List : MethodStart
INFO  2021-09-11 16:06:46,105 WHONETService::? - Get_TCWHONET_Specimen_List : MethodFinish
INFO  2021-09-11 16:06:46,141 WHONETService::? - Get_TCWHONET_Column_List : MethodStart
INFO  2021-09-11 16:06:46,180 WHONETService::? - Get_TCWHONET_Column_List : MethodFinish
INFO  2021-09-11 16:06:46,664 LogProcessService::? - GetLogProcessListWithModel : MethodStart
INFO  2021-09-11 16:06:46,781 LogProcessService::? - GetLogProcessListWithModel : MethodFinish
INFO  2021-09-11 16:13:37,854 TRNoticeMessageService::? - GetListWithModelByRole : MethodStart
INFO  2021-09-11 16:13:38,918 TRNoticeMessageService::? - GetListWithModelByRole : MethodFinish
INFO  2021-09-11 16:13:40,831 TBConfigService::? - GetTBConfig : MethodStart
INFO  2021-09-11 16:13:41,130 TBConfigService::? - GetTBConfig : MethodFinish
INFO  2021-09-11 16:13:48,094 TBConfigService::? - GetTBConfig : MethodStart
INFO  2021-09-11 16:13:48,251 TBConfigService::? - GetTBConfig : MethodFinish
INFO  2021-09-11 16:13:51,273 LogProcessService::? - GetLogProcessListWithModel : MethodStart
INFO  2021-09-11 16:13:51,401 LogProcessService::? - GetLogProcessListWithModel : MethodFinish
INFO  2021-09-11 16:14:13,836 TBConfigService::? - GetTBConfig : MethodStart
INFO  2021-09-11 16:14:13,943 TBConfigService::? - GetTBConfig : MethodFinish
INFO  2021-09-11 16:14:15,305 TBConfigService::? - GetTBConfig : MethodStart
INFO  2021-09-11 16:14:15,430 TBConfigService::? - GetTBConfig : MethodFinish
INFO  2021-09-11 16:14:15,630 WHONETService::? - Get_TCWHONET_Antibiotic_List : MethodStart
INFO  2021-09-11 16:14:15,723 WHONETService::? - Get_TCWHONET_Antibiotic_List : MethodFinish
INFO  2021-09-11 16:14:15,765 WHONETService::? - Get_TCWHONET_AntibioticSpecies_List : MethodStart
INFO  2021-09-11 16:14:15,902 WHONETService::? - Get_TCWHONET_AntibioticSpecies_List : MethodFinish
INFO  2021-09-11 16:14:15,953 WHONETService::? - Get_TCWHONET_Departments_List : MethodStart
INFO  2021-09-11 16:14:16,001 WHONETService::? - Get_TCWHONET_Departments_List : MethodFinish
INFO  2021-09-11 16:14:16,051 WHONETService::? - Get_TCWHONET_Specimen_List : MethodStart
INFO  2021-09-11 16:14:16,111 WHONETService::? - Get_TCWHONET_Specimen_List : MethodFinish
INFO  2021-09-11 16:14:16,150 WHONETService::? - Get_TCWHONET_Column_List : MethodStart
INFO  2021-09-11 16:14:16,232 WHONETService::? - Get_TCWHONET_Column_List : MethodFinish
INFO  2021-09-11 16:14:16,704 LogProcessService::? - GetLogProcessListWithModel : MethodStart
INFO  2021-09-11 16:14:16,811 LogProcessService::? - GetLogProcessListWithModel : MethodFinish
INFO  2021-09-11 16:17:23,757 TRNoticeMessageService::? - GetListWithModelByRole : MethodStart
INFO  2021-09-11 16:17:24,977 TRNoticeMessageService::? - GetListWithModelByRole : MethodFinish
INFO  2021-09-11 16:17:35,228 TBConfigService::? - GetTBConfig : MethodStart
INFO  2021-09-11 16:17:35,562 TBConfigService::? - GetTBConfig : MethodFinish
INFO  2021-09-11 16:17:56,516 TBConfigService::? - GetTBConfig : MethodStart
INFO  2021-09-11 16:17:56,678 TBConfigService::? - GetTBConfig : MethodFinish
INFO  2021-09-11 16:17:57,003 WHONETService::? - Get_TCWHONET_Antibiotic_List : MethodStart
INFO  2021-09-11 16:17:57,080 WHONETService::? - Get_TCWHONET_Antibiotic_List : MethodFinish
INFO  2021-09-11 16:17:57,131 WHONETService::? - Get_TCWHONET_AntibioticSpecies_List : MethodStart
INFO  2021-09-11 16:17:57,388 WHONETService::? - Get_TCWHONET_AntibioticSpecies_List : MethodFinish
INFO  2021-09-11 16:17:57,467 WHONETService::? - Get_TCWHONET_Departments_List : MethodStart
INFO  2021-09-11 16:17:57,519 WHONETService::? - Get_TCWHONET_Departments_List : MethodFinish
INFO  2021-09-11 16:17:57,552 WHONETService::? - Get_TCWHONET_Specimen_List : MethodStart
INFO  2021-09-11 16:17:57,598 WHONETService::? - Get_TCWHONET_Specimen_List : MethodFinish
INFO  2021-09-11 16:17:57,637 WHONETService::? - Get_TCWHONET_Column_List : MethodStart
INFO  2021-09-11 16:17:57,709 WHONETService::? - Get_TCWHONET_Column_List : MethodFinish
INFO  2021-09-11 16:17:58,447 LogProcessService::? - GetLogProcessListWithModel : MethodStart
INFO  2021-09-11 16:17:58,564 LogProcessService::? - GetLogProcessListWithModel : MethodFinish
INFO  2021-09-11 16:26:02,948 TRNoticeMessageService::? - GetListWithModelByRole : MethodStart
INFO  2021-09-11 16:26:04,023 TRNoticeMessageService::? - GetListWithModelByRole : MethodFinish
INFO  2021-09-11 16:26:08,729 TBConfigService::? - GetTBConfig : MethodStart
INFO  2021-09-11 16:26:09,058 TBConfigService::? - GetTBConfig : MethodFinish
INFO  2021-09-11 16:26:16,184 TBConfigService::? - GetTBConfig : MethodStart
INFO  2021-09-11 16:26:16,340 TBConfigService::? - GetTBConfig : MethodFinish
INFO  2021-09-11 16:26:16,598 WHONETService::? - Get_TCWHONET_Antibiotic_List : MethodStart
INFO  2021-09-11 16:26:16,694 WHONETService::? - Get_TCWHONET_Antibiotic_List : MethodFinish
INFO  2021-09-11 16:26:16,751 WHONETService::? - Get_TCWHONET_AntibioticSpecies_List : MethodStart
INFO  2021-09-11 16:26:16,873 WHONETService::? - Get_TCWHONET_AntibioticSpecies_List : MethodFinish
INFO  2021-09-11 16:26:16,926 WHONETService::? - Get_TCWHONET_Departments_List : MethodStart
INFO  2021-09-11 16:26:16,969 WHONETService::? - Get_TCWHONET_Departments_List : MethodFinish
INFO  2021-09-11 16:26:16,997 WHONETService::? - Get_TCWHONET_Specimen_List : MethodStart
INFO  2021-09-11 16:26:17,063 WHONETService::? - Get_TCWHONET_Specimen_List : MethodFinish
INFO  2021-09-11 16:26:17,105 WHONETService::? - Get_TCWHONET_Column_List : MethodStart
INFO  2021-09-11 16:26:17,160 WHONETService::? - Get_TCWHONET_Column_List : MethodFinish
INFO  2021-09-11 16:26:17,895 LogProcessService::? - GetLogProcessListWithModel : MethodStart
INFO  2021-09-11 16:26:18,029 LogProcessService::? - GetLogProcessListWithModel : MethodFinish
INFO  2021-09-11 16:34:50,758 TBConfigService::? - GetTBConfig : MethodStart
INFO  2021-09-11 16:34:51,170 TBConfigService::? - GetTBConfig : MethodFinish
INFO  2021-09-11 16:36:00,524 TBConfigService::? - GetTBConfig : MethodStart
INFO  2021-09-11 16:36:00,650 TBConfigService::? - GetTBConfig : MethodFinish
INFO  2021-09-11 16:36:03,769 LogProcessService::? - GetLogProcessListWithModel : MethodStart
INFO  2021-09-11 16:36:04,162 LogProcessService::? - GetLogProcessListWithModel : MethodFinish
INFO  2021-09-11 16:38:33,585 TRNoticeMessageService::? - GetListWithModelByRole : MethodStart
INFO  2021-09-11 16:38:34,644 TRNoticeMessageService::? - GetListWithModelByRole : MethodFinish
INFO  2021-09-11 16:38:43,860 TBConfigService::? - GetTBConfig : MethodStart
INFO  2021-09-11 16:38:44,185 TBConfigService::? - GetTBConfig : MethodFinish
INFO  2021-09-11 16:47:03,554 TBConfigService::? - GetTBConfig : MethodStart
INFO  2021-09-11 16:47:03,973 TBConfigService::? - GetTBConfig : MethodFinish
INFO  2021-09-11 16:47:04,270 WHONETService::? - Get_TCWHONET_Antibiotic_List : MethodStart
INFO  2021-09-11 16:47:04,521 WHONETService::? - Get_TCWHONET_Antibiotic_List : MethodFinish
INFO  2021-09-11 16:47:04,575 WHONETService::? - Get_TCWHONET_AntibioticSpecies_List : MethodStart
INFO  2021-09-11 16:47:04,697 WHONETService::? - Get_TCWHONET_AntibioticSpecies_List : MethodFinish
INFO  2021-09-11 16:47:04,752 WHONETService::? - Get_TCWHONET_Departments_List : MethodStart
INFO  2021-09-11 16:47:04,793 WHONETService::? - Get_TCWHONET_Departments_List : MethodFinish
INFO  2021-09-11 16:47:04,828 WHONETService::? - Get_TCWHONET_Specimen_List : MethodStart
INFO  2021-09-11 16:47:04,873 WHONETService::? - Get_TCWHONET_Specimen_List : MethodFinish
INFO  2021-09-11 16:47:04,906 WHONETService::? - Get_TCWHONET_Column_List : MethodStart
INFO  2021-09-11 16:47:04,973 WHONETService::? - Get_TCWHONET_Column_List : MethodFinish
INFO  2021-09-11 16:47:05,685 LogProcessService::? - GetLogProcessListWithModel : MethodStart
INFO  2021-09-11 16:47:05,796 LogProcessService::? - GetLogProcessListWithModel : MethodFinish
INFO  2021-09-11 16:47:09,332 TBConfigService::? - GetTBConfig : MethodStart
INFO  2021-09-11 16:47:09,444 TBConfigService::? - GetTBConfig : MethodFinish
INFO  2021-09-11 16:48:26,177 TBConfigService::? - GetTBConfig : MethodStart
INFO  2021-09-11 16:48:26,294 TBConfigService::? - GetTBConfig : MethodFinish
INFO  2021-09-11 16:48:29,368 LogProcessService::? - GetLogProcessListWithModel : MethodStart
INFO  2021-09-11 16:48:29,470 LogProcessService::? - GetLogProcessListWithModel : MethodFinish
INFO  2021-09-11 16:48:34,744 TBConfigService::? - GetTBConfig : MethodStart
INFO  2021-09-11 16:48:34,849 TBConfigService::? - GetTBConfig : MethodFinish
