INFO  2021-09-02 09:40:35,198 TRNoticeMessageService::? - GetListWithModelByRole : MethodStart
INFO  2021-09-02 09:40:37,801 TRNoticeMessageService::? - GetListWithModelByRole : MethodFinish
INFO  2021-09-02 09:40:41,393 TBConfigService::? - GetTBConfig : MethodStart
INFO  2021-09-02 09:40:41,799 TBConfigService::? - GetTBConfig : MethodFinish
INFO  2021-09-02 09:41:08,546 WHONETService::? - Get_TCWHONET_Antibiotics_Acitve_List : MethodStart
INFO  2021-09-02 09:41:08,551 TCWHONET_AntibioticsDAC::? - GetList_Active : MethodStart
INFO  2021-09-02 09:41:08,839 TCWHONET_AntibioticsDAC::? - GetList_Active : MethodFinish
INFO  2021-09-02 09:41:08,861 WHONETService::? - Get_TCWHONET_Antibiotics_Acitve_List : MethodFinish
INFO  2021-09-02 11:21:27,145 TRNoticeMessageService::? - GetListWithModelByRole : MethodStart
INFO  2021-09-02 11:21:28,209 TRNoticeMessageService::? - GetListWithModelByRole : MethodFinish
INFO  2021-09-02 11:21:49,701 TBConfigService::? - GetTBConfig : MethodStart
INFO  2021-09-02 11:21:49,991 TBConfigService::? - GetTBConfig : MethodFinish
INFO  2021-09-02 14:46:45,387 TRNoticeMessageService::? - GetListWithModelByRole : MethodStart
INFO  2021-09-02 14:46:46,659 TRNoticeMessageService::? - GetListWithModelByRole : MethodFinish
INFO  2021-09-02 14:51:12,202 TBConfigService::? - GetTBConfig : MethodStart
INFO  2021-09-02 14:51:12,597 TBConfigService::? - GetTBConfig : MethodFinish
INFO  2021-09-02 14:52:16,928 TBConfigService::? - GetTBConfig : MethodStart
INFO  2021-09-02 14:52:17,063 TBConfigService::? - GetTBConfig : MethodFinish
INFO  2021-09-02 14:52:20,166 TBConfigService::? - GetTBConfig : MethodStart
INFO  2021-09-02 14:52:20,277 TBConfigService::? - GetTBConfig : MethodFinish
INFO  2021-09-02 14:52:51,475 TBConfigService::? - GetTBConfig : MethodStart
INFO  2021-09-02 14:52:51,578 TBConfigService::? - GetTBConfig : MethodFinish
INFO  2021-09-02 14:52:55,502 TBConfigService::? - GetTBConfig : MethodStart
INFO  2021-09-02 14:52:55,600 TBConfigService::? - GetTBConfig : MethodFinish
INFO  2021-09-02 14:52:57,323 TBConfigService::? - GetTBConfig : MethodStart
INFO  2021-09-02 14:52:57,421 TBConfigService::? - GetTBConfig : MethodFinish
INFO  2021-09-02 14:53:04,843 TBConfigService::? - GetTBConfig : MethodStart
INFO  2021-09-02 14:53:04,942 TBConfigService::? - GetTBConfig : MethodFinish
INFO  2021-09-02 14:53:08,615 TBConfigService::? - GetTBConfig : MethodStart
INFO  2021-09-02 14:53:08,731 TBConfigService::? - GetTBConfig : MethodFinish
INFO  2021-09-02 14:53:11,448 LogProcessService::? - GetLogProcessListWithModel : MethodStart
INFO  2021-09-02 14:53:11,807 LogProcessService::? - GetLogProcessListWithModel : MethodFinish
INFO  2021-09-02 14:53:15,935 TBConfigService::? - GetTBConfig : MethodStart
INFO  2021-09-02 14:53:16,038 TBConfigService::? - GetTBConfig : MethodFinish
INFO  2021-09-02 14:53:20,925 TBConfigService::? - GetTBConfig : MethodStart
INFO  2021-09-02 14:53:21,039 TBConfigService::? - GetTBConfig : MethodFinish
INFO  2021-09-02 14:53:50,932 TBConfigService::? - GetTBConfig : MethodStart
INFO  2021-09-02 14:53:51,033 TBConfigService::? - GetTBConfig : MethodFinish
INFO  2021-09-02 15:09:14,361 TRNoticeMessageService::? - GetListWithModelByRole : MethodStart
INFO  2021-09-02 15:09:15,395 TRNoticeMessageService::? - GetListWithModelByRole : MethodFinish
INFO  2021-09-02 15:11:39,052 TBConfigService::? - GetTBConfig : MethodStart
INFO  2021-09-02 15:11:39,451 TBConfigService::? - GetTBConfig : MethodFinish
INFO  2021-09-02 15:22:48,390 TBConfigService::? - GetTBConfig : MethodStart
INFO  2021-09-02 15:22:48,712 TBConfigService::? - GetTBConfig : MethodFinish
INFO  2021-09-02 15:22:54,011 TBConfigService::? - GetTBConfig : MethodStart
INFO  2021-09-02 15:22:54,120 TBConfigService::? - GetTBConfig : MethodFinish
INFO  2021-09-02 15:23:02,745 TBConfigService::? - GetTBConfig : MethodStart
INFO  2021-09-02 15:23:02,855 TBConfigService::? - GetTBConfig : MethodFinish
INFO  2021-09-02 15:23:07,557 TBConfigService::? - GetTBConfig : MethodStart
INFO  2021-09-02 15:23:07,671 TBConfigService::? - GetTBConfig : MethodFinish
INFO  2021-09-02 16:04:41,742 TBConfigService::? - GetTBConfig : MethodStart
INFO  2021-09-02 16:04:42,124 TBConfigService::? - GetTBConfig : MethodFinish
INFO  2021-09-02 16:04:45,634 TBConfigService::? - GetTBConfig : MethodStart
INFO  2021-09-02 16:04:45,740 TBConfigService::? - GetTBConfig : MethodFinish
INFO  2021-09-02 16:04:49,121 TBConfigService::? - GetTBConfig : MethodStart
INFO  2021-09-02 16:04:49,239 TBConfigService::? - GetTBConfig : MethodFinish
INFO  2021-09-02 16:06:55,132 TBConfigService::? - GetTBConfig : MethodStart
INFO  2021-09-02 16:06:55,280 TBConfigService::? - GetTBConfig : MethodFinish
INFO  2021-09-02 16:06:57,913 LogProcessService::? - GetLogProcessListWithModel : MethodStart
INFO  2021-09-02 16:06:58,317 LogProcessService::? - GetLogProcessListWithModel : MethodFinish
INFO  2021-09-02 16:07:03,459 TBConfigService::? - GetTBConfig : MethodStart
INFO  2021-09-02 16:07:03,563 TBConfigService::? - GetTBConfig : MethodFinish
INFO  2021-09-02 16:07:05,735 TBConfigService::? - GetTBConfig : MethodStart
INFO  2021-09-02 16:07:05,843 TBConfigService::? - GetTBConfig : MethodFinish
INFO  2021-09-02 16:38:48,390 TBConfigService::? - GetTBConfig : MethodStart
INFO  2021-09-02 16:38:48,820 TBConfigService::? - GetTBConfig : MethodFinish
INFO  2021-09-02 17:02:59,611 TBConfigService::? - GetTBConfig : MethodStart
INFO  2021-09-02 17:03:00,000 TBConfigService::? - GetTBConfig : MethodFinish
