INFO  2023-05-29 10:26:06,392 TRNoticeMessageService::? - GetListWithModelByRole : MethodStart
INFO  2023-05-29 10:26:07,893 TRNoticeMessageService::? - GetListWithModelByRole : MethodFinish
INFO  2023-05-29 10:26:09,849 TBConfigService::? - GetTBConfig : MethodStart
INFO  2023-05-29 10:26:10,205 TBConfigService::? - GetTBConfig : MethodFinish
INFO  2023-05-29 10:27:12,522 TBConfigService::? - GetTBConfig : MethodStart
INFO  2023-05-29 10:27:12,690 TBConfigService::? - GetTBConfig : MethodFinish
INFO  2023-05-29 10:28:54,361 WHONETService::? - Get_TCWHONET_Antibiotics_Acitve_List : MethodStart
INFO  2023-05-29 10:28:54,362 TCWHONET_AntibioticsDAC::? - GetList_Active : MethodStart
INFO  2023-05-29 10:28:54,676 TCWHONET_AntibioticsDAC::? - GetList_Active : MethodFinish
INFO  2023-05-29 10:28:54,679 WHONETService::? - Get_TCWHONET_Antibiotics_Acitve_List : MethodFinish
INFO  2023-05-29 10:29:36,922 WHONETService::? - Get_TCWHONET_Antibiotics_Acitve_List : MethodStart
INFO  2023-05-29 10:29:36,923 TCWHONET_AntibioticsDAC::? - GetList_Active : MethodStart
INFO  2023-05-29 10:29:37,101 TCWHONET_AntibioticsDAC::? - GetList_Active : MethodFinish
INFO  2023-05-29 10:29:37,102 WHONETService::? - Get_TCWHONET_Antibiotics_Acitve_List : MethodFinish
INFO  2023-05-29 10:29:56,105 TBConfigService::? - GetTBConfig : MethodStart
INFO  2023-05-29 10:29:56,240 TBConfigService::? - GetTBConfig : MethodFinish
INFO  2023-05-29 10:31:30,244 TBConfigService::? - GetTBConfig : MethodStart
INFO  2023-05-29 10:31:30,352 TBConfigService::? - GetTBConfig : MethodFinish
INFO  2023-05-29 10:31:32,001 WHONETService::? - Get_TCWHONET_Antibiotics_Acitve_List : MethodStart
INFO  2023-05-29 10:31:32,001 TCWHONET_AntibioticsDAC::? - GetList_Active : MethodStart
INFO  2023-05-29 10:31:32,169 TCWHONET_AntibioticsDAC::? - GetList_Active : MethodFinish
INFO  2023-05-29 10:31:32,169 WHONETService::? - Get_TCWHONET_Antibiotics_Acitve_List : MethodFinish
INFO  2023-05-29 10:31:44,087 TBConfigService::? - GetTBConfig : MethodStart
INFO  2023-05-29 10:31:44,312 TBConfigService::? - GetTBConfig : MethodFinish
INFO  2023-05-29 10:31:59,121 TBConfigService::? - GetTBConfig : MethodStart
INFO  2023-05-29 10:31:59,288 TBConfigService::? - GetTBConfig : MethodFinish
INFO  2023-05-29 10:32:00,696 WHONETService::? - Get_TCWHONET_Antibiotics_Acitve_List : MethodStart
INFO  2023-05-29 10:32:00,697 TCWHONET_AntibioticsDAC::? - GetList_Active : MethodStart
INFO  2023-05-29 10:32:00,828 TCWHONET_AntibioticsDAC::? - GetList_Active : MethodFinish
INFO  2023-05-29 10:32:00,829 WHONETService::? - Get_TCWHONET_Antibiotics_Acitve_List : MethodFinish
INFO  2023-05-29 10:32:16,362 WHONETService::? - Get_TCWHONET_Antibiotics_Acitve_List : MethodStart
INFO  2023-05-29 10:32:16,363 TCWHONET_AntibioticsDAC::? - GetList_Active : MethodStart
INFO  2023-05-29 10:32:16,540 TCWHONET_AntibioticsDAC::? - GetList_Active : MethodFinish
INFO  2023-05-29 10:32:16,541 WHONETService::? - Get_TCWHONET_Antibiotics_Acitve_List : MethodFinish
INFO  2023-05-29 10:49:23,210 TBConfigService::? - GetTBConfig : MethodStart
INFO  2023-05-29 10:49:23,620 TBConfigService::? - GetTBConfig : MethodFinish
INFO  2023-05-29 10:49:30,961 TBConfigService::? - GetTBConfig : MethodStart
INFO  2023-05-29 10:49:31,139 TBConfigService::? - GetTBConfig : MethodFinish
INFO  2023-05-29 10:51:59,668 TRNoticeMessageService::? - GetListWithModelByRole : MethodStart
INFO  2023-05-29 10:52:01,019 TRNoticeMessageService::? - GetListWithModelByRole : MethodFinish
INFO  2023-05-29 10:52:02,885 TBConfigService::? - GetTBConfig : MethodStart
INFO  2023-05-29 10:52:03,470 TBConfigService::? - GetTBConfig : MethodFinish
INFO  2023-05-29 10:53:14,678 TBConfigService::? - GetTBConfig : MethodStart
INFO  2023-05-29 10:53:14,829 TBConfigService::? - GetTBConfig : MethodFinish
INFO  2023-05-29 10:54:01,669 TBConfigService::? - GetTBConfig : MethodStart
INFO  2023-05-29 10:54:01,806 TBConfigService::? - GetTBConfig : MethodFinish
INFO  2023-05-29 10:54:25,099 TBConfigService::? - GetTBConfig : MethodStart
INFO  2023-05-29 10:54:25,223 TBConfigService::? - GetTBConfig : MethodFinish
INFO  2023-05-29 10:56:26,223 TBConfigService::? - GetTBConfig : MethodStart
INFO  2023-05-29 10:56:26,441 TBConfigService::? - GetTBConfig : MethodFinish
INFO  2023-05-29 11:36:38,255 TRNoticeMessageService::? - GetListWithModelByRole : MethodStart
INFO  2023-05-29 11:36:40,298 TRNoticeMessageService::? - GetListWithModelByRole : MethodFinish
INFO  2023-05-29 11:36:58,408 TBConfigService::? - GetTBConfig : MethodStart
INFO  2023-05-29 11:36:58,772 TBConfigService::? - GetTBConfig : MethodFinish
INFO  2023-05-29 11:51:21,689 TRNoticeMessageService::? - GetListWithModelByRole : MethodStart
INFO  2023-05-29 11:51:22,873 TRNoticeMessageService::? - GetListWithModelByRole : MethodFinish
INFO  2023-05-29 11:51:26,980 TBConfigService::? - GetTBConfig : MethodStart
INFO  2023-05-29 11:51:27,390 TBConfigService::? - GetTBConfig : MethodFinish
INFO  2023-05-29 13:44:32,198 TRNoticeMessageService::? - GetListWithModelByRole : MethodStart
INFO  2023-05-29 13:44:33,342 TRNoticeMessageService::? - GetListWithModelByRole : MethodFinish
INFO  2023-05-29 13:44:38,025 TBConfigService::? - GetTBConfig : MethodStart
INFO  2023-05-29 13:44:38,724 TBConfigService::? - GetTBConfig : MethodFinish
INFO  2023-05-29 13:45:01,753 TBConfigService::? - GetTBConfig : MethodStart
INFO  2023-05-29 13:45:01,998 TBConfigService::? - GetTBConfig : MethodFinish
INFO  2023-05-29 14:24:41,186 TRNoticeMessageService::? - GetListWithModelByRole : MethodStart
INFO  2023-05-29 14:24:42,684 TRNoticeMessageService::? - GetListWithModelByRole : MethodFinish
INFO  2023-05-29 14:24:48,614 TBConfigService::? - GetTBConfig : MethodStart
INFO  2023-05-29 14:24:49,041 TBConfigService::? - GetTBConfig : MethodFinish
INFO  2023-05-29 14:26:51,278 TRNoticeMessageService::? - GetListWithModelByRole : MethodStart
INFO  2023-05-29 14:26:52,439 TRNoticeMessageService::? - GetListWithModelByRole : MethodFinish
INFO  2023-05-29 14:26:53,675 TBConfigService::? - GetTBConfig : MethodStart
INFO  2023-05-29 14:26:53,951 TBConfigService::? - GetTBConfig : MethodFinish
INFO  2023-05-29 14:29:33,034 TRNoticeMessageService::? - GetListWithModelByRole : MethodStart
INFO  2023-05-29 14:29:34,273 TRNoticeMessageService::? - GetListWithModelByRole : MethodFinish
INFO  2023-05-29 14:29:38,410 TBConfigService::? - GetTBConfig : MethodStart
INFO  2023-05-29 14:29:38,723 TBConfigService::? - GetTBConfig : MethodFinish
INFO  2023-05-29 14:40:14,636 TRNoticeMessageService::? - GetListWithModelByRole : MethodStart
INFO  2023-05-29 14:40:15,775 TRNoticeMessageService::? - GetListWithModelByRole : MethodFinish
INFO  2023-05-29 14:40:20,451 TBConfigService::? - GetTBConfig : MethodStart
INFO  2023-05-29 14:40:20,871 TBConfigService::? - GetTBConfig : MethodFinish
INFO  2023-05-29 14:40:30,671 TBConfigService::? - GetTBConfig : MethodStart
INFO  2023-05-29 14:40:30,871 TBConfigService::? - GetTBConfig : MethodFinish
INFO  2023-05-29 14:41:34,395 TBConfigService::? - GetTBConfig : MethodStart
INFO  2023-05-29 14:41:34,539 TBConfigService::? - GetTBConfig : MethodFinish
INFO  2023-05-29 15:24:08,822 TRNoticeMessageService::? - GetListWithModelByRole : MethodStart
INFO  2023-05-29 15:24:09,985 TRNoticeMessageService::? - GetListWithModelByRole : MethodFinish
INFO  2023-05-29 15:24:17,632 TBConfigService::? - GetTBConfig : MethodStart
INFO  2023-05-29 15:24:18,039 TBConfigService::? - GetTBConfig : MethodFinish
INFO  2023-05-29 15:29:00,878 TRNoticeMessageService::? - GetListWithModelByRole : MethodStart
INFO  2023-05-29 15:29:02,140 TRNoticeMessageService::? - GetListWithModelByRole : MethodFinish
INFO  2023-05-29 15:29:05,441 TBConfigService::? - GetTBConfig : MethodStart
INFO  2023-05-29 15:29:05,793 TBConfigService::? - GetTBConfig : MethodFinish
INFO  2023-05-29 15:33:08,691 TRNoticeMessageService::? - GetListWithModelByRole : MethodStart
INFO  2023-05-29 15:33:09,970 TRNoticeMessageService::? - GetListWithModelByRole : MethodFinish
INFO  2023-05-29 15:33:14,223 TBConfigService::? - GetTBConfig : MethodStart
INFO  2023-05-29 15:33:17,869 TBConfigService::? - GetTBConfig : MethodFinish
INFO  2023-05-29 15:33:40,730 TBConfigService::? - GetTBConfig : MethodStart
INFO  2023-05-29 15:33:41,180 TBConfigService::? - GetTBConfig : MethodFinish
INFO  2023-05-29 15:34:53,663 TRNoticeMessageService::? - GetListWithModelByRole : MethodStart
INFO  2023-05-29 15:34:54,967 TRNoticeMessageService::? - GetListWithModelByRole : MethodFinish
INFO  2023-05-29 15:34:59,742 TBConfigService::? - GetTBConfig : MethodStart
INFO  2023-05-29 15:35:00,112 TBConfigService::? - GetTBConfig : MethodFinish
INFO  2023-05-29 15:39:58,556 TRNoticeMessageService::? - GetListWithModelByRole : MethodStart
INFO  2023-05-29 15:39:59,639 TRNoticeMessageService::? - GetListWithModelByRole : MethodFinish
INFO  2023-05-29 15:40:03,753 TBConfigService::? - GetTBConfig : MethodStart
INFO  2023-05-29 15:40:04,288 TBConfigService::? - GetTBConfig : MethodFinish
INFO  2023-05-29 15:42:37,008 TRNoticeMessageService::? - GetListWithModelByRole : MethodStart
INFO  2023-05-29 15:42:38,175 TRNoticeMessageService::? - GetListWithModelByRole : MethodFinish
INFO  2023-05-29 15:42:41,356 TBConfigService::? - GetTBConfig : MethodStart
INFO  2023-05-29 15:42:41,727 TBConfigService::? - GetTBConfig : MethodFinish
INFO  2023-05-29 15:45:56,238 TRNoticeMessageService::? - GetListWithModelByRole : MethodStart
INFO  2023-05-29 15:45:57,701 TRNoticeMessageService::? - GetListWithModelByRole : MethodFinish
INFO  2023-05-29 15:46:01,526 TBConfigService::? - GetTBConfig : MethodStart
INFO  2023-05-29 15:46:01,851 TBConfigService::? - GetTBConfig : MethodFinish
INFO  2023-05-29 15:51:45,197 TRNoticeMessageService::? - GetListWithModelByRole : MethodStart
INFO  2023-05-29 15:51:47,192 TRNoticeMessageService::? - GetListWithModelByRole : MethodFinish
INFO  2023-05-29 15:51:49,896 TBConfigService::? - GetTBConfig : MethodStart
INFO  2023-05-29 15:51:50,184 TBConfigService::? - GetTBConfig : MethodFinish
INFO  2023-05-29 15:53:41,384 TRNoticeMessageService::? - GetListWithModelByRole : MethodStart
INFO  2023-05-29 15:53:42,520 TRNoticeMessageService::? - GetListWithModelByRole : MethodFinish
INFO  2023-05-29 15:53:47,044 TBConfigService::? - GetTBConfig : MethodStart
INFO  2023-05-29 15:53:47,411 TBConfigService::? - GetTBConfig : MethodFinish
INFO  2023-05-29 16:06:57,194 TRNoticeMessageService::? - GetListWithModelByRole : MethodStart
INFO  2023-05-29 16:06:58,386 TRNoticeMessageService::? - GetListWithModelByRole : MethodFinish
INFO  2023-05-29 16:07:03,486 TBConfigService::? - GetTBConfig : MethodStart
INFO  2023-05-29 16:07:03,913 TBConfigService::? - GetTBConfig : MethodFinish
INFO  2023-05-29 16:07:09,385 TBConfigService::? - GetTBConfig : MethodStart
INFO  2023-05-29 16:07:09,588 TBConfigService::? - GetTBConfig : MethodFinish
INFO  2023-05-29 17:10:14,733 TRNoticeMessageService::? - GetListWithModelByRole : MethodStart
INFO  2023-05-29 17:10:15,927 TRNoticeMessageService::? - GetListWithModelByRole : MethodFinish
INFO  2023-05-29 17:10:17,336 TBConfigService::? - GetTBConfig : MethodStart
INFO  2023-05-29 17:10:17,641 TBConfigService::? - GetTBConfig : MethodFinish
INFO  2023-05-29 17:50:45,977 TRNoticeMessageService::? - GetListWithModelByRole : MethodStart
INFO  2023-05-29 17:50:47,189 TRNoticeMessageService::? - GetListWithModelByRole : MethodFinish
INFO  2023-05-29 17:50:48,640 TBConfigService::? - GetTBConfig : MethodStart
INFO  2023-05-29 17:50:48,967 TBConfigService::? - GetTBConfig : MethodFinish
INFO  2023-05-29 19:50:15,189 TRNoticeMessageService::? - GetListWithModelByRole : MethodStart
INFO  2023-05-29 19:50:16,705 TRNoticeMessageService::? - GetListWithModelByRole : MethodFinish
INFO  2023-05-29 19:50:36,238 TBConfigService::? - GetTBConfig : MethodStart
INFO  2023-05-29 19:50:36,587 TBConfigService::? - GetTBConfig : MethodFinish
