INFO  2022-02-17 14:39:52,934 TRNoticeMessageService::? - GetListWithModelByRole : MethodStart
INFO  2022-02-17 14:39:54,624 TRNoticeMessageService::? - GetListWithModelByRole : MethodFinish
INFO  2022-02-17 14:40:10,296 TBConfigService::? - GetTBConfig : MethodStart
INFO  2022-02-17 14:40:10,596 TBConfigService::? - GetTBConfig : MethodFinish
INFO  2022-02-17 14:45:42,339 TRNoticeMessageService::? - GetListWithModelByRole : MethodStart
INFO  2022-02-17 14:45:44,038 TRNoticeMessageService::? - GetListWithModelByRole : MethodFinish
INFO  2022-02-17 14:45:49,339 TBConfigService::? - GetTBConfig : MethodStart
INFO  2022-02-17 14:45:49,701 TBConfigService::? - GetTBConfig : MethodFinish
INFO  2022-02-17 14:47:24,505 TBConfigService::? - GetTBConfig : MethodStart
INFO  2022-02-17 14:47:24,801 TBConfigService::? - GetTBConfig : MethodFinish
INFO  2022-02-17 20:10:15,995 TRNoticeMessageService::? - GetListWithModelByRole : MethodStart
INFO  2022-02-17 20:10:17,301 TRNoticeMessageService::? - GetListWithModelByRole : MethodFinish
INFO  2022-02-17 20:10:28,515 TBConfigService::? - GetTBConfig : MethodStart
INFO  2022-02-17 20:10:28,768 TBConfigService::? - GetTBConfig : MethodFinish
INFO  2022-02-17 20:11:48,004 TRNoticeMessageService::? - GetListWithModelByRole : MethodStart
INFO  2022-02-17 20:11:48,171 TRNoticeMessageService::? - GetListWithModelByRole : MethodFinish
INFO  2022-02-17 20:11:51,723 TBConfigService::? - GetTBConfig : MethodStart
INFO  2022-02-17 20:11:51,859 TBConfigService::? - GetTBConfig : MethodFinish
INFO  2022-02-17 20:12:22,167 TBConfigService::? - GetTBConfig : MethodStart
INFO  2022-02-17 20:12:22,322 TBConfigService::? - GetTBConfig : MethodFinish
INFO  2022-02-17 20:12:24,997 TBConfigService::? - GetTBConfig : MethodStart
INFO  2022-02-17 20:12:25,097 TBConfigService::? - GetTBConfig : MethodFinish
INFO  2022-02-17 20:13:00,065 LogProcessService::? - GetLogProcessListWithModel : MethodStart
INFO  2022-02-17 20:13:00,235 LogProcessService::? - GetLogProcessListWithModel : MethodFinish
INFO  2022-02-17 20:13:04,025 TBConfigService::? - GetTBConfig : MethodStart
INFO  2022-02-17 20:13:04,130 TBConfigService::? - GetTBConfig : MethodFinish
