INFO  2022-03-24 09:43:27,006 TRNoticeMessageService::? - GetListWithModelByRole : MethodStart
INFO  2022-03-24 09:43:30,867 TRNoticeMessageService::? - GetListWithModelByRole : MethodFinish
INFO  2022-03-24 09:43:40,505 TBConfigService::? - GetTBConfig : MethodStart
INFO  2022-03-24 09:43:40,871 TBConfigService::? - GetTBConfig : MethodFinish
INFO  2022-03-24 09:46:58,446 TBConfigService::? - GetTBConfig : MethodStart
INFO  2022-03-24 09:46:58,679 TBConfigService::? - GetTBConfig : MethodFinish
INFO  2022-03-24 09:47:13,819 TBConfigService::? - GetTBConfig : MethodStart
INFO  2022-03-24 09:47:13,956 TBConfigService::? - GetTBConfig : MethodFinish
INFO  2022-03-24 09:49:27,737 TBConfigService::? - GetTBConfig : MethodStart
INFO  2022-03-24 09:49:27,863 TBConfigService::? - GetTBConfig : MethodFinish
INFO  2022-03-24 09:50:52,968 TBConfigService::? - GetTBConfig : MethodStart
INFO  2022-03-24 09:50:53,167 TBConfigService::? - GetTBConfig : MethodFinish
INFO  2022-03-24 09:50:56,026 TBConfigService::? - GetTBConfig : MethodStart
INFO  2022-03-24 09:50:56,155 TBConfigService::? - GetTBConfig : MethodFinish
INFO  2022-03-24 09:51:24,426 LogProcessService::? - GetLogProcessListWithModel : MethodStart
INFO  2022-03-24 09:51:24,789 LogProcessService::? - GetLogProcessListWithModel : MethodFinish
INFO  2022-03-24 09:51:30,337 TBConfigService::? - GetTBConfig : MethodStart
INFO  2022-03-24 09:51:30,453 TBConfigService::? - GetTBConfig : MethodFinish
INFO  2022-03-24 09:52:18,801 TBConfigService::? - GetTBConfig : MethodStart
INFO  2022-03-24 09:52:18,924 TBConfigService::? - GetTBConfig : MethodFinish
INFO  2022-03-24 09:52:25,771 TBConfigService::? - GetTBConfig : MethodStart
INFO  2022-03-24 09:52:25,931 TBConfigService::? - GetTBConfig : MethodFinish
INFO  2022-03-24 09:52:50,200 LogProcessService::? - GetLogProcessListWithModel : MethodStart
INFO  2022-03-24 09:52:50,321 LogProcessService::? - GetLogProcessListWithModel : MethodFinish
INFO  2022-03-24 09:53:41,320 TBConfigService::? - GetTBConfig : MethodStart
INFO  2022-03-24 09:53:41,458 TBConfigService::? - GetTBConfig : MethodFinish
