INFO  2021-10-05 10:08:50,363 TRNoticeMessageService::? - GetListWithModelByRole : MethodStart
INFO  2021-10-05 10:08:53,323 TRNoticeMessageService::? - GetListWithModelByRole : MethodFinish
INFO  2021-10-05 10:08:56,347 TBConfigService::? - GetTBConfig : MethodStart
INFO  2021-10-05 10:08:56,680 TBConfigService::? - GetTBConfig : MethodFinish
INFO  2021-10-05 10:11:10,690 TBConfigService::? - GetTBConfig : MethodStart
INFO  2021-10-05 10:11:10,917 TBConfigService::? - GetTBConfig : MethodFinish
INFO  2021-10-05 10:11:41,223 TBConfigService::? - GetTBConfig : MethodStart
INFO  2021-10-05 10:11:41,354 TBConfigService::? - GetTBConfig : MethodFinish
INFO  2021-10-05 10:12:38,436 TBConfigService::? - GetTBConfig : MethodStart
INFO  2021-10-05 10:12:38,577 TBConfigService::? - GetTBConfig : MethodFinish
INFO  2021-10-05 10:12:49,074 TBConfigService::? - GetTBConfig : MethodStart
INFO  2021-10-05 10:12:49,201 TBConfigService::? - GetTBConfig : MethodFinish
INFO  2021-10-05 10:13:12,526 TBConfigService::? - GetTBConfig : MethodStart
INFO  2021-10-05 10:13:12,647 TBConfigService::? - GetTBConfig : MethodFinish
INFO  2021-10-05 10:13:50,905 TBConfigService::? - GetTBConfig : MethodStart
INFO  2021-10-05 10:13:51,034 TBConfigService::? - GetTBConfig : MethodFinish
INFO  2021-10-05 10:14:36,130 TBConfigService::? - GetTBConfig : MethodStart
INFO  2021-10-05 10:14:36,254 TBConfigService::? - GetTBConfig : MethodFinish
INFO  2021-10-05 10:14:40,161 WHONETService::? - Get_TCWHONET_Antibiotics_Acitve_List : MethodStart
INFO  2021-10-05 10:14:40,171 TCWHONET_AntibioticsDAC::? - GetList_Active : MethodStart
INFO  2021-10-05 10:14:40,395 TCWHONET_AntibioticsDAC::? - GetList_Active : MethodFinish
INFO  2021-10-05 10:14:40,412 WHONETService::? - Get_TCWHONET_Antibiotics_Acitve_List : MethodFinish
INFO  2021-10-05 10:18:13,359 TBConfigService::? - GetTBConfig : MethodStart
INFO  2021-10-05 10:18:13,485 TBConfigService::? - GetTBConfig : MethodFinish
INFO  2021-10-05 10:18:18,934 TBConfigService::? - GetTBConfig : MethodStart
INFO  2021-10-05 10:18:19,053 TBConfigService::? - GetTBConfig : MethodFinish
INFO  2021-10-05 10:21:34,593 TBConfigService::? - GetTBConfig : MethodStart
INFO  2021-10-05 10:21:34,740 TBConfigService::? - GetTBConfig : MethodFinish
INFO  2021-10-05 10:21:40,274 TBConfigService::? - GetTBConfig : MethodStart
INFO  2021-10-05 10:21:40,402 TBConfigService::? - GetTBConfig : MethodFinish
INFO  2021-10-05 10:22:31,995 TBConfigService::? - GetTBConfig : MethodStart
INFO  2021-10-05 10:22:32,112 TBConfigService::? - GetTBConfig : MethodFinish
INFO  2021-10-05 10:22:36,777 TBConfigService::? - GetTBConfig : MethodStart
INFO  2021-10-05 10:22:36,901 TBConfigService::? - GetTBConfig : MethodFinish
INFO  2021-10-05 10:23:15,999 TBConfigService::? - GetTBConfig : MethodStart
INFO  2021-10-05 10:23:16,125 TBConfigService::? - GetTBConfig : MethodFinish
INFO  2021-10-05 10:35:41,176 TBConfigService::? - GetTBConfig : MethodStart
INFO  2021-10-05 10:35:41,537 TBConfigService::? - GetTBConfig : MethodFinish
INFO  2021-10-05 11:20:12,422 TRNoticeMessageService::? - GetListWithModelByRole : MethodStart
INFO  2021-10-05 11:20:13,543 TRNoticeMessageService::? - GetListWithModelByRole : MethodFinish
INFO  2021-10-05 11:21:30,589 TBConfigService::? - GetTBConfig : MethodStart
INFO  2021-10-05 11:21:31,042 TBConfigService::? - GetTBConfig : MethodFinish
INFO  2021-10-05 11:22:55,444 TBConfigService::? - GetTBConfig : MethodStart
INFO  2021-10-05 11:22:55,701 TBConfigService::? - GetTBConfig : MethodFinish
INFO  2021-10-05 11:23:11,775 TBConfigService::? - GetTBConfig : MethodStart
INFO  2021-10-05 11:23:11,893 TBConfigService::? - GetTBConfig : MethodFinish
INFO  2021-10-05 11:23:14,814 TBConfigService::? - GetTBConfig : MethodStart
INFO  2021-10-05 11:23:14,926 TBConfigService::? - GetTBConfig : MethodFinish
INFO  2021-10-05 11:23:17,468 TBConfigService::? - GetTBConfig : MethodStart
INFO  2021-10-05 11:23:17,615 TBConfigService::? - GetTBConfig : MethodFinish
INFO  2021-10-05 11:23:53,245 LogProcessService::? - GetLogProcessListWithModel : MethodStart
INFO  2021-10-05 11:23:53,408 LogProcessService::? - GetLogProcessListWithModel : MethodFinish
INFO  2021-10-05 11:23:57,015 TBConfigService::? - GetTBConfig : MethodStart
INFO  2021-10-05 11:23:57,152 TBConfigService::? - GetTBConfig : MethodFinish
INFO  2021-10-05 11:24:06,253 TBConfigService::? - GetTBConfig : MethodStart
INFO  2021-10-05 11:24:06,361 TBConfigService::? - GetTBConfig : MethodFinish
INFO  2021-10-05 11:24:57,092 TBConfigService::? - GetTBConfig : MethodStart
INFO  2021-10-05 11:24:57,221 TBConfigService::? - GetTBConfig : MethodFinish
INFO  2021-10-05 11:28:55,174 TBConfigService::? - GetTBConfig : MethodStart
INFO  2021-10-05 11:28:55,664 TBConfigService::? - GetTBConfig : MethodFinish
INFO  2021-10-05 11:29:09,178 TBConfigService::? - GetTBConfig : MethodStart
INFO  2021-10-05 11:29:09,321 TBConfigService::? - GetTBConfig : MethodFinish
INFO  2021-10-05 11:29:49,121 TBConfigService::? - GetTBConfig : MethodStart
INFO  2021-10-05 11:29:49,223 TBConfigService::? - GetTBConfig : MethodFinish
INFO  2021-10-05 14:25:17,520 TRNoticeMessageService::? - GetListWithModelByRole : MethodStart
INFO  2021-10-05 14:25:18,771 TRNoticeMessageService::? - GetListWithModelByRole : MethodFinish
INFO  2021-10-05 14:26:01,740 TBConfigService::? - GetTBConfig : MethodStart
INFO  2021-10-05 14:26:02,157 TBConfigService::? - GetTBConfig : MethodFinish
INFO  2021-10-05 14:32:23,262 TRNoticeMessageService::? - GetListWithModelByRole : MethodStart
INFO  2021-10-05 14:32:24,344 TRNoticeMessageService::? - GetListWithModelByRole : MethodFinish
INFO  2021-10-05 14:32:29,457 TBConfigService::? - GetTBConfig : MethodStart
INFO  2021-10-05 14:32:29,740 TBConfigService::? - GetTBConfig : MethodFinish
INFO  2021-10-05 14:48:50,114 TRNoticeMessageService::? - GetListWithModelByRole : MethodStart
INFO  2021-10-05 14:48:51,270 TRNoticeMessageService::? - GetListWithModelByRole : MethodFinish
INFO  2021-10-05 14:49:05,351 TBConfigService::? - GetTBConfig : MethodStart
INFO  2021-10-05 14:49:05,670 TBConfigService::? - GetTBConfig : MethodFinish
INFO  2021-10-05 15:03:21,111 TRNoticeMessageService::? - GetListWithModelByRole : MethodStart
INFO  2021-10-05 15:03:22,196 TRNoticeMessageService::? - GetListWithModelByRole : MethodFinish
INFO  2021-10-05 15:04:20,255 TBConfigService::? - GetTBConfig : MethodStart
INFO  2021-10-05 15:04:20,716 TBConfigService::? - GetTBConfig : MethodFinish
INFO  2021-10-05 16:03:17,118 TRNoticeMessageService::? - GetListWithModelByRole : MethodStart
INFO  2021-10-05 16:03:18,294 TRNoticeMessageService::? - GetListWithModelByRole : MethodFinish
INFO  2021-10-05 16:03:23,416 TBConfigService::? - GetTBConfig : MethodStart
INFO  2021-10-05 16:03:23,696 TBConfigService::? - GetTBConfig : MethodFinish
INFO  2021-10-05 16:14:37,259 TRNoticeMessageService::? - GetListWithModelByRole : MethodStart
INFO  2021-10-05 16:14:38,641 TRNoticeMessageService::? - GetListWithModelByRole : MethodFinish
INFO  2021-10-05 16:15:21,412 TBConfigService::? - GetTBConfig : MethodStart
INFO  2021-10-05 16:15:21,704 TBConfigService::? - GetTBConfig : MethodFinish
INFO  2021-10-05 16:19:33,741 TRNoticeMessageService::? - GetListWithModelByRole : MethodStart
INFO  2021-10-05 16:19:34,897 TRNoticeMessageService::? - GetListWithModelByRole : MethodFinish
INFO  2021-10-05 16:19:37,695 TBConfigService::? - GetTBConfig : MethodStart
INFO  2021-10-05 16:19:38,091 TBConfigService::? - GetTBConfig : MethodFinish
INFO  2021-10-05 16:21:29,497 TBConfigService::? - GetTBConfig : MethodStart
INFO  2021-10-05 16:21:29,651 TBConfigService::? - GetTBConfig : MethodFinish
INFO  2021-10-05 16:36:32,909 TRNoticeMessageService::? - GetListWithModelByRole : MethodStart
INFO  2021-10-05 16:36:33,996 TRNoticeMessageService::? - GetListWithModelByRole : MethodFinish
INFO  2021-10-05 16:36:49,790 TBConfigService::? - GetTBConfig : MethodStart
INFO  2021-10-05 16:36:50,133 TBConfigService::? - GetTBConfig : MethodFinish
INFO  2021-10-05 16:38:08,715 TBConfigService::? - GetTBConfig : MethodStart
INFO  2021-10-05 16:38:08,856 TBConfigService::? - GetTBConfig : MethodFinish
INFO  2021-10-05 16:55:37,448 TRNoticeMessageService::? - GetListWithModelByRole : MethodStart
INFO  2021-10-05 16:55:38,585 TRNoticeMessageService::? - GetListWithModelByRole : MethodFinish
INFO  2021-10-05 16:56:02,924 TBConfigService::? - GetTBConfig : MethodStart
INFO  2021-10-05 16:56:03,283 TBConfigService::? - GetTBConfig : MethodFinish
INFO  2021-10-05 16:56:08,690 TBConfigService::? - GetTBConfig : MethodStart
INFO  2021-10-05 16:56:08,829 TBConfigService::? - GetTBConfig : MethodFinish
INFO  2021-10-05 16:58:25,211 TRNoticeMessageService::? - GetListWithModelByRole : MethodStart
INFO  2021-10-05 16:58:26,817 TRNoticeMessageService::? - GetListWithModelByRole : MethodFinish
INFO  2021-10-05 16:58:31,397 TBConfigService::? - GetTBConfig : MethodStart
INFO  2021-10-05 16:58:31,698 TBConfigService::? - GetTBConfig : MethodFinish
INFO  2021-10-05 17:01:41,452 TRNoticeMessageService::? - GetListWithModelByRole : MethodStart
INFO  2021-10-05 17:01:43,273 TRNoticeMessageService::? - GetListWithModelByRole : MethodFinish
INFO  2021-10-05 17:01:47,885 TBConfigService::? - GetTBConfig : MethodStart
INFO  2021-10-05 17:01:48,189 TBConfigService::? - GetTBConfig : MethodFinish
INFO  2021-10-05 17:03:12,765 TBConfigService::? - GetTBConfig : MethodStart
INFO  2021-10-05 17:03:12,965 TBConfigService::? - GetTBConfig : MethodFinish
INFO  2021-10-05 17:03:42,951 TBConfigService::? - GetTBConfig : MethodStart
INFO  2021-10-05 17:03:43,086 TBConfigService::? - GetTBConfig : MethodFinish
INFO  2021-10-05 17:04:26,891 TBConfigService::? - GetTBConfig : MethodStart
INFO  2021-10-05 17:04:27,007 TBConfigService::? - GetTBConfig : MethodFinish
INFO  2021-10-05 17:13:15,379 TRNoticeMessageService::? - GetListWithModelByRole : MethodStart
INFO  2021-10-05 17:13:16,508 TRNoticeMessageService::? - GetListWithModelByRole : MethodFinish
INFO  2021-10-05 17:13:27,341 TBConfigService::? - GetTBConfig : MethodStart
INFO  2021-10-05 17:13:27,635 TBConfigService::? - GetTBConfig : MethodFinish
INFO  2021-10-05 17:19:09,241 TRNoticeMessageService::? - GetListWithModelByRole : MethodStart
INFO  2021-10-05 17:19:10,643 TRNoticeMessageService::? - GetListWithModelByRole : MethodFinish
INFO  2021-10-05 17:19:14,486 TBConfigService::? - GetTBConfig : MethodStart
INFO  2021-10-05 17:19:14,872 TBConfigService::? - GetTBConfig : MethodFinish
INFO  2021-10-05 17:32:47,293 TRNoticeMessageService::? - GetListWithModelByRole : MethodStart
INFO  2021-10-05 17:32:48,502 TRNoticeMessageService::? - GetListWithModelByRole : MethodFinish
INFO  2021-10-05 17:32:56,274 TBConfigService::? - GetTBConfig : MethodStart
INFO  2021-10-05 17:32:56,668 TBConfigService::? - GetTBConfig : MethodFinish
