INFO  2022-04-20 10:41:53,040 TRNoticeMessageService::? - GetListWithModelByRole : MethodStart
INFO  2022-04-20 10:41:56,393 TRNoticeMessageService::? - GetListWithModelByRole : MethodFinish
INFO  2022-04-20 10:45:48,744 TBConfigService::? - GetTBConfig : MethodStart
INFO  2022-04-20 10:45:49,226 TBConfigService::? - GetTBConfig : MethodFinish
INFO  2022-04-20 10:47:21,869 TBConfigService::? - GetTBConfig : MethodStart
INFO  2022-04-20 10:47:22,062 TBConfigService::? - GetTBConfig : MethodFinish
INFO  2022-04-20 10:48:49,397 WHONETService::? - Get_TCWHONET_Antibiotics_Acitve_List : MethodStart
INFO  2022-04-20 10:48:49,404 TCWHONET_AntibioticsDAC::? - GetList_Active : MethodStart
INFO  2022-04-20 10:48:49,890 TCWHONET_AntibioticsDAC::? - GetList_Active : MethodFinish
INFO  2022-04-20 10:48:49,898 WHONETService::? - Get_TCWHONET_Antibiotics_Acitve_List : MethodFinish
INFO  2022-04-20 10:49:46,603 WHONETService::? - Get_TCWHONET_Antibiotics_Acitve_List : MethodStart
INFO  2022-04-20 10:49:46,611 TCWHONET_AntibioticsDAC::? - GetList_Active : MethodStart
INFO  2022-04-20 10:49:46,790 TCWHONET_AntibioticsDAC::? - GetList_Active : MethodFinish
INFO  2022-04-20 10:49:46,794 WHONETService::? - Get_TCWHONET_Antibiotics_Acitve_List : MethodFinish
INFO  2022-04-20 10:50:00,659 WHONETService::? - Get_TCWHONET_Antibiotics_Acitve_List : MethodStart
INFO  2022-04-20 10:50:00,665 TCWHONET_AntibioticsDAC::? - GetList_Active : MethodStart
INFO  2022-04-20 10:50:00,813 TCWHONET_AntibioticsDAC::? - GetList_Active : MethodFinish
INFO  2022-04-20 10:50:00,817 WHONETService::? - Get_TCWHONET_Antibiotics_Acitve_List : MethodFinish
INFO  2022-04-20 10:50:41,014 WHONETService::? - Get_TCWHONET_Antibiotics_Acitve_List : MethodStart
INFO  2022-04-20 10:50:41,019 TCWHONET_AntibioticsDAC::? - GetList_Active : MethodStart
INFO  2022-04-20 10:50:41,182 TCWHONET_AntibioticsDAC::? - GetList_Active : MethodFinish
INFO  2022-04-20 10:50:41,188 WHONETService::? - Get_TCWHONET_Antibiotics_Acitve_List : MethodFinish
INFO  2022-04-20 10:51:03,944 WHONETService::? - Get_TCWHONET_Antibiotics_Acitve_List : MethodStart
INFO  2022-04-20 10:51:03,947 TCWHONET_AntibioticsDAC::? - GetList_Active : MethodStart
INFO  2022-04-20 10:51:04,138 TCWHONET_AntibioticsDAC::? - GetList_Active : MethodFinish
INFO  2022-04-20 10:51:04,142 WHONETService::? - Get_TCWHONET_Antibiotics_Acitve_List : MethodFinish
INFO  2022-04-20 10:51:21,057 WHONETService::? - Get_TCWHONET_Antibiotics_Acitve_List : MethodStart
INFO  2022-04-20 10:51:21,062 TCWHONET_AntibioticsDAC::? - GetList_Active : MethodStart
INFO  2022-04-20 10:51:21,240 TCWHONET_AntibioticsDAC::? - GetList_Active : MethodFinish
INFO  2022-04-20 10:51:21,243 WHONETService::? - Get_TCWHONET_Antibiotics_Acitve_List : MethodFinish
INFO  2022-04-20 10:51:37,855 WHONETService::? - Get_TCWHONET_Antibiotics_Acitve_List : MethodStart
INFO  2022-04-20 10:51:37,860 TCWHONET_AntibioticsDAC::? - GetList_Active : MethodStart
INFO  2022-04-20 10:51:38,030 TCWHONET_AntibioticsDAC::? - GetList_Active : MethodFinish
INFO  2022-04-20 10:51:38,037 WHONETService::? - Get_TCWHONET_Antibiotics_Acitve_List : MethodFinish
INFO  2022-04-20 10:53:47,019 WHONETService::? - Get_TCWHONET_Antibiotics_Acitve_List : MethodStart
INFO  2022-04-20 10:53:47,026 TCWHONET_AntibioticsDAC::? - GetList_Active : MethodStart
INFO  2022-04-20 10:53:47,153 TCWHONET_AntibioticsDAC::? - GetList_Active : MethodFinish
INFO  2022-04-20 10:53:47,164 WHONETService::? - Get_TCWHONET_Antibiotics_Acitve_List : MethodFinish
INFO  2022-04-20 10:54:19,440 WHONETService::? - Get_TCWHONET_Antibiotics_Acitve_List : MethodStart
INFO  2022-04-20 10:54:19,443 TCWHONET_AntibioticsDAC::? - GetList_Active : MethodStart
INFO  2022-04-20 10:54:19,619 TCWHONET_AntibioticsDAC::? - GetList_Active : MethodFinish
INFO  2022-04-20 10:54:19,624 WHONETService::? - Get_TCWHONET_Antibiotics_Acitve_List : MethodFinish
INFO  2022-04-20 10:54:50,848 WHONETService::? - Get_TCWHONET_Antibiotics_Acitve_List : MethodStart
INFO  2022-04-20 10:54:50,851 TCWHONET_AntibioticsDAC::? - GetList_Active : MethodStart
INFO  2022-04-20 10:54:51,019 TCWHONET_AntibioticsDAC::? - GetList_Active : MethodFinish
INFO  2022-04-20 10:54:51,023 WHONETService::? - Get_TCWHONET_Antibiotics_Acitve_List : MethodFinish
INFO  2022-04-20 10:55:32,313 WHONETService::? - Get_TCWHONET_Antibiotics_Acitve_List : MethodStart
INFO  2022-04-20 10:55:32,317 TCWHONET_AntibioticsDAC::? - GetList_Active : MethodStart
INFO  2022-04-20 10:55:32,479 TCWHONET_AntibioticsDAC::? - GetList_Active : MethodFinish
INFO  2022-04-20 10:55:32,483 WHONETService::? - Get_TCWHONET_Antibiotics_Acitve_List : MethodFinish
INFO  2022-04-20 10:56:50,619 WHONETService::? - Get_TCWHONET_Antibiotics_Acitve_List : MethodStart
INFO  2022-04-20 10:56:50,626 TCWHONET_AntibioticsDAC::? - GetList_Active : MethodStart
INFO  2022-04-20 10:56:50,787 TCWHONET_AntibioticsDAC::? - GetList_Active : MethodFinish
INFO  2022-04-20 10:56:50,791 WHONETService::? - Get_TCWHONET_Antibiotics_Acitve_List : MethodFinish
INFO  2022-04-20 10:57:27,897 WHONETService::? - Get_TCWHONET_Antibiotics_Acitve_List : MethodStart
INFO  2022-04-20 10:57:27,902 TCWHONET_AntibioticsDAC::? - GetList_Active : MethodStart
INFO  2022-04-20 10:57:28,098 TCWHONET_AntibioticsDAC::? - GetList_Active : MethodFinish
INFO  2022-04-20 10:57:28,105 WHONETService::? - Get_TCWHONET_Antibiotics_Acitve_List : MethodFinish
INFO  2022-04-20 10:58:04,750 WHONETService::? - Get_TCWHONET_Antibiotics_Acitve_List : MethodStart
INFO  2022-04-20 10:58:04,753 TCWHONET_AntibioticsDAC::? - GetList_Active : MethodStart
INFO  2022-04-20 10:58:04,909 TCWHONET_AntibioticsDAC::? - GetList_Active : MethodFinish
INFO  2022-04-20 10:58:04,913 WHONETService::? - Get_TCWHONET_Antibiotics_Acitve_List : MethodFinish
INFO  2022-04-20 10:58:22,947 WHONETService::? - Get_TCWHONET_Antibiotics_Acitve_List : MethodStart
INFO  2022-04-20 10:58:22,954 TCWHONET_AntibioticsDAC::? - GetList_Active : MethodStart
INFO  2022-04-20 10:58:23,141 TCWHONET_AntibioticsDAC::? - GetList_Active : MethodFinish
INFO  2022-04-20 10:58:23,144 WHONETService::? - Get_TCWHONET_Antibiotics_Acitve_List : MethodFinish
INFO  2022-04-20 10:58:28,426 WHONETService::? - Get_TCWHONET_Antibiotics_Acitve_List : MethodStart
INFO  2022-04-20 10:58:28,431 TCWHONET_AntibioticsDAC::? - GetList_Active : MethodStart
INFO  2022-04-20 10:58:28,574 TCWHONET_AntibioticsDAC::? - GetList_Active : MethodFinish
INFO  2022-04-20 10:58:28,577 WHONETService::? - Get_TCWHONET_Antibiotics_Acitve_List : MethodFinish
INFO  2022-04-20 10:58:38,406 TBConfigService::? - GetTBConfig : MethodStart
INFO  2022-04-20 10:58:38,654 TBConfigService::? - GetTBConfig : MethodFinish
