INFO  2023-04-24 09:51:15,141 TRNoticeMessageService::? - GetListWithModelByRole : MethodStart
INFO  2023-04-24 09:51:17,441 TRNoticeMessageService::? - GetListWithModelByRole : MethodFinish
INFO  2023-04-24 09:51:49,650 TBConfigService::? - GetTBConfig : MethodStart
INFO  2023-04-24 09:51:49,956 TBConfigService::? - GetTBConfig : MethodFinish
INFO  2023-04-24 09:51:50,439 LogProcessService::? - GetLogProcessAuthListWithModel : MethodStart
INFO  2023-04-24 09:51:50,661 LogProcessService::? - GetLogProcessAuthListWithModel : MethodFinish
INFO  2023-04-24 09:55:17,524 LogProcessService::? - GetLogProcessAuthListWithModel : MethodStart
INFO  2023-04-24 09:55:17,666 LogProcessService::? - GetLogProcessAuthListWithModel : MethodFinish
INFO  2023-04-24 10:09:43,456 TRNoticeMessageService::? - GetListWithModelByRole : MethodStart
INFO  2023-04-24 10:09:43,757 TRNoticeMessageService::? - GetListWithModelByRole : MethodFinish
INFO  2023-04-24 10:09:47,370 TBConfigService::? - GetTBConfig : MethodStart
INFO  2023-04-24 10:09:47,610 TBConfigService::? - GetTBConfig : MethodFinish
INFO  2023-04-24 10:09:47,863 LogProcessService::? - GetLogProcessAuthListWithModel : MethodStart
INFO  2023-04-24 10:09:47,968 LogProcessService::? - GetLogProcessAuthListWithModel : MethodFinish
INFO  2023-04-24 10:09:51,195 TBConfigService::? - GetTBConfig : MethodStart
INFO  2023-04-24 10:09:51,301 TBConfigService::? - GetTBConfig : MethodFinish
INFO  2023-04-24 10:09:53,706 TBConfigService::? - GetTBConfig : MethodStart
INFO  2023-04-24 10:09:53,816 TBConfigService::? - GetTBConfig : MethodFinish
INFO  2023-04-24 10:09:54,044 LogProcessService::? - GetLogProcessAuthListWithModel : MethodStart
INFO  2023-04-24 10:09:54,153 LogProcessService::? - GetLogProcessAuthListWithModel : MethodFinish
INFO  2023-04-24 10:10:37,619 TBConfigService::? - GetTBConfig : MethodStart
INFO  2023-04-24 10:10:37,730 TBConfigService::? - GetTBConfig : MethodFinish
INFO  2023-04-24 10:10:37,973 LogProcessService::? - GetLogProcessAuthListWithModel : MethodStart
INFO  2023-04-24 10:10:38,077 LogProcessService::? - GetLogProcessAuthListWithModel : MethodFinish
INFO  2023-04-24 10:11:32,464 LogProcessService::? - GetLogProcessAuthListWithModel : MethodStart
INFO  2023-04-24 10:11:32,577 LogProcessService::? - GetLogProcessAuthListWithModel : MethodFinish
INFO  2023-04-24 10:11:41,053 TRNoticeMessageService::? - GetListWithModelByRole : MethodStart
INFO  2023-04-24 10:11:41,163 TRNoticeMessageService::? - GetListWithModelByRole : MethodFinish
INFO  2023-04-24 10:12:07,225 TBConfigService::? - GetTBConfig : MethodStart
INFO  2023-04-24 10:12:07,329 TBConfigService::? - GetTBConfig : MethodFinish
INFO  2023-04-24 10:31:34,013 TBConfigService::? - GetTBConfig : MethodStart
INFO  2023-04-24 10:31:34,358 TBConfigService::? - GetTBConfig : MethodFinish
INFO  2023-04-24 10:33:12,972 TBConfigService::? - GetTBConfig : MethodStart
INFO  2023-04-24 10:33:13,078 TBConfigService::? - GetTBConfig : MethodFinish
INFO  2023-04-24 10:33:33,323 TRNoticeMessageService::? - GetListWithModelByRole : MethodStart
INFO  2023-04-24 10:33:33,591 TRNoticeMessageService::? - GetListWithModelByRole : MethodFinish
INFO  2023-04-24 10:40:52,265 TBConfigService::? - GetTBConfig : MethodStart
INFO  2023-04-24 10:40:52,642 TBConfigService::? - GetTBConfig : MethodFinish
INFO  2023-04-24 11:02:14,524 TBConfigService::? - GetTBConfig : MethodStart
INFO  2023-04-24 11:02:14,862 TBConfigService::? - GetTBConfig : MethodFinish
INFO  2023-04-24 11:02:41,123 TBConfigService::? - GetTBConfig : MethodStart
INFO  2023-04-24 11:02:41,225 TBConfigService::? - GetTBConfig : MethodFinish
INFO  2023-04-24 15:32:49,104 TBConfigService::? - GetTBConfig : MethodStart
INFO  2023-04-24 15:32:49,466 TBConfigService::? - GetTBConfig : MethodFinish
INFO  2023-04-24 15:32:54,273 TBConfigService::? - GetTBConfig : MethodStart
INFO  2023-04-24 15:32:54,371 TBConfigService::? - GetTBConfig : MethodFinish
INFO  2023-04-24 17:44:11,762 TBConfigService::? - GetTBConfig : MethodStart
INFO  2023-04-24 17:44:12,132 TBConfigService::? - GetTBConfig : MethodFinish
INFO  2023-04-24 20:11:40,040 TRNoticeMessageService::? - GetListWithModelByRole : MethodStart
INFO  2023-04-24 20:11:41,380 TRNoticeMessageService::? - GetListWithModelByRole : MethodFinish
