INFO  2021-07-15 11:30:42,225 TRNoticeMessageService::? - GetListWithModelByRole : MethodStart
INFO  2021-07-15 11:30:43,242 TRNoticeMessageService::? - GetListWithModelByRole : MethodFinish
INFO  2021-07-15 11:30:46,988 TBConfigService::? - GetTBConfig : MethodStart
INFO  2021-07-15 11:30:47,039 TBConfigService::? - GetTBConfig : MethodFinish
INFO  2021-07-15 11:35:06,001 TBConfigService::? - GetTBConfig : MethodStart
INFO  2021-07-15 11:35:06,048 TBConfigService::? - GetTBConfig : MethodFinish
INFO  2021-07-15 11:35:20,547 TBConfigService::? - GetTBConfig : MethodStart
INFO  2021-07-15 11:35:20,564 TBConfigService::? - GetTBConfig : MethodFinish
INFO  2021-07-15 11:35:52,021 TBConfigService::? - GetTBConfig : MethodStart
INFO  2021-07-15 11:35:52,028 TBConfigService::? - GetTBConfig : MethodFinish
INFO  2021-07-15 11:35:53,015 TBConfigService::? - GetTBConfig : MethodStart
INFO  2021-07-15 11:35:53,020 TBConfigService::? - GetTBConfig : MethodFinish
INFO  2021-07-15 11:45:31,396 TBConfigService::? - GetTBConfig : MethodStart
INFO  2021-07-15 11:45:31,411 TBConfigService::? - GetTBConfig : MethodFinish
INFO  2021-07-15 11:50:48,649 TRNoticeMessageService::? - GetListWithModelByRole : MethodStart
INFO  2021-07-15 11:50:49,487 TRNoticeMessageService::? - GetListWithModelByRole : MethodFinish
INFO  2021-07-15 11:50:57,442 TBConfigService::? - GetTBConfig : MethodStart
INFO  2021-07-15 11:50:57,498 TBConfigService::? - GetTBConfig : MethodFinish
INFO  2021-07-15 11:51:12,179 TBConfigService::? - GetTBConfig : MethodStart
INFO  2021-07-15 11:51:12,215 TBConfigService::? - GetTBConfig : MethodFinish
INFO  2021-07-15 11:55:02,546 TRNoticeMessageService::? - GetListWithModelByRole : MethodStart
INFO  2021-07-15 11:55:03,331 TRNoticeMessageService::? - GetListWithModelByRole : MethodFinish
INFO  2021-07-15 11:55:06,678 TBConfigService::? - GetTBConfig : MethodStart
INFO  2021-07-15 11:55:06,720 TBConfigService::? - GetTBConfig : MethodFinish
INFO  2021-07-15 11:55:12,609 TBConfigService::? - GetTBConfig : MethodStart
INFO  2021-07-15 11:55:12,654 TBConfigService::? - GetTBConfig : MethodFinish
INFO  2021-07-15 11:55:29,015 TBConfigService::? - GetTBConfig : MethodStart
INFO  2021-07-15 11:55:29,023 TBConfigService::? - GetTBConfig : MethodFinish
INFO  2021-07-15 11:55:35,547 TBConfigService::? - GetTBConfig : MethodStart
INFO  2021-07-15 11:55:35,551 TBConfigService::? - GetTBConfig : MethodFinish
INFO  2021-07-15 12:14:27,447 TBConfigService::? - GetTBConfig : MethodStart
INFO  2021-07-15 12:14:27,458 TBConfigService::? - GetTBConfig : MethodFinish
INFO  2021-07-15 12:23:52,877 TRNoticeMessageService::? - GetListWithModelByRole : MethodStart
INFO  2021-07-15 12:23:53,740 TRNoticeMessageService::? - GetListWithModelByRole : MethodFinish
INFO  2021-07-15 12:23:59,835 TBConfigService::? - GetTBConfig : MethodStart
INFO  2021-07-15 12:23:59,864 TBConfigService::? - GetTBConfig : MethodFinish
INFO  2021-07-15 12:24:15,121 TBConfigService::? - GetTBConfig : MethodStart
INFO  2021-07-15 12:24:15,154 TBConfigService::? - GetTBConfig : MethodFinish
INFO  2021-07-15 12:24:20,190 WHONETService::? - Get_TCWHONET_Antibiotics_Acitve_List : MethodStart
INFO  2021-07-15 12:24:20,192 TCWHONET_AntibioticsDAC::? - GetList_Active : MethodStart
INFO  2021-07-15 12:24:20,228 TCWHONET_AntibioticsDAC::? - GetList_Active : MethodFinish
INFO  2021-07-15 12:24:20,231 WHONETService::? - Get_TCWHONET_Antibiotics_Acitve_List : MethodFinish
INFO  2021-07-15 12:38:35,122 TBConfigService::? - GetTBConfig : MethodStart
INFO  2021-07-15 12:38:35,135 TBConfigService::? - GetTBConfig : MethodFinish
