INFO  2021-09-30 09:08:42,593 TRNoticeMessageService::? - GetListWithModelByRole : MethodStart
INFO  2021-09-30 09:08:46,251 TRNoticeMessageService::? - GetListWithModelByRole : MethodFinish
INFO  2021-09-30 09:08:58,612 TBConfigService::? - GetTBConfig : MethodStart
INFO  2021-09-30 09:08:58,979 TBConfigService::? - GetTBConfig : MethodFinish
INFO  2021-09-30 09:09:23,193 TBConfigService::? - GetTBConfig : MethodStart
INFO  2021-09-30 09:09:23,383 TBConfigService::? - GetTBConfig : MethodFinish
INFO  2021-09-30 09:09:24,453 WHONETService::? - Get_TCWHONET_Antibiotic_List : MethodStart
INFO  2021-09-30 09:09:24,516 WHONETService::? - Get_TCWHONET_Antibiotic_List : MethodFinish
INFO  2021-09-30 09:09:24,624 WHONETService::? - Get_TCWHONET_AntibioticSpecies_List : MethodStart
INFO  2021-09-30 09:09:24,692 WHONETService::? - Get_TCWHONET_AntibioticSpecies_List : MethodFinish
INFO  2021-09-30 09:09:24,783 WHONETService::? - Get_TCWHONET_Departments_List : MethodStart
INFO  2021-09-30 09:09:24,846 WHONETService::? - Get_TCWHONET_Departments_List : MethodFinish
INFO  2021-09-30 09:09:24,937 WHONETService::? - Get_TCWHONET_Specimen_List : MethodStart
INFO  2021-09-30 09:09:25,024 WHONETService::? - Get_TCWHONET_Specimen_List : MethodFinish
INFO  2021-09-30 09:09:25,120 WHONETService::? - Get_TCWHONET_Column_List : MethodStart
INFO  2021-09-30 09:09:25,188 WHONETService::? - Get_TCWHONET_Column_List : MethodFinish
INFO  2021-09-30 09:09:25,272 WHONETService::? - Get_TCWHONET_Organism_List : MethodStart
INFO  2021-09-30 09:09:25,408 WHONETService::? - Get_TCWHONET_Organism_List : MethodFinish
INFO  2021-09-30 09:09:25,497 WHONETService::? - Get_TCWHONET_Macro_List : MethodStart
INFO  2021-09-30 09:09:25,554 WHONETService::? - Get_TCWHONET_Macro_List : MethodFinish
INFO  2021-09-30 09:09:25,642 LogProcessService::? - GetLogProcessListWithModel : MethodStart
INFO  2021-09-30 09:09:25,857 LogProcessService::? - GetLogProcessListWithModel : MethodFinish
INFO  2021-09-30 09:09:46,368 TBConfigService::? - GetTBConfig : MethodStart
INFO  2021-09-30 09:09:46,546 TBConfigService::? - GetTBConfig : MethodFinish
INFO  2021-09-30 09:09:49,725 TBConfigService::? - GetTBConfig : MethodStart
INFO  2021-09-30 09:09:49,845 TBConfigService::? - GetTBConfig : MethodFinish
INFO  2021-09-30 09:09:50,236 WHONETService::? - Get_TCWHONET_Antibiotic_List : MethodStart
INFO  2021-09-30 09:09:50,302 WHONETService::? - Get_TCWHONET_Antibiotic_List : MethodFinish
INFO  2021-09-30 09:09:50,407 WHONETService::? - Get_TCWHONET_AntibioticSpecies_List : MethodStart
INFO  2021-09-30 09:09:50,462 WHONETService::? - Get_TCWHONET_AntibioticSpecies_List : MethodFinish
INFO  2021-09-30 09:09:50,577 WHONETService::? - Get_TCWHONET_Departments_List : MethodStart
INFO  2021-09-30 09:09:50,631 WHONETService::? - Get_TCWHONET_Departments_List : MethodFinish
INFO  2021-09-30 09:09:50,698 WHONETService::? - Get_TCWHONET_Specimen_List : MethodStart
INFO  2021-09-30 09:09:50,749 WHONETService::? - Get_TCWHONET_Specimen_List : MethodFinish
INFO  2021-09-30 09:09:50,821 WHONETService::? - Get_TCWHONET_Column_List : MethodStart
INFO  2021-09-30 09:09:50,867 WHONETService::? - Get_TCWHONET_Column_List : MethodFinish
INFO  2021-09-30 09:09:50,983 WHONETService::? - Get_TCWHONET_Organism_List : MethodStart
INFO  2021-09-30 09:09:51,047 WHONETService::? - Get_TCWHONET_Organism_List : MethodFinish
INFO  2021-09-30 09:09:51,133 WHONETService::? - Get_TCWHONET_Macro_List : MethodStart
INFO  2021-09-30 09:09:51,188 WHONETService::? - Get_TCWHONET_Macro_List : MethodFinish
INFO  2021-09-30 09:09:51,291 LogProcessService::? - GetLogProcessListWithModel : MethodStart
INFO  2021-09-30 09:09:51,411 LogProcessService::? - GetLogProcessListWithModel : MethodFinish
INFO  2021-09-30 09:10:00,906 TBConfigService::? - GetTBConfig : MethodStart
INFO  2021-09-30 09:10:01,040 TBConfigService::? - GetTBConfig : MethodFinish
INFO  2021-09-30 09:10:03,345 TBConfigService::? - GetTBConfig : MethodStart
INFO  2021-09-30 09:10:03,475 TBConfigService::? - GetTBConfig : MethodFinish
INFO  2021-09-30 09:10:03,840 WHONETService::? - Get_TCWHONET_Antibiotic_List : MethodStart
INFO  2021-09-30 09:10:03,900 WHONETService::? - Get_TCWHONET_Antibiotic_List : MethodFinish
INFO  2021-09-30 09:10:03,956 WHONETService::? - Get_TCWHONET_AntibioticSpecies_List : MethodStart
INFO  2021-09-30 09:10:04,029 WHONETService::? - Get_TCWHONET_AntibioticSpecies_List : MethodFinish
INFO  2021-09-30 09:10:04,086 WHONETService::? - Get_TCWHONET_Departments_List : MethodStart
INFO  2021-09-30 09:10:04,153 WHONETService::? - Get_TCWHONET_Departments_List : MethodFinish
INFO  2021-09-30 09:10:04,210 WHONETService::? - Get_TCWHONET_Specimen_List : MethodStart
INFO  2021-09-30 09:10:04,264 WHONETService::? - Get_TCWHONET_Specimen_List : MethodFinish
INFO  2021-09-30 09:10:04,318 WHONETService::? - Get_TCWHONET_Column_List : MethodStart
INFO  2021-09-30 09:10:04,371 WHONETService::? - Get_TCWHONET_Column_List : MethodFinish
INFO  2021-09-30 09:10:04,415 WHONETService::? - Get_TCWHONET_Organism_List : MethodStart
INFO  2021-09-30 09:10:04,479 WHONETService::? - Get_TCWHONET_Organism_List : MethodFinish
INFO  2021-09-30 09:10:04,529 WHONETService::? - Get_TCWHONET_Macro_List : MethodStart
INFO  2021-09-30 09:10:04,577 WHONETService::? - Get_TCWHONET_Macro_List : MethodFinish
INFO  2021-09-30 09:10:04,627 LogProcessService::? - GetLogProcessListWithModel : MethodStart
INFO  2021-09-30 09:10:04,792 LogProcessService::? - GetLogProcessListWithModel : MethodFinish
INFO  2021-09-30 09:10:07,208 TBConfigService::? - GetTBConfig : MethodStart
INFO  2021-09-30 09:10:07,338 TBConfigService::? - GetTBConfig : MethodFinish
INFO  2021-09-30 09:10:08,465 TBConfigService::? - GetTBConfig : MethodStart
INFO  2021-09-30 09:10:08,628 TBConfigService::? - GetTBConfig : MethodFinish
INFO  2021-09-30 09:10:12,823 TBConfigService::? - GetTBConfig : MethodStart
INFO  2021-09-30 09:10:12,930 TBConfigService::? - GetTBConfig : MethodFinish
INFO  2021-09-30 09:10:16,034 TBConfigService::? - GetTBConfig : MethodStart
INFO  2021-09-30 09:10:16,183 TBConfigService::? - GetTBConfig : MethodFinish
INFO  2021-09-30 09:10:43,215 WHONETService::? - Get_TCWHONET_Antibiotics_Acitve_List : MethodStart
INFO  2021-09-30 09:10:43,220 TCWHONET_AntibioticsDAC::? - GetList_Active : MethodStart
INFO  2021-09-30 09:10:43,394 TCWHONET_AntibioticsDAC::? - GetList_Active : MethodFinish
INFO  2021-09-30 09:10:43,411 WHONETService::? - Get_TCWHONET_Antibiotics_Acitve_List : MethodFinish
INFO  2021-09-30 09:13:35,145 TBConfigService::? - GetTBConfig : MethodStart
INFO  2021-09-30 09:13:35,256 TBConfigService::? - GetTBConfig : MethodFinish
INFO  2021-09-30 09:13:38,561 TBConfigService::? - GetTBConfig : MethodStart
INFO  2021-09-30 09:13:38,668 TBConfigService::? - GetTBConfig : MethodFinish
INFO  2021-09-30 09:13:40,576 WHONETService::? - Get_TCWHONET_Antibiotics_Acitve_List : MethodStart
INFO  2021-09-30 09:13:40,588 TCWHONET_AntibioticsDAC::? - GetList_Active : MethodStart
INFO  2021-09-30 09:13:40,716 TCWHONET_AntibioticsDAC::? - GetList_Active : MethodFinish
INFO  2021-09-30 09:13:40,730 WHONETService::? - Get_TCWHONET_Antibiotics_Acitve_List : MethodFinish
INFO  2021-09-30 09:17:54,612 TBConfigService::? - GetTBConfig : MethodStart
INFO  2021-09-30 09:17:54,742 TBConfigService::? - GetTBConfig : MethodFinish
INFO  2021-09-30 09:19:07,616 TBConfigService::? - GetTBConfig : MethodStart
INFO  2021-09-30 09:19:07,745 TBConfigService::? - GetTBConfig : MethodFinish
INFO  2021-09-30 09:19:08,167 WHONETService::? - Get_TCWHONET_Antibiotic_List : MethodStart
INFO  2021-09-30 09:19:08,442 WHONETService::? - Get_TCWHONET_Antibiotic_List : MethodFinish
INFO  2021-09-30 09:19:08,535 WHONETService::? - Get_TCWHONET_AntibioticSpecies_List : MethodStart
INFO  2021-09-30 09:19:08,598 WHONETService::? - Get_TCWHONET_AntibioticSpecies_List : MethodFinish
INFO  2021-09-30 09:19:08,682 WHONETService::? - Get_TCWHONET_Departments_List : MethodStart
INFO  2021-09-30 09:19:08,737 WHONETService::? - Get_TCWHONET_Departments_List : MethodFinish
INFO  2021-09-30 09:19:08,807 WHONETService::? - Get_TCWHONET_Specimen_List : MethodStart
INFO  2021-09-30 09:19:08,902 WHONETService::? - Get_TCWHONET_Specimen_List : MethodFinish
INFO  2021-09-30 09:19:08,987 WHONETService::? - Get_TCWHONET_Column_List : MethodStart
INFO  2021-09-30 09:19:09,069 WHONETService::? - Get_TCWHONET_Column_List : MethodFinish
INFO  2021-09-30 09:19:09,154 WHONETService::? - Get_TCWHONET_Organism_List : MethodStart
INFO  2021-09-30 09:19:09,211 WHONETService::? - Get_TCWHONET_Organism_List : MethodFinish
INFO  2021-09-30 09:19:09,271 WHONETService::? - Get_TCWHONET_Macro_List : MethodStart
INFO  2021-09-30 09:19:09,322 WHONETService::? - Get_TCWHONET_Macro_List : MethodFinish
INFO  2021-09-30 09:19:09,401 LogProcessService::? - GetLogProcessListWithModel : MethodStart
INFO  2021-09-30 09:19:09,521 LogProcessService::? - GetLogProcessListWithModel : MethodFinish
INFO  2021-09-30 09:19:41,007 TBConfigService::? - GetTBConfig : MethodStart
INFO  2021-09-30 09:19:41,123 TBConfigService::? - GetTBConfig : MethodFinish
INFO  2021-09-30 09:19:41,453 WHONETService::? - Get_TCWHONET_Antibiotic_List : MethodStart
INFO  2021-09-30 09:19:41,512 WHONETService::? - Get_TCWHONET_Antibiotic_List : MethodFinish
INFO  2021-09-30 09:19:41,563 WHONETService::? - Get_TCWHONET_AntibioticSpecies_List : MethodStart
INFO  2021-09-30 09:19:41,620 WHONETService::? - Get_TCWHONET_AntibioticSpecies_List : MethodFinish
INFO  2021-09-30 09:19:41,679 WHONETService::? - Get_TCWHONET_Departments_List : MethodStart
INFO  2021-09-30 09:19:41,727 WHONETService::? - Get_TCWHONET_Departments_List : MethodFinish
INFO  2021-09-30 09:19:41,776 WHONETService::? - Get_TCWHONET_Specimen_List : MethodStart
INFO  2021-09-30 09:19:41,834 WHONETService::? - Get_TCWHONET_Specimen_List : MethodFinish
INFO  2021-09-30 09:19:41,901 WHONETService::? - Get_TCWHONET_Column_List : MethodStart
INFO  2021-09-30 09:19:41,954 WHONETService::? - Get_TCWHONET_Column_List : MethodFinish
INFO  2021-09-30 09:19:42,060 WHONETService::? - Get_TCWHONET_Organism_List : MethodStart
INFO  2021-09-30 09:19:42,115 WHONETService::? - Get_TCWHONET_Organism_List : MethodFinish
INFO  2021-09-30 09:19:42,177 WHONETService::? - Get_TCWHONET_Macro_List : MethodStart
INFO  2021-09-30 09:19:42,231 WHONETService::? - Get_TCWHONET_Macro_List : MethodFinish
INFO  2021-09-30 09:19:42,284 LogProcessService::? - GetLogProcessListWithModel : MethodStart
INFO  2021-09-30 09:19:42,414 LogProcessService::? - GetLogProcessListWithModel : MethodFinish
INFO  2021-09-30 09:20:00,657 TBConfigService::? - GetTBConfig : MethodStart
INFO  2021-09-30 09:20:00,774 TBConfigService::? - GetTBConfig : MethodFinish
INFO  2021-09-30 09:20:03,921 TBConfigService::? - GetTBConfig : MethodStart
INFO  2021-09-30 09:20:04,035 TBConfigService::? - GetTBConfig : MethodFinish
INFO  2021-09-30 09:20:04,458 WHONETService::? - Get_TCWHONET_Antibiotic_List : MethodStart
INFO  2021-09-30 09:20:04,526 WHONETService::? - Get_TCWHONET_Antibiotic_List : MethodFinish
INFO  2021-09-30 09:20:04,669 WHONETService::? - Get_TCWHONET_AntibioticSpecies_List : MethodStart
INFO  2021-09-30 09:20:04,745 WHONETService::? - Get_TCWHONET_AntibioticSpecies_List : MethodFinish
INFO  2021-09-30 09:20:04,838 WHONETService::? - Get_TCWHONET_Departments_List : MethodStart
INFO  2021-09-30 09:20:04,891 WHONETService::? - Get_TCWHONET_Departments_List : MethodFinish
INFO  2021-09-30 09:20:04,978 WHONETService::? - Get_TCWHONET_Specimen_List : MethodStart
INFO  2021-09-30 09:20:05,034 WHONETService::? - Get_TCWHONET_Specimen_List : MethodFinish
INFO  2021-09-30 09:20:05,092 WHONETService::? - Get_TCWHONET_Column_List : MethodStart
INFO  2021-09-30 09:20:05,142 WHONETService::? - Get_TCWHONET_Column_List : MethodFinish
INFO  2021-09-30 09:20:05,193 WHONETService::? - Get_TCWHONET_Organism_List : MethodStart
INFO  2021-09-30 09:20:05,243 WHONETService::? - Get_TCWHONET_Organism_List : MethodFinish
INFO  2021-09-30 09:20:05,358 WHONETService::? - Get_TCWHONET_Macro_List : MethodStart
INFO  2021-09-30 09:20:05,423 WHONETService::? - Get_TCWHONET_Macro_List : MethodFinish
INFO  2021-09-30 09:20:05,546 LogProcessService::? - GetLogProcessListWithModel : MethodStart
INFO  2021-09-30 09:20:05,688 LogProcessService::? - GetLogProcessListWithModel : MethodFinish
INFO  2021-09-30 09:21:25,866 WHONETService::? - DeleteWHONET_AntibioticsListData : MethodStart
INFO  2021-09-30 09:21:25,998 WHONETService::? - DeleteWHONET_AntibioticsListData : MethodFinish
INFO  2021-09-30 09:21:26,153 WHONETService::? - DeleteWHONET_AntibioticSpeciesListData : MethodStart
INFO  2021-09-30 09:21:26,288 WHONETService::? - DeleteWHONET_AntibioticSpeciesListData : MethodFinish
INFO  2021-09-30 09:21:26,475 WHONETService::? - DeleteWHONET_DepartmentsListData : MethodStart
INFO  2021-09-30 09:21:26,615 WHONETService::? - DeleteWHONET_DepartmentsListData : MethodFinish
INFO  2021-09-30 09:21:26,685 WHONETService::? - DeleteWHONET_ColumnListData : MethodStart
INFO  2021-09-30 09:21:26,998 WHONETService::? - DeleteWHONET_ColumnListData : MethodFinish
INFO  2021-09-30 09:21:27,080 WHONETService::? - SaveWHONET_AntibioticsListData : MethodStart
INFO  2021-09-30 09:21:27,127 WHONETService::? - ClearTCWHONET_AntibioticsDataByMST_CODE : MethodStart
INFO  2021-09-30 09:21:27,136 WHONETService::? - Get_TCWHONET_Antibiotic_List : MethodStart
INFO  2021-09-30 09:21:27,182 WHONETService::? - Get_TCWHONET_Antibiotic_List : MethodFinish
INFO  2021-09-30 09:21:27,194 WHONETService::? - ClearTCWHONET_AntibioticsDataByMST_CODE : MethodFinish
INFO  2021-09-30 09:21:27,940 WHONETService::? - SaveWHONET_AntibioticsListData : MethodFinish
INFO  2021-09-30 09:21:28,078 WHONETService::? - SaveWHONET_AntibioticSpeciesListData : MethodStart
INFO  2021-09-30 09:21:28,126 WHONETService::? - ClearTCWHONET_AntibioticSpeciesDataByMST_CODE : MethodStart
INFO  2021-09-30 09:21:28,146 WHONETService::? - Get_TCWHONET_AntibioticSpecies_List : MethodStart
INFO  2021-09-30 09:21:28,211 WHONETService::? - Get_TCWHONET_AntibioticSpecies_List : MethodFinish
INFO  2021-09-30 09:21:28,235 WHONETService::? - ClearTCWHONET_AntibioticSpeciesDataByMST_CODE : MethodFinish
INFO  2021-09-30 09:21:31,872 WHONETService::? - SaveWHONET_AntibioticSpeciesListData : MethodFinish
INFO  2021-09-30 09:21:31,987 WHONETService::? - SaveWHONET_DepartmentsListData : MethodStart
INFO  2021-09-30 09:21:32,040 WHONETService::? - ClearTCWHONET_DepartmentsDataByMST_CODE : MethodStart
INFO  2021-09-30 09:21:32,101 WHONETService::? - Get_TCWHONET_Departments_List : MethodStart
INFO  2021-09-30 09:21:32,151 WHONETService::? - Get_TCWHONET_Departments_List : MethodFinish
INFO  2021-09-30 09:21:32,165 WHONETService::? - ClearTCWHONET_DepartmentsDataByMST_CODE : MethodFinish
INFO  2021-09-30 09:21:32,328 WHONETService::? - SaveWHONET_DepartmentsListData : MethodFinish
INFO  2021-09-30 09:21:32,396 WHONETService::? - SaveWHONET_ColumnListData : MethodStart
INFO  2021-09-30 09:21:32,442 WHONETService::? - ClearTCWHONET_ColumnDataByMST_CODE : MethodStart
INFO  2021-09-30 09:21:32,452 WHONETService::? - Get_TCWHONET_Column_List : MethodStart
INFO  2021-09-30 09:21:32,499 WHONETService::? - Get_TCWHONET_Column_List : MethodFinish
INFO  2021-09-30 09:21:32,509 WHONETService::? - ClearTCWHONET_ColumnDataByMST_CODE : MethodFinish
INFO  2021-09-30 09:21:32,692 WHONETService::? - SaveWHONET_ColumnListData : MethodFinish
INFO  2021-09-30 09:21:32,757 WHONETService::? - Get_TCWHONET_Antibiotic_List : MethodStart
INFO  2021-09-30 09:21:32,814 WHONETService::? - Get_TCWHONET_Antibiotic_List : MethodFinish
INFO  2021-09-30 09:21:32,877 WHONETService::? - Get_TCWHONET_AntibioticSpecies_List : MethodStart
INFO  2021-09-30 09:21:33,027 WHONETService::? - Get_TCWHONET_AntibioticSpecies_List : MethodFinish
INFO  2021-09-30 09:21:33,124 WHONETService::? - Get_TCWHONET_Departments_List : MethodStart
INFO  2021-09-30 09:21:33,175 WHONETService::? - Get_TCWHONET_Departments_List : MethodFinish
INFO  2021-09-30 09:21:33,296 WHONETService::? - Get_TCWHONET_Column_List : MethodStart
INFO  2021-09-30 09:21:33,358 WHONETService::? - Get_TCWHONET_Column_List : MethodFinish
INFO  2021-09-30 09:21:33,417 LogProcessService::? - GetLogProcessListWithModel : MethodStart
INFO  2021-09-30 09:21:33,541 LogProcessService::? - GetLogProcessListWithModel : MethodFinish
INFO  2021-09-30 09:21:42,730 TBConfigService::? - GetTBConfig : MethodStart
INFO  2021-09-30 09:21:42,839 TBConfigService::? - GetTBConfig : MethodFinish
INFO  2021-09-30 09:21:45,638 WHONETService::? - Get_TCWHONET_Antibiotics_Acitve_List : MethodStart
INFO  2021-09-30 09:21:45,641 TCWHONET_AntibioticsDAC::? - GetList_Active : MethodStart
INFO  2021-09-30 09:21:45,799 TCWHONET_AntibioticsDAC::? - GetList_Active : MethodFinish
INFO  2021-09-30 09:21:45,819 WHONETService::? - Get_TCWHONET_Antibiotics_Acitve_List : MethodFinish
INFO  2021-09-30 09:22:17,948 TBConfigService::? - GetTBConfig : MethodStart
INFO  2021-09-30 09:22:18,058 TBConfigService::? - GetTBConfig : MethodFinish
INFO  2021-09-30 09:22:19,169 TBConfigService::? - GetTBConfig : MethodStart
INFO  2021-09-30 09:22:19,293 TBConfigService::? - GetTBConfig : MethodFinish
INFO  2021-09-30 09:22:20,439 WHONETService::? - Get_TCWHONET_Antibiotics_Acitve_List : MethodStart
INFO  2021-09-30 09:22:20,455 TCWHONET_AntibioticsDAC::? - GetList_Active : MethodStart
INFO  2021-09-30 09:22:20,630 TCWHONET_AntibioticsDAC::? - GetList_Active : MethodFinish
INFO  2021-09-30 09:22:20,647 WHONETService::? - Get_TCWHONET_Antibiotics_Acitve_List : MethodFinish
INFO  2021-09-30 09:22:21,333 TBConfigService::? - GetTBConfig : MethodStart
INFO  2021-09-30 09:22:21,460 TBConfigService::? - GetTBConfig : MethodFinish
INFO  2021-09-30 09:22:21,718 WHONETService::? - Get_TCWHONET_Antibiotics_Acitve_List : MethodStart
INFO  2021-09-30 09:22:21,734 TCWHONET_AntibioticsDAC::? - GetList_Active : MethodStart
INFO  2021-09-30 09:22:21,873 TCWHONET_AntibioticsDAC::? - GetList_Active : MethodFinish
INFO  2021-09-30 09:22:21,887 WHONETService::? - Get_TCWHONET_Antibiotics_Acitve_List : MethodFinish
INFO  2021-09-30 09:22:22,021 WHONETService::? - Get_TCWHONET_Antibiotic_List : MethodStart
INFO  2021-09-30 09:22:22,077 WHONETService::? - Get_TCWHONET_Antibiotic_List : MethodFinish
INFO  2021-09-30 09:22:22,158 WHONETService::? - Get_TCWHONET_AntibioticSpecies_List : MethodStart
INFO  2021-09-30 09:22:22,350 WHONETService::? - Get_TCWHONET_AntibioticSpecies_List : MethodFinish
INFO  2021-09-30 09:22:22,467 WHONETService::? - Get_TCWHONET_Departments_List : MethodStart
INFO  2021-09-30 09:22:22,528 WHONETService::? - Get_TCWHONET_Departments_List : MethodFinish
INFO  2021-09-30 09:22:22,600 WHONETService::? - Get_TCWHONET_Specimen_List : MethodStart
INFO  2021-09-30 09:22:22,662 WHONETService::? - Get_TCWHONET_Specimen_List : MethodFinish
INFO  2021-09-30 09:22:22,736 WHONETService::? - Get_TCWHONET_Column_List : MethodStart
INFO  2021-09-30 09:22:22,790 WHONETService::? - Get_TCWHONET_Column_List : MethodFinish
INFO  2021-09-30 09:22:22,869 WHONETService::? - Get_TCWHONET_Organism_List : MethodStart
INFO  2021-09-30 09:22:22,923 WHONETService::? - Get_TCWHONET_Organism_List : MethodFinish
INFO  2021-09-30 09:22:22,981 WHONETService::? - Get_TCWHONET_Macro_List : MethodStart
INFO  2021-09-30 09:22:23,035 WHONETService::? - Get_TCWHONET_Macro_List : MethodFinish
INFO  2021-09-30 09:22:23,108 LogProcessService::? - GetLogProcessListWithModel : MethodStart
INFO  2021-09-30 09:22:23,238 LogProcessService::? - GetLogProcessListWithModel : MethodFinish
INFO  2021-09-30 09:31:07,897 TRNoticeMessageService::? - GetListWithModelByRole : MethodStart
INFO  2021-09-30 09:31:10,075 TRNoticeMessageService::? - GetListWithModelByRole : MethodFinish
INFO  2021-09-30 09:31:13,984 TBConfigService::? - GetTBConfig : MethodStart
INFO  2021-09-30 09:31:14,320 TBConfigService::? - GetTBConfig : MethodFinish
INFO  2021-09-30 09:31:43,291 WHONETService::? - Get_TCWHONET_Antibiotics_Acitve_List : MethodStart
INFO  2021-09-30 09:31:43,300 TCWHONET_AntibioticsDAC::? - GetList_Active : MethodStart
INFO  2021-09-30 09:31:43,651 TCWHONET_AntibioticsDAC::? - GetList_Active : MethodFinish
INFO  2021-09-30 09:31:43,693 WHONETService::? - Get_TCWHONET_Antibiotics_Acitve_List : MethodFinish
INFO  2021-09-30 09:38:25,201 TBConfigService::? - GetTBConfig : MethodStart
INFO  2021-09-30 09:38:25,323 TBConfigService::? - GetTBConfig : MethodFinish
INFO  2021-09-30 09:38:28,545 WHONETService::? - Get_TCWHONET_Antibiotics_Acitve_List : MethodStart
INFO  2021-09-30 09:38:28,548 TCWHONET_AntibioticsDAC::? - GetList_Active : MethodStart
INFO  2021-09-30 09:38:28,960 TCWHONET_AntibioticsDAC::? - GetList_Active : MethodFinish
INFO  2021-09-30 09:38:28,975 WHONETService::? - Get_TCWHONET_Antibiotics_Acitve_List : MethodFinish
INFO  2021-09-30 09:41:01,598 TRNoticeMessageService::? - GetListWithModelByRole : MethodStart
INFO  2021-09-30 09:41:03,629 TRNoticeMessageService::? - GetListWithModelByRole : MethodFinish
INFO  2021-09-30 09:41:38,162 TBConfigService::? - GetTBConfig : MethodStart
INFO  2021-09-30 09:41:38,647 TBConfigService::? - GetTBConfig : MethodFinish
INFO  2021-09-30 09:42:04,693 WHONETService::? - Get_TCWHONET_Antibiotics_Acitve_List : MethodStart
INFO  2021-09-30 09:42:04,700 TCWHONET_AntibioticsDAC::? - GetList_Active : MethodStart
INFO  2021-09-30 09:42:05,045 TCWHONET_AntibioticsDAC::? - GetList_Active : MethodFinish
INFO  2021-09-30 09:42:05,059 WHONETService::? - Get_TCWHONET_Antibiotics_Acitve_List : MethodFinish
INFO  2021-09-30 09:43:37,332 TBConfigService::? - GetTBConfig : MethodStart
INFO  2021-09-30 09:43:37,460 TBConfigService::? - GetTBConfig : MethodFinish
INFO  2021-09-30 09:43:40,113 WHONETService::? - Get_TCWHONET_Antibiotics_Acitve_List : MethodStart
INFO  2021-09-30 09:43:40,116 TCWHONET_AntibioticsDAC::? - GetList_Active : MethodStart
INFO  2021-09-30 09:43:40,289 TCWHONET_AntibioticsDAC::? - GetList_Active : MethodFinish
INFO  2021-09-30 09:43:40,309 WHONETService::? - Get_TCWHONET_Antibiotics_Acitve_List : MethodFinish
INFO  2021-09-30 09:50:43,335 TRNoticeMessageService::? - GetListWithModelByRole : MethodStart
INFO  2021-09-30 09:50:45,843 TRNoticeMessageService::? - GetListWithModelByRole : MethodFinish
INFO  2021-09-30 09:50:52,008 TBConfigService::? - GetTBConfig : MethodStart
INFO  2021-09-30 09:50:52,358 TBConfigService::? - GetTBConfig : MethodFinish
INFO  2021-09-30 09:53:12,975 TRNoticeMessageService::? - GetListWithModelByRole : MethodStart
INFO  2021-09-30 09:53:15,986 TRNoticeMessageService::? - GetListWithModelByRole : MethodFinish
INFO  2021-09-30 09:53:33,734 TBConfigService::? - GetTBConfig : MethodStart
INFO  2021-09-30 09:53:34,081 TBConfigService::? - GetTBConfig : MethodFinish
INFO  2021-09-30 09:55:05,821 WHONETService::? - Get_TCWHONET_Antibiotics_Acitve_List : MethodStart
INFO  2021-09-30 09:55:05,825 TCWHONET_AntibioticsDAC::? - GetList_Active : MethodStart
INFO  2021-09-30 09:55:06,182 TCWHONET_AntibioticsDAC::? - GetList_Active : MethodFinish
INFO  2021-09-30 09:55:06,214 WHONETService::? - Get_TCWHONET_Antibiotics_Acitve_List : MethodFinish
INFO  2021-09-30 10:00:04,267 TRNoticeMessageService::? - GetListWithModelByRole : MethodStart
INFO  2021-09-30 10:00:06,791 TRNoticeMessageService::? - GetListWithModelByRole : MethodFinish
INFO  2021-09-30 10:00:47,593 TBConfigService::? - GetTBConfig : MethodStart
INFO  2021-09-30 10:00:48,122 TBConfigService::? - GetTBConfig : MethodFinish
INFO  2021-09-30 10:01:41,005 WHONETService::? - Get_TCWHONET_Antibiotics_Acitve_List : MethodStart
INFO  2021-09-30 10:01:41,010 TCWHONET_AntibioticsDAC::? - GetList_Active : MethodStart
INFO  2021-09-30 10:01:41,384 TCWHONET_AntibioticsDAC::? - GetList_Active : MethodFinish
INFO  2021-09-30 10:01:41,411 WHONETService::? - Get_TCWHONET_Antibiotics_Acitve_List : MethodFinish
INFO  2021-09-30 10:02:52,766 TBConfigService::? - GetTBConfig : MethodStart
INFO  2021-09-30 10:02:52,887 TBConfigService::? - GetTBConfig : MethodFinish
INFO  2021-09-30 10:02:58,143 WHONETService::? - Get_TCWHONET_Antibiotics_Acitve_List : MethodStart
INFO  2021-09-30 10:02:58,147 TCWHONET_AntibioticsDAC::? - GetList_Active : MethodStart
INFO  2021-09-30 10:02:58,283 TCWHONET_AntibioticsDAC::? - GetList_Active : MethodFinish
INFO  2021-09-30 10:02:58,314 WHONETService::? - Get_TCWHONET_Antibiotics_Acitve_List : MethodFinish
INFO  2021-09-30 10:09:39,072 TRNoticeMessageService::? - GetListWithModelByRole : MethodStart
INFO  2021-09-30 10:09:40,916 TRNoticeMessageService::? - GetListWithModelByRole : MethodFinish
INFO  2021-09-30 10:11:08,042 TBConfigService::? - GetTBConfig : MethodStart
INFO  2021-09-30 10:11:11,076 TBConfigService::? - GetTBConfig : MethodFinish
INFO  2021-09-30 10:11:39,001 WHONETService::? - Get_TCWHONET_Antibiotics_Acitve_List : MethodStart
INFO  2021-09-30 10:11:39,009 TCWHONET_AntibioticsDAC::? - GetList_Active : MethodStart
INFO  2021-09-30 10:11:39,528 TCWHONET_AntibioticsDAC::? - GetList_Active : MethodFinish
INFO  2021-09-30 10:11:39,550 WHONETService::? - Get_TCWHONET_Antibiotics_Acitve_List : MethodFinish
INFO  2021-09-30 10:13:24,218 TBConfigService::? - GetTBConfig : MethodStart
INFO  2021-09-30 10:13:24,627 TBConfigService::? - GetTBConfig : MethodFinish
INFO  2021-09-30 10:13:27,484 WHONETService::? - Get_TCWHONET_Antibiotics_Acitve_List : MethodStart
INFO  2021-09-30 10:13:27,487 TCWHONET_AntibioticsDAC::? - GetList_Active : MethodStart
INFO  2021-09-30 10:13:27,619 TCWHONET_AntibioticsDAC::? - GetList_Active : MethodFinish
INFO  2021-09-30 10:13:27,639 WHONETService::? - Get_TCWHONET_Antibiotics_Acitve_List : MethodFinish
INFO  2021-09-30 10:16:19,215 TRNoticeMessageService::? - GetListWithModelByRole : MethodStart
INFO  2021-09-30 10:16:20,300 TRNoticeMessageService::? - GetListWithModelByRole : MethodFinish
INFO  2021-09-30 10:16:40,475 TBConfigService::? - GetTBConfig : MethodStart
INFO  2021-09-30 10:16:40,827 TBConfigService::? - GetTBConfig : MethodFinish
INFO  2021-09-30 10:16:53,815 WHONETService::? - Get_TCWHONET_Antibiotics_Acitve_List : MethodStart
INFO  2021-09-30 10:16:53,817 TCWHONET_AntibioticsDAC::? - GetList_Active : MethodStart
INFO  2021-09-30 10:16:54,033 TCWHONET_AntibioticsDAC::? - GetList_Active : MethodFinish
INFO  2021-09-30 10:16:54,045 WHONETService::? - Get_TCWHONET_Antibiotics_Acitve_List : MethodFinish
INFO  2021-09-30 10:18:30,230 TBConfigService::? - GetTBConfig : MethodStart
INFO  2021-09-30 10:18:30,371 TBConfigService::? - GetTBConfig : MethodFinish
INFO  2021-09-30 10:18:37,186 TBConfigService::? - GetTBConfig : MethodStart
INFO  2021-09-30 10:18:37,297 TBConfigService::? - GetTBConfig : MethodFinish
INFO  2021-09-30 10:18:37,590 WHONETService::? - Get_TCWHONET_Antibiotic_List : MethodStart
INFO  2021-09-30 10:18:37,648 WHONETService::? - Get_TCWHONET_Antibiotic_List : MethodFinish
INFO  2021-09-30 10:18:37,698 WHONETService::? - Get_TCWHONET_AntibioticSpecies_List : MethodStart
INFO  2021-09-30 10:18:37,835 WHONETService::? - Get_TCWHONET_AntibioticSpecies_List : MethodFinish
INFO  2021-09-30 10:18:37,916 WHONETService::? - Get_TCWHONET_Departments_List : MethodStart
INFO  2021-09-30 10:18:37,983 WHONETService::? - Get_TCWHONET_Departments_List : MethodFinish
INFO  2021-09-30 10:18:38,043 WHONETService::? - Get_TCWHONET_Specimen_List : MethodStart
INFO  2021-09-30 10:18:38,104 WHONETService::? - Get_TCWHONET_Specimen_List : MethodFinish
INFO  2021-09-30 10:18:38,158 WHONETService::? - Get_TCWHONET_Column_List : MethodStart
INFO  2021-09-30 10:18:38,207 WHONETService::? - Get_TCWHONET_Column_List : MethodFinish
INFO  2021-09-30 10:18:38,256 WHONETService::? - Get_TCWHONET_Organism_List : MethodStart
INFO  2021-09-30 10:18:38,480 WHONETService::? - Get_TCWHONET_Organism_List : MethodFinish
INFO  2021-09-30 10:18:38,585 WHONETService::? - Get_TCWHONET_Macro_List : MethodStart
INFO  2021-09-30 10:18:38,636 WHONETService::? - Get_TCWHONET_Macro_List : MethodFinish
INFO  2021-09-30 10:18:38,690 LogProcessService::? - GetLogProcessListWithModel : MethodStart
INFO  2021-09-30 10:18:38,810 LogProcessService::? - GetLogProcessListWithModel : MethodFinish
INFO  2021-09-30 10:20:03,258 TBConfigService::? - GetTBConfig : MethodStart
INFO  2021-09-30 10:20:03,372 TBConfigService::? - GetTBConfig : MethodFinish
INFO  2021-09-30 10:20:04,683 TBConfigService::? - GetTBConfig : MethodStart
INFO  2021-09-30 10:20:04,792 TBConfigService::? - GetTBConfig : MethodFinish
INFO  2021-09-30 10:20:06,685 WHONETService::? - Get_TCWHONET_Antibiotics_Acitve_List : MethodStart
INFO  2021-09-30 10:20:06,691 TCWHONET_AntibioticsDAC::? - GetList_Active : MethodStart
INFO  2021-09-30 10:20:06,812 TCWHONET_AntibioticsDAC::? - GetList_Active : MethodFinish
INFO  2021-09-30 10:20:06,818 WHONETService::? - Get_TCWHONET_Antibiotics_Acitve_List : MethodFinish
INFO  2021-09-30 10:21:32,466 TBConfigService::? - GetTBConfig : MethodStart
INFO  2021-09-30 10:21:32,577 TBConfigService::? - GetTBConfig : MethodFinish
INFO  2021-09-30 10:21:38,515 TBConfigService::? - GetTBConfig : MethodStart
INFO  2021-09-30 10:21:38,634 TBConfigService::? - GetTBConfig : MethodFinish
INFO  2021-09-30 10:21:52,945 TBConfigService::? - GetTBConfig : MethodStart
INFO  2021-09-30 10:21:53,053 TBConfigService::? - GetTBConfig : MethodFinish
INFO  2021-09-30 11:44:29,277 TRNoticeMessageService::? - GetListWithModelByRole : MethodStart
INFO  2021-09-30 11:44:30,385 TRNoticeMessageService::? - GetListWithModelByRole : MethodFinish
INFO  2021-09-30 11:44:54,986 TBConfigService::? - GetTBConfig : MethodStart
INFO  2021-09-30 11:44:55,414 TBConfigService::? - GetTBConfig : MethodFinish
INFO  2021-09-30 11:48:20,376 TRNoticeMessageService::? - GetListWithModelByRole : MethodStart
INFO  2021-09-30 11:48:21,450 TRNoticeMessageService::? - GetListWithModelByRole : MethodFinish
INFO  2021-09-30 11:48:26,244 TBConfigService::? - GetTBConfig : MethodStart
INFO  2021-09-30 11:48:26,527 TBConfigService::? - GetTBConfig : MethodFinish
INFO  2021-09-30 11:51:23,536 TBConfigService::? - GetTBConfig : MethodStart
INFO  2021-09-30 11:51:23,684 TBConfigService::? - GetTBConfig : MethodFinish
INFO  2021-09-30 11:52:16,286 TBConfigService::? - GetTBConfig : MethodStart
INFO  2021-09-30 11:52:16,399 TBConfigService::? - GetTBConfig : MethodFinish
INFO  2021-09-30 11:54:55,746 TRNoticeMessageService::? - GetListWithModelByRole : MethodStart
INFO  2021-09-30 11:54:56,899 TRNoticeMessageService::? - GetListWithModelByRole : MethodFinish
INFO  2021-09-30 11:55:02,739 TBConfigService::? - GetTBConfig : MethodStart
INFO  2021-09-30 11:55:03,044 TBConfigService::? - GetTBConfig : MethodFinish
INFO  2021-09-30 12:09:07,909 TRNoticeMessageService::? - GetListWithModelByRole : MethodStart
INFO  2021-09-30 12:09:08,965 TRNoticeMessageService::? - GetListWithModelByRole : MethodFinish
INFO  2021-09-30 12:18:46,528 TBConfigService::? - GetTBConfig : MethodStart
INFO  2021-09-30 12:18:46,974 TBConfigService::? - GetTBConfig : MethodFinish
INFO  2021-09-30 12:21:20,305 TBConfigService::? - GetTBConfig : MethodStart
INFO  2021-09-30 12:21:20,442 TBConfigService::? - GetTBConfig : MethodFinish
INFO  2021-09-30 12:21:25,353 TBConfigService::? - GetTBConfig : MethodStart
INFO  2021-09-30 12:21:25,469 TBConfigService::? - GetTBConfig : MethodFinish
INFO  2021-09-30 12:35:48,384 TRNoticeMessageService::? - GetListWithModelByRole : MethodStart
INFO  2021-09-30 12:35:49,998 TRNoticeMessageService::? - GetListWithModelByRole : MethodFinish
INFO  2021-09-30 12:35:53,544 TBConfigService::? - GetTBConfig : MethodStart
INFO  2021-09-30 12:35:53,843 TBConfigService::? - GetTBConfig : MethodFinish
INFO  2021-09-30 13:16:08,482 TRNoticeMessageService::? - GetListWithModelByRole : MethodStart
INFO  2021-09-30 13:16:09,477 TRNoticeMessageService::? - GetListWithModelByRole : MethodFinish
INFO  2021-09-30 13:16:32,952 TBConfigService::? - GetTBConfig : MethodStart
INFO  2021-09-30 13:16:33,228 TBConfigService::? - GetTBConfig : MethodFinish
INFO  2021-09-30 13:16:46,491 WHONETService::? - Get_TCWHONET_Antibiotics_Acitve_List : MethodStart
INFO  2021-09-30 13:16:46,493 TCWHONET_AntibioticsDAC::? - GetList_Active : MethodStart
INFO  2021-09-30 13:16:46,673 TCWHONET_AntibioticsDAC::? - GetList_Active : MethodFinish
INFO  2021-09-30 13:16:46,681 WHONETService::? - Get_TCWHONET_Antibiotics_Acitve_List : MethodFinish
INFO  2021-09-30 13:18:09,692 WHONETService::? - Get_TCWHONET_Antibiotics_Acitve_List : MethodStart
INFO  2021-09-30 13:18:09,695 TCWHONET_AntibioticsDAC::? - GetList_Active : MethodStart
INFO  2021-09-30 13:18:09,817 TCWHONET_AntibioticsDAC::? - GetList_Active : MethodFinish
INFO  2021-09-30 13:18:09,844 WHONETService::? - Get_TCWHONET_Antibiotics_Acitve_List : MethodFinish
INFO  2021-09-30 13:18:36,515 TBConfigService::? - GetTBConfig : MethodStart
INFO  2021-09-30 13:18:36,649 TBConfigService::? - GetTBConfig : MethodFinish
INFO  2021-09-30 13:18:39,480 TBConfigService::? - GetTBConfig : MethodStart
INFO  2021-09-30 13:18:39,581 TBConfigService::? - GetTBConfig : MethodFinish
INFO  2021-09-30 13:18:43,053 TBConfigService::? - GetTBConfig : MethodStart
INFO  2021-09-30 13:18:43,158 TBConfigService::? - GetTBConfig : MethodFinish
INFO  2021-09-30 13:18:48,480 TBConfigService::? - GetTBConfig : MethodStart
INFO  2021-09-30 13:18:48,580 TBConfigService::? - GetTBConfig : MethodFinish
INFO  2021-09-30 13:18:58,148 TBConfigService::? - GetTBConfig : MethodStart
INFO  2021-09-30 13:18:58,253 TBConfigService::? - GetTBConfig : MethodFinish
INFO  2021-09-30 13:19:20,679 TBConfigService::? - GetTBConfig : MethodStart
INFO  2021-09-30 13:19:20,783 TBConfigService::? - GetTBConfig : MethodFinish
INFO  2021-09-30 13:19:21,118 WHONETService::? - Get_TCWHONET_Antibiotic_List : MethodStart
INFO  2021-09-30 13:19:21,196 WHONETService::? - Get_TCWHONET_Antibiotic_List : MethodFinish
INFO  2021-09-30 13:19:21,274 WHONETService::? - Get_TCWHONET_AntibioticSpecies_List : MethodStart
INFO  2021-09-30 13:19:21,398 WHONETService::? - Get_TCWHONET_AntibioticSpecies_List : MethodFinish
INFO  2021-09-30 13:19:21,501 WHONETService::? - Get_TCWHONET_Departments_List : MethodStart
INFO  2021-09-30 13:19:21,564 WHONETService::? - Get_TCWHONET_Departments_List : MethodFinish
INFO  2021-09-30 13:19:21,645 WHONETService::? - Get_TCWHONET_Specimen_List : MethodStart
INFO  2021-09-30 13:19:21,700 WHONETService::? - Get_TCWHONET_Specimen_List : MethodFinish
INFO  2021-09-30 13:19:21,766 WHONETService::? - Get_TCWHONET_Column_List : MethodStart
INFO  2021-09-30 13:19:21,836 WHONETService::? - Get_TCWHONET_Column_List : MethodFinish
INFO  2021-09-30 13:19:21,965 WHONETService::? - Get_TCWHONET_Organism_List : MethodStart
INFO  2021-09-30 13:19:22,178 WHONETService::? - Get_TCWHONET_Organism_List : MethodFinish
INFO  2021-09-30 13:19:22,293 WHONETService::? - Get_TCWHONET_Macro_List : MethodStart
INFO  2021-09-30 13:19:22,346 WHONETService::? - Get_TCWHONET_Macro_List : MethodFinish
INFO  2021-09-30 13:19:22,403 LogProcessService::? - GetLogProcessListWithModel : MethodStart
INFO  2021-09-30 13:19:22,536 LogProcessService::? - GetLogProcessListWithModel : MethodFinish
INFO  2021-09-30 13:19:33,382 TBConfigService::? - GetTBConfig : MethodStart
INFO  2021-09-30 13:19:33,513 TBConfigService::? - GetTBConfig : MethodFinish
INFO  2021-09-30 13:19:35,286 TBConfigService::? - GetTBConfig : MethodStart
INFO  2021-09-30 13:19:35,392 TBConfigService::? - GetTBConfig : MethodFinish
INFO  2021-09-30 13:19:40,507 TBConfigService::? - GetTBConfig : MethodStart
INFO  2021-09-30 13:19:40,607 TBConfigService::? - GetTBConfig : MethodFinish
INFO  2021-09-30 13:19:45,110 TBConfigService::? - GetTBConfig : MethodStart
INFO  2021-09-30 13:19:45,206 TBConfigService::? - GetTBConfig : MethodFinish
INFO  2021-09-30 13:19:47,922 TBConfigService::? - GetTBConfig : MethodStart
INFO  2021-09-30 13:19:48,021 TBConfigService::? - GetTBConfig : MethodFinish
INFO  2021-09-30 13:19:49,399 WHONETService::? - Get_TCWHONET_Antibiotics_Acitve_List : MethodStart
INFO  2021-09-30 13:19:49,405 TCWHONET_AntibioticsDAC::? - GetList_Active : MethodStart
INFO  2021-09-30 13:19:49,512 TCWHONET_AntibioticsDAC::? - GetList_Active : MethodFinish
INFO  2021-09-30 13:19:49,519 WHONETService::? - Get_TCWHONET_Antibiotics_Acitve_List : MethodFinish
INFO  2021-09-30 13:19:58,710 TBConfigService::? - GetTBConfig : MethodStart
INFO  2021-09-30 13:19:58,814 TBConfigService::? - GetTBConfig : MethodFinish
INFO  2021-09-30 13:20:14,129 TBConfigService::? - GetTBConfig : MethodStart
INFO  2021-09-30 13:20:14,232 TBConfigService::? - GetTBConfig : MethodFinish
INFO  2021-09-30 13:20:17,036 TBConfigService::? - GetTBConfig : MethodStart
INFO  2021-09-30 13:20:17,132 TBConfigService::? - GetTBConfig : MethodFinish
INFO  2021-09-30 13:20:19,297 TBConfigService::? - GetTBConfig : MethodStart
INFO  2021-09-30 13:20:19,394 TBConfigService::? - GetTBConfig : MethodFinish
INFO  2021-09-30 13:20:22,338 TBConfigService::? - GetTBConfig : MethodStart
INFO  2021-09-30 13:20:22,434 TBConfigService::? - GetTBConfig : MethodFinish
INFO  2021-09-30 13:20:26,132 TBConfigService::? - GetTBConfig : MethodStart
INFO  2021-09-30 13:20:26,230 TBConfigService::? - GetTBConfig : MethodFinish
INFO  2021-09-30 13:20:28,630 TBConfigService::? - GetTBConfig : MethodStart
INFO  2021-09-30 13:20:28,731 TBConfigService::? - GetTBConfig : MethodFinish
INFO  2021-09-30 13:20:31,553 TBConfigService::? - GetTBConfig : MethodStart
INFO  2021-09-30 13:20:31,651 TBConfigService::? - GetTBConfig : MethodFinish
INFO  2021-09-30 13:20:40,250 TBConfigService::? - GetTBConfig : MethodStart
INFO  2021-09-30 13:20:40,347 TBConfigService::? - GetTBConfig : MethodFinish
INFO  2021-09-30 13:20:52,329 TBConfigService::? - GetTBConfig : MethodStart
INFO  2021-09-30 13:20:52,626 TBConfigService::? - GetTBConfig : MethodFinish
INFO  2021-09-30 13:26:53,683 TBConfigService::? - GetTBConfig : MethodStart
INFO  2021-09-30 13:26:53,781 TBConfigService::? - GetTBConfig : MethodFinish
INFO  2021-09-30 13:33:48,972 TRNoticeMessageService::? - GetListWithModelByRole : MethodStart
INFO  2021-09-30 13:33:50,065 TRNoticeMessageService::? - GetListWithModelByRole : MethodFinish
INFO  2021-09-30 13:33:55,486 TBConfigService::? - GetTBConfig : MethodStart
INFO  2021-09-30 13:33:55,809 TBConfigService::? - GetTBConfig : MethodFinish
INFO  2021-09-30 13:34:10,117 TBConfigService::? - GetTBConfig : MethodStart
INFO  2021-09-30 13:34:10,267 TBConfigService::? - GetTBConfig : MethodFinish
INFO  2021-09-30 13:35:11,102 TBConfigService::? - GetTBConfig : MethodStart
INFO  2021-09-30 13:35:11,243 TBConfigService::? - GetTBConfig : MethodFinish
INFO  2021-09-30 13:35:15,142 TBConfigService::? - GetTBConfig : MethodStart
INFO  2021-09-30 13:35:15,255 TBConfigService::? - GetTBConfig : MethodFinish
INFO  2021-09-30 13:35:21,207 TBConfigService::? - GetTBConfig : MethodStart
INFO  2021-09-30 13:35:21,319 TBConfigService::? - GetTBConfig : MethodFinish
INFO  2021-09-30 13:35:21,598 WHONETService::? - Get_TCWHONET_Antibiotic_List : MethodStart
INFO  2021-09-30 13:35:21,649 WHONETService::? - Get_TCWHONET_Antibiotic_List : MethodFinish
INFO  2021-09-30 13:35:21,709 WHONETService::? - Get_TCWHONET_AntibioticSpecies_List : MethodStart
INFO  2021-09-30 13:35:21,757 WHONETService::? - Get_TCWHONET_AntibioticSpecies_List : MethodFinish
INFO  2021-09-30 13:35:21,804 WHONETService::? - Get_TCWHONET_Departments_List : MethodStart
INFO  2021-09-30 13:35:21,847 WHONETService::? - Get_TCWHONET_Departments_List : MethodFinish
INFO  2021-09-30 13:35:21,902 WHONETService::? - Get_TCWHONET_Specimen_List : MethodStart
INFO  2021-09-30 13:35:21,951 WHONETService::? - Get_TCWHONET_Specimen_List : MethodFinish
INFO  2021-09-30 13:35:22,007 WHONETService::? - Get_TCWHONET_Column_List : MethodStart
INFO  2021-09-30 13:35:22,052 WHONETService::? - Get_TCWHONET_Column_List : MethodFinish
INFO  2021-09-30 13:35:22,104 WHONETService::? - Get_TCWHONET_Organism_List : MethodStart
INFO  2021-09-30 13:35:22,177 WHONETService::? - Get_TCWHONET_Organism_List : MethodFinish
INFO  2021-09-30 13:35:22,221 WHONETService::? - Get_TCWHONET_Macro_List : MethodStart
INFO  2021-09-30 13:35:22,263 WHONETService::? - Get_TCWHONET_Macro_List : MethodFinish
INFO  2021-09-30 13:35:22,313 LogProcessService::? - GetLogProcessListWithModel : MethodStart
INFO  2021-09-30 13:35:22,438 LogProcessService::? - GetLogProcessListWithModel : MethodFinish
INFO  2021-09-30 13:36:55,024 WHONETService::? - Get_TCWHONET_Antibiotic_List : MethodStart
INFO  2021-09-30 13:36:55,066 WHONETService::? - Get_TCWHONET_Antibiotic_List : MethodFinish
INFO  2021-09-30 13:36:55,110 WHONETService::? - Get_TCWHONET_AntibioticSpecies_List : MethodStart
INFO  2021-09-30 13:36:55,159 WHONETService::? - Get_TCWHONET_AntibioticSpecies_List : MethodFinish
INFO  2021-09-30 13:36:55,199 WHONETService::? - Get_TCWHONET_Departments_List : MethodStart
INFO  2021-09-30 13:36:55,236 WHONETService::? - Get_TCWHONET_Departments_List : MethodFinish
INFO  2021-09-30 13:36:55,273 WHONETService::? - Get_TCWHONET_Column_List : MethodStart
INFO  2021-09-30 13:36:55,314 WHONETService::? - Get_TCWHONET_Column_List : MethodFinish
INFO  2021-09-30 13:36:55,354 LogProcessService::? - GetLogProcessListWithModel : MethodStart
INFO  2021-09-30 13:36:55,456 LogProcessService::? - GetLogProcessListWithModel : MethodFinish
INFO  2021-09-30 13:38:16,485 WHONETService::? - SaveWHONET_AntibioticsListData : MethodStart
INFO  2021-09-30 13:38:16,519 WHONETService::? - ClearTCWHONET_AntibioticsDataByMST_CODE : MethodStart
INFO  2021-09-30 13:38:16,526 WHONETService::? - Get_TCWHONET_Antibiotic_List : MethodStart
INFO  2021-09-30 13:38:16,566 WHONETService::? - Get_TCWHONET_Antibiotic_List : MethodFinish
INFO  2021-09-30 13:38:16,582 WHONETService::? - ClearTCWHONET_AntibioticsDataByMST_CODE : MethodFinish
INFO  2021-09-30 13:38:17,347 WHONETService::? - SaveWHONET_AntibioticsListData : MethodFinish
INFO  2021-09-30 13:38:17,430 WHONETService::? - SaveWHONET_AntibioticSpeciesListData : MethodStart
INFO  2021-09-30 13:38:17,479 WHONETService::? - ClearTCWHONET_AntibioticSpeciesDataByMST_CODE : MethodStart
INFO  2021-09-30 13:38:17,487 WHONETService::? - Get_TCWHONET_AntibioticSpecies_List : MethodStart
INFO  2021-09-30 13:38:17,540 WHONETService::? - Get_TCWHONET_AntibioticSpecies_List : MethodFinish
INFO  2021-09-30 13:38:17,547 WHONETService::? - ClearTCWHONET_AntibioticSpeciesDataByMST_CODE : MethodFinish
INFO  2021-09-30 13:38:20,688 WHONETService::? - SaveWHONET_AntibioticSpeciesListData : MethodFinish
INFO  2021-09-30 13:38:20,749 WHONETService::? - SaveWHONET_DepartmentsListData : MethodStart
INFO  2021-09-30 13:38:20,788 WHONETService::? - ClearTCWHONET_DepartmentsDataByMST_CODE : MethodStart
INFO  2021-09-30 13:38:20,796 WHONETService::? - Get_TCWHONET_Departments_List : MethodStart
INFO  2021-09-30 13:38:20,838 WHONETService::? - Get_TCWHONET_Departments_List : MethodFinish
INFO  2021-09-30 13:38:20,846 WHONETService::? - ClearTCWHONET_DepartmentsDataByMST_CODE : MethodFinish
INFO  2021-09-30 13:38:20,977 WHONETService::? - SaveWHONET_DepartmentsListData : MethodFinish
INFO  2021-09-30 13:38:21,043 WHONETService::? - SaveWHONET_ColumnListData : MethodStart
INFO  2021-09-30 13:38:21,084 WHONETService::? - ClearTCWHONET_ColumnDataByMST_CODE : MethodStart
INFO  2021-09-30 13:38:21,094 WHONETService::? - Get_TCWHONET_Column_List : MethodStart
INFO  2021-09-30 13:38:21,134 WHONETService::? - Get_TCWHONET_Column_List : MethodFinish
INFO  2021-09-30 13:38:21,143 WHONETService::? - ClearTCWHONET_ColumnDataByMST_CODE : MethodFinish
INFO  2021-09-30 13:38:21,329 WHONETService::? - SaveWHONET_ColumnListData : MethodFinish
INFO  2021-09-30 13:38:21,398 WHONETService::? - Get_TCWHONET_Antibiotic_List : MethodStart
INFO  2021-09-30 13:38:21,447 WHONETService::? - Get_TCWHONET_Antibiotic_List : MethodFinish
INFO  2021-09-30 13:38:21,581 WHONETService::? - Get_TCWHONET_AntibioticSpecies_List : MethodStart
INFO  2021-09-30 13:38:21,740 WHONETService::? - Get_TCWHONET_AntibioticSpecies_List : MethodFinish
INFO  2021-09-30 13:38:21,929 WHONETService::? - Get_TCWHONET_Departments_List : MethodStart
INFO  2021-09-30 13:38:21,987 WHONETService::? - Get_TCWHONET_Departments_List : MethodFinish
INFO  2021-09-30 13:38:22,118 WHONETService::? - Get_TCWHONET_Column_List : MethodStart
INFO  2021-09-30 13:38:22,165 WHONETService::? - Get_TCWHONET_Column_List : MethodFinish
INFO  2021-09-30 13:38:22,226 LogProcessService::? - GetLogProcessListWithModel : MethodStart
INFO  2021-09-30 13:38:22,345 LogProcessService::? - GetLogProcessListWithModel : MethodFinish
INFO  2021-09-30 13:39:02,340 WHONETService::? - SaveWHONET_SpecimenListData : MethodStart
INFO  2021-09-30 13:39:02,374 WHONETService::? - ClearTCWHONET_SpecimenDataByMST_CODE : MethodStart
INFO  2021-09-30 13:39:02,384 WHONETService::? - Get_TCWHONET_Specimen_List : MethodStart
INFO  2021-09-30 13:39:02,427 WHONETService::? - Get_TCWHONET_Specimen_List : MethodFinish
INFO  2021-09-30 13:39:02,436 WHONETService::? - ClearTCWHONET_SpecimenDataByMST_CODE : MethodFinish
INFO  2021-09-30 13:39:03,078 WHONETService::? - SaveWHONET_SpecimenListData : MethodFinish
INFO  2021-09-30 13:39:03,178 WHONETService::? - Get_TCWHONET_Specimen_List : MethodStart
INFO  2021-09-30 13:39:03,235 WHONETService::? - Get_TCWHONET_Specimen_List : MethodFinish
INFO  2021-09-30 13:39:03,279 LogProcessService::? - GetLogProcessListWithModel : MethodStart
INFO  2021-09-30 13:39:03,382 LogProcessService::? - GetLogProcessListWithModel : MethodFinish
INFO  2021-09-30 13:39:22,735 WHONETService::? - SaveWHONET_OrganismListData : MethodStart
INFO  2021-09-30 13:39:22,767 WHONETService::? - ClearTCWHONET_OrganismDataByMST_CODE : MethodStart
INFO  2021-09-30 13:39:22,775 WHONETService::? - Get_TCWHONET_Organism_List : MethodStart
INFO  2021-09-30 13:39:22,821 WHONETService::? - Get_TCWHONET_Organism_List : MethodFinish
INFO  2021-09-30 13:39:22,831 WHONETService::? - ClearTCWHONET_OrganismDataByMST_CODE : MethodFinish
INFO  2021-09-30 13:39:30,447 WHONETService::? - SaveWHONET_OrganismListData : MethodFinish
INFO  2021-09-30 13:39:30,514 WHONETService::? - Get_TCWHONET_Organism_List : MethodStart
INFO  2021-09-30 13:39:30,670 WHONETService::? - Get_TCWHONET_Organism_List : MethodFinish
INFO  2021-09-30 13:39:30,753 LogProcessService::? - GetLogProcessListWithModel : MethodStart
INFO  2021-09-30 13:39:30,850 LogProcessService::? - GetLogProcessListWithModel : MethodFinish
INFO  2021-09-30 13:39:56,829 WHONETService::? - SaveWHONET_MacroListData : MethodStart
INFO  2021-09-30 13:39:56,864 WHONETService::? - ClearTCWHONET_MacroDataByMST_CODE : MethodStart
INFO  2021-09-30 13:39:56,872 WHONETService::? - Get_TCWHONET_Macro_List : MethodStart
INFO  2021-09-30 13:39:56,911 WHONETService::? - Get_TCWHONET_Macro_List : MethodFinish
INFO  2021-09-30 13:39:56,920 WHONETService::? - ClearTCWHONET_MacroDataByMST_CODE : MethodFinish
INFO  2021-09-30 13:39:57,436 WHONETService::? - SaveWHONET_MacroListData : MethodFinish
INFO  2021-09-30 13:39:57,501 WHONETService::? - Get_TCWHONET_Macro_List : MethodStart
INFO  2021-09-30 13:39:57,557 WHONETService::? - Get_TCWHONET_Macro_List : MethodFinish
INFO  2021-09-30 13:39:57,615 LogProcessService::? - GetLogProcessListWithModel : MethodStart
INFO  2021-09-30 13:39:57,718 LogProcessService::? - GetLogProcessListWithModel : MethodFinish
INFO  2021-09-30 13:40:30,237 WHONETService::? - DeleteWHONET_SpecimenListData : MethodStart
INFO  2021-09-30 13:40:30,732 WHONETService::? - DeleteWHONET_SpecimenListData : MethodFinish
INFO  2021-09-30 13:40:30,809 WHONETService::? - SaveWHONET_SpecimenListData : MethodStart
INFO  2021-09-30 13:40:30,850 WHONETService::? - ClearTCWHONET_SpecimenDataByMST_CODE : MethodStart
INFO  2021-09-30 13:40:30,859 WHONETService::? - Get_TCWHONET_Specimen_List : MethodStart
INFO  2021-09-30 13:40:30,905 WHONETService::? - Get_TCWHONET_Specimen_List : MethodFinish
INFO  2021-09-30 13:40:30,913 WHONETService::? - ClearTCWHONET_SpecimenDataByMST_CODE : MethodFinish
INFO  2021-09-30 13:40:31,519 WHONETService::? - SaveWHONET_SpecimenListData : MethodFinish
INFO  2021-09-30 13:40:31,590 WHONETService::? - Get_TCWHONET_Specimen_List : MethodStart
INFO  2021-09-30 13:40:31,635 WHONETService::? - Get_TCWHONET_Specimen_List : MethodFinish
INFO  2021-09-30 13:40:31,682 LogProcessService::? - GetLogProcessListWithModel : MethodStart
INFO  2021-09-30 13:40:31,790 LogProcessService::? - GetLogProcessListWithModel : MethodFinish
INFO  2021-09-30 13:41:06,994 TBConfigService::? - GetTBConfig : MethodStart
INFO  2021-09-30 13:41:07,104 TBConfigService::? - GetTBConfig : MethodFinish
INFO  2021-09-30 13:49:53,476 TBConfigService::? - GetTBConfig : MethodStart
INFO  2021-09-30 13:49:53,901 TBConfigService::? - GetTBConfig : MethodFinish
INFO  2021-09-30 14:12:33,753 TBConfigService::? - GetTBConfig : MethodStart
INFO  2021-09-30 14:12:34,156 TBConfigService::? - GetTBConfig : MethodFinish
INFO  2021-09-30 14:25:08,635 TBConfigService::? - GetTBConfig : MethodStart
INFO  2021-09-30 14:25:09,054 TBConfigService::? - GetTBConfig : MethodFinish
INFO  2021-09-30 15:19:52,785 TRNoticeMessageService::? - GetListWithModelByRole : MethodStart
INFO  2021-09-30 15:19:55,708 TRNoticeMessageService::? - GetListWithModelByRole : MethodFinish
INFO  2021-09-30 15:19:58,513 TBConfigService::? - GetTBConfig : MethodStart
INFO  2021-09-30 15:19:58,924 TBConfigService::? - GetTBConfig : MethodFinish
INFO  2021-09-30 15:20:16,090 TBConfigService::? - GetTBConfig : MethodStart
INFO  2021-09-30 15:20:16,308 TBConfigService::? - GetTBConfig : MethodFinish
INFO  2021-09-30 15:20:55,341 LogProcessService::? - GetLogProcessListWithModel : MethodStart
INFO  2021-09-30 15:20:55,491 LogProcessService::? - GetLogProcessListWithModel : MethodFinish
INFO  2021-09-30 15:24:27,620 TBConfigService::? - GetTBConfig : MethodStart
INFO  2021-09-30 15:24:27,745 TBConfigService::? - GetTBConfig : MethodFinish
INFO  2021-09-30 15:24:51,881 TBConfigService::? - GetTBConfig : MethodStart
INFO  2021-09-30 15:24:52,009 TBConfigService::? - GetTBConfig : MethodFinish
INFO  2021-09-30 16:32:51,063 TRNoticeMessageService::? - GetListWithModelByRole : MethodStart
INFO  2021-09-30 16:32:52,167 TRNoticeMessageService::? - GetListWithModelByRole : MethodFinish
INFO  2021-09-30 16:35:10,185 TBConfigService::? - GetTBConfig : MethodStart
INFO  2021-09-30 16:35:10,604 TBConfigService::? - GetTBConfig : MethodFinish
INFO  2021-09-30 16:44:07,291 TBConfigService::? - GetTBConfig : MethodStart
INFO  2021-09-30 16:44:07,713 TBConfigService::? - GetTBConfig : MethodFinish
INFO  2021-09-30 16:44:08,306 WHONETService::? - Get_TCWHONET_Antibiotic_List : MethodStart
INFO  2021-09-30 16:44:08,513 WHONETService::? - Get_TCWHONET_Antibiotic_List : MethodFinish
INFO  2021-09-30 16:44:08,607 WHONETService::? - Get_TCWHONET_AntibioticSpecies_List : MethodStart
INFO  2021-09-30 16:44:08,669 WHONETService::? - Get_TCWHONET_AntibioticSpecies_List : MethodFinish
INFO  2021-09-30 16:44:08,720 WHONETService::? - Get_TCWHONET_Departments_List : MethodStart
INFO  2021-09-30 16:44:08,766 WHONETService::? - Get_TCWHONET_Departments_List : MethodFinish
INFO  2021-09-30 16:44:08,812 WHONETService::? - Get_TCWHONET_Specimen_List : MethodStart
INFO  2021-09-30 16:44:08,864 WHONETService::? - Get_TCWHONET_Specimen_List : MethodFinish
INFO  2021-09-30 16:44:08,912 WHONETService::? - Get_TCWHONET_Column_List : MethodStart
INFO  2021-09-30 16:44:08,965 WHONETService::? - Get_TCWHONET_Column_List : MethodFinish
INFO  2021-09-30 16:44:09,016 WHONETService::? - Get_TCWHONET_Organism_List : MethodStart
INFO  2021-09-30 16:44:09,091 WHONETService::? - Get_TCWHONET_Organism_List : MethodFinish
INFO  2021-09-30 16:44:09,139 WHONETService::? - Get_TCWHONET_Macro_List : MethodStart
INFO  2021-09-30 16:44:09,188 WHONETService::? - Get_TCWHONET_Macro_List : MethodFinish
INFO  2021-09-30 16:44:09,240 LogProcessService::? - GetLogProcessListWithModel : MethodStart
INFO  2021-09-30 16:44:09,362 LogProcessService::? - GetLogProcessListWithModel : MethodFinish
INFO  2021-09-30 16:45:32,928 TBConfigService::? - GetTBConfig : MethodStart
INFO  2021-09-30 16:45:33,028 TBConfigService::? - GetTBConfig : MethodFinish
INFO  2021-09-30 16:45:43,755 TBConfigService::? - GetTBConfig : MethodStart
INFO  2021-09-30 16:45:43,856 TBConfigService::? - GetTBConfig : MethodFinish
INFO  2021-09-30 16:50:25,663 TBConfigService::? - GetTBConfig : MethodStart
INFO  2021-09-30 16:50:26,057 TBConfigService::? - GetTBConfig : MethodFinish
INFO  2021-09-30 16:53:08,830 TBConfigService::? - GetTBConfig : MethodStart
INFO  2021-09-30 16:53:08,937 TBConfigService::? - GetTBConfig : MethodFinish
INFO  2021-09-30 16:54:00,744 TBConfigService::? - GetTBConfig : MethodStart
INFO  2021-09-30 16:54:00,844 TBConfigService::? - GetTBConfig : MethodFinish
INFO  2021-09-30 16:54:15,301 TBConfigService::? - GetTBConfig : MethodStart
INFO  2021-09-30 16:54:15,402 TBConfigService::? - GetTBConfig : MethodFinish
INFO  2021-09-30 16:54:15,649 WHONETService::? - Get_TCWHONET_Antibiotic_List : MethodStart
INFO  2021-09-30 16:54:15,943 WHONETService::? - Get_TCWHONET_Antibiotic_List : MethodFinish
INFO  2021-09-30 16:54:15,979 WHONETService::? - Get_TCWHONET_AntibioticSpecies_List : MethodStart
INFO  2021-09-30 16:54:16,032 WHONETService::? - Get_TCWHONET_AntibioticSpecies_List : MethodFinish
INFO  2021-09-30 16:54:16,071 WHONETService::? - Get_TCWHONET_Departments_List : MethodStart
INFO  2021-09-30 16:54:16,113 WHONETService::? - Get_TCWHONET_Departments_List : MethodFinish
INFO  2021-09-30 16:54:16,148 WHONETService::? - Get_TCWHONET_Specimen_List : MethodStart
INFO  2021-09-30 16:54:16,194 WHONETService::? - Get_TCWHONET_Specimen_List : MethodFinish
INFO  2021-09-30 16:54:16,229 WHONETService::? - Get_TCWHONET_Column_List : MethodStart
INFO  2021-09-30 16:54:16,270 WHONETService::? - Get_TCWHONET_Column_List : MethodFinish
INFO  2021-09-30 16:54:16,306 WHONETService::? - Get_TCWHONET_Organism_List : MethodStart
INFO  2021-09-30 16:54:16,585 WHONETService::? - Get_TCWHONET_Organism_List : MethodFinish
INFO  2021-09-30 16:54:16,669 WHONETService::? - Get_TCWHONET_Macro_List : MethodStart
INFO  2021-09-30 16:54:16,719 WHONETService::? - Get_TCWHONET_Macro_List : MethodFinish
INFO  2021-09-30 16:54:16,763 LogProcessService::? - GetLogProcessListWithModel : MethodStart
INFO  2021-09-30 16:54:16,877 LogProcessService::? - GetLogProcessListWithModel : MethodFinish
INFO  2021-09-30 16:54:29,766 TBConfigService::? - GetTBConfig : MethodStart
INFO  2021-09-30 16:54:29,868 TBConfigService::? - GetTBConfig : MethodFinish
INFO  2021-09-30 16:54:34,967 TBConfigService::? - GetTBConfig : MethodStart
INFO  2021-09-30 16:54:35,098 TBConfigService::? - GetTBConfig : MethodFinish
INFO  2021-09-30 16:55:01,665 TBConfigService::? - GetTBConfig : MethodStart
INFO  2021-09-30 16:55:01,767 TBConfigService::? - GetTBConfig : MethodFinish
INFO  2021-09-30 16:55:06,446 TBConfigService::? - GetTBConfig : MethodStart
INFO  2021-09-30 16:55:06,552 TBConfigService::? - GetTBConfig : MethodFinish
INFO  2021-09-30 16:55:06,734 WHONETService::? - Get_TCWHONET_Antibiotic_List : MethodStart
INFO  2021-09-30 16:55:06,776 WHONETService::? - Get_TCWHONET_Antibiotic_List : MethodFinish
INFO  2021-09-30 16:55:06,824 WHONETService::? - Get_TCWHONET_AntibioticSpecies_List : MethodStart
INFO  2021-09-30 16:55:06,877 WHONETService::? - Get_TCWHONET_AntibioticSpecies_List : MethodFinish
INFO  2021-09-30 16:55:06,935 WHONETService::? - Get_TCWHONET_Departments_List : MethodStart
INFO  2021-09-30 16:55:06,975 WHONETService::? - Get_TCWHONET_Departments_List : MethodFinish
INFO  2021-09-30 16:55:07,010 WHONETService::? - Get_TCWHONET_Specimen_List : MethodStart
INFO  2021-09-30 16:55:07,050 WHONETService::? - Get_TCWHONET_Specimen_List : MethodFinish
INFO  2021-09-30 16:55:07,107 WHONETService::? - Get_TCWHONET_Column_List : MethodStart
INFO  2021-09-30 16:55:07,147 WHONETService::? - Get_TCWHONET_Column_List : MethodFinish
INFO  2021-09-30 16:55:07,183 WHONETService::? - Get_TCWHONET_Organism_List : MethodStart
INFO  2021-09-30 16:55:07,308 WHONETService::? - Get_TCWHONET_Organism_List : MethodFinish
INFO  2021-09-30 16:55:07,385 WHONETService::? - Get_TCWHONET_Macro_List : MethodStart
INFO  2021-09-30 16:55:07,431 WHONETService::? - Get_TCWHONET_Macro_List : MethodFinish
INFO  2021-09-30 16:55:07,466 LogProcessService::? - GetLogProcessListWithModel : MethodStart
INFO  2021-09-30 16:55:07,573 LogProcessService::? - GetLogProcessListWithModel : MethodFinish
INFO  2021-09-30 16:57:47,776 TBConfigService::? - GetTBConfig : MethodStart
INFO  2021-09-30 16:57:47,881 TBConfigService::? - GetTBConfig : MethodFinish
INFO  2021-09-30 16:57:48,155 WHONETService::? - Get_TCWHONET_Antibiotic_List : MethodStart
INFO  2021-09-30 16:57:48,198 WHONETService::? - Get_TCWHONET_Antibiotic_List : MethodFinish
INFO  2021-09-30 16:57:48,241 WHONETService::? - Get_TCWHONET_AntibioticSpecies_List : MethodStart
INFO  2021-09-30 16:57:48,303 WHONETService::? - Get_TCWHONET_AntibioticSpecies_List : MethodFinish
INFO  2021-09-30 16:57:48,357 WHONETService::? - Get_TCWHONET_Departments_List : MethodStart
INFO  2021-09-30 16:57:48,402 WHONETService::? - Get_TCWHONET_Departments_List : MethodFinish
INFO  2021-09-30 16:57:48,438 WHONETService::? - Get_TCWHONET_Specimen_List : MethodStart
INFO  2021-09-30 16:57:48,480 WHONETService::? - Get_TCWHONET_Specimen_List : MethodFinish
INFO  2021-09-30 16:57:48,516 WHONETService::? - Get_TCWHONET_Column_List : MethodStart
INFO  2021-09-30 16:57:48,556 WHONETService::? - Get_TCWHONET_Column_List : MethodFinish
INFO  2021-09-30 16:57:48,599 WHONETService::? - Get_TCWHONET_Organism_List : MethodStart
INFO  2021-09-30 16:57:48,743 WHONETService::? - Get_TCWHONET_Organism_List : MethodFinish
INFO  2021-09-30 16:57:48,830 WHONETService::? - Get_TCWHONET_Macro_List : MethodStart
INFO  2021-09-30 16:57:48,870 WHONETService::? - Get_TCWHONET_Macro_List : MethodFinish
INFO  2021-09-30 16:57:48,918 LogProcessService::? - GetLogProcessListWithModel : MethodStart
INFO  2021-09-30 16:57:49,022 LogProcessService::? - GetLogProcessListWithModel : MethodFinish
INFO  2021-09-30 16:59:03,311 WHONETService::? - SaveWHONET_AntibioticsListData : MethodStart
INFO  2021-09-30 16:59:03,347 WHONETService::? - ClearTCWHONET_AntibioticsDataByMST_CODE : MethodStart
INFO  2021-09-30 16:59:03,354 WHONETService::? - Get_TCWHONET_Antibiotic_List : MethodStart
INFO  2021-09-30 16:59:03,398 WHONETService::? - Get_TCWHONET_Antibiotic_List : MethodFinish
INFO  2021-09-30 16:59:03,414 WHONETService::? - ClearTCWHONET_AntibioticsDataByMST_CODE : MethodFinish
INFO  2021-09-30 16:59:04,102 WHONETService::? - SaveWHONET_AntibioticsListData : MethodFinish
INFO  2021-09-30 16:59:04,200 WHONETService::? - SaveWHONET_AntibioticSpeciesListData : MethodStart
INFO  2021-09-30 16:59:04,240 WHONETService::? - ClearTCWHONET_AntibioticSpeciesDataByMST_CODE : MethodStart
INFO  2021-09-30 16:59:04,248 WHONETService::? - Get_TCWHONET_AntibioticSpecies_List : MethodStart
INFO  2021-09-30 16:59:04,303 WHONETService::? - Get_TCWHONET_AntibioticSpecies_List : MethodFinish
INFO  2021-09-30 16:59:04,310 WHONETService::? - ClearTCWHONET_AntibioticSpeciesDataByMST_CODE : MethodFinish
INFO  2021-09-30 16:59:07,364 WHONETService::? - SaveWHONET_AntibioticSpeciesListData : MethodFinish
INFO  2021-09-30 16:59:07,406 WHONETService::? - SaveWHONET_DepartmentsListData : MethodStart
INFO  2021-09-30 16:59:07,446 WHONETService::? - ClearTCWHONET_DepartmentsDataByMST_CODE : MethodStart
INFO  2021-09-30 16:59:07,453 WHONETService::? - Get_TCWHONET_Departments_List : MethodStart
INFO  2021-09-30 16:59:07,494 WHONETService::? - Get_TCWHONET_Departments_List : MethodFinish
INFO  2021-09-30 16:59:07,501 WHONETService::? - ClearTCWHONET_DepartmentsDataByMST_CODE : MethodFinish
INFO  2021-09-30 16:59:07,634 WHONETService::? - SaveWHONET_DepartmentsListData : MethodFinish
INFO  2021-09-30 16:59:07,680 WHONETService::? - SaveWHONET_ColumnListData : MethodStart
INFO  2021-09-30 16:59:07,721 WHONETService::? - ClearTCWHONET_ColumnDataByMST_CODE : MethodStart
INFO  2021-09-30 16:59:07,728 WHONETService::? - Get_TCWHONET_Column_List : MethodStart
INFO  2021-09-30 16:59:07,767 WHONETService::? - Get_TCWHONET_Column_List : MethodFinish
INFO  2021-09-30 16:59:07,774 WHONETService::? - ClearTCWHONET_ColumnDataByMST_CODE : MethodFinish
INFO  2021-09-30 16:59:07,940 WHONETService::? - SaveWHONET_ColumnListData : MethodFinish
INFO  2021-09-30 16:59:07,993 WHONETService::? - Get_TCWHONET_Antibiotic_List : MethodStart
INFO  2021-09-30 16:59:08,036 WHONETService::? - Get_TCWHONET_Antibiotic_List : MethodFinish
INFO  2021-09-30 16:59:08,079 WHONETService::? - Get_TCWHONET_AntibioticSpecies_List : MethodStart
INFO  2021-09-30 16:59:08,168 WHONETService::? - Get_TCWHONET_AntibioticSpecies_List : MethodFinish
INFO  2021-09-30 16:59:08,230 WHONETService::? - Get_TCWHONET_Departments_List : MethodStart
INFO  2021-09-30 16:59:08,270 WHONETService::? - Get_TCWHONET_Departments_List : MethodFinish
INFO  2021-09-30 16:59:08,309 WHONETService::? - Get_TCWHONET_Column_List : MethodStart
INFO  2021-09-30 16:59:08,351 WHONETService::? - Get_TCWHONET_Column_List : MethodFinish
INFO  2021-09-30 16:59:08,394 LogProcessService::? - GetLogProcessListWithModel : MethodStart
INFO  2021-09-30 16:59:08,503 LogProcessService::? - GetLogProcessListWithModel : MethodFinish
