INFO  2021-05-26 11:57:07,190 TRNoticeMessageService::? - GetListWithModelByRole : MethodStart
INFO  2021-05-26 11:57:09,498 TRNoticeMessageService::? - GetListWithModelByRole : MethodFinish
INFO  2021-05-26 11:59:46,686 TBConfigService::? - GetTBConfig : MethodStart
INFO  2021-05-26 11:59:46,798 TBConfigService::? - GetTBConfig : MethodFinish
INFO  2021-05-26 12:00:34,099 TBConfigService::? - GetTBConfig : MethodStart
INFO  2021-05-26 12:00:34,201 TBConfigService::? - GetTBConfig : MethodFinish
INFO  2021-05-26 12:00:48,388 TBConfigService::? - GetTBConfig : MethodStart
INFO  2021-05-26 12:00:48,419 TBConfigService::? - GetTBConfig : MethodFinish
INFO  2021-05-26 12:01:02,258 WHONETService::? - Get_TCWHONET_Antibiotics_Acitve_List : MethodStart
INFO  2021-05-26 12:01:02,262 TCWHONET_AntibioticsDAC::? - GetList_Active : MethodStart
INFO  2021-05-26 12:01:02,329 TCWHONET_AntibioticsDAC::? - GetList_Active : MethodFinish
INFO  2021-05-26 12:01:02,337 WHONETService::? - Get_TCWHONET_Antibiotics_Acitve_List : MethodFinish
INFO  2021-05-26 12:01:27,813 TBConfigService::? - GetTBConfig : MethodStart
INFO  2021-05-26 12:01:27,826 TBConfigService::? - GetTBConfig : MethodFinish
INFO  2021-05-26 12:01:29,753 TBConfigService::? - GetTBConfig : MethodStart
INFO  2021-05-26 12:01:29,774 TBConfigService::? - GetTBConfig : MethodFinish
INFO  2021-05-26 12:02:29,791 TBConfigService::? - GetTBConfig : MethodStart
INFO  2021-05-26 12:02:29,807 TBConfigService::? - GetTBConfig : MethodFinish
INFO  2021-05-26 12:05:09,179 TBConfigService::? - GetTBConfig : MethodStart
INFO  2021-05-26 12:05:09,193 TBConfigService::? - GetTBConfig : MethodFinish
INFO  2021-05-26 12:05:30,390 TBConfigService::? - GetTBConfig : MethodStart
INFO  2021-05-26 12:05:30,401 TBConfigService::? - GetTBConfig : MethodFinish
INFO  2021-05-26 12:05:38,544 TBConfigService::? - GetTBConfig : MethodStart
INFO  2021-05-26 12:05:38,555 TBConfigService::? - GetTBConfig : MethodFinish
INFO  2021-05-26 12:05:58,426 TBConfigService::? - GetTBConfig : MethodStart
INFO  2021-05-26 12:05:58,434 TBConfigService::? - GetTBConfig : MethodFinish
INFO  2021-05-26 12:07:16,467 TBConfigService::? - GetTBConfig : MethodStart
INFO  2021-05-26 12:07:16,480 TBConfigService::? - GetTBConfig : MethodFinish
INFO  2021-05-26 12:08:30,334 TBConfigService::? - GetTBConfig : MethodStart
INFO  2021-05-26 12:08:30,342 TBConfigService::? - GetTBConfig : MethodFinish
INFO  2021-05-26 12:09:46,088 TBConfigService::? - GetTBConfig : MethodStart
INFO  2021-05-26 12:09:46,101 TBConfigService::? - GetTBConfig : MethodFinish
INFO  2021-05-26 12:10:21,159 TBConfigService::? - GetTBConfig : MethodStart
INFO  2021-05-26 12:10:21,165 TBConfigService::? - GetTBConfig : MethodFinish
INFO  2021-05-26 12:16:26,157 TBConfigService::? - GetTBConfig : MethodStart
INFO  2021-05-26 12:16:26,192 TBConfigService::? - GetTBConfig : MethodFinish
INFO  2021-05-26 12:20:00,366 TBConfigService::? - GetTBConfig : MethodStart
INFO  2021-05-26 12:20:00,381 TBConfigService::? - GetTBConfig : MethodFinish
INFO  2021-05-26 12:20:09,468 TBConfigService::? - GetTBConfig : MethodStart
INFO  2021-05-26 12:20:09,475 TBConfigService::? - GetTBConfig : MethodFinish
INFO  2021-05-26 12:22:48,983 TBConfigService::? - GetTBConfig : MethodStart
INFO  2021-05-26 12:22:49,001 TBConfigService::? - GetTBConfig : MethodFinish
