INFO  2021-09-27 11:04:34,970 TRNoticeMessageService::? - GetListWithModelByRole : MethodStart
INFO  2021-09-27 11:04:38,093 TRNoticeMessageService::? - GetListWithModelByRole : MethodFinish
INFO  2021-09-27 11:08:36,321 TBConfigService::? - GetTBConfig : MethodStart
INFO  2021-09-27 11:08:36,400 TBConfigService::? - GetTBConfig : MethodFinish
INFO  2021-09-27 11:17:52,640 TRNoticeMessageService::? - GetListWithModelByRole : MethodStart
INFO  2021-09-27 11:17:55,241 TRNoticeMessageService::? - GetListWithModelByRole : MethodFinish
INFO  2021-09-27 11:18:40,488 TBConfigService::? - GetTBConfig : MethodStart
INFO  2021-09-27 11:18:40,574 TBConfigService::? - GetTBConfig : MethodFinish
INFO  2021-09-27 11:20:43,912 TBConfigService::? - GetTBConfig : MethodStart
INFO  2021-09-27 11:20:44,059 TBConfigService::? - GetTBConfig : MethodFinish
INFO  2021-09-27 11:37:33,308 TRNoticeMessageService::? - GetListWithModelByRole : MethodStart
INFO  2021-09-27 11:37:35,509 TRNoticeMessageService::? - GetListWithModelByRole : MethodFinish
INFO  2021-09-27 11:37:48,211 TBConfigService::? - GetTBConfig : MethodStart
INFO  2021-09-27 11:37:48,294 TBConfigService::? - GetTBConfig : MethodFinish
INFO  2021-09-27 11:39:45,592 TBConfigService::? - GetTBConfig : MethodStart
INFO  2021-09-27 11:39:45,696 TBConfigService::? - GetTBConfig : MethodFinish
INFO  2021-09-27 11:40:35,303 TBConfigService::? - GetTBConfig : MethodStart
INFO  2021-09-27 11:40:35,319 TBConfigService::? - GetTBConfig : MethodFinish
INFO  2021-09-27 11:40:49,051 TBConfigService::? - GetTBConfig : MethodStart
INFO  2021-09-27 11:40:49,076 TBConfigService::? - GetTBConfig : MethodFinish
INFO  2021-09-27 11:41:41,028 TBConfigService::? - GetTBConfig : MethodStart
INFO  2021-09-27 11:41:41,038 TBConfigService::? - GetTBConfig : MethodFinish
INFO  2021-09-27 11:42:31,326 TBConfigService::? - GetTBConfig : MethodStart
INFO  2021-09-27 11:42:31,339 TBConfigService::? - GetTBConfig : MethodFinish
INFO  2021-09-27 11:42:33,864 TBConfigService::? - GetTBConfig : MethodStart
INFO  2021-09-27 11:42:33,873 TBConfigService::? - GetTBConfig : MethodFinish
INFO  2021-09-27 13:10:44,587 TRNoticeMessageService::? - GetListWithModelByRole : MethodStart
INFO  2021-09-27 13:10:47,624 TRNoticeMessageService::? - GetListWithModelByRole : MethodFinish
INFO  2021-09-27 13:10:52,537 TBConfigService::? - GetTBConfig : MethodStart
INFO  2021-09-27 13:10:52,590 TBConfigService::? - GetTBConfig : MethodFinish
INFO  2021-09-27 13:29:46,786 TRNoticeMessageService::? - GetListWithModelByRole : MethodStart
INFO  2021-09-27 13:29:48,864 TRNoticeMessageService::? - GetListWithModelByRole : MethodFinish
INFO  2021-09-27 13:29:52,874 TBConfigService::? - GetTBConfig : MethodStart
INFO  2021-09-27 13:29:52,949 TBConfigService::? - GetTBConfig : MethodFinish
INFO  2021-09-27 13:30:15,424 TBConfigService::? - GetTBConfig : MethodStart
INFO  2021-09-27 13:30:15,493 TBConfigService::? - GetTBConfig : MethodFinish
INFO  2021-09-27 13:30:33,033 TBConfigService::? - GetTBConfig : MethodStart
INFO  2021-09-27 13:30:33,074 TBConfigService::? - GetTBConfig : MethodFinish
INFO  2021-09-27 13:30:39,259 TBConfigService::? - GetTBConfig : MethodStart
INFO  2021-09-27 13:30:39,319 TBConfigService::? - GetTBConfig : MethodFinish
INFO  2021-09-27 13:30:46,573 TBConfigService::? - GetTBConfig : MethodStart
INFO  2021-09-27 13:30:46,638 TBConfigService::? - GetTBConfig : MethodFinish
INFO  2021-09-27 13:34:16,875 TRNoticeMessageService::? - GetListWithModelByRole : MethodStart
INFO  2021-09-27 13:34:18,970 TRNoticeMessageService::? - GetListWithModelByRole : MethodFinish
INFO  2021-09-27 13:34:45,206 TBConfigService::? - GetTBConfig : MethodStart
INFO  2021-09-27 13:34:45,259 TBConfigService::? - GetTBConfig : MethodFinish
INFO  2021-09-27 13:35:23,744 TBConfigService::? - GetTBConfig : MethodStart
INFO  2021-09-27 13:35:23,839 TBConfigService::? - GetTBConfig : MethodFinish
INFO  2021-09-27 13:35:29,713 TBConfigService::? - GetTBConfig : MethodStart
INFO  2021-09-27 13:35:29,726 TBConfigService::? - GetTBConfig : MethodFinish
INFO  2021-09-27 16:32:09,144 TRNoticeMessageService::? - GetListWithModelByRole : MethodStart
INFO  2021-09-27 16:32:10,021 TRNoticeMessageService::? - GetListWithModelByRole : MethodFinish
INFO  2021-09-27 16:32:13,957 TBConfigService::? - GetTBConfig : MethodStart
INFO  2021-09-27 16:32:13,992 TBConfigService::? - GetTBConfig : MethodFinish
INFO  2021-09-27 16:32:22,642 TBConfigService::? - GetTBConfig : MethodStart
INFO  2021-09-27 16:32:22,743 TBConfigService::? - GetTBConfig : MethodFinish
INFO  2021-09-27 16:32:22,985 WHONETService::? - Get_TCWHONET_Antibiotic_List : MethodStart
INFO  2021-09-27 16:32:23,013 WHONETService::? - Get_TCWHONET_Antibiotic_List : MethodFinish
INFO  2021-09-27 16:32:23,081 WHONETService::? - Get_TCWHONET_AntibioticSpecies_List : MethodStart
INFO  2021-09-27 16:32:23,158 WHONETService::? - Get_TCWHONET_AntibioticSpecies_List : MethodFinish
INFO  2021-09-27 16:32:23,192 WHONETService::? - Get_TCWHONET_Departments_List : MethodStart
INFO  2021-09-27 16:32:23,260 WHONETService::? - Get_TCWHONET_Departments_List : MethodFinish
INFO  2021-09-27 16:32:23,308 WHONETService::? - Get_TCWHONET_Specimen_List : MethodStart
INFO  2021-09-27 16:32:23,509 WHONETService::? - Get_TCWHONET_Specimen_List : MethodFinish
INFO  2021-09-27 16:32:23,568 WHONETService::? - Get_TCWHONET_Column_List : MethodStart
INFO  2021-09-27 16:32:23,806 WHONETService::? - Get_TCWHONET_Column_List : MethodFinish
INFO  2021-09-27 16:32:23,865 WHONETService::? - Get_TCWHONET_Organism_List : MethodStart
INFO  2021-09-27 16:32:23,994 WHONETService::? - Get_TCWHONET_Organism_List : MethodFinish
INFO  2021-09-27 16:32:24,037 WHONETService::? - Get_TCWHONET_Macro_List : MethodStart
INFO  2021-09-27 16:32:24,053 WHONETService::? - Get_TCWHONET_Macro_List : MethodFinish
INFO  2021-09-27 16:32:24,097 LogProcessService::? - GetLogProcessListWithModel : MethodStart
INFO  2021-09-27 16:32:24,122 LogProcessService::? - GetLogProcessListWithModel : MethodFinish
INFO  2021-09-27 16:32:32,023 TBConfigService::? - GetTBConfig : MethodStart
INFO  2021-09-27 16:32:32,039 TBConfigService::? - GetTBConfig : MethodFinish
INFO  2021-09-27 16:32:36,407 TBConfigService::? - GetTBConfig : MethodStart
INFO  2021-09-27 16:32:36,414 TBConfigService::? - GetTBConfig : MethodFinish
INFO  2021-09-27 16:54:02,489 TRNoticeMessageService::? - GetListWithModelByRole : MethodStart
INFO  2021-09-27 16:54:03,292 TRNoticeMessageService::? - GetListWithModelByRole : MethodFinish
INFO  2021-09-27 17:02:09,035 TRNoticeMessageService::? - GetListWithModelByRole : MethodStart
INFO  2021-09-27 17:02:09,813 TRNoticeMessageService::? - GetListWithModelByRole : MethodFinish
INFO  2021-09-27 17:02:35,579 TBConfigService::? - GetTBConfig : MethodStart
INFO  2021-09-27 17:02:35,622 TBConfigService::? - GetTBConfig : MethodFinish
INFO  2021-09-27 17:02:43,662 TBConfigService::? - GetTBConfig : MethodStart
INFO  2021-09-27 17:02:43,702 TBConfigService::? - GetTBConfig : MethodFinish
INFO  2021-09-27 17:02:43,893 WHONETService::? - Get_TCWHONET_Antibiotic_List : MethodStart
INFO  2021-09-27 17:02:43,921 WHONETService::? - Get_TCWHONET_Antibiotic_List : MethodFinish
INFO  2021-09-27 17:02:43,978 WHONETService::? - Get_TCWHONET_AntibioticSpecies_List : MethodStart
INFO  2021-09-27 17:02:44,001 WHONETService::? - Get_TCWHONET_AntibioticSpecies_List : MethodFinish
INFO  2021-09-27 17:02:44,040 WHONETService::? - Get_TCWHONET_Departments_List : MethodStart
INFO  2021-09-27 17:02:44,052 WHONETService::? - Get_TCWHONET_Departments_List : MethodFinish
INFO  2021-09-27 17:02:44,090 WHONETService::? - Get_TCWHONET_Specimen_List : MethodStart
INFO  2021-09-27 17:02:44,116 WHONETService::? - Get_TCWHONET_Specimen_List : MethodFinish
INFO  2021-09-27 17:02:44,170 WHONETService::? - Get_TCWHONET_Column_List : MethodStart
INFO  2021-09-27 17:02:44,194 WHONETService::? - Get_TCWHONET_Column_List : MethodFinish
INFO  2021-09-27 17:02:44,240 WHONETService::? - Get_TCWHONET_Organism_List : MethodStart
INFO  2021-09-27 17:02:44,280 WHONETService::? - Get_TCWHONET_Organism_List : MethodFinish
INFO  2021-09-27 17:02:44,322 WHONETService::? - Get_TCWHONET_Macro_List : MethodStart
INFO  2021-09-27 17:02:44,334 WHONETService::? - Get_TCWHONET_Macro_List : MethodFinish
INFO  2021-09-27 17:02:44,385 LogProcessService::? - GetLogProcessListWithModel : MethodStart
INFO  2021-09-27 17:02:44,407 LogProcessService::? - GetLogProcessListWithModel : MethodFinish
INFO  2021-09-27 17:02:48,776 TBConfigService::? - GetTBConfig : MethodStart
INFO  2021-09-27 17:02:48,787 TBConfigService::? - GetTBConfig : MethodFinish
INFO  2021-09-27 17:02:57,923 TBConfigService::? - GetTBConfig : MethodStart
INFO  2021-09-27 17:02:57,927 TBConfigService::? - GetTBConfig : MethodFinish
INFO  2021-09-27 17:03:22,635 TBConfigService::? - GetTBConfig : MethodStart
INFO  2021-09-27 17:03:22,643 TBConfigService::? - GetTBConfig : MethodFinish
INFO  2021-09-27 17:03:33,627 TBConfigService::? - GetTBConfig : MethodStart
INFO  2021-09-27 17:03:33,636 TBConfigService::? - GetTBConfig : MethodFinish
INFO  2021-09-27 17:03:37,212 TBConfigService::? - GetTBConfig : MethodStart
INFO  2021-09-27 17:03:37,216 TBConfigService::? - GetTBConfig : MethodFinish
INFO  2021-09-27 17:03:44,552 TBConfigService::? - GetTBConfig : MethodStart
INFO  2021-09-27 17:03:44,594 TBConfigService::? - GetTBConfig : MethodFinish
INFO  2021-09-27 17:05:32,077 TBConfigService::? - GetTBConfig : MethodStart
INFO  2021-09-27 17:05:32,085 TBConfigService::? - GetTBConfig : MethodFinish
INFO  2021-09-27 17:07:20,781 TBConfigService::? - GetTBConfig : MethodStart
INFO  2021-09-27 17:07:20,786 TBConfigService::? - GetTBConfig : MethodFinish
INFO  2021-09-27 17:08:03,607 TBConfigService::? - GetTBConfig : MethodStart
INFO  2021-09-27 17:08:03,612 TBConfigService::? - GetTBConfig : MethodFinish
INFO  2021-09-27 17:08:08,960 TBConfigService::? - GetTBConfig : MethodStart
INFO  2021-09-27 17:08:08,967 TBConfigService::? - GetTBConfig : MethodFinish
INFO  2021-09-27 17:08:54,630 LogProcessService::? - GetLogProcessAuthListWithModel : MethodStart
INFO  2021-09-27 17:08:54,674 LogProcessService::? - GetLogProcessAuthListWithModel : MethodFinish
INFO  2021-09-27 17:09:38,814 TRNoticeMessageService::? - GetListWithModelByRole : MethodStart
INFO  2021-09-27 17:09:38,833 TRNoticeMessageService::? - GetListWithModelByRole : MethodFinish
INFO  2021-09-27 17:09:58,405 TRNoticeMessageService::? - GetListWithModelByRole : MethodStart
INFO  2021-09-27 17:09:58,420 TRNoticeMessageService::? - GetListWithModelByRole : MethodFinish
INFO  2021-09-27 17:10:02,683 TBConfigService::? - GetTBConfig : MethodStart
INFO  2021-09-27 17:10:02,694 TBConfigService::? - GetTBConfig : MethodFinish
INFO  2021-09-27 17:10:07,945 TBConfigService::? - GetTBConfig : MethodStart
INFO  2021-09-27 17:10:07,949 TBConfigService::? - GetTBConfig : MethodFinish
INFO  2021-09-27 17:10:08,042 LogProcessService::? - GetLogProcessAuthListWithModel : MethodStart
INFO  2021-09-27 17:10:08,049 LogProcessService::? - GetLogProcessAuthListWithModel : MethodFinish
INFO  2021-09-27 17:10:24,826 LogProcessService::? - GetLogProcessAuthListWithModel : MethodStart
INFO  2021-09-27 17:10:24,833 LogProcessService::? - GetLogProcessAuthListWithModel : MethodFinish
INFO  2021-09-27 17:10:31,414 TRNoticeMessageService::? - GetListWithModelByRole : MethodStart
INFO  2021-09-27 17:10:31,417 TRNoticeMessageService::? - GetListWithModelByRole : MethodFinish
INFO  2021-09-27 17:10:35,733 TBConfigService::? - GetTBConfig : MethodStart
INFO  2021-09-27 17:10:35,737 TBConfigService::? - GetTBConfig : MethodFinish
INFO  2021-09-27 17:12:50,706 TRNoticeMessageService::? - GetListWithModelByRole : MethodStart
INFO  2021-09-27 17:12:51,443 TRNoticeMessageService::? - GetListWithModelByRole : MethodFinish
INFO  2021-09-27 17:12:54,012 TBConfigService::? - GetTBConfig : MethodStart
INFO  2021-09-27 17:12:54,082 TBConfigService::? - GetTBConfig : MethodFinish
INFO  2021-09-27 17:13:18,914 TRNoticeMessageService::? - GetListWithModelByRole : MethodStart
INFO  2021-09-27 17:13:18,970 TRNoticeMessageService::? - GetListWithModelByRole : MethodFinish
INFO  2021-09-27 17:13:34,470 TBConfigService::? - GetTBConfig : MethodStart
INFO  2021-09-27 17:13:34,482 TBConfigService::? - GetTBConfig : MethodFinish
INFO  2021-09-27 17:13:50,517 TBConfigService::? - GetTBConfig : MethodStart
INFO  2021-09-27 17:13:50,522 TBConfigService::? - GetTBConfig : MethodFinish
INFO  2021-09-27 17:14:00,042 TBConfigService::? - GetTBConfig : MethodStart
INFO  2021-09-27 17:14:00,053 TBConfigService::? - GetTBConfig : MethodFinish
INFO  2021-09-27 17:14:32,622 TBConfigService::? - GetTBConfig : MethodStart
INFO  2021-09-27 17:14:32,630 TBConfigService::? - GetTBConfig : MethodFinish
INFO  2021-09-27 17:14:49,538 TBConfigService::? - GetTBConfig : MethodStart
INFO  2021-09-27 17:14:49,545 TBConfigService::? - GetTBConfig : MethodFinish
INFO  2021-09-27 17:15:01,187 TBConfigService::? - GetTBConfig : MethodStart
INFO  2021-09-27 17:15:01,197 TBConfigService::? - GetTBConfig : MethodFinish
INFO  2021-09-27 17:37:21,914 TRNoticeMessageService::? - GetListWithModelByRole : MethodStart
INFO  2021-09-27 17:37:22,687 TRNoticeMessageService::? - GetListWithModelByRole : MethodFinish
INFO  2021-09-27 17:37:25,848 TBConfigService::? - GetTBConfig : MethodStart
INFO  2021-09-27 17:37:25,887 TBConfigService::? - GetTBConfig : MethodFinish
INFO  2021-09-27 17:37:33,758 TBConfigService::? - GetTBConfig : MethodStart
INFO  2021-09-27 17:37:33,794 TBConfigService::? - GetTBConfig : MethodFinish
INFO  2021-09-27 17:37:50,142 TBConfigService::? - GetTBConfig : MethodStart
INFO  2021-09-27 17:37:50,151 TBConfigService::? - GetTBConfig : MethodFinish
INFO  2021-09-27 17:37:59,796 TBConfigService::? - GetTBConfig : MethodStart
INFO  2021-09-27 17:37:59,804 TBConfigService::? - GetTBConfig : MethodFinish
INFO  2021-09-27 17:38:05,559 TBConfigService::? - GetTBConfig : MethodStart
INFO  2021-09-27 17:38:05,569 TBConfigService::? - GetTBConfig : MethodFinish
INFO  2021-09-27 17:38:08,924 TBConfigService::? - GetTBConfig : MethodStart
INFO  2021-09-27 17:38:08,931 TBConfigService::? - GetTBConfig : MethodFinish
INFO  2021-09-27 17:50:59,704 TRNoticeMessageService::? - GetListWithModelByRole : MethodStart
INFO  2021-09-27 17:51:00,483 TRNoticeMessageService::? - GetListWithModelByRole : MethodFinish
INFO  2021-09-27 17:51:06,773 TBConfigService::? - GetTBConfig : MethodStart
INFO  2021-09-27 17:51:06,801 TBConfigService::? - GetTBConfig : MethodFinish
INFO  2021-09-27 17:51:19,589 TBConfigService::? - GetTBConfig : MethodStart
INFO  2021-09-27 17:51:19,638 TBConfigService::? - GetTBConfig : MethodFinish
INFO  2021-09-27 18:15:46,471 TRNoticeMessageService::? - GetListWithModelByRole : MethodStart
INFO  2021-09-27 18:15:48,557 TRNoticeMessageService::? - GetListWithModelByRole : MethodFinish
INFO  2021-09-27 18:16:13,932 TBConfigService::? - GetTBConfig : MethodStart
INFO  2021-09-27 18:16:14,011 TBConfigService::? - GetTBConfig : MethodFinish
INFO  2021-09-27 19:10:39,155 TRNoticeMessageService::? - GetListWithModelByRole : MethodStart
INFO  2021-09-27 19:10:40,856 TRNoticeMessageService::? - GetListWithModelByRole : MethodFinish
INFO  2021-09-27 19:12:35,872 TBConfigService::? - GetTBConfig : MethodStart
INFO  2021-09-27 19:12:35,958 TBConfigService::? - GetTBConfig : MethodFinish
INFO  2021-09-27 19:17:25,875 TBConfigService::? - GetTBConfig : MethodStart
INFO  2021-09-27 19:17:26,431 TBConfigService::? - GetTBConfig : MethodFinish
INFO  2021-09-27 19:19:27,932 TBConfigService::? - GetTBConfig : MethodStart
INFO  2021-09-27 19:19:28,266 TBConfigService::? - GetTBConfig : MethodFinish
INFO  2021-09-27 19:20:58,295 TBConfigService::? - GetTBConfig : MethodStart
INFO  2021-09-27 19:20:58,672 TBConfigService::? - GetTBConfig : MethodFinish
INFO  2021-09-27 19:28:50,005 TRNoticeMessageService::? - GetListWithModelByRole : MethodStart
INFO  2021-09-27 19:28:51,347 TRNoticeMessageService::? - GetListWithModelByRole : MethodFinish
INFO  2021-09-27 19:29:47,125 TBConfigService::? - GetTBConfig : MethodStart
INFO  2021-09-27 19:29:47,201 TBConfigService::? - GetTBConfig : MethodFinish
INFO  2021-09-27 19:33:58,321 TBConfigService::? - GetTBConfig : MethodStart
INFO  2021-09-27 19:33:58,808 TBConfigService::? - GetTBConfig : MethodFinish
INFO  2021-09-27 19:43:03,510 TRNoticeMessageService::? - GetListWithModelByRole : MethodStart
INFO  2021-09-27 19:43:04,793 TRNoticeMessageService::? - GetListWithModelByRole : MethodFinish
INFO  2021-09-27 19:43:49,046 TBConfigService::? - GetTBConfig : MethodStart
INFO  2021-09-27 19:43:49,124 TBConfigService::? - GetTBConfig : MethodFinish
