INFO  2021-09-07 09:46:14,798 TRNoticeMessageService::? - GetListWithModelByRole : MethodStart
INFO  2021-09-07 09:46:17,587 TRNoticeMessageService::? - GetListWithModelByRole : MethodFinish
INFO  2021-09-07 09:46:31,783 TBConfigService::? - GetTBConfig : MethodStart
INFO  2021-09-07 09:46:32,092 TBConfigService::? - GetTBConfig : MethodFinish
INFO  2021-09-07 09:57:54,808 TRNoticeMessageService::? - GetListWithModelByRole : MethodStart
INFO  2021-09-07 09:57:55,165 TRNoticeMessageService::? - GetListWithModelByRole : MethodFinish
INFO  2021-09-07 10:41:53,192 TRNoticeMessageService::? - GetListWithModelByRole : MethodStart
INFO  2021-09-07 10:41:54,345 TRNoticeMessageService::? - GetListWithModelByRole : MethodFinish
INFO  2021-09-07 10:42:41,637 TBConfigService::? - GetTBConfig : MethodStart
INFO  2021-09-07 10:42:41,937 TBConfigService::? - GetTBConfig : MethodFinish
INFO  2021-09-07 11:23:26,050 TRNoticeMessageService::? - GetListWithModelByRole : MethodStart
INFO  2021-09-07 11:23:27,491 TRNoticeMessageService::? - GetListWithModelByRole : MethodFinish
INFO  2021-09-07 11:23:29,714 TBConfigService::? - GetTBConfig : MethodStart
INFO  2021-09-07 11:23:29,986 TBConfigService::? - GetTBConfig : MethodFinish
INFO  2021-09-07 11:23:42,803 WHONETService::? - Get_TCWHONET_Antibiotics_Acitve_List : MethodStart
INFO  2021-09-07 11:23:42,804 TCWHONET_AntibioticsDAC::? - GetList_Active : MethodStart
INFO  2021-09-07 11:23:43,011 TCWHONET_AntibioticsDAC::? - GetList_Active : MethodFinish
INFO  2021-09-07 11:23:43,013 WHONETService::? - Get_TCWHONET_Antibiotics_Acitve_List : MethodFinish
INFO  2021-09-07 11:46:26,301 TRNoticeMessageService::? - GetListWithModelByRole : MethodStart
INFO  2021-09-07 11:46:27,439 TRNoticeMessageService::? - GetListWithModelByRole : MethodFinish
INFO  2021-09-07 11:46:44,400 TBConfigService::? - GetTBConfig : MethodStart
INFO  2021-09-07 11:46:44,731 TBConfigService::? - GetTBConfig : MethodFinish
INFO  2021-09-07 11:46:55,123 TBConfigService::? - GetTBConfig : MethodStart
INFO  2021-09-07 11:46:55,259 TBConfigService::? - GetTBConfig : MethodFinish
INFO  2021-09-07 11:47:36,209 TRNoticeMessageService::? - GetListWithModelByRole : MethodStart
INFO  2021-09-07 11:47:36,320 TRNoticeMessageService::? - GetListWithModelByRole : MethodFinish
INFO  2021-09-07 11:47:37,857 TBConfigService::? - GetTBConfig : MethodStart
INFO  2021-09-07 11:47:37,961 TBConfigService::? - GetTBConfig : MethodFinish
INFO  2021-09-07 11:47:40,611 TBConfigService::? - GetTBConfig : MethodStart
INFO  2021-09-07 11:47:40,725 TBConfigService::? - GetTBConfig : MethodFinish
