INFO  2021-09-15 11:33:11,362 TRNoticeMessageService::? - GetListWithModelByRole : MethodStart
INFO  2021-09-15 11:33:12,525 TRNoticeMessageService::? - GetListWithModelByRole : MethodFinish
INFO  2021-09-15 11:40:17,827 TBConfigService::? - GetTBConfig : MethodStart
INFO  2021-09-15 11:40:18,232 TBConfigService::? - GetTBConfig : MethodFinish
INFO  2021-09-15 11:41:24,264 TBConfigService::? - GetTBConfig : MethodStart
INFO  2021-09-15 11:41:24,406 TBConfigService::? - GetTBConfig : MethodFinish
INFO  2021-09-15 11:41:32,139 TBConfigService::? - GetTBConfig : MethodStart
INFO  2021-09-15 11:41:32,252 TBConfigService::? - GetTBConfig : MethodFinish
INFO  2021-09-15 12:07:42,050 TRNoticeMessageService::? - GetListWithModelByRole : MethodStart
INFO  2021-09-15 12:07:43,067 TRNoticeMessageService::? - GetListWithModelByRole : MethodFinish
INFO  2021-09-15 12:07:58,346 TBConfigService::? - GetTBConfig : MethodStart
INFO  2021-09-15 12:07:58,642 TBConfigService::? - GetTBConfig : MethodFinish
INFO  2021-09-15 12:09:42,963 TBConfigService::? - GetTBConfig : MethodStart
INFO  2021-09-15 12:09:43,111 TBConfigService::? - GetTBConfig : MethodFinish
INFO  2021-09-15 12:10:14,749 TBConfigService::? - GetTBConfig : MethodStart
INFO  2021-09-15 12:10:14,920 TBConfigService::? - GetTBConfig : MethodFinish
INFO  2021-09-15 12:11:15,450 TBConfigService::? - GetTBConfig : MethodStart
INFO  2021-09-15 12:11:15,572 TBConfigService::? - GetTBConfig : MethodFinish
INFO  2021-09-15 12:11:24,209 TBConfigService::? - GetTBConfig : MethodStart
INFO  2021-09-15 12:11:24,336 TBConfigService::? - GetTBConfig : MethodFinish
INFO  2021-09-15 12:12:09,628 TBConfigService::? - GetTBConfig : MethodStart
INFO  2021-09-15 12:12:09,748 TBConfigService::? - GetTBConfig : MethodFinish
INFO  2021-09-15 12:13:42,254 TBConfigService::? - GetTBConfig : MethodStart
INFO  2021-09-15 12:13:42,383 TBConfigService::? - GetTBConfig : MethodFinish
INFO  2021-09-15 12:14:17,913 TRNoticeMessageService::? - GetListWithModelByRole : MethodStart
INFO  2021-09-15 12:14:18,296 TRNoticeMessageService::? - GetListWithModelByRole : MethodFinish
INFO  2021-09-15 12:14:22,548 TBConfigService::? - GetTBConfig : MethodStart
INFO  2021-09-15 12:14:22,660 TBConfigService::? - GetTBConfig : MethodFinish
INFO  2021-09-15 12:14:30,882 TBConfigService::? - GetTBConfig : MethodStart
INFO  2021-09-15 12:14:30,988 TBConfigService::? - GetTBConfig : MethodFinish
INFO  2021-09-15 12:14:33,405 TBConfigService::? - GetTBConfig : MethodStart
INFO  2021-09-15 12:14:33,511 TBConfigService::? - GetTBConfig : MethodFinish
INFO  2021-09-15 12:14:38,575 TBConfigService::? - GetTBConfig : MethodStart
INFO  2021-09-15 12:14:38,686 TBConfigService::? - GetTBConfig : MethodFinish
INFO  2021-09-15 12:14:44,501 TBConfigService::? - GetTBConfig : MethodStart
INFO  2021-09-15 12:14:44,612 TBConfigService::? - GetTBConfig : MethodFinish
INFO  2021-09-15 12:14:44,950 WHONETService::? - Get_TCWHONET_Antibiotic_List : MethodStart
INFO  2021-09-15 12:14:45,057 WHONETService::? - Get_TCWHONET_Antibiotic_List : MethodFinish
INFO  2021-09-15 12:14:45,104 WHONETService::? - Get_TCWHONET_AntibioticSpecies_List : MethodStart
INFO  2021-09-15 12:14:45,251 WHONETService::? - Get_TCWHONET_AntibioticSpecies_List : MethodFinish
INFO  2021-09-15 12:14:45,314 WHONETService::? - Get_TCWHONET_Departments_List : MethodStart
INFO  2021-09-15 12:14:45,362 WHONETService::? - Get_TCWHONET_Departments_List : MethodFinish
INFO  2021-09-15 12:14:45,389 WHONETService::? - Get_TCWHONET_Specimen_List : MethodStart
INFO  2021-09-15 12:14:45,457 WHONETService::? - Get_TCWHONET_Specimen_List : MethodFinish
INFO  2021-09-15 12:14:45,495 WHONETService::? - Get_TCWHONET_Column_List : MethodStart
INFO  2021-09-15 12:14:45,544 WHONETService::? - Get_TCWHONET_Column_List : MethodFinish
INFO  2021-09-15 12:14:46,251 LogProcessService::? - GetLogProcessListWithModel : MethodStart
INFO  2021-09-15 12:14:46,382 LogProcessService::? - GetLogProcessListWithModel : MethodFinish
INFO  2021-09-15 12:33:18,615 TRNoticeMessageService::? - GetListWithModelByRole : MethodStart
INFO  2021-09-15 12:33:19,682 TRNoticeMessageService::? - GetListWithModelByRole : MethodFinish
INFO  2021-09-15 12:33:34,673 TBConfigService::? - GetTBConfig : MethodStart
INFO  2021-09-15 12:33:35,133 TBConfigService::? - GetTBConfig : MethodFinish
INFO  2021-09-15 12:33:42,908 TBConfigService::? - GetTBConfig : MethodStart
INFO  2021-09-15 12:33:43,050 TBConfigService::? - GetTBConfig : MethodFinish
INFO  2021-09-15 12:33:43,339 WHONETService::? - Get_TCWHONET_Antibiotic_List : MethodStart
INFO  2021-09-15 12:33:43,436 WHONETService::? - Get_TCWHONET_Antibiotic_List : MethodFinish
INFO  2021-09-15 12:33:43,492 WHONETService::? - Get_TCWHONET_AntibioticSpecies_List : MethodStart
INFO  2021-09-15 12:33:43,623 WHONETService::? - Get_TCWHONET_AntibioticSpecies_List : MethodFinish
INFO  2021-09-15 12:33:43,672 WHONETService::? - Get_TCWHONET_Departments_List : MethodStart
INFO  2021-09-15 12:33:44,150 WHONETService::? - Get_TCWHONET_Departments_List : MethodFinish
INFO  2021-09-15 12:33:44,190 WHONETService::? - Get_TCWHONET_Specimen_List : MethodStart
INFO  2021-09-15 12:33:44,311 WHONETService::? - Get_TCWHONET_Specimen_List : MethodFinish
INFO  2021-09-15 12:33:44,356 WHONETService::? - Get_TCWHONET_Column_List : MethodStart
INFO  2021-09-15 12:33:44,453 WHONETService::? - Get_TCWHONET_Column_List : MethodFinish
INFO  2021-09-15 12:33:45,220 LogProcessService::? - GetLogProcessListWithModel : MethodStart
INFO  2021-09-15 12:33:45,338 LogProcessService::? - GetLogProcessListWithModel : MethodFinish
INFO  2021-09-15 17:19:42,377 TRNoticeMessageService::? - GetListWithModelByRole : MethodStart
INFO  2021-09-15 17:19:43,866 TRNoticeMessageService::? - GetListWithModelByRole : MethodFinish
INFO  2021-09-15 17:20:26,619 TBConfigService::? - GetTBConfig : MethodStart
INFO  2021-09-15 17:20:27,061 TBConfigService::? - GetTBConfig : MethodFinish
INFO  2021-09-15 17:20:47,554 TBConfigService::? - GetTBConfig : MethodStart
INFO  2021-09-15 17:20:47,727 TBConfigService::? - GetTBConfig : MethodFinish
INFO  2021-09-15 17:20:50,192 WHONETService::? - Get_TCWHONET_Antibiotics_Acitve_List : MethodStart
INFO  2021-09-15 17:20:50,194 TCWHONET_AntibioticsDAC::? - GetList_Active : MethodStart
INFO  2021-09-15 17:20:50,375 TCWHONET_AntibioticsDAC::? - GetList_Active : MethodFinish
INFO  2021-09-15 17:20:50,380 WHONETService::? - Get_TCWHONET_Antibiotics_Acitve_List : MethodFinish
INFO  2021-09-15 17:21:05,156 TBConfigService::? - GetTBConfig : MethodStart
INFO  2021-09-15 17:21:05,269 TBConfigService::? - GetTBConfig : MethodFinish
INFO  2021-09-15 18:07:28,737 TRNoticeMessageService::? - GetListWithModelByRole : MethodStart
INFO  2021-09-15 18:07:30,393 TRNoticeMessageService::? - GetListWithModelByRole : MethodFinish
INFO  2021-09-15 18:07:33,416 TBConfigService::? - GetTBConfig : MethodStart
INFO  2021-09-15 18:07:33,730 TBConfigService::? - GetTBConfig : MethodFinish
