INFO  2021-08-04 10:34:43,632 TRNoticeMessageService::? - GetListWithModelByRole : MethodStart
INFO  2021-08-04 10:34:45,293 TRNoticeMessageService::? - GetListWithModelByRole : MethodFinish
INFO  2021-08-04 10:37:01,022 TBConfigService::? - GetTBConfig : MethodStart
INFO  2021-08-04 10:37:01,096 TBConfigService::? - GetTBConfig : MethodFinish
INFO  2021-08-04 10:37:15,601 TBConfigService::? - GetTBConfig : MethodStart
INFO  2021-08-04 10:37:15,662 TBConfigService::? - GetTBConfig : MethodFinish
INFO  2021-08-04 10:37:24,031 WHONETService::? - Get_TCWHONET_Antibiotics_Acitve_List : MethodStart
INFO  2021-08-04 10:37:24,036 TCWHONET_AntibioticsDAC::? - GetList_Active : MethodStart
INFO  2021-08-04 10:37:24,105 TCWHONET_AntibioticsDAC::? - GetList_Active : MethodFinish
INFO  2021-08-04 10:37:24,111 WHONETService::? - Get_TCWHONET_Antibiotics_Acitve_List : MethodFinish
INFO  2021-08-04 10:37:38,394 TBConfigService::? - GetTBConfig : MethodStart
INFO  2021-08-04 10:37:38,412 TBConfigService::? - GetTBConfig : MethodFinish
INFO  2021-08-04 10:42:34,961 TRNoticeMessageService::? - GetListWithModelByRole : MethodStart
INFO  2021-08-04 10:42:36,250 TRNoticeMessageService::? - GetListWithModelByRole : MethodFinish
INFO  2021-08-04 10:42:47,917 TBConfigService::? - GetTBConfig : MethodStart
INFO  2021-08-04 10:42:47,988 TBConfigService::? - GetTBConfig : MethodFinish
INFO  2021-08-04 10:47:02,584 TBConfigService::? - GetTBConfig : MethodStart
INFO  2021-08-04 10:47:02,681 TBConfigService::? - GetTBConfig : MethodFinish
INFO  2021-08-04 11:00:19,115 TBConfigService::? - GetTBConfig : MethodStart
INFO  2021-08-04 11:00:19,174 TBConfigService::? - GetTBConfig : MethodFinish
INFO  2021-08-04 11:01:17,586 TBConfigService::? - GetTBConfig : MethodStart
INFO  2021-08-04 11:01:17,623 TBConfigService::? - GetTBConfig : MethodFinish
INFO  2021-08-04 11:01:21,517 TBConfigService::? - GetTBConfig : MethodStart
INFO  2021-08-04 11:01:21,530 TBConfigService::? - GetTBConfig : MethodFinish
INFO  2021-08-04 11:01:36,462 TBConfigService::? - GetTBConfig : MethodStart
INFO  2021-08-04 11:01:36,474 TBConfigService::? - GetTBConfig : MethodFinish
INFO  2021-08-04 11:02:14,426 TBConfigService::? - GetTBConfig : MethodStart
INFO  2021-08-04 11:02:14,442 TBConfigService::? - GetTBConfig : MethodFinish
INFO  2021-08-04 11:02:16,059 WHONETService::? - Get_TCWHONET_Antibiotics_Acitve_List : MethodStart
INFO  2021-08-04 11:02:16,063 TCWHONET_AntibioticsDAC::? - GetList_Active : MethodStart
INFO  2021-08-04 11:02:16,137 TCWHONET_AntibioticsDAC::? - GetList_Active : MethodFinish
INFO  2021-08-04 11:02:16,143 WHONETService::? - Get_TCWHONET_Antibiotics_Acitve_List : MethodFinish
INFO  2021-08-04 14:55:43,370 TRNoticeMessageService::? - GetListWithModelByRole : MethodStart
INFO  2021-08-04 14:55:44,142 TRNoticeMessageService::? - GetListWithModelByRole : MethodFinish
INFO  2021-08-04 14:55:52,976 TBConfigService::? - GetTBConfig : MethodStart
INFO  2021-08-04 14:55:53,020 TBConfigService::? - GetTBConfig : MethodFinish
INFO  2021-08-04 15:05:20,985 TRNoticeMessageService::? - GetListWithModelByRole : MethodStart
INFO  2021-08-04 15:05:21,752 TRNoticeMessageService::? - GetListWithModelByRole : MethodFinish
INFO  2021-08-04 15:05:31,766 TBConfigService::? - GetTBConfig : MethodStart
INFO  2021-08-04 15:05:31,803 TBConfigService::? - GetTBConfig : MethodFinish
INFO  2021-08-04 15:05:52,864 TBConfigService::? - GetTBConfig : MethodStart
INFO  2021-08-04 15:05:52,898 TBConfigService::? - GetTBConfig : MethodFinish
INFO  2021-08-04 16:47:51,199 TBConfigService::? - GetTBConfig : MethodStart
INFO  2021-08-04 16:47:51,232 TBConfigService::? - GetTBConfig : MethodFinish
INFO  2021-08-04 16:47:52,293 WHONETService::? - Get_TCWHONET_Antibiotics_Acitve_List : MethodStart
INFO  2021-08-04 16:47:52,295 TCWHONET_AntibioticsDAC::? - GetList_Active : MethodStart
INFO  2021-08-04 16:47:52,333 TCWHONET_AntibioticsDAC::? - GetList_Active : MethodFinish
INFO  2021-08-04 16:47:52,338 WHONETService::? - Get_TCWHONET_Antibiotics_Acitve_List : MethodFinish
INFO  2021-08-04 17:33:26,957 TBConfigService::? - GetTBConfig : MethodStart
INFO  2021-08-04 17:33:26,982 TBConfigService::? - GetTBConfig : MethodFinish
INFO  2021-08-04 17:44:21,427 TBConfigService::? - GetTBConfig : MethodStart
INFO  2021-08-04 17:44:21,444 TBConfigService::? - GetTBConfig : MethodFinish
INFO  2021-08-04 17:44:21,914 WHONETService::? - Get_TCWHONET_Antibiotics_Acitve_List : MethodStart
INFO  2021-08-04 17:44:21,916 TCWHONET_AntibioticsDAC::? - GetList_Active : MethodStart
INFO  2021-08-04 17:44:21,928 TCWHONET_AntibioticsDAC::? - GetList_Active : MethodFinish
INFO  2021-08-04 17:44:21,929 WHONETService::? - Get_TCWHONET_Antibiotics_Acitve_List : MethodFinish
INFO  2021-08-04 17:45:09,988 TBConfigService::? - GetTBConfig : MethodStart
INFO  2021-08-04 17:45:10,003 TBConfigService::? - GetTBConfig : MethodFinish
