INFO  2022-09-13 15:38:13,145 TRNoticeMessageService::? - GetListWithModelByRole : MethodStart
INFO  2022-09-13 15:38:17,173 TRNoticeMessageService::? - GetListWithModelByRole : MethodFinish
INFO  2022-09-13 15:39:16,397 TBConfigService::? - GetTBConfig : MethodStart
INFO  2022-09-13 15:39:16,852 TBConfigService::? - GetTBConfig : MethodFinish
INFO  2022-09-13 15:40:05,294 TBConfigService::? - GetTBConfig : MethodStart
INFO  2022-09-13 15:40:05,496 TBConfigService::? - GetTBConfig : MethodFinish
INFO  2022-09-13 15:43:00,777 TBConfigService::? - GetTBConfig : MethodStart
INFO  2022-09-13 15:43:00,892 TBConfigService::? - GetTBConfig : MethodFinish
INFO  2022-09-13 15:43:04,510 WHONETService::? - Get_TCWHONET_Antibiotics_Acitve_List : MethodStart
INFO  2022-09-13 15:43:04,515 TCWHONET_AntibioticsDAC::? - GetList_Active : MethodStart
INFO  2022-09-13 15:43:04,686 TCWHONET_AntibioticsDAC::? - GetList_Active : MethodFinish
INFO  2022-09-13 15:43:04,703 WHONETService::? - Get_TCWHONET_Antibiotics_Acitve_List : MethodFinish
INFO  2022-09-13 15:43:35,230 TBConfigService::? - GetTBConfig : MethodStart
INFO  2022-09-13 15:43:35,334 TBConfigService::? - GetTBConfig : MethodFinish
INFO  2022-09-13 15:51:58,831 TBConfigService::? - GetTBConfig : MethodStart
INFO  2022-09-13 15:51:59,097 TBConfigService::? - GetTBConfig : MethodFinish
INFO  2022-09-13 15:52:12,082 TBConfigService::? - GetTBConfig : MethodStart
INFO  2022-09-13 15:52:12,197 TBConfigService::? - GetTBConfig : MethodFinish
INFO  2022-09-13 15:52:18,297 TBConfigService::? - GetTBConfig : MethodStart
INFO  2022-09-13 15:52:18,409 TBConfigService::? - GetTBConfig : MethodFinish
INFO  2022-09-13 15:52:19,938 WHONETService::? - Get_TCWHONET_Antibiotics_Acitve_List : MethodStart
INFO  2022-09-13 15:52:19,941 TCWHONET_AntibioticsDAC::? - GetList_Active : MethodStart
INFO  2022-09-13 15:52:20,233 TCWHONET_AntibioticsDAC::? - GetList_Active : MethodFinish
INFO  2022-09-13 15:52:20,235 WHONETService::? - Get_TCWHONET_Antibiotics_Acitve_List : MethodFinish
INFO  2022-09-13 15:54:49,163 TBConfigService::? - GetTBConfig : MethodStart
INFO  2022-09-13 15:54:49,283 TBConfigService::? - GetTBConfig : MethodFinish
INFO  2022-09-13 15:54:51,093 WHONETService::? - Get_TCWHONET_Antibiotics_Acitve_List : MethodStart
INFO  2022-09-13 15:54:51,096 TCWHONET_AntibioticsDAC::? - GetList_Active : MethodStart
INFO  2022-09-13 15:54:51,216 TCWHONET_AntibioticsDAC::? - GetList_Active : MethodFinish
INFO  2022-09-13 15:54:51,224 WHONETService::? - Get_TCWHONET_Antibiotics_Acitve_List : MethodFinish
INFO  2022-09-13 15:54:59,093 TBConfigService::? - GetTBConfig : MethodStart
INFO  2022-09-13 15:54:59,209 TBConfigService::? - GetTBConfig : MethodFinish
INFO  2022-09-13 16:38:44,526 TBConfigService::? - GetTBConfig : MethodStart
INFO  2022-09-13 16:38:44,938 TBConfigService::? - GetTBConfig : MethodFinish
INFO  2022-09-13 16:41:01,628 TBConfigService::? - GetTBConfig : MethodStart
INFO  2022-09-13 16:41:01,734 TBConfigService::? - GetTBConfig : MethodFinish
INFO  2022-09-13 16:41:29,107 TBConfigService::? - GetTBConfig : MethodStart
INFO  2022-09-13 16:41:29,222 TBConfigService::? - GetTBConfig : MethodFinish
INFO  2022-09-13 16:49:37,578 TRNoticeMessageService::? - GetListWithModelByRole : MethodStart
INFO  2022-09-13 16:49:39,535 TRNoticeMessageService::? - GetListWithModelByRole : MethodFinish
INFO  2022-09-13 16:50:55,075 TBConfigService::? - GetTBConfig : MethodStart
INFO  2022-09-13 16:50:55,521 TBConfigService::? - GetTBConfig : MethodFinish
INFO  2022-09-13 19:29:14,271 TRNoticeMessageService::? - GetListWithModelByRole : MethodStart
INFO  2022-09-13 19:29:16,339 TRNoticeMessageService::? - GetListWithModelByRole : MethodFinish
INFO  2022-09-13 19:29:37,536 TBConfigService::? - GetTBConfig : MethodStart
INFO  2022-09-13 19:29:37,827 TBConfigService::? - GetTBConfig : MethodFinish
INFO  2022-09-13 19:35:25,162 TBConfigService::? - GetTBConfig : MethodStart
INFO  2022-09-13 19:35:25,386 TBConfigService::? - GetTBConfig : MethodFinish
