INFO  2021-08-11 00:00:27,971 TBConfigService::? - GetTBConfig : MethodStart
INFO  2021-08-11 00:00:28,121 TBConfigService::? - GetTBConfig : MethodFinish
INFO  2021-08-11 00:00:32,571 TBConfigService::? - GetTBConfig : MethodStart
INFO  2021-08-11 00:00:32,701 TBConfigService::? - GetTBConfig : MethodFinish
INFO  2021-08-11 00:00:34,283 WHONETService::? - Get_TCWHONET_Antibiotics_Acitve_List : MethodStart
INFO  2021-08-11 00:00:34,291 TCWHONET_AntibioticsDAC::? - GetList_Active : MethodStart
INFO  2021-08-11 00:00:34,432 TCWHONET_AntibioticsDAC::? - GetList_Active : MethodFinish
INFO  2021-08-11 00:00:34,434 WHONETService::? - Get_TCWHONET_Antibiotics_Acitve_List : MethodFinish
INFO  2021-08-11 13:10:36,898 TRNoticeMessageService::? - GetListWithModelByRole : MethodStart
INFO  2021-08-11 13:10:38,025 TRNoticeMessageService::? - GetListWithModelByRole : MethodFinish
INFO  2021-08-11 13:12:40,175 TBConfigService::? - GetTBConfig : MethodStart
INFO  2021-08-11 13:12:40,584 TBConfigService::? - GetTBConfig : MethodFinish
INFO  2021-08-11 13:13:00,852 TBConfigService::? - GetTBConfig : MethodStart
INFO  2021-08-11 13:13:00,986 TBConfigService::? - GetTBConfig : MethodFinish
INFO  2021-08-11 13:28:45,742 TBConfigService::? - GetTBConfig : MethodStart
INFO  2021-08-11 13:28:46,006 TBConfigService::? - GetTBConfig : MethodFinish
INFO  2021-08-11 15:01:48,093 TBConfigService::? - GetTBConfig : MethodStart
INFO  2021-08-11 15:01:48,496 TBConfigService::? - GetTBConfig : MethodFinish
INFO  2021-08-11 15:01:52,416 WHONETService::? - Get_TCWHONET_Antibiotics_Acitve_List : MethodStart
INFO  2021-08-11 15:01:52,421 TCWHONET_AntibioticsDAC::? - GetList_Active : MethodStart
INFO  2021-08-11 15:01:52,814 TCWHONET_AntibioticsDAC::? - GetList_Active : MethodFinish
INFO  2021-08-11 15:01:52,821 WHONETService::? - Get_TCWHONET_Antibiotics_Acitve_List : MethodFinish
