INFO  2022-02-15 11:26:15,315 TRNoticeMessageService::? - GetListWithModelByRole : MethodStart
INFO  2022-02-15 11:26:17,252 TRNoticeMessageService::? - GetListWithModelByRole : MethodFinish
INFO  2022-02-15 11:28:04,687 TBConfigService::? - GetTBConfig : MethodStart
INFO  2022-02-15 11:28:05,119 TBConfigService::? - GetTBConfig : MethodFinish
INFO  2022-02-15 11:28:51,262 TBConfigService::? - GetTBConfig : MethodStart
INFO  2022-02-15 11:28:51,401 TBConfigService::? - GetTBConfig : MethodFinish
INFO  2022-02-15 11:29:36,227 TBConfigService::? - GetTBConfig : MethodStart
INFO  2022-02-15 11:29:36,335 TBConfigService::? - GetTBConfig : MethodFinish
INFO  2022-02-15 11:29:39,650 WHONETService::? - Get_TCWHONET_Antibiotics_Acitve_List : MethodStart
INFO  2022-02-15 11:29:39,654 TCWHONET_AntibioticsDAC::? - GetList_Active : MethodStart
INFO  2022-02-15 11:29:39,842 TCWHONET_AntibioticsDAC::? - GetList_Active : MethodFinish
INFO  2022-02-15 11:29:39,847 WHONETService::? - Get_TCWHONET_Antibiotics_Acitve_List : MethodFinish
INFO  2022-02-15 11:30:10,664 WHONETService::? - Get_TCWHONET_Antibiotics_Acitve_List : MethodStart
INFO  2022-02-15 11:30:10,669 TCWHONET_AntibioticsDAC::? - GetList_Active : MethodStart
INFO  2022-02-15 11:30:10,807 TCWHONET_AntibioticsDAC::? - GetList_Active : MethodFinish
INFO  2022-02-15 11:30:10,809 WHONETService::? - Get_TCWHONET_Antibiotics_Acitve_List : MethodFinish
INFO  2022-02-15 11:30:31,994 WHONETService::? - Get_TCWHONET_Antibiotics_Acitve_List : MethodStart
INFO  2022-02-15 11:30:31,997 TCWHONET_AntibioticsDAC::? - GetList_Active : MethodStart
INFO  2022-02-15 11:30:32,124 TCWHONET_AntibioticsDAC::? - GetList_Active : MethodFinish
INFO  2022-02-15 11:30:32,126 WHONETService::? - Get_TCWHONET_Antibiotics_Acitve_List : MethodFinish
INFO  2022-02-15 11:31:17,421 WHONETService::? - Get_TCWHONET_Antibiotics_Acitve_List : MethodStart
INFO  2022-02-15 11:31:17,428 TCWHONET_AntibioticsDAC::? - GetList_Active : MethodStart
INFO  2022-02-15 11:31:17,695 TCWHONET_AntibioticsDAC::? - GetList_Active : MethodFinish
INFO  2022-02-15 11:31:17,699 WHONETService::? - Get_TCWHONET_Antibiotics_Acitve_List : MethodFinish
INFO  2022-02-15 11:31:22,296 WHONETService::? - Get_TCWHONET_Antibiotics_Acitve_List : MethodStart
INFO  2022-02-15 11:31:22,298 TCWHONET_AntibioticsDAC::? - GetList_Active : MethodStart
INFO  2022-02-15 11:31:22,417 TCWHONET_AntibioticsDAC::? - GetList_Active : MethodFinish
INFO  2022-02-15 11:31:22,419 WHONETService::? - Get_TCWHONET_Antibiotics_Acitve_List : MethodFinish
INFO  2022-02-15 11:31:26,604 TBConfigService::? - GetTBConfig : MethodStart
INFO  2022-02-15 11:31:26,707 TBConfigService::? - GetTBConfig : MethodFinish
INFO  2022-02-15 11:31:58,992 TBConfigService::? - GetTBConfig : MethodStart
INFO  2022-02-15 11:31:59,102 TBConfigService::? - GetTBConfig : MethodFinish
INFO  2022-02-15 11:32:01,631 TBConfigService::? - GetTBConfig : MethodStart
INFO  2022-02-15 11:32:01,758 TBConfigService::? - GetTBConfig : MethodFinish
INFO  2022-02-15 11:32:03,226 WHONETService::? - Get_TCWHONET_Antibiotics_Acitve_List : MethodStart
INFO  2022-02-15 11:32:03,231 TCWHONET_AntibioticsDAC::? - GetList_Active : MethodStart
INFO  2022-02-15 11:32:03,406 TCWHONET_AntibioticsDAC::? - GetList_Active : MethodFinish
INFO  2022-02-15 11:32:03,409 WHONETService::? - Get_TCWHONET_Antibiotics_Acitve_List : MethodFinish
INFO  2022-02-15 11:32:38,218 WHONETService::? - Get_TCWHONET_Antibiotics_Acitve_List : MethodStart
INFO  2022-02-15 11:32:38,221 TCWHONET_AntibioticsDAC::? - GetList_Active : MethodStart
INFO  2022-02-15 11:32:38,370 TCWHONET_AntibioticsDAC::? - GetList_Active : MethodFinish
INFO  2022-02-15 11:32:38,373 WHONETService::? - Get_TCWHONET_Antibiotics_Acitve_List : MethodFinish
INFO  2022-02-15 11:37:26,377 TBConfigService::? - GetTBConfig : MethodStart
INFO  2022-02-15 11:37:26,491 TBConfigService::? - GetTBConfig : MethodFinish
INFO  2022-02-15 11:41:09,702 TBConfigService::? - GetTBConfig : MethodStart
INFO  2022-02-15 11:41:09,836 TBConfigService::? - GetTBConfig : MethodFinish
INFO  2022-02-15 11:41:12,086 WHONETService::? - Get_TCWHONET_Antibiotics_Acitve_List : MethodStart
INFO  2022-02-15 11:41:12,088 TCWHONET_AntibioticsDAC::? - GetList_Active : MethodStart
INFO  2022-02-15 11:41:12,549 TCWHONET_AntibioticsDAC::? - GetList_Active : MethodFinish
INFO  2022-02-15 11:41:12,552 WHONETService::? - Get_TCWHONET_Antibiotics_Acitve_List : MethodFinish
INFO  2022-02-15 11:42:04,436 WHONETService::? - Get_TCWHONET_Antibiotics_Acitve_List : MethodStart
INFO  2022-02-15 11:42:04,439 TCWHONET_AntibioticsDAC::? - GetList_Active : MethodStart
INFO  2022-02-15 11:42:04,582 TCWHONET_AntibioticsDAC::? - GetList_Active : MethodFinish
INFO  2022-02-15 11:42:04,585 WHONETService::? - Get_TCWHONET_Antibiotics_Acitve_List : MethodFinish
INFO  2022-02-15 11:42:20,517 WHONETService::? - Get_TCWHONET_Antibiotics_Acitve_List : MethodStart
INFO  2022-02-15 11:42:20,520 TCWHONET_AntibioticsDAC::? - GetList_Active : MethodStart
INFO  2022-02-15 11:42:20,694 TCWHONET_AntibioticsDAC::? - GetList_Active : MethodFinish
INFO  2022-02-15 11:42:20,698 WHONETService::? - Get_TCWHONET_Antibiotics_Acitve_List : MethodFinish
INFO  2022-02-15 11:42:46,151 WHONETService::? - Get_TCWHONET_Antibiotics_Acitve_List : MethodStart
INFO  2022-02-15 11:42:46,177 TCWHONET_AntibioticsDAC::? - GetList_Active : MethodStart
INFO  2022-02-15 11:42:46,356 TCWHONET_AntibioticsDAC::? - GetList_Active : MethodFinish
INFO  2022-02-15 11:42:46,373 WHONETService::? - Get_TCWHONET_Antibiotics_Acitve_List : MethodFinish
INFO  2022-02-15 11:42:58,631 WHONETService::? - Get_TCWHONET_Antibiotics_Acitve_List : MethodStart
INFO  2022-02-15 11:42:58,641 TCWHONET_AntibioticsDAC::? - GetList_Active : MethodStart
INFO  2022-02-15 11:42:58,821 TCWHONET_AntibioticsDAC::? - GetList_Active : MethodFinish
INFO  2022-02-15 11:42:58,824 WHONETService::? - Get_TCWHONET_Antibiotics_Acitve_List : MethodFinish
INFO  2022-02-15 11:43:18,489 WHONETService::? - Get_TCWHONET_Antibiotics_Acitve_List : MethodStart
INFO  2022-02-15 11:43:18,492 TCWHONET_AntibioticsDAC::? - GetList_Active : MethodStart
INFO  2022-02-15 11:43:18,675 TCWHONET_AntibioticsDAC::? - GetList_Active : MethodFinish
INFO  2022-02-15 11:43:18,683 WHONETService::? - Get_TCWHONET_Antibiotics_Acitve_List : MethodFinish
INFO  2022-02-15 11:43:44,418 WHONETService::? - Get_TCWHONET_Antibiotics_Acitve_List : MethodStart
INFO  2022-02-15 11:43:44,421 TCWHONET_AntibioticsDAC::? - GetList_Active : MethodStart
INFO  2022-02-15 11:43:44,617 TCWHONET_AntibioticsDAC::? - GetList_Active : MethodFinish
INFO  2022-02-15 11:43:44,624 WHONETService::? - Get_TCWHONET_Antibiotics_Acitve_List : MethodFinish
INFO  2022-02-15 11:44:03,601 WHONETService::? - Get_TCWHONET_Antibiotics_Acitve_List : MethodStart
INFO  2022-02-15 11:44:03,605 TCWHONET_AntibioticsDAC::? - GetList_Active : MethodStart
INFO  2022-02-15 11:44:03,777 TCWHONET_AntibioticsDAC::? - GetList_Active : MethodFinish
INFO  2022-02-15 11:44:03,780 WHONETService::? - Get_TCWHONET_Antibiotics_Acitve_List : MethodFinish
INFO  2022-02-15 11:44:22,603 WHONETService::? - Get_TCWHONET_Antibiotics_Acitve_List : MethodStart
INFO  2022-02-15 11:44:22,616 TCWHONET_AntibioticsDAC::? - GetList_Active : MethodStart
INFO  2022-02-15 11:44:22,837 TCWHONET_AntibioticsDAC::? - GetList_Active : MethodFinish
INFO  2022-02-15 11:44:22,839 WHONETService::? - Get_TCWHONET_Antibiotics_Acitve_List : MethodFinish
INFO  2022-02-15 11:44:39,240 WHONETService::? - Get_TCWHONET_Antibiotics_Acitve_List : MethodStart
INFO  2022-02-15 11:44:39,243 TCWHONET_AntibioticsDAC::? - GetList_Active : MethodStart
INFO  2022-02-15 11:44:39,413 TCWHONET_AntibioticsDAC::? - GetList_Active : MethodFinish
INFO  2022-02-15 11:44:39,417 WHONETService::? - Get_TCWHONET_Antibiotics_Acitve_List : MethodFinish
INFO  2022-02-15 11:45:00,044 WHONETService::? - Get_TCWHONET_Antibiotics_Acitve_List : MethodStart
INFO  2022-02-15 11:45:00,054 TCWHONET_AntibioticsDAC::? - GetList_Active : MethodStart
INFO  2022-02-15 11:45:00,241 TCWHONET_AntibioticsDAC::? - GetList_Active : MethodFinish
INFO  2022-02-15 11:45:00,246 WHONETService::? - Get_TCWHONET_Antibiotics_Acitve_List : MethodFinish
INFO  2022-02-15 11:45:37,677 WHONETService::? - Get_TCWHONET_Antibiotics_Acitve_List : MethodStart
INFO  2022-02-15 11:45:37,681 TCWHONET_AntibioticsDAC::? - GetList_Active : MethodStart
INFO  2022-02-15 11:45:37,861 TCWHONET_AntibioticsDAC::? - GetList_Active : MethodFinish
INFO  2022-02-15 11:45:37,866 WHONETService::? - Get_TCWHONET_Antibiotics_Acitve_List : MethodFinish
INFO  2022-02-15 11:45:51,311 WHONETService::? - Get_TCWHONET_Antibiotics_Acitve_List : MethodStart
INFO  2022-02-15 11:45:51,318 TCWHONET_AntibioticsDAC::? - GetList_Active : MethodStart
INFO  2022-02-15 11:45:51,470 TCWHONET_AntibioticsDAC::? - GetList_Active : MethodFinish
INFO  2022-02-15 11:45:51,472 WHONETService::? - Get_TCWHONET_Antibiotics_Acitve_List : MethodFinish
INFO  2022-02-15 11:46:06,933 WHONETService::? - Get_TCWHONET_Antibiotics_Acitve_List : MethodStart
INFO  2022-02-15 11:46:06,939 TCWHONET_AntibioticsDAC::? - GetList_Active : MethodStart
INFO  2022-02-15 11:46:07,140 TCWHONET_AntibioticsDAC::? - GetList_Active : MethodFinish
INFO  2022-02-15 11:46:07,145 WHONETService::? - Get_TCWHONET_Antibiotics_Acitve_List : MethodFinish
INFO  2022-02-15 11:46:30,459 WHONETService::? - Get_TCWHONET_Antibiotics_Acitve_List : MethodStart
INFO  2022-02-15 11:46:30,463 TCWHONET_AntibioticsDAC::? - GetList_Active : MethodStart
INFO  2022-02-15 11:46:30,630 TCWHONET_AntibioticsDAC::? - GetList_Active : MethodFinish
INFO  2022-02-15 11:46:30,633 WHONETService::? - Get_TCWHONET_Antibiotics_Acitve_List : MethodFinish
INFO  2022-02-15 11:46:48,788 WHONETService::? - Get_TCWHONET_Antibiotics_Acitve_List : MethodStart
INFO  2022-02-15 11:46:48,792 TCWHONET_AntibioticsDAC::? - GetList_Active : MethodStart
INFO  2022-02-15 11:46:48,979 TCWHONET_AntibioticsDAC::? - GetList_Active : MethodFinish
INFO  2022-02-15 11:46:48,983 WHONETService::? - Get_TCWHONET_Antibiotics_Acitve_List : MethodFinish
INFO  2022-02-15 11:47:02,784 WHONETService::? - Get_TCWHONET_Antibiotics_Acitve_List : MethodStart
INFO  2022-02-15 11:47:02,788 TCWHONET_AntibioticsDAC::? - GetList_Active : MethodStart
INFO  2022-02-15 11:47:02,930 TCWHONET_AntibioticsDAC::? - GetList_Active : MethodFinish
INFO  2022-02-15 11:47:02,932 WHONETService::? - Get_TCWHONET_Antibiotics_Acitve_List : MethodFinish
INFO  2022-02-15 11:47:11,602 WHONETService::? - Get_TCWHONET_Antibiotics_Acitve_List : MethodStart
INFO  2022-02-15 11:47:11,608 TCWHONET_AntibioticsDAC::? - GetList_Active : MethodStart
INFO  2022-02-15 11:47:11,741 TCWHONET_AntibioticsDAC::? - GetList_Active : MethodFinish
INFO  2022-02-15 11:47:11,744 WHONETService::? - Get_TCWHONET_Antibiotics_Acitve_List : MethodFinish
INFO  2022-02-15 11:47:17,695 TBConfigService::? - GetTBConfig : MethodStart
INFO  2022-02-15 11:47:17,953 TBConfigService::? - GetTBConfig : MethodFinish
