INFO  2022-03-14 10:12:16,741 TRNoticeMessageService::? - GetListWithModelByRole : MethodStart
INFO  2022-03-14 10:12:18,542 TRNoticeMessageService::? - GetListWithModelByRole : MethodFinish
INFO  2022-03-14 10:12:50,445 TBConfigService::? - GetTBConfig : MethodStart
INFO  2022-03-14 10:12:50,751 TBConfigService::? - GetTBConfig : MethodFinish
INFO  2022-03-14 10:15:35,053 TBConfigService::? - GetTBConfig : MethodStart
INFO  2022-03-14 10:15:35,208 TBConfigService::? - GetTBConfig : MethodFinish
INFO  2022-03-14 10:15:38,324 TBConfigService::? - GetTBConfig : MethodStart
INFO  2022-03-14 10:15:38,427 TBConfigService::? - GetTBConfig : MethodFinish
INFO  2022-03-14 10:16:05,723 LogProcessService::? - GetLogProcessListWithModel : MethodStart
INFO  2022-03-14 10:16:05,855 LogProcessService::? - GetLogProcessListWithModel : MethodFinish
INFO  2022-03-14 10:16:07,761 TBConfigService::? - GetTBConfig : MethodStart
INFO  2022-03-14 10:16:07,873 TBConfigService::? - GetTBConfig : MethodFinish
INFO  2022-03-14 10:16:11,858 TBConfigService::? - GetTBConfig : MethodStart
INFO  2022-03-14 10:16:11,977 TBConfigService::? - GetTBConfig : MethodFinish
INFO  2022-03-14 10:16:39,468 LogProcessService::? - GetLogProcessListWithModel : MethodStart
INFO  2022-03-14 10:16:39,596 LogProcessService::? - GetLogProcessListWithModel : MethodFinish
INFO  2022-03-14 10:16:46,217 TBConfigService::? - GetTBConfig : MethodStart
INFO  2022-03-14 10:16:46,329 TBConfigService::? - GetTBConfig : MethodFinish
INFO  2022-03-14 10:16:48,447 TBConfigService::? - GetTBConfig : MethodStart
INFO  2022-03-14 10:16:48,560 TBConfigService::? - GetTBConfig : MethodFinish
INFO  2022-03-14 10:17:22,263 LogProcessService::? - GetLogProcessListWithModel : MethodStart
INFO  2022-03-14 10:17:22,387 LogProcessService::? - GetLogProcessListWithModel : MethodFinish
INFO  2022-03-14 10:17:27,338 TBConfigService::? - GetTBConfig : MethodStart
INFO  2022-03-14 10:17:27,439 TBConfigService::? - GetTBConfig : MethodFinish
INFO  2022-03-14 10:17:57,802 TBConfigService::? - GetTBConfig : MethodStart
INFO  2022-03-14 10:17:57,908 TBConfigService::? - GetTBConfig : MethodFinish
INFO  2022-03-14 10:18:20,062 LogProcessService::? - GetLogProcessListWithModel : MethodStart
INFO  2022-03-14 10:18:20,182 LogProcessService::? - GetLogProcessListWithModel : MethodFinish
INFO  2022-03-14 10:18:21,866 TBConfigService::? - GetTBConfig : MethodStart
INFO  2022-03-14 10:18:21,975 TBConfigService::? - GetTBConfig : MethodFinish
INFO  2022-03-14 10:18:32,003 TBConfigService::? - GetTBConfig : MethodStart
INFO  2022-03-14 10:18:32,106 TBConfigService::? - GetTBConfig : MethodFinish
INFO  2022-03-14 10:18:55,996 LogProcessService::? - GetLogProcessListWithModel : MethodStart
INFO  2022-03-14 10:18:56,116 LogProcessService::? - GetLogProcessListWithModel : MethodFinish
INFO  2022-03-14 10:18:57,891 TBConfigService::? - GetTBConfig : MethodStart
INFO  2022-03-14 10:18:57,989 TBConfigService::? - GetTBConfig : MethodFinish
