INFO  2021-08-10 08:58:21,789 TRNoticeMessageService::? - GetListWithModelByRole : MethodStart
INFO  2021-08-10 08:58:24,084 TRNoticeMessageService::? - GetListWithModelByRole : MethodFinish
INFO  2021-08-10 08:58:32,487 TBConfigService::? - GetTBConfig : MethodStart
INFO  2021-08-10 08:58:32,566 TBConfigService::? - GetTBConfig : MethodFinish
INFO  2021-08-10 09:35:43,515 TRNoticeMessageService::? - GetListWithModelByRole : MethodStart
INFO  2021-08-10 09:35:44,333 TRNoticeMessageService::? - GetListWithModelByRole : MethodFinish
INFO  2021-08-10 09:50:52,849 TBConfigService::? - GetTBConfig : MethodStart
INFO  2021-08-10 09:50:52,900 TBConfigService::? - GetTBConfig : MethodFinish
INFO  2021-08-10 09:50:53,019 LogProcessService::? - GetLogProcessAuthListWithModel : MethodStart
INFO  2021-08-10 09:50:53,086 LogProcessService::? - GetLogProcessAuthListWithModel : MethodFinish
INFO  2021-08-10 09:50:55,047 TBConfigService::? - GetTBConfig : MethodStart
INFO  2021-08-10 09:50:55,052 TBConfigService::? - GetTBConfig : MethodFinish
INFO  2021-08-10 09:50:55,184 LogProcessService::? - GetLogProcessAuthListWithModel : MethodStart
INFO  2021-08-10 09:50:55,188 LogProcessService::? - GetLogProcessAuthListWithModel : MethodFinish
INFO  2021-08-10 09:50:57,432 TBConfigService::? - GetTBConfig : MethodStart
INFO  2021-08-10 09:50:57,441 TBConfigService::? - GetTBConfig : MethodFinish
INFO  2021-08-10 09:50:57,524 LogProcessService::? - GetLogProcessAuthListWithModel : MethodStart
INFO  2021-08-10 09:50:57,532 LogProcessService::? - GetLogProcessAuthListWithModel : MethodFinish
INFO  2021-08-10 09:50:58,333 TBConfigService::? - GetTBConfig : MethodStart
INFO  2021-08-10 09:50:58,346 TBConfigService::? - GetTBConfig : MethodFinish
INFO  2021-08-10 09:51:01,585 TBConfigService::? - GetTBConfig : MethodStart
INFO  2021-08-10 09:51:01,593 TBConfigService::? - GetTBConfig : MethodFinish
INFO  2021-08-10 09:51:17,378 TBConfigService::? - GetTBConfig : MethodStart
INFO  2021-08-10 09:51:17,384 TBConfigService::? - GetTBConfig : MethodFinish
INFO  2021-08-10 09:55:32,536 TBConfigService::? - GetTBConfig : MethodStart
INFO  2021-08-10 09:55:32,552 TBConfigService::? - GetTBConfig : MethodFinish
INFO  2021-08-10 09:55:51,102 TBConfigService::? - GetTBConfig : MethodStart
INFO  2021-08-10 09:55:51,112 TBConfigService::? - GetTBConfig : MethodFinish
INFO  2021-08-10 09:56:06,772 TRNoticeMessageService::? - GetListWithModelByRole : MethodStart
INFO  2021-08-10 09:56:06,802 TRNoticeMessageService::? - GetListWithModelByRole : MethodFinish
INFO  2021-08-10 09:58:29,428 TBConfigService::? - GetTBConfig : MethodStart
INFO  2021-08-10 09:58:29,442 TBConfigService::? - GetTBConfig : MethodFinish
INFO  2021-08-10 09:59:00,794 TBConfigService::? - GetTBConfig : MethodStart
INFO  2021-08-10 09:59:00,802 TBConfigService::? - GetTBConfig : MethodFinish
INFO  2021-08-10 09:59:13,478 TBConfigService::? - GetTBConfig : MethodStart
INFO  2021-08-10 09:59:13,491 TBConfigService::? - GetTBConfig : MethodFinish
INFO  2021-08-10 09:59:16,638 LogProcessService::? - GetLogProcessListWithModel : MethodStart
INFO  2021-08-10 09:59:16,683 LogProcessService::? - GetLogProcessListWithModel : MethodFinish
INFO  2021-08-10 09:59:56,333 TBConfigService::? - GetTBConfig : MethodStart
INFO  2021-08-10 09:59:56,341 TBConfigService::? - GetTBConfig : MethodFinish
INFO  2021-08-10 10:00:14,622 TBConfigService::? - GetTBConfig : MethodStart
INFO  2021-08-10 10:00:14,635 TBConfigService::? - GetTBConfig : MethodFinish
INFO  2021-08-10 10:00:15,133 LogProcessService::? - GetLogProcessListWithModel : MethodStart
INFO  2021-08-10 10:00:15,154 LogProcessService::? - GetLogProcessListWithModel : MethodFinish
INFO  2021-08-10 10:00:30,531 TBConfigService::? - GetTBConfig : MethodStart
INFO  2021-08-10 10:00:30,543 TBConfigService::? - GetTBConfig : MethodFinish
INFO  2021-08-10 10:01:00,604 TBConfigService::? - GetTBConfig : MethodStart
INFO  2021-08-10 10:01:00,620 TBConfigService::? - GetTBConfig : MethodFinish
INFO  2021-08-10 10:01:12,886 TBConfigService::? - GetTBConfig : MethodStart
INFO  2021-08-10 10:01:12,895 TBConfigService::? - GetTBConfig : MethodFinish
INFO  2021-08-10 10:01:14,171 WHONETService::? - Get_TCWHONET_Antibiotics_Acitve_List : MethodStart
INFO  2021-08-10 10:01:14,175 TCWHONET_AntibioticsDAC::? - GetList_Active : MethodStart
INFO  2021-08-10 10:01:14,238 TCWHONET_AntibioticsDAC::? - GetList_Active : MethodFinish
INFO  2021-08-10 10:01:14,246 WHONETService::? - Get_TCWHONET_Antibiotics_Acitve_List : MethodFinish
INFO  2021-08-10 10:04:06,860 TBConfigService::? - GetTBConfig : MethodStart
INFO  2021-08-10 10:04:06,872 TBConfigService::? - GetTBConfig : MethodFinish
INFO  2021-08-10 10:11:57,014 TBConfigService::? - GetTBConfig : MethodStart
INFO  2021-08-10 10:11:57,027 TBConfigService::? - GetTBConfig : MethodFinish
INFO  2021-08-10 10:12:57,422 TBConfigService::? - GetTBConfig : MethodStart
INFO  2021-08-10 10:12:57,430 TBConfigService::? - GetTBConfig : MethodFinish
INFO  2021-08-10 10:12:58,166 WHONETService::? - Get_TCWHONET_Antibiotics_Acitve_List : MethodStart
INFO  2021-08-10 10:12:58,167 TCWHONET_AntibioticsDAC::? - GetList_Active : MethodStart
INFO  2021-08-10 10:12:58,190 TCWHONET_AntibioticsDAC::? - GetList_Active : MethodFinish
INFO  2021-08-10 10:12:58,192 WHONETService::? - Get_TCWHONET_Antibiotics_Acitve_List : MethodFinish
INFO  2021-08-10 10:13:05,612 TBConfigService::? - GetTBConfig : MethodStart
INFO  2021-08-10 10:13:05,615 TBConfigService::? - GetTBConfig : MethodFinish
INFO  2021-08-10 10:15:07,524 TBConfigService::? - GetTBConfig : MethodStart
INFO  2021-08-10 10:15:07,531 TBConfigService::? - GetTBConfig : MethodFinish
INFO  2021-08-10 10:15:55,458 TBConfigService::? - GetTBConfig : MethodStart
INFO  2021-08-10 10:15:55,463 TBConfigService::? - GetTBConfig : MethodFinish
INFO  2021-08-10 10:16:53,582 TBConfigService::? - GetTBConfig : MethodStart
INFO  2021-08-10 10:16:53,591 TBConfigService::? - GetTBConfig : MethodFinish
INFO  2021-08-10 10:19:52,345 TBConfigService::? - GetTBConfig : MethodStart
INFO  2021-08-10 10:19:52,370 TBConfigService::? - GetTBConfig : MethodFinish
INFO  2021-08-10 10:19:56,865 TBConfigService::? - GetTBConfig : MethodStart
INFO  2021-08-10 10:19:56,873 TBConfigService::? - GetTBConfig : MethodFinish
INFO  2021-08-10 10:20:56,547 TBConfigService::? - GetTBConfig : MethodStart
INFO  2021-08-10 10:20:56,562 TBConfigService::? - GetTBConfig : MethodFinish
INFO  2021-08-10 10:21:40,213 TBConfigService::? - GetTBConfig : MethodStart
INFO  2021-08-10 10:21:40,225 TBConfigService::? - GetTBConfig : MethodFinish
INFO  2021-08-10 10:21:50,739 TBConfigService::? - GetTBConfig : MethodStart
INFO  2021-08-10 10:21:50,742 TBConfigService::? - GetTBConfig : MethodFinish
INFO  2021-08-10 10:22:49,083 TBConfigService::? - GetTBConfig : MethodStart
INFO  2021-08-10 10:22:49,095 TBConfigService::? - GetTBConfig : MethodFinish
INFO  2021-08-10 10:23:48,601 TBConfigService::? - GetTBConfig : MethodStart
INFO  2021-08-10 10:23:48,609 TBConfigService::? - GetTBConfig : MethodFinish
INFO  2021-08-10 10:27:51,661 TBConfigService::? - GetTBConfig : MethodStart
INFO  2021-08-10 10:27:51,674 TBConfigService::? - GetTBConfig : MethodFinish
INFO  2021-08-10 10:29:00,651 TBConfigService::? - GetTBConfig : MethodStart
INFO  2021-08-10 10:29:00,655 TBConfigService::? - GetTBConfig : MethodFinish
INFO  2021-08-10 10:29:51,011 TBConfigService::? - GetTBConfig : MethodStart
INFO  2021-08-10 10:29:51,021 TBConfigService::? - GetTBConfig : MethodFinish
INFO  2021-08-10 10:29:59,114 TBConfigService::? - GetTBConfig : MethodStart
INFO  2021-08-10 10:29:59,120 TBConfigService::? - GetTBConfig : MethodFinish
INFO  2021-08-10 10:30:06,010 TBConfigService::? - GetTBConfig : MethodStart
INFO  2021-08-10 10:30:06,016 TBConfigService::? - GetTBConfig : MethodFinish
INFO  2021-08-10 10:30:34,428 TBConfigService::? - GetTBConfig : MethodStart
INFO  2021-08-10 10:30:34,434 TBConfigService::? - GetTBConfig : MethodFinish
INFO  2021-08-10 10:32:01,025 TBConfigService::? - GetTBConfig : MethodStart
INFO  2021-08-10 10:32:01,039 TBConfigService::? - GetTBConfig : MethodFinish
INFO  2021-08-10 10:34:03,287 TRNoticeMessageService::? - GetListWithModelByRole : MethodStart
INFO  2021-08-10 10:34:03,319 TRNoticeMessageService::? - GetListWithModelByRole : MethodFinish
INFO  2021-08-10 10:49:34,653 TBConfigService::? - GetTBConfig : MethodStart
INFO  2021-08-10 10:49:34,666 TBConfigService::? - GetTBConfig : MethodFinish
INFO  2021-08-10 11:29:07,725 TBConfigService::? - GetTBConfig : MethodStart
INFO  2021-08-10 11:29:07,750 TBConfigService::? - GetTBConfig : MethodFinish
INFO  2021-08-10 14:00:20,000 TBConfigService::? - GetTBConfig : MethodStart
INFO  2021-08-10 14:00:20,038 TBConfigService::? - GetTBConfig : MethodFinish
INFO  2021-08-10 14:04:27,324 TBConfigService::? - GetTBConfig : MethodStart
INFO  2021-08-10 14:04:27,341 TBConfigService::? - GetTBConfig : MethodFinish
INFO  2021-08-10 14:04:27,804 WHONETService::? - Get_TCWHONET_Antibiotics_Acitve_List : MethodStart
INFO  2021-08-10 14:04:27,804 TCWHONET_AntibioticsDAC::? - GetList_Active : MethodStart
INFO  2021-08-10 14:04:27,822 TCWHONET_AntibioticsDAC::? - GetList_Active : MethodFinish
INFO  2021-08-10 14:04:27,823 WHONETService::? - Get_TCWHONET_Antibiotics_Acitve_List : MethodFinish
INFO  2021-08-10 14:04:37,110 TBConfigService::? - GetTBConfig : MethodStart
INFO  2021-08-10 14:04:37,112 TBConfigService::? - GetTBConfig : MethodFinish
INFO  2021-08-10 14:04:47,680 TBConfigService::? - GetTBConfig : MethodStart
INFO  2021-08-10 14:04:47,683 TBConfigService::? - GetTBConfig : MethodFinish
INFO  2021-08-10 14:04:47,990 WHONETService::? - Get_TCWHONET_Antibiotics_Acitve_List : MethodStart
INFO  2021-08-10 14:04:47,991 TCWHONET_AntibioticsDAC::? - GetList_Active : MethodStart
INFO  2021-08-10 14:04:47,997 TCWHONET_AntibioticsDAC::? - GetList_Active : MethodFinish
INFO  2021-08-10 14:04:47,998 WHONETService::? - Get_TCWHONET_Antibiotics_Acitve_List : MethodFinish
INFO  2021-08-10 14:46:43,179 TRNoticeMessageService::? - GetListWithModelByRole : MethodStart
INFO  2021-08-10 14:46:43,979 TRNoticeMessageService::? - GetListWithModelByRole : MethodFinish
INFO  2021-08-10 15:02:31,463 TBConfigService::? - GetTBConfig : MethodStart
INFO  2021-08-10 15:02:31,527 TBConfigService::? - GetTBConfig : MethodFinish
INFO  2021-08-10 15:02:31,632 LogProcessService::? - GetLogProcessAuthListWithModel : MethodStart
INFO  2021-08-10 15:02:31,678 LogProcessService::? - GetLogProcessAuthListWithModel : MethodFinish
INFO  2021-08-10 15:02:32,512 TBConfigService::? - GetTBConfig : MethodStart
INFO  2021-08-10 15:02:32,517 TBConfigService::? - GetTBConfig : MethodFinish
INFO  2021-08-10 15:02:32,626 LogProcessService::? - GetLogProcessAuthListWithModel : MethodStart
INFO  2021-08-10 15:02:32,628 LogProcessService::? - GetLogProcessAuthListWithModel : MethodFinish
INFO  2021-08-10 15:02:33,379 TBConfigService::? - GetTBConfig : MethodStart
INFO  2021-08-10 15:02:33,387 TBConfigService::? - GetTBConfig : MethodFinish
INFO  2021-08-10 15:02:33,451 LogProcessService::? - GetLogProcessAuthListWithModel : MethodStart
INFO  2021-08-10 15:02:33,456 LogProcessService::? - GetLogProcessAuthListWithModel : MethodFinish
INFO  2021-08-10 15:02:36,268 TBConfigService::? - GetTBConfig : MethodStart
INFO  2021-08-10 15:02:36,276 TBConfigService::? - GetTBConfig : MethodFinish
INFO  2021-08-10 15:09:06,717 TBConfigService::? - GetTBConfig : MethodStart
INFO  2021-08-10 15:09:06,727 TBConfigService::? - GetTBConfig : MethodFinish
INFO  2021-08-10 16:35:47,718 TRNoticeMessageService::? - GetListWithModelByRole : MethodStart
INFO  2021-08-10 16:35:48,788 TRNoticeMessageService::? - GetListWithModelByRole : MethodFinish
INFO  2021-08-10 16:35:53,315 TBConfigService::? - GetTBConfig : MethodStart
INFO  2021-08-10 16:35:53,585 TBConfigService::? - GetTBConfig : MethodFinish
INFO  2021-08-10 16:38:10,661 TRNoticeMessageService::? - GetListWithModelByRole : MethodStart
INFO  2021-08-10 16:38:11,715 TRNoticeMessageService::? - GetListWithModelByRole : MethodFinish
INFO  2021-08-10 16:38:17,377 TBConfigService::? - GetTBConfig : MethodStart
INFO  2021-08-10 16:38:17,643 TBConfigService::? - GetTBConfig : MethodFinish
INFO  2021-08-10 16:38:34,863 TBConfigService::? - GetTBConfig : MethodStart
INFO  2021-08-10 16:38:34,996 TBConfigService::? - GetTBConfig : MethodFinish
INFO  2021-08-10 16:38:41,743 TBConfigService::? - GetTBConfig : MethodStart
INFO  2021-08-10 16:38:41,845 TBConfigService::? - GetTBConfig : MethodFinish
INFO  2021-08-10 16:41:14,974 TBConfigService::? - GetTBConfig : MethodStart
INFO  2021-08-10 16:41:15,092 TBConfigService::? - GetTBConfig : MethodFinish
INFO  2021-08-10 16:45:53,777 TRNoticeMessageService::? - GetListWithModelByRole : MethodStart
INFO  2021-08-10 16:45:54,996 TRNoticeMessageService::? - GetListWithModelByRole : MethodFinish
INFO  2021-08-10 16:45:58,033 TBConfigService::? - GetTBConfig : MethodStart
INFO  2021-08-10 16:45:58,299 TBConfigService::? - GetTBConfig : MethodFinish
INFO  2021-08-10 16:46:44,299 TBConfigService::? - GetTBConfig : MethodStart
INFO  2021-08-10 16:46:44,449 TBConfigService::? - GetTBConfig : MethodFinish
INFO  2021-08-10 16:48:05,237 TBConfigService::? - GetTBConfig : MethodStart
INFO  2021-08-10 16:48:05,343 TBConfigService::? - GetTBConfig : MethodFinish
INFO  2021-08-10 16:57:39,842 TBConfigService::? - GetTBConfig : MethodStart
INFO  2021-08-10 16:57:40,186 TBConfigService::? - GetTBConfig : MethodFinish
INFO  2021-08-10 16:58:29,427 TBConfigService::? - GetTBConfig : MethodStart
INFO  2021-08-10 16:58:29,554 TBConfigService::? - GetTBConfig : MethodFinish
INFO  2021-08-10 16:58:45,241 TBConfigService::? - GetTBConfig : MethodStart
INFO  2021-08-10 16:58:45,338 TBConfigService::? - GetTBConfig : MethodFinish
INFO  2021-08-10 16:58:47,456 WHONETService::? - Get_TCWHONET_Antibiotics_Acitve_List : MethodStart
INFO  2021-08-10 16:58:47,458 TCWHONET_AntibioticsDAC::? - GetList_Active : MethodStart
INFO  2021-08-10 16:58:47,902 TCWHONET_AntibioticsDAC::? - GetList_Active : MethodFinish
INFO  2021-08-10 16:58:47,905 WHONETService::? - Get_TCWHONET_Antibiotics_Acitve_List : MethodFinish
INFO  2021-08-10 17:03:05,782 WHONETService::? - Get_TCWHONET_Antibiotics_Acitve_List : MethodStart
INFO  2021-08-10 17:03:05,785 TCWHONET_AntibioticsDAC::? - GetList_Active : MethodStart
INFO  2021-08-10 17:03:05,909 TCWHONET_AntibioticsDAC::? - GetList_Active : MethodFinish
INFO  2021-08-10 17:03:05,912 WHONETService::? - Get_TCWHONET_Antibiotics_Acitve_List : MethodFinish
INFO  2021-08-10 17:03:13,247 WHONETService::? - Get_TCWHONET_Antibiotics_Acitve_List : MethodStart
INFO  2021-08-10 17:03:13,248 TCWHONET_AntibioticsDAC::? - GetList_Active : MethodStart
INFO  2021-08-10 17:03:13,360 TCWHONET_AntibioticsDAC::? - GetList_Active : MethodFinish
INFO  2021-08-10 17:03:13,361 WHONETService::? - Get_TCWHONET_Antibiotics_Acitve_List : MethodFinish
INFO  2021-08-10 17:03:24,095 WHONETService::? - Get_TCWHONET_Antibiotics_Acitve_List : MethodStart
INFO  2021-08-10 17:03:24,096 TCWHONET_AntibioticsDAC::? - GetList_Active : MethodStart
INFO  2021-08-10 17:03:24,212 TCWHONET_AntibioticsDAC::? - GetList_Active : MethodFinish
INFO  2021-08-10 17:03:24,213 WHONETService::? - Get_TCWHONET_Antibiotics_Acitve_List : MethodFinish
INFO  2021-08-10 17:03:32,053 WHONETService::? - Get_TCWHONET_Antibiotics_Acitve_List : MethodStart
INFO  2021-08-10 17:03:32,055 TCWHONET_AntibioticsDAC::? - GetList_Active : MethodStart
INFO  2021-08-10 17:03:32,171 TCWHONET_AntibioticsDAC::? - GetList_Active : MethodFinish
INFO  2021-08-10 17:03:32,174 WHONETService::? - Get_TCWHONET_Antibiotics_Acitve_List : MethodFinish
INFO  2021-08-10 17:03:42,771 WHONETService::? - Get_TCWHONET_Antibiotics_Acitve_List : MethodStart
INFO  2021-08-10 17:03:42,772 TCWHONET_AntibioticsDAC::? - GetList_Active : MethodStart
INFO  2021-08-10 17:03:42,882 TCWHONET_AntibioticsDAC::? - GetList_Active : MethodFinish
INFO  2021-08-10 17:03:42,884 WHONETService::? - Get_TCWHONET_Antibiotics_Acitve_List : MethodFinish
INFO  2021-08-10 17:06:18,727 TBConfigService::? - GetTBConfig : MethodStart
INFO  2021-08-10 17:06:19,078 TBConfigService::? - GetTBConfig : MethodFinish
INFO  2021-08-10 17:06:52,925 TBConfigService::? - GetTBConfig : MethodStart
INFO  2021-08-10 17:06:53,041 TBConfigService::? - GetTBConfig : MethodFinish
INFO  2021-08-10 17:26:48,525 TBConfigService::? - GetTBConfig : MethodStart
INFO  2021-08-10 17:26:48,814 TBConfigService::? - GetTBConfig : MethodFinish
INFO  2021-08-10 17:29:18,847 TBConfigService::? - GetTBConfig : MethodStart
INFO  2021-08-10 17:29:18,967 TBConfigService::? - GetTBConfig : MethodFinish
INFO  2021-08-10 17:29:21,036 WHONETService::? - Get_TCWHONET_Antibiotics_Acitve_List : MethodStart
INFO  2021-08-10 17:29:21,042 TCWHONET_AntibioticsDAC::? - GetList_Active : MethodStart
INFO  2021-08-10 17:29:21,440 TCWHONET_AntibioticsDAC::? - GetList_Active : MethodFinish
INFO  2021-08-10 17:29:21,442 WHONETService::? - Get_TCWHONET_Antibiotics_Acitve_List : MethodFinish
INFO  2021-08-10 17:30:09,425 WHONETService::? - Get_TCWHONET_Antibiotics_Acitve_List : MethodStart
INFO  2021-08-10 17:30:09,440 TCWHONET_AntibioticsDAC::? - GetList_Active : MethodStart
INFO  2021-08-10 17:30:09,639 TCWHONET_AntibioticsDAC::? - GetList_Active : MethodFinish
INFO  2021-08-10 17:30:09,641 WHONETService::? - Get_TCWHONET_Antibiotics_Acitve_List : MethodFinish
INFO  2021-08-10 17:31:02,255 TBConfigService::? - GetTBConfig : MethodStart
INFO  2021-08-10 17:31:02,403 TBConfigService::? - GetTBConfig : MethodFinish
INFO  2021-08-10 17:31:57,352 TBConfigService::? - GetTBConfig : MethodStart
INFO  2021-08-10 17:31:57,462 TBConfigService::? - GetTBConfig : MethodFinish
INFO  2021-08-10 17:32:27,230 TBConfigService::? - GetTBConfig : MethodStart
INFO  2021-08-10 17:32:27,344 TBConfigService::? - GetTBConfig : MethodFinish
INFO  2021-08-10 17:33:16,041 TBConfigService::? - GetTBConfig : MethodStart
INFO  2021-08-10 17:33:16,156 TBConfigService::? - GetTBConfig : MethodFinish
INFO  2021-08-10 21:06:32,306 TRNoticeMessageService::? - GetListWithModelByRole : MethodStart
INFO  2021-08-10 21:06:33,909 TRNoticeMessageService::? - GetListWithModelByRole : MethodFinish
INFO  2021-08-10 21:07:37,094 TRNoticeMessageService::? - GetListWithModelByRole : MethodStart
INFO  2021-08-10 21:07:38,202 TRNoticeMessageService::? - GetListWithModelByRole : MethodFinish
INFO  2021-08-10 21:08:09,664 TBConfigService::? - GetTBConfig : MethodStart
INFO  2021-08-10 21:08:10,073 TBConfigService::? - GetTBConfig : MethodFinish
INFO  2021-08-10 21:08:28,327 TBConfigService::? - GetTBConfig : MethodStart
INFO  2021-08-10 21:08:28,468 TBConfigService::? - GetTBConfig : MethodFinish
INFO  2021-08-10 21:08:30,256 WHONETService::? - Get_TCWHONET_Antibiotics_Acitve_List : MethodStart
INFO  2021-08-10 21:08:30,257 TCWHONET_AntibioticsDAC::? - GetList_Active : MethodStart
INFO  2021-08-10 21:08:30,411 TCWHONET_AntibioticsDAC::? - GetList_Active : MethodFinish
INFO  2021-08-10 21:08:30,419 WHONETService::? - Get_TCWHONET_Antibiotics_Acitve_List : MethodFinish
INFO  2021-08-10 21:10:09,441 TBConfigService::? - GetTBConfig : MethodStart
INFO  2021-08-10 21:10:09,556 TBConfigService::? - GetTBConfig : MethodFinish
INFO  2021-08-10 21:10:21,721 TBConfigService::? - GetTBConfig : MethodStart
INFO  2021-08-10 21:10:21,826 TBConfigService::? - GetTBConfig : MethodFinish
INFO  2021-08-10 21:10:23,026 WHONETService::? - Get_TCWHONET_Antibiotics_Acitve_List : MethodStart
INFO  2021-08-10 21:10:23,027 TCWHONET_AntibioticsDAC::? - GetList_Active : MethodStart
INFO  2021-08-10 21:10:23,149 TCWHONET_AntibioticsDAC::? - GetList_Active : MethodFinish
INFO  2021-08-10 21:10:23,150 WHONETService::? - Get_TCWHONET_Antibiotics_Acitve_List : MethodFinish
INFO  2021-08-10 21:10:28,192 TBConfigService::? - GetTBConfig : MethodStart
INFO  2021-08-10 21:10:28,297 TBConfigService::? - GetTBConfig : MethodFinish
INFO  2021-08-10 21:10:54,356 TBConfigService::? - GetTBConfig : MethodStart
INFO  2021-08-10 21:10:54,459 TBConfigService::? - GetTBConfig : MethodFinish
INFO  2021-08-10 21:11:42,477 WHONETService::? - Get_TCWHONET_Antibiotics_Acitve_List : MethodStart
INFO  2021-08-10 21:11:42,478 TCWHONET_AntibioticsDAC::? - GetList_Active : MethodStart
INFO  2021-08-10 21:11:42,598 TCWHONET_AntibioticsDAC::? - GetList_Active : MethodFinish
INFO  2021-08-10 21:11:42,602 WHONETService::? - Get_TCWHONET_Antibiotics_Acitve_List : MethodFinish
INFO  2021-08-10 21:12:46,219 WHONETService::? - Get_TCWHONET_Antibiotics_Acitve_List : MethodStart
INFO  2021-08-10 21:12:46,221 TCWHONET_AntibioticsDAC::? - GetList_Active : MethodStart
INFO  2021-08-10 21:12:46,364 TCWHONET_AntibioticsDAC::? - GetList_Active : MethodFinish
INFO  2021-08-10 21:12:46,366 WHONETService::? - Get_TCWHONET_Antibiotics_Acitve_List : MethodFinish
INFO  2021-08-10 21:13:51,180 TBConfigService::? - GetTBConfig : MethodStart
INFO  2021-08-10 21:13:51,297 TBConfigService::? - GetTBConfig : MethodFinish
INFO  2021-08-10 21:17:42,321 TBConfigService::? - GetTBConfig : MethodStart
INFO  2021-08-10 21:17:42,460 TBConfigService::? - GetTBConfig : MethodFinish
INFO  2021-08-10 21:17:43,773 WHONETService::? - Get_TCWHONET_Antibiotics_Acitve_List : MethodStart
INFO  2021-08-10 21:17:43,774 TCWHONET_AntibioticsDAC::? - GetList_Active : MethodStart
INFO  2021-08-10 21:17:44,177 TCWHONET_AntibioticsDAC::? - GetList_Active : MethodFinish
INFO  2021-08-10 21:17:44,178 WHONETService::? - Get_TCWHONET_Antibiotics_Acitve_List : MethodFinish
INFO  2021-08-10 21:17:57,675 TBConfigService::? - GetTBConfig : MethodStart
INFO  2021-08-10 21:17:57,792 TBConfigService::? - GetTBConfig : MethodFinish
INFO  2021-08-10 21:18:01,752 TBConfigService::? - GetTBConfig : MethodStart
INFO  2021-08-10 21:18:01,855 TBConfigService::? - GetTBConfig : MethodFinish
INFO  2021-08-10 21:18:02,945 WHONETService::? - Get_TCWHONET_Antibiotics_Acitve_List : MethodStart
INFO  2021-08-10 21:18:02,946 TCWHONET_AntibioticsDAC::? - GetList_Active : MethodStart
INFO  2021-08-10 21:18:03,053 TCWHONET_AntibioticsDAC::? - GetList_Active : MethodFinish
INFO  2021-08-10 21:18:03,055 WHONETService::? - Get_TCWHONET_Antibiotics_Acitve_List : MethodFinish
INFO  2021-08-10 21:24:35,679 TBConfigService::? - GetTBConfig : MethodStart
INFO  2021-08-10 21:24:36,038 TBConfigService::? - GetTBConfig : MethodFinish
INFO  2021-08-10 21:24:42,591 TBConfigService::? - GetTBConfig : MethodStart
INFO  2021-08-10 21:24:42,688 TBConfigService::? - GetTBConfig : MethodFinish
INFO  2021-08-10 21:29:45,258 TBConfigService::? - GetTBConfig : MethodStart
INFO  2021-08-10 21:29:45,357 TBConfigService::? - GetTBConfig : MethodFinish
INFO  2021-08-10 21:29:49,881 TBConfigService::? - GetTBConfig : MethodStart
INFO  2021-08-10 21:29:49,979 TBConfigService::? - GetTBConfig : MethodFinish
INFO  2021-08-10 21:29:51,299 WHONETService::? - Get_TCWHONET_Antibiotics_Acitve_List : MethodStart
INFO  2021-08-10 21:29:51,300 TCWHONET_AntibioticsDAC::? - GetList_Active : MethodStart
INFO  2021-08-10 21:29:51,700 TCWHONET_AntibioticsDAC::? - GetList_Active : MethodFinish
INFO  2021-08-10 21:29:51,701 WHONETService::? - Get_TCWHONET_Antibiotics_Acitve_List : MethodFinish
INFO  2021-08-10 22:09:18,348 TBConfigService::? - GetTBConfig : MethodStart
INFO  2021-08-10 22:09:18,703 TBConfigService::? - GetTBConfig : MethodFinish
INFO  2021-08-10 22:09:23,784 TBConfigService::? - GetTBConfig : MethodStart
INFO  2021-08-10 22:09:23,887 TBConfigService::? - GetTBConfig : MethodFinish
INFO  2021-08-10 22:09:24,941 WHONETService::? - Get_TCWHONET_Antibiotics_Acitve_List : MethodStart
INFO  2021-08-10 22:09:24,942 TCWHONET_AntibioticsDAC::? - GetList_Active : MethodStart
INFO  2021-08-10 22:09:25,235 TCWHONET_AntibioticsDAC::? - GetList_Active : MethodFinish
INFO  2021-08-10 22:09:25,238 WHONETService::? - Get_TCWHONET_Antibiotics_Acitve_List : MethodFinish
INFO  2021-08-10 22:10:07,886 WHONETService::? - Get_TCWHONET_Antibiotics_Acitve_List : MethodStart
INFO  2021-08-10 22:10:07,887 TCWHONET_AntibioticsDAC::? - GetList_Active : MethodStart
INFO  2021-08-10 22:10:08,020 TCWHONET_AntibioticsDAC::? - GetList_Active : MethodFinish
INFO  2021-08-10 22:10:08,021 WHONETService::? - Get_TCWHONET_Antibiotics_Acitve_List : MethodFinish
INFO  2021-08-10 22:10:30,611 WHONETService::? - Get_TCWHONET_Antibiotics_Acitve_List : MethodStart
INFO  2021-08-10 22:10:30,611 TCWHONET_AntibioticsDAC::? - GetList_Active : MethodStart
INFO  2021-08-10 22:10:30,730 TCWHONET_AntibioticsDAC::? - GetList_Active : MethodFinish
INFO  2021-08-10 22:10:30,734 WHONETService::? - Get_TCWHONET_Antibiotics_Acitve_List : MethodFinish
INFO  2021-08-10 22:10:46,144 WHONETService::? - Get_TCWHONET_Antibiotics_Acitve_List : MethodStart
INFO  2021-08-10 22:10:46,145 TCWHONET_AntibioticsDAC::? - GetList_Active : MethodStart
INFO  2021-08-10 22:10:46,256 TCWHONET_AntibioticsDAC::? - GetList_Active : MethodFinish
INFO  2021-08-10 22:10:46,257 WHONETService::? - Get_TCWHONET_Antibiotics_Acitve_List : MethodFinish
INFO  2021-08-10 22:11:06,208 WHONETService::? - Get_TCWHONET_Antibiotics_Acitve_List : MethodStart
INFO  2021-08-10 22:11:06,209 TCWHONET_AntibioticsDAC::? - GetList_Active : MethodStart
INFO  2021-08-10 22:11:06,327 TCWHONET_AntibioticsDAC::? - GetList_Active : MethodFinish
INFO  2021-08-10 22:11:06,329 WHONETService::? - Get_TCWHONET_Antibiotics_Acitve_List : MethodFinish
INFO  2021-08-10 22:11:23,354 WHONETService::? - Get_TCWHONET_Antibiotics_Acitve_List : MethodStart
INFO  2021-08-10 22:11:23,355 TCWHONET_AntibioticsDAC::? - GetList_Active : MethodStart
INFO  2021-08-10 22:11:23,479 TCWHONET_AntibioticsDAC::? - GetList_Active : MethodFinish
INFO  2021-08-10 22:11:23,481 WHONETService::? - Get_TCWHONET_Antibiotics_Acitve_List : MethodFinish
INFO  2021-08-10 22:11:36,524 WHONETService::? - Get_TCWHONET_Antibiotics_Acitve_List : MethodStart
INFO  2021-08-10 22:11:36,525 TCWHONET_AntibioticsDAC::? - GetList_Active : MethodStart
INFO  2021-08-10 22:11:36,632 TCWHONET_AntibioticsDAC::? - GetList_Active : MethodFinish
INFO  2021-08-10 22:11:36,634 WHONETService::? - Get_TCWHONET_Antibiotics_Acitve_List : MethodFinish
INFO  2021-08-10 22:12:11,527 WHONETService::? - Get_TCWHONET_Antibiotics_Acitve_List : MethodStart
INFO  2021-08-10 22:12:11,531 TCWHONET_AntibioticsDAC::? - GetList_Active : MethodStart
INFO  2021-08-10 22:12:11,656 TCWHONET_AntibioticsDAC::? - GetList_Active : MethodFinish
INFO  2021-08-10 22:12:11,658 WHONETService::? - Get_TCWHONET_Antibiotics_Acitve_List : MethodFinish
INFO  2021-08-10 23:28:40,123 TRNoticeMessageService::? - GetListWithModelByRole : MethodStart
INFO  2021-08-10 23:28:42,040 TRNoticeMessageService::? - GetListWithModelByRole : MethodFinish
INFO  2021-08-10 23:29:17,283 TBConfigService::? - GetTBConfig : MethodStart
INFO  2021-08-10 23:29:17,618 TBConfigService::? - GetTBConfig : MethodFinish
INFO  2021-08-10 23:30:47,051 TBConfigService::? - GetTBConfig : MethodStart
INFO  2021-08-10 23:30:47,232 TBConfigService::? - GetTBConfig : MethodFinish
INFO  2021-08-10 23:30:49,641 WHONETService::? - Get_TCWHONET_Antibiotics_Acitve_List : MethodStart
INFO  2021-08-10 23:30:49,644 TCWHONET_AntibioticsDAC::? - GetList_Active : MethodStart
INFO  2021-08-10 23:30:49,856 TCWHONET_AntibioticsDAC::? - GetList_Active : MethodFinish
INFO  2021-08-10 23:30:49,862 WHONETService::? - Get_TCWHONET_Antibiotics_Acitve_List : MethodFinish
INFO  2021-08-10 23:33:51,858 TBConfigService::? - GetTBConfig : MethodStart
INFO  2021-08-10 23:33:51,992 TBConfigService::? - GetTBConfig : MethodFinish
INFO  2021-08-10 23:44:57,772 TBConfigService::? - GetTBConfig : MethodStart
INFO  2021-08-10 23:44:58,559 TBConfigService::? - GetTBConfig : MethodFinish
INFO  2021-08-10 23:57:15,823 TBConfigService::? - GetTBConfig : MethodStart
INFO  2021-08-10 23:57:16,264 TBConfigService::? - GetTBConfig : MethodFinish
INFO  2021-08-10 23:57:19,723 TBConfigService::? - GetTBConfig : MethodStart
INFO  2021-08-10 23:57:19,849 TBConfigService::? - GetTBConfig : MethodFinish
INFO  2021-08-10 23:57:24,386 TBConfigService::? - GetTBConfig : MethodStart
INFO  2021-08-10 23:57:24,498 TBConfigService::? - GetTBConfig : MethodFinish
INFO  2021-08-10 23:57:26,896 WHONETService::? - Get_TCWHONET_Antibiotics_Acitve_List : MethodStart
INFO  2021-08-10 23:57:26,898 TCWHONET_AntibioticsDAC::? - GetList_Active : MethodStart
INFO  2021-08-10 23:57:27,211 TCWHONET_AntibioticsDAC::? - GetList_Active : MethodFinish
INFO  2021-08-10 23:57:27,213 WHONETService::? - Get_TCWHONET_Antibiotics_Acitve_List : MethodFinish
INFO  2021-08-10 23:59:28,341 TBConfigService::? - GetTBConfig : MethodStart
INFO  2021-08-10 23:59:28,471 TBConfigService::? - GetTBConfig : MethodFinish
INFO  2021-08-10 23:59:42,349 TBConfigService::? - GetTBConfig : MethodStart
INFO  2021-08-10 23:59:42,465 TBConfigService::? - GetTBConfig : MethodFinish
INFO  2021-08-10 23:59:43,977 WHONETService::? - Get_TCWHONET_Antibiotics_Acitve_List : MethodStart
INFO  2021-08-10 23:59:43,979 TCWHONET_AntibioticsDAC::? - GetList_Active : MethodStart
INFO  2021-08-10 23:59:44,091 TCWHONET_AntibioticsDAC::? - GetList_Active : MethodFinish
INFO  2021-08-10 23:59:44,096 WHONETService::? - Get_TCWHONET_Antibiotics_Acitve_List : MethodFinish
