INFO  2022-11-28 17:50:34,679 TRNoticeMessageService::? - GetListWithModelByRole : MethodStart
INFO  2022-11-28 17:50:36,607 TRNoticeMessageService::? - GetListWithModelByRole : MethodFinish
INFO  2022-11-28 17:51:00,417 TBConfigService::? - GetTBConfig : MethodStart
INFO  2022-11-28 17:51:00,698 TBConfigService::? - GetTBConfig : MethodFinish
INFO  2022-11-28 17:53:48,578 TBConfigService::? - GetTBConfig : MethodStart
INFO  2022-11-28 17:53:48,727 TBConfigService::? - GetTBConfig : MethodFinish
INFO  2022-11-28 17:54:25,563 TBConfigService::? - GetTBConfig : MethodStart
INFO  2022-11-28 17:54:25,671 TBConfigService::? - GetTBConfig : MethodFinish
INFO  2022-11-28 17:55:30,179 TBConfigService::? - GetTBConfig : MethodStart
INFO  2022-11-28 17:55:30,294 TBConfigService::? - GetTBConfig : MethodFinish
INFO  2022-11-28 17:55:32,363 TBConfigService::? - GetTBConfig : MethodStart
INFO  2022-11-28 17:55:32,468 TBConfigService::? - GetTBConfig : MethodFinish
INFO  2022-11-28 17:56:11,527 LogProcessService::? - GetLogProcessListWithModel : MethodStart
INFO  2022-11-28 17:56:11,666 LogProcessService::? - GetLogProcessListWithModel : MethodFinish
INFO  2022-11-28 17:56:14,873 TBConfigService::? - GetTBConfig : MethodStart
INFO  2022-11-28 17:56:14,979 TBConfigService::? - GetTBConfig : MethodFinish
INFO  2022-11-28 17:59:07,127 TBConfigService::? - GetTBConfig : MethodStart
INFO  2022-11-28 17:59:07,235 TBConfigService::? - GetTBConfig : MethodFinish
INFO  2022-11-28 18:02:57,274 TBConfigService::? - GetTBConfig : MethodStart
INFO  2022-11-28 18:02:57,388 TBConfigService::? - GetTBConfig : MethodFinish
INFO  2022-11-28 18:04:22,976 TBConfigService::? - GetTBConfig : MethodStart
INFO  2022-11-28 18:04:23,086 TBConfigService::? - GetTBConfig : MethodFinish
INFO  2022-11-28 18:06:42,369 TBConfigService::? - GetTBConfig : MethodStart
INFO  2022-11-28 18:06:42,474 TBConfigService::? - GetTBConfig : MethodFinish
INFO  2022-11-28 18:58:39,140 TRNoticeMessageService::? - GetListWithModelByRole : MethodStart
INFO  2022-11-28 18:58:40,968 TRNoticeMessageService::? - GetListWithModelByRole : MethodFinish
INFO  2022-11-28 18:59:02,770 TBConfigService::? - GetTBConfig : MethodStart
INFO  2022-11-28 18:59:03,074 TBConfigService::? - GetTBConfig : MethodFinish
INFO  2022-11-28 19:00:28,873 TBConfigService::? - GetTBConfig : MethodStart
INFO  2022-11-28 19:00:29,106 TBConfigService::? - GetTBConfig : MethodFinish
INFO  2022-11-28 19:01:20,918 TBConfigService::? - GetTBConfig : MethodStart
INFO  2022-11-28 19:01:21,033 TBConfigService::? - GetTBConfig : MethodFinish
INFO  2022-11-28 19:01:24,530 TBConfigService::? - GetTBConfig : MethodStart
INFO  2022-11-28 19:01:24,645 TBConfigService::? - GetTBConfig : MethodFinish
INFO  2022-11-28 19:01:47,596 LogProcessService::? - GetLogProcessListWithModel : MethodStart
INFO  2022-11-28 19:01:47,740 LogProcessService::? - GetLogProcessListWithModel : MethodFinish
INFO  2022-11-28 19:01:50,460 TBConfigService::? - GetTBConfig : MethodStart
INFO  2022-11-28 19:01:50,574 TBConfigService::? - GetTBConfig : MethodFinish
