INFO  2021-09-17 10:08:16,722 TRNoticeMessageService::? - GetListWithModelByRole : MethodStart
INFO  2021-09-17 10:08:20,474 TRNoticeMessageService::? - GetListWithModelByRole : MethodFinish
INFO  2021-09-17 10:08:42,618 TBConfigService::? - GetTBConfig : MethodStart
INFO  2021-09-17 10:08:42,968 TBConfigService::? - GetTBConfig : MethodFinish
INFO  2021-09-17 10:11:09,404 TBConfigService::? - GetTBConfig : MethodStart
INFO  2021-09-17 10:11:09,611 TBConfigService::? - GetTBConfig : MethodFinish
INFO  2021-09-17 10:12:07,171 TBConfigService::? - GetTBConfig : MethodStart
INFO  2021-09-17 10:12:07,297 TBConfigService::? - GetTBConfig : MethodFinish
INFO  2021-09-17 10:12:10,902 WHONETService::? - Get_TCWHONET_Antibiotics_Acitve_List : MethodStart
INFO  2021-09-17 10:12:10,906 TCWHONET_AntibioticsDAC::? - GetList_Active : MethodStart
INFO  2021-09-17 10:12:11,221 TCWHONET_AntibioticsDAC::? - GetList_Active : MethodFinish
INFO  2021-09-17 10:12:11,236 WHONETService::? - Get_TCWHONET_Antibiotics_Acitve_List : MethodFinish
INFO  2021-09-17 10:51:37,816 TBConfigService::? - GetTBConfig : MethodStart
INFO  2021-09-17 10:51:38,255 TBConfigService::? - GetTBConfig : MethodFinish
INFO  2021-09-17 10:51:41,584 WHONETService::? - Get_TCWHONET_Antibiotics_Acitve_List : MethodStart
INFO  2021-09-17 10:51:41,588 TCWHONET_AntibioticsDAC::? - GetList_Active : MethodStart
INFO  2021-09-17 10:51:41,943 TCWHONET_AntibioticsDAC::? - GetList_Active : MethodFinish
INFO  2021-09-17 10:51:41,958 WHONETService::? - Get_TCWHONET_Antibiotics_Acitve_List : MethodFinish
INFO  2021-09-17 10:52:40,554 TBConfigService::? - GetTBConfig : MethodStart
INFO  2021-09-17 10:52:40,665 TBConfigService::? - GetTBConfig : MethodFinish
