INFO  2023-05-02 10:50:55,331 TRNoticeMessageService::? - GetListWithModelByRole : MethodStart
INFO  2023-05-02 10:50:58,205 TRNoticeMessageService::? - GetListWithModelByRole : MethodFinish
INFO  2023-05-02 10:51:04,989 TBConfigService::? - GetTBConfig : MethodStart
INFO  2023-05-02 10:51:05,241 TBConfigService::? - GetTBConfig : MethodFinish
INFO  2023-05-02 11:32:37,279 TRNoticeMessageService::? - GetListWithModelByRole : MethodStart
INFO  2023-05-02 11:32:38,575 TRNoticeMessageService::? - GetListWithModelByRole : MethodFinish
INFO  2023-05-02 11:33:15,620 TBConfigService::? - GetTBConfig : MethodStart
INFO  2023-05-02 11:33:15,926 TBConfigService::? - GetTBConfig : MethodFinish
INFO  2023-05-02 12:06:56,675 TRNoticeMessageService::? - GetListWithModelByRole : MethodStart
INFO  2023-05-02 12:06:58,010 TRNoticeMessageService::? - GetListWithModelByRole : MethodFinish
INFO  2023-05-02 12:07:05,933 TBConfigService::? - GetTBConfig : MethodStart
INFO  2023-05-02 12:07:06,180 TBConfigService::? - GetTBConfig : MethodFinish
INFO  2023-05-02 12:09:49,920 TRNoticeMessageService::? - GetListWithModelByRole : MethodStart
INFO  2023-05-02 12:09:50,923 TRNoticeMessageService::? - GetListWithModelByRole : MethodFinish
INFO  2023-05-02 12:09:52,863 TBConfigService::? - GetTBConfig : MethodStart
INFO  2023-05-02 12:09:53,126 TBConfigService::? - GetTBConfig : MethodFinish
INFO  2023-05-02 12:14:04,030 TRNoticeMessageService::? - GetListWithModelByRole : MethodStart
INFO  2023-05-02 12:14:05,081 TRNoticeMessageService::? - GetListWithModelByRole : MethodFinish
INFO  2023-05-02 12:14:07,198 TBConfigService::? - GetTBConfig : MethodStart
INFO  2023-05-02 12:14:07,461 TBConfigService::? - GetTBConfig : MethodFinish
INFO  2023-05-02 12:18:14,322 TRNoticeMessageService::? - GetListWithModelByRole : MethodStart
INFO  2023-05-02 12:18:15,454 TRNoticeMessageService::? - GetListWithModelByRole : MethodFinish
INFO  2023-05-02 12:18:18,495 TBConfigService::? - GetTBConfig : MethodStart
INFO  2023-05-02 12:18:18,746 TBConfigService::? - GetTBConfig : MethodFinish
INFO  2023-05-02 12:20:10,082 TBConfigService::? - GetTBConfig : MethodStart
INFO  2023-05-02 12:20:10,208 TBConfigService::? - GetTBConfig : MethodFinish
INFO  2023-05-02 12:20:19,142 TBConfigService::? - GetTBConfig : MethodStart
INFO  2023-05-02 12:20:19,250 TBConfigService::? - GetTBConfig : MethodFinish
INFO  2023-05-02 12:20:21,305 TBConfigService::? - GetTBConfig : MethodStart
INFO  2023-05-02 12:20:21,403 TBConfigService::? - GetTBConfig : MethodFinish
INFO  2023-05-02 12:20:24,003 TBConfigService::? - GetTBConfig : MethodStart
INFO  2023-05-02 12:20:24,103 TBConfigService::? - GetTBConfig : MethodFinish
INFO  2023-05-02 12:20:29,470 TBConfigService::? - GetTBConfig : MethodStart
INFO  2023-05-02 12:20:29,572 TBConfigService::? - GetTBConfig : MethodFinish
INFO  2023-05-02 12:20:30,910 TBConfigService::? - GetTBConfig : MethodStart
INFO  2023-05-02 12:20:31,014 TBConfigService::? - GetTBConfig : MethodFinish
INFO  2023-05-02 12:20:34,035 WHONETService::? - Get_TCWHONET_Antibiotics_Acitve_List : MethodStart
INFO  2023-05-02 12:20:34,036 TCWHONET_AntibioticsDAC::? - GetList_Active : MethodStart
INFO  2023-05-02 12:20:34,172 TCWHONET_AntibioticsDAC::? - GetList_Active : MethodFinish
INFO  2023-05-02 12:20:34,175 WHONETService::? - Get_TCWHONET_Antibiotics_Acitve_List : MethodFinish
INFO  2023-05-02 12:20:52,938 TBConfigService::? - GetTBConfig : MethodStart
INFO  2023-05-02 12:20:53,037 TBConfigService::? - GetTBConfig : MethodFinish
INFO  2023-05-02 12:20:55,687 TBConfigService::? - GetTBConfig : MethodStart
INFO  2023-05-02 12:20:55,790 TBConfigService::? - GetTBConfig : MethodFinish
INFO  2023-05-02 12:28:12,333 TRNoticeMessageService::? - GetListWithModelByRole : MethodStart
INFO  2023-05-02 12:28:13,382 TRNoticeMessageService::? - GetListWithModelByRole : MethodFinish
INFO  2023-05-02 12:28:16,605 TBConfigService::? - GetTBConfig : MethodStart
INFO  2023-05-02 12:28:16,851 TBConfigService::? - GetTBConfig : MethodFinish
INFO  2023-05-02 14:46:24,486 TRNoticeMessageService::? - GetListWithModelByRole : MethodStart
INFO  2023-05-02 14:46:25,600 TRNoticeMessageService::? - GetListWithModelByRole : MethodFinish
INFO  2023-05-02 14:46:27,465 TBConfigService::? - GetTBConfig : MethodStart
INFO  2023-05-02 14:46:27,718 TBConfigService::? - GetTBConfig : MethodFinish
INFO  2023-05-02 14:50:08,803 TRNoticeMessageService::? - GetListWithModelByRole : MethodStart
INFO  2023-05-02 14:50:09,717 TRNoticeMessageService::? - GetListWithModelByRole : MethodFinish
INFO  2023-05-02 14:50:15,328 TBConfigService::? - GetTBConfig : MethodStart
INFO  2023-05-02 14:50:15,581 TBConfigService::? - GetTBConfig : MethodFinish
INFO  2023-05-02 15:13:00,271 TRNoticeMessageService::? - GetListWithModelByRole : MethodStart
INFO  2023-05-02 15:13:01,170 TRNoticeMessageService::? - GetListWithModelByRole : MethodFinish
INFO  2023-05-02 15:13:07,517 TBConfigService::? - GetTBConfig : MethodStart
INFO  2023-05-02 15:13:07,809 TBConfigService::? - GetTBConfig : MethodFinish
INFO  2023-05-02 15:24:32,760 TRNoticeMessageService::? - GetListWithModelByRole : MethodStart
INFO  2023-05-02 15:24:33,738 TRNoticeMessageService::? - GetListWithModelByRole : MethodFinish
INFO  2023-05-02 15:24:40,847 TBConfigService::? - GetTBConfig : MethodStart
INFO  2023-05-02 15:24:41,098 TBConfigService::? - GetTBConfig : MethodFinish
INFO  2023-05-02 15:33:57,529 TRNoticeMessageService::? - GetListWithModelByRole : MethodStart
INFO  2023-05-02 15:33:58,434 TRNoticeMessageService::? - GetListWithModelByRole : MethodFinish
INFO  2023-05-02 15:34:03,236 TBConfigService::? - GetTBConfig : MethodStart
INFO  2023-05-02 15:34:03,499 TBConfigService::? - GetTBConfig : MethodFinish
INFO  2023-05-02 15:34:07,471 TBConfigService::? - GetTBConfig : MethodStart
INFO  2023-05-02 15:34:07,605 TBConfigService::? - GetTBConfig : MethodFinish
INFO  2023-05-02 15:35:58,569 TRNoticeMessageService::? - GetListWithModelByRole : MethodStart
INFO  2023-05-02 15:35:59,506 TRNoticeMessageService::? - GetListWithModelByRole : MethodFinish
INFO  2023-05-02 15:36:00,812 TBConfigService::? - GetTBConfig : MethodStart
INFO  2023-05-02 15:36:01,068 TBConfigService::? - GetTBConfig : MethodFinish
INFO  2023-05-02 15:38:28,943 TRNoticeMessageService::? - GetListWithModelByRole : MethodStart
INFO  2023-05-02 15:38:33,184 TRNoticeMessageService::? - GetListWithModelByRole : MethodFinish
INFO  2023-05-02 15:38:41,134 TBConfigService::? - GetTBConfig : MethodStart
INFO  2023-05-02 15:38:41,475 TBConfigService::? - GetTBConfig : MethodFinish
INFO  2023-05-02 16:05:49,615 TRNoticeMessageService::? - GetListWithModelByRole : MethodStart
INFO  2023-05-02 16:05:50,608 TRNoticeMessageService::? - GetListWithModelByRole : MethodFinish
INFO  2023-05-02 16:05:53,914 TBConfigService::? - GetTBConfig : MethodStart
INFO  2023-05-02 16:05:54,170 TBConfigService::? - GetTBConfig : MethodFinish
INFO  2023-05-02 16:08:55,975 TRNoticeMessageService::? - GetListWithModelByRole : MethodStart
INFO  2023-05-02 16:08:57,389 TRNoticeMessageService::? - GetListWithModelByRole : MethodFinish
INFO  2023-05-02 16:09:02,216 TBConfigService::? - GetTBConfig : MethodStart
INFO  2023-05-02 16:09:02,467 TBConfigService::? - GetTBConfig : MethodFinish
INFO  2023-05-02 16:11:03,634 TRNoticeMessageService::? - GetListWithModelByRole : MethodStart
INFO  2023-05-02 16:11:04,671 TRNoticeMessageService::? - GetListWithModelByRole : MethodFinish
INFO  2023-05-02 16:11:32,685 TBConfigService::? - GetTBConfig : MethodStart
INFO  2023-05-02 16:11:32,952 TBConfigService::? - GetTBConfig : MethodFinish
INFO  2023-05-02 16:13:48,690 TRNoticeMessageService::? - GetListWithModelByRole : MethodStart
INFO  2023-05-02 16:13:49,681 TRNoticeMessageService::? - GetListWithModelByRole : MethodFinish
INFO  2023-05-02 16:14:30,704 TBConfigService::? - GetTBConfig : MethodStart
INFO  2023-05-02 16:14:31,090 TBConfigService::? - GetTBConfig : MethodFinish
INFO  2023-05-02 16:21:37,071 TRNoticeMessageService::? - GetListWithModelByRole : MethodStart
INFO  2023-05-02 16:21:38,071 TRNoticeMessageService::? - GetListWithModelByRole : MethodFinish
INFO  2023-05-02 16:21:40,497 TBConfigService::? - GetTBConfig : MethodStart
INFO  2023-05-02 16:21:40,762 TBConfigService::? - GetTBConfig : MethodFinish
INFO  2023-05-02 16:29:18,603 TRNoticeMessageService::? - GetListWithModelByRole : MethodStart
INFO  2023-05-02 16:29:19,741 TRNoticeMessageService::? - GetListWithModelByRole : MethodFinish
INFO  2023-05-02 16:29:23,693 TBConfigService::? - GetTBConfig : MethodStart
INFO  2023-05-02 16:29:23,998 TBConfigService::? - GetTBConfig : MethodFinish
INFO  2023-05-02 16:31:11,377 TRNoticeMessageService::? - GetListWithModelByRole : MethodStart
INFO  2023-05-02 16:31:12,742 TRNoticeMessageService::? - GetListWithModelByRole : MethodFinish
INFO  2023-05-02 16:31:15,897 TBConfigService::? - GetTBConfig : MethodStart
INFO  2023-05-02 16:31:16,245 TBConfigService::? - GetTBConfig : MethodFinish
INFO  2023-05-02 16:40:50,231 TRNoticeMessageService::? - GetListWithModelByRole : MethodStart
INFO  2023-05-02 16:40:51,147 TRNoticeMessageService::? - GetListWithModelByRole : MethodFinish
INFO  2023-05-02 16:40:53,509 TBConfigService::? - GetTBConfig : MethodStart
INFO  2023-05-02 16:40:53,788 TBConfigService::? - GetTBConfig : MethodFinish
INFO  2023-05-02 16:44:41,492 TRNoticeMessageService::? - GetListWithModelByRole : MethodStart
INFO  2023-05-02 16:44:42,531 TRNoticeMessageService::? - GetListWithModelByRole : MethodFinish
INFO  2023-05-02 16:44:44,002 TBConfigService::? - GetTBConfig : MethodStart
INFO  2023-05-02 16:44:44,256 TBConfigService::? - GetTBConfig : MethodFinish
INFO  2023-05-02 16:50:23,670 TRNoticeMessageService::? - GetListWithModelByRole : MethodStart
INFO  2023-05-02 16:50:24,736 TRNoticeMessageService::? - GetListWithModelByRole : MethodFinish
INFO  2023-05-02 16:50:31,920 TBConfigService::? - GetTBConfig : MethodStart
INFO  2023-05-02 16:50:32,472 TBConfigService::? - GetTBConfig : MethodFinish
INFO  2023-05-02 16:55:58,593 TRNoticeMessageService::? - GetListWithModelByRole : MethodStart
INFO  2023-05-02 16:55:59,947 TRNoticeMessageService::? - GetListWithModelByRole : MethodFinish
INFO  2023-05-02 16:56:03,531 TBConfigService::? - GetTBConfig : MethodStart
INFO  2023-05-02 16:56:03,794 TBConfigService::? - GetTBConfig : MethodFinish
INFO  2023-05-02 16:57:43,621 TBConfigService::? - GetTBConfig : MethodStart
INFO  2023-05-02 16:57:43,748 TBConfigService::? - GetTBConfig : MethodFinish
INFO  2023-05-02 17:06:57,856 TBConfigService::? - GetTBConfig : MethodStart
INFO  2023-05-02 17:06:58,199 TBConfigService::? - GetTBConfig : MethodFinish
INFO  2023-05-02 17:34:58,265 TRNoticeMessageService::? - GetListWithModelByRole : MethodStart
INFO  2023-05-02 17:34:59,288 TRNoticeMessageService::? - GetListWithModelByRole : MethodFinish
INFO  2023-05-02 17:35:01,302 TBConfigService::? - GetTBConfig : MethodStart
INFO  2023-05-02 17:35:01,555 TBConfigService::? - GetTBConfig : MethodFinish
INFO  2023-05-02 17:36:38,427 TRNoticeMessageService::? - GetListWithModelByRole : MethodStart
INFO  2023-05-02 17:36:39,577 TRNoticeMessageService::? - GetListWithModelByRole : MethodFinish
INFO  2023-05-02 17:37:03,579 TBConfigService::? - GetTBConfig : MethodStart
INFO  2023-05-02 17:37:03,840 TBConfigService::? - GetTBConfig : MethodFinish
INFO  2023-05-02 17:41:11,785 TRNoticeMessageService::? - GetListWithModelByRole : MethodStart
INFO  2023-05-02 17:41:12,817 TRNoticeMessageService::? - GetListWithModelByRole : MethodFinish
INFO  2023-05-02 17:41:15,555 TBConfigService::? - GetTBConfig : MethodStart
INFO  2023-05-02 17:41:15,799 TBConfigService::? - GetTBConfig : MethodFinish
INFO  2023-05-02 17:43:09,016 TRNoticeMessageService::? - GetListWithModelByRole : MethodStart
INFO  2023-05-02 17:43:10,436 TRNoticeMessageService::? - GetListWithModelByRole : MethodFinish
INFO  2023-05-02 17:43:11,977 TBConfigService::? - GetTBConfig : MethodStart
INFO  2023-05-02 17:43:12,264 TBConfigService::? - GetTBConfig : MethodFinish
INFO  2023-05-02 17:48:22,569 TRNoticeMessageService::? - GetListWithModelByRole : MethodStart
INFO  2023-05-02 17:48:23,802 TRNoticeMessageService::? - GetListWithModelByRole : MethodFinish
INFO  2023-05-02 17:48:25,705 TBConfigService::? - GetTBConfig : MethodStart
INFO  2023-05-02 17:48:25,959 TBConfigService::? - GetTBConfig : MethodFinish
INFO  2023-05-02 17:50:08,672 TRNoticeMessageService::? - GetListWithModelByRole : MethodStart
INFO  2023-05-02 17:50:09,821 TRNoticeMessageService::? - GetListWithModelByRole : MethodFinish
INFO  2023-05-02 17:50:11,148 TBConfigService::? - GetTBConfig : MethodStart
INFO  2023-05-02 17:50:11,401 TBConfigService::? - GetTBConfig : MethodFinish
INFO  2023-05-02 17:52:09,439 TRNoticeMessageService::? - GetListWithModelByRole : MethodStart
INFO  2023-05-02 17:52:10,622 TRNoticeMessageService::? - GetListWithModelByRole : MethodFinish
INFO  2023-05-02 17:52:12,287 TBConfigService::? - GetTBConfig : MethodStart
INFO  2023-05-02 17:52:12,537 TBConfigService::? - GetTBConfig : MethodFinish
INFO  2023-05-02 17:52:32,542 TBConfigService::? - GetTBConfig : MethodStart
INFO  2023-05-02 17:52:32,668 TBConfigService::? - GetTBConfig : MethodFinish
INFO  2023-05-02 17:55:27,580 TRNoticeMessageService::? - GetListWithModelByRole : MethodStart
INFO  2023-05-02 17:55:28,528 TRNoticeMessageService::? - GetListWithModelByRole : MethodFinish
INFO  2023-05-02 17:55:32,835 TBConfigService::? - GetTBConfig : MethodStart
INFO  2023-05-02 17:55:33,096 TBConfigService::? - GetTBConfig : MethodFinish
INFO  2023-05-02 17:57:31,474 TRNoticeMessageService::? - GetListWithModelByRole : MethodStart
INFO  2023-05-02 17:57:32,510 TRNoticeMessageService::? - GetListWithModelByRole : MethodFinish
INFO  2023-05-02 17:57:48,355 TBConfigService::? - GetTBConfig : MethodStart
INFO  2023-05-02 17:57:48,648 TBConfigService::? - GetTBConfig : MethodFinish
INFO  2023-05-02 18:02:26,656 TRNoticeMessageService::? - GetListWithModelByRole : MethodStart
INFO  2023-05-02 18:02:27,625 TRNoticeMessageService::? - GetListWithModelByRole : MethodFinish
INFO  2023-05-02 18:02:34,608 TBConfigService::? - GetTBConfig : MethodStart
INFO  2023-05-02 18:02:34,891 TBConfigService::? - GetTBConfig : MethodFinish
INFO  2023-05-02 18:04:32,298 TRNoticeMessageService::? - GetListWithModelByRole : MethodStart
INFO  2023-05-02 18:04:33,646 TRNoticeMessageService::? - GetListWithModelByRole : MethodFinish
INFO  2023-05-02 18:04:38,783 TBConfigService::? - GetTBConfig : MethodStart
INFO  2023-05-02 18:04:39,053 TBConfigService::? - GetTBConfig : MethodFinish
