INFO  2021-09-05 00:01:34,531 TBConfigService::? - GetTBConfig : MethodStart
INFO  2021-09-05 00:01:34,729 TBConfigService::? - GetTBConfig : MethodFinish
INFO  2021-09-05 00:01:47,515 TBConfigService::? - GetTBConfig : MethodStart
INFO  2021-09-05 00:01:47,628 TBConfigService::? - GetTBConfig : MethodFinish
INFO  2021-09-05 00:01:50,072 WHONETService::? - Get_TCWHONET_Antibiotics_Acitve_List : MethodStart
INFO  2021-09-05 00:01:50,076 TCWHONET_AntibioticsDAC::? - GetList_Active : MethodStart
INFO  2021-09-05 00:01:50,275 TCWHONET_AntibioticsDAC::? - GetList_Active : MethodFinish
INFO  2021-09-05 00:01:50,283 WHONETService::? - Get_TCWHONET_Antibiotics_Acitve_List : MethodFinish
INFO  2021-09-05 00:18:49,270 TRNoticeMessageService::? - GetListWithModelByRole : MethodStart
INFO  2021-09-05 00:18:51,775 TRNoticeMessageService::? - GetListWithModelByRole : MethodFinish
INFO  2021-09-05 00:19:46,055 TBConfigService::? - GetTBConfig : MethodStart
INFO  2021-09-05 00:19:46,555 TBConfigService::? - GetTBConfig : MethodFinish
INFO  2021-09-05 21:37:06,115 TRNoticeMessageService::? - GetListWithModelByRole : MethodStart
INFO  2021-09-05 21:37:07,806 TRNoticeMessageService::? - GetListWithModelByRole : MethodFinish
INFO  2021-09-05 21:40:14,357 TBConfigService::? - GetTBConfig : MethodStart
INFO  2021-09-05 21:40:14,886 TBConfigService::? - GetTBConfig : MethodFinish
INFO  2021-09-05 23:24:06,241 TRNoticeMessageService::? - GetListWithModelByRole : MethodStart
INFO  2021-09-05 23:24:08,630 TRNoticeMessageService::? - GetListWithModelByRole : MethodFinish
INFO  2021-09-05 23:26:51,363 TBConfigService::? - GetTBConfig : MethodStart
INFO  2021-09-05 23:26:51,860 TBConfigService::? - GetTBConfig : MethodFinish
INFO  2021-09-05 23:27:21,501 TBConfigService::? - GetTBConfig : MethodStart
INFO  2021-09-05 23:27:21,713 TBConfigService::? - GetTBConfig : MethodFinish
INFO  2021-09-05 23:27:24,160 WHONETService::? - Get_TCWHONET_Antibiotics_Acitve_List : MethodStart
INFO  2021-09-05 23:27:24,163 TCWHONET_AntibioticsDAC::? - GetList_Active : MethodStart
INFO  2021-09-05 23:27:24,381 TCWHONET_AntibioticsDAC::? - GetList_Active : MethodFinish
INFO  2021-09-05 23:27:24,389 WHONETService::? - Get_TCWHONET_Antibiotics_Acitve_List : MethodFinish
INFO  2021-09-05 23:27:40,130 WHONETService::? - Get_TCWHONET_Antibiotics_Acitve_List : MethodStart
INFO  2021-09-05 23:27:40,134 TCWHONET_AntibioticsDAC::? - GetList_Active : MethodStart
INFO  2021-09-05 23:27:40,294 TCWHONET_AntibioticsDAC::? - GetList_Active : MethodFinish
INFO  2021-09-05 23:27:40,297 WHONETService::? - Get_TCWHONET_Antibiotics_Acitve_List : MethodFinish
INFO  2021-09-05 23:28:59,395 WHONETService::? - Get_TCWHONET_Antibiotics_Acitve_List : MethodStart
INFO  2021-09-05 23:28:59,398 TCWHONET_AntibioticsDAC::? - GetList_Active : MethodStart
INFO  2021-09-05 23:28:59,597 TCWHONET_AntibioticsDAC::? - GetList_Active : MethodFinish
INFO  2021-09-05 23:28:59,600 WHONETService::? - Get_TCWHONET_Antibiotics_Acitve_List : MethodFinish
INFO  2021-09-05 23:29:18,035 TBConfigService::? - GetTBConfig : MethodStart
INFO  2021-09-05 23:29:18,162 TBConfigService::? - GetTBConfig : MethodFinish
INFO  2021-09-05 23:30:15,588 TBConfigService::? - GetTBConfig : MethodStart
INFO  2021-09-05 23:30:15,714 TBConfigService::? - GetTBConfig : MethodFinish
INFO  2021-09-05 23:30:31,610 TBConfigService::? - GetTBConfig : MethodStart
INFO  2021-09-05 23:30:31,746 TBConfigService::? - GetTBConfig : MethodFinish
INFO  2021-09-05 23:30:33,356 WHONETService::? - Get_TCWHONET_Antibiotics_Acitve_List : MethodStart
INFO  2021-09-05 23:30:33,362 TCWHONET_AntibioticsDAC::? - GetList_Active : MethodStart
INFO  2021-09-05 23:30:33,500 TCWHONET_AntibioticsDAC::? - GetList_Active : MethodFinish
INFO  2021-09-05 23:30:33,502 WHONETService::? - Get_TCWHONET_Antibiotics_Acitve_List : MethodFinish
INFO  2021-09-05 23:30:53,529 WHONETService::? - Get_TCWHONET_Antibiotics_Acitve_List : MethodStart
INFO  2021-09-05 23:30:53,531 TCWHONET_AntibioticsDAC::? - GetList_Active : MethodStart
INFO  2021-09-05 23:30:53,715 TCWHONET_AntibioticsDAC::? - GetList_Active : MethodFinish
INFO  2021-09-05 23:30:53,718 WHONETService::? - Get_TCWHONET_Antibiotics_Acitve_List : MethodFinish
INFO  2021-09-05 23:32:53,480 TBConfigService::? - GetTBConfig : MethodStart
INFO  2021-09-05 23:32:53,606 TBConfigService::? - GetTBConfig : MethodFinish
INFO  2021-09-05 23:33:01,117 TBConfigService::? - GetTBConfig : MethodStart
INFO  2021-09-05 23:33:01,249 TBConfigService::? - GetTBConfig : MethodFinish
INFO  2021-09-05 23:33:06,227 TBConfigService::? - GetTBConfig : MethodStart
INFO  2021-09-05 23:33:06,340 TBConfigService::? - GetTBConfig : MethodFinish
INFO  2021-09-05 23:33:14,819 TBConfigService::? - GetTBConfig : MethodStart
INFO  2021-09-05 23:33:14,931 TBConfigService::? - GetTBConfig : MethodFinish
INFO  2021-09-05 23:34:01,297 TBConfigService::? - GetTBConfig : MethodStart
INFO  2021-09-05 23:34:01,428 TBConfigService::? - GetTBConfig : MethodFinish
INFO  2021-09-05 23:34:02,997 WHONETService::? - Get_TCWHONET_Antibiotics_Acitve_List : MethodStart
INFO  2021-09-05 23:34:02,999 TCWHONET_AntibioticsDAC::? - GetList_Active : MethodStart
INFO  2021-09-05 23:34:03,140 TCWHONET_AntibioticsDAC::? - GetList_Active : MethodFinish
INFO  2021-09-05 23:34:03,142 WHONETService::? - Get_TCWHONET_Antibiotics_Acitve_List : MethodFinish
INFO  2021-09-05 23:34:15,626 TBConfigService::? - GetTBConfig : MethodStart
INFO  2021-09-05 23:34:15,745 TBConfigService::? - GetTBConfig : MethodFinish
INFO  2021-09-05 23:34:17,217 WHONETService::? - Get_TCWHONET_Antibiotics_Acitve_List : MethodStart
INFO  2021-09-05 23:34:17,221 TCWHONET_AntibioticsDAC::? - GetList_Active : MethodStart
INFO  2021-09-05 23:34:17,354 TCWHONET_AntibioticsDAC::? - GetList_Active : MethodFinish
INFO  2021-09-05 23:34:17,356 WHONETService::? - Get_TCWHONET_Antibiotics_Acitve_List : MethodFinish
INFO  2021-09-05 23:41:27,410 TRNoticeMessageService::? - GetListWithModelByRole : MethodStart
INFO  2021-09-05 23:41:29,760 TRNoticeMessageService::? - GetListWithModelByRole : MethodFinish
INFO  2021-09-05 23:44:13,459 TBConfigService::? - GetTBConfig : MethodStart
INFO  2021-09-05 23:44:13,995 TBConfigService::? - GetTBConfig : MethodFinish
INFO  2021-09-05 23:44:40,521 WHONETService::? - Get_TCWHONET_Antibiotics_Acitve_List : MethodStart
INFO  2021-09-05 23:44:40,526 TCWHONET_AntibioticsDAC::? - GetList_Active : MethodStart
INFO  2021-09-05 23:44:40,806 TCWHONET_AntibioticsDAC::? - GetList_Active : MethodFinish
INFO  2021-09-05 23:44:40,815 WHONETService::? - Get_TCWHONET_Antibiotics_Acitve_List : MethodFinish
INFO  2021-09-05 23:46:53,323 TBConfigService::? - GetTBConfig : MethodStart
INFO  2021-09-05 23:46:53,457 TBConfigService::? - GetTBConfig : MethodFinish
INFO  2021-09-05 23:46:55,866 WHONETService::? - Get_TCWHONET_Antibiotics_Acitve_List : MethodStart
INFO  2021-09-05 23:46:55,869 TCWHONET_AntibioticsDAC::? - GetList_Active : MethodStart
INFO  2021-09-05 23:46:56,008 TCWHONET_AntibioticsDAC::? - GetList_Active : MethodFinish
INFO  2021-09-05 23:46:56,011 WHONETService::? - Get_TCWHONET_Antibiotics_Acitve_List : MethodFinish
INFO  2021-09-05 23:47:48,477 TBConfigService::? - GetTBConfig : MethodStart
INFO  2021-09-05 23:47:48,618 TBConfigService::? - GetTBConfig : MethodFinish
INFO  2021-09-05 23:47:57,193 TBConfigService::? - GetTBConfig : MethodStart
INFO  2021-09-05 23:47:57,317 TBConfigService::? - GetTBConfig : MethodFinish
INFO  2021-09-05 23:47:58,978 WHONETService::? - Get_TCWHONET_Antibiotics_Acitve_List : MethodStart
INFO  2021-09-05 23:47:58,981 TCWHONET_AntibioticsDAC::? - GetList_Active : MethodStart
INFO  2021-09-05 23:47:59,111 TCWHONET_AntibioticsDAC::? - GetList_Active : MethodFinish
INFO  2021-09-05 23:47:59,114 WHONETService::? - Get_TCWHONET_Antibiotics_Acitve_List : MethodFinish
INFO  2021-09-05 23:48:52,227 WHONETService::? - Get_TCWHONET_Antibiotics_Acitve_List : MethodStart
INFO  2021-09-05 23:48:52,231 TCWHONET_AntibioticsDAC::? - GetList_Active : MethodStart
INFO  2021-09-05 23:48:52,408 TCWHONET_AntibioticsDAC::? - GetList_Active : MethodFinish
INFO  2021-09-05 23:48:52,412 WHONETService::? - Get_TCWHONET_Antibiotics_Acitve_List : MethodFinish
INFO  2021-09-05 23:48:57,298 WHONETService::? - Get_TCWHONET_Antibiotics_Acitve_List : MethodStart
INFO  2021-09-05 23:48:57,303 TCWHONET_AntibioticsDAC::? - GetList_Active : MethodStart
INFO  2021-09-05 23:48:57,448 TCWHONET_AntibioticsDAC::? - GetList_Active : MethodFinish
INFO  2021-09-05 23:48:57,456 WHONETService::? - Get_TCWHONET_Antibiotics_Acitve_List : MethodFinish
INFO  2021-09-05 23:49:01,526 WHONETService::? - Get_TCWHONET_Antibiotics_Acitve_List : MethodStart
INFO  2021-09-05 23:49:01,529 TCWHONET_AntibioticsDAC::? - GetList_Active : MethodStart
INFO  2021-09-05 23:49:01,668 TCWHONET_AntibioticsDAC::? - GetList_Active : MethodFinish
INFO  2021-09-05 23:49:01,673 WHONETService::? - Get_TCWHONET_Antibiotics_Acitve_List : MethodFinish
INFO  2021-09-05 23:49:05,170 WHONETService::? - Get_TCWHONET_Antibiotics_Acitve_List : MethodStart
INFO  2021-09-05 23:49:05,176 TCWHONET_AntibioticsDAC::? - GetList_Active : MethodStart
INFO  2021-09-05 23:49:05,336 TCWHONET_AntibioticsDAC::? - GetList_Active : MethodFinish
INFO  2021-09-05 23:49:05,340 WHONETService::? - Get_TCWHONET_Antibiotics_Acitve_List : MethodFinish
INFO  2021-09-05 23:49:09,238 WHONETService::? - Get_TCWHONET_Antibiotics_Acitve_List : MethodStart
INFO  2021-09-05 23:49:09,242 TCWHONET_AntibioticsDAC::? - GetList_Active : MethodStart
INFO  2021-09-05 23:49:09,423 TCWHONET_AntibioticsDAC::? - GetList_Active : MethodFinish
INFO  2021-09-05 23:49:09,425 WHONETService::? - Get_TCWHONET_Antibiotics_Acitve_List : MethodFinish
INFO  2021-09-05 23:49:12,743 WHONETService::? - Get_TCWHONET_Antibiotics_Acitve_List : MethodStart
INFO  2021-09-05 23:49:12,745 TCWHONET_AntibioticsDAC::? - GetList_Active : MethodStart
INFO  2021-09-05 23:49:12,883 TCWHONET_AntibioticsDAC::? - GetList_Active : MethodFinish
INFO  2021-09-05 23:49:12,886 WHONETService::? - Get_TCWHONET_Antibiotics_Acitve_List : MethodFinish
INFO  2021-09-05 23:49:33,848 WHONETService::? - Get_TCWHONET_Antibiotics_Acitve_List : MethodStart
INFO  2021-09-05 23:49:33,850 TCWHONET_AntibioticsDAC::? - GetList_Active : MethodStart
INFO  2021-09-05 23:49:34,030 TCWHONET_AntibioticsDAC::? - GetList_Active : MethodFinish
INFO  2021-09-05 23:49:34,033 WHONETService::? - Get_TCWHONET_Antibiotics_Acitve_List : MethodFinish
INFO  2021-09-05 23:49:52,938 WHONETService::? - Get_TCWHONET_Antibiotics_Acitve_List : MethodStart
INFO  2021-09-05 23:49:52,942 TCWHONET_AntibioticsDAC::? - GetList_Active : MethodStart
INFO  2021-09-05 23:49:53,130 TCWHONET_AntibioticsDAC::? - GetList_Active : MethodFinish
INFO  2021-09-05 23:49:53,132 WHONETService::? - Get_TCWHONET_Antibiotics_Acitve_List : MethodFinish
INFO  2021-09-05 23:50:06,139 WHONETService::? - Get_TCWHONET_Antibiotics_Acitve_List : MethodStart
INFO  2021-09-05 23:50:06,143 TCWHONET_AntibioticsDAC::? - GetList_Active : MethodStart
INFO  2021-09-05 23:50:06,300 TCWHONET_AntibioticsDAC::? - GetList_Active : MethodFinish
INFO  2021-09-05 23:50:06,302 WHONETService::? - Get_TCWHONET_Antibiotics_Acitve_List : MethodFinish
INFO  2021-09-05 23:52:21,197 TBConfigService::? - GetTBConfig : MethodStart
INFO  2021-09-05 23:52:21,327 TBConfigService::? - GetTBConfig : MethodFinish
INFO  2021-09-05 23:52:41,663 TBConfigService::? - GetTBConfig : MethodStart
INFO  2021-09-05 23:52:41,788 TBConfigService::? - GetTBConfig : MethodFinish
INFO  2021-09-05 23:52:47,752 TBConfigService::? - GetTBConfig : MethodStart
INFO  2021-09-05 23:52:47,873 TBConfigService::? - GetTBConfig : MethodFinish
INFO  2021-09-05 23:52:49,551 WHONETService::? - Get_TCWHONET_Antibiotics_Acitve_List : MethodStart
INFO  2021-09-05 23:52:49,553 TCWHONET_AntibioticsDAC::? - GetList_Active : MethodStart
INFO  2021-09-05 23:52:49,700 TCWHONET_AntibioticsDAC::? - GetList_Active : MethodFinish
INFO  2021-09-05 23:52:49,704 WHONETService::? - Get_TCWHONET_Antibiotics_Acitve_List : MethodFinish
INFO  2021-09-05 23:52:59,850 TBConfigService::? - GetTBConfig : MethodStart
INFO  2021-09-05 23:52:59,972 TBConfigService::? - GetTBConfig : MethodFinish
INFO  2021-09-05 23:53:03,123 TBConfigService::? - GetTBConfig : MethodStart
INFO  2021-09-05 23:53:03,243 TBConfigService::? - GetTBConfig : MethodFinish
INFO  2021-09-05 23:53:06,802 TBConfigService::? - GetTBConfig : MethodStart
INFO  2021-09-05 23:53:06,942 TBConfigService::? - GetTBConfig : MethodFinish
INFO  2021-09-05 23:53:08,392 WHONETService::? - Get_TCWHONET_Antibiotics_Acitve_List : MethodStart
INFO  2021-09-05 23:53:08,394 TCWHONET_AntibioticsDAC::? - GetList_Active : MethodStart
INFO  2021-09-05 23:53:08,543 TCWHONET_AntibioticsDAC::? - GetList_Active : MethodFinish
INFO  2021-09-05 23:53:08,547 WHONETService::? - Get_TCWHONET_Antibiotics_Acitve_List : MethodFinish
