INFO  2022-02-03 15:41:39,936 TRNoticeMessageService::? - GetListWithModelByRole : MethodStart
INFO  2022-02-03 15:41:41,878 TRNoticeMessageService::? - GetListWithModelByRole : MethodFinish
INFO  2022-02-03 15:42:16,516 TBConfigService::? - GetTBConfig : MethodStart
INFO  2022-02-03 15:42:16,950 TBConfigService::? - GetTBConfig : MethodFinish
INFO  2022-02-03 15:42:44,436 TBConfigService::? - GetTBConfig : MethodStart
INFO  2022-02-03 15:42:44,576 TBConfigService::? - GetTBConfig : MethodFinish
INFO  2022-02-03 15:43:22,785 TBConfigService::? - GetTBConfig : MethodStart
INFO  2022-02-03 15:43:22,893 TBConfigService::? - GetTBConfig : MethodFinish
INFO  2022-02-03 15:43:26,494 TBConfigService::? - GetTBConfig : MethodStart
INFO  2022-02-03 15:43:26,604 TBConfigService::? - GetTBConfig : MethodFinish
INFO  2022-02-03 15:43:27,186 LogProcessService::? - GetLogProcessListWithModel : MethodStart
INFO  2022-02-03 15:43:27,345 LogProcessService::? - GetLogProcessListWithModel : MethodFinish
INFO  2022-02-03 15:43:29,602 TBConfigService::? - GetTBConfig : MethodStart
INFO  2022-02-03 15:43:29,711 TBConfigService::? - GetTBConfig : MethodFinish
INFO  2022-02-03 15:43:31,741 TBConfigService::? - GetTBConfig : MethodStart
INFO  2022-02-03 15:43:31,878 TBConfigService::? - GetTBConfig : MethodFinish
INFO  2022-02-03 15:43:32,347 LogProcessService::? - GetLogProcessListWithModel : MethodStart
INFO  2022-02-03 15:43:32,448 LogProcessService::? - GetLogProcessListWithModel : MethodFinish
INFO  2022-02-03 15:43:34,462 TBConfigService::? - GetTBConfig : MethodStart
INFO  2022-02-03 15:43:34,563 TBConfigService::? - GetTBConfig : MethodFinish
INFO  2022-02-03 15:43:37,146 TBConfigService::? - GetTBConfig : MethodStart
INFO  2022-02-03 15:43:37,266 TBConfigService::? - GetTBConfig : MethodFinish
INFO  2022-02-03 15:43:37,738 LogProcessService::? - GetLogProcessListWithModel : MethodStart
INFO  2022-02-03 15:43:37,843 LogProcessService::? - GetLogProcessListWithModel : MethodFinish
INFO  2022-02-03 15:43:43,331 TBConfigService::? - GetTBConfig : MethodStart
INFO  2022-02-03 15:43:43,435 TBConfigService::? - GetTBConfig : MethodFinish
INFO  2022-02-03 15:43:45,048 TBConfigService::? - GetTBConfig : MethodStart
INFO  2022-02-03 15:43:45,162 TBConfigService::? - GetTBConfig : MethodFinish
INFO  2022-02-03 15:44:27,622 LogProcessService::? - GetLogProcessListWithModel : MethodStart
INFO  2022-02-03 15:44:27,725 LogProcessService::? - GetLogProcessListWithModel : MethodFinish
INFO  2022-02-03 15:44:29,446 TBConfigService::? - GetTBConfig : MethodStart
INFO  2022-02-03 15:44:29,545 TBConfigService::? - GetTBConfig : MethodFinish
INFO  2022-02-03 15:44:49,955 TBConfigService::? - GetTBConfig : MethodStart
INFO  2022-02-03 15:44:50,070 TBConfigService::? - GetTBConfig : MethodFinish
INFO  2022-02-03 15:45:04,553 WHONETService::? - Get_TCWHONET_Antibiotics_Acitve_List : MethodStart
INFO  2022-02-03 15:45:04,557 TCWHONET_AntibioticsDAC::? - GetList_Active : MethodStart
INFO  2022-02-03 15:45:04,727 TCWHONET_AntibioticsDAC::? - GetList_Active : MethodFinish
INFO  2022-02-03 15:45:04,731 WHONETService::? - Get_TCWHONET_Antibiotics_Acitve_List : MethodFinish
INFO  2022-02-03 16:51:28,684 TRNoticeMessageService::? - GetListWithModelByRole : MethodStart
INFO  2022-02-03 16:51:29,854 TRNoticeMessageService::? - GetListWithModelByRole : MethodFinish
INFO  2022-02-03 17:05:54,893 TBConfigService::? - GetTBConfig : MethodStart
INFO  2022-02-03 17:05:55,321 TBConfigService::? - GetTBConfig : MethodFinish
INFO  2022-02-03 17:06:31,670 TBConfigService::? - GetTBConfig : MethodStart
INFO  2022-02-03 17:06:31,812 TBConfigService::? - GetTBConfig : MethodFinish
INFO  2022-02-03 17:13:55,786 TBConfigService::? - GetTBConfig : MethodStart
INFO  2022-02-03 17:13:56,143 TBConfigService::? - GetTBConfig : MethodFinish
INFO  2022-02-03 17:13:57,787 TRNoticeMessageService::? - GetListWithModelByRole : MethodStart
INFO  2022-02-03 17:13:58,084 TRNoticeMessageService::? - GetListWithModelByRole : MethodFinish
INFO  2022-02-03 17:14:00,125 TBConfigService::? - GetTBConfig : MethodStart
INFO  2022-02-03 17:14:00,217 TBConfigService::? - GetTBConfig : MethodFinish
INFO  2022-02-03 17:14:01,105 LogProcessService::? - GetLogProcessAuthListWithModel : MethodStart
INFO  2022-02-03 17:14:01,313 LogProcessService::? - GetLogProcessAuthListWithModel : MethodFinish
INFO  2022-02-03 17:41:11,671 TBConfigService::? - GetTBConfig : MethodStart
INFO  2022-02-03 17:41:12,082 TBConfigService::? - GetTBConfig : MethodFinish
INFO  2022-02-03 17:41:16,013 TBConfigService::? - GetTBConfig : MethodStart
INFO  2022-02-03 17:41:16,124 TBConfigService::? - GetTBConfig : MethodFinish
INFO  2022-02-03 17:41:17,089 LogProcessService::? - GetLogProcessAuthListWithModel : MethodStart
INFO  2022-02-03 17:41:17,228 LogProcessService::? - GetLogProcessAuthListWithModel : MethodFinish
INFO  2022-02-03 17:43:32,442 LogProcessService::? - GetLogProcessAuthListWithModel : MethodStart
INFO  2022-02-03 17:43:32,562 LogProcessService::? - GetLogProcessAuthListWithModel : MethodFinish
INFO  2022-02-03 17:46:50,335 TRNoticeMessageService::? - GetListWithModelByRole : MethodStart
INFO  2022-02-03 17:46:50,737 TRNoticeMessageService::? - GetListWithModelByRole : MethodFinish
INFO  2022-02-03 17:46:59,227 TBConfigService::? - GetTBConfig : MethodStart
INFO  2022-02-03 17:46:59,346 TBConfigService::? - GetTBConfig : MethodFinish
INFO  2022-02-03 17:47:10,840 TBConfigService::? - GetTBConfig : MethodStart
INFO  2022-02-03 17:47:10,956 TBConfigService::? - GetTBConfig : MethodFinish
INFO  2022-02-03 17:47:18,646 TBConfigService::? - GetTBConfig : MethodStart
INFO  2022-02-03 17:47:18,771 TBConfigService::? - GetTBConfig : MethodFinish
INFO  2022-02-03 17:47:30,374 TBConfigService::? - GetTBConfig : MethodStart
INFO  2022-02-03 17:47:30,489 TBConfigService::? - GetTBConfig : MethodFinish
INFO  2022-02-03 17:47:31,201 LogProcessService::? - GetLogProcessAuthListWithModel : MethodStart
INFO  2022-02-03 17:47:31,311 LogProcessService::? - GetLogProcessAuthListWithModel : MethodFinish
INFO  2022-02-03 17:47:37,984 TBConfigService::? - GetTBConfig : MethodStart
INFO  2022-02-03 17:47:38,097 TBConfigService::? - GetTBConfig : MethodFinish
INFO  2022-02-03 17:47:39,939 TBConfigService::? - GetTBConfig : MethodStart
INFO  2022-02-03 17:47:40,049 TBConfigService::? - GetTBConfig : MethodFinish
INFO  2022-02-03 17:49:39,565 LogProcessService::? - GetLogProcessAuthListWithModel : MethodStart
INFO  2022-02-03 17:49:39,678 LogProcessService::? - GetLogProcessAuthListWithModel : MethodFinish
INFO  2022-02-03 17:50:50,302 TRNoticeMessageService::? - GetListWithModelByRole : MethodStart
INFO  2022-02-03 17:50:50,397 TRNoticeMessageService::? - GetListWithModelByRole : MethodFinish
INFO  2022-02-03 17:50:53,496 TBConfigService::? - GetTBConfig : MethodStart
INFO  2022-02-03 17:50:53,609 TBConfigService::? - GetTBConfig : MethodFinish
INFO  2022-02-03 18:07:37,707 TRNoticeMessageService::? - GetListWithModelByRole : MethodStart
INFO  2022-02-03 18:07:37,958 TRNoticeMessageService::? - GetListWithModelByRole : MethodFinish
INFO  2022-02-03 18:07:47,670 TBConfigService::? - GetTBConfig : MethodStart
INFO  2022-02-03 18:07:47,929 TBConfigService::? - GetTBConfig : MethodFinish
INFO  2022-02-03 18:08:05,869 TBConfigService::? - GetTBConfig : MethodStart
INFO  2022-02-03 18:08:05,979 TBConfigService::? - GetTBConfig : MethodFinish
INFO  2022-02-03 18:08:21,617 TBConfigService::? - GetTBConfig : MethodStart
INFO  2022-02-03 18:08:21,724 TBConfigService::? - GetTBConfig : MethodFinish
INFO  2022-02-03 18:08:23,470 WHONETService::? - Get_TCWHONET_Antibiotics_Acitve_List : MethodStart
INFO  2022-02-03 18:08:23,473 TCWHONET_AntibioticsDAC::? - GetList_Active : MethodStart
INFO  2022-02-03 18:08:23,658 TCWHONET_AntibioticsDAC::? - GetList_Active : MethodFinish
INFO  2022-02-03 18:08:23,662 WHONETService::? - Get_TCWHONET_Antibiotics_Acitve_List : MethodFinish
INFO  2022-02-03 18:08:36,848 TBConfigService::? - GetTBConfig : MethodStart
INFO  2022-02-03 18:08:36,972 TBConfigService::? - GetTBConfig : MethodFinish
INFO  2022-02-03 18:10:51,429 TBConfigService::? - GetTBConfig : MethodStart
INFO  2022-02-03 18:10:51,535 TBConfigService::? - GetTBConfig : MethodFinish
INFO  2022-02-03 18:10:52,936 WHONETService::? - Get_TCWHONET_Antibiotics_Acitve_List : MethodStart
INFO  2022-02-03 18:10:52,941 TCWHONET_AntibioticsDAC::? - GetList_Active : MethodStart
INFO  2022-02-03 18:10:53,106 TCWHONET_AntibioticsDAC::? - GetList_Active : MethodFinish
INFO  2022-02-03 18:10:53,108 WHONETService::? - Get_TCWHONET_Antibiotics_Acitve_List : MethodFinish
INFO  2022-02-03 18:11:36,312 WHONETService::? - Get_TCWHONET_Antibiotics_Acitve_List : MethodStart
INFO  2022-02-03 18:11:36,314 TCWHONET_AntibioticsDAC::? - GetList_Active : MethodStart
INFO  2022-02-03 18:11:36,448 TCWHONET_AntibioticsDAC::? - GetList_Active : MethodFinish
INFO  2022-02-03 18:11:36,450 WHONETService::? - Get_TCWHONET_Antibiotics_Acitve_List : MethodFinish
INFO  2022-02-03 18:12:10,442 WHONETService::? - Get_TCWHONET_Antibiotics_Acitve_List : MethodStart
INFO  2022-02-03 18:12:10,448 TCWHONET_AntibioticsDAC::? - GetList_Active : MethodStart
INFO  2022-02-03 18:12:10,563 TCWHONET_AntibioticsDAC::? - GetList_Active : MethodFinish
INFO  2022-02-03 18:12:10,566 WHONETService::? - Get_TCWHONET_Antibiotics_Acitve_List : MethodFinish
INFO  2022-02-03 18:12:47,923 WHONETService::? - Get_TCWHONET_Antibiotics_Acitve_List : MethodStart
INFO  2022-02-03 18:12:47,927 TCWHONET_AntibioticsDAC::? - GetList_Active : MethodStart
INFO  2022-02-03 18:12:48,091 TCWHONET_AntibioticsDAC::? - GetList_Active : MethodFinish
INFO  2022-02-03 18:12:48,108 WHONETService::? - Get_TCWHONET_Antibiotics_Acitve_List : MethodFinish
INFO  2022-02-03 18:14:29,141 WHONETService::? - Get_TCWHONET_Antibiotics_Acitve_List : MethodStart
INFO  2022-02-03 18:14:29,143 TCWHONET_AntibioticsDAC::? - GetList_Active : MethodStart
INFO  2022-02-03 18:14:29,274 TCWHONET_AntibioticsDAC::? - GetList_Active : MethodFinish
INFO  2022-02-03 18:14:29,276 WHONETService::? - Get_TCWHONET_Antibiotics_Acitve_List : MethodFinish
INFO  2022-02-03 18:14:52,217 WHONETService::? - Get_TCWHONET_Antibiotics_Acitve_List : MethodStart
INFO  2022-02-03 18:14:52,222 TCWHONET_AntibioticsDAC::? - GetList_Active : MethodStart
INFO  2022-02-03 18:14:52,343 TCWHONET_AntibioticsDAC::? - GetList_Active : MethodFinish
INFO  2022-02-03 18:14:52,347 WHONETService::? - Get_TCWHONET_Antibiotics_Acitve_List : MethodFinish
INFO  2022-02-03 18:15:19,913 WHONETService::? - Get_TCWHONET_Antibiotics_Acitve_List : MethodStart
INFO  2022-02-03 18:15:19,919 TCWHONET_AntibioticsDAC::? - GetList_Active : MethodStart
INFO  2022-02-03 18:15:20,039 TCWHONET_AntibioticsDAC::? - GetList_Active : MethodFinish
INFO  2022-02-03 18:15:20,043 WHONETService::? - Get_TCWHONET_Antibiotics_Acitve_List : MethodFinish
INFO  2022-02-03 18:15:45,135 WHONETService::? - Get_TCWHONET_Antibiotics_Acitve_List : MethodStart
INFO  2022-02-03 18:15:45,140 TCWHONET_AntibioticsDAC::? - GetList_Active : MethodStart
INFO  2022-02-03 18:15:45,280 TCWHONET_AntibioticsDAC::? - GetList_Active : MethodFinish
INFO  2022-02-03 18:15:45,282 WHONETService::? - Get_TCWHONET_Antibiotics_Acitve_List : MethodFinish
INFO  2022-02-03 18:15:49,949 WHONETService::? - Get_TCWHONET_Antibiotics_Acitve_List : MethodStart
INFO  2022-02-03 18:15:49,951 TCWHONET_AntibioticsDAC::? - GetList_Active : MethodStart
INFO  2022-02-03 18:15:50,057 TCWHONET_AntibioticsDAC::? - GetList_Active : MethodFinish
INFO  2022-02-03 18:15:50,059 WHONETService::? - Get_TCWHONET_Antibiotics_Acitve_List : MethodFinish
INFO  2022-02-03 18:15:52,635 TBConfigService::? - GetTBConfig : MethodStart
INFO  2022-02-03 18:15:52,920 TBConfigService::? - GetTBConfig : MethodFinish
INFO  2022-02-03 18:39:28,789 TRNoticeMessageService::? - GetListWithModelByRole : MethodStart
INFO  2022-02-03 18:39:30,003 TRNoticeMessageService::? - GetListWithModelByRole : MethodFinish
INFO  2022-02-03 18:39:33,713 TBConfigService::? - GetTBConfig : MethodStart
INFO  2022-02-03 18:39:34,031 TBConfigService::? - GetTBConfig : MethodFinish
INFO  2022-02-03 18:40:01,558 TBConfigService::? - GetTBConfig : MethodStart
INFO  2022-02-03 18:40:01,709 TBConfigService::? - GetTBConfig : MethodFinish
