INFO  2023-05-25 09:08:00,212 LoginDataService::? - Get_LoginUser_Data : MethodStart
INFO  2023-05-25 09:08:01,567 LoginDataService::? - Get_LoginUser_Data : MethodFinish
INFO  2023-05-25 09:08:01,568 LoginDataService::? - Get_LoginUserPermission_Data : MethodStart
INFO  2023-05-25 09:08:01,721 LoginDataService::? - Get_LoginUserPermission_Data : MethodFinish
INFO  2023-05-25 09:08:01,722 LoginDataService::? - Get_LoginUserRolePermission_Data : MethodStart
INFO  2023-05-25 09:08:01,865 LoginDataService::? - Get_LoginUserRolePermission_Data : MethodFinish
INFO  2023-05-25 17:10:11,783 LoginDataService::? - Get_LoginUser_Data : MethodStart
INFO  2023-05-25 17:10:13,383 LoginDataService::? - Get_LoginUser_Data : MethodFinish
INFO  2023-05-25 17:10:13,384 LoginDataService::? - Get_LoginUserPermission_Data : MethodStart
INFO  2023-05-25 17:10:13,522 LoginDataService::? - Get_LoginUserPermission_Data : MethodFinish
INFO  2023-05-25 17:10:13,523 LoginDataService::? - Get_LoginUserRolePermission_Data : MethodStart
INFO  2023-05-25 17:10:13,658 LoginDataService::? - Get_LoginUserRolePermission_Data : MethodFinish
INFO  2023-05-25 17:14:04,748 LoginDataService::? - Get_LoginUser_Data : MethodStart
INFO  2023-05-25 17:14:05,979 LoginDataService::? - Get_LoginUser_Data : MethodFinish
INFO  2023-05-25 17:14:05,980 LoginDataService::? - Get_LoginUserPermission_Data : MethodStart
INFO  2023-05-25 17:14:06,127 LoginDataService::? - Get_LoginUserPermission_Data : MethodFinish
INFO  2023-05-25 17:14:06,128 LoginDataService::? - Get_LoginUserRolePermission_Data : MethodStart
INFO  2023-05-25 17:14:06,257 LoginDataService::? - Get_LoginUserRolePermission_Data : MethodFinish
INFO  2023-05-25 17:14:35,463 LoginDataService::? - Set_LogoutUser_Data : MethodStart
INFO  2023-05-25 17:14:38,101 LoginDataService::? - Set_LogoutUser_Data : MethodFinish
INFO  2023-05-25 17:16:43,032 LoginDataService::? - Get_LoginUser_Data : MethodStart
INFO  2023-05-25 17:16:44,279 LoginDataService::? - Get_LoginUser_Data : MethodFinish
INFO  2023-05-25 17:16:44,280 LoginDataService::? - Get_LoginUserPermission_Data : MethodStart
INFO  2023-05-25 17:16:44,400 LoginDataService::? - Get_LoginUserPermission_Data : MethodFinish
INFO  2023-05-25 17:16:44,401 LoginDataService::? - Get_LoginUserRolePermission_Data : MethodStart
INFO  2023-05-25 17:16:44,558 LoginDataService::? - Get_LoginUserRolePermission_Data : MethodFinish
INFO  2023-05-25 17:21:28,851 LoginDataService::? - Get_LoginUser_Data : MethodStart
INFO  2023-05-25 17:21:30,244 LoginDataService::? - Get_LoginUser_Data : MethodFinish
INFO  2023-05-25 17:21:30,244 LoginDataService::? - Get_LoginUserPermission_Data : MethodStart
INFO  2023-05-25 17:21:30,373 LoginDataService::? - Get_LoginUserPermission_Data : MethodFinish
INFO  2023-05-25 17:21:30,375 LoginDataService::? - Get_LoginUserRolePermission_Data : MethodStart
INFO  2023-05-25 17:21:30,506 LoginDataService::? - Get_LoginUserRolePermission_Data : MethodFinish
