INFO  2021-09-30 09:08:36,128 LoginDataService::? - Get_LoginUser_Data : MethodStart
INFO  2021-09-30 09:08:39,381 LoginDataService::? - Get_LoginUser_Data : MethodFinish
INFO  2021-09-30 09:08:39,385 LoginDataService::? - Get_LoginUserPermission_Data : MethodStart
INFO  2021-09-30 09:08:39,582 LoginDataService::? - Get_LoginUserPermission_Data : MethodFinish
INFO  2021-09-30 09:08:39,594 LoginDataService::? - Get_LoginUserRolePermission_Data : MethodStart
INFO  2021-09-30 09:08:39,771 LoginDataService::? - Get_LoginUserRolePermission_Data : MethodFinish
INFO  2021-09-30 09:31:03,131 LoginDataService::? - Get_LoginUser_Data : MethodStart
INFO  2021-09-30 09:31:05,603 LoginDataService::? - Get_LoginUser_Data : MethodFinish
INFO  2021-09-30 09:31:05,605 LoginDataService::? - Get_LoginUserPermission_Data : MethodStart
INFO  2021-09-30 09:31:05,748 LoginDataService::? - Get_LoginUserPermission_Data : MethodFinish
INFO  2021-09-30 09:31:05,768 LoginDataService::? - Get_LoginUserRolePermission_Data : MethodStart
INFO  2021-09-30 09:31:05,930 LoginDataService::? - Get_LoginUserRolePermission_Data : MethodFinish
INFO  2021-09-30 09:40:56,866 LoginDataService::? - Get_LoginUser_Data : MethodStart
INFO  2021-09-30 09:40:59,386 LoginDataService::? - Get_LoginUser_Data : MethodFinish
INFO  2021-09-30 09:40:59,396 LoginDataService::? - Get_LoginUserPermission_Data : MethodStart
INFO  2021-09-30 09:40:59,575 LoginDataService::? - Get_LoginUserPermission_Data : MethodFinish
INFO  2021-09-30 09:40:59,590 LoginDataService::? - Get_LoginUserRolePermission_Data : MethodStart
INFO  2021-09-30 09:40:59,770 LoginDataService::? - Get_LoginUserRolePermission_Data : MethodFinish
INFO  2021-09-30 09:50:37,501 LoginDataService::? - Get_LoginUser_Data : MethodStart
INFO  2021-09-30 09:50:40,360 LoginDataService::? - Get_LoginUser_Data : MethodFinish
INFO  2021-09-30 09:50:40,363 LoginDataService::? - Get_LoginUserPermission_Data : MethodStart
INFO  2021-09-30 09:50:40,532 LoginDataService::? - Get_LoginUserPermission_Data : MethodFinish
INFO  2021-09-30 09:50:40,556 LoginDataService::? - Get_LoginUserRolePermission_Data : MethodStart
INFO  2021-09-30 09:50:40,759 LoginDataService::? - Get_LoginUserRolePermission_Data : MethodFinish
INFO  2021-09-30 09:53:07,275 LoginDataService::? - Get_LoginUser_Data : MethodStart
INFO  2021-09-30 09:53:10,334 LoginDataService::? - Get_LoginUser_Data : MethodFinish
INFO  2021-09-30 09:53:10,338 LoginDataService::? - Get_LoginUserPermission_Data : MethodStart
INFO  2021-09-30 09:53:10,512 LoginDataService::? - Get_LoginUserPermission_Data : MethodFinish
INFO  2021-09-30 09:53:10,524 LoginDataService::? - Get_LoginUserRolePermission_Data : MethodStart
INFO  2021-09-30 09:53:10,773 LoginDataService::? - Get_LoginUserRolePermission_Data : MethodFinish
INFO  2021-09-30 09:59:58,576 LoginDataService::? - Get_LoginUser_Data : MethodStart
INFO  2021-09-30 10:00:01,439 LoginDataService::? - Get_LoginUser_Data : MethodFinish
INFO  2021-09-30 10:00:01,442 LoginDataService::? - Get_LoginUserPermission_Data : MethodStart
INFO  2021-09-30 10:00:01,709 LoginDataService::? - Get_LoginUserPermission_Data : MethodFinish
INFO  2021-09-30 10:00:01,733 LoginDataService::? - Get_LoginUserRolePermission_Data : MethodStart
INFO  2021-09-30 10:00:01,992 LoginDataService::? - Get_LoginUserRolePermission_Data : MethodFinish
INFO  2021-09-30 10:09:34,731 LoginDataService::? - Get_LoginUser_Data : MethodStart
INFO  2021-09-30 10:09:36,686 LoginDataService::? - Get_LoginUser_Data : MethodFinish
INFO  2021-09-30 10:09:36,703 LoginDataService::? - Get_LoginUserPermission_Data : MethodStart
INFO  2021-09-30 10:09:36,853 LoginDataService::? - Get_LoginUserPermission_Data : MethodFinish
INFO  2021-09-30 10:09:36,865 LoginDataService::? - Get_LoginUserRolePermission_Data : MethodStart
INFO  2021-09-30 10:09:37,375 LoginDataService::? - Get_LoginUserRolePermission_Data : MethodFinish
INFO  2021-09-30 10:16:16,678 LoginDataService::? - Get_LoginUser_Data : MethodStart
INFO  2021-09-30 10:16:17,994 LoginDataService::? - Get_LoginUser_Data : MethodFinish
INFO  2021-09-30 10:16:17,999 LoginDataService::? - Get_LoginUserPermission_Data : MethodStart
INFO  2021-09-30 10:16:18,132 LoginDataService::? - Get_LoginUserPermission_Data : MethodFinish
INFO  2021-09-30 10:16:18,142 LoginDataService::? - Get_LoginUserRolePermission_Data : MethodStart
INFO  2021-09-30 10:16:18,272 LoginDataService::? - Get_LoginUserRolePermission_Data : MethodFinish
INFO  2021-09-30 11:44:26,638 LoginDataService::? - Get_LoginUser_Data : MethodStart
INFO  2021-09-30 11:44:28,009 LoginDataService::? - Get_LoginUser_Data : MethodFinish
INFO  2021-09-30 11:44:28,019 LoginDataService::? - Get_LoginUserPermission_Data : MethodStart
INFO  2021-09-30 11:44:28,179 LoginDataService::? - Get_LoginUserPermission_Data : MethodFinish
INFO  2021-09-30 11:44:28,190 LoginDataService::? - Get_LoginUserRolePermission_Data : MethodStart
INFO  2021-09-30 11:44:28,351 LoginDataService::? - Get_LoginUserRolePermission_Data : MethodFinish
INFO  2021-09-30 11:48:17,786 LoginDataService::? - Get_LoginUser_Data : MethodStart
INFO  2021-09-30 11:48:19,100 LoginDataService::? - Get_LoginUser_Data : MethodFinish
INFO  2021-09-30 11:48:19,122 LoginDataService::? - Get_LoginUserPermission_Data : MethodStart
INFO  2021-09-30 11:48:19,295 LoginDataService::? - Get_LoginUserPermission_Data : MethodFinish
INFO  2021-09-30 11:48:19,307 LoginDataService::? - Get_LoginUserRolePermission_Data : MethodStart
INFO  2021-09-30 11:48:19,460 LoginDataService::? - Get_LoginUserRolePermission_Data : MethodFinish
INFO  2021-09-30 11:54:53,171 LoginDataService::? - Get_LoginUser_Data : MethodStart
INFO  2021-09-30 11:54:54,486 LoginDataService::? - Get_LoginUser_Data : MethodFinish
INFO  2021-09-30 11:54:54,497 LoginDataService::? - Get_LoginUserPermission_Data : MethodStart
INFO  2021-09-30 11:54:54,623 LoginDataService::? - Get_LoginUserPermission_Data : MethodFinish
INFO  2021-09-30 11:54:54,637 LoginDataService::? - Get_LoginUserRolePermission_Data : MethodStart
INFO  2021-09-30 11:54:54,802 LoginDataService::? - Get_LoginUserRolePermission_Data : MethodFinish
INFO  2021-09-30 12:09:05,443 LoginDataService::? - Get_LoginUser_Data : MethodStart
INFO  2021-09-30 12:09:06,712 LoginDataService::? - Get_LoginUser_Data : MethodFinish
INFO  2021-09-30 12:09:06,726 LoginDataService::? - Get_LoginUserPermission_Data : MethodStart
INFO  2021-09-30 12:09:06,847 LoginDataService::? - Get_LoginUserPermission_Data : MethodFinish
INFO  2021-09-30 12:09:06,852 LoginDataService::? - Get_LoginUserRolePermission_Data : MethodStart
INFO  2021-09-30 12:09:06,972 LoginDataService::? - Get_LoginUserRolePermission_Data : MethodFinish
INFO  2021-09-30 12:35:45,498 LoginDataService::? - Get_LoginUser_Data : MethodStart
INFO  2021-09-30 12:35:46,973 LoginDataService::? - Get_LoginUser_Data : MethodFinish
INFO  2021-09-30 12:35:46,980 LoginDataService::? - Get_LoginUserPermission_Data : MethodStart
INFO  2021-09-30 12:35:47,127 LoginDataService::? - Get_LoginUserPermission_Data : MethodFinish
INFO  2021-09-30 12:35:47,133 LoginDataService::? - Get_LoginUserRolePermission_Data : MethodStart
INFO  2021-09-30 12:35:47,301 LoginDataService::? - Get_LoginUserRolePermission_Data : MethodFinish
INFO  2021-09-30 13:16:05,762 LoginDataService::? - Get_LoginUser_Data : MethodStart
INFO  2021-09-30 13:16:07,268 LoginDataService::? - Get_LoginUser_Data : MethodFinish
INFO  2021-09-30 13:16:07,274 LoginDataService::? - Get_LoginUserPermission_Data : MethodStart
INFO  2021-09-30 13:16:07,419 LoginDataService::? - Get_LoginUserPermission_Data : MethodFinish
INFO  2021-09-30 13:16:07,425 LoginDataService::? - Get_LoginUserRolePermission_Data : MethodStart
INFO  2021-09-30 13:16:07,561 LoginDataService::? - Get_LoginUserRolePermission_Data : MethodFinish
INFO  2021-09-30 13:33:46,432 LoginDataService::? - Get_LoginUser_Data : MethodStart
INFO  2021-09-30 13:33:47,736 LoginDataService::? - Get_LoginUser_Data : MethodFinish
INFO  2021-09-30 13:33:47,756 LoginDataService::? - Get_LoginUserPermission_Data : MethodStart
INFO  2021-09-30 13:33:47,892 LoginDataService::? - Get_LoginUserPermission_Data : MethodFinish
INFO  2021-09-30 13:33:47,899 LoginDataService::? - Get_LoginUserRolePermission_Data : MethodStart
INFO  2021-09-30 13:33:48,022 LoginDataService::? - Get_LoginUserRolePermission_Data : MethodFinish
INFO  2021-09-30 15:19:43,223 LoginDataService::? - Get_LoginUser_Data : MethodStart
INFO  2021-09-30 15:19:47,574 LoginDataService::? - Get_LoginUser_Data : MethodFinish
INFO  2021-09-30 15:19:47,587 LoginDataService::? - Get_LoginUserPermission_Data : MethodStart
INFO  2021-09-30 15:19:47,776 LoginDataService::? - Get_LoginUserPermission_Data : MethodFinish
INFO  2021-09-30 15:19:47,790 LoginDataService::? - Get_LoginUserRolePermission_Data : MethodStart
INFO  2021-09-30 15:19:47,990 LoginDataService::? - Get_LoginUserRolePermission_Data : MethodFinish
INFO  2021-09-30 16:32:48,242 LoginDataService::? - Get_LoginUser_Data : MethodStart
INFO  2021-09-30 16:32:49,528 LoginDataService::? - Get_LoginUser_Data : MethodFinish
INFO  2021-09-30 16:32:49,542 LoginDataService::? - Get_LoginUserPermission_Data : MethodStart
INFO  2021-09-30 16:32:49,660 LoginDataService::? - Get_LoginUserPermission_Data : MethodFinish
INFO  2021-09-30 16:32:49,682 LoginDataService::? - Get_LoginUserRolePermission_Data : MethodStart
INFO  2021-09-30 16:32:49,844 LoginDataService::? - Get_LoginUserRolePermission_Data : MethodFinish
