INFO  2023-05-19 14:51:43,184 LoginDataService::? - Get_LoginUser_Data : MethodStart
INFO  2023-05-19 14:51:44,594 LoginDataService::? - Get_LoginUser_Data : MethodFinish
INFO  2023-05-19 14:51:44,595 LoginDataService::? - Get_LoginUserPermission_Data : MethodStart
INFO  2023-05-19 14:51:44,705 LoginDataService::? - Get_LoginUserPermission_Data : MethodFinish
INFO  2023-05-19 14:51:44,706 LoginDataService::? - Get_LoginUserRolePermission_Data : MethodStart
INFO  2023-05-19 14:51:45,077 LoginDataService::? - Get_LoginUserRolePermission_Data : MethodFinish
INFO  2023-05-19 15:04:36,651 LoginDataService::? - Get_LoginUser_Data : MethodStart
INFO  2023-05-19 15:04:37,816 LoginDataService::? - Get_LoginUser_Data : MethodFinish
INFO  2023-05-19 15:04:37,818 LoginDataService::? - Get_LoginUserPermission_Data : MethodStart
INFO  2023-05-19 15:04:37,927 LoginDataService::? - Get_LoginUserPermission_Data : MethodFinish
INFO  2023-05-19 15:04:37,929 LoginDataService::? - Get_LoginUserRolePermission_Data : MethodStart
INFO  2023-05-19 15:04:38,038 LoginDataService::? - Get_LoginUserRolePermission_Data : MethodFinish
INFO  2023-05-19 15:08:22,793 LoginDataService::? - Get_LoginUser_Data : MethodStart
INFO  2023-05-19 15:08:23,852 LoginDataService::? - Get_LoginUser_Data : MethodFinish
INFO  2023-05-19 15:08:23,853 LoginDataService::? - Get_LoginUserPermission_Data : MethodStart
INFO  2023-05-19 15:08:23,959 LoginDataService::? - Get_LoginUserPermission_Data : MethodFinish
INFO  2023-05-19 15:08:23,960 LoginDataService::? - Get_LoginUserRolePermission_Data : MethodStart
INFO  2023-05-19 15:08:24,073 LoginDataService::? - Get_LoginUserRolePermission_Data : MethodFinish
INFO  2023-05-19 15:10:00,977 LoginDataService::? - Get_LoginUser_Data : MethodStart
INFO  2023-05-19 15:10:02,157 LoginDataService::? - Get_LoginUser_Data : MethodFinish
INFO  2023-05-19 15:10:02,158 LoginDataService::? - Get_LoginUserPermission_Data : MethodStart
INFO  2023-05-19 15:10:02,264 LoginDataService::? - Get_LoginUserPermission_Data : MethodFinish
INFO  2023-05-19 15:10:02,265 LoginDataService::? - Get_LoginUserRolePermission_Data : MethodStart
INFO  2023-05-19 15:10:02,377 LoginDataService::? - Get_LoginUserRolePermission_Data : MethodFinish
INFO  2023-05-19 15:16:03,923 LoginDataService::? - Get_LoginUser_Data : MethodStart
INFO  2023-05-19 15:16:05,110 LoginDataService::? - Get_LoginUser_Data : MethodFinish
INFO  2023-05-19 15:16:05,111 LoginDataService::? - Get_LoginUserPermission_Data : MethodStart
INFO  2023-05-19 15:16:05,223 LoginDataService::? - Get_LoginUserPermission_Data : MethodFinish
INFO  2023-05-19 15:16:05,224 LoginDataService::? - Get_LoginUserRolePermission_Data : MethodStart
INFO  2023-05-19 15:16:05,342 LoginDataService::? - Get_LoginUserRolePermission_Data : MethodFinish
INFO  2023-05-19 15:17:49,665 LoginDataService::? - Get_LoginUser_Data : MethodStart
INFO  2023-05-19 15:17:50,881 LoginDataService::? - Get_LoginUser_Data : MethodFinish
INFO  2023-05-19 15:17:50,882 LoginDataService::? - Get_LoginUserPermission_Data : MethodStart
INFO  2023-05-19 15:17:50,996 LoginDataService::? - Get_LoginUserPermission_Data : MethodFinish
INFO  2023-05-19 15:17:50,997 LoginDataService::? - Get_LoginUserRolePermission_Data : MethodStart
INFO  2023-05-19 15:17:51,121 LoginDataService::? - Get_LoginUserRolePermission_Data : MethodFinish
INFO  2023-05-19 15:20:46,626 LoginDataService::? - Get_LoginUser_Data : MethodStart
INFO  2023-05-19 15:20:47,747 LoginDataService::? - Get_LoginUser_Data : MethodFinish
INFO  2023-05-19 15:20:47,748 LoginDataService::? - Get_LoginUserPermission_Data : MethodStart
INFO  2023-05-19 15:20:47,856 LoginDataService::? - Get_LoginUserPermission_Data : MethodFinish
INFO  2023-05-19 15:20:47,857 LoginDataService::? - Get_LoginUserRolePermission_Data : MethodStart
INFO  2023-05-19 15:20:47,970 LoginDataService::? - Get_LoginUserRolePermission_Data : MethodFinish
INFO  2023-05-19 15:28:31,868 LoginDataService::? - Get_LoginUser_Data : MethodStart
INFO  2023-05-19 15:28:32,952 LoginDataService::? - Get_LoginUser_Data : MethodFinish
INFO  2023-05-19 15:28:32,953 LoginDataService::? - Get_LoginUserPermission_Data : MethodStart
INFO  2023-05-19 15:28:33,058 LoginDataService::? - Get_LoginUserPermission_Data : MethodFinish
INFO  2023-05-19 15:28:33,060 LoginDataService::? - Get_LoginUserRolePermission_Data : MethodStart
INFO  2023-05-19 15:28:33,169 LoginDataService::? - Get_LoginUserRolePermission_Data : MethodFinish
INFO  2023-05-19 15:31:49,927 LoginDataService::? - Get_LoginUser_Data : MethodStart
INFO  2023-05-19 15:31:50,994 LoginDataService::? - Get_LoginUser_Data : MethodFinish
INFO  2023-05-19 15:31:50,995 LoginDataService::? - Get_LoginUserPermission_Data : MethodStart
INFO  2023-05-19 15:31:51,103 LoginDataService::? - Get_LoginUserPermission_Data : MethodFinish
INFO  2023-05-19 15:31:51,105 LoginDataService::? - Get_LoginUserRolePermission_Data : MethodStart
INFO  2023-05-19 15:31:51,222 LoginDataService::? - Get_LoginUserRolePermission_Data : MethodFinish
INFO  2023-05-19 15:33:54,777 LoginDataService::? - Get_LoginUser_Data : MethodStart
INFO  2023-05-19 15:33:55,942 LoginDataService::? - Get_LoginUser_Data : MethodFinish
INFO  2023-05-19 15:33:55,943 LoginDataService::? - Get_LoginUserPermission_Data : MethodStart
INFO  2023-05-19 15:33:56,043 LoginDataService::? - Get_LoginUserPermission_Data : MethodFinish
INFO  2023-05-19 15:33:56,045 LoginDataService::? - Get_LoginUserRolePermission_Data : MethodStart
INFO  2023-05-19 15:33:56,150 LoginDataService::? - Get_LoginUserRolePermission_Data : MethodFinish
INFO  2023-05-19 15:35:42,184 LoginDataService::? - Get_LoginUser_Data : MethodStart
INFO  2023-05-19 15:35:43,583 LoginDataService::? - Get_LoginUser_Data : MethodFinish
INFO  2023-05-19 15:35:43,583 LoginDataService::? - Get_LoginUserPermission_Data : MethodStart
INFO  2023-05-19 15:35:43,697 LoginDataService::? - Get_LoginUserPermission_Data : MethodFinish
INFO  2023-05-19 15:35:43,699 LoginDataService::? - Get_LoginUserRolePermission_Data : MethodStart
INFO  2023-05-19 15:35:43,817 LoginDataService::? - Get_LoginUserRolePermission_Data : MethodFinish
INFO  2023-05-19 15:37:57,088 LoginDataService::? - Get_LoginUser_Data : MethodStart
INFO  2023-05-19 15:37:58,265 LoginDataService::? - Get_LoginUser_Data : MethodFinish
INFO  2023-05-19 15:37:58,266 LoginDataService::? - Get_LoginUserPermission_Data : MethodStart
INFO  2023-05-19 15:37:58,374 LoginDataService::? - Get_LoginUserPermission_Data : MethodFinish
INFO  2023-05-19 15:37:58,375 LoginDataService::? - Get_LoginUserRolePermission_Data : MethodStart
INFO  2023-05-19 15:37:58,492 LoginDataService::? - Get_LoginUserRolePermission_Data : MethodFinish
INFO  2023-05-19 15:43:52,937 LoginDataService::? - Get_LoginUser_Data : MethodStart
INFO  2023-05-19 15:43:54,162 LoginDataService::? - Get_LoginUser_Data : MethodFinish
INFO  2023-05-19 15:43:54,162 LoginDataService::? - Get_LoginUserPermission_Data : MethodStart
INFO  2023-05-19 15:43:54,268 LoginDataService::? - Get_LoginUserPermission_Data : MethodFinish
INFO  2023-05-19 15:43:54,269 LoginDataService::? - Get_LoginUserRolePermission_Data : MethodStart
INFO  2023-05-19 15:43:54,384 LoginDataService::? - Get_LoginUserRolePermission_Data : MethodFinish
INFO  2023-05-19 15:47:22,176 LoginDataService::? - Get_LoginUser_Data : MethodStart
INFO  2023-05-19 15:47:23,332 LoginDataService::? - Get_LoginUser_Data : MethodFinish
INFO  2023-05-19 15:47:23,333 LoginDataService::? - Get_LoginUserPermission_Data : MethodStart
INFO  2023-05-19 15:47:23,442 LoginDataService::? - Get_LoginUserPermission_Data : MethodFinish
INFO  2023-05-19 15:47:23,444 LoginDataService::? - Get_LoginUserRolePermission_Data : MethodStart
INFO  2023-05-19 15:47:23,580 LoginDataService::? - Get_LoginUserRolePermission_Data : MethodFinish
INFO  2023-05-19 16:01:03,183 LoginDataService::? - Get_LoginUser_Data : MethodStart
INFO  2023-05-19 16:01:04,313 LoginDataService::? - Get_LoginUser_Data : MethodFinish
INFO  2023-05-19 16:01:04,314 LoginDataService::? - Get_LoginUserPermission_Data : MethodStart
INFO  2023-05-19 16:01:04,433 LoginDataService::? - Get_LoginUserPermission_Data : MethodFinish
INFO  2023-05-19 16:01:04,434 LoginDataService::? - Get_LoginUserRolePermission_Data : MethodStart
INFO  2023-05-19 16:01:04,552 LoginDataService::? - Get_LoginUserRolePermission_Data : MethodFinish
INFO  2023-05-19 16:07:08,222 LoginDataService::? - Get_LoginUser_Data : MethodStart
INFO  2023-05-19 16:07:09,351 LoginDataService::? - Get_LoginUser_Data : MethodFinish
INFO  2023-05-19 16:07:09,352 LoginDataService::? - Get_LoginUserPermission_Data : MethodStart
INFO  2023-05-19 16:07:09,456 LoginDataService::? - Get_LoginUserPermission_Data : MethodFinish
INFO  2023-05-19 16:07:09,457 LoginDataService::? - Get_LoginUserRolePermission_Data : MethodStart
INFO  2023-05-19 16:07:09,566 LoginDataService::? - Get_LoginUserRolePermission_Data : MethodFinish
INFO  2023-05-19 16:11:25,028 LoginDataService::? - Get_LoginUser_Data : MethodStart
INFO  2023-05-19 16:11:26,224 LoginDataService::? - Get_LoginUser_Data : MethodFinish
INFO  2023-05-19 16:11:26,225 LoginDataService::? - Get_LoginUserPermission_Data : MethodStart
INFO  2023-05-19 16:11:26,328 LoginDataService::? - Get_LoginUserPermission_Data : MethodFinish
INFO  2023-05-19 16:11:26,329 LoginDataService::? - Get_LoginUserRolePermission_Data : MethodStart
INFO  2023-05-19 16:11:26,439 LoginDataService::? - Get_LoginUserRolePermission_Data : MethodFinish
INFO  2023-05-19 16:14:17,405 LoginDataService::? - Get_LoginUser_Data : MethodStart
INFO  2023-05-19 16:14:18,621 LoginDataService::? - Get_LoginUser_Data : MethodFinish
INFO  2023-05-19 16:14:18,621 LoginDataService::? - Get_LoginUserPermission_Data : MethodStart
INFO  2023-05-19 16:14:18,738 LoginDataService::? - Get_LoginUserPermission_Data : MethodFinish
INFO  2023-05-19 16:14:18,739 LoginDataService::? - Get_LoginUserRolePermission_Data : MethodStart
INFO  2023-05-19 16:14:18,858 LoginDataService::? - Get_LoginUserRolePermission_Data : MethodFinish
INFO  2023-05-19 16:22:56,903 LoginDataService::? - Get_LoginUser_Data : MethodStart
INFO  2023-05-19 16:22:57,991 LoginDataService::? - Get_LoginUser_Data : MethodFinish
INFO  2023-05-19 16:22:57,992 LoginDataService::? - Get_LoginUserPermission_Data : MethodStart
INFO  2023-05-19 16:22:58,096 LoginDataService::? - Get_LoginUserPermission_Data : MethodFinish
INFO  2023-05-19 16:22:58,097 LoginDataService::? - Get_LoginUserRolePermission_Data : MethodStart
INFO  2023-05-19 16:22:58,206 LoginDataService::? - Get_LoginUserRolePermission_Data : MethodFinish
INFO  2023-05-19 16:25:57,723 LoginDataService::? - Get_LoginUser_Data : MethodStart
INFO  2023-05-19 16:25:58,831 LoginDataService::? - Get_LoginUser_Data : MethodFinish
INFO  2023-05-19 16:25:58,831 LoginDataService::? - Get_LoginUserPermission_Data : MethodStart
INFO  2023-05-19 16:25:58,934 LoginDataService::? - Get_LoginUserPermission_Data : MethodFinish
INFO  2023-05-19 16:25:58,935 LoginDataService::? - Get_LoginUserRolePermission_Data : MethodStart
INFO  2023-05-19 16:25:59,048 LoginDataService::? - Get_LoginUserRolePermission_Data : MethodFinish
INFO  2023-05-19 16:28:41,236 LoginDataService::? - Get_LoginUser_Data : MethodStart
INFO  2023-05-19 16:28:42,375 LoginDataService::? - Get_LoginUser_Data : MethodFinish
INFO  2023-05-19 16:28:42,376 LoginDataService::? - Get_LoginUserPermission_Data : MethodStart
INFO  2023-05-19 16:28:42,486 LoginDataService::? - Get_LoginUserPermission_Data : MethodFinish
INFO  2023-05-19 16:28:42,488 LoginDataService::? - Get_LoginUserRolePermission_Data : MethodStart
INFO  2023-05-19 16:28:42,606 LoginDataService::? - Get_LoginUserRolePermission_Data : MethodFinish
INFO  2023-05-19 16:30:45,202 LoginDataService::? - Get_LoginUser_Data : MethodStart
INFO  2023-05-19 16:30:46,201 LoginDataService::? - Get_LoginUser_Data : MethodFinish
INFO  2023-05-19 16:30:46,202 LoginDataService::? - Get_LoginUserPermission_Data : MethodStart
INFO  2023-05-19 16:30:46,305 LoginDataService::? - Get_LoginUserPermission_Data : MethodFinish
INFO  2023-05-19 16:30:46,306 LoginDataService::? - Get_LoginUserRolePermission_Data : MethodStart
INFO  2023-05-19 16:30:46,418 LoginDataService::? - Get_LoginUserRolePermission_Data : MethodFinish
INFO  2023-05-19 16:32:19,425 LoginDataService::? - Get_LoginUser_Data : MethodStart
INFO  2023-05-19 16:32:20,689 LoginDataService::? - Get_LoginUser_Data : MethodFinish
INFO  2023-05-19 16:32:20,690 LoginDataService::? - Get_LoginUserPermission_Data : MethodStart
INFO  2023-05-19 16:32:20,798 LoginDataService::? - Get_LoginUserPermission_Data : MethodFinish
INFO  2023-05-19 16:32:20,799 LoginDataService::? - Get_LoginUserRolePermission_Data : MethodStart
INFO  2023-05-19 16:32:20,907 LoginDataService::? - Get_LoginUserRolePermission_Data : MethodFinish
INFO  2023-05-19 16:34:01,736 LoginDataService::? - Get_LoginUser_Data : MethodStart
INFO  2023-05-19 16:34:02,851 LoginDataService::? - Get_LoginUser_Data : MethodFinish
INFO  2023-05-19 16:34:02,852 LoginDataService::? - Get_LoginUserPermission_Data : MethodStart
INFO  2023-05-19 16:34:02,954 LoginDataService::? - Get_LoginUserPermission_Data : MethodFinish
INFO  2023-05-19 16:34:02,955 LoginDataService::? - Get_LoginUserRolePermission_Data : MethodStart
INFO  2023-05-19 16:34:03,069 LoginDataService::? - Get_LoginUserRolePermission_Data : MethodFinish
INFO  2023-05-19 16:37:59,033 LoginDataService::? - Get_LoginUser_Data : MethodStart
INFO  2023-05-19 16:38:00,179 LoginDataService::? - Get_LoginUser_Data : MethodFinish
INFO  2023-05-19 16:38:00,180 LoginDataService::? - Get_LoginUserPermission_Data : MethodStart
INFO  2023-05-19 16:38:00,295 LoginDataService::? - Get_LoginUserPermission_Data : MethodFinish
INFO  2023-05-19 16:38:00,296 LoginDataService::? - Get_LoginUserRolePermission_Data : MethodStart
INFO  2023-05-19 16:38:00,414 LoginDataService::? - Get_LoginUserRolePermission_Data : MethodFinish
INFO  2023-05-19 16:41:51,298 LoginDataService::? - Get_LoginUser_Data : MethodStart
INFO  2023-05-19 16:41:52,458 LoginDataService::? - Get_LoginUser_Data : MethodFinish
INFO  2023-05-19 16:41:52,459 LoginDataService::? - Get_LoginUserPermission_Data : MethodStart
INFO  2023-05-19 16:41:52,578 LoginDataService::? - Get_LoginUserPermission_Data : MethodFinish
INFO  2023-05-19 16:41:52,579 LoginDataService::? - Get_LoginUserRolePermission_Data : MethodStart
INFO  2023-05-19 16:41:52,702 LoginDataService::? - Get_LoginUserRolePermission_Data : MethodFinish
INFO  2023-05-19 16:50:58,841 LoginDataService::? - Get_LoginUser_Data : MethodStart
INFO  2023-05-19 16:50:59,939 LoginDataService::? - Get_LoginUser_Data : MethodFinish
INFO  2023-05-19 16:50:59,940 LoginDataService::? - Get_LoginUserPermission_Data : MethodStart
INFO  2023-05-19 16:51:00,055 LoginDataService::? - Get_LoginUserPermission_Data : MethodFinish
INFO  2023-05-19 16:51:00,056 LoginDataService::? - Get_LoginUserRolePermission_Data : MethodStart
INFO  2023-05-19 16:51:00,175 LoginDataService::? - Get_LoginUserRolePermission_Data : MethodFinish
INFO  2023-05-19 16:53:39,493 LoginDataService::? - Get_LoginUser_Data : MethodStart
INFO  2023-05-19 16:53:40,506 LoginDataService::? - Get_LoginUser_Data : MethodFinish
INFO  2023-05-19 16:53:40,507 LoginDataService::? - Get_LoginUserPermission_Data : MethodStart
INFO  2023-05-19 16:53:40,612 LoginDataService::? - Get_LoginUserPermission_Data : MethodFinish
INFO  2023-05-19 16:53:40,613 LoginDataService::? - Get_LoginUserRolePermission_Data : MethodStart
INFO  2023-05-19 16:53:40,723 LoginDataService::? - Get_LoginUserRolePermission_Data : MethodFinish
INFO  2023-05-19 16:56:41,126 LoginDataService::? - Get_LoginUser_Data : MethodStart
INFO  2023-05-19 16:56:42,383 LoginDataService::? - Get_LoginUser_Data : MethodFinish
INFO  2023-05-19 16:56:42,388 LoginDataService::? - Get_LoginUserPermission_Data : MethodStart
INFO  2023-05-19 16:56:42,597 LoginDataService::? - Get_LoginUserPermission_Data : MethodFinish
INFO  2023-05-19 16:56:42,606 LoginDataService::? - Get_LoginUserRolePermission_Data : MethodStart
INFO  2023-05-19 16:56:42,948 LoginDataService::? - Get_LoginUserRolePermission_Data : MethodFinish
INFO  2023-05-19 17:01:39,086 LoginDataService::? - Get_LoginUser_Data : MethodStart
INFO  2023-05-19 17:01:40,127 LoginDataService::? - Get_LoginUser_Data : MethodFinish
INFO  2023-05-19 17:01:40,128 LoginDataService::? - Get_LoginUserPermission_Data : MethodStart
INFO  2023-05-19 17:01:40,238 LoginDataService::? - Get_LoginUserPermission_Data : MethodFinish
INFO  2023-05-19 17:01:40,239 LoginDataService::? - Get_LoginUserRolePermission_Data : MethodStart
INFO  2023-05-19 17:01:40,351 LoginDataService::? - Get_LoginUserRolePermission_Data : MethodFinish
INFO  2023-05-19 17:05:03,403 LoginDataService::? - Get_LoginUser_Data : MethodStart
INFO  2023-05-19 17:05:04,468 LoginDataService::? - Get_LoginUser_Data : MethodFinish
INFO  2023-05-19 17:05:04,469 LoginDataService::? - Get_LoginUserPermission_Data : MethodStart
INFO  2023-05-19 17:05:04,577 LoginDataService::? - Get_LoginUserPermission_Data : MethodFinish
INFO  2023-05-19 17:05:04,578 LoginDataService::? - Get_LoginUserRolePermission_Data : MethodStart
INFO  2023-05-19 17:05:04,694 LoginDataService::? - Get_LoginUserRolePermission_Data : MethodFinish
