INFO  2021-09-06 00:31:36,395 LoginDataService::? - Set_LogoutUser_Data : MethodStart
INFO  2021-09-06 00:31:37,005 LoginDataService::? - Set_LogoutUser_Data : MethodFinish
INFO  2021-09-06 10:33:19,936 LoginDataService::? - Get_LoginUser_Data : MethodStart
INFO  2021-09-06 10:33:21,317 LoginDataService::? - Get_LoginUser_Data : MethodFinish
INFO  2021-09-06 10:33:21,318 LoginDataService::? - Get_LoginUserPermission_Data : MethodStart
INFO  2021-09-06 10:33:21,459 LoginDataService::? - Get_LoginUserPermission_Data : MethodFinish
INFO  2021-09-06 10:33:21,462 LoginDataService::? - Get_LoginUserRolePermission_Data : MethodStart
INFO  2021-09-06 10:33:21,646 LoginDataService::? - Get_LoginUserRolePermission_Data : MethodFinish
INFO  2021-09-06 11:07:46,639 LoginDataService::? - Get_LoginUser_Data : MethodStart
INFO  2021-09-06 11:07:47,993 LoginDataService::? - Get_LoginUser_Data : MethodFinish
INFO  2021-09-06 11:07:47,995 LoginDataService::? - Get_LoginUserPermission_Data : MethodStart
INFO  2021-09-06 11:07:48,118 LoginDataService::? - Get_LoginUserPermission_Data : MethodFinish
INFO  2021-09-06 11:07:48,120 LoginDataService::? - Get_LoginUserRolePermission_Data : MethodStart
INFO  2021-09-06 11:07:48,245 LoginDataService::? - Get_LoginUserRolePermission_Data : MethodFinish
INFO  2021-09-06 11:28:15,691 LoginDataService::? - Get_LoginUser_Data : MethodStart
INFO  2021-09-06 11:28:17,492 LoginDataService::? - Get_LoginUser_Data : MethodFinish
INFO  2021-09-06 11:28:17,493 LoginDataService::? - Get_LoginUserPermission_Data : MethodStart
INFO  2021-09-06 11:28:17,625 LoginDataService::? - Get_LoginUserPermission_Data : MethodFinish
INFO  2021-09-06 11:28:17,627 LoginDataService::? - Get_LoginUserRolePermission_Data : MethodStart
INFO  2021-09-06 11:28:17,764 LoginDataService::? - Get_LoginUserRolePermission_Data : MethodFinish
INFO  2021-09-06 11:38:57,240 LoginDataService::? - Get_LoginUser_Data : MethodStart
INFO  2021-09-06 11:38:58,810 LoginDataService::? - Get_LoginUser_Data : MethodFinish
INFO  2021-09-06 11:38:58,811 LoginDataService::? - Get_LoginUserPermission_Data : MethodStart
INFO  2021-09-06 11:38:58,931 LoginDataService::? - Get_LoginUserPermission_Data : MethodFinish
INFO  2021-09-06 11:38:58,933 LoginDataService::? - Get_LoginUserRolePermission_Data : MethodStart
INFO  2021-09-06 11:38:59,067 LoginDataService::? - Get_LoginUserRolePermission_Data : MethodFinish
INFO  2021-09-06 11:42:35,289 LoginDataService::? - Get_LoginUser_Data : MethodStart
INFO  2021-09-06 11:42:36,827 LoginDataService::? - Get_LoginUser_Data : MethodFinish
INFO  2021-09-06 11:42:36,829 LoginDataService::? - Get_LoginUserPermission_Data : MethodStart
INFO  2021-09-06 11:42:36,949 LoginDataService::? - Get_LoginUserPermission_Data : MethodFinish
INFO  2021-09-06 11:42:36,952 LoginDataService::? - Get_LoginUserRolePermission_Data : MethodStart
INFO  2021-09-06 11:42:37,071 LoginDataService::? - Get_LoginUserRolePermission_Data : MethodFinish
INFO  2021-09-06 11:54:13,628 LoginDataService::? - Get_LoginUser_Data : MethodStart
INFO  2021-09-06 11:54:15,425 LoginDataService::? - Get_LoginUser_Data : MethodFinish
INFO  2021-09-06 11:54:15,427 LoginDataService::? - Get_LoginUserPermission_Data : MethodStart
INFO  2021-09-06 11:54:15,538 LoginDataService::? - Get_LoginUserPermission_Data : MethodFinish
INFO  2021-09-06 11:54:15,540 LoginDataService::? - Get_LoginUserRolePermission_Data : MethodStart
INFO  2021-09-06 11:54:15,660 LoginDataService::? - Get_LoginUserRolePermission_Data : MethodFinish
INFO  2021-09-06 13:30:31,141 LoginDataService::? - Get_LoginUser_Data : MethodStart
INFO  2021-09-06 13:30:32,473 LoginDataService::? - Get_LoginUser_Data : MethodFinish
INFO  2021-09-06 13:30:32,474 LoginDataService::? - Get_LoginUserPermission_Data : MethodStart
INFO  2021-09-06 13:30:32,636 LoginDataService::? - Get_LoginUserPermission_Data : MethodFinish
INFO  2021-09-06 13:30:32,638 LoginDataService::? - Get_LoginUserRolePermission_Data : MethodStart
INFO  2021-09-06 13:30:32,779 LoginDataService::? - Get_LoginUserRolePermission_Data : MethodFinish
INFO  2021-09-06 17:18:53,831 LoginDataService::? - Get_LoginUser_Data : MethodStart
INFO  2021-09-06 17:18:55,267 LoginDataService::? - Get_LoginUser_Data : MethodFinish
INFO  2021-09-06 17:18:55,269 LoginDataService::? - Get_LoginUserPermission_Data : MethodStart
INFO  2021-09-06 17:18:55,385 LoginDataService::? - Get_LoginUserPermission_Data : MethodFinish
INFO  2021-09-06 17:18:55,387 LoginDataService::? - Get_LoginUserRolePermission_Data : MethodStart
INFO  2021-09-06 17:18:55,518 LoginDataService::? - Get_LoginUserRolePermission_Data : MethodFinish
INFO  2021-09-06 18:54:53,174 LoginDataService::? - Get_LoginUser_Data : MethodStart
INFO  2021-09-06 18:54:55,842 LoginDataService::? - Get_LoginUser_Data : MethodFinish
INFO  2021-09-06 18:54:55,845 LoginDataService::? - Get_LoginUserPermission_Data : MethodStart
INFO  2021-09-06 18:54:56,074 LoginDataService::? - Get_LoginUserPermission_Data : MethodFinish
INFO  2021-09-06 18:54:56,080 LoginDataService::? - Get_LoginUserRolePermission_Data : MethodStart
INFO  2021-09-06 18:54:56,264 LoginDataService::? - Get_LoginUserRolePermission_Data : MethodFinish
INFO  2021-09-06 19:21:18,035 LoginDataService::? - Get_LoginUser_Data : MethodStart
INFO  2021-09-06 19:21:20,589 LoginDataService::? - Get_LoginUser_Data : MethodFinish
INFO  2021-09-06 19:21:20,591 LoginDataService::? - Get_LoginUserPermission_Data : MethodStart
INFO  2021-09-06 19:21:20,724 LoginDataService::? - Get_LoginUserPermission_Data : MethodFinish
INFO  2021-09-06 19:21:20,727 LoginDataService::? - Get_LoginUserRolePermission_Data : MethodStart
INFO  2021-09-06 19:21:20,888 LoginDataService::? - Get_LoginUserRolePermission_Data : MethodFinish
INFO  2021-09-06 20:36:15,526 LoginDataService::? - Get_LoginUser_Data : MethodStart
INFO  2021-09-06 20:36:18,858 LoginDataService::? - Get_LoginUser_Data : MethodFinish
INFO  2021-09-06 20:36:18,861 LoginDataService::? - Get_LoginUserPermission_Data : MethodStart
INFO  2021-09-06 20:36:19,028 LoginDataService::? - Get_LoginUserPermission_Data : MethodFinish
INFO  2021-09-06 20:36:19,033 LoginDataService::? - Get_LoginUserRolePermission_Data : MethodStart
INFO  2021-09-06 20:36:19,223 LoginDataService::? - Get_LoginUserRolePermission_Data : MethodFinish
INFO  2021-09-06 21:15:54,359 LoginDataService::? - Get_LoginUser_Data : MethodStart
INFO  2021-09-06 21:15:56,555 LoginDataService::? - Get_LoginUser_Data : MethodFinish
INFO  2021-09-06 21:15:56,557 LoginDataService::? - Get_LoginUserPermission_Data : MethodStart
INFO  2021-09-06 21:15:56,708 LoginDataService::? - Get_LoginUserPermission_Data : MethodFinish
INFO  2021-09-06 21:15:56,711 LoginDataService::? - Get_LoginUserRolePermission_Data : MethodStart
INFO  2021-09-06 21:15:56,879 LoginDataService::? - Get_LoginUserRolePermission_Data : MethodFinish
INFO  2021-09-06 21:19:44,105 LoginDataService::? - Get_LoginUser_Data : MethodStart
INFO  2021-09-06 21:19:47,698 LoginDataService::? - Get_LoginUser_Data : MethodFinish
INFO  2021-09-06 21:19:47,702 LoginDataService::? - Get_LoginUserPermission_Data : MethodStart
INFO  2021-09-06 21:19:47,855 LoginDataService::? - Get_LoginUserPermission_Data : MethodFinish
INFO  2021-09-06 21:19:47,858 LoginDataService::? - Get_LoginUserRolePermission_Data : MethodStart
INFO  2021-09-06 21:19:48,032 LoginDataService::? - Get_LoginUserRolePermission_Data : MethodFinish
INFO  2021-09-06 21:28:39,123 LoginDataService::? - Get_LoginUser_Data : MethodStart
INFO  2021-09-06 21:28:41,621 LoginDataService::? - Get_LoginUser_Data : MethodFinish
INFO  2021-09-06 21:28:41,623 LoginDataService::? - Get_LoginUserPermission_Data : MethodStart
INFO  2021-09-06 21:28:41,761 LoginDataService::? - Get_LoginUserPermission_Data : MethodFinish
INFO  2021-09-06 21:28:41,763 LoginDataService::? - Get_LoginUserRolePermission_Data : MethodStart
INFO  2021-09-06 21:28:41,923 LoginDataService::? - Get_LoginUserRolePermission_Data : MethodFinish
INFO  2021-09-06 21:33:01,409 LoginDataService::? - Get_LoginUser_Data : MethodStart
INFO  2021-09-06 21:33:03,380 LoginDataService::? - Get_LoginUser_Data : MethodFinish
INFO  2021-09-06 21:33:03,382 LoginDataService::? - Get_LoginUserPermission_Data : MethodStart
INFO  2021-09-06 21:33:03,502 LoginDataService::? - Get_LoginUserPermission_Data : MethodFinish
INFO  2021-09-06 21:33:03,504 LoginDataService::? - Get_LoginUserRolePermission_Data : MethodStart
INFO  2021-09-06 21:33:03,645 LoginDataService::? - Get_LoginUserRolePermission_Data : MethodFinish
INFO  2021-09-06 21:37:46,847 LoginDataService::? - Get_LoginUser_Data : MethodStart
INFO  2021-09-06 21:37:49,061 LoginDataService::? - Get_LoginUser_Data : MethodFinish
INFO  2021-09-06 21:37:49,064 LoginDataService::? - Get_LoginUserPermission_Data : MethodStart
INFO  2021-09-06 21:37:49,192 LoginDataService::? - Get_LoginUserPermission_Data : MethodFinish
INFO  2021-09-06 21:37:49,196 LoginDataService::? - Get_LoginUserRolePermission_Data : MethodStart
INFO  2021-09-06 21:37:49,352 LoginDataService::? - Get_LoginUserRolePermission_Data : MethodFinish
INFO  2021-09-06 21:40:05,541 LoginDataService::? - Get_LoginUser_Data : MethodStart
INFO  2021-09-06 21:40:07,440 LoginDataService::? - Get_LoginUser_Data : MethodFinish
INFO  2021-09-06 21:40:07,442 LoginDataService::? - Get_LoginUserPermission_Data : MethodStart
INFO  2021-09-06 21:40:07,574 LoginDataService::? - Get_LoginUserPermission_Data : MethodFinish
INFO  2021-09-06 21:40:07,576 LoginDataService::? - Get_LoginUserRolePermission_Data : MethodStart
INFO  2021-09-06 21:40:07,720 LoginDataService::? - Get_LoginUserRolePermission_Data : MethodFinish
