INFO  2021-08-17 00:15:37,984 LoginDataService::? - Get_LoginUser_Data : MethodStart
INFO  2021-08-17 00:15:40,345 LoginDataService::? - Get_LoginUser_Data : MethodFinish
INFO  2021-08-17 00:15:40,348 LoginDataService::? - Get_LoginUserPermission_Data : MethodStart
INFO  2021-08-17 00:15:40,499 LoginDataService::? - Get_LoginUserPermission_Data : MethodFinish
INFO  2021-08-17 00:15:40,502 LoginDataService::? - Get_LoginUserRolePermission_Data : MethodStart
INFO  2021-08-17 00:15:40,655 LoginDataService::? - Get_LoginUserRolePermission_Data : MethodFinish
INFO  2021-08-17 11:32:46,231 LoginDataService::? - Get_LoginUser_Data : MethodStart
INFO  2021-08-17 11:32:47,804 LoginDataService::? - Get_LoginUser_Data : MethodFinish
INFO  2021-08-17 11:32:47,806 LoginDataService::? - Get_LoginUserPermission_Data : MethodStart
INFO  2021-08-17 11:32:47,956 LoginDataService::? - Get_LoginUserPermission_Data : MethodFinish
INFO  2021-08-17 11:32:47,958 LoginDataService::? - Get_LoginUserRolePermission_Data : MethodStart
INFO  2021-08-17 11:32:48,081 LoginDataService::? - Get_LoginUserRolePermission_Data : MethodFinish
INFO  2021-08-17 12:02:01,262 LoginDataService::? - Get_LoginUser_Data : MethodStart
INFO  2021-08-17 12:02:02,559 LoginDataService::? - Get_LoginUser_Data : MethodFinish
INFO  2021-08-17 12:02:02,560 LoginDataService::? - Get_LoginUserPermission_Data : MethodStart
INFO  2021-08-17 12:02:02,682 LoginDataService::? - Get_LoginUserPermission_Data : MethodFinish
INFO  2021-08-17 12:02:02,684 LoginDataService::? - Get_LoginUserRolePermission_Data : MethodStart
INFO  2021-08-17 12:02:02,808 LoginDataService::? - Get_LoginUserRolePermission_Data : MethodFinish
INFO  2021-08-17 12:04:29,017 LoginDataService::? - Get_LoginUser_Data : MethodStart
INFO  2021-08-17 12:04:30,319 LoginDataService::? - Get_LoginUser_Data : MethodFinish
INFO  2021-08-17 12:04:30,321 LoginDataService::? - Get_LoginUserPermission_Data : MethodStart
INFO  2021-08-17 12:04:30,452 LoginDataService::? - Get_LoginUserPermission_Data : MethodFinish
INFO  2021-08-17 12:04:30,454 LoginDataService::? - Get_LoginUserRolePermission_Data : MethodStart
INFO  2021-08-17 12:04:30,592 LoginDataService::? - Get_LoginUserRolePermission_Data : MethodFinish
INFO  2021-08-17 12:13:03,822 LoginDataService::? - Get_LoginUser_Data : MethodStart
INFO  2021-08-17 12:13:05,242 LoginDataService::? - Get_LoginUser_Data : MethodFinish
INFO  2021-08-17 12:13:05,243 LoginDataService::? - Get_LoginUserPermission_Data : MethodStart
INFO  2021-08-17 12:13:05,371 LoginDataService::? - Get_LoginUserPermission_Data : MethodFinish
INFO  2021-08-17 12:13:05,373 LoginDataService::? - Get_LoginUserRolePermission_Data : MethodStart
INFO  2021-08-17 12:13:05,498 LoginDataService::? - Get_LoginUserRolePermission_Data : MethodFinish
INFO  2021-08-17 12:17:46,566 LoginDataService::? - Get_LoginUser_Data : MethodStart
INFO  2021-08-17 12:17:47,856 LoginDataService::? - Get_LoginUser_Data : MethodFinish
INFO  2021-08-17 12:17:47,857 LoginDataService::? - Get_LoginUserPermission_Data : MethodStart
INFO  2021-08-17 12:17:47,973 LoginDataService::? - Get_LoginUserPermission_Data : MethodFinish
INFO  2021-08-17 12:17:47,974 LoginDataService::? - Get_LoginUserRolePermission_Data : MethodStart
INFO  2021-08-17 12:17:48,121 LoginDataService::? - Get_LoginUserRolePermission_Data : MethodFinish
INFO  2021-08-17 12:35:28,901 LoginDataService::? - Get_LoginUser_Data : MethodStart
INFO  2021-08-17 12:35:30,358 LoginDataService::? - Get_LoginUser_Data : MethodFinish
INFO  2021-08-17 12:35:30,359 LoginDataService::? - Get_LoginUserPermission_Data : MethodStart
INFO  2021-08-17 12:35:30,476 LoginDataService::? - Get_LoginUserPermission_Data : MethodFinish
INFO  2021-08-17 12:35:30,478 LoginDataService::? - Get_LoginUserRolePermission_Data : MethodStart
INFO  2021-08-17 12:35:30,614 LoginDataService::? - Get_LoginUserRolePermission_Data : MethodFinish
INFO  2021-08-17 12:43:23,681 LoginDataService::? - Get_LoginUser_Data : MethodStart
INFO  2021-08-17 12:43:24,908 LoginDataService::? - Get_LoginUser_Data : MethodFinish
INFO  2021-08-17 12:43:24,910 LoginDataService::? - Get_LoginUserPermission_Data : MethodStart
INFO  2021-08-17 12:43:25,023 LoginDataService::? - Get_LoginUserPermission_Data : MethodFinish
INFO  2021-08-17 12:43:25,025 LoginDataService::? - Get_LoginUserRolePermission_Data : MethodStart
INFO  2021-08-17 12:43:25,145 LoginDataService::? - Get_LoginUserRolePermission_Data : MethodFinish
INFO  2021-08-17 13:49:38,500 LoginDataService::? - Get_LoginUser_Data : MethodStart
INFO  2021-08-17 13:49:39,847 LoginDataService::? - Get_LoginUser_Data : MethodFinish
INFO  2021-08-17 13:49:39,848 LoginDataService::? - Get_LoginUserPermission_Data : MethodStart
INFO  2021-08-17 13:49:39,990 LoginDataService::? - Get_LoginUserPermission_Data : MethodFinish
INFO  2021-08-17 13:49:39,993 LoginDataService::? - Get_LoginUserRolePermission_Data : MethodStart
INFO  2021-08-17 13:49:40,129 LoginDataService::? - Get_LoginUserRolePermission_Data : MethodFinish
INFO  2021-08-17 13:56:35,061 LoginDataService::? - Get_LoginUser_Data : MethodStart
INFO  2021-08-17 13:56:36,439 LoginDataService::? - Get_LoginUser_Data : MethodFinish
INFO  2021-08-17 13:56:36,447 LoginDataService::? - Get_LoginUserPermission_Data : MethodStart
INFO  2021-08-17 13:56:36,578 LoginDataService::? - Get_LoginUserPermission_Data : MethodFinish
INFO  2021-08-17 13:56:36,583 LoginDataService::? - Get_LoginUserRolePermission_Data : MethodStart
INFO  2021-08-17 13:56:36,711 LoginDataService::? - Get_LoginUserRolePermission_Data : MethodFinish
INFO  2021-08-17 16:12:26,764 LoginDataService::? - Get_LoginUser_Data : MethodStart
INFO  2021-08-17 16:12:28,193 LoginDataService::? - Get_LoginUser_Data : MethodFinish
INFO  2021-08-17 16:12:28,195 LoginDataService::? - Get_LoginUserPermission_Data : MethodStart
INFO  2021-08-17 16:12:28,336 LoginDataService::? - Get_LoginUserPermission_Data : MethodFinish
INFO  2021-08-17 16:12:28,337 LoginDataService::? - Get_LoginUserRolePermission_Data : MethodStart
INFO  2021-08-17 16:12:28,473 LoginDataService::? - Get_LoginUserRolePermission_Data : MethodFinish
INFO  2021-08-17 16:14:40,529 LoginDataService::? - Set_LogoutUser_Data : MethodStart
INFO  2021-08-17 16:14:40,738 LoginDataService::? - Set_LogoutUser_Data : MethodFinish
INFO  2021-08-17 22:03:01,940 LoginDataService::? - Get_LoginUser_Data : MethodStart
INFO  2021-08-17 22:03:03,968 LoginDataService::? - Get_LoginUser_Data : MethodFinish
INFO  2021-08-17 22:03:03,971 LoginDataService::? - Get_LoginUserPermission_Data : MethodStart
INFO  2021-08-17 22:03:04,122 LoginDataService::? - Get_LoginUserPermission_Data : MethodFinish
INFO  2021-08-17 22:03:04,125 LoginDataService::? - Get_LoginUserRolePermission_Data : MethodStart
INFO  2021-08-17 22:03:04,464 LoginDataService::? - Get_LoginUserRolePermission_Data : MethodFinish
