INFO  2023-04-24 09:51:06,511 LoginDataService::? - Get_LoginUser_Data : MethodStart
INFO  2023-04-24 09:51:09,028 LoginDataService::? - Get_LoginUser_Data : MethodFinish
INFO  2023-04-24 09:51:09,031 LoginDataService::? - Get_LoginUserPermission_Data : MethodStart
INFO  2023-04-24 09:51:09,185 LoginDataService::? - Get_LoginUserPermission_Data : MethodFinish
INFO  2023-04-24 09:51:09,189 LoginDataService::? - Get_LoginUserRolePermission_Data : MethodStart
INFO  2023-04-24 09:51:09,348 LoginDataService::? - Get_LoginUserRolePermission_Data : MethodFinish
INFO  2023-04-24 10:02:07,688 LoginDataService::? - Set_LogoutUser_Data : MethodStart
INFO  2023-04-24 10:02:08,165 LoginDataService::? - Set_LogoutUser_Data : MethodFinish
INFO  2023-04-24 10:09:42,306 LoginDataService::? - Get_LoginUser_Data : MethodStart
INFO  2023-04-24 10:09:42,692 LoginDataService::? - Get_LoginUser_Data : MethodFinish
INFO  2023-04-24 10:09:42,694 LoginDataService::? - Get_LoginUserPermission_Data : MethodStart
INFO  2023-04-24 10:09:42,807 LoginDataService::? - Get_LoginUserPermission_Data : MethodFinish
INFO  2023-04-24 10:09:42,810 LoginDataService::? - Get_LoginUserRolePermission_Data : MethodStart
INFO  2023-04-24 10:09:42,913 LoginDataService::? - Get_LoginUserRolePermission_Data : MethodFinish
INFO  2023-04-24 10:11:38,401 LoginDataService::? - Set_LogoutUser_Data : MethodStart
INFO  2023-04-24 10:11:38,562 LoginDataService::? - Set_LogoutUser_Data : MethodFinish
INFO  2023-04-24 10:11:40,308 LoginDataService::? - Get_LoginUser_Data : MethodStart
INFO  2023-04-24 10:11:40,491 LoginDataService::? - Get_LoginUser_Data : MethodFinish
INFO  2023-04-24 10:11:40,496 LoginDataService::? - Get_LoginUserPermission_Data : MethodStart
INFO  2023-04-24 10:11:40,599 LoginDataService::? - Get_LoginUserPermission_Data : MethodFinish
INFO  2023-04-24 10:11:40,604 LoginDataService::? - Get_LoginUserRolePermission_Data : MethodStart
INFO  2023-04-24 10:11:40,709 LoginDataService::? - Get_LoginUserRolePermission_Data : MethodFinish
INFO  2023-04-24 10:33:29,102 LoginDataService::? - Set_LogoutUser_Data : MethodStart
INFO  2023-04-24 10:33:29,525 LoginDataService::? - Set_LogoutUser_Data : MethodFinish
INFO  2023-04-24 10:33:32,446 LoginDataService::? - Get_LoginUser_Data : MethodStart
INFO  2023-04-24 10:33:32,624 LoginDataService::? - Get_LoginUser_Data : MethodFinish
INFO  2023-04-24 10:33:32,628 LoginDataService::? - Get_LoginUserPermission_Data : MethodStart
INFO  2023-04-24 10:33:32,733 LoginDataService::? - Get_LoginUserPermission_Data : MethodFinish
INFO  2023-04-24 10:33:32,737 LoginDataService::? - Get_LoginUserRolePermission_Data : MethodStart
INFO  2023-04-24 10:33:32,845 LoginDataService::? - Get_LoginUserRolePermission_Data : MethodFinish
INFO  2023-04-24 20:11:35,349 LoginDataService::? - Get_LoginUser_Data : MethodStart
INFO  2023-04-24 20:11:36,603 LoginDataService::? - Get_LoginUser_Data : MethodFinish
INFO  2023-04-24 20:11:36,604 LoginDataService::? - Get_LoginUserPermission_Data : MethodStart
INFO  2023-04-24 20:11:36,734 LoginDataService::? - Get_LoginUserPermission_Data : MethodFinish
INFO  2023-04-24 20:11:36,738 LoginDataService::? - Get_LoginUserRolePermission_Data : MethodStart
INFO  2023-04-24 20:11:36,866 LoginDataService::? - Get_LoginUserRolePermission_Data : MethodFinish
