INFO  2021-08-31 16:27:15,457 LoginDataService::? - Set_WrongPassword_Data : MethodStart
INFO  2021-08-31 16:27:16,937 LoginDataService::? - Set_WrongPassword_Data : MethodFinish
INFO  2021-08-31 16:58:57,134 LoginDataService::? - Set_WrongPassword_Data : MethodStart
INFO  2021-08-31 16:58:58,554 LoginDataService::? - Set_WrongPassword_Data : MethodFinish
INFO  2021-08-31 17:04:06,969 LoginDataService::? - Set_Inactive_Data : MethodStart
INFO  2021-08-31 17:04:07,135 LoginDataService::? - Set_Inactive_Data : MethodFinish
INFO  2021-08-31 17:09:22,271 LoginDataService::? - Set_WrongPassword_Data : MethodStart
INFO  2021-08-31 17:09:22,594 LoginDataService::? - Set_WrongPassword_Data : MethodFinish
INFO  2021-08-31 17:24:15,184 LoginDataService::? - Get_LoginUser_Data : MethodStart
INFO  2021-08-31 17:24:16,557 LoginDataService::? - Get_LoginUser_Data : MethodFinish
INFO  2021-08-31 17:24:16,559 LoginDataService::? - Get_LoginUserPermission_Data : MethodStart
INFO  2021-08-31 17:24:16,694 LoginDataService::? - Get_LoginUserPermission_Data : MethodFinish
INFO  2021-08-31 17:24:16,695 LoginDataService::? - Get_LoginUserRolePermission_Data : MethodStart
INFO  2021-08-31 17:24:16,842 LoginDataService::? - Get_LoginUserRolePermission_Data : MethodFinish
INFO  2021-08-31 17:44:58,693 LoginDataService::? - Get_LoginUser_Data : MethodStart
INFO  2021-08-31 17:44:59,998 LoginDataService::? - Get_LoginUser_Data : MethodFinish
INFO  2021-08-31 17:44:59,999 LoginDataService::? - Get_LoginUserPermission_Data : MethodStart
INFO  2021-08-31 17:45:00,103 LoginDataService::? - Get_LoginUserPermission_Data : MethodFinish
INFO  2021-08-31 17:45:00,105 LoginDataService::? - Get_LoginUserRolePermission_Data : MethodStart
INFO  2021-08-31 17:45:00,214 LoginDataService::? - Get_LoginUserRolePermission_Data : MethodFinish
INFO  2021-08-31 17:49:54,454 LoginDataService::? - Get_LoginUser_Data : MethodStart
INFO  2021-08-31 17:49:55,878 LoginDataService::? - Get_LoginUser_Data : MethodFinish
INFO  2021-08-31 17:49:55,885 LoginDataService::? - Get_LoginUserPermission_Data : MethodStart
INFO  2021-08-31 17:49:56,013 LoginDataService::? - Get_LoginUserPermission_Data : MethodFinish
INFO  2021-08-31 17:49:56,015 LoginDataService::? - Get_LoginUserRolePermission_Data : MethodStart
INFO  2021-08-31 17:49:56,132 LoginDataService::? - Get_LoginUserRolePermission_Data : MethodFinish
INFO  2021-08-31 18:02:13,198 LoginDataService::? - Get_LoginUser_Data : MethodStart
INFO  2021-08-31 18:02:14,484 LoginDataService::? - Get_LoginUser_Data : MethodFinish
INFO  2021-08-31 18:02:14,485 LoginDataService::? - Get_LoginUserPermission_Data : MethodStart
INFO  2021-08-31 18:02:14,616 LoginDataService::? - Get_LoginUserPermission_Data : MethodFinish
INFO  2021-08-31 18:02:14,618 LoginDataService::? - Get_LoginUserRolePermission_Data : MethodStart
INFO  2021-08-31 18:02:14,746 LoginDataService::? - Get_LoginUserRolePermission_Data : MethodFinish
INFO  2021-08-31 21:50:08,076 LoginDataService::? - Get_LoginUser_Data : MethodStart
INFO  2021-08-31 21:50:10,138 LoginDataService::? - Get_LoginUser_Data : MethodFinish
INFO  2021-08-31 21:50:10,141 LoginDataService::? - Get_LoginUserPermission_Data : MethodStart
INFO  2021-08-31 21:50:10,283 LoginDataService::? - Get_LoginUserPermission_Data : MethodFinish
INFO  2021-08-31 21:50:10,287 LoginDataService::? - Get_LoginUserRolePermission_Data : MethodStart
INFO  2021-08-31 21:50:10,427 LoginDataService::? - Get_LoginUserRolePermission_Data : MethodFinish
INFO  2021-08-31 22:06:27,866 LoginDataService::? - Get_LoginUser_Data : MethodStart
INFO  2021-08-31 22:06:29,930 LoginDataService::? - Get_LoginUser_Data : MethodFinish
INFO  2021-08-31 22:06:29,934 LoginDataService::? - Get_LoginUserPermission_Data : MethodStart
INFO  2021-08-31 22:06:30,122 LoginDataService::? - Get_LoginUserPermission_Data : MethodFinish
INFO  2021-08-31 22:06:30,128 LoginDataService::? - Get_LoginUserRolePermission_Data : MethodStart
INFO  2021-08-31 22:06:30,283 LoginDataService::? - Get_LoginUserRolePermission_Data : MethodFinish
INFO  2021-08-31 22:30:51,164 LoginDataService::? - Get_LoginUser_Data : MethodStart
INFO  2021-08-31 22:30:53,171 LoginDataService::? - Get_LoginUser_Data : MethodFinish
INFO  2021-08-31 22:30:53,175 LoginDataService::? - Get_LoginUserPermission_Data : MethodStart
INFO  2021-08-31 22:30:53,329 LoginDataService::? - Get_LoginUserPermission_Data : MethodFinish
INFO  2021-08-31 22:30:53,333 LoginDataService::? - Get_LoginUserRolePermission_Data : MethodStart
INFO  2021-08-31 22:30:53,503 LoginDataService::? - Get_LoginUserRolePermission_Data : MethodFinish
