INFO  2021-08-22 14:40:25,683 LabDataService::? - Get_AllLab_List : MethodStart
INFO  2021-08-22 14:40:28,184 LabDataService::? - Get_AllLab_List : MethodFinish
INFO  2021-08-22 14:40:28,327 RoleDataService::? - Get_Role_List : MethodStart
INFO  2021-08-22 14:40:28,396 RoleDataService::? - Get_Role_List : MethodFinish
INFO  2021-08-22 14:42:24,038 LabDataService::? - Get_AllLab_List : MethodStart
INFO  2021-08-22 14:42:24,150 LabDataService::? - Get_AllLab_List : MethodFinish
INFO  2021-08-22 15:14:26,644 ParameterService::? - Get_Parameter_List : MethodStart
INFO  2021-08-22 15:14:26,737 ParameterService::? - Get_Parameter_List : MethodFinish
INFO  2021-08-22 15:14:29,623 LabDataService::? - Get_AllLab_List : MethodStart
INFO  2021-08-22 15:14:29,673 LabDataService::? - Get_AllLab_List : MethodFinish
INFO  2021-08-22 15:14:29,716 RoleDataService::? - Get_Role_List : MethodStart
INFO  2021-08-22 15:14:29,735 RoleDataService::? - Get_Role_List : MethodFinish
INFO  2021-08-22 15:15:12,688 ParameterService::? - Get_Parameter_List : MethodStart
INFO  2021-08-22 15:15:12,717 ParameterService::? - Get_Parameter_List : MethodFinish
INFO  2021-08-22 15:15:55,399 ParameterService::? - Get_Parameter_List : MethodStart
INFO  2021-08-22 15:15:55,409 ParameterService::? - Get_Parameter_List : MethodFinish
INFO  2021-08-22 15:17:15,375 ParameterService::? - Get_Parameter_List : MethodStart
INFO  2021-08-22 15:17:15,426 ParameterService::? - Get_Parameter_List : MethodFinish
INFO  2021-08-22 15:49:12,966 LabDataService::? - Get_AllLab_List : MethodStart
INFO  2021-08-22 15:49:15,142 LabDataService::? - Get_AllLab_List : MethodFinish
INFO  2021-08-22 15:49:15,254 RoleDataService::? - Get_Role_List : MethodStart
INFO  2021-08-22 15:49:15,319 RoleDataService::? - Get_Role_List : MethodFinish
INFO  2021-08-22 15:49:26,598 LabDataService::? - Get_AllLab_List : MethodStart
INFO  2021-08-22 15:49:26,714 LabDataService::? - Get_AllLab_List : MethodFinish
