INFO  2021-08-11 00:00:28,220 LabDataService::? - Get_AllLab_List : MethodStart
INFO  2021-08-11 00:00:28,345 LabDataService::? - Get_AllLab_List : MethodFinish
INFO  2021-08-11 00:00:28,400 RoleDataService::? - Get_Role_List : MethodStart
INFO  2021-08-11 00:00:28,506 RoleDataService::? - Get_Role_List : MethodFinish
INFO  2021-08-11 00:00:32,734 LabDataService::? - Get_AllLab_List : MethodStart
INFO  2021-08-11 00:00:32,960 LabDataService::? - Get_AllLab_List : MethodFinish
INFO  2021-08-11 13:12:42,798 LabDataService::? - Get_AllLab_List : MethodStart
INFO  2021-08-11 13:12:43,953 LabDataService::? - Get_AllLab_List : MethodFinish
INFO  2021-08-11 13:12:44,008 RoleDataService::? - Get_Role_List : MethodStart
INFO  2021-08-11 13:12:44,318 RoleDataService::? - Get_Role_List : MethodFinish
INFO  2021-08-11 13:13:01,012 LabDataService::? - Get_AllLab_List : MethodStart
INFO  2021-08-11 13:13:01,171 LabDataService::? - Get_AllLab_List : MethodFinish
INFO  2021-08-11 13:13:01,208 ParameterService::? - Get_Parameter_List : MethodStart
INFO  2021-08-11 13:13:01,327 ParameterService::? - Get_Parameter_List : MethodFinish
INFO  2021-08-11 13:28:46,063 LabDataService::? - Get_AllLab_List : MethodStart
INFO  2021-08-11 13:28:46,314 LabDataService::? - Get_AllLab_List : MethodFinish
INFO  2021-08-11 13:28:46,345 RoleDataService::? - Get_Role_List : MethodStart
INFO  2021-08-11 13:28:46,604 RoleDataService::? - Get_Role_List : MethodFinish
INFO  2021-08-11 15:01:48,686 LabDataService::? - Get_AllLab_List : MethodStart
INFO  2021-08-11 15:01:48,977 LabDataService::? - Get_AllLab_List : MethodFinish
