INFO  2023-05-26 11:25:42,228 RoleDataService::? - Get_Role_List : MethodStart
INFO  2023-05-26 11:25:43,606 RoleDataService::? - Get_Role_List : MethodFinish
INFO  2023-05-26 11:27:08,272 RoleDataService::? - Get_Role_List : MethodStart
INFO  2023-05-26 11:27:08,404 RoleDataService::? - Get_Role_List : MethodFinish
INFO  2023-05-26 13:40:06,701 RoleDataService::? - Get_Role_List : MethodStart
INFO  2023-05-26 13:40:07,692 RoleDataService::? - Get_Role_List : MethodFinish
INFO  2023-05-26 13:52:01,566 RoleDataService::? - Get_Role_List : MethodStart
INFO  2023-05-26 13:52:02,514 RoleDataService::? - Get_Role_List : MethodFinish
INFO  2023-05-26 14:07:09,230 RoleDataService::? - Get_Role_List : MethodStart
INFO  2023-05-26 14:07:10,199 RoleDataService::? - Get_Role_List : MethodFinish
INFO  2023-05-26 14:07:46,587 RoleDataService::? - Get_Role_List : MethodStart
INFO  2023-05-26 14:07:46,789 RoleDataService::? - Get_Role_List : MethodFinish
INFO  2023-05-26 14:19:16,839 RoleDataService::? - Get_Role_List : MethodStart
INFO  2023-05-26 14:19:18,031 RoleDataService::? - Get_Role_List : MethodFinish
INFO  2023-05-26 14:25:41,481 ParameterService::? - Get_Parameter_List : MethodStart
INFO  2023-05-26 14:25:41,938 ParameterService::? - Get_Parameter_List : MethodFinish
INFO  2023-05-26 14:46:35,918 RoleDataService::? - Get_Role_List : MethodStart
INFO  2023-05-26 14:46:36,222 RoleDataService::? - Get_Role_List : MethodFinish
INFO  2023-05-26 14:48:38,824 LabDataService::? - Get_AllLab_List : MethodStart
INFO  2023-05-26 14:48:39,231 LabDataService::? - Get_AllLab_List : MethodFinish
INFO  2023-05-26 14:48:39,315 RoleDataService::? - Get_Role_List : MethodStart
INFO  2023-05-26 14:48:39,454 RoleDataService::? - Get_Role_List : MethodFinish
INFO  2023-05-26 14:48:39,524 ParameterService::? - Get_Parameter_List : MethodStart
INFO  2023-05-26 14:48:39,659 ParameterService::? - Get_Parameter_List : MethodFinish
INFO  2023-05-26 14:48:45,217 LabDataService::? - Get_AllLab_List : MethodStart
INFO  2023-05-26 14:48:45,328 LabDataService::? - Get_AllLab_List : MethodFinish
INFO  2023-05-26 14:48:45,401 RoleDataService::? - Get_Role_List : MethodStart
INFO  2023-05-26 14:48:45,531 RoleDataService::? - Get_Role_List : MethodFinish
INFO  2023-05-26 14:49:43,275 ParameterService::? - Get_Parameter_List : MethodStart
INFO  2023-05-26 14:49:43,505 ParameterService::? - Get_Parameter_List : MethodFinish
INFO  2023-05-26 14:53:31,907 ParameterService::? - Get_Parameter_List : MethodStart
INFO  2023-05-26 14:53:32,279 ParameterService::? - Get_Parameter_List : MethodFinish
INFO  2023-05-26 15:00:16,235 RoleDataService::? - Get_Role_List : MethodStart
INFO  2023-05-26 15:00:17,167 RoleDataService::? - Get_Role_List : MethodFinish
INFO  2023-05-26 15:05:18,919 ParameterService::? - Get_Parameter_List : MethodStart
INFO  2023-05-26 15:05:19,429 ParameterService::? - Get_Parameter_List : MethodFinish
INFO  2023-05-26 15:06:21,034 LabDataService::? - Get_AllLab_List : MethodStart
INFO  2023-05-26 15:06:21,200 LabDataService::? - Get_AllLab_List : MethodFinish
INFO  2023-05-26 15:06:21,303 RoleDataService::? - Get_Role_List : MethodStart
INFO  2023-05-26 15:06:21,434 RoleDataService::? - Get_Role_List : MethodFinish
INFO  2023-05-26 15:06:33,532 ParameterService::? - Get_Parameter_List : MethodStart
INFO  2023-05-26 15:06:33,718 ParameterService::? - Get_Parameter_List : MethodFinish
INFO  2023-05-26 15:53:14,057 RoleDataService::? - Get_Role_List : MethodStart
INFO  2023-05-26 15:53:14,397 RoleDataService::? - Get_Role_List : MethodFinish
INFO  2023-05-26 15:53:33,343 LabDataService::? - Get_AllLab_List : MethodStart
INFO  2023-05-26 15:53:33,703 LabDataService::? - Get_AllLab_List : MethodFinish
INFO  2023-05-26 15:53:33,771 RoleDataService::? - Get_Role_List : MethodStart
INFO  2023-05-26 15:53:33,906 RoleDataService::? - Get_Role_List : MethodFinish
INFO  2023-05-26 15:53:36,625 LabDataService::? - Get_AllLab_List : MethodStart
INFO  2023-05-26 15:53:37,334 LabDataService::? - Get_AllLab_List : MethodFinish
INFO  2023-05-26 15:54:32,432 RoleDataService::? - Get_Role_List : MethodStart
INFO  2023-05-26 15:54:32,531 RoleDataService::? - Get_Role_List : MethodFinish
INFO  2023-05-26 15:56:07,131 ParameterService::? - Get_Parameter_List : MethodStart
INFO  2023-05-26 15:56:07,362 ParameterService::? - Get_Parameter_List : MethodFinish
INFO  2023-05-26 15:56:31,511 ParameterService::? - Get_Parameter_List : MethodStart
INFO  2023-05-26 15:56:31,651 ParameterService::? - Get_Parameter_List : MethodFinish
INFO  2023-05-26 15:56:42,955 RoleDataService::? - Get_Role_List : MethodStart
INFO  2023-05-26 15:56:43,063 RoleDataService::? - Get_Role_List : MethodFinish
INFO  2023-05-26 16:11:31,888 RoleDataService::? - Get_Role_List : MethodStart
INFO  2023-05-26 16:11:32,298 RoleDataService::? - Get_Role_List : MethodFinish
INFO  2023-05-26 16:11:38,868 LabDataService::? - Get_AllLab_List : MethodStart
INFO  2023-05-26 16:11:39,377 LabDataService::? - Get_AllLab_List : MethodFinish
INFO  2023-05-26 16:11:39,444 RoleDataService::? - Get_Role_List : MethodStart
INFO  2023-05-26 16:11:39,783 RoleDataService::? - Get_Role_List : MethodFinish
INFO  2023-05-26 16:11:52,786 RoleDataService::? - Get_Role_List : MethodStart
INFO  2023-05-26 16:11:53,274 RoleDataService::? - Get_Role_List : MethodFinish
