INFO  2023-05-22 11:01:14,289 LabDataService::? - Get_AllLab_List : MethodStart
INFO  2023-05-22 11:01:15,564 LabDataService::? - Get_AllLab_List : MethodFinish
INFO  2023-05-22 11:01:15,671 RoleDataService::? - Get_Role_List : MethodStart
INFO  2023-05-22 11:01:15,939 RoleDataService::? - Get_Role_List : MethodFinish
INFO  2023-05-22 11:49:17,397 LabDataService::? - Get_AllLab_List : MethodStart
INFO  2023-05-22 11:49:18,423 LabDataService::? - Get_AllLab_List : MethodFinish
INFO  2023-05-22 11:49:18,539 RoleDataService::? - Get_Role_List : MethodStart
INFO  2023-05-22 11:49:18,784 RoleDataService::? - Get_Role_List : MethodFinish
INFO  2023-05-22 11:51:15,023 LabDataService::? - Get_AllLab_List : MethodStart
INFO  2023-05-22 11:51:15,156 LabDataService::? - Get_AllLab_List : MethodFinish
INFO  2023-05-22 11:51:15,250 RoleDataService::? - Get_Role_List : MethodStart
INFO  2023-05-22 11:51:15,357 RoleDataService::? - Get_Role_List : MethodFinish
INFO  2023-05-22 11:52:17,048 LabDataService::? - Get_AllLab_List : MethodStart
INFO  2023-05-22 11:52:17,158 LabDataService::? - Get_AllLab_List : MethodFinish
INFO  2023-05-22 11:52:17,272 RoleDataService::? - Get_Role_List : MethodStart
INFO  2023-05-22 11:52:17,367 RoleDataService::? - Get_Role_List : MethodFinish
INFO  2023-05-22 11:55:33,741 LabDataService::? - Get_AllLab_List : MethodStart
INFO  2023-05-22 11:55:34,984 LabDataService::? - Get_AllLab_List : MethodFinish
INFO  2023-05-22 11:55:35,092 RoleDataService::? - Get_Role_List : MethodStart
INFO  2023-05-22 11:55:35,341 RoleDataService::? - Get_Role_List : MethodFinish
INFO  2023-05-22 12:16:48,963 LabDataService::? - Get_AllLab_List : MethodStart
INFO  2023-05-22 12:16:49,969 LabDataService::? - Get_AllLab_List : MethodFinish
INFO  2023-05-22 12:16:50,074 RoleDataService::? - Get_Role_List : MethodStart
INFO  2023-05-22 12:16:50,313 RoleDataService::? - Get_Role_List : MethodFinish
INFO  2023-05-22 12:17:36,374 LabDataService::? - Get_AllLab_List : MethodStart
INFO  2023-05-22 12:17:36,519 LabDataService::? - Get_AllLab_List : MethodFinish
INFO  2023-05-22 12:17:36,641 RoleDataService::? - Get_Role_List : MethodStart
INFO  2023-05-22 12:17:36,738 RoleDataService::? - Get_Role_List : MethodFinish
INFO  2023-05-22 12:22:29,504 LabDataService::? - Get_AllLab_List : MethodStart
INFO  2023-05-22 12:22:30,563 LabDataService::? - Get_AllLab_List : MethodFinish
INFO  2023-05-22 12:22:30,699 RoleDataService::? - Get_Role_List : MethodStart
INFO  2023-05-22 12:22:30,962 RoleDataService::? - Get_Role_List : MethodFinish
INFO  2023-05-22 12:23:47,698 ParameterService::? - Get_Parameter_List : MethodStart
INFO  2023-05-22 12:23:47,838 ParameterService::? - Get_Parameter_List : MethodFinish
INFO  2023-05-22 12:29:13,748 LabDataService::? - Get_AllLab_List : MethodStart
INFO  2023-05-22 12:29:14,651 LabDataService::? - Get_AllLab_List : MethodFinish
INFO  2023-05-22 12:29:14,773 RoleDataService::? - Get_Role_List : MethodStart
INFO  2023-05-22 12:29:15,022 RoleDataService::? - Get_Role_List : MethodFinish
INFO  2023-05-22 12:29:56,301 ParameterService::? - Get_Parameter_List : MethodStart
INFO  2023-05-22 12:29:56,455 ParameterService::? - Get_Parameter_List : MethodFinish
INFO  2023-05-22 12:32:33,729 LabDataService::? - Get_AllLab_List : MethodStart
INFO  2023-05-22 12:32:33,830 LabDataService::? - Get_AllLab_List : MethodFinish
INFO  2023-05-22 12:32:33,916 RoleDataService::? - Get_Role_List : MethodStart
INFO  2023-05-22 12:32:34,008 RoleDataService::? - Get_Role_List : MethodFinish
INFO  2023-05-22 12:32:37,168 LabDataService::? - Get_AllLab_List : MethodStart
INFO  2023-05-22 12:32:37,268 LabDataService::? - Get_AllLab_List : MethodFinish
INFO  2023-05-22 12:32:37,359 RoleDataService::? - Get_Role_List : MethodStart
INFO  2023-05-22 12:32:37,452 RoleDataService::? - Get_Role_List : MethodFinish
INFO  2023-05-22 12:33:45,842 LabDataService::? - Get_AllLab_List : MethodStart
INFO  2023-05-22 12:33:46,906 LabDataService::? - Get_AllLab_List : MethodFinish
INFO  2023-05-22 12:33:47,024 RoleDataService::? - Get_Role_List : MethodStart
INFO  2023-05-22 12:33:47,278 RoleDataService::? - Get_Role_List : MethodFinish
INFO  2023-05-22 12:34:53,111 LabDataService::? - Get_AllLab_List : MethodStart
INFO  2023-05-22 12:34:53,240 LabDataService::? - Get_AllLab_List : MethodFinish
INFO  2023-05-22 12:34:53,349 RoleDataService::? - Get_Role_List : MethodStart
INFO  2023-05-22 12:34:53,440 RoleDataService::? - Get_Role_List : MethodFinish
INFO  2023-05-22 13:40:25,436 LabDataService::? - Get_AllLab_List : MethodStart
INFO  2023-05-22 13:40:25,671 LabDataService::? - Get_AllLab_List : MethodFinish
INFO  2023-05-22 13:40:25,785 RoleDataService::? - Get_Role_List : MethodStart
INFO  2023-05-22 13:40:26,002 RoleDataService::? - Get_Role_List : MethodFinish
INFO  2023-05-22 13:40:30,447 LabDataService::? - Get_AllLab_List : MethodStart
INFO  2023-05-22 13:40:30,553 LabDataService::? - Get_AllLab_List : MethodFinish
INFO  2023-05-22 13:40:30,684 RoleDataService::? - Get_Role_List : MethodStart
INFO  2023-05-22 13:40:30,778 RoleDataService::? - Get_Role_List : MethodFinish
INFO  2023-05-22 13:40:36,919 LabDataService::? - Get_AllLab_List : MethodStart
INFO  2023-05-22 13:40:37,016 LabDataService::? - Get_AllLab_List : MethodFinish
INFO  2023-05-22 13:40:37,108 ParameterService::? - Get_Parameter_List : MethodStart
INFO  2023-05-22 13:40:37,214 ParameterService::? - Get_Parameter_List : MethodFinish
INFO  2023-05-22 13:40:53,825 LabDataService::? - Get_AllLab_List : MethodStart
INFO  2023-05-22 13:40:53,923 LabDataService::? - Get_AllLab_List : MethodFinish
INFO  2023-05-22 13:40:54,026 RoleDataService::? - Get_Role_List : MethodStart
INFO  2023-05-22 13:40:54,119 RoleDataService::? - Get_Role_List : MethodFinish
INFO  2023-05-22 14:50:35,736 LabDataService::? - Get_AllLab_List : MethodStart
INFO  2023-05-22 14:50:36,776 LabDataService::? - Get_AllLab_List : MethodFinish
INFO  2023-05-22 14:50:36,896 RoleDataService::? - Get_Role_List : MethodStart
INFO  2023-05-22 14:50:37,154 RoleDataService::? - Get_Role_List : MethodFinish
INFO  2023-05-22 14:52:31,579 LabDataService::? - Get_AllLab_List : MethodStart
INFO  2023-05-22 14:52:32,548 LabDataService::? - Get_AllLab_List : MethodFinish
INFO  2023-05-22 14:52:32,682 RoleDataService::? - Get_Role_List : MethodStart
INFO  2023-05-22 14:52:32,966 RoleDataService::? - Get_Role_List : MethodFinish
INFO  2023-05-22 14:59:15,565 LabDataService::? - Get_AllLab_List : MethodStart
INFO  2023-05-22 14:59:16,764 LabDataService::? - Get_AllLab_List : MethodFinish
INFO  2023-05-22 14:59:16,899 RoleDataService::? - Get_Role_List : MethodStart
INFO  2023-05-22 14:59:17,163 RoleDataService::? - Get_Role_List : MethodFinish
INFO  2023-05-22 15:01:35,819 LabDataService::? - Get_AllLab_List : MethodStart
INFO  2023-05-22 15:01:36,850 LabDataService::? - Get_AllLab_List : MethodFinish
INFO  2023-05-22 15:01:36,972 RoleDataService::? - Get_Role_List : MethodStart
INFO  2023-05-22 15:01:37,241 RoleDataService::? - Get_Role_List : MethodFinish
INFO  2023-05-22 15:10:46,865 LabDataService::? - Get_AllLab_List : MethodStart
INFO  2023-05-22 15:10:48,034 LabDataService::? - Get_AllLab_List : MethodFinish
INFO  2023-05-22 15:10:48,161 RoleDataService::? - Get_Role_List : MethodStart
INFO  2023-05-22 15:10:48,402 RoleDataService::? - Get_Role_List : MethodFinish
INFO  2023-05-22 15:14:01,336 LabDataService::? - Get_AllLab_List : MethodStart
INFO  2023-05-22 15:14:02,364 LabDataService::? - Get_AllLab_List : MethodFinish
INFO  2023-05-22 15:14:02,479 RoleDataService::? - Get_Role_List : MethodStart
INFO  2023-05-22 15:14:02,739 RoleDataService::? - Get_Role_List : MethodFinish
INFO  2023-05-22 15:18:09,715 LabDataService::? - Get_AllLab_List : MethodStart
INFO  2023-05-22 15:18:10,667 LabDataService::? - Get_AllLab_List : MethodFinish
INFO  2023-05-22 15:18:10,777 RoleDataService::? - Get_Role_List : MethodStart
INFO  2023-05-22 15:18:11,024 RoleDataService::? - Get_Role_List : MethodFinish
INFO  2023-05-22 15:20:39,572 LabDataService::? - Get_AllLab_List : MethodStart
INFO  2023-05-22 15:20:40,741 LabDataService::? - Get_AllLab_List : MethodFinish
INFO  2023-05-22 15:20:40,878 RoleDataService::? - Get_Role_List : MethodStart
INFO  2023-05-22 15:20:41,121 RoleDataService::? - Get_Role_List : MethodFinish
INFO  2023-05-22 15:24:15,806 LabDataService::? - Get_AllLab_List : MethodStart
INFO  2023-05-22 15:24:16,819 LabDataService::? - Get_AllLab_List : MethodFinish
INFO  2023-05-22 15:24:16,952 RoleDataService::? - Get_Role_List : MethodStart
INFO  2023-05-22 15:24:17,199 RoleDataService::? - Get_Role_List : MethodFinish
INFO  2023-05-22 15:39:40,523 LabDataService::? - Get_AllLab_List : MethodStart
INFO  2023-05-22 15:39:41,529 LabDataService::? - Get_AllLab_List : MethodFinish
INFO  2023-05-22 15:39:41,633 RoleDataService::? - Get_Role_List : MethodStart
INFO  2023-05-22 15:39:41,885 RoleDataService::? - Get_Role_List : MethodFinish
INFO  2023-05-22 15:40:23,549 LabDataService::? - Get_AllLab_List : MethodStart
INFO  2023-05-22 15:40:23,677 LabDataService::? - Get_AllLab_List : MethodFinish
INFO  2023-05-22 15:40:23,771 RoleDataService::? - Get_Role_List : MethodStart
INFO  2023-05-22 15:40:23,865 RoleDataService::? - Get_Role_List : MethodFinish
INFO  2023-05-22 15:44:16,203 LabDataService::? - Get_AllLab_List : MethodStart
INFO  2023-05-22 15:44:17,117 LabDataService::? - Get_AllLab_List : MethodFinish
INFO  2023-05-22 15:44:17,239 RoleDataService::? - Get_Role_List : MethodStart
INFO  2023-05-22 15:44:17,488 RoleDataService::? - Get_Role_List : MethodFinish
INFO  2023-05-22 15:46:00,468 LabDataService::? - Get_AllLab_List : MethodStart
INFO  2023-05-22 15:46:01,383 LabDataService::? - Get_AllLab_List : MethodFinish
INFO  2023-05-22 15:46:01,490 RoleDataService::? - Get_Role_List : MethodStart
INFO  2023-05-22 15:46:01,750 RoleDataService::? - Get_Role_List : MethodFinish
INFO  2023-05-22 15:50:50,317 LabDataService::? - Get_AllLab_List : MethodStart
INFO  2023-05-22 15:50:51,294 LabDataService::? - Get_AllLab_List : MethodFinish
INFO  2023-05-22 15:50:51,448 RoleDataService::? - Get_Role_List : MethodStart
INFO  2023-05-22 15:50:51,713 RoleDataService::? - Get_Role_List : MethodFinish
INFO  2023-05-22 15:53:53,080 LabDataService::? - Get_AllLab_List : MethodStart
INFO  2023-05-22 15:53:54,118 LabDataService::? - Get_AllLab_List : MethodFinish
INFO  2023-05-22 15:53:54,242 RoleDataService::? - Get_Role_List : MethodStart
INFO  2023-05-22 15:53:54,486 RoleDataService::? - Get_Role_List : MethodFinish
INFO  2023-05-22 15:57:12,056 LabDataService::? - Get_AllLab_List : MethodStart
INFO  2023-05-22 15:57:13,008 LabDataService::? - Get_AllLab_List : MethodFinish
INFO  2023-05-22 15:57:13,124 RoleDataService::? - Get_Role_List : MethodStart
INFO  2023-05-22 15:57:13,369 RoleDataService::? - Get_Role_List : MethodFinish
INFO  2023-05-22 15:59:42,008 LabDataService::? - Get_AllLab_List : MethodStart
INFO  2023-05-22 15:59:42,971 LabDataService::? - Get_AllLab_List : MethodFinish
INFO  2023-05-22 15:59:43,079 RoleDataService::? - Get_Role_List : MethodStart
INFO  2023-05-22 15:59:43,330 RoleDataService::? - Get_Role_List : MethodFinish
INFO  2023-05-22 16:04:38,593 LabDataService::? - Get_AllLab_List : MethodStart
INFO  2023-05-22 16:04:39,668 LabDataService::? - Get_AllLab_List : MethodFinish
INFO  2023-05-22 16:04:39,797 RoleDataService::? - Get_Role_List : MethodStart
INFO  2023-05-22 16:04:40,046 RoleDataService::? - Get_Role_List : MethodFinish
INFO  2023-05-22 16:10:19,069 LabDataService::? - Get_AllLab_List : MethodStart
INFO  2023-05-22 16:10:20,058 LabDataService::? - Get_AllLab_List : MethodFinish
INFO  2023-05-22 16:10:20,222 RoleDataService::? - Get_Role_List : MethodStart
INFO  2023-05-22 16:10:20,465 RoleDataService::? - Get_Role_List : MethodFinish
INFO  2023-05-22 16:12:45,664 LabDataService::? - Get_AllLab_List : MethodStart
INFO  2023-05-22 16:12:46,671 LabDataService::? - Get_AllLab_List : MethodFinish
INFO  2023-05-22 16:12:46,762 RoleDataService::? - Get_Role_List : MethodStart
INFO  2023-05-22 16:12:47,001 RoleDataService::? - Get_Role_List : MethodFinish
INFO  2023-05-22 16:17:14,679 LabDataService::? - Get_AllLab_List : MethodStart
INFO  2023-05-22 16:17:15,735 LabDataService::? - Get_AllLab_List : MethodFinish
INFO  2023-05-22 16:17:15,863 RoleDataService::? - Get_Role_List : MethodStart
INFO  2023-05-22 16:17:16,116 RoleDataService::? - Get_Role_List : MethodFinish
INFO  2023-05-22 16:21:41,914 LabDataService::? - Get_AllLab_List : MethodStart
INFO  2023-05-22 16:21:42,880 LabDataService::? - Get_AllLab_List : MethodFinish
INFO  2023-05-22 16:21:42,997 RoleDataService::? - Get_Role_List : MethodStart
INFO  2023-05-22 16:21:43,252 RoleDataService::? - Get_Role_List : MethodFinish
INFO  2023-05-22 16:23:56,211 LabDataService::? - Get_AllLab_List : MethodStart
INFO  2023-05-22 16:23:57,213 LabDataService::? - Get_AllLab_List : MethodFinish
INFO  2023-05-22 16:23:57,345 RoleDataService::? - Get_Role_List : MethodStart
INFO  2023-05-22 16:23:57,615 RoleDataService::? - Get_Role_List : MethodFinish
INFO  2023-05-22 16:25:42,483 LabDataService::? - Get_AllLab_List : MethodStart
INFO  2023-05-22 16:25:43,566 LabDataService::? - Get_AllLab_List : MethodFinish
INFO  2023-05-22 16:25:43,672 RoleDataService::? - Get_Role_List : MethodStart
INFO  2023-05-22 16:25:43,923 RoleDataService::? - Get_Role_List : MethodFinish
INFO  2023-05-22 16:27:45,708 LabDataService::? - Get_AllLab_List : MethodStart
INFO  2023-05-22 16:27:46,659 LabDataService::? - Get_AllLab_List : MethodFinish
INFO  2023-05-22 16:27:46,766 RoleDataService::? - Get_Role_List : MethodStart
INFO  2023-05-22 16:27:47,104 RoleDataService::? - Get_Role_List : MethodFinish
INFO  2023-05-22 16:40:27,117 LabDataService::? - Get_AllLab_List : MethodStart
INFO  2023-05-22 16:40:28,169 LabDataService::? - Get_AllLab_List : MethodFinish
INFO  2023-05-22 16:40:28,311 RoleDataService::? - Get_Role_List : MethodStart
INFO  2023-05-22 16:40:28,580 RoleDataService::? - Get_Role_List : MethodFinish
INFO  2023-05-22 16:45:58,638 LabDataService::? - Get_AllLab_List : MethodStart
INFO  2023-05-22 16:46:00,491 LabDataService::? - Get_AllLab_List : MethodFinish
INFO  2023-05-22 16:46:00,606 RoleDataService::? - Get_Role_List : MethodStart
INFO  2023-05-22 16:46:00,846 RoleDataService::? - Get_Role_List : MethodFinish
