INFO  2022-03-24 09:43:50,015 LabDataService::? - Get_AllLab_List : MethodStart
INFO  2022-03-24 09:43:53,134 LabDataService::? - Get_AllLab_List : MethodFinish
INFO  2022-03-24 09:43:53,277 RoleDataService::? - Get_Role_List : MethodStart
INFO  2022-03-24 09:43:53,673 RoleDataService::? - Get_Role_List : MethodFinish
INFO  2022-03-24 09:46:58,840 LabDataService::? - Get_AllLab_List : MethodStart
INFO  2022-03-24 09:46:59,058 LabDataService::? - Get_AllLab_List : MethodFinish
INFO  2022-03-24 09:47:14,097 ProvinceDataService::? - Get_Province_List : MethodStart
INFO  2022-03-24 09:47:14,264 ProvinceDataService::? - Get_Province_List : MethodFinish
INFO  2022-03-24 09:49:28,028 ProvinceDataService::? - Get_Province_List : MethodStart
INFO  2022-03-24 09:49:28,163 ProvinceDataService::? - Get_Province_List : MethodFinish
INFO  2022-03-24 09:50:53,307 LabDataService::? - Get_AllLab_List : MethodStart
INFO  2022-03-24 09:50:53,423 LabDataService::? - Get_AllLab_List : MethodFinish
INFO  2022-03-24 09:50:56,238 HospitalDataService::? - Get_TCHospital_List : MethodStart
INFO  2022-03-24 09:50:56,404 HospitalDataService::? - Get_TCHospital_List : MethodFinish
INFO  2022-03-24 09:51:30,533 LabDataService::? - Get_AllLab_List : MethodStart
INFO  2022-03-24 09:51:30,645 LabDataService::? - Get_AllLab_List : MethodFinish
INFO  2022-03-24 09:51:30,758 RoleDataService::? - Get_Role_List : MethodStart
INFO  2022-03-24 09:51:31,057 RoleDataService::? - Get_Role_List : MethodFinish
INFO  2022-03-24 09:52:19,079 LabDataService::? - Get_AllLab_List : MethodStart
INFO  2022-03-24 09:52:19,202 LabDataService::? - Get_AllLab_List : MethodFinish
INFO  2022-03-24 09:52:26,008 HospitalDataService::? - Get_TCHospital_List : MethodStart
INFO  2022-03-24 09:52:26,169 HospitalDataService::? - Get_TCHospital_List : MethodFinish
INFO  2022-03-24 09:53:41,553 LabDataService::? - Get_AllLab_List : MethodStart
INFO  2022-03-24 09:53:41,670 LabDataService::? - Get_AllLab_List : MethodFinish
INFO  2022-03-24 09:53:41,760 RoleDataService::? - Get_Role_List : MethodStart
INFO  2022-03-24 09:53:41,865 RoleDataService::? - Get_Role_List : MethodFinish
INFO  2022-03-24 09:54:39,999 ParameterService::? - Get_Parameter_List : MethodStart
INFO  2022-03-24 09:54:40,166 ParameterService::? - Get_Parameter_List : MethodFinish
INFO  2022-03-24 09:54:54,967 ParameterService::? - Get_Parameter_List : MethodStart
INFO  2022-03-24 09:54:55,078 ParameterService::? - Get_Parameter_List : MethodFinish
