INFO  2021-09-02 09:40:46,931 ParameterService::? - Get_Parameter_List : MethodStart
INFO  2021-09-02 09:40:49,162 ParameterService::? - Get_Parameter_List : MethodFinish
INFO  2021-09-02 09:40:49,281 LabDataService::? - Get_AllLab_List : MethodStart
INFO  2021-09-02 09:40:49,486 LabDataService::? - Get_AllLab_List : MethodFinish
INFO  2021-09-02 11:21:52,351 LabDataService::? - Get_AllLab_List : MethodStart
INFO  2021-09-02 11:21:53,562 LabDataService::? - Get_AllLab_List : MethodFinish
INFO  2021-09-02 11:21:53,627 RoleDataService::? - Get_Role_List : MethodStart
INFO  2021-09-02 11:21:53,922 RoleDataService::? - Get_Role_List : MethodFinish
INFO  2021-09-02 11:23:30,789 ParameterService::? - Get_Parameter_List : MethodStart
INFO  2021-09-02 11:23:30,956 ParameterService::? - Get_Parameter_List : MethodFinish
INFO  2021-09-02 11:23:38,932 ParameterService::? - Get_Parameter_List : MethodStart
INFO  2021-09-02 11:23:39,039 ParameterService::? - Get_Parameter_List : MethodFinish
INFO  2021-09-02 14:53:38,055 ParameterService::? - Get_Parameter_List : MethodStart
INFO  2021-09-02 14:53:39,097 ParameterService::? - Get_Parameter_List : MethodFinish
INFO  2021-09-02 15:11:41,984 LabDataService::? - Get_AllLab_List : MethodStart
INFO  2021-09-02 15:11:43,247 LabDataService::? - Get_AllLab_List : MethodFinish
INFO  2021-09-02 15:11:43,314 RoleDataService::? - Get_Role_List : MethodStart
INFO  2021-09-02 15:11:43,602 RoleDataService::? - Get_Role_List : MethodFinish
INFO  2021-09-02 15:12:13,132 ParameterService::? - Get_Parameter_List : MethodStart
INFO  2021-09-02 15:12:13,300 ParameterService::? - Get_Parameter_List : MethodFinish
INFO  2021-09-02 15:12:21,180 ParameterService::? - Get_Parameter_List : MethodStart
INFO  2021-09-02 15:12:21,290 ParameterService::? - Get_Parameter_List : MethodFinish
INFO  2021-09-02 15:30:33,878 ParameterService::? - Get_Parameter_List : MethodStart
INFO  2021-09-02 15:30:34,234 ParameterService::? - Get_Parameter_List : MethodFinish
