INFO  2022-02-17 14:40:14,583 LabDataService::? - Get_AllLab_List : MethodStart
INFO  2022-02-17 14:40:15,964 LabDataService::? - Get_AllLab_List : MethodFinish
INFO  2022-02-17 14:40:16,051 RoleDataService::? - Get_Role_List : MethodStart
INFO  2022-02-17 14:40:16,335 RoleDataService::? - Get_Role_List : MethodFinish
INFO  2022-02-17 14:45:52,852 LabDataService::? - Get_AllLab_List : MethodStart
INFO  2022-02-17 14:45:54,192 LabDataService::? - Get_AllLab_List : MethodFinish
INFO  2022-02-17 14:45:54,261 RoleDataService::? - Get_Role_List : MethodStart
INFO  2022-02-17 14:45:54,589 RoleDataService::? - Get_Role_List : MethodFinish
INFO  2022-02-17 14:47:24,856 LabDataService::? - Get_AllLab_List : MethodStart
INFO  2022-02-17 14:47:25,015 LabDataService::? - Get_AllLab_List : MethodFinish
INFO  2022-02-17 14:47:25,122 RoleDataService::? - Get_Role_List : MethodStart
INFO  2022-02-17 14:47:25,236 RoleDataService::? - Get_Role_List : MethodFinish
INFO  2022-02-17 20:10:32,157 ProvinceDataService::? - Get_Province_List : MethodStart
INFO  2022-02-17 20:10:33,305 ProvinceDataService::? - Get_Province_List : MethodFinish
INFO  2022-02-17 20:11:51,966 ProvinceDataService::? - Get_Province_List : MethodStart
INFO  2022-02-17 20:11:52,096 ProvinceDataService::? - Get_Province_List : MethodFinish
INFO  2022-02-17 20:12:22,404 LabDataService::? - Get_AllLab_List : MethodStart
INFO  2022-02-17 20:12:22,597 LabDataService::? - Get_AllLab_List : MethodFinish
INFO  2022-02-17 20:12:25,156 HospitalDataService::? - Get_TCHospital_List : MethodStart
INFO  2022-02-17 20:12:25,284 HospitalDataService::? - Get_TCHospital_List : MethodFinish
INFO  2022-02-17 20:13:04,195 LabDataService::? - Get_AllLab_List : MethodStart
INFO  2022-02-17 20:13:04,313 LabDataService::? - Get_AllLab_List : MethodFinish
INFO  2022-02-17 20:13:04,364 RoleDataService::? - Get_Role_List : MethodStart
INFO  2022-02-17 20:13:04,643 RoleDataService::? - Get_Role_List : MethodFinish
INFO  2022-02-17 20:14:16,949 ParameterService::? - Get_Parameter_List : MethodStart
INFO  2022-02-17 20:14:17,123 ParameterService::? - Get_Parameter_List : MethodFinish
INFO  2022-02-17 20:14:23,543 ParameterService::? - Get_Parameter_List : MethodStart
INFO  2022-02-17 20:14:23,642 ParameterService::? - Get_Parameter_List : MethodFinish
