INFO  2023-05-24 09:06:59,089 LabDataService::? - Get_AllLab_List : MethodStart
INFO  2023-05-24 09:07:00,184 LabDataService::? - Get_AllLab_List : MethodFinish
INFO  2023-05-24 09:07:00,283 RoleDataService::? - Get_Role_List : MethodStart
INFO  2023-05-24 09:07:00,533 RoleDataService::? - Get_Role_List : MethodFinish
INFO  2023-05-24 09:11:45,928 LabDataService::? - Get_AllLab_List : MethodStart
INFO  2023-05-24 09:11:46,818 LabDataService::? - Get_AllLab_List : MethodFinish
INFO  2023-05-24 09:11:46,919 RoleDataService::? - Get_Role_List : MethodStart
INFO  2023-05-24 09:11:47,164 RoleDataService::? - Get_Role_List : MethodFinish
INFO  2023-05-24 09:13:58,611 LabDataService::? - Get_AllLab_List : MethodStart
INFO  2023-05-24 09:13:59,686 LabDataService::? - Get_AllLab_List : MethodFinish
INFO  2023-05-24 09:13:59,823 RoleDataService::? - Get_Role_List : MethodStart
INFO  2023-05-24 09:14:00,076 RoleDataService::? - Get_Role_List : MethodFinish
INFO  2023-05-24 09:19:05,875 LabDataService::? - Get_AllLab_List : MethodStart
INFO  2023-05-24 09:19:06,005 LabDataService::? - Get_AllLab_List : MethodFinish
INFO  2023-05-24 09:19:06,082 RoleDataService::? - Get_Role_List : MethodStart
INFO  2023-05-24 09:19:06,182 RoleDataService::? - Get_Role_List : MethodFinish
INFO  2023-05-24 09:19:29,011 LabDataService::? - Get_AllLab_List : MethodStart
INFO  2023-05-24 09:19:29,123 LabDataService::? - Get_AllLab_List : MethodFinish
INFO  2023-05-24 09:19:29,210 RoleDataService::? - Get_Role_List : MethodStart
INFO  2023-05-24 09:19:29,306 RoleDataService::? - Get_Role_List : MethodFinish
INFO  2023-05-24 09:21:53,726 LabDataService::? - Get_AllLab_List : MethodStart
INFO  2023-05-24 09:21:54,671 LabDataService::? - Get_AllLab_List : MethodFinish
INFO  2023-05-24 09:21:54,770 RoleDataService::? - Get_Role_List : MethodStart
INFO  2023-05-24 09:21:55,016 RoleDataService::? - Get_Role_List : MethodFinish
INFO  2023-05-24 09:23:50,830 LabDataService::? - Get_AllLab_List : MethodStart
INFO  2023-05-24 09:23:50,957 LabDataService::? - Get_AllLab_List : MethodFinish
INFO  2023-05-24 09:23:51,029 RoleDataService::? - Get_Role_List : MethodStart
INFO  2023-05-24 09:23:51,122 RoleDataService::? - Get_Role_List : MethodFinish
INFO  2023-05-24 09:35:13,368 LabDataService::? - Get_AllLab_List : MethodStart
INFO  2023-05-24 09:35:14,307 LabDataService::? - Get_AllLab_List : MethodFinish
INFO  2023-05-24 09:35:14,415 RoleDataService::? - Get_Role_List : MethodStart
INFO  2023-05-24 09:35:14,682 RoleDataService::? - Get_Role_List : MethodFinish
INFO  2023-05-24 09:36:26,858 LabDataService::? - Get_AllLab_List : MethodStart
INFO  2023-05-24 09:36:27,866 LabDataService::? - Get_AllLab_List : MethodFinish
INFO  2023-05-24 09:36:27,968 RoleDataService::? - Get_Role_List : MethodStart
INFO  2023-05-24 09:36:28,227 RoleDataService::? - Get_Role_List : MethodFinish
INFO  2023-05-24 10:56:44,398 LabDataService::? - Get_AllLab_List : MethodStart
INFO  2023-05-24 10:56:45,262 LabDataService::? - Get_AllLab_List : MethodFinish
INFO  2023-05-24 10:56:45,375 RoleDataService::? - Get_Role_List : MethodStart
INFO  2023-05-24 10:56:45,636 RoleDataService::? - Get_Role_List : MethodFinish
INFO  2023-05-24 11:00:47,241 LabDataService::? - Get_AllLab_List : MethodStart
INFO  2023-05-24 11:00:48,111 LabDataService::? - Get_AllLab_List : MethodFinish
INFO  2023-05-24 11:00:48,207 RoleDataService::? - Get_Role_List : MethodStart
INFO  2023-05-24 11:00:48,467 RoleDataService::? - Get_Role_List : MethodFinish
INFO  2023-05-24 11:10:59,757 LabDataService::? - Get_AllLab_List : MethodStart
INFO  2023-05-24 11:11:00,720 LabDataService::? - Get_AllLab_List : MethodFinish
INFO  2023-05-24 11:11:00,849 RoleDataService::? - Get_Role_List : MethodStart
INFO  2023-05-24 11:11:01,108 RoleDataService::? - Get_Role_List : MethodFinish
INFO  2023-05-24 11:11:37,998 LabDataService::? - Get_AllLab_List : MethodStart
INFO  2023-05-24 11:11:38,135 LabDataService::? - Get_AllLab_List : MethodFinish
INFO  2023-05-24 11:11:38,227 RoleDataService::? - Get_Role_List : MethodStart
INFO  2023-05-24 11:11:38,323 RoleDataService::? - Get_Role_List : MethodFinish
INFO  2023-05-24 11:14:55,058 LabDataService::? - Get_AllLab_List : MethodStart
INFO  2023-05-24 11:14:55,994 LabDataService::? - Get_AllLab_List : MethodFinish
INFO  2023-05-24 11:14:56,105 RoleDataService::? - Get_Role_List : MethodStart
INFO  2023-05-24 11:14:56,358 RoleDataService::? - Get_Role_List : MethodFinish
INFO  2023-05-24 11:17:07,974 LabDataService::? - Get_AllLab_List : MethodStart
INFO  2023-05-24 11:17:08,975 LabDataService::? - Get_AllLab_List : MethodFinish
INFO  2023-05-24 11:17:09,079 RoleDataService::? - Get_Role_List : MethodStart
INFO  2023-05-24 11:17:09,334 RoleDataService::? - Get_Role_List : MethodFinish
INFO  2023-05-24 11:18:23,830 LabDataService::? - Get_AllLab_List : MethodStart
INFO  2023-05-24 11:18:24,731 LabDataService::? - Get_AllLab_List : MethodFinish
INFO  2023-05-24 11:18:24,834 RoleDataService::? - Get_Role_List : MethodStart
INFO  2023-05-24 11:18:25,095 RoleDataService::? - Get_Role_List : MethodFinish
INFO  2023-05-24 11:21:24,866 LabDataService::? - Get_AllLab_List : MethodStart
INFO  2023-05-24 11:21:25,012 LabDataService::? - Get_AllLab_List : MethodFinish
INFO  2023-05-24 11:21:25,112 RoleDataService::? - Get_Role_List : MethodStart
INFO  2023-05-24 11:21:25,208 RoleDataService::? - Get_Role_List : MethodFinish
INFO  2023-05-24 11:27:41,653 LabDataService::? - Get_AllLab_List : MethodStart
INFO  2023-05-24 11:27:42,682 LabDataService::? - Get_AllLab_List : MethodFinish
INFO  2023-05-24 11:27:42,782 RoleDataService::? - Get_Role_List : MethodStart
INFO  2023-05-24 11:27:43,043 RoleDataService::? - Get_Role_List : MethodFinish
INFO  2023-05-24 11:45:00,259 LabDataService::? - Get_AllLab_List : MethodStart
INFO  2023-05-24 11:45:01,171 LabDataService::? - Get_AllLab_List : MethodFinish
INFO  2023-05-24 11:45:01,270 RoleDataService::? - Get_Role_List : MethodStart
INFO  2023-05-24 11:45:01,525 RoleDataService::? - Get_Role_List : MethodFinish
INFO  2023-05-24 13:44:28,731 LabDataService::? - Get_AllLab_List : MethodStart
INFO  2023-05-24 13:44:29,714 LabDataService::? - Get_AllLab_List : MethodFinish
INFO  2023-05-24 13:44:29,834 RoleDataService::? - Get_Role_List : MethodStart
INFO  2023-05-24 13:44:30,086 RoleDataService::? - Get_Role_List : MethodFinish
INFO  2023-05-24 13:45:14,279 LabDataService::? - Get_AllLab_List : MethodStart
INFO  2023-05-24 13:45:14,408 LabDataService::? - Get_AllLab_List : MethodFinish
INFO  2023-05-24 13:45:14,505 RoleDataService::? - Get_Role_List : MethodStart
INFO  2023-05-24 13:45:14,600 RoleDataService::? - Get_Role_List : MethodFinish
INFO  2023-05-24 13:45:44,002 LabDataService::? - Get_AllLab_List : MethodStart
INFO  2023-05-24 13:45:44,114 LabDataService::? - Get_AllLab_List : MethodFinish
INFO  2023-05-24 13:45:44,195 RoleDataService::? - Get_Role_List : MethodStart
INFO  2023-05-24 13:45:44,291 RoleDataService::? - Get_Role_List : MethodFinish
INFO  2023-05-24 13:46:10,676 LabDataService::? - Get_AllLab_List : MethodStart
INFO  2023-05-24 13:46:10,781 LabDataService::? - Get_AllLab_List : MethodFinish
INFO  2023-05-24 13:46:10,909 RoleDataService::? - Get_Role_List : MethodStart
INFO  2023-05-24 13:46:11,006 RoleDataService::? - Get_Role_List : MethodFinish
INFO  2023-05-24 13:48:26,971 LabDataService::? - Get_AllLab_List : MethodStart
INFO  2023-05-24 13:48:28,702 LabDataService::? - Get_AllLab_List : MethodFinish
INFO  2023-05-24 13:48:28,774 RoleDataService::? - Get_Role_List : MethodStart
INFO  2023-05-24 13:48:29,134 RoleDataService::? - Get_Role_List : MethodFinish
INFO  2023-05-24 13:51:22,771 LabDataService::? - Get_AllLab_List : MethodStart
INFO  2023-05-24 13:51:23,721 LabDataService::? - Get_AllLab_List : MethodFinish
INFO  2023-05-24 13:51:23,830 RoleDataService::? - Get_Role_List : MethodStart
INFO  2023-05-24 13:51:24,085 RoleDataService::? - Get_Role_List : MethodFinish
INFO  2023-05-24 13:53:38,332 LabDataService::? - Get_AllLab_List : MethodStart
INFO  2023-05-24 13:53:39,271 LabDataService::? - Get_AllLab_List : MethodFinish
INFO  2023-05-24 13:53:39,370 RoleDataService::? - Get_Role_List : MethodStart
INFO  2023-05-24 13:53:39,628 RoleDataService::? - Get_Role_List : MethodFinish
INFO  2023-05-24 13:54:49,028 LabDataService::? - Get_AllLab_List : MethodStart
INFO  2023-05-24 13:54:49,161 LabDataService::? - Get_AllLab_List : MethodFinish
INFO  2023-05-24 13:54:49,241 RoleDataService::? - Get_Role_List : MethodStart
INFO  2023-05-24 13:54:49,339 RoleDataService::? - Get_Role_List : MethodFinish
INFO  2023-05-24 14:04:32,186 LabDataService::? - Get_AllLab_List : MethodStart
INFO  2023-05-24 14:04:33,557 LabDataService::? - Get_AllLab_List : MethodFinish
INFO  2023-05-24 14:04:33,670 RoleDataService::? - Get_Role_List : MethodStart
INFO  2023-05-24 14:04:34,018 RoleDataService::? - Get_Role_List : MethodFinish
INFO  2023-05-24 14:21:56,652 LabDataService::? - Get_AllLab_List : MethodStart
INFO  2023-05-24 14:21:58,313 LabDataService::? - Get_AllLab_List : MethodFinish
INFO  2023-05-24 14:21:58,425 RoleDataService::? - Get_Role_List : MethodStart
INFO  2023-05-24 14:21:58,863 RoleDataService::? - Get_Role_List : MethodFinish
INFO  2023-05-24 14:27:13,544 LabDataService::? - Get_AllLab_List : MethodStart
INFO  2023-05-24 14:27:14,569 LabDataService::? - Get_AllLab_List : MethodFinish
INFO  2023-05-24 14:27:14,674 RoleDataService::? - Get_Role_List : MethodStart
INFO  2023-05-24 14:27:14,958 RoleDataService::? - Get_Role_List : MethodFinish
INFO  2023-05-24 14:56:58,007 LabDataService::? - Get_AllLab_List : MethodStart
INFO  2023-05-24 14:56:58,925 LabDataService::? - Get_AllLab_List : MethodFinish
INFO  2023-05-24 14:56:59,029 RoleDataService::? - Get_Role_List : MethodStart
INFO  2023-05-24 14:56:59,564 RoleDataService::? - Get_Role_List : MethodFinish
INFO  2023-05-24 15:06:49,936 LabDataService::? - Get_AllLab_List : MethodStart
INFO  2023-05-24 15:06:50,962 LabDataService::? - Get_AllLab_List : MethodFinish
INFO  2023-05-24 15:06:51,081 RoleDataService::? - Get_Role_List : MethodStart
INFO  2023-05-24 15:06:51,421 RoleDataService::? - Get_Role_List : MethodFinish
INFO  2023-05-24 15:12:43,437 LabDataService::? - Get_AllLab_List : MethodStart
INFO  2023-05-24 15:12:44,973 LabDataService::? - Get_AllLab_List : MethodFinish
INFO  2023-05-24 15:12:45,084 RoleDataService::? - Get_Role_List : MethodStart
INFO  2023-05-24 15:12:45,389 RoleDataService::? - Get_Role_List : MethodFinish
INFO  2023-05-24 15:15:59,742 LabDataService::? - Get_AllLab_List : MethodStart
INFO  2023-05-24 15:16:00,846 LabDataService::? - Get_AllLab_List : MethodFinish
INFO  2023-05-24 15:16:00,961 RoleDataService::? - Get_Role_List : MethodStart
INFO  2023-05-24 15:16:01,261 RoleDataService::? - Get_Role_List : MethodFinish
INFO  2023-05-24 15:29:09,864 LabDataService::? - Get_AllLab_List : MethodStart
INFO  2023-05-24 15:29:10,832 LabDataService::? - Get_AllLab_List : MethodFinish
INFO  2023-05-24 15:29:10,924 RoleDataService::? - Get_Role_List : MethodStart
INFO  2023-05-24 15:29:11,262 RoleDataService::? - Get_Role_List : MethodFinish
INFO  2023-05-24 15:38:13,186 LabDataService::? - Get_AllLab_List : MethodStart
INFO  2023-05-24 15:38:14,166 LabDataService::? - Get_AllLab_List : MethodFinish
INFO  2023-05-24 15:38:14,269 RoleDataService::? - Get_Role_List : MethodStart
INFO  2023-05-24 15:38:14,571 RoleDataService::? - Get_Role_List : MethodFinish
INFO  2023-05-24 16:10:44,783 LabDataService::? - Get_AllLab_List : MethodStart
INFO  2023-05-24 16:10:45,706 LabDataService::? - Get_AllLab_List : MethodFinish
INFO  2023-05-24 16:10:45,797 RoleDataService::? - Get_Role_List : MethodStart
INFO  2023-05-24 16:10:46,139 RoleDataService::? - Get_Role_List : MethodFinish
INFO  2023-05-24 16:10:46,221 ParameterService::? - Get_Parameter_List : MethodStart
INFO  2023-05-24 16:10:46,394 ParameterService::? - Get_Parameter_List : MethodFinish
INFO  2023-05-24 16:12:23,652 LabDataService::? - Get_AllLab_List : MethodStart
INFO  2023-05-24 16:12:23,795 LabDataService::? - Get_AllLab_List : MethodFinish
INFO  2023-05-24 16:12:23,868 RoleDataService::? - Get_Role_List : MethodStart
INFO  2023-05-24 16:12:23,974 RoleDataService::? - Get_Role_List : MethodFinish
INFO  2023-05-24 16:12:27,888 ParameterService::? - Get_Parameter_List : MethodStart
INFO  2023-05-24 16:12:27,994 ParameterService::? - Get_Parameter_List : MethodFinish
INFO  2023-05-24 16:13:54,836 LabDataService::? - Get_AllLab_List : MethodStart
INFO  2023-05-24 16:13:55,763 LabDataService::? - Get_AllLab_List : MethodFinish
INFO  2023-05-24 16:13:55,834 RoleDataService::? - Get_Role_List : MethodStart
INFO  2023-05-24 16:13:56,194 RoleDataService::? - Get_Role_List : MethodFinish
INFO  2023-05-24 16:13:59,173 ParameterService::? - Get_Parameter_List : MethodStart
INFO  2023-05-24 16:13:59,341 ParameterService::? - Get_Parameter_List : MethodFinish
INFO  2023-05-24 16:14:22,434 LabDataService::? - Get_AllLab_List : MethodStart
INFO  2023-05-24 16:14:22,620 LabDataService::? - Get_AllLab_List : MethodFinish
INFO  2023-05-24 16:14:22,683 RoleDataService::? - Get_Role_List : MethodStart
INFO  2023-05-24 16:14:22,837 RoleDataService::? - Get_Role_List : MethodFinish
INFO  2023-05-24 16:14:24,289 ParameterService::? - Get_Parameter_List : MethodStart
INFO  2023-05-24 16:14:45,735 ParameterService::? - Get_Parameter_List : MethodFinish
INFO  2023-05-24 16:18:14,960 LabDataService::? - Get_AllLab_List : MethodStart
INFO  2023-05-24 16:18:15,118 LabDataService::? - Get_AllLab_List : MethodFinish
INFO  2023-05-24 16:18:15,171 RoleDataService::? - Get_Role_List : MethodStart
INFO  2023-05-24 16:18:15,281 RoleDataService::? - Get_Role_List : MethodFinish
INFO  2023-05-24 16:18:17,204 ParameterService::? - Get_Parameter_List : MethodStart
INFO  2023-05-24 16:18:23,357 ParameterService::? - Get_Parameter_List : MethodFinish
INFO  2023-05-24 16:20:40,423 LabDataService::? - Get_AllLab_List : MethodStart
INFO  2023-05-24 16:20:41,373 LabDataService::? - Get_AllLab_List : MethodFinish
INFO  2023-05-24 16:20:41,443 RoleDataService::? - Get_Role_List : MethodStart
INFO  2023-05-24 16:20:41,761 RoleDataService::? - Get_Role_List : MethodFinish
INFO  2023-05-24 16:20:53,352 ParameterService::? - Get_Parameter_List : MethodStart
INFO  2023-05-24 16:20:53,537 ParameterService::? - Get_Parameter_List : MethodFinish
INFO  2023-05-24 16:28:51,984 LabDataService::? - Get_AllLab_List : MethodStart
INFO  2023-05-24 16:28:52,281 LabDataService::? - Get_AllLab_List : MethodFinish
INFO  2023-05-24 16:28:52,354 RoleDataService::? - Get_Role_List : MethodStart
INFO  2023-05-24 16:28:52,682 RoleDataService::? - Get_Role_List : MethodFinish
INFO  2023-05-24 16:29:17,738 LabDataService::? - Get_AllLab_List : MethodStart
INFO  2023-05-24 16:29:17,885 LabDataService::? - Get_AllLab_List : MethodFinish
INFO  2023-05-24 16:29:17,974 RoleDataService::? - Get_Role_List : MethodStart
INFO  2023-05-24 16:29:18,078 RoleDataService::? - Get_Role_List : MethodFinish
INFO  2023-05-24 16:31:00,120 LabDataService::? - Get_AllLab_List : MethodStart
INFO  2023-05-24 16:31:00,306 LabDataService::? - Get_AllLab_List : MethodFinish
INFO  2023-05-24 16:31:00,432 RoleDataService::? - Get_Role_List : MethodStart
INFO  2023-05-24 16:31:00,545 RoleDataService::? - Get_Role_List : MethodFinish
INFO  2023-05-24 16:31:43,111 LabDataService::? - Get_AllLab_List : MethodStart
INFO  2023-05-24 16:31:43,226 LabDataService::? - Get_AllLab_List : MethodFinish
INFO  2023-05-24 16:31:43,291 RoleDataService::? - Get_Role_List : MethodStart
INFO  2023-05-24 16:31:43,417 RoleDataService::? - Get_Role_List : MethodFinish
INFO  2023-05-24 16:33:01,378 LabDataService::? - Get_AllLab_List : MethodStart
INFO  2023-05-24 16:33:01,507 LabDataService::? - Get_AllLab_List : MethodFinish
INFO  2023-05-24 16:33:01,563 RoleDataService::? - Get_Role_List : MethodStart
INFO  2023-05-24 16:33:01,681 RoleDataService::? - Get_Role_List : MethodFinish
INFO  2023-05-24 16:33:06,759 LabDataService::? - Get_AllLab_List : MethodStart
INFO  2023-05-24 16:33:06,885 LabDataService::? - Get_AllLab_List : MethodFinish
INFO  2023-05-24 16:33:06,944 RoleDataService::? - Get_Role_List : MethodStart
INFO  2023-05-24 16:33:07,122 RoleDataService::? - Get_Role_List : MethodFinish
INFO  2023-05-24 16:33:19,903 LabDataService::? - Get_AllLab_List : MethodStart
INFO  2023-05-24 16:33:20,099 LabDataService::? - Get_AllLab_List : MethodFinish
INFO  2023-05-24 16:33:20,189 RoleDataService::? - Get_Role_List : MethodStart
INFO  2023-05-24 16:33:20,299 RoleDataService::? - Get_Role_List : MethodFinish
INFO  2023-05-24 16:33:27,865 LabDataService::? - Get_AllLab_List : MethodStart
INFO  2023-05-24 16:33:28,035 LabDataService::? - Get_AllLab_List : MethodFinish
INFO  2023-05-24 16:33:29,228 RoleDataService::? - Get_Role_List : MethodStart
INFO  2023-05-24 16:33:29,373 RoleDataService::? - Get_Role_List : MethodFinish
INFO  2023-05-24 16:33:30,208 ParameterService::? - Get_Parameter_List : MethodStart
INFO  2023-05-24 16:33:30,402 ParameterService::? - Get_Parameter_List : MethodFinish
INFO  2023-05-24 16:35:29,150 LabDataService::? - Get_AllLab_List : MethodStart
INFO  2023-05-24 16:35:29,261 LabDataService::? - Get_AllLab_List : MethodFinish
INFO  2023-05-24 16:35:29,350 RoleDataService::? - Get_Role_List : MethodStart
INFO  2023-05-24 16:35:29,481 RoleDataService::? - Get_Role_List : MethodFinish
INFO  2023-05-24 16:35:29,542 ParameterService::? - Get_Parameter_List : MethodStart
INFO  2023-05-24 16:35:29,668 ParameterService::? - Get_Parameter_List : MethodFinish
INFO  2023-05-24 16:35:37,412 LabDataService::? - Get_AllLab_List : MethodStart
INFO  2023-05-24 16:35:37,521 LabDataService::? - Get_AllLab_List : MethodFinish
INFO  2023-05-24 16:35:37,568 RoleDataService::? - Get_Role_List : MethodStart
INFO  2023-05-24 16:35:37,682 RoleDataService::? - Get_Role_List : MethodFinish
INFO  2023-05-24 16:50:59,656 LabDataService::? - Get_AllLab_List : MethodStart
INFO  2023-05-24 16:51:02,135 LabDataService::? - Get_AllLab_List : MethodFinish
INFO  2023-05-24 16:51:04,471 RoleDataService::? - Get_Role_List : MethodStart
INFO  2023-05-24 16:51:05,269 RoleDataService::? - Get_Role_List : MethodFinish
INFO  2023-05-24 16:53:30,327 LabDataService::? - Get_AllLab_List : MethodStart
INFO  2023-05-24 16:53:31,450 LabDataService::? - Get_AllLab_List : MethodFinish
INFO  2023-05-24 16:53:31,547 RoleDataService::? - Get_Role_List : MethodStart
INFO  2023-05-24 16:53:31,869 RoleDataService::? - Get_Role_List : MethodFinish
