INFO  2022-04-01 15:15:50,308 LabDataService::? - Get_AllLab_List : MethodStart
INFO  2022-04-01 15:15:52,024 LabDataService::? - Get_AllLab_List : MethodFinish
INFO  2022-04-01 15:15:52,099 RoleDataService::? - Get_Role_List : MethodStart
INFO  2022-04-01 15:15:52,411 RoleDataService::? - Get_Role_List : MethodFinish
INFO  2022-04-01 15:16:16,654 ProvinceDataService::? - Get_Province_List : MethodStart
INFO  2022-04-01 15:16:16,848 ProvinceDataService::? - Get_Province_List : MethodFinish
INFO  2022-04-01 15:17:30,858 LabDataService::? - Get_AllLab_List : MethodStart
INFO  2022-04-01 15:17:31,053 LabDataService::? - Get_AllLab_List : MethodFinish
INFO  2022-04-01 15:17:34,892 HospitalDataService::? - Get_TCHospital_List : MethodStart
INFO  2022-04-01 15:17:35,031 HospitalDataService::? - Get_TCHospital_List : MethodFinish
INFO  2022-04-01 15:18:01,433 LabDataService::? - Get_AllLab_List : MethodStart
INFO  2022-04-01 15:18:01,642 LabDataService::? - Get_AllLab_List : MethodFinish
INFO  2022-04-01 15:18:03,035 LabDataService::? - Get_AllLab_List : MethodStart
INFO  2022-04-01 15:18:03,177 LabDataService::? - Get_AllLab_List : MethodFinish
INFO  2022-04-01 15:18:03,211 RoleDataService::? - Get_Role_List : MethodStart
INFO  2022-04-01 15:18:03,376 RoleDataService::? - Get_Role_List : MethodFinish
INFO  2022-04-01 15:18:41,564 ParameterService::? - Get_Parameter_List : MethodStart
INFO  2022-04-01 15:18:41,778 ParameterService::? - Get_Parameter_List : MethodFinish
INFO  2022-04-01 15:18:49,517 ParameterService::? - Get_Parameter_List : MethodStart
INFO  2022-04-01 15:18:49,663 ParameterService::? - Get_Parameter_List : MethodFinish
