INFO  2021-07-15 11:30:50,744 LabDataService::? - Get_AllLab_List : MethodStart
INFO  2021-07-15 11:30:51,810 LabDataService::? - Get_AllLab_List : MethodFinish
INFO  2021-07-15 11:30:51,871 RoleDataService::? - Get_Role_List : MethodStart
INFO  2021-07-15 11:30:51,914 RoleDataService::? - Get_Role_List : MethodFinish
INFO  2021-07-15 11:31:32,990 ParameterService::? - Get_Parameter_List : MethodStart
INFO  2021-07-15 11:31:33,055 ParameterService::? - Get_Parameter_List : MethodFinish
INFO  2021-07-15 11:32:35,248 ParameterService::? - Get_Parameter_List : MethodStart
INFO  2021-07-15 11:32:35,270 ParameterService::? - Get_Parameter_List : MethodFinish
INFO  2021-07-15 11:35:06,087 LabDataService::? - Get_AllLab_List : MethodStart
INFO  2021-07-15 11:35:06,102 LabDataService::? - Get_AllLab_List : MethodFinish
INFO  2021-07-15 11:35:06,126 RoleDataService::? - Get_Role_List : MethodStart
INFO  2021-07-15 11:35:06,131 RoleDataService::? - Get_Role_List : MethodFinish
INFO  2021-07-15 11:35:20,585 LabDataService::? - Get_AllLab_List : MethodStart
INFO  2021-07-15 11:35:20,594 LabDataService::? - Get_AllLab_List : MethodFinish
INFO  2021-07-15 11:35:20,617 RoleDataService::? - Get_Role_List : MethodStart
INFO  2021-07-15 11:35:20,620 RoleDataService::? - Get_Role_List : MethodFinish
INFO  2021-07-15 11:35:52,084 LabDataService::? - Get_AllLab_List : MethodStart
INFO  2021-07-15 11:35:52,095 LabDataService::? - Get_AllLab_List : MethodFinish
INFO  2021-07-15 11:35:52,152 RoleDataService::? - Get_Role_List : MethodStart
INFO  2021-07-15 11:35:52,158 RoleDataService::? - Get_Role_List : MethodFinish
INFO  2021-07-15 11:35:53,043 LabDataService::? - Get_AllLab_List : MethodStart
INFO  2021-07-15 11:35:53,048 LabDataService::? - Get_AllLab_List : MethodFinish
INFO  2021-07-15 11:35:53,068 RoleDataService::? - Get_Role_List : MethodStart
INFO  2021-07-15 11:35:53,071 RoleDataService::? - Get_Role_List : MethodFinish
INFO  2021-07-15 11:45:15,384 ParameterService::? - Get_Parameter_List : MethodStart
INFO  2021-07-15 11:45:15,402 ParameterService::? - Get_Parameter_List : MethodFinish
INFO  2021-07-15 11:50:59,571 LabDataService::? - Get_AllLab_List : MethodStart
INFO  2021-07-15 11:51:00,302 LabDataService::? - Get_AllLab_List : MethodFinish
INFO  2021-07-15 11:51:00,350 RoleDataService::? - Get_Role_List : MethodStart
INFO  2021-07-15 11:51:00,376 RoleDataService::? - Get_Role_List : MethodFinish
INFO  2021-07-15 11:55:08,873 LabDataService::? - Get_AllLab_List : MethodStart
INFO  2021-07-15 11:55:09,637 LabDataService::? - Get_AllLab_List : MethodFinish
INFO  2021-07-15 11:55:09,683 RoleDataService::? - Get_Role_List : MethodStart
INFO  2021-07-15 11:55:09,713 RoleDataService::? - Get_Role_List : MethodFinish
INFO  2021-07-15 11:55:12,680 LabDataService::? - Get_AllLab_List : MethodStart
INFO  2021-07-15 11:55:12,734 LabDataService::? - Get_AllLab_List : MethodFinish
INFO  2021-07-15 11:55:12,754 RoleDataService::? - Get_Role_List : MethodStart
INFO  2021-07-15 11:55:12,759 RoleDataService::? - Get_Role_List : MethodFinish
INFO  2021-07-15 11:55:35,580 LabDataService::? - Get_AllLab_List : MethodStart
INFO  2021-07-15 11:55:35,592 LabDataService::? - Get_AllLab_List : MethodFinish
INFO  2021-07-15 11:55:35,623 RoleDataService::? - Get_Role_List : MethodStart
INFO  2021-07-15 11:55:35,627 RoleDataService::? - Get_Role_List : MethodFinish
INFO  2021-07-15 12:14:27,518 LabDataService::? - Get_AllLab_List : MethodStart
INFO  2021-07-15 12:14:27,530 LabDataService::? - Get_AllLab_List : MethodFinish
INFO  2021-07-15 12:14:27,552 RoleDataService::? - Get_Role_List : MethodStart
INFO  2021-07-15 12:14:27,557 RoleDataService::? - Get_Role_List : MethodFinish
INFO  2021-07-15 12:24:01,930 LabDataService::? - Get_AllLab_List : MethodStart
INFO  2021-07-15 12:24:02,648 LabDataService::? - Get_AllLab_List : MethodFinish
INFO  2021-07-15 12:24:02,699 RoleDataService::? - Get_Role_List : MethodStart
INFO  2021-07-15 12:24:02,723 RoleDataService::? - Get_Role_List : MethodFinish
INFO  2021-07-15 12:24:15,187 LabDataService::? - Get_AllLab_List : MethodStart
INFO  2021-07-15 12:24:15,223 LabDataService::? - Get_AllLab_List : MethodFinish
INFO  2021-07-15 12:38:35,176 LabDataService::? - Get_AllLab_List : MethodStart
INFO  2021-07-15 12:38:35,189 LabDataService::? - Get_AllLab_List : MethodFinish
INFO  2021-07-15 12:38:35,209 RoleDataService::? - Get_Role_List : MethodStart
INFO  2021-07-15 12:38:35,213 RoleDataService::? - Get_Role_List : MethodFinish
INFO  2021-07-15 12:38:56,609 ParameterService::? - Get_Parameter_List : MethodStart
INFO  2021-07-15 12:38:56,629 ParameterService::? - Get_Parameter_List : MethodFinish
