INFO  2021-09-15 11:40:20,650 LabDataService::? - Get_AllLab_List : MethodStart
INFO  2021-09-15 11:40:21,920 LabDataService::? - Get_AllLab_List : MethodFinish
INFO  2021-09-15 11:40:21,977 RoleDataService::? - Get_Role_List : MethodStart
INFO  2021-09-15 11:40:22,273 RoleDataService::? - Get_Role_List : MethodFinish
INFO  2021-09-15 11:41:32,284 LabDataService::? - Get_AllLab_List : MethodStart
INFO  2021-09-15 11:41:32,422 LabDataService::? - Get_AllLab_List : MethodFinish
INFO  2021-09-15 11:41:32,446 RoleDataService::? - Get_Role_List : MethodStart
INFO  2021-09-15 11:41:32,555 RoleDataService::? - Get_Role_List : MethodFinish
INFO  2021-09-15 11:42:58,648 ParameterService::? - Get_Parameter_List : MethodStart
INFO  2021-09-15 11:42:58,778 ParameterService::? - Get_Parameter_List : MethodFinish
INFO  2021-09-15 11:43:07,281 ParameterService::? - Get_Parameter_List : MethodStart
INFO  2021-09-15 11:43:07,388 ParameterService::? - Get_Parameter_List : MethodFinish
INFO  2021-09-15 12:08:00,812 LabDataService::? - Get_AllLab_List : MethodStart
INFO  2021-09-15 12:08:01,953 LabDataService::? - Get_AllLab_List : MethodFinish
INFO  2021-09-15 12:08:02,018 RoleDataService::? - Get_Role_List : MethodStart
INFO  2021-09-15 12:08:02,293 RoleDataService::? - Get_Role_List : MethodFinish
INFO  2021-09-15 12:09:43,168 LabDataService::? - Get_AllLab_List : MethodStart
INFO  2021-09-15 12:09:43,308 LabDataService::? - Get_AllLab_List : MethodFinish
INFO  2021-09-15 12:09:43,332 RoleDataService::? - Get_Role_List : MethodStart
INFO  2021-09-15 12:09:43,434 RoleDataService::? - Get_Role_List : MethodFinish
INFO  2021-09-15 12:10:15,019 LabDataService::? - Get_AllLab_List : MethodStart
INFO  2021-09-15 12:10:15,128 LabDataService::? - Get_AllLab_List : MethodFinish
INFO  2021-09-15 12:10:15,157 RoleDataService::? - Get_Role_List : MethodStart
INFO  2021-09-15 12:10:15,260 RoleDataService::? - Get_Role_List : MethodFinish
INFO  2021-09-15 12:11:15,643 LabDataService::? - Get_AllLab_List : MethodStart
INFO  2021-09-15 12:11:15,748 LabDataService::? - Get_AllLab_List : MethodFinish
INFO  2021-09-15 12:11:15,835 RoleDataService::? - Get_Role_List : MethodStart
INFO  2021-09-15 12:11:15,940 RoleDataService::? - Get_Role_List : MethodFinish
INFO  2021-09-15 12:11:24,358 LabDataService::? - Get_AllLab_List : MethodStart
INFO  2021-09-15 12:11:24,464 LabDataService::? - Get_AllLab_List : MethodFinish
INFO  2021-09-15 12:11:24,488 RoleDataService::? - Get_Role_List : MethodStart
INFO  2021-09-15 12:11:24,591 RoleDataService::? - Get_Role_List : MethodFinish
INFO  2021-09-15 12:12:09,797 LabDataService::? - Get_AllLab_List : MethodStart
INFO  2021-09-15 12:12:09,912 LabDataService::? - Get_AllLab_List : MethodFinish
INFO  2021-09-15 12:12:09,997 RoleDataService::? - Get_Role_List : MethodStart
INFO  2021-09-15 12:12:10,111 RoleDataService::? - Get_Role_List : MethodFinish
INFO  2021-09-15 12:13:42,436 LabDataService::? - Get_AllLab_List : MethodStart
INFO  2021-09-15 12:13:42,544 LabDataService::? - Get_AllLab_List : MethodFinish
INFO  2021-09-15 12:13:42,584 RoleDataService::? - Get_Role_List : MethodStart
INFO  2021-09-15 12:13:42,691 RoleDataService::? - Get_Role_List : MethodFinish
INFO  2021-09-15 12:14:22,696 LabDataService::? - Get_AllLab_List : MethodStart
INFO  2021-09-15 12:14:22,803 LabDataService::? - Get_AllLab_List : MethodFinish
INFO  2021-09-15 12:14:22,864 RoleDataService::? - Get_Role_List : MethodStart
INFO  2021-09-15 12:14:22,969 RoleDataService::? - Get_Role_List : MethodFinish
INFO  2021-09-15 12:14:33,533 LabDataService::? - Get_AllLab_List : MethodStart
INFO  2021-09-15 12:14:33,638 LabDataService::? - Get_AllLab_List : MethodFinish
INFO  2021-09-15 12:14:33,654 RoleDataService::? - Get_Role_List : MethodStart
INFO  2021-09-15 12:14:33,765 RoleDataService::? - Get_Role_List : MethodFinish
INFO  2021-09-15 17:20:31,489 LabDataService::? - Get_AllLab_List : MethodStart
INFO  2021-09-15 17:20:33,061 LabDataService::? - Get_AllLab_List : MethodFinish
INFO  2021-09-15 17:20:33,143 RoleDataService::? - Get_Role_List : MethodStart
INFO  2021-09-15 17:20:33,456 RoleDataService::? - Get_Role_List : MethodFinish
INFO  2021-09-15 17:20:47,789 LabDataService::? - Get_AllLab_List : MethodStart
INFO  2021-09-15 17:20:47,959 LabDataService::? - Get_AllLab_List : MethodFinish
INFO  2021-09-15 17:21:05,318 LabDataService::? - Get_AllLab_List : MethodStart
INFO  2021-09-15 17:21:05,434 LabDataService::? - Get_AllLab_List : MethodFinish
INFO  2021-09-15 17:21:05,477 RoleDataService::? - Get_Role_List : MethodStart
INFO  2021-09-15 17:21:05,585 RoleDataService::? - Get_Role_List : MethodFinish
INFO  2021-09-15 18:07:37,206 LabDataService::? - Get_AllLab_List : MethodStart
INFO  2021-09-15 18:07:38,800 LabDataService::? - Get_AllLab_List : MethodFinish
INFO  2021-09-15 18:07:38,881 RoleDataService::? - Get_Role_List : MethodStart
INFO  2021-09-15 18:07:39,190 RoleDataService::? - Get_Role_List : MethodFinish
INFO  2021-09-15 18:08:59,463 ParameterService::? - Get_Parameter_List : MethodStart
INFO  2021-09-15 18:08:59,663 ParameterService::? - Get_Parameter_List : MethodFinish
