INFO  2021-08-03 10:37:27,858 LabDataService::? - Get_AllLab_List : MethodStart
INFO  2021-08-03 10:37:29,417 LabDataService::? - Get_AllLab_List : MethodFinish
INFO  2021-08-03 10:37:29,508 RoleDataService::? - Get_Role_List : MethodStart
INFO  2021-08-03 10:37:29,553 RoleDataService::? - Get_Role_List : MethodFinish
INFO  2021-08-03 10:38:04,485 ProvinceDataService::? - Get_Province_List : MethodStart
INFO  2021-08-03 10:38:04,562 ProvinceDataService::? - Get_Province_List : MethodFinish
INFO  2021-08-03 10:39:22,064 LabDataService::? - Get_AllLab_List : MethodStart
INFO  2021-08-03 10:39:22,092 LabDataService::? - Get_AllLab_List : MethodFinish
INFO  2021-08-03 10:39:25,052 HospitalDataService::? - Get_TCHospital_List : MethodStart
INFO  2021-08-03 10:39:25,106 HospitalDataService::? - Get_TCHospital_List : MethodFinish
INFO  2021-08-03 10:40:12,689 LabDataService::? - Get_AllLab_List : MethodStart
INFO  2021-08-03 10:40:12,889 LabDataService::? - Get_AllLab_List : MethodFinish
INFO  2021-08-03 10:40:12,958 RoleDataService::? - Get_Role_List : MethodStart
INFO  2021-08-03 10:40:13,177 RoleDataService::? - Get_Role_List : MethodFinish
INFO  2021-08-03 10:40:42,413 ParameterService::? - Get_Parameter_List : MethodStart
INFO  2021-08-03 10:40:42,461 ParameterService::? - Get_Parameter_List : MethodFinish
INFO  2021-08-03 10:41:17,741 LabDataService::? - Get_AllLab_List : MethodStart
INFO  2021-08-03 10:41:17,780 LabDataService::? - Get_AllLab_List : MethodFinish
INFO  2021-08-03 10:41:17,830 RoleDataService::? - Get_Role_List : MethodStart
INFO  2021-08-03 10:41:17,913 RoleDataService::? - Get_Role_List : MethodFinish
INFO  2021-08-03 10:41:38,329 LabDataService::? - Get_AllLab_List : MethodStart
INFO  2021-08-03 10:41:38,352 LabDataService::? - Get_AllLab_List : MethodFinish
INFO  2021-08-03 10:41:38,397 RoleDataService::? - Get_Role_List : MethodStart
INFO  2021-08-03 10:41:38,405 RoleDataService::? - Get_Role_List : MethodFinish
INFO  2021-08-03 10:42:34,522 ParameterService::? - Get_Parameter_List : MethodStart
INFO  2021-08-03 10:42:34,558 ParameterService::? - Get_Parameter_List : MethodFinish
INFO  2021-08-03 11:04:05,098 LabDataService::? - Get_AllLab_List : MethodStart
INFO  2021-08-03 11:04:07,300 LabDataService::? - Get_AllLab_List : MethodFinish
INFO  2021-08-03 11:04:07,426 RoleDataService::? - Get_Role_List : MethodStart
INFO  2021-08-03 11:04:07,501 RoleDataService::? - Get_Role_List : MethodFinish
INFO  2021-08-03 11:05:17,796 ParameterService::? - Get_Parameter_List : MethodStart
INFO  2021-08-03 11:05:17,952 ParameterService::? - Get_Parameter_List : MethodFinish
INFO  2021-08-03 11:25:40,228 LabDataService::? - Get_AllLab_List : MethodStart
INFO  2021-08-03 11:25:42,248 LabDataService::? - Get_AllLab_List : MethodFinish
INFO  2021-08-03 11:25:42,361 RoleDataService::? - Get_Role_List : MethodStart
INFO  2021-08-03 11:25:42,435 RoleDataService::? - Get_Role_List : MethodFinish
INFO  2021-08-03 11:27:24,916 ParameterService::? - Get_Parameter_List : MethodStart
INFO  2021-08-03 11:27:25,100 ParameterService::? - Get_Parameter_List : MethodFinish
INFO  2021-08-03 12:11:41,295 LabDataService::? - Get_AllLab_List : MethodStart
INFO  2021-08-03 12:11:42,520 LabDataService::? - Get_AllLab_List : MethodFinish
INFO  2021-08-03 12:11:42,607 RoleDataService::? - Get_Role_List : MethodStart
INFO  2021-08-03 12:11:42,666 RoleDataService::? - Get_Role_List : MethodFinish
INFO  2021-08-03 12:12:31,920 ParameterService::? - Get_Parameter_List : MethodStart
INFO  2021-08-03 12:12:32,055 ParameterService::? - Get_Parameter_List : MethodFinish
INFO  2021-08-03 12:18:59,996 LabDataService::? - Get_AllLab_List : MethodStart
INFO  2021-08-03 12:19:00,754 LabDataService::? - Get_AllLab_List : MethodFinish
INFO  2021-08-03 12:19:00,806 RoleDataService::? - Get_Role_List : MethodStart
INFO  2021-08-03 12:19:00,837 RoleDataService::? - Get_Role_List : MethodFinish
INFO  2021-08-03 12:19:23,293 LabDataService::? - Get_AllLab_List : MethodStart
INFO  2021-08-03 12:19:23,333 LabDataService::? - Get_AllLab_List : MethodFinish
INFO  2021-08-03 12:28:08,603 LabDataService::? - Get_AllLab_List : MethodStart
INFO  2021-08-03 12:28:09,330 LabDataService::? - Get_AllLab_List : MethodFinish
INFO  2021-08-03 12:28:09,380 RoleDataService::? - Get_Role_List : MethodStart
INFO  2021-08-03 12:28:09,419 RoleDataService::? - Get_Role_List : MethodFinish
INFO  2021-08-03 12:28:31,111 LabDataService::? - Get_AllLab_List : MethodStart
INFO  2021-08-03 12:28:31,148 LabDataService::? - Get_AllLab_List : MethodFinish
INFO  2021-08-03 12:38:37,509 LabDataService::? - Get_AllLab_List : MethodStart
INFO  2021-08-03 12:38:38,309 LabDataService::? - Get_AllLab_List : MethodFinish
INFO  2021-08-03 12:38:38,361 RoleDataService::? - Get_Role_List : MethodStart
INFO  2021-08-03 12:38:38,393 RoleDataService::? - Get_Role_List : MethodFinish
INFO  2021-08-03 12:38:57,651 LabDataService::? - Get_AllLab_List : MethodStart
INFO  2021-08-03 12:38:57,689 LabDataService::? - Get_AllLab_List : MethodFinish
INFO  2021-08-03 12:40:04,517 LabDataService::? - Get_AllLab_List : MethodStart
INFO  2021-08-03 12:40:04,535 LabDataService::? - Get_AllLab_List : MethodFinish
INFO  2021-08-03 13:26:09,827 LabDataService::? - Get_AllLab_List : MethodStart
INFO  2021-08-03 13:26:10,650 LabDataService::? - Get_AllLab_List : MethodFinish
INFO  2021-08-03 13:26:10,706 RoleDataService::? - Get_Role_List : MethodStart
INFO  2021-08-03 13:26:10,742 RoleDataService::? - Get_Role_List : MethodFinish
INFO  2021-08-03 13:26:24,905 LabDataService::? - Get_AllLab_List : MethodStart
INFO  2021-08-03 13:26:24,940 LabDataService::? - Get_AllLab_List : MethodFinish
INFO  2021-08-03 13:30:56,716 LabDataService::? - Get_AllLab_List : MethodStart
INFO  2021-08-03 13:30:57,472 LabDataService::? - Get_AllLab_List : MethodFinish
INFO  2021-08-03 13:30:57,520 RoleDataService::? - Get_Role_List : MethodStart
INFO  2021-08-03 13:30:57,552 RoleDataService::? - Get_Role_List : MethodFinish
INFO  2021-08-03 13:31:20,252 LabDataService::? - Get_AllLab_List : MethodStart
INFO  2021-08-03 13:31:20,299 LabDataService::? - Get_AllLab_List : MethodFinish
INFO  2021-08-03 13:35:17,271 LabDataService::? - Get_AllLab_List : MethodStart
INFO  2021-08-03 13:35:17,284 LabDataService::? - Get_AllLab_List : MethodFinish
INFO  2021-08-03 13:35:17,301 RoleDataService::? - Get_Role_List : MethodStart
INFO  2021-08-03 13:35:17,315 RoleDataService::? - Get_Role_List : MethodFinish
INFO  2021-08-03 13:36:47,724 LabDataService::? - Get_AllLab_List : MethodStart
INFO  2021-08-03 13:36:47,739 LabDataService::? - Get_AllLab_List : MethodFinish
INFO  2021-08-03 13:57:09,917 ParameterService::? - Get_Parameter_List : MethodStart
INFO  2021-08-03 13:57:09,944 ParameterService::? - Get_Parameter_List : MethodFinish
INFO  2021-08-03 14:00:29,329 LabDataService::? - Get_AllLab_List : MethodStart
INFO  2021-08-03 14:00:29,350 LabDataService::? - Get_AllLab_List : MethodFinish
INFO  2021-08-03 14:00:29,372 RoleDataService::? - Get_Role_List : MethodStart
INFO  2021-08-03 14:00:29,383 RoleDataService::? - Get_Role_List : MethodFinish
INFO  2021-08-03 14:01:28,700 LabDataService::? - Get_AllLab_List : MethodStart
INFO  2021-08-03 14:01:28,715 LabDataService::? - Get_AllLab_List : MethodFinish
INFO  2021-08-03 14:01:28,740 RoleDataService::? - Get_Role_List : MethodStart
INFO  2021-08-03 14:01:28,746 RoleDataService::? - Get_Role_List : MethodFinish
INFO  2021-08-03 14:02:49,402 LabDataService::? - Get_AllLab_List : MethodStart
INFO  2021-08-03 14:02:49,416 LabDataService::? - Get_AllLab_List : MethodFinish
INFO  2021-08-03 14:02:49,441 RoleDataService::? - Get_Role_List : MethodStart
INFO  2021-08-03 14:02:49,451 RoleDataService::? - Get_Role_List : MethodFinish
INFO  2021-08-03 14:06:36,346 LabDataService::? - Get_AllLab_List : MethodStart
INFO  2021-08-03 14:06:36,365 LabDataService::? - Get_AllLab_List : MethodFinish
INFO  2021-08-03 14:06:36,386 RoleDataService::? - Get_Role_List : MethodStart
INFO  2021-08-03 14:06:36,397 RoleDataService::? - Get_Role_List : MethodFinish
INFO  2021-08-03 15:18:25,268 LabDataService::? - Get_AllLab_List : MethodStart
INFO  2021-08-03 15:18:25,305 LabDataService::? - Get_AllLab_List : MethodFinish
INFO  2021-08-03 15:18:36,066 LabDataService::? - Get_AllLab_List : MethodStart
INFO  2021-08-03 15:18:36,071 LabDataService::? - Get_AllLab_List : MethodFinish
INFO  2021-08-03 15:18:36,090 RoleDataService::? - Get_Role_List : MethodStart
INFO  2021-08-03 15:18:36,109 RoleDataService::? - Get_Role_List : MethodFinish
INFO  2021-08-03 15:19:02,729 LabDataService::? - Get_AllLab_List : MethodStart
INFO  2021-08-03 15:19:02,770 LabDataService::? - Get_AllLab_List : MethodFinish
INFO  2021-08-03 15:19:02,805 RoleDataService::? - Get_Role_List : MethodStart
INFO  2021-08-03 15:19:02,810 RoleDataService::? - Get_Role_List : MethodFinish
