INFO  2022-03-11 10:31:50,045 ProvinceDataService::? - Get_Province_List : MethodStart
INFO  2022-03-11 10:31:51,375 ProvinceDataService::? - Get_Province_List : MethodFinish
INFO  2022-03-11 10:32:53,926 LabDataService::? - Get_AllLab_List : MethodStart
INFO  2022-03-11 10:32:54,093 LabDataService::? - Get_AllLab_List : MethodFinish
INFO  2022-03-11 10:32:57,148 HospitalDataService::? - Get_TCHospital_List : MethodStart
INFO  2022-03-11 10:32:57,354 HospitalDataService::? - Get_TCHospital_List : MethodFinish
INFO  2022-03-11 10:33:43,388 LabDataService::? - Get_AllLab_List : MethodStart
INFO  2022-03-11 10:33:43,504 LabDataService::? - Get_AllLab_List : MethodFinish
INFO  2022-03-11 10:33:44,878 HospitalDataService::? - Get_TCHospital_List : MethodStart
INFO  2022-03-11 10:33:44,990 HospitalDataService::? - Get_TCHospital_List : MethodFinish
INFO  2022-03-11 10:34:07,222 LabDataService::? - Get_AllLab_List : MethodStart
INFO  2022-03-11 10:34:07,326 LabDataService::? - Get_AllLab_List : MethodFinish
INFO  2022-03-11 10:34:08,562 HospitalDataService::? - Get_TCHospital_List : MethodStart
INFO  2022-03-11 10:34:08,687 HospitalDataService::? - Get_TCHospital_List : MethodFinish
INFO  2022-03-11 10:34:28,941 LabDataService::? - Get_AllLab_List : MethodStart
INFO  2022-03-11 10:34:29,041 LabDataService::? - Get_AllLab_List : MethodFinish
INFO  2022-03-11 10:34:47,487 ProvinceDataService::? - Get_Province_List : MethodStart
INFO  2022-03-11 10:34:47,587 ProvinceDataService::? - Get_Province_List : MethodFinish
INFO  2022-03-11 10:35:22,690 LabDataService::? - Get_AllLab_List : MethodStart
INFO  2022-03-11 10:35:22,799 LabDataService::? - Get_AllLab_List : MethodFinish
INFO  2022-03-11 10:35:26,473 HospitalDataService::? - Get_TCHospital_List : MethodStart
INFO  2022-03-11 10:35:26,582 HospitalDataService::? - Get_TCHospital_List : MethodFinish
INFO  2022-03-11 10:35:50,759 LabDataService::? - Get_AllLab_List : MethodStart
INFO  2022-03-11 10:35:50,861 LabDataService::? - Get_AllLab_List : MethodFinish
