INFO  2022-06-06 14:30:22,657 LabDataService::? - Get_AllLab_List : MethodStart
INFO  2022-06-06 14:30:24,086 LabDataService::? - Get_AllLab_List : MethodFinish
INFO  2022-06-06 14:30:24,161 RoleDataService::? - Get_Role_List : MethodStart
INFO  2022-06-06 14:30:24,440 RoleDataService::? - Get_Role_List : MethodFinish
INFO  2022-06-06 14:31:48,187 ParameterService::? - Get_Parameter_List : MethodStart
INFO  2022-06-06 14:31:48,346 ParameterService::? - Get_Parameter_List : MethodFinish
INFO  2022-06-06 14:32:00,208 ParameterService::? - Get_Parameter_List : MethodStart
INFO  2022-06-06 14:32:00,318 ParameterService::? - Get_Parameter_List : MethodFinish
INFO  2022-06-06 14:54:58,743 LabDataService::? - Get_AllLab_List : MethodStart
INFO  2022-06-06 14:54:59,853 LabDataService::? - Get_AllLab_List : MethodFinish
INFO  2022-06-06 14:54:59,918 RoleDataService::? - Get_Role_List : MethodStart
INFO  2022-06-06 14:55:00,189 RoleDataService::? - Get_Role_List : MethodFinish
INFO  2022-06-06 14:55:32,924 ParameterService::? - Get_Parameter_List : MethodStart
INFO  2022-06-06 14:55:33,102 ParameterService::? - Get_Parameter_List : MethodFinish
INFO  2022-06-06 14:55:42,853 ParameterService::? - Get_Parameter_List : MethodStart
INFO  2022-06-06 14:55:42,960 ParameterService::? - Get_Parameter_List : MethodFinish
INFO  2022-06-06 15:40:01,792 LabDataService::? - Get_AllLab_List : MethodStart
INFO  2022-06-06 15:40:02,895 LabDataService::? - Get_AllLab_List : MethodFinish
INFO  2022-06-06 15:40:02,955 RoleDataService::? - Get_Role_List : MethodStart
INFO  2022-06-06 15:40:03,225 RoleDataService::? - Get_Role_List : MethodFinish
INFO  2022-06-06 15:44:41,815 ParameterService::? - Get_Parameter_List : MethodStart
INFO  2022-06-06 15:44:41,962 ParameterService::? - Get_Parameter_List : MethodFinish
INFO  2022-06-06 15:44:46,543 LabDataService::? - Get_AllLab_List : MethodStart
INFO  2022-06-06 15:44:46,649 LabDataService::? - Get_AllLab_List : MethodFinish
INFO  2022-06-06 15:44:46,695 RoleDataService::? - Get_Role_List : MethodStart
INFO  2022-06-06 15:44:46,800 RoleDataService::? - Get_Role_List : MethodFinish
INFO  2022-06-06 15:44:57,927 LabDataService::? - Get_AllLab_List : MethodStart
INFO  2022-06-06 15:44:58,035 LabDataService::? - Get_AllLab_List : MethodFinish
INFO  2022-06-06 15:46:14,336 LabDataService::? - Get_AllLab_List : MethodStart
INFO  2022-06-06 15:46:14,452 LabDataService::? - Get_AllLab_List : MethodFinish
INFO  2022-06-06 15:46:14,510 RoleDataService::? - Get_Role_List : MethodStart
INFO  2022-06-06 15:46:14,614 RoleDataService::? - Get_Role_List : MethodFinish
INFO  2022-06-06 15:46:21,042 LabDataService::? - Get_AllLab_List : MethodStart
INFO  2022-06-06 15:46:21,154 LabDataService::? - Get_AllLab_List : MethodFinish
INFO  2022-06-06 15:46:55,116 ParameterService::? - Get_Parameter_List : MethodStart
INFO  2022-06-06 15:46:55,216 ParameterService::? - Get_Parameter_List : MethodFinish
INFO  2022-06-06 15:46:58,185 LabDataService::? - Get_AllLab_List : MethodStart
INFO  2022-06-06 15:46:58,310 LabDataService::? - Get_AllLab_List : MethodFinish
INFO  2022-06-06 15:46:58,355 RoleDataService::? - Get_Role_List : MethodStart
INFO  2022-06-06 15:46:58,471 RoleDataService::? - Get_Role_List : MethodFinish
INFO  2022-06-06 15:47:14,210 ParameterService::? - Get_Parameter_List : MethodStart
INFO  2022-06-06 15:47:14,309 ParameterService::? - Get_Parameter_List : MethodFinish
INFO  2022-06-06 17:43:19,847 LabDataService::? - Get_AllLab_List : MethodStart
INFO  2022-06-06 17:43:20,991 LabDataService::? - Get_AllLab_List : MethodFinish
INFO  2022-06-06 17:43:21,051 RoleDataService::? - Get_Role_List : MethodStart
INFO  2022-06-06 17:43:21,315 RoleDataService::? - Get_Role_List : MethodFinish
INFO  2022-06-06 17:44:05,073 ParameterService::? - Get_Parameter_List : MethodStart
INFO  2022-06-06 17:44:05,237 ParameterService::? - Get_Parameter_List : MethodFinish
INFO  2022-06-06 17:44:15,448 ParameterService::? - Get_Parameter_List : MethodStart
INFO  2022-06-06 17:44:15,555 ParameterService::? - Get_Parameter_List : MethodFinish
INFO  2022-06-06 17:47:34,579 ParameterService::? - Get_Parameter_List : MethodStart
INFO  2022-06-06 17:47:34,700 ParameterService::? - Get_Parameter_List : MethodFinish
INFO  2022-06-06 17:47:35,136 ParameterService::? - Get_Parameter_List : MethodStart
INFO  2022-06-06 17:47:35,238 ParameterService::? - Get_Parameter_List : MethodFinish
INFO  2022-06-06 17:47:50,838 ParameterService::? - Get_Parameter_List : MethodStart
INFO  2022-06-06 17:47:50,950 ParameterService::? - Get_Parameter_List : MethodFinish
INFO  2022-06-06 17:47:51,378 ParameterService::? - Get_Parameter_List : MethodStart
INFO  2022-06-06 17:47:51,484 ParameterService::? - Get_Parameter_List : MethodFinish
INFO  2022-06-06 17:48:18,588 ParameterService::? - Get_Parameter_List : MethodStart
INFO  2022-06-06 17:48:18,691 ParameterService::? - Get_Parameter_List : MethodFinish
INFO  2022-06-06 17:49:31,072 ParameterService::? - Get_Parameter_List : MethodStart
INFO  2022-06-06 17:49:31,174 ParameterService::? - Get_Parameter_List : MethodFinish
