INFO  2022-02-03 15:42:21,943 LabDataService::? - Get_AllLab_List : MethodStart
INFO  2022-02-03 15:42:23,854 LabDataService::? - Get_AllLab_List : MethodFinish
INFO  2022-02-03 15:42:44,658 ProvinceDataService::? - Get_Province_List : MethodStart
INFO  2022-02-03 15:42:44,813 ProvinceDataService::? - Get_Province_List : MethodFinish
INFO  2022-02-03 15:43:23,003 LabDataService::? - Get_AllLab_List : MethodStart
INFO  2022-02-03 15:43:23,215 LabDataService::? - Get_AllLab_List : MethodFinish
INFO  2022-02-03 15:43:26,818 HospitalDataService::? - Get_Hospital_List : MethodStart
INFO  2022-02-03 15:43:26,931 HospitalDataService::? - Get_Hospital_List : MethodFinish
INFO  2022-02-03 15:43:29,743 LabDataService::? - Get_AllLab_List : MethodStart
INFO  2022-02-03 15:43:29,936 LabDataService::? - Get_AllLab_List : MethodFinish
INFO  2022-02-03 15:43:32,047 HospitalDataService::? - Get_Hospital_List : MethodStart
INFO  2022-02-03 15:43:32,155 HospitalDataService::? - Get_Hospital_List : MethodFinish
INFO  2022-02-03 15:43:34,609 LabDataService::? - Get_AllLab_List : MethodStart
INFO  2022-02-03 15:43:34,733 LabDataService::? - Get_AllLab_List : MethodFinish
INFO  2022-02-03 15:43:37,450 HospitalDataService::? - Get_Hospital_List : MethodStart
INFO  2022-02-03 15:43:37,560 HospitalDataService::? - Get_Hospital_List : MethodFinish
INFO  2022-02-03 15:43:43,491 LabDataService::? - Get_AllLab_List : MethodStart
INFO  2022-02-03 15:43:43,628 LabDataService::? - Get_AllLab_List : MethodFinish
INFO  2022-02-03 15:43:45,200 HospitalDataService::? - Get_TCHospital_List : MethodStart
INFO  2022-02-03 15:43:45,336 HospitalDataService::? - Get_TCHospital_List : MethodFinish
INFO  2022-02-03 15:44:29,596 LabDataService::? - Get_AllLab_List : MethodStart
INFO  2022-02-03 15:44:29,710 LabDataService::? - Get_AllLab_List : MethodFinish
INFO  2022-02-03 15:44:50,184 ParameterService::? - Get_Parameter_List : MethodStart
INFO  2022-02-03 15:44:50,341 ParameterService::? - Get_Parameter_List : MethodFinish
INFO  2022-02-03 15:44:50,415 LabDataService::? - Get_AllLab_List : MethodStart
INFO  2022-02-03 15:44:50,520 LabDataService::? - Get_AllLab_List : MethodFinish
INFO  2022-02-03 17:05:58,383 LabDataService::? - Get_AllLab_List : MethodStart
INFO  2022-02-03 17:05:59,454 LabDataService::? - Get_AllLab_List : MethodFinish
INFO  2022-02-03 17:05:59,516 RoleDataService::? - Get_Role_List : MethodStart
INFO  2022-02-03 17:05:59,835 RoleDataService::? - Get_Role_List : MethodFinish
INFO  2022-02-03 17:06:31,865 LabDataService::? - Get_AllLab_List : MethodStart
INFO  2022-02-03 17:06:31,997 LabDataService::? - Get_AllLab_List : MethodFinish
INFO  2022-02-03 17:06:32,040 RoleDataService::? - Get_Role_List : MethodStart
INFO  2022-02-03 17:06:32,148 RoleDataService::? - Get_Role_List : MethodFinish
INFO  2022-02-03 17:13:56,215 LabDataService::? - Get_AllLab_List : MethodStart
INFO  2022-02-03 17:13:56,456 LabDataService::? - Get_AllLab_List : MethodFinish
INFO  2022-02-03 17:13:56,493 RoleDataService::? - Get_Role_List : MethodStart
INFO  2022-02-03 17:13:56,773 RoleDataService::? - Get_Role_List : MethodFinish
INFO  2022-02-03 17:14:00,244 LabDataService::? - Get_AllLab_List : MethodStart
INFO  2022-02-03 17:14:00,344 LabDataService::? - Get_AllLab_List : MethodFinish
INFO  2022-02-03 17:14:00,373 RoleDataService::? - Get_Role_List : MethodStart
INFO  2022-02-03 17:14:00,472 RoleDataService::? - Get_Role_List : MethodFinish
INFO  2022-02-03 17:41:12,160 LabDataService::? - Get_AllLab_List : MethodStart
INFO  2022-02-03 17:41:12,407 LabDataService::? - Get_AllLab_List : MethodFinish
INFO  2022-02-03 17:41:12,436 RoleDataService::? - Get_Role_List : MethodStart
INFO  2022-02-03 17:41:12,718 RoleDataService::? - Get_Role_List : MethodFinish
INFO  2022-02-03 17:41:16,149 LabDataService::? - Get_AllLab_List : MethodStart
INFO  2022-02-03 17:41:16,250 LabDataService::? - Get_AllLab_List : MethodFinish
INFO  2022-02-03 17:41:16,274 RoleDataService::? - Get_Role_List : MethodStart
INFO  2022-02-03 17:41:16,376 RoleDataService::? - Get_Role_List : MethodFinish
INFO  2022-02-03 17:46:59,402 LabDataService::? - Get_AllLab_List : MethodStart
INFO  2022-02-03 17:46:59,650 LabDataService::? - Get_AllLab_List : MethodFinish
INFO  2022-02-03 17:46:59,679 RoleDataService::? - Get_Role_List : MethodStart
INFO  2022-02-03 17:46:59,924 RoleDataService::? - Get_Role_List : MethodFinish
INFO  2022-02-03 17:47:10,998 LabDataService::? - Get_AllLab_List : MethodStart
INFO  2022-02-03 17:47:11,104 LabDataService::? - Get_AllLab_List : MethodFinish
INFO  2022-02-03 17:47:11,132 RoleDataService::? - Get_Role_List : MethodStart
INFO  2022-02-03 17:47:11,229 RoleDataService::? - Get_Role_List : MethodFinish
INFO  2022-02-03 17:47:18,800 LabDataService::? - Get_AllLab_List : MethodStart
INFO  2022-02-03 17:47:18,903 LabDataService::? - Get_AllLab_List : MethodFinish
INFO  2022-02-03 17:47:18,933 RoleDataService::? - Get_Role_List : MethodStart
INFO  2022-02-03 17:47:19,033 RoleDataService::? - Get_Role_List : MethodFinish
INFO  2022-02-03 17:47:30,519 LabDataService::? - Get_AllLab_List : MethodStart
INFO  2022-02-03 17:47:30,622 LabDataService::? - Get_AllLab_List : MethodFinish
INFO  2022-02-03 17:47:30,658 RoleDataService::? - Get_Role_List : MethodStart
INFO  2022-02-03 17:47:30,757 RoleDataService::? - Get_Role_List : MethodFinish
INFO  2022-02-03 17:47:38,147 LabDataService::? - Get_AllLab_List : MethodStart
INFO  2022-02-03 17:47:38,254 LabDataService::? - Get_AllLab_List : MethodFinish
INFO  2022-02-03 17:47:38,276 RoleDataService::? - Get_Role_List : MethodStart
INFO  2022-02-03 17:47:38,372 RoleDataService::? - Get_Role_List : MethodFinish
INFO  2022-02-03 17:47:40,076 LabDataService::? - Get_AllLab_List : MethodStart
INFO  2022-02-03 17:47:40,189 LabDataService::? - Get_AllLab_List : MethodFinish
INFO  2022-02-03 17:47:40,207 RoleDataService::? - Get_Role_List : MethodStart
INFO  2022-02-03 17:47:40,348 RoleDataService::? - Get_Role_List : MethodFinish
INFO  2022-02-03 17:50:53,651 LabDataService::? - Get_AllLab_List : MethodStart
INFO  2022-02-03 17:50:53,760 LabDataService::? - Get_AllLab_List : MethodFinish
INFO  2022-02-03 17:50:53,787 RoleDataService::? - Get_Role_List : MethodStart
INFO  2022-02-03 17:50:53,900 RoleDataService::? - Get_Role_List : MethodFinish
INFO  2022-02-03 18:07:47,979 LabDataService::? - Get_AllLab_List : MethodStart
INFO  2022-02-03 18:07:48,242 LabDataService::? - Get_AllLab_List : MethodFinish
INFO  2022-02-03 18:07:48,294 RoleDataService::? - Get_Role_List : MethodStart
INFO  2022-02-03 18:07:48,532 RoleDataService::? - Get_Role_List : MethodFinish
INFO  2022-02-03 18:08:06,008 LabDataService::? - Get_AllLab_List : MethodStart
INFO  2022-02-03 18:08:06,110 LabDataService::? - Get_AllLab_List : MethodFinish
INFO  2022-02-03 18:08:06,140 RoleDataService::? - Get_Role_List : MethodStart
INFO  2022-02-03 18:08:06,232 RoleDataService::? - Get_Role_List : MethodFinish
INFO  2022-02-03 18:08:21,794 ParameterService::? - Get_Parameter_List : MethodStart
INFO  2022-02-03 18:08:21,924 ParameterService::? - Get_Parameter_List : MethodFinish
INFO  2022-02-03 18:08:21,954 LabDataService::? - Get_AllLab_List : MethodStart
INFO  2022-02-03 18:08:22,053 LabDataService::? - Get_AllLab_List : MethodFinish
INFO  2022-02-03 18:08:37,003 LabDataService::? - Get_AllLab_List : MethodStart
INFO  2022-02-03 18:08:37,112 LabDataService::? - Get_AllLab_List : MethodFinish
INFO  2022-02-03 18:08:37,139 RoleDataService::? - Get_Role_List : MethodStart
INFO  2022-02-03 18:08:37,231 RoleDataService::? - Get_Role_List : MethodFinish
INFO  2022-02-03 18:09:13,318 ParameterService::? - Get_Parameter_List : MethodStart
INFO  2022-02-03 18:09:13,430 ParameterService::? - Get_Parameter_List : MethodFinish
INFO  2022-02-03 18:09:13,799 ParameterService::? - Get_Parameter_List : MethodStart
INFO  2022-02-03 18:09:13,909 ParameterService::? - Get_Parameter_List : MethodFinish
INFO  2022-02-03 18:10:51,579 ParameterService::? - Get_Parameter_List : MethodStart
INFO  2022-02-03 18:10:51,683 ParameterService::? - Get_Parameter_List : MethodFinish
INFO  2022-02-03 18:10:51,708 LabDataService::? - Get_AllLab_List : MethodStart
INFO  2022-02-03 18:10:51,809 LabDataService::? - Get_AllLab_List : MethodFinish
INFO  2022-02-03 18:15:48,232 ParameterService::? - Get_Parameter_List : MethodStart
INFO  2022-02-03 18:15:48,642 ParameterService::? - Get_Parameter_List : MethodFinish
INFO  2022-02-03 18:15:52,960 LabDataService::? - Get_AllLab_List : MethodStart
INFO  2022-02-03 18:15:53,063 LabDataService::? - Get_AllLab_List : MethodFinish
INFO  2022-02-03 18:15:53,084 RoleDataService::? - Get_Role_List : MethodStart
INFO  2022-02-03 18:15:53,332 RoleDataService::? - Get_Role_List : MethodFinish
INFO  2022-02-03 18:39:37,133 LabDataService::? - Get_AllLab_List : MethodStart
INFO  2022-02-03 18:39:38,295 LabDataService::? - Get_AllLab_List : MethodFinish
INFO  2022-02-03 18:39:38,354 RoleDataService::? - Get_Role_List : MethodStart
INFO  2022-02-03 18:39:38,614 RoleDataService::? - Get_Role_List : MethodFinish
