INFO  2021-09-24 10:13:33,524 ParameterService::? - Get_Parameter_List : MethodStart
INFO  2021-09-24 10:13:36,036 ParameterService::? - Get_Parameter_List : MethodFinish
INFO  2021-09-24 10:20:53,962 ParameterService::? - Get_Parameter_List : MethodStart
INFO  2021-09-24 10:20:54,031 ParameterService::? - Get_Parameter_List : MethodFinish
INFO  2021-09-24 10:26:43,494 ParameterService::? - Get_Parameter_List : MethodStart
INFO  2021-09-24 10:26:45,788 ParameterService::? - Get_Parameter_List : MethodFinish
INFO  2021-09-24 13:10:19,954 ParameterService::? - Get_Parameter_List : MethodStart
INFO  2021-09-24 13:10:21,009 ParameterService::? - Get_Parameter_List : MethodFinish
INFO  2021-09-24 13:20:08,494 LabDataService::? - Get_AllLab_List : MethodStart
INFO  2021-09-24 13:20:09,338 LabDataService::? - Get_AllLab_List : MethodFinish
INFO  2021-09-24 13:20:09,394 RoleDataService::? - Get_Role_List : MethodStart
INFO  2021-09-24 13:20:09,463 RoleDataService::? - Get_Role_List : MethodFinish
INFO  2021-09-24 13:20:22,631 LabDataService::? - Get_AllLab_List : MethodStart
INFO  2021-09-24 13:20:22,695 LabDataService::? - Get_AllLab_List : MethodFinish
INFO  2021-09-24 15:33:35,325 ParameterService::? - Get_Parameter_List : MethodStart
INFO  2021-09-24 15:33:36,127 ParameterService::? - Get_Parameter_List : MethodFinish
INFO  2021-09-24 15:34:09,799 ParameterService::? - Get_Parameter_List : MethodStart
INFO  2021-09-24 15:34:09,813 ParameterService::? - Get_Parameter_List : MethodFinish
INFO  2021-09-24 15:34:31,085 ParameterService::? - Get_Parameter_List : MethodStart
INFO  2021-09-24 15:34:31,127 ParameterService::? - Get_Parameter_List : MethodFinish
INFO  2021-09-24 15:35:01,280 ParameterService::? - Get_Parameter_List : MethodStart
INFO  2021-09-24 15:35:01,300 ParameterService::? - Get_Parameter_List : MethodFinish
INFO  2021-09-24 15:35:37,117 ParameterService::? - Get_Parameter_List : MethodStart
INFO  2021-09-24 15:35:37,125 ParameterService::? - Get_Parameter_List : MethodFinish
INFO  2021-09-24 16:41:23,816 ParameterService::? - Get_Parameter_List : MethodStart
INFO  2021-09-24 16:41:24,566 ParameterService::? - Get_Parameter_List : MethodFinish
INFO  2021-09-24 16:42:04,306 ParameterService::? - Get_Parameter_List : MethodStart
INFO  2021-09-24 16:42:04,332 ParameterService::? - Get_Parameter_List : MethodFinish
INFO  2021-09-24 16:46:27,551 ParameterService::? - Get_Parameter_List : MethodStart
INFO  2021-09-24 16:46:27,596 ParameterService::? - Get_Parameter_List : MethodFinish
INFO  2021-09-24 16:46:44,321 ParameterService::? - Get_Parameter_List : MethodStart
INFO  2021-09-24 16:46:44,328 ParameterService::? - Get_Parameter_List : MethodFinish
INFO  2021-09-24 16:49:05,955 ParameterService::? - Get_Parameter_List : MethodStart
INFO  2021-09-24 16:49:05,972 ParameterService::? - Get_Parameter_List : MethodFinish
INFO  2021-09-24 17:29:13,895 ParameterService::? - Get_Parameter_List : MethodStart
INFO  2021-09-24 17:29:14,632 ParameterService::? - Get_Parameter_List : MethodFinish
INFO  2021-09-24 17:32:10,221 LabDataService::? - Get_AllLab_List : MethodStart
INFO  2021-09-24 17:32:11,024 LabDataService::? - Get_AllLab_List : MethodFinish
INFO  2021-09-24 17:32:32,356 LabDataService::? - Get_AllLab_List : MethodStart
INFO  2021-09-24 17:32:32,396 LabDataService::? - Get_AllLab_List : MethodFinish
INFO  2021-09-24 17:32:32,447 ParameterService::? - Get_Parameter_List : MethodStart
INFO  2021-09-24 17:32:32,536 ParameterService::? - Get_Parameter_List : MethodFinish
INFO  2021-09-24 17:32:50,043 ParameterService::? - Get_Parameter_List : MethodStart
INFO  2021-09-24 17:32:50,052 ParameterService::? - Get_Parameter_List : MethodFinish
INFO  2021-09-24 17:32:50,276 LabDataService::? - Get_AllLab_List : MethodStart
INFO  2021-09-24 17:32:50,315 LabDataService::? - Get_AllLab_List : MethodFinish
INFO  2021-09-24 17:33:18,074 LabDataService::? - Get_AllLab_List : MethodStart
INFO  2021-09-24 17:33:18,118 LabDataService::? - Get_AllLab_List : MethodFinish
INFO  2021-09-24 17:33:18,172 RoleDataService::? - Get_Role_List : MethodStart
INFO  2021-09-24 17:33:18,201 RoleDataService::? - Get_Role_List : MethodFinish
INFO  2021-09-24 17:33:20,725 LabDataService::? - Get_AllLab_List : MethodStart
INFO  2021-09-24 17:33:20,759 LabDataService::? - Get_AllLab_List : MethodFinish
INFO  2021-09-24 17:33:20,795 RoleDataService::? - Get_Role_List : MethodStart
INFO  2021-09-24 17:33:20,803 RoleDataService::? - Get_Role_List : MethodFinish
INFO  2021-09-24 17:33:45,470 LabDataService::? - Get_AllLab_List : MethodStart
INFO  2021-09-24 17:33:45,504 LabDataService::? - Get_AllLab_List : MethodFinish
INFO  2021-09-24 17:33:45,549 RoleDataService::? - Get_Role_List : MethodStart
INFO  2021-09-24 17:33:45,556 RoleDataService::? - Get_Role_List : MethodFinish
INFO  2021-09-24 17:36:08,886 LabDataService::? - Get_AllLab_List : MethodStart
INFO  2021-09-24 17:36:08,930 LabDataService::? - Get_AllLab_List : MethodFinish
