INFO  2022-03-30 15:34:40,578 LabDataService::? - Get_AllLab_List : MethodStart
INFO  2022-03-30 15:34:42,863 LabDataService::? - Get_AllLab_List : MethodFinish
INFO  2022-03-30 15:35:01,581 ProvinceDataService::? - Get_Province_List : MethodStart
INFO  2022-03-30 15:35:01,741 ProvinceDataService::? - Get_Province_List : MethodFinish
INFO  2022-03-30 15:36:22,864 LabDataService::? - Get_AllLab_List : MethodStart
INFO  2022-03-30 15:36:23,036 LabDataService::? - Get_AllLab_List : MethodFinish
INFO  2022-03-30 15:36:27,428 HospitalDataService::? - Get_TCHospital_List : MethodStart
INFO  2022-03-30 15:36:27,597 HospitalDataService::? - Get_TCHospital_List : MethodFinish
INFO  2022-03-30 15:37:05,803 LabDataService::? - Get_AllLab_List : MethodStart
INFO  2022-03-30 15:37:05,921 LabDataService::? - Get_AllLab_List : MethodFinish
INFO  2022-03-30 15:37:11,811 LabDataService::? - Get_AllLab_List : MethodStart
INFO  2022-03-30 15:37:11,930 LabDataService::? - Get_AllLab_List : MethodFinish
INFO  2022-03-30 15:37:12,007 RoleDataService::? - Get_Role_List : MethodStart
INFO  2022-03-30 15:37:12,291 RoleDataService::? - Get_Role_List : MethodFinish
INFO  2022-03-30 15:39:41,137 LabDataService::? - Get_AllLab_List : MethodStart
INFO  2022-03-30 15:39:41,253 LabDataService::? - Get_AllLab_List : MethodFinish
INFO  2022-03-30 15:39:41,299 RoleDataService::? - Get_Role_List : MethodStart
INFO  2022-03-30 15:39:41,447 RoleDataService::? - Get_Role_List : MethodFinish
INFO  2022-03-30 15:40:28,483 LabDataService::? - Get_AllLab_List : MethodStart
INFO  2022-03-30 15:40:28,598 LabDataService::? - Get_AllLab_List : MethodFinish
INFO  2022-03-30 15:46:47,094 ParameterService::? - Get_Parameter_List : MethodStart
INFO  2022-03-30 15:46:47,539 ParameterService::? - Get_Parameter_List : MethodFinish
INFO  2022-03-30 15:46:50,989 LabDataService::? - Get_AllLab_List : MethodStart
INFO  2022-03-30 15:46:51,116 LabDataService::? - Get_AllLab_List : MethodFinish
INFO  2022-03-30 15:46:51,171 RoleDataService::? - Get_Role_List : MethodStart
INFO  2022-03-30 15:46:51,434 RoleDataService::? - Get_Role_List : MethodFinish
INFO  2022-03-30 15:47:16,041 ParameterService::? - Get_Parameter_List : MethodStart
INFO  2022-03-30 15:47:16,167 ParameterService::? - Get_Parameter_List : MethodFinish
INFO  2022-03-30 15:47:56,832 ParameterService::? - Get_Parameter_List : MethodStart
INFO  2022-03-30 15:47:56,949 ParameterService::? - Get_Parameter_List : MethodFinish
INFO  2022-03-30 15:48:55,684 LabDataService::? - Get_AllLab_List : MethodStart
INFO  2022-03-30 15:48:55,809 LabDataService::? - Get_AllLab_List : MethodFinish
INFO  2022-03-30 15:48:55,895 RoleDataService::? - Get_Role_List : MethodStart
INFO  2022-03-30 15:48:56,020 RoleDataService::? - Get_Role_List : MethodFinish
INFO  2022-03-30 15:49:25,948 LabDataService::? - Get_AllLab_List : MethodStart
INFO  2022-03-30 15:49:26,072 LabDataService::? - Get_AllLab_List : MethodFinish
INFO  2022-03-30 15:49:52,212 ParameterService::? - Get_Parameter_List : MethodStart
INFO  2022-03-30 15:49:52,324 ParameterService::? - Get_Parameter_List : MethodFinish
INFO  2022-03-30 15:49:57,701 LabDataService::? - Get_AllLab_List : MethodStart
INFO  2022-03-30 15:49:57,815 LabDataService::? - Get_AllLab_List : MethodFinish
INFO  2022-03-30 15:49:57,890 RoleDataService::? - Get_Role_List : MethodStart
INFO  2022-03-30 15:49:57,999 RoleDataService::? - Get_Role_List : MethodFinish
INFO  2022-03-30 15:50:18,375 ParameterService::? - Get_Parameter_List : MethodStart
INFO  2022-03-30 15:50:18,487 ParameterService::? - Get_Parameter_List : MethodFinish
INFO  2022-03-30 16:11:28,549 LabDataService::? - Get_AllLab_List : MethodStart
INFO  2022-03-30 16:11:29,688 LabDataService::? - Get_AllLab_List : MethodFinish
INFO  2022-03-30 16:11:29,762 RoleDataService::? - Get_Role_List : MethodStart
INFO  2022-03-30 16:11:30,082 RoleDataService::? - Get_Role_List : MethodFinish
INFO  2022-03-30 16:12:11,219 LabDataService::? - Get_AllLab_List : MethodStart
INFO  2022-03-30 16:12:11,367 LabDataService::? - Get_AllLab_List : MethodFinish
INFO  2022-03-30 16:18:20,356 ParameterService::? - Get_Parameter_List : MethodStart
INFO  2022-03-30 16:18:20,753 ParameterService::? - Get_Parameter_List : MethodFinish
INFO  2022-03-30 16:18:27,410 LabDataService::? - Get_AllLab_List : MethodStart
INFO  2022-03-30 16:18:27,521 LabDataService::? - Get_AllLab_List : MethodFinish
INFO  2022-03-30 16:18:27,553 RoleDataService::? - Get_Role_List : MethodStart
INFO  2022-03-30 16:18:27,662 RoleDataService::? - Get_Role_List : MethodFinish
