INFO  2023-05-08 11:37:28,739 LabDataService::? - Get_AllLab_List : MethodStart
INFO  2023-05-08 11:37:29,827 LabDataService::? - Get_AllLab_List : MethodFinish
INFO  2023-05-08 11:37:29,917 RoleDataService::? - Get_Role_List : MethodStart
INFO  2023-05-08 11:37:30,168 RoleDataService::? - Get_Role_List : MethodFinish
INFO  2023-05-08 11:41:46,288 LabDataService::? - Get_AllLab_List : MethodStart
INFO  2023-05-08 11:41:47,182 LabDataService::? - Get_AllLab_List : MethodFinish
INFO  2023-05-08 11:41:47,287 RoleDataService::? - Get_Role_List : MethodStart
INFO  2023-05-08 11:41:47,542 RoleDataService::? - Get_Role_List : MethodFinish
INFO  2023-05-08 11:42:04,865 ParameterService::? - Get_Parameter_List : MethodStart
INFO  2023-05-08 11:42:05,011 ParameterService::? - Get_Parameter_List : MethodFinish
INFO  2023-05-08 11:52:02,945 LabDataService::? - Get_AllLab_List : MethodStart
INFO  2023-05-08 11:52:03,786 LabDataService::? - Get_AllLab_List : MethodFinish
INFO  2023-05-08 11:52:03,907 RoleDataService::? - Get_Role_List : MethodStart
INFO  2023-05-08 11:52:04,164 RoleDataService::? - Get_Role_List : MethodFinish
INFO  2023-05-08 11:52:18,822 ParameterService::? - Get_Parameter_List : MethodStart
INFO  2023-05-08 11:52:18,964 ParameterService::? - Get_Parameter_List : MethodFinish
INFO  2023-05-08 11:52:31,318 ParameterService::? - Get_Parameter_List : MethodStart
INFO  2023-05-08 11:52:31,678 ParameterService::? - Get_Parameter_List : MethodFinish
INFO  2023-05-08 11:53:15,197 ParameterService::? - Get_Parameter_List : MethodStart
INFO  2023-05-08 11:53:15,304 ParameterService::? - Get_Parameter_List : MethodFinish
INFO  2023-05-08 11:58:04,450 LabDataService::? - Get_AllLab_List : MethodStart
INFO  2023-05-08 11:58:05,293 LabDataService::? - Get_AllLab_List : MethodFinish
INFO  2023-05-08 11:58:05,399 RoleDataService::? - Get_Role_List : MethodStart
INFO  2023-05-08 11:58:05,651 RoleDataService::? - Get_Role_List : MethodFinish
INFO  2023-05-08 11:58:21,083 ParameterService::? - Get_Parameter_List : MethodStart
INFO  2023-05-08 11:58:21,222 ParameterService::? - Get_Parameter_List : MethodFinish
INFO  2023-05-08 11:58:48,952 ParameterService::? - Get_Parameter_List : MethodStart
INFO  2023-05-08 11:58:49,055 ParameterService::? - Get_Parameter_List : MethodFinish
INFO  2023-05-08 12:09:16,852 LabDataService::? - Get_AllLab_List : MethodStart
INFO  2023-05-08 12:09:17,815 LabDataService::? - Get_AllLab_List : MethodFinish
INFO  2023-05-08 12:09:17,922 RoleDataService::? - Get_Role_List : MethodStart
INFO  2023-05-08 12:09:18,175 RoleDataService::? - Get_Role_List : MethodFinish
INFO  2023-05-08 12:09:35,285 ParameterService::? - Get_Parameter_List : MethodStart
INFO  2023-05-08 12:09:35,435 ParameterService::? - Get_Parameter_List : MethodFinish
INFO  2023-05-08 12:10:06,733 ParameterService::? - Get_Parameter_List : MethodStart
INFO  2023-05-08 12:10:06,843 ParameterService::? - Get_Parameter_List : MethodFinish
INFO  2023-05-08 12:12:57,768 ParameterService::? - Get_Parameter_List : MethodStart
INFO  2023-05-08 12:12:57,883 ParameterService::? - Get_Parameter_List : MethodFinish
INFO  2023-05-08 12:14:45,170 LabDataService::? - Get_AllLab_List : MethodStart
INFO  2023-05-08 12:14:46,008 LabDataService::? - Get_AllLab_List : MethodFinish
INFO  2023-05-08 12:14:46,100 RoleDataService::? - Get_Role_List : MethodStart
INFO  2023-05-08 12:14:46,374 RoleDataService::? - Get_Role_List : MethodFinish
INFO  2023-05-08 12:15:10,477 ParameterService::? - Get_Parameter_List : MethodStart
INFO  2023-05-08 12:15:10,624 ParameterService::? - Get_Parameter_List : MethodFinish
INFO  2023-05-08 12:15:39,932 ParameterService::? - Get_Parameter_List : MethodStart
INFO  2023-05-08 12:15:40,046 ParameterService::? - Get_Parameter_List : MethodFinish
INFO  2023-05-08 12:19:36,549 LabDataService::? - Get_AllLab_List : MethodStart
INFO  2023-05-08 12:19:37,482 LabDataService::? - Get_AllLab_List : MethodFinish
INFO  2023-05-08 12:19:37,598 RoleDataService::? - Get_Role_List : MethodStart
INFO  2023-05-08 12:19:37,880 RoleDataService::? - Get_Role_List : MethodFinish
INFO  2023-05-08 12:19:48,595 ParameterService::? - Get_Parameter_List : MethodStart
INFO  2023-05-08 12:19:48,732 ParameterService::? - Get_Parameter_List : MethodFinish
INFO  2023-05-08 12:20:15,080 ParameterService::? - Get_Parameter_List : MethodStart
INFO  2023-05-08 12:20:15,181 ParameterService::? - Get_Parameter_List : MethodFinish
INFO  2023-05-08 12:22:25,865 LabDataService::? - Get_AllLab_List : MethodStart
INFO  2023-05-08 12:22:26,674 LabDataService::? - Get_AllLab_List : MethodFinish
INFO  2023-05-08 12:22:26,760 RoleDataService::? - Get_Role_List : MethodStart
INFO  2023-05-08 12:22:27,006 RoleDataService::? - Get_Role_List : MethodFinish
INFO  2023-05-08 12:22:44,895 ParameterService::? - Get_Parameter_List : MethodStart
INFO  2023-05-08 12:22:45,042 ParameterService::? - Get_Parameter_List : MethodFinish
INFO  2023-05-08 12:23:21,088 ParameterService::? - Get_Parameter_List : MethodStart
INFO  2023-05-08 12:23:21,186 ParameterService::? - Get_Parameter_List : MethodFinish
INFO  2023-05-08 12:23:54,373 ParameterService::? - Get_Parameter_List : MethodStart
INFO  2023-05-08 12:23:54,476 ParameterService::? - Get_Parameter_List : MethodFinish
INFO  2023-05-08 12:24:32,531 ParameterService::? - Get_Parameter_List : MethodStart
INFO  2023-05-08 12:24:32,628 ParameterService::? - Get_Parameter_List : MethodFinish
INFO  2023-05-08 12:24:44,614 ParameterService::? - Get_Parameter_List : MethodStart
INFO  2023-05-08 12:24:44,711 ParameterService::? - Get_Parameter_List : MethodFinish
INFO  2023-05-08 12:26:14,355 ParameterService::? - Get_Parameter_List : MethodStart
INFO  2023-05-08 12:26:14,452 ParameterService::? - Get_Parameter_List : MethodFinish
INFO  2023-05-08 12:31:06,278 ParameterService::? - Get_Parameter_List : MethodStart
INFO  2023-05-08 12:31:06,381 ParameterService::? - Get_Parameter_List : MethodFinish
INFO  2023-05-08 12:31:33,289 ParameterService::? - Get_Parameter_List : MethodStart
INFO  2023-05-08 12:31:33,385 ParameterService::? - Get_Parameter_List : MethodFinish
INFO  2023-05-08 12:31:57,843 ParameterService::? - Get_Parameter_List : MethodStart
INFO  2023-05-08 12:31:57,940 ParameterService::? - Get_Parameter_List : MethodFinish
INFO  2023-05-08 12:32:44,015 ParameterService::? - Get_Parameter_List : MethodStart
INFO  2023-05-08 12:32:44,114 ParameterService::? - Get_Parameter_List : MethodFinish
INFO  2023-05-08 12:33:23,117 LabDataService::? - Get_AllLab_List : MethodStart
INFO  2023-05-08 12:33:23,232 LabDataService::? - Get_AllLab_List : MethodFinish
INFO  2023-05-08 12:33:23,301 RoleDataService::? - Get_Role_List : MethodStart
INFO  2023-05-08 12:33:23,534 RoleDataService::? - Get_Role_List : MethodFinish
INFO  2023-05-08 12:34:02,763 LabDataService::? - Get_AllLab_List : MethodStart
INFO  2023-05-08 12:34:02,864 LabDataService::? - Get_AllLab_List : MethodFinish
INFO  2023-05-08 12:34:02,948 RoleDataService::? - Get_Role_List : MethodStart
INFO  2023-05-08 12:34:03,047 RoleDataService::? - Get_Role_List : MethodFinish
INFO  2023-05-08 12:34:18,391 LabDataService::? - Get_AllLab_List : MethodStart
INFO  2023-05-08 12:34:18,490 LabDataService::? - Get_AllLab_List : MethodFinish
INFO  2023-05-08 12:34:18,555 RoleDataService::? - Get_Role_List : MethodStart
INFO  2023-05-08 12:34:18,654 RoleDataService::? - Get_Role_List : MethodFinish
INFO  2023-05-08 12:35:01,078 LabDataService::? - Get_AllLab_List : MethodStart
INFO  2023-05-08 12:35:01,177 LabDataService::? - Get_AllLab_List : MethodFinish
INFO  2023-05-08 12:35:01,263 RoleDataService::? - Get_Role_List : MethodStart
INFO  2023-05-08 12:35:01,364 RoleDataService::? - Get_Role_List : MethodFinish
INFO  2023-05-08 12:35:41,936 LabDataService::? - Get_AllLab_List : MethodStart
INFO  2023-05-08 12:35:42,038 LabDataService::? - Get_AllLab_List : MethodFinish
INFO  2023-05-08 12:35:42,109 RoleDataService::? - Get_Role_List : MethodStart
INFO  2023-05-08 12:35:42,207 RoleDataService::? - Get_Role_List : MethodFinish
INFO  2023-05-08 12:36:10,565 LabDataService::? - Get_AllLab_List : MethodStart
INFO  2023-05-08 12:36:10,665 LabDataService::? - Get_AllLab_List : MethodFinish
INFO  2023-05-08 12:36:10,749 RoleDataService::? - Get_Role_List : MethodStart
INFO  2023-05-08 12:36:10,849 RoleDataService::? - Get_Role_List : MethodFinish
INFO  2023-05-08 12:36:37,020 ParameterService::? - Get_Parameter_List : MethodStart
INFO  2023-05-08 12:36:37,121 ParameterService::? - Get_Parameter_List : MethodFinish
INFO  2023-05-08 12:36:51,206 LabDataService::? - Get_AllLab_List : MethodStart
INFO  2023-05-08 12:36:51,306 LabDataService::? - Get_AllLab_List : MethodFinish
INFO  2023-05-08 12:36:51,368 RoleDataService::? - Get_Role_List : MethodStart
INFO  2023-05-08 12:36:51,473 RoleDataService::? - Get_Role_List : MethodFinish
INFO  2023-05-08 12:37:53,629 LabDataService::? - Get_AllLab_List : MethodStart
INFO  2023-05-08 12:37:53,731 LabDataService::? - Get_AllLab_List : MethodFinish
INFO  2023-05-08 12:37:53,806 RoleDataService::? - Get_Role_List : MethodStart
INFO  2023-05-08 12:37:53,905 RoleDataService::? - Get_Role_List : MethodFinish
INFO  2023-05-08 12:38:42,734 LabDataService::? - Get_AllLab_List : MethodStart
INFO  2023-05-08 12:38:42,840 LabDataService::? - Get_AllLab_List : MethodFinish
INFO  2023-05-08 12:38:42,907 RoleDataService::? - Get_Role_List : MethodStart
INFO  2023-05-08 12:38:43,019 RoleDataService::? - Get_Role_List : MethodFinish
INFO  2023-05-08 12:39:18,085 LabDataService::? - Get_AllLab_List : MethodStart
INFO  2023-05-08 12:39:18,183 LabDataService::? - Get_AllLab_List : MethodFinish
INFO  2023-05-08 12:39:18,249 RoleDataService::? - Get_Role_List : MethodStart
INFO  2023-05-08 12:39:18,351 RoleDataService::? - Get_Role_List : MethodFinish
INFO  2023-05-08 12:53:10,205 LabDataService::? - Get_AllLab_List : MethodStart
INFO  2023-05-08 12:53:11,171 LabDataService::? - Get_AllLab_List : MethodFinish
INFO  2023-05-08 12:53:11,278 RoleDataService::? - Get_Role_List : MethodStart
INFO  2023-05-08 12:53:11,536 RoleDataService::? - Get_Role_List : MethodFinish
INFO  2023-05-08 12:53:56,434 LabDataService::? - Get_AllLab_List : MethodStart
INFO  2023-05-08 12:53:56,570 LabDataService::? - Get_AllLab_List : MethodFinish
INFO  2023-05-08 12:53:56,651 RoleDataService::? - Get_Role_List : MethodStart
INFO  2023-05-08 12:53:56,746 RoleDataService::? - Get_Role_List : MethodFinish
INFO  2023-05-08 13:02:56,689 LabDataService::? - Get_AllLab_List : MethodStart
INFO  2023-05-08 13:02:57,827 LabDataService::? - Get_AllLab_List : MethodFinish
INFO  2023-05-08 13:02:57,946 RoleDataService::? - Get_Role_List : MethodStart
INFO  2023-05-08 13:02:58,195 RoleDataService::? - Get_Role_List : MethodFinish
INFO  2023-05-08 13:07:33,329 LabDataService::? - Get_AllLab_List : MethodStart
INFO  2023-05-08 13:07:34,245 LabDataService::? - Get_AllLab_List : MethodFinish
INFO  2023-05-08 13:07:34,358 RoleDataService::? - Get_Role_List : MethodStart
INFO  2023-05-08 13:07:34,609 RoleDataService::? - Get_Role_List : MethodFinish
INFO  2023-05-08 13:10:10,596 LabDataService::? - Get_AllLab_List : MethodStart
INFO  2023-05-08 13:10:11,588 LabDataService::? - Get_AllLab_List : MethodFinish
INFO  2023-05-08 13:10:11,716 RoleDataService::? - Get_Role_List : MethodStart
INFO  2023-05-08 13:10:11,978 RoleDataService::? - Get_Role_List : MethodFinish
INFO  2023-05-08 13:14:47,969 LabDataService::? - Get_AllLab_List : MethodStart
INFO  2023-05-08 13:14:48,951 LabDataService::? - Get_AllLab_List : MethodFinish
INFO  2023-05-08 13:14:49,055 RoleDataService::? - Get_Role_List : MethodStart
INFO  2023-05-08 13:14:49,312 RoleDataService::? - Get_Role_List : MethodFinish
INFO  2023-05-08 13:16:18,823 LabDataService::? - Get_AllLab_List : MethodStart
INFO  2023-05-08 13:16:18,962 LabDataService::? - Get_AllLab_List : MethodFinish
INFO  2023-05-08 13:16:19,051 RoleDataService::? - Get_Role_List : MethodStart
INFO  2023-05-08 13:16:19,151 RoleDataService::? - Get_Role_List : MethodFinish
INFO  2023-05-08 13:17:03,139 ParameterService::? - Get_Parameter_List : MethodStart
INFO  2023-05-08 13:17:03,256 ParameterService::? - Get_Parameter_List : MethodFinish
INFO  2023-05-08 13:21:39,737 ParameterService::? - Get_Parameter_List : MethodStart
INFO  2023-05-08 13:21:40,095 ParameterService::? - Get_Parameter_List : MethodFinish
INFO  2023-05-08 14:08:30,668 LabDataService::? - Get_AllLab_List : MethodStart
INFO  2023-05-08 14:08:31,965 LabDataService::? - Get_AllLab_List : MethodFinish
INFO  2023-05-08 14:08:32,098 RoleDataService::? - Get_Role_List : MethodStart
INFO  2023-05-08 14:08:32,357 RoleDataService::? - Get_Role_List : MethodFinish
INFO  2023-05-08 14:08:48,417 LabDataService::? - Get_AllLab_List : MethodStart
INFO  2023-05-08 14:08:48,553 LabDataService::? - Get_AllLab_List : MethodFinish
INFO  2023-05-08 14:08:48,629 RoleDataService::? - Get_Role_List : MethodStart
INFO  2023-05-08 14:08:48,724 RoleDataService::? - Get_Role_List : MethodFinish
INFO  2023-05-08 14:09:08,804 ParameterService::? - Get_Parameter_List : MethodStart
INFO  2023-05-08 14:09:08,946 ParameterService::? - Get_Parameter_List : MethodFinish
INFO  2023-05-08 14:18:55,500 LabDataService::? - Get_AllLab_List : MethodStart
INFO  2023-05-08 14:18:56,587 LabDataService::? - Get_AllLab_List : MethodFinish
INFO  2023-05-08 14:18:56,678 RoleDataService::? - Get_Role_List : MethodStart
INFO  2023-05-08 14:18:56,934 RoleDataService::? - Get_Role_List : MethodFinish
INFO  2023-05-08 14:19:11,298 ParameterService::? - Get_Parameter_List : MethodStart
INFO  2023-05-08 14:19:11,555 ParameterService::? - Get_Parameter_List : MethodFinish
INFO  2023-05-08 14:21:18,356 LabDataService::? - Get_AllLab_List : MethodStart
INFO  2023-05-08 14:21:19,256 LabDataService::? - Get_AllLab_List : MethodFinish
INFO  2023-05-08 14:21:19,359 RoleDataService::? - Get_Role_List : MethodStart
INFO  2023-05-08 14:21:19,607 RoleDataService::? - Get_Role_List : MethodFinish
INFO  2023-05-08 14:21:38,878 ParameterService::? - Get_Parameter_List : MethodStart
INFO  2023-05-08 14:21:39,015 ParameterService::? - Get_Parameter_List : MethodFinish
INFO  2023-05-08 14:23:28,860 LabDataService::? - Get_AllLab_List : MethodStart
INFO  2023-05-08 14:23:28,976 LabDataService::? - Get_AllLab_List : MethodFinish
INFO  2023-05-08 14:23:29,075 RoleDataService::? - Get_Role_List : MethodStart
INFO  2023-05-08 14:23:29,168 RoleDataService::? - Get_Role_List : MethodFinish
INFO  2023-05-08 14:24:13,766 LabDataService::? - Get_AllLab_List : MethodStart
INFO  2023-05-08 14:24:13,871 LabDataService::? - Get_AllLab_List : MethodFinish
INFO  2023-05-08 14:24:13,966 RoleDataService::? - Get_Role_List : MethodStart
INFO  2023-05-08 14:24:14,060 RoleDataService::? - Get_Role_List : MethodFinish
INFO  2023-05-08 14:24:20,107 ParameterService::? - Get_Parameter_List : MethodStart
INFO  2023-05-08 14:24:20,318 ParameterService::? - Get_Parameter_List : MethodFinish
INFO  2023-05-08 14:39:19,735 LabDataService::? - Get_AllLab_List : MethodStart
INFO  2023-05-08 14:39:20,647 LabDataService::? - Get_AllLab_List : MethodFinish
INFO  2023-05-08 14:39:20,780 RoleDataService::? - Get_Role_List : MethodStart
INFO  2023-05-08 14:39:21,030 RoleDataService::? - Get_Role_List : MethodFinish
INFO  2023-05-08 14:39:32,065 ParameterService::? - Get_Parameter_List : MethodStart
INFO  2023-05-08 14:39:32,209 ParameterService::? - Get_Parameter_List : MethodFinish
INFO  2023-05-08 14:43:31,036 LabDataService::? - Get_AllLab_List : MethodStart
INFO  2023-05-08 14:43:31,904 LabDataService::? - Get_AllLab_List : MethodFinish
INFO  2023-05-08 14:43:32,013 RoleDataService::? - Get_Role_List : MethodStart
INFO  2023-05-08 14:43:32,283 RoleDataService::? - Get_Role_List : MethodFinish
INFO  2023-05-08 14:43:50,871 ParameterService::? - Get_Parameter_List : MethodStart
INFO  2023-05-08 14:43:51,017 ParameterService::? - Get_Parameter_List : MethodFinish
INFO  2023-05-08 14:45:43,459 ParameterService::? - Get_Parameter_List : MethodStart
INFO  2023-05-08 14:45:43,561 ParameterService::? - Get_Parameter_List : MethodFinish
INFO  2023-05-08 14:45:56,216 ParameterService::? - Get_Parameter_List : MethodStart
INFO  2023-05-08 14:45:56,321 ParameterService::? - Get_Parameter_List : MethodFinish
INFO  2023-05-08 14:46:31,813 ParameterService::? - Get_Parameter_List : MethodStart
INFO  2023-05-08 14:46:31,911 ParameterService::? - Get_Parameter_List : MethodFinish
INFO  2023-05-08 14:46:53,150 ParameterService::? - Get_Parameter_List : MethodStart
INFO  2023-05-08 14:46:53,251 ParameterService::? - Get_Parameter_List : MethodFinish
INFO  2023-05-08 14:47:57,387 LabDataService::? - Get_AllLab_List : MethodStart
INFO  2023-05-08 14:47:58,263 LabDataService::? - Get_AllLab_List : MethodFinish
INFO  2023-05-08 14:47:58,370 RoleDataService::? - Get_Role_List : MethodStart
INFO  2023-05-08 14:47:58,644 RoleDataService::? - Get_Role_List : MethodFinish
INFO  2023-05-08 14:48:11,209 ParameterService::? - Get_Parameter_List : MethodStart
INFO  2023-05-08 14:48:11,358 ParameterService::? - Get_Parameter_List : MethodFinish
INFO  2023-05-08 14:48:45,515 ParameterService::? - Get_Parameter_List : MethodStart
INFO  2023-05-08 14:48:45,619 ParameterService::? - Get_Parameter_List : MethodFinish
INFO  2023-05-08 14:50:19,886 LabDataService::? - Get_AllLab_List : MethodStart
INFO  2023-05-08 14:50:20,749 LabDataService::? - Get_AllLab_List : MethodFinish
INFO  2023-05-08 14:50:20,849 RoleDataService::? - Get_Role_List : MethodStart
INFO  2023-05-08 14:50:21,108 RoleDataService::? - Get_Role_List : MethodFinish
INFO  2023-05-08 14:50:30,523 ParameterService::? - Get_Parameter_List : MethodStart
INFO  2023-05-08 14:50:30,658 ParameterService::? - Get_Parameter_List : MethodFinish
INFO  2023-05-08 14:51:07,321 ParameterService::? - Get_Parameter_List : MethodStart
INFO  2023-05-08 14:51:07,423 ParameterService::? - Get_Parameter_List : MethodFinish
INFO  2023-05-08 14:52:10,387 LabDataService::? - Get_AllLab_List : MethodStart
INFO  2023-05-08 14:52:11,343 LabDataService::? - Get_AllLab_List : MethodFinish
INFO  2023-05-08 14:52:11,446 RoleDataService::? - Get_Role_List : MethodStart
INFO  2023-05-08 14:52:11,725 RoleDataService::? - Get_Role_List : MethodFinish
INFO  2023-05-08 14:52:24,478 ParameterService::? - Get_Parameter_List : MethodStart
INFO  2023-05-08 14:52:24,623 ParameterService::? - Get_Parameter_List : MethodFinish
INFO  2023-05-08 14:58:47,503 ParameterService::? - Get_Parameter_List : MethodStart
INFO  2023-05-08 14:58:47,779 ParameterService::? - Get_Parameter_List : MethodFinish
INFO  2023-05-08 15:00:04,093 LabDataService::? - Get_AllLab_List : MethodStart
INFO  2023-05-08 15:00:04,252 LabDataService::? - Get_AllLab_List : MethodFinish
INFO  2023-05-08 15:00:04,325 RoleDataService::? - Get_Role_List : MethodStart
INFO  2023-05-08 15:00:04,622 RoleDataService::? - Get_Role_List : MethodFinish
INFO  2023-05-08 15:13:36,824 LabDataService::? - Get_AllLab_List : MethodStart
INFO  2023-05-08 15:13:37,698 LabDataService::? - Get_AllLab_List : MethodFinish
INFO  2023-05-08 15:13:37,792 RoleDataService::? - Get_Role_List : MethodStart
INFO  2023-05-08 15:13:38,161 RoleDataService::? - Get_Role_List : MethodFinish
INFO  2023-05-08 15:30:54,336 LabDataService::? - Get_AllLab_List : MethodStart
INFO  2023-05-08 15:30:55,233 LabDataService::? - Get_AllLab_List : MethodFinish
INFO  2023-05-08 15:30:55,386 RoleDataService::? - Get_Role_List : MethodStart
INFO  2023-05-08 15:30:55,632 RoleDataService::? - Get_Role_List : MethodFinish
INFO  2023-05-08 15:31:17,750 ParameterService::? - Get_Parameter_List : MethodStart
INFO  2023-05-08 15:31:17,895 ParameterService::? - Get_Parameter_List : MethodFinish
INFO  2023-05-08 15:31:54,052 LabDataService::? - Get_AllLab_List : MethodStart
INFO  2023-05-08 15:31:54,162 LabDataService::? - Get_AllLab_List : MethodFinish
INFO  2023-05-08 15:31:54,272 RoleDataService::? - Get_Role_List : MethodStart
INFO  2023-05-08 15:31:54,367 RoleDataService::? - Get_Role_List : MethodFinish
INFO  2023-05-08 15:35:44,695 LabDataService::? - Get_AllLab_List : MethodStart
INFO  2023-05-08 15:35:45,663 LabDataService::? - Get_AllLab_List : MethodFinish
INFO  2023-05-08 15:35:45,757 RoleDataService::? - Get_Role_List : MethodStart
INFO  2023-05-08 15:35:46,033 RoleDataService::? - Get_Role_List : MethodFinish
INFO  2023-05-08 15:38:24,378 LabDataService::? - Get_AllLab_List : MethodStart
INFO  2023-05-08 15:38:25,344 LabDataService::? - Get_AllLab_List : MethodFinish
INFO  2023-05-08 15:38:25,451 RoleDataService::? - Get_Role_List : MethodStart
INFO  2023-05-08 15:38:25,702 RoleDataService::? - Get_Role_List : MethodFinish
INFO  2023-05-08 15:59:28,385 LabDataService::? - Get_AllLab_List : MethodStart
INFO  2023-05-08 15:59:29,250 LabDataService::? - Get_AllLab_List : MethodFinish
INFO  2023-05-08 15:59:29,350 RoleDataService::? - Get_Role_List : MethodStart
INFO  2023-05-08 15:59:29,628 RoleDataService::? - Get_Role_List : MethodFinish
INFO  2023-05-08 15:59:38,045 LabDataService::? - Get_AllLab_List : MethodStart
INFO  2023-05-08 15:59:38,177 LabDataService::? - Get_AllLab_List : MethodFinish
INFO  2023-05-08 15:59:38,250 RoleDataService::? - Get_Role_List : MethodStart
INFO  2023-05-08 15:59:38,354 RoleDataService::? - Get_Role_List : MethodFinish
INFO  2023-05-08 16:51:52,667 LabDataService::? - Get_AllLab_List : MethodStart
INFO  2023-05-08 16:51:53,663 LabDataService::? - Get_AllLab_List : MethodFinish
INFO  2023-05-08 16:51:53,801 RoleDataService::? - Get_Role_List : MethodStart
INFO  2023-05-08 16:51:54,068 RoleDataService::? - Get_Role_List : MethodFinish
INFO  2023-05-08 17:07:41,710 LabDataService::? - Get_AllLab_List : MethodStart
INFO  2023-05-08 17:07:42,542 LabDataService::? - Get_AllLab_List : MethodFinish
INFO  2023-05-08 17:07:42,633 RoleDataService::? - Get_Role_List : MethodStart
INFO  2023-05-08 17:07:42,893 RoleDataService::? - Get_Role_List : MethodFinish
INFO  2023-05-08 17:10:46,387 LabDataService::? - Get_AllLab_List : MethodStart
INFO  2023-05-08 17:10:47,311 LabDataService::? - Get_AllLab_List : MethodFinish
INFO  2023-05-08 17:10:47,408 RoleDataService::? - Get_Role_List : MethodStart
INFO  2023-05-08 17:10:47,662 RoleDataService::? - Get_Role_List : MethodFinish
INFO  2023-05-08 17:34:05,143 LabDataService::? - Get_AllLab_List : MethodStart
INFO  2023-05-08 17:34:06,024 LabDataService::? - Get_AllLab_List : MethodFinish
INFO  2023-05-08 17:34:06,125 RoleDataService::? - Get_Role_List : MethodStart
INFO  2023-05-08 17:34:06,390 RoleDataService::? - Get_Role_List : MethodFinish
INFO  2023-05-08 17:39:28,945 LabDataService::? - Get_AllLab_List : MethodStart
INFO  2023-05-08 17:39:29,895 LabDataService::? - Get_AllLab_List : MethodFinish
INFO  2023-05-08 17:39:30,001 RoleDataService::? - Get_Role_List : MethodStart
INFO  2023-05-08 17:39:30,263 RoleDataService::? - Get_Role_List : MethodFinish
INFO  2023-05-08 17:41:48,792 LabDataService::? - Get_AllLab_List : MethodStart
INFO  2023-05-08 17:41:49,723 LabDataService::? - Get_AllLab_List : MethodFinish
INFO  2023-05-08 17:41:49,825 RoleDataService::? - Get_Role_List : MethodStart
INFO  2023-05-08 17:41:50,083 RoleDataService::? - Get_Role_List : MethodFinish
INFO  2023-05-08 17:53:15,906 LabDataService::? - Get_AllLab_List : MethodStart
INFO  2023-05-08 17:53:16,740 LabDataService::? - Get_AllLab_List : MethodFinish
INFO  2023-05-08 17:53:16,836 RoleDataService::? - Get_Role_List : MethodStart
INFO  2023-05-08 17:53:17,091 RoleDataService::? - Get_Role_List : MethodFinish
INFO  2023-05-08 17:53:33,903 LabDataService::? - Get_AllLab_List : MethodStart
INFO  2023-05-08 17:53:34,053 LabDataService::? - Get_AllLab_List : MethodFinish
INFO  2023-05-08 17:53:34,136 RoleDataService::? - Get_Role_List : MethodStart
INFO  2023-05-08 17:53:34,232 RoleDataService::? - Get_Role_List : MethodFinish
INFO  2023-05-08 17:56:16,382 LabDataService::? - Get_AllLab_List : MethodStart
INFO  2023-05-08 17:56:17,302 LabDataService::? - Get_AllLab_List : MethodFinish
INFO  2023-05-08 17:56:17,417 RoleDataService::? - Get_Role_List : MethodStart
INFO  2023-05-08 17:56:17,657 RoleDataService::? - Get_Role_List : MethodFinish
