INFO  2021-10-01 09:05:05,750 ParameterService::? - Get_Parameter_List : MethodStart
INFO  2021-10-01 09:05:07,875 ParameterService::? - Get_Parameter_List : MethodFinish
INFO  2021-10-01 09:05:08,071 LabDataService::? - Get_AllLab_List : MethodStart
INFO  2021-10-01 09:05:08,297 LabDataService::? - Get_AllLab_List : MethodFinish
INFO  2021-10-01 09:15:43,456 LabDataService::? - Get_AllLab_List : MethodStart
INFO  2021-10-01 09:15:43,812 LabDataService::? - Get_AllLab_List : MethodFinish
INFO  2021-10-01 09:15:44,012 RoleDataService::? - Get_Role_List : MethodStart
INFO  2021-10-01 09:15:44,367 RoleDataService::? - Get_Role_List : MethodFinish
INFO  2021-10-01 09:16:30,074 ParameterService::? - Get_Parameter_List : MethodStart
INFO  2021-10-01 09:16:30,196 ParameterService::? - Get_Parameter_List : MethodFinish
INFO  2021-10-01 09:16:31,307 ParameterService::? - Get_Parameter_List : MethodStart
INFO  2021-10-01 09:16:31,435 ParameterService::? - Get_Parameter_List : MethodFinish
INFO  2021-10-01 13:30:32,699 LabDataService::? - Get_AllLab_List : MethodStart
INFO  2021-10-01 13:30:33,731 LabDataService::? - Get_AllLab_List : MethodFinish
INFO  2021-10-01 13:30:33,787 RoleDataService::? - Get_Role_List : MethodStart
INFO  2021-10-01 13:30:34,085 RoleDataService::? - Get_Role_List : MethodFinish
INFO  2021-10-01 13:37:13,729 LabDataService::? - Get_AllLab_List : MethodStart
INFO  2021-10-01 13:37:14,815 LabDataService::? - Get_AllLab_List : MethodFinish
INFO  2021-10-01 13:37:14,896 RoleDataService::? - Get_Role_List : MethodStart
INFO  2021-10-01 13:37:15,181 RoleDataService::? - Get_Role_List : MethodFinish
INFO  2021-10-01 13:41:18,890 LabDataService::? - Get_AllLab_List : MethodStart
INFO  2021-10-01 13:41:20,070 LabDataService::? - Get_AllLab_List : MethodFinish
INFO  2021-10-01 13:41:20,134 RoleDataService::? - Get_Role_List : MethodStart
INFO  2021-10-01 13:41:20,419 RoleDataService::? - Get_Role_List : MethodFinish
INFO  2021-10-01 13:41:47,290 LabDataService::? - Get_AllLab_List : MethodStart
INFO  2021-10-01 13:41:47,435 LabDataService::? - Get_AllLab_List : MethodFinish
INFO  2021-10-01 13:41:47,476 RoleDataService::? - Get_Role_List : MethodStart
INFO  2021-10-01 13:41:47,574 RoleDataService::? - Get_Role_List : MethodFinish
INFO  2021-10-01 13:52:50,416 LabDataService::? - Get_AllLab_List : MethodStart
INFO  2021-10-01 13:52:51,473 LabDataService::? - Get_AllLab_List : MethodFinish
INFO  2021-10-01 13:52:51,538 RoleDataService::? - Get_Role_List : MethodStart
INFO  2021-10-01 13:52:51,894 RoleDataService::? - Get_Role_List : MethodFinish
INFO  2021-10-01 13:58:21,852 LabDataService::? - Get_AllLab_List : MethodStart
INFO  2021-10-01 13:58:22,884 LabDataService::? - Get_AllLab_List : MethodFinish
INFO  2021-10-01 13:58:22,943 RoleDataService::? - Get_Role_List : MethodStart
INFO  2021-10-01 13:58:23,244 RoleDataService::? - Get_Role_List : MethodFinish
INFO  2021-10-01 15:00:56,820 ParameterService::? - Get_Parameter_List : MethodStart
INFO  2021-10-01 15:00:57,937 ParameterService::? - Get_Parameter_List : MethodFinish
INFO  2021-10-01 15:00:58,020 LabDataService::? - Get_AllLab_List : MethodStart
INFO  2021-10-01 15:00:58,155 LabDataService::? - Get_AllLab_List : MethodFinish
INFO  2021-10-01 15:16:54,018 LabDataService::? - Get_AllLab_List : MethodStart
INFO  2021-10-01 15:16:54,342 LabDataService::? - Get_AllLab_List : MethodFinish
INFO  2021-10-01 15:16:54,397 RoleDataService::? - Get_Role_List : MethodStart
INFO  2021-10-01 15:16:54,689 RoleDataService::? - Get_Role_List : MethodFinish
INFO  2021-10-01 15:25:21,315 LabDataService::? - Get_AllLab_List : MethodStart
INFO  2021-10-01 15:25:21,577 LabDataService::? - Get_AllLab_List : MethodFinish
INFO  2021-10-01 15:25:21,618 RoleDataService::? - Get_Role_List : MethodStart
INFO  2021-10-01 15:25:21,876 RoleDataService::? - Get_Role_List : MethodFinish
INFO  2021-10-01 15:25:28,342 LabDataService::? - Get_AllLab_List : MethodStart
INFO  2021-10-01 15:25:28,450 LabDataService::? - Get_AllLab_List : MethodFinish
INFO  2021-10-01 15:25:41,789 LabDataService::? - Get_AllLab_List : MethodStart
INFO  2021-10-01 15:25:41,900 LabDataService::? - Get_AllLab_List : MethodFinish
INFO  2021-10-01 15:25:41,933 RoleDataService::? - Get_Role_List : MethodStart
INFO  2021-10-01 15:25:42,035 RoleDataService::? - Get_Role_List : MethodFinish
INFO  2021-10-01 15:29:29,185 ParameterService::? - Get_Parameter_List : MethodStart
INFO  2021-10-01 15:29:29,288 ParameterService::? - Get_Parameter_List : MethodFinish
INFO  2021-10-01 15:29:38,113 LabDataService::? - Get_AllLab_List : MethodStart
INFO  2021-10-01 15:29:38,224 LabDataService::? - Get_AllLab_List : MethodFinish
INFO  2021-10-01 15:29:38,259 RoleDataService::? - Get_Role_List : MethodStart
INFO  2021-10-01 15:29:38,526 RoleDataService::? - Get_Role_List : MethodFinish
INFO  2021-10-01 15:30:36,647 LabDataService::? - Get_AllLab_List : MethodStart
INFO  2021-10-01 15:30:36,750 LabDataService::? - Get_AllLab_List : MethodFinish
INFO  2021-10-01 15:30:36,792 ParameterService::? - Get_Parameter_List : MethodStart
INFO  2021-10-01 15:30:36,896 ParameterService::? - Get_Parameter_List : MethodFinish
INFO  2021-10-01 15:58:16,542 LabDataService::? - Get_AllLab_List : MethodStart
INFO  2021-10-01 15:58:16,786 LabDataService::? - Get_AllLab_List : MethodFinish
INFO  2021-10-01 16:50:42,968 LabDataService::? - Get_AllLab_List : MethodStart
INFO  2021-10-01 16:50:44,998 LabDataService::? - Get_AllLab_List : MethodFinish
