INFO  2021-11-10 10:44:48,478 LabDataService::? - Get_AllLab_List : MethodStart
INFO  2021-11-10 10:44:50,418 LabDataService::? - Get_AllLab_List : MethodFinish
INFO  2021-11-10 10:44:50,540 RoleDataService::? - Get_Role_List : MethodStart
INFO  2021-11-10 10:44:50,899 RoleDataService::? - Get_Role_List : MethodFinish
INFO  2021-11-10 10:48:32,477 LabDataService::? - Get_AllLab_List : MethodStart
INFO  2021-11-10 10:48:32,695 LabDataService::? - Get_AllLab_List : MethodFinish
INFO  2021-11-10 10:55:25,182 ParameterService::? - Get_Parameter_List : MethodStart
INFO  2021-11-10 10:55:25,692 ParameterService::? - Get_Parameter_List : MethodFinish
INFO  2021-11-10 11:05:15,178 LabDataService::? - Get_AllLab_List : MethodStart
INFO  2021-11-10 11:05:16,758 LabDataService::? - Get_AllLab_List : MethodFinish
INFO  2021-11-10 11:05:16,890 RoleDataService::? - Get_Role_List : MethodStart
INFO  2021-11-10 11:05:17,249 RoleDataService::? - Get_Role_List : MethodFinish
INFO  2021-11-10 11:10:47,516 LabDataService::? - Get_AllLab_List : MethodStart
INFO  2021-11-10 11:10:47,685 LabDataService::? - Get_AllLab_List : MethodFinish
INFO  2021-11-10 11:12:11,885 LabDataService::? - Get_AllLab_List : MethodStart
INFO  2021-11-10 11:12:12,028 LabDataService::? - Get_AllLab_List : MethodFinish
INFO  2021-11-10 11:12:28,679 LabDataService::? - Get_AllLab_List : MethodStart
INFO  2021-11-10 11:12:28,801 LabDataService::? - Get_AllLab_List : MethodFinish
INFO  2021-11-10 11:12:28,942 RoleDataService::? - Get_Role_List : MethodStart
INFO  2021-11-10 11:12:29,078 RoleDataService::? - Get_Role_List : MethodFinish
INFO  2021-11-10 11:12:46,742 LabDataService::? - Get_AllLab_List : MethodStart
INFO  2021-11-10 11:12:46,874 LabDataService::? - Get_AllLab_List : MethodFinish
INFO  2021-11-10 11:17:12,628 LabDataService::? - Get_AllLab_List : MethodStart
INFO  2021-11-10 11:17:12,761 LabDataService::? - Get_AllLab_List : MethodFinish
INFO  2021-11-10 11:38:20,590 LabDataService::? - Get_AllLab_List : MethodStart
INFO  2021-11-10 11:38:23,212 LabDataService::? - Get_AllLab_List : MethodFinish
INFO  2021-11-10 11:38:23,389 RoleDataService::? - Get_Role_List : MethodStart
INFO  2021-11-10 11:38:23,713 RoleDataService::? - Get_Role_List : MethodFinish
INFO  2021-11-10 11:39:19,652 LabDataService::? - Get_AllLab_List : MethodStart
INFO  2021-11-10 11:39:19,891 LabDataService::? - Get_AllLab_List : MethodFinish
INFO  2021-11-10 11:43:50,857 ParameterService::? - Get_Parameter_List : MethodStart
INFO  2021-11-10 11:43:51,025 ParameterService::? - Get_Parameter_List : MethodFinish
