INFO  2021-05-26 11:59:54,097 LabDataService::? - Get_AllLab_List : MethodStart
INFO  2021-05-26 11:59:56,432 LabDataService::? - Get_AllLab_List : MethodFinish
INFO  2021-05-26 11:59:56,585 RoleDataService::? - Get_Role_List : MethodStart
INFO  2021-05-26 11:59:56,684 RoleDataService::? - Get_Role_List : MethodFinish
INFO  2021-05-26 12:00:34,319 LabDataService::? - Get_AllLab_List : MethodStart
INFO  2021-05-26 12:00:34,443 LabDataService::? - Get_AllLab_List : MethodFinish
INFO  2021-05-26 12:00:34,514 RoleDataService::? - Get_Role_List : MethodStart
INFO  2021-05-26 12:00:34,528 RoleDataService::? - Get_Role_List : MethodFinish
INFO  2021-05-26 12:00:48,470 LabDataService::? - Get_AllLab_List : MethodStart
INFO  2021-05-26 12:00:48,499 LabDataService::? - Get_AllLab_List : MethodFinish
INFO  2021-05-26 12:01:27,914 LabDataService::? - Get_AllLab_List : MethodStart
INFO  2021-05-26 12:01:27,936 LabDataService::? - Get_AllLab_List : MethodFinish
INFO  2021-05-26 12:01:27,999 RoleDataService::? - Get_Role_List : MethodStart
INFO  2021-05-26 12:01:28,005 RoleDataService::? - Get_Role_List : MethodFinish
INFO  2021-05-26 12:01:29,831 LabDataService::? - Get_AllLab_List : MethodStart
INFO  2021-05-26 12:01:29,847 LabDataService::? - Get_AllLab_List : MethodFinish
INFO  2021-05-26 12:01:29,899 RoleDataService::? - Get_Role_List : MethodStart
INFO  2021-05-26 12:01:29,906 RoleDataService::? - Get_Role_List : MethodFinish
INFO  2021-05-26 12:02:29,925 LabDataService::? - Get_AllLab_List : MethodStart
INFO  2021-05-26 12:02:29,952 LabDataService::? - Get_AllLab_List : MethodFinish
INFO  2021-05-26 12:02:30,023 RoleDataService::? - Get_Role_List : MethodStart
INFO  2021-05-26 12:02:30,034 RoleDataService::? - Get_Role_List : MethodFinish
INFO  2021-05-26 12:05:09,294 LabDataService::? - Get_AllLab_List : MethodStart
INFO  2021-05-26 12:05:09,312 LabDataService::? - Get_AllLab_List : MethodFinish
INFO  2021-05-26 12:05:09,357 RoleDataService::? - Get_Role_List : MethodStart
INFO  2021-05-26 12:05:09,361 RoleDataService::? - Get_Role_List : MethodFinish
INFO  2021-05-26 12:05:38,619 LabDataService::? - Get_AllLab_List : MethodStart
INFO  2021-05-26 12:05:38,633 LabDataService::? - Get_AllLab_List : MethodFinish
INFO  2021-05-26 12:05:38,703 RoleDataService::? - Get_Role_List : MethodStart
INFO  2021-05-26 12:05:38,712 RoleDataService::? - Get_Role_List : MethodFinish
INFO  2021-05-26 12:05:58,478 LabDataService::? - Get_AllLab_List : MethodStart
INFO  2021-05-26 12:05:58,488 LabDataService::? - Get_AllLab_List : MethodFinish
INFO  2021-05-26 12:05:58,557 ParameterService::? - Get_Parameter_List : MethodStart
INFO  2021-05-26 12:05:58,604 ParameterService::? - Get_Parameter_List : MethodFinish
INFO  2021-05-26 12:07:16,549 ParameterService::? - Get_Parameter_List : MethodStart
INFO  2021-05-26 12:07:16,557 ParameterService::? - Get_Parameter_List : MethodFinish
INFO  2021-05-26 12:07:16,936 LabDataService::? - Get_AllLab_List : MethodStart
INFO  2021-05-26 12:07:16,944 LabDataService::? - Get_AllLab_List : MethodFinish
INFO  2021-05-26 12:08:30,414 LabDataService::? - Get_AllLab_List : MethodStart
INFO  2021-05-26 12:08:30,423 LabDataService::? - Get_AllLab_List : MethodFinish
INFO  2021-05-26 12:08:30,480 ParameterService::? - Get_Parameter_List : MethodStart
INFO  2021-05-26 12:08:30,492 ParameterService::? - Get_Parameter_List : MethodFinish
INFO  2021-05-26 12:09:46,167 LabDataService::? - Get_AllLab_List : MethodStart
INFO  2021-05-26 12:09:46,182 LabDataService::? - Get_AllLab_List : MethodFinish
INFO  2021-05-26 12:12:02,112 ParameterService::? - Get_Parameter_List : MethodStart
INFO  2021-05-26 12:12:02,117 ParameterService::? - Get_Parameter_List : MethodFinish
INFO  2021-05-26 12:16:54,564 ParameterService::? - Get_Parameter_List : MethodStart
INFO  2021-05-26 12:16:54,588 ParameterService::? - Get_Parameter_List : MethodFinish
INFO  2021-05-26 12:18:51,598 ParameterService::? - Get_Parameter_List : MethodStart
INFO  2021-05-26 12:18:51,607 ParameterService::? - Get_Parameter_List : MethodFinish
INFO  2021-05-26 12:22:49,089 LabDataService::? - Get_AllLab_List : MethodStart
INFO  2021-05-26 12:22:49,119 LabDataService::? - Get_AllLab_List : MethodFinish
