INFO  2023-05-18 13:52:08,375 LabDataService::? - Get_AllLab_List : MethodStart
INFO  2023-05-18 13:52:09,657 LabDataService::? - Get_AllLab_List : MethodFinish
INFO  2023-05-18 13:52:09,750 RoleDataService::? - Get_Role_List : MethodStart
INFO  2023-05-18 13:52:10,002 RoleDataService::? - Get_Role_List : MethodFinish
INFO  2023-05-18 15:34:29,686 LabDataService::? - Get_AllLab_List : MethodStart
INFO  2023-05-18 15:34:31,072 LabDataService::? - Get_AllLab_List : MethodFinish
INFO  2023-05-18 15:34:31,235 RoleDataService::? - Get_Role_List : MethodStart
INFO  2023-05-18 15:34:31,528 RoleDataService::? - Get_Role_List : MethodFinish
INFO  2023-05-18 15:36:08,076 ParameterService::? - Get_Parameter_List : MethodStart
INFO  2023-05-18 15:36:08,236 ParameterService::? - Get_Parameter_List : MethodFinish
INFO  2023-05-18 16:32:36,851 LabDataService::? - Get_AllLab_List : MethodStart
INFO  2023-05-18 16:32:38,210 LabDataService::? - Get_AllLab_List : MethodFinish
INFO  2023-05-18 16:32:38,390 RoleDataService::? - Get_Role_List : MethodStart
INFO  2023-05-18 16:32:38,640 RoleDataService::? - Get_Role_List : MethodFinish
INFO  2023-05-18 16:33:39,890 LabDataService::? - Get_AllLab_List : MethodStart
INFO  2023-05-18 16:33:40,031 LabDataService::? - Get_AllLab_List : MethodFinish
INFO  2023-05-18 16:33:40,169 RoleDataService::? - Get_Role_List : MethodStart
INFO  2023-05-18 16:33:40,260 RoleDataService::? - Get_Role_List : MethodFinish
INFO  2023-05-18 16:34:50,540 ParameterService::? - Get_Parameter_List : MethodStart
INFO  2023-05-18 16:34:50,663 ParameterService::? - Get_Parameter_List : MethodFinish
