INFO  2021-09-06 00:03:55,615 ParameterService::? - Get_Parameter_List : MethodStart
INFO  2021-09-06 00:03:55,924 ParameterService::? - Get_Parameter_List : MethodFinish
INFO  2021-09-06 00:03:55,966 LabDataService::? - Get_AllLab_List : MethodStart
INFO  2021-09-06 00:03:56,787 LabDataService::? - Get_AllLab_List : MethodFinish
INFO  2021-09-06 00:24:08,289 LabDataService::? - Get_AllLab_List : MethodStart
INFO  2021-09-06 00:24:08,891 LabDataService::? - Get_AllLab_List : MethodFinish
INFO  2021-09-06 00:24:08,947 ParameterService::? - Get_Parameter_List : MethodStart
INFO  2021-09-06 00:24:09,081 ParameterService::? - Get_Parameter_List : MethodFinish
INFO  2021-09-06 00:24:35,985 ParameterService::? - Get_Parameter_List : MethodStart
INFO  2021-09-06 00:24:36,092 ParameterService::? - Get_Parameter_List : MethodFinish
INFO  2021-09-06 00:24:36,614 LabDataService::? - Get_AllLab_List : MethodStart
INFO  2021-09-06 00:24:36,721 LabDataService::? - Get_AllLab_List : MethodFinish
INFO  2021-09-06 00:25:47,527 LabDataService::? - Get_AllLab_List : MethodStart
INFO  2021-09-06 00:25:47,706 LabDataService::? - Get_AllLab_List : MethodFinish
INFO  2021-09-06 00:25:47,804 ParameterService::? - Get_Parameter_List : MethodStart
INFO  2021-09-06 00:25:47,966 ParameterService::? - Get_Parameter_List : MethodFinish
INFO  2021-09-06 00:26:21,618 ParameterService::? - Get_Parameter_List : MethodStart
INFO  2021-09-06 00:26:21,729 ParameterService::? - Get_Parameter_List : MethodFinish
INFO  2021-09-06 00:26:22,249 LabDataService::? - Get_AllLab_List : MethodStart
INFO  2021-09-06 00:26:22,412 LabDataService::? - Get_AllLab_List : MethodFinish
INFO  2021-09-06 00:26:35,570 LabDataService::? - Get_AllLab_List : MethodStart
INFO  2021-09-06 00:26:35,687 LabDataService::? - Get_AllLab_List : MethodFinish
INFO  2021-09-06 00:26:35,744 ParameterService::? - Get_Parameter_List : MethodStart
INFO  2021-09-06 00:26:35,852 ParameterService::? - Get_Parameter_List : MethodFinish
INFO  2021-09-06 00:26:50,142 ParameterService::? - Get_Parameter_List : MethodStart
INFO  2021-09-06 00:26:50,253 ParameterService::? - Get_Parameter_List : MethodFinish
INFO  2021-09-06 00:26:50,470 LabDataService::? - Get_AllLab_List : MethodStart
INFO  2021-09-06 00:26:50,579 LabDataService::? - Get_AllLab_List : MethodFinish
INFO  2021-09-06 00:27:14,873 LabDataService::? - Get_AllLab_List : MethodStart
INFO  2021-09-06 00:27:14,984 LabDataService::? - Get_AllLab_List : MethodFinish
INFO  2021-09-06 00:27:15,034 ParameterService::? - Get_Parameter_List : MethodStart
INFO  2021-09-06 00:27:15,150 ParameterService::? - Get_Parameter_List : MethodFinish
INFO  2021-09-06 00:27:39,552 ParameterService::? - Get_Parameter_List : MethodStart
INFO  2021-09-06 00:27:39,669 ParameterService::? - Get_Parameter_List : MethodFinish
INFO  2021-09-06 00:27:40,060 LabDataService::? - Get_AllLab_List : MethodStart
INFO  2021-09-06 00:27:40,183 LabDataService::? - Get_AllLab_List : MethodFinish
INFO  2021-09-06 10:33:59,365 LabDataService::? - Get_AllLab_List : MethodStart
INFO  2021-09-06 10:34:00,418 LabDataService::? - Get_AllLab_List : MethodFinish
INFO  2021-09-06 10:34:00,480 ParameterService::? - Get_Parameter_List : MethodStart
INFO  2021-09-06 10:34:00,607 ParameterService::? - Get_Parameter_List : MethodFinish
INFO  2021-09-06 10:35:53,875 ParameterService::? - Get_Parameter_List : MethodStart
INFO  2021-09-06 10:35:54,021 ParameterService::? - Get_Parameter_List : MethodFinish
INFO  2021-09-06 10:35:54,059 LabDataService::? - Get_AllLab_List : MethodStart
INFO  2021-09-06 10:35:54,164 LabDataService::? - Get_AllLab_List : MethodFinish
INFO  2021-09-06 10:37:29,408 LabDataService::? - Get_AllLab_List : MethodStart
INFO  2021-09-06 10:37:29,517 LabDataService::? - Get_AllLab_List : MethodFinish
INFO  2021-09-06 10:37:29,549 RoleDataService::? - Get_Role_List : MethodStart
INFO  2021-09-06 10:37:29,973 RoleDataService::? - Get_Role_List : MethodFinish
INFO  2021-09-06 10:37:44,504 LabDataService::? - Get_AllLab_List : MethodStart
INFO  2021-09-06 10:37:44,608 LabDataService::? - Get_AllLab_List : MethodFinish
INFO  2021-09-06 10:37:44,643 RoleDataService::? - Get_Role_List : MethodStart
INFO  2021-09-06 10:37:44,747 RoleDataService::? - Get_Role_List : MethodFinish
INFO  2021-09-06 10:38:01,875 LabDataService::? - Get_AllLab_List : MethodStart
INFO  2021-09-06 10:38:01,977 LabDataService::? - Get_AllLab_List : MethodFinish
INFO  2021-09-06 10:38:38,097 ParameterService::? - Get_Parameter_List : MethodStart
INFO  2021-09-06 10:38:38,204 ParameterService::? - Get_Parameter_List : MethodFinish
INFO  2021-09-06 10:38:51,620 ParameterService::? - Get_Parameter_List : MethodStart
INFO  2021-09-06 10:38:51,716 ParameterService::? - Get_Parameter_List : MethodFinish
INFO  2021-09-06 10:38:51,744 LabDataService::? - Get_AllLab_List : MethodStart
INFO  2021-09-06 10:38:51,841 LabDataService::? - Get_AllLab_List : MethodFinish
INFO  2021-09-06 10:43:38,986 ParameterService::? - Get_Parameter_List : MethodStart
INFO  2021-09-06 10:43:39,438 ParameterService::? - Get_Parameter_List : MethodFinish
INFO  2021-09-06 10:44:36,674 ParameterService::? - Get_Parameter_List : MethodStart
INFO  2021-09-06 10:44:36,796 ParameterService::? - Get_Parameter_List : MethodFinish
INFO  2021-09-06 11:11:05,876 ParameterService::? - Get_Parameter_List : MethodStart
INFO  2021-09-06 11:11:06,917 ParameterService::? - Get_Parameter_List : MethodFinish
INFO  2021-09-06 11:11:06,965 LabDataService::? - Get_AllLab_List : MethodStart
INFO  2021-09-06 11:11:07,103 LabDataService::? - Get_AllLab_List : MethodFinish
INFO  2021-09-06 11:11:36,056 ParameterService::? - Get_Parameter_List : MethodStart
INFO  2021-09-06 11:11:36,206 ParameterService::? - Get_Parameter_List : MethodFinish
INFO  2021-09-06 11:55:01,990 ParameterService::? - Get_Parameter_List : MethodStart
INFO  2021-09-06 11:55:03,524 ParameterService::? - Get_Parameter_List : MethodFinish
INFO  2021-09-06 13:30:54,943 LabDataService::? - Get_AllLab_List : MethodStart
INFO  2021-09-06 13:30:55,992 LabDataService::? - Get_AllLab_List : MethodFinish
INFO  2021-09-06 13:30:56,050 ParameterService::? - Get_Parameter_List : MethodStart
INFO  2021-09-06 13:30:56,176 ParameterService::? - Get_Parameter_List : MethodFinish
INFO  2021-09-06 13:40:01,438 LabDataService::? - Get_AllLab_List : MethodStart
INFO  2021-09-06 13:40:01,744 LabDataService::? - Get_AllLab_List : MethodFinish
INFO  2021-09-06 13:40:01,777 RoleDataService::? - Get_Role_List : MethodStart
INFO  2021-09-06 13:40:02,053 RoleDataService::? - Get_Role_List : MethodFinish
INFO  2021-09-06 17:19:24,842 LabDataService::? - Get_AllLab_List : MethodStart
INFO  2021-09-06 17:19:25,968 LabDataService::? - Get_AllLab_List : MethodFinish
INFO  2021-09-06 17:19:26,031 RoleDataService::? - Get_Role_List : MethodStart
INFO  2021-09-06 17:19:26,330 RoleDataService::? - Get_Role_List : MethodFinish
INFO  2021-09-06 17:20:09,231 ParameterService::? - Get_Parameter_List : MethodStart
INFO  2021-09-06 17:20:09,372 ParameterService::? - Get_Parameter_List : MethodFinish
INFO  2021-09-06 17:20:09,411 LabDataService::? - Get_AllLab_List : MethodStart
INFO  2021-09-06 17:20:09,513 LabDataService::? - Get_AllLab_List : MethodFinish
INFO  2021-09-06 18:41:38,445 LabDataService::? - Get_AllLab_List : MethodStart
INFO  2021-09-06 18:41:38,762 LabDataService::? - Get_AllLab_List : MethodFinish
INFO  2021-09-06 18:52:00,165 ParameterService::? - Get_Parameter_List : MethodStart
INFO  2021-09-06 18:52:00,446 ParameterService::? - Get_Parameter_List : MethodFinish
INFO  2021-09-06 18:52:50,977 LabDataService::? - Get_AllLab_List : MethodStart
INFO  2021-09-06 18:52:51,095 LabDataService::? - Get_AllLab_List : MethodFinish
INFO  2021-09-06 18:52:55,478 ParameterService::? - Get_Parameter_List : MethodStart
INFO  2021-09-06 18:52:55,624 ParameterService::? - Get_Parameter_List : MethodFinish
INFO  2021-09-06 18:52:55,667 LabDataService::? - Get_AllLab_List : MethodStart
INFO  2021-09-06 18:52:55,787 LabDataService::? - Get_AllLab_List : MethodFinish
INFO  2021-09-06 18:52:57,325 ParameterService::? - Get_Parameter_List : MethodStart
INFO  2021-09-06 18:52:57,433 ParameterService::? - Get_Parameter_List : MethodFinish
INFO  2021-09-06 18:52:57,532 LabDataService::? - Get_AllLab_List : MethodStart
INFO  2021-09-06 18:52:57,648 LabDataService::? - Get_AllLab_List : MethodFinish
INFO  2021-09-06 18:56:16,147 LabDataService::? - Get_AllLab_List : MethodStart
INFO  2021-09-06 18:56:18,353 LabDataService::? - Get_AllLab_List : MethodFinish
INFO  2021-09-06 19:10:28,253 ParameterService::? - Get_Parameter_List : MethodStart
INFO  2021-09-06 19:10:28,639 ParameterService::? - Get_Parameter_List : MethodFinish
INFO  2021-09-06 19:21:34,971 LabDataService::? - Get_AllLab_List : MethodStart
INFO  2021-09-06 19:21:36,794 LabDataService::? - Get_AllLab_List : MethodFinish
INFO  2021-09-06 19:23:04,632 ParameterService::? - Get_Parameter_List : MethodStart
INFO  2021-09-06 19:23:04,784 ParameterService::? - Get_Parameter_List : MethodFinish
INFO  2021-09-06 20:41:12,343 ParameterService::? - Get_Parameter_List : MethodStart
INFO  2021-09-06 20:41:14,226 ParameterService::? - Get_Parameter_List : MethodFinish
INFO  2021-09-06 21:16:16,330 ParameterService::? - Get_Parameter_List : MethodStart
INFO  2021-09-06 21:16:19,301 ParameterService::? - Get_Parameter_List : MethodFinish
INFO  2021-09-06 21:16:19,470 LabDataService::? - Get_AllLab_List : MethodStart
INFO  2021-09-06 21:16:19,662 LabDataService::? - Get_AllLab_List : MethodFinish
INFO  2021-09-06 21:21:30,546 ParameterService::? - Get_Parameter_List : MethodStart
INFO  2021-09-06 21:21:32,436 ParameterService::? - Get_Parameter_List : MethodFinish
INFO  2021-09-06 21:21:55,607 ParameterService::? - Get_Parameter_List : MethodStart
INFO  2021-09-06 21:21:55,751 ParameterService::? - Get_Parameter_List : MethodFinish
INFO  2021-09-06 21:29:18,251 ParameterService::? - Get_Parameter_List : MethodStart
INFO  2021-09-06 21:29:19,935 ParameterService::? - Get_Parameter_List : MethodFinish
INFO  2021-09-06 21:33:33,034 ParameterService::? - Get_Parameter_List : MethodStart
INFO  2021-09-06 21:33:35,630 ParameterService::? - Get_Parameter_List : MethodFinish
