INFO  2021-07-21 21:28:12,430 LabDataService::? - Get_AllLab_List : MethodStart
INFO  2021-07-21 21:28:13,328 LabDataService::? - Get_AllLab_List : MethodFinish
INFO  2021-07-21 21:28:13,397 RoleDataService::? - Get_Role_List : MethodStart
INFO  2021-07-21 21:28:13,446 RoleDataService::? - Get_Role_List : MethodFinish
INFO  2021-07-21 21:30:04,609 ParameterService::? - Get_Parameter_List : MethodStart
INFO  2021-07-21 21:30:04,675 ParameterService::? - Get_Parameter_List : MethodFinish
INFO  2021-07-21 22:24:00,506 LabDataService::? - Get_AllLab_List : MethodStart
INFO  2021-07-21 22:24:01,286 LabDataService::? - Get_AllLab_List : MethodFinish
INFO  2021-07-21 22:24:01,337 RoleDataService::? - Get_Role_List : MethodStart
INFO  2021-07-21 22:24:01,371 RoleDataService::? - Get_Role_List : MethodFinish
INFO  2021-07-21 22:24:50,563 ParameterService::? - Get_Parameter_List : MethodStart
INFO  2021-07-21 22:24:50,659 ParameterService::? - Get_Parameter_List : MethodFinish
INFO  2021-07-21 22:27:40,309 ParameterService::? - Get_Parameter_List : MethodStart
INFO  2021-07-21 22:27:40,322 ParameterService::? - Get_Parameter_List : MethodFinish
INFO  2021-07-21 22:30:56,443 LabDataService::? - Get_AllLab_List : MethodStart
INFO  2021-07-21 22:30:56,461 LabDataService::? - Get_AllLab_List : MethodFinish
INFO  2021-07-21 22:30:56,487 RoleDataService::? - Get_Role_List : MethodStart
INFO  2021-07-21 22:30:56,491 RoleDataService::? - Get_Role_List : MethodFinish
INFO  2021-07-21 22:31:09,771 ParameterService::? - Get_Parameter_List : MethodStart
INFO  2021-07-21 22:31:09,786 ParameterService::? - Get_Parameter_List : MethodFinish
INFO  2021-07-21 22:33:00,549 ParameterService::? - Get_Parameter_List : MethodStart
INFO  2021-07-21 22:33:00,569 ParameterService::? - Get_Parameter_List : MethodFinish
INFO  2021-07-21 22:34:37,109 LabDataService::? - Get_AllLab_List : MethodStart
INFO  2021-07-21 22:34:37,128 LabDataService::? - Get_AllLab_List : MethodFinish
INFO  2021-07-21 22:34:37,147 RoleDataService::? - Get_Role_List : MethodStart
INFO  2021-07-21 22:34:37,150 RoleDataService::? - Get_Role_List : MethodFinish
INFO  2021-07-21 22:35:06,569 ParameterService::? - Get_Parameter_List : MethodStart
INFO  2021-07-21 22:35:06,576 ParameterService::? - Get_Parameter_List : MethodFinish
INFO  2021-07-21 22:37:17,904 LabDataService::? - Get_AllLab_List : MethodStart
INFO  2021-07-21 22:37:17,929 LabDataService::? - Get_AllLab_List : MethodFinish
INFO  2021-07-21 22:37:17,956 RoleDataService::? - Get_Role_List : MethodStart
INFO  2021-07-21 22:37:17,962 RoleDataService::? - Get_Role_List : MethodFinish
INFO  2021-07-21 22:38:00,818 ParameterService::? - Get_Parameter_List : MethodStart
INFO  2021-07-21 22:38:00,841 ParameterService::? - Get_Parameter_List : MethodFinish
INFO  2021-07-21 22:44:44,154 LabDataService::? - Get_AllLab_List : MethodStart
INFO  2021-07-21 22:44:44,894 LabDataService::? - Get_AllLab_List : MethodFinish
INFO  2021-07-21 22:44:44,944 RoleDataService::? - Get_Role_List : MethodStart
INFO  2021-07-21 22:44:44,979 RoleDataService::? - Get_Role_List : MethodFinish
INFO  2021-07-21 22:45:22,352 ParameterService::? - Get_Parameter_List : MethodStart
INFO  2021-07-21 22:45:22,413 ParameterService::? - Get_Parameter_List : MethodFinish
INFO  2021-07-21 22:50:45,222 LabDataService::? - Get_AllLab_List : MethodStart
INFO  2021-07-21 22:50:45,237 LabDataService::? - Get_AllLab_List : MethodFinish
INFO  2021-07-21 22:50:45,255 RoleDataService::? - Get_Role_List : MethodStart
INFO  2021-07-21 22:50:45,264 RoleDataService::? - Get_Role_List : MethodFinish
