INFO  2022-06-15 10:10:33,092 LabDataService::? - Get_AllLab_List : MethodStart
INFO  2022-06-15 10:10:36,195 LabDataService::? - Get_AllLab_List : MethodFinish
INFO  2022-06-15 10:10:36,323 RoleDataService::? - Get_Role_List : MethodStart
INFO  2022-06-15 10:10:36,650 RoleDataService::? - Get_Role_List : MethodFinish
INFO  2022-06-15 10:12:01,277 LabDataService::? - Get_AllLab_List : MethodStart
INFO  2022-06-15 10:12:01,491 LabDataService::? - Get_AllLab_List : MethodFinish
INFO  2022-06-15 10:22:34,489 LabDataService::? - Get_AllLab_List : MethodStart
INFO  2022-06-15 10:22:34,768 LabDataService::? - Get_AllLab_List : MethodFinish
INFO  2022-06-15 10:22:49,222 LabDataService::? - Get_AllLab_List : MethodStart
INFO  2022-06-15 10:22:49,347 LabDataService::? - Get_AllLab_List : MethodFinish
INFO  2022-06-15 10:22:49,471 RoleDataService::? - Get_Role_List : MethodStart
INFO  2022-06-15 10:22:49,843 RoleDataService::? - Get_Role_List : MethodFinish
INFO  2022-06-15 10:23:29,902 ParameterService::? - Get_Parameter_List : MethodStart
INFO  2022-06-15 10:23:30,071 ParameterService::? - Get_Parameter_List : MethodFinish
INFO  2022-06-15 10:24:49,361 LabDataService::? - Get_AllLab_List : MethodStart
INFO  2022-06-15 10:24:49,484 LabDataService::? - Get_AllLab_List : MethodFinish
INFO  2022-06-15 10:24:49,617 RoleDataService::? - Get_Role_List : MethodStart
INFO  2022-06-15 10:24:49,743 RoleDataService::? - Get_Role_List : MethodFinish
INFO  2022-06-15 10:25:09,038 LabDataService::? - Get_AllLab_List : MethodStart
INFO  2022-06-15 10:25:09,177 LabDataService::? - Get_AllLab_List : MethodFinish
INFO  2022-06-15 10:26:12,585 ParameterService::? - Get_Parameter_List : MethodStart
INFO  2022-06-15 10:26:12,711 ParameterService::? - Get_Parameter_List : MethodFinish
INFO  2022-06-15 10:26:16,724 LabDataService::? - Get_AllLab_List : MethodStart
INFO  2022-06-15 10:26:16,847 LabDataService::? - Get_AllLab_List : MethodFinish
INFO  2022-06-15 10:26:16,907 RoleDataService::? - Get_Role_List : MethodStart
INFO  2022-06-15 10:26:17,016 RoleDataService::? - Get_Role_List : MethodFinish
INFO  2022-06-15 10:26:35,748 ParameterService::? - Get_Parameter_List : MethodStart
INFO  2022-06-15 10:26:35,871 ParameterService::? - Get_Parameter_List : MethodFinish
INFO  2022-06-15 10:26:56,660 LabDataService::? - Get_AllLab_List : MethodStart
INFO  2022-06-15 10:26:56,775 LabDataService::? - Get_AllLab_List : MethodFinish
INFO  2022-06-15 10:26:56,961 RoleDataService::? - Get_Role_List : MethodStart
INFO  2022-06-15 10:26:57,087 RoleDataService::? - Get_Role_List : MethodFinish
INFO  2022-06-15 10:26:59,923 LabDataService::? - Get_AllLab_List : MethodStart
INFO  2022-06-15 10:27:00,035 LabDataService::? - Get_AllLab_List : MethodFinish
INFO  2022-06-15 10:29:12,347 ParameterService::? - Get_Parameter_List : MethodStart
INFO  2022-06-15 10:29:12,457 ParameterService::? - Get_Parameter_List : MethodFinish
INFO  2022-06-15 10:29:17,867 LabDataService::? - Get_AllLab_List : MethodStart
INFO  2022-06-15 10:29:17,980 LabDataService::? - Get_AllLab_List : MethodFinish
INFO  2022-06-15 10:29:18,052 RoleDataService::? - Get_Role_List : MethodStart
INFO  2022-06-15 10:29:18,163 RoleDataService::? - Get_Role_List : MethodFinish
INFO  2022-06-15 10:29:36,324 ParameterService::? - Get_Parameter_List : MethodStart
INFO  2022-06-15 10:29:36,439 ParameterService::? - Get_Parameter_List : MethodFinish
