INFO  2023-05-02 10:51:09,543 LabDataService::? - Get_AllLab_List : MethodStart
INFO  2023-05-02 10:51:12,181 LabDataService::? - Get_AllLab_List : MethodFinish
INFO  2023-05-02 10:51:12,298 RoleDataService::? - Get_Role_List : MethodStart
INFO  2023-05-02 10:51:12,613 RoleDataService::? - Get_Role_List : MethodFinish
INFO  2023-05-02 11:33:18,341 LabDataService::? - Get_AllLab_List : MethodStart
INFO  2023-05-02 11:33:19,533 LabDataService::? - Get_AllLab_List : MethodFinish
INFO  2023-05-02 11:33:19,641 RoleDataService::? - Get_Role_List : MethodStart
INFO  2023-05-02 11:33:19,890 RoleDataService::? - Get_Role_List : MethodFinish
INFO  2023-05-02 12:07:07,958 LabDataService::? - Get_AllLab_List : MethodStart
INFO  2023-05-02 12:07:08,991 LabDataService::? - Get_AllLab_List : MethodFinish
INFO  2023-05-02 12:07:09,093 RoleDataService::? - Get_Role_List : MethodStart
INFO  2023-05-02 12:07:09,340 RoleDataService::? - Get_Role_List : MethodFinish
INFO  2023-05-02 12:09:54,866 LabDataService::? - Get_AllLab_List : MethodStart
INFO  2023-05-02 12:09:55,793 LabDataService::? - Get_AllLab_List : MethodFinish
INFO  2023-05-02 12:09:55,896 RoleDataService::? - Get_Role_List : MethodStart
INFO  2023-05-02 12:09:56,142 RoleDataService::? - Get_Role_List : MethodFinish
INFO  2023-05-02 12:14:09,093 LabDataService::? - Get_AllLab_List : MethodStart
INFO  2023-05-02 12:14:09,978 LabDataService::? - Get_AllLab_List : MethodFinish
INFO  2023-05-02 12:14:10,069 RoleDataService::? - Get_Role_List : MethodStart
INFO  2023-05-02 12:14:10,304 RoleDataService::? - Get_Role_List : MethodFinish
INFO  2023-05-02 12:18:20,685 LabDataService::? - Get_AllLab_List : MethodStart
INFO  2023-05-02 12:18:21,679 LabDataService::? - Get_AllLab_List : MethodFinish
INFO  2023-05-02 12:18:21,826 RoleDataService::? - Get_Role_List : MethodStart
INFO  2023-05-02 12:18:22,081 RoleDataService::? - Get_Role_List : MethodFinish
INFO  2023-05-02 12:20:10,308 LabDataService::? - Get_AllLab_List : MethodStart
INFO  2023-05-02 12:20:10,437 LabDataService::? - Get_AllLab_List : MethodFinish
INFO  2023-05-02 12:20:10,566 RoleDataService::? - Get_Role_List : MethodStart
INFO  2023-05-02 12:20:10,663 RoleDataService::? - Get_Role_List : MethodFinish
INFO  2023-05-02 12:20:19,570 LabDataService::? - Get_AllLab_List : MethodStart
INFO  2023-05-02 12:20:19,680 LabDataService::? - Get_AllLab_List : MethodFinish
INFO  2023-05-02 12:20:21,505 LabDataService::? - Get_AllLab_List : MethodStart
INFO  2023-05-02 12:20:21,606 LabDataService::? - Get_AllLab_List : MethodFinish
INFO  2023-05-02 12:20:21,705 RoleDataService::? - Get_Role_List : MethodStart
INFO  2023-05-02 12:20:21,800 RoleDataService::? - Get_Role_List : MethodFinish
INFO  2023-05-02 12:20:24,197 ProvinceDataService::? - Get_Province_List : MethodStart
INFO  2023-05-02 12:20:24,306 ProvinceDataService::? - Get_Province_List : MethodFinish
INFO  2023-05-02 12:20:31,105 ParameterService::? - Get_Parameter_List : MethodStart
INFO  2023-05-02 12:20:31,221 ParameterService::? - Get_Parameter_List : MethodFinish
INFO  2023-05-02 12:20:31,329 LabDataService::? - Get_AllLab_List : MethodStart
INFO  2023-05-02 12:20:31,427 LabDataService::? - Get_AllLab_List : MethodFinish
INFO  2023-05-02 12:20:53,146 LabDataService::? - Get_AllLab_List : MethodStart
INFO  2023-05-02 12:20:53,246 LabDataService::? - Get_AllLab_List : MethodFinish
INFO  2023-05-02 12:20:53,358 RoleDataService::? - Get_Role_List : MethodStart
INFO  2023-05-02 12:20:53,457 RoleDataService::? - Get_Role_List : MethodFinish
INFO  2023-05-02 12:28:18,428 LabDataService::? - Get_AllLab_List : MethodStart
INFO  2023-05-02 12:28:19,422 LabDataService::? - Get_AllLab_List : MethodFinish
INFO  2023-05-02 12:28:19,522 RoleDataService::? - Get_Role_List : MethodStart
INFO  2023-05-02 12:28:19,767 RoleDataService::? - Get_Role_List : MethodFinish
INFO  2023-05-02 14:46:29,685 LabDataService::? - Get_AllLab_List : MethodStart
INFO  2023-05-02 14:46:30,738 LabDataService::? - Get_AllLab_List : MethodFinish
INFO  2023-05-02 14:46:30,833 RoleDataService::? - Get_Role_List : MethodStart
INFO  2023-05-02 14:46:31,082 RoleDataService::? - Get_Role_List : MethodFinish
INFO  2023-05-02 14:50:17,149 LabDataService::? - Get_AllLab_List : MethodStart
INFO  2023-05-02 14:50:18,020 LabDataService::? - Get_AllLab_List : MethodFinish
INFO  2023-05-02 14:50:18,120 RoleDataService::? - Get_Role_List : MethodStart
INFO  2023-05-02 14:50:18,371 RoleDataService::? - Get_Role_List : MethodFinish
INFO  2023-05-02 15:13:09,320 LabDataService::? - Get_AllLab_List : MethodStart
INFO  2023-05-02 15:13:10,162 LabDataService::? - Get_AllLab_List : MethodFinish
INFO  2023-05-02 15:13:10,260 RoleDataService::? - Get_Role_List : MethodStart
INFO  2023-05-02 15:13:10,510 RoleDataService::? - Get_Role_List : MethodFinish
INFO  2023-05-02 15:24:42,779 LabDataService::? - Get_AllLab_List : MethodStart
INFO  2023-05-02 15:24:43,663 LabDataService::? - Get_AllLab_List : MethodFinish
INFO  2023-05-02 15:24:43,777 RoleDataService::? - Get_Role_List : MethodStart
INFO  2023-05-02 15:24:44,035 RoleDataService::? - Get_Role_List : MethodFinish
INFO  2023-05-02 15:34:04,982 LabDataService::? - Get_AllLab_List : MethodStart
INFO  2023-05-02 15:34:05,821 LabDataService::? - Get_AllLab_List : MethodFinish
INFO  2023-05-02 15:34:05,915 RoleDataService::? - Get_Role_List : MethodStart
INFO  2023-05-02 15:34:06,188 RoleDataService::? - Get_Role_List : MethodFinish
INFO  2023-05-02 15:34:07,706 LabDataService::? - Get_AllLab_List : MethodStart
INFO  2023-05-02 15:34:07,845 LabDataService::? - Get_AllLab_List : MethodFinish
INFO  2023-05-02 15:34:07,934 RoleDataService::? - Get_Role_List : MethodStart
INFO  2023-05-02 15:34:08,039 RoleDataService::? - Get_Role_List : MethodFinish
INFO  2023-05-02 15:36:02,519 LabDataService::? - Get_AllLab_List : MethodStart
INFO  2023-05-02 15:36:03,361 LabDataService::? - Get_AllLab_List : MethodFinish
INFO  2023-05-02 15:36:03,457 RoleDataService::? - Get_Role_List : MethodStart
INFO  2023-05-02 15:36:03,719 RoleDataService::? - Get_Role_List : MethodFinish
INFO  2023-05-02 15:38:42,979 LabDataService::? - Get_AllLab_List : MethodStart
INFO  2023-05-02 15:38:43,819 LabDataService::? - Get_AllLab_List : MethodFinish
INFO  2023-05-02 15:38:43,914 RoleDataService::? - Get_Role_List : MethodStart
INFO  2023-05-02 15:38:44,172 RoleDataService::? - Get_Role_List : MethodFinish
INFO  2023-05-02 16:05:56,078 LabDataService::? - Get_AllLab_List : MethodStart
INFO  2023-05-02 16:05:57,039 LabDataService::? - Get_AllLab_List : MethodFinish
INFO  2023-05-02 16:05:57,150 RoleDataService::? - Get_Role_List : MethodStart
INFO  2023-05-02 16:05:57,419 RoleDataService::? - Get_Role_List : MethodFinish
INFO  2023-05-02 16:09:04,291 LabDataService::? - Get_AllLab_List : MethodStart
INFO  2023-05-02 16:09:05,214 LabDataService::? - Get_AllLab_List : MethodFinish
INFO  2023-05-02 16:09:05,327 RoleDataService::? - Get_Role_List : MethodStart
INFO  2023-05-02 16:09:05,624 RoleDataService::? - Get_Role_List : MethodFinish
INFO  2023-05-02 16:11:34,549 LabDataService::? - Get_AllLab_List : MethodStart
INFO  2023-05-02 16:11:35,369 LabDataService::? - Get_AllLab_List : MethodFinish
INFO  2023-05-02 16:11:35,473 RoleDataService::? - Get_Role_List : MethodStart
INFO  2023-05-02 16:11:35,777 RoleDataService::? - Get_Role_List : MethodFinish
INFO  2023-05-02 16:14:32,766 LabDataService::? - Get_AllLab_List : MethodStart
INFO  2023-05-02 16:14:33,749 LabDataService::? - Get_AllLab_List : MethodFinish
INFO  2023-05-02 16:14:33,862 RoleDataService::? - Get_Role_List : MethodStart
INFO  2023-05-02 16:14:34,117 RoleDataService::? - Get_Role_List : MethodFinish
INFO  2023-05-02 16:21:42,445 LabDataService::? - Get_AllLab_List : MethodStart
INFO  2023-05-02 16:21:43,358 LabDataService::? - Get_AllLab_List : MethodFinish
INFO  2023-05-02 16:21:43,464 RoleDataService::? - Get_Role_List : MethodStart
INFO  2023-05-02 16:21:43,728 RoleDataService::? - Get_Role_List : MethodFinish
INFO  2023-05-02 16:29:26,512 LabDataService::? - Get_AllLab_List : MethodStart
INFO  2023-05-02 16:29:27,807 LabDataService::? - Get_AllLab_List : MethodFinish
INFO  2023-05-02 16:29:27,957 RoleDataService::? - Get_Role_List : MethodStart
INFO  2023-05-02 16:29:28,239 RoleDataService::? - Get_Role_List : MethodFinish
INFO  2023-05-02 16:31:18,272 LabDataService::? - Get_AllLab_List : MethodStart
INFO  2023-05-02 16:31:19,274 LabDataService::? - Get_AllLab_List : MethodFinish
INFO  2023-05-02 16:31:19,396 RoleDataService::? - Get_Role_List : MethodStart
INFO  2023-05-02 16:31:19,656 RoleDataService::? - Get_Role_List : MethodFinish
INFO  2023-05-02 16:40:55,290 LabDataService::? - Get_AllLab_List : MethodStart
INFO  2023-05-02 16:40:56,190 LabDataService::? - Get_AllLab_List : MethodFinish
INFO  2023-05-02 16:40:56,292 RoleDataService::? - Get_Role_List : MethodStart
INFO  2023-05-02 16:40:56,550 RoleDataService::? - Get_Role_List : MethodFinish
INFO  2023-05-02 16:44:49,911 LabDataService::? - Get_AllLab_List : MethodStart
INFO  2023-05-02 16:44:52,272 LabDataService::? - Get_AllLab_List : MethodFinish
INFO  2023-05-02 16:44:52,361 RoleDataService::? - Get_Role_List : MethodStart
INFO  2023-05-02 16:44:52,607 RoleDataService::? - Get_Role_List : MethodFinish
INFO  2023-05-02 16:50:35,655 LabDataService::? - Get_AllLab_List : MethodStart
INFO  2023-05-02 16:50:36,504 LabDataService::? - Get_AllLab_List : MethodFinish
INFO  2023-05-02 16:50:36,595 RoleDataService::? - Get_Role_List : MethodStart
INFO  2023-05-02 16:50:36,850 RoleDataService::? - Get_Role_List : MethodFinish
INFO  2023-05-02 16:56:05,995 LabDataService::? - Get_AllLab_List : MethodStart
INFO  2023-05-02 16:56:06,922 LabDataService::? - Get_AllLab_List : MethodFinish
INFO  2023-05-02 16:56:07,039 RoleDataService::? - Get_Role_List : MethodStart
INFO  2023-05-02 16:56:07,310 RoleDataService::? - Get_Role_List : MethodFinish
INFO  2023-05-02 16:57:43,869 ProvinceDataService::? - Get_Province_List : MethodStart
INFO  2023-05-02 16:57:44,003 ProvinceDataService::? - Get_Province_List : MethodFinish
INFO  2023-05-02 17:06:58,312 LabDataService::? - Get_AllLab_List : MethodStart
INFO  2023-05-02 17:06:58,554 LabDataService::? - Get_AllLab_List : MethodFinish
INFO  2023-05-02 17:06:58,642 RoleDataService::? - Get_Role_List : MethodStart
INFO  2023-05-02 17:06:58,872 RoleDataService::? - Get_Role_List : MethodFinish
INFO  2023-05-02 17:35:03,060 LabDataService::? - Get_AllLab_List : MethodStart
INFO  2023-05-02 17:35:03,951 LabDataService::? - Get_AllLab_List : MethodFinish
INFO  2023-05-02 17:35:04,043 RoleDataService::? - Get_Role_List : MethodStart
INFO  2023-05-02 17:35:04,332 RoleDataService::? - Get_Role_List : MethodFinish
INFO  2023-05-02 17:37:05,267 LabDataService::? - Get_AllLab_List : MethodStart
INFO  2023-05-02 17:37:06,102 LabDataService::? - Get_AllLab_List : MethodFinish
INFO  2023-05-02 17:37:06,196 RoleDataService::? - Get_Role_List : MethodStart
INFO  2023-05-02 17:37:06,448 RoleDataService::? - Get_Role_List : MethodFinish
INFO  2023-05-02 17:41:17,445 LabDataService::? - Get_AllLab_List : MethodStart
INFO  2023-05-02 17:41:18,404 LabDataService::? - Get_AllLab_List : MethodFinish
INFO  2023-05-02 17:41:18,504 RoleDataService::? - Get_Role_List : MethodStart
INFO  2023-05-02 17:41:18,754 RoleDataService::? - Get_Role_List : MethodFinish
INFO  2023-05-02 17:43:14,402 LabDataService::? - Get_AllLab_List : MethodStart
INFO  2023-05-02 17:43:15,356 LabDataService::? - Get_AllLab_List : MethodFinish
INFO  2023-05-02 17:43:15,467 RoleDataService::? - Get_Role_List : MethodStart
INFO  2023-05-02 17:43:15,711 RoleDataService::? - Get_Role_List : MethodFinish
INFO  2023-05-02 17:48:27,956 LabDataService::? - Get_AllLab_List : MethodStart
INFO  2023-05-02 17:48:28,865 LabDataService::? - Get_AllLab_List : MethodFinish
INFO  2023-05-02 17:48:28,985 RoleDataService::? - Get_Role_List : MethodStart
INFO  2023-05-02 17:48:29,241 RoleDataService::? - Get_Role_List : MethodFinish
INFO  2023-05-02 17:50:13,103 LabDataService::? - Get_AllLab_List : MethodStart
INFO  2023-05-02 17:50:14,119 LabDataService::? - Get_AllLab_List : MethodFinish
INFO  2023-05-02 17:50:14,220 RoleDataService::? - Get_Role_List : MethodStart
INFO  2023-05-02 17:50:14,476 RoleDataService::? - Get_Role_List : MethodFinish
INFO  2023-05-02 17:52:14,128 LabDataService::? - Get_AllLab_List : MethodStart
INFO  2023-05-02 17:52:15,079 LabDataService::? - Get_AllLab_List : MethodFinish
INFO  2023-05-02 17:52:15,177 RoleDataService::? - Get_Role_List : MethodStart
INFO  2023-05-02 17:52:15,435 RoleDataService::? - Get_Role_List : MethodFinish
INFO  2023-05-02 17:52:32,744 LabDataService::? - Get_AllLab_List : MethodStart
INFO  2023-05-02 17:52:32,871 LabDataService::? - Get_AllLab_List : MethodFinish
INFO  2023-05-02 17:52:32,935 RoleDataService::? - Get_Role_List : MethodStart
INFO  2023-05-02 17:52:33,036 RoleDataService::? - Get_Role_List : MethodFinish
INFO  2023-05-02 17:55:34,676 LabDataService::? - Get_AllLab_List : MethodStart
INFO  2023-05-02 17:55:35,534 LabDataService::? - Get_AllLab_List : MethodFinish
INFO  2023-05-02 17:55:35,639 RoleDataService::? - Get_Role_List : MethodStart
INFO  2023-05-02 17:55:35,897 RoleDataService::? - Get_Role_List : MethodFinish
INFO  2023-05-02 17:57:50,399 LabDataService::? - Get_AllLab_List : MethodStart
INFO  2023-05-02 17:57:51,352 LabDataService::? - Get_AllLab_List : MethodFinish
INFO  2023-05-02 17:57:51,461 RoleDataService::? - Get_Role_List : MethodStart
INFO  2023-05-02 17:57:51,758 RoleDataService::? - Get_Role_List : MethodFinish
INFO  2023-05-02 18:02:36,790 LabDataService::? - Get_AllLab_List : MethodStart
INFO  2023-05-02 18:02:37,706 LabDataService::? - Get_AllLab_List : MethodFinish
INFO  2023-05-02 18:02:37,816 RoleDataService::? - Get_Role_List : MethodStart
INFO  2023-05-02 18:02:38,063 RoleDataService::? - Get_Role_List : MethodFinish
INFO  2023-05-02 18:04:40,668 LabDataService::? - Get_AllLab_List : MethodStart
INFO  2023-05-02 18:04:41,594 LabDataService::? - Get_AllLab_List : MethodFinish
INFO  2023-05-02 18:04:41,692 RoleDataService::? - Get_Role_List : MethodStart
INFO  2023-05-02 18:04:41,944 RoleDataService::? - Get_Role_List : MethodFinish
