INFO  2023-05-25 09:08:18,503 LabDataService::? - Get_AllLab_List : MethodStart
INFO  2023-05-25 09:08:19,678 LabDataService::? - Get_AllLab_List : MethodFinish
INFO  2023-05-25 09:08:19,790 RoleDataService::? - Get_Role_List : MethodStart
INFO  2023-05-25 09:08:20,106 RoleDataService::? - Get_Role_List : MethodFinish
INFO  2023-05-25 09:08:34,487 LabDataService::? - Get_AllLab_List : MethodStart
INFO  2023-05-25 09:08:34,632 LabDataService::? - Get_AllLab_List : MethodFinish
INFO  2023-05-25 09:08:39,005 LabDataService::? - Get_AllLab_List : MethodStart
INFO  2023-05-25 09:08:39,169 LabDataService::? - Get_AllLab_List : MethodFinish
INFO  2023-05-25 09:08:39,254 RoleDataService::? - Get_Role_List : MethodStart
INFO  2023-05-25 09:08:39,360 RoleDataService::? - Get_Role_List : MethodFinish
INFO  2023-05-25 17:11:10,924 RoleDataService::? - Get_Role_List : MethodStart
INFO  2023-05-25 17:11:12,089 RoleDataService::? - Get_Role_List : MethodFinish
INFO  2023-05-25 17:14:19,919 LabDataService::? - Get_AllLab_List : MethodStart
INFO  2023-05-25 17:14:20,903 LabDataService::? - Get_AllLab_List : MethodFinish
INFO  2023-05-25 17:14:21,009 RoleDataService::? - Get_Role_List : MethodStart
INFO  2023-05-25 17:14:21,405 RoleDataService::? - Get_Role_List : MethodFinish
INFO  2023-05-25 17:14:21,488 ParameterService::? - Get_Parameter_List : MethodStart
INFO  2023-05-25 17:14:21,651 ParameterService::? - Get_Parameter_List : MethodFinish
INFO  2023-05-25 17:14:24,048 LabDataService::? - Get_AllLab_List : MethodStart
INFO  2023-05-25 17:14:24,197 LabDataService::? - Get_AllLab_List : MethodFinish
INFO  2023-05-25 17:14:24,290 RoleDataService::? - Get_Role_List : MethodStart
INFO  2023-05-25 17:14:24,396 RoleDataService::? - Get_Role_List : MethodFinish
INFO  2023-05-25 17:14:24,485 ParameterService::? - Get_Parameter_List : MethodStart
INFO  2023-05-25 17:14:24,605 ParameterService::? - Get_Parameter_List : MethodFinish
INFO  2023-05-25 17:14:37,932 RoleDataService::? - Get_Role_List : MethodStart
INFO  2023-05-25 17:14:38,101 RoleDataService::? - Get_Role_List : MethodFinish
INFO  2023-05-25 17:17:29,752 RoleDataService::? - Get_Role_List : MethodStart
INFO  2023-05-25 17:17:30,651 RoleDataService::? - Get_Role_List : MethodFinish
INFO  2023-05-25 17:18:43,872 RoleDataService::? - Get_Role_List : MethodStart
INFO  2023-05-25 17:18:44,012 RoleDataService::? - Get_Role_List : MethodFinish
INFO  2023-05-25 17:23:09,657 RoleDataService::? - Get_Role_List : MethodStart
INFO  2023-05-25 17:23:10,630 RoleDataService::? - Get_Role_List : MethodFinish
