INFO  2021-09-07 09:46:39,371 LabDataService::? - Get_AllLab_List : MethodStart
INFO  2021-09-07 09:46:43,203 LabDataService::? - Get_AllLab_List : MethodFinish
INFO  2021-09-07 09:46:43,407 RoleDataService::? - Get_Role_List : MethodStart
INFO  2021-09-07 09:46:43,808 RoleDataService::? - Get_Role_List : MethodFinish
INFO  2021-09-07 09:52:30,332 ParameterService::? - Get_Parameter_List : MethodStart
INFO  2021-09-07 09:52:30,524 ParameterService::? - Get_Parameter_List : MethodFinish
INFO  2021-09-07 09:52:46,170 ParameterService::? - Get_Parameter_List : MethodStart
INFO  2021-09-07 09:52:46,282 ParameterService::? - Get_Parameter_List : MethodFinish
INFO  2021-09-07 10:42:44,176 LabDataService::? - Get_AllLab_List : MethodStart
INFO  2021-09-07 10:42:45,300 LabDataService::? - Get_AllLab_List : MethodFinish
INFO  2021-09-07 10:42:45,403 RoleDataService::? - Get_Role_List : MethodStart
INFO  2021-09-07 10:42:45,698 RoleDataService::? - Get_Role_List : MethodFinish
INFO  2021-09-07 10:43:06,736 ParameterService::? - Get_Parameter_List : MethodStart
INFO  2021-09-07 10:43:06,881 ParameterService::? - Get_Parameter_List : MethodFinish
INFO  2021-09-07 10:43:14,894 ParameterService::? - Get_Parameter_List : MethodStart
INFO  2021-09-07 10:43:14,992 ParameterService::? - Get_Parameter_List : MethodFinish
INFO  2021-09-07 11:23:32,260 ParameterService::? - Get_Parameter_List : MethodStart
INFO  2021-09-07 11:23:33,312 ParameterService::? - Get_Parameter_List : MethodFinish
INFO  2021-09-07 11:23:33,370 LabDataService::? - Get_AllLab_List : MethodStart
INFO  2021-09-07 11:23:33,507 LabDataService::? - Get_AllLab_List : MethodFinish
INFO  2021-09-07 11:47:07,708 ParameterService::? - Get_Parameter_List : MethodStart
INFO  2021-09-07 11:47:08,925 ParameterService::? - Get_Parameter_List : MethodFinish
