INFO  2022-04-05 15:22:18,284 LabDataService::? - Get_AllLab_List : MethodStart
INFO  2022-04-05 15:22:22,293 LabDataService::? - Get_AllLab_List : MethodFinish
INFO  2022-04-05 15:22:22,467 ParameterService::? - Get_Parameter_List : MethodStart
INFO  2022-04-05 15:22:22,663 ParameterService::? - Get_Parameter_List : MethodFinish
INFO  2022-04-05 15:24:17,950 ParameterService::? - Get_Parameter_List : MethodStart
INFO  2022-04-05 15:24:18,124 ParameterService::? - Get_Parameter_List : MethodFinish
INFO  2022-04-05 15:24:18,400 LabDataService::? - Get_AllLab_List : MethodStart
INFO  2022-04-05 15:24:18,589 LabDataService::? - Get_AllLab_List : MethodFinish
INFO  2022-04-05 15:24:36,155 LabDataService::? - Get_AllLab_List : MethodStart
INFO  2022-04-05 15:24:36,272 LabDataService::? - Get_AllLab_List : MethodFinish
INFO  2022-04-05 15:24:36,304 ParameterService::? - Get_Parameter_List : MethodStart
INFO  2022-04-05 15:24:36,407 ParameterService::? - Get_Parameter_List : MethodFinish
INFO  2022-04-05 15:24:50,035 ParameterService::? - Get_Parameter_List : MethodStart
INFO  2022-04-05 15:24:50,176 ParameterService::? - Get_Parameter_List : MethodFinish
INFO  2022-04-05 15:24:50,342 LabDataService::? - Get_AllLab_List : MethodStart
INFO  2022-04-05 15:24:50,480 LabDataService::? - Get_AllLab_List : MethodFinish
INFO  2022-04-05 15:25:23,646 LabDataService::? - Get_AllLab_List : MethodStart
INFO  2022-04-05 15:25:23,821 LabDataService::? - Get_AllLab_List : MethodFinish
INFO  2022-04-05 15:25:23,861 ParameterService::? - Get_Parameter_List : MethodStart
INFO  2022-04-05 15:25:24,013 ParameterService::? - Get_Parameter_List : MethodFinish
INFO  2022-04-05 15:26:51,064 ParameterService::? - Get_Parameter_List : MethodStart
INFO  2022-04-05 15:26:51,207 ParameterService::? - Get_Parameter_List : MethodFinish
INFO  2022-04-05 15:26:51,498 LabDataService::? - Get_AllLab_List : MethodStart
INFO  2022-04-05 15:26:51,650 LabDataService::? - Get_AllLab_List : MethodFinish
INFO  2022-04-05 15:27:21,145 LabDataService::? - Get_AllLab_List : MethodStart
INFO  2022-04-05 15:27:21,260 LabDataService::? - Get_AllLab_List : MethodFinish
INFO  2022-04-05 15:27:21,310 ParameterService::? - Get_Parameter_List : MethodStart
INFO  2022-04-05 15:27:21,413 ParameterService::? - Get_Parameter_List : MethodFinish
INFO  2022-04-05 16:50:09,371 LabDataService::? - Get_AllLab_List : MethodStart
INFO  2022-04-05 16:50:10,736 LabDataService::? - Get_AllLab_List : MethodFinish
INFO  2022-04-05 16:50:10,812 RoleDataService::? - Get_Role_List : MethodStart
INFO  2022-04-05 16:50:11,088 RoleDataService::? - Get_Role_List : MethodFinish
INFO  2022-04-05 17:02:18,171 LabDataService::? - Get_AllLab_List : MethodStart
INFO  2022-04-05 17:02:18,512 LabDataService::? - Get_AllLab_List : MethodFinish
INFO  2022-04-05 17:02:18,542 RoleDataService::? - Get_Role_List : MethodStart
INFO  2022-04-05 17:02:18,807 RoleDataService::? - Get_Role_List : MethodFinish
INFO  2022-04-05 17:03:51,304 LabDataService::? - Get_AllLab_List : MethodStart
INFO  2022-04-05 17:03:51,424 LabDataService::? - Get_AllLab_List : MethodFinish
INFO  2022-04-05 17:03:51,489 ParameterService::? - Get_Parameter_List : MethodStart
INFO  2022-04-05 17:03:51,624 ParameterService::? - Get_Parameter_List : MethodFinish
INFO  2022-04-05 17:06:12,781 ParameterService::? - Get_Parameter_List : MethodStart
INFO  2022-04-05 17:06:12,893 ParameterService::? - Get_Parameter_List : MethodFinish
INFO  2022-04-05 17:06:13,239 LabDataService::? - Get_AllLab_List : MethodStart
INFO  2022-04-05 17:06:13,348 LabDataService::? - Get_AllLab_List : MethodFinish
INFO  2022-04-05 17:06:30,420 LabDataService::? - Get_AllLab_List : MethodStart
INFO  2022-04-05 17:06:30,549 LabDataService::? - Get_AllLab_List : MethodFinish
INFO  2022-04-05 17:06:30,574 ParameterService::? - Get_Parameter_List : MethodStart
INFO  2022-04-05 17:06:30,696 ParameterService::? - Get_Parameter_List : MethodFinish
INFO  2022-04-05 17:06:36,167 ParameterService::? - Get_Parameter_List : MethodStart
INFO  2022-04-05 17:06:36,290 ParameterService::? - Get_Parameter_List : MethodFinish
INFO  2022-04-05 17:06:36,446 LabDataService::? - Get_AllLab_List : MethodStart
INFO  2022-04-05 17:06:36,586 LabDataService::? - Get_AllLab_List : MethodFinish
INFO  2022-04-05 17:06:50,499 LabDataService::? - Get_AllLab_List : MethodStart
INFO  2022-04-05 17:06:50,619 LabDataService::? - Get_AllLab_List : MethodFinish
INFO  2022-04-05 17:06:50,647 ParameterService::? - Get_Parameter_List : MethodStart
INFO  2022-04-05 17:06:50,759 ParameterService::? - Get_Parameter_List : MethodFinish
INFO  2022-04-05 17:06:58,469 ParameterService::? - Get_Parameter_List : MethodStart
INFO  2022-04-05 17:06:58,577 ParameterService::? - Get_Parameter_List : MethodFinish
INFO  2022-04-05 17:06:58,736 LabDataService::? - Get_AllLab_List : MethodStart
INFO  2022-04-05 17:06:58,847 LabDataService::? - Get_AllLab_List : MethodFinish
INFO  2022-04-05 17:07:12,146 LabDataService::? - Get_AllLab_List : MethodStart
INFO  2022-04-05 17:07:12,259 LabDataService::? - Get_AllLab_List : MethodFinish
INFO  2022-04-05 17:07:12,280 ParameterService::? - Get_Parameter_List : MethodStart
INFO  2022-04-05 17:07:12,384 ParameterService::? - Get_Parameter_List : MethodFinish
