INFO  2021-09-28 11:39:52,329 ParameterService::? - Get_Parameter_List : MethodStart
INFO  2021-09-28 11:39:54,018 ParameterService::? - Get_Parameter_List : MethodFinish
INFO  2021-09-28 11:40:33,799 ParameterService::? - Get_Parameter_List : MethodStart
INFO  2021-09-28 11:40:33,831 ParameterService::? - Get_Parameter_List : MethodFinish
INFO  2021-09-28 11:52:49,531 LabDataService::? - Get_AllLab_List : MethodStart
INFO  2021-09-28 11:52:50,733 LabDataService::? - Get_AllLab_List : MethodFinish
INFO  2021-09-28 11:52:50,816 RoleDataService::? - Get_Role_List : MethodStart
INFO  2021-09-28 11:52:50,877 RoleDataService::? - Get_Role_List : MethodFinish
INFO  2021-09-28 16:01:04,526 ParameterService::? - Get_Parameter_List : MethodStart
INFO  2021-09-28 16:01:06,459 ParameterService::? - Get_Parameter_List : MethodFinish
INFO  2021-09-28 16:05:42,300 ParameterService::? - Get_Parameter_List : MethodStart
INFO  2021-09-28 16:05:42,344 ParameterService::? - Get_Parameter_List : MethodFinish
INFO  2021-09-28 16:06:59,994 ParameterService::? - Get_Parameter_List : MethodStart
INFO  2021-09-28 16:07:00,148 ParameterService::? - Get_Parameter_List : MethodFinish
INFO  2021-09-28 16:07:48,548 ParameterService::? - Get_Parameter_List : MethodStart
INFO  2021-09-28 16:07:48,615 ParameterService::? - Get_Parameter_List : MethodFinish
INFO  2021-09-28 16:08:56,293 ParameterService::? - Get_Parameter_List : MethodStart
INFO  2021-09-28 16:08:56,321 ParameterService::? - Get_Parameter_List : MethodFinish
INFO  2021-09-28 16:18:24,559 LabDataService::? - Get_AllLab_List : MethodStart
INFO  2021-09-28 16:18:24,608 LabDataService::? - Get_AllLab_List : MethodFinish
INFO  2021-09-28 16:18:24,696 RoleDataService::? - Get_Role_List : MethodStart
INFO  2021-09-28 16:18:24,743 RoleDataService::? - Get_Role_List : MethodFinish
INFO  2021-09-28 16:18:38,221 LabDataService::? - Get_AllLab_List : MethodStart
INFO  2021-09-28 16:18:38,259 LabDataService::? - Get_AllLab_List : MethodFinish
INFO  2021-09-28 16:36:00,774 LabDataService::? - Get_AllLab_List : MethodStart
INFO  2021-09-28 16:36:00,792 LabDataService::? - Get_AllLab_List : MethodFinish
INFO  2021-09-28 16:36:00,829 RoleDataService::? - Get_Role_List : MethodStart
INFO  2021-09-28 16:36:00,841 RoleDataService::? - Get_Role_List : MethodFinish
INFO  2021-09-28 16:37:43,001 LabDataService::? - Get_AllLab_List : MethodStart
INFO  2021-09-28 16:37:43,016 LabDataService::? - Get_AllLab_List : MethodFinish
INFO  2021-09-28 16:37:43,065 RoleDataService::? - Get_Role_List : MethodStart
INFO  2021-09-28 16:37:43,084 RoleDataService::? - Get_Role_List : MethodFinish
INFO  2021-09-28 16:59:54,764 LabDataService::? - Get_AllLab_List : MethodStart
INFO  2021-09-28 16:59:54,776 LabDataService::? - Get_AllLab_List : MethodFinish
INFO  2021-09-28 16:59:54,809 RoleDataService::? - Get_Role_List : MethodStart
INFO  2021-09-28 16:59:54,817 RoleDataService::? - Get_Role_List : MethodFinish
INFO  2021-09-28 21:44:43,238 LabDataService::? - Get_AllLab_List : MethodStart
INFO  2021-09-28 21:44:44,071 LabDataService::? - Get_AllLab_List : MethodFinish
INFO  2021-09-28 21:44:44,136 RoleDataService::? - Get_Role_List : MethodStart
INFO  2021-09-28 21:44:44,176 RoleDataService::? - Get_Role_List : MethodFinish
INFO  2021-09-28 21:46:28,122 ParameterService::? - Get_Parameter_List : MethodStart
INFO  2021-09-28 21:46:28,224 ParameterService::? - Get_Parameter_List : MethodFinish
INFO  2021-09-28 21:52:38,671 LabDataService::? - Get_AllLab_List : MethodStart
INFO  2021-09-28 21:52:39,817 LabDataService::? - Get_AllLab_List : MethodFinish
INFO  2021-09-28 21:52:39,880 RoleDataService::? - Get_Role_List : MethodStart
INFO  2021-09-28 21:52:40,168 RoleDataService::? - Get_Role_List : MethodFinish
INFO  2021-09-28 21:53:15,295 ParameterService::? - Get_Parameter_List : MethodStart
INFO  2021-09-28 21:53:15,456 ParameterService::? - Get_Parameter_List : MethodFinish
INFO  2021-09-28 21:53:25,123 ParameterService::? - Get_Parameter_List : MethodStart
INFO  2021-09-28 21:53:25,228 ParameterService::? - Get_Parameter_List : MethodFinish
