INFO  2022-06-10 14:47:41,089 LabDataService::? - Get_AllLab_List : MethodStart
INFO  2022-06-10 14:47:43,556 LabDataService::? - Get_AllLab_List : MethodFinish
INFO  2022-06-10 14:47:43,674 RoleDataService::? - Get_Role_List : MethodStart
INFO  2022-06-10 14:47:44,082 RoleDataService::? - Get_Role_List : MethodFinish
INFO  2022-06-10 14:48:14,692 LabDataService::? - Get_AllLab_List : MethodStart
INFO  2022-06-10 14:48:14,917 LabDataService::? - Get_AllLab_List : MethodFinish
INFO  2022-06-10 14:48:48,845 ProvinceDataService::? - Get_Province_List : MethodStart
INFO  2022-06-10 14:48:49,039 ProvinceDataService::? - Get_Province_List : MethodFinish
INFO  2022-06-10 14:49:43,111 LabDataService::? - Get_AllLab_List : MethodStart
INFO  2022-06-10 14:49:43,274 LabDataService::? - Get_AllLab_List : MethodFinish
INFO  2022-06-10 14:49:46,378 HospitalDataService::? - Get_TCHospital_List : MethodStart
INFO  2022-06-10 14:49:46,570 HospitalDataService::? - Get_TCHospital_List : MethodFinish
INFO  2022-06-10 14:50:36,047 LabDataService::? - Get_AllLab_List : MethodStart
INFO  2022-06-10 14:50:36,198 LabDataService::? - Get_AllLab_List : MethodFinish
INFO  2022-06-10 14:50:42,242 LabDataService::? - Get_AllLab_List : MethodStart
INFO  2022-06-10 14:50:42,387 LabDataService::? - Get_AllLab_List : MethodFinish
INFO  2022-06-10 14:50:42,450 RoleDataService::? - Get_Role_List : MethodStart
INFO  2022-06-10 14:50:42,585 RoleDataService::? - Get_Role_List : MethodFinish
INFO  2022-06-10 14:51:18,296 ParameterService::? - Get_Parameter_List : MethodStart
INFO  2022-06-10 14:51:18,475 ParameterService::? - Get_Parameter_List : MethodFinish
INFO  2022-06-10 14:51:30,944 ParameterService::? - Get_Parameter_List : MethodStart
INFO  2022-06-10 14:51:31,097 ParameterService::? - Get_Parameter_List : MethodFinish
INFO  2022-06-10 14:51:56,631 ParameterService::? - Get_Parameter_List : MethodStart
INFO  2022-06-10 14:51:56,783 ParameterService::? - Get_Parameter_List : MethodFinish
INFO  2022-06-10 14:51:57,647 ParameterService::? - Get_Parameter_List : MethodStart
INFO  2022-06-10 14:51:57,777 ParameterService::? - Get_Parameter_List : MethodFinish
