INFO  2023-05-09 11:02:30,011 LabDataService::? - Get_AllLab_List : MethodStart
INFO  2023-05-09 11:02:31,257 LabDataService::? - Get_AllLab_List : MethodFinish
INFO  2023-05-09 11:02:31,360 RoleDataService::? - Get_Role_List : MethodStart
INFO  2023-05-09 11:02:31,606 RoleDataService::? - Get_Role_List : MethodFinish
INFO  2023-05-09 11:03:10,632 LabDataService::? - Get_AllLab_List : MethodStart
INFO  2023-05-09 11:03:10,760 LabDataService::? - Get_AllLab_List : MethodFinish
INFO  2023-05-09 11:03:10,853 RoleDataService::? - Get_Role_List : MethodStart
INFO  2023-05-09 11:03:10,948 RoleDataService::? - Get_Role_List : MethodFinish
INFO  2023-05-09 11:13:09,929 ParameterService::? - Get_Parameter_List : MethodStart
INFO  2023-05-09 11:13:10,182 ParameterService::? - Get_Parameter_List : MethodFinish
INFO  2023-05-09 11:13:48,297 ParameterService::? - Get_Parameter_List : MethodStart
INFO  2023-05-09 11:13:48,398 ParameterService::? - Get_Parameter_List : MethodFinish
INFO  2023-05-09 11:56:53,775 LabDataService::? - Get_AllLab_List : MethodStart
INFO  2023-05-09 11:56:54,757 LabDataService::? - Get_AllLab_List : MethodFinish
INFO  2023-05-09 11:56:54,887 RoleDataService::? - Get_Role_List : MethodStart
INFO  2023-05-09 11:56:55,142 RoleDataService::? - Get_Role_List : MethodFinish
INFO  2023-05-09 11:57:24,371 ParameterService::? - Get_Parameter_List : MethodStart
INFO  2023-05-09 11:57:24,518 ParameterService::? - Get_Parameter_List : MethodFinish
INFO  2023-05-09 12:06:55,869 LabDataService::? - Get_AllLab_List : MethodStart
INFO  2023-05-09 12:06:56,834 LabDataService::? - Get_AllLab_List : MethodFinish
INFO  2023-05-09 12:06:56,967 RoleDataService::? - Get_Role_List : MethodStart
INFO  2023-05-09 12:06:57,226 RoleDataService::? - Get_Role_List : MethodFinish
INFO  2023-05-09 12:07:27,591 ParameterService::? - Get_Parameter_List : MethodStart
INFO  2023-05-09 12:07:27,727 ParameterService::? - Get_Parameter_List : MethodFinish
INFO  2023-05-09 12:08:06,369 ParameterService::? - Get_Parameter_List : MethodStart
INFO  2023-05-09 12:08:06,477 ParameterService::? - Get_Parameter_List : MethodFinish
INFO  2023-05-09 12:14:32,261 LabDataService::? - Get_AllLab_List : MethodStart
INFO  2023-05-09 12:14:33,150 LabDataService::? - Get_AllLab_List : MethodFinish
INFO  2023-05-09 12:14:33,251 RoleDataService::? - Get_Role_List : MethodStart
INFO  2023-05-09 12:14:33,501 RoleDataService::? - Get_Role_List : MethodFinish
INFO  2023-05-09 12:15:57,230 ParameterService::? - Get_Parameter_List : MethodStart
INFO  2023-05-09 12:15:57,362 ParameterService::? - Get_Parameter_List : MethodFinish
INFO  2023-05-09 12:18:42,279 LabDataService::? - Get_AllLab_List : MethodStart
INFO  2023-05-09 12:18:43,156 LabDataService::? - Get_AllLab_List : MethodFinish
INFO  2023-05-09 12:18:43,255 RoleDataService::? - Get_Role_List : MethodStart
INFO  2023-05-09 12:18:43,504 RoleDataService::? - Get_Role_List : MethodFinish
INFO  2023-05-09 12:19:38,416 ParameterService::? - Get_Parameter_List : MethodStart
INFO  2023-05-09 12:19:38,561 ParameterService::? - Get_Parameter_List : MethodFinish
INFO  2023-05-09 12:20:21,628 ParameterService::? - Get_Parameter_List : MethodStart
INFO  2023-05-09 12:20:21,742 ParameterService::? - Get_Parameter_List : MethodFinish
INFO  2023-05-09 12:26:02,873 LabDataService::? - Get_AllLab_List : MethodStart
INFO  2023-05-09 12:26:03,791 LabDataService::? - Get_AllLab_List : MethodFinish
INFO  2023-05-09 12:26:03,892 RoleDataService::? - Get_Role_List : MethodStart
INFO  2023-05-09 12:26:04,142 RoleDataService::? - Get_Role_List : MethodFinish
INFO  2023-05-09 12:26:37,194 ParameterService::? - Get_Parameter_List : MethodStart
INFO  2023-05-09 12:26:37,330 ParameterService::? - Get_Parameter_List : MethodFinish
INFO  2023-05-09 12:34:53,304 LabDataService::? - Get_AllLab_List : MethodStart
INFO  2023-05-09 12:34:54,250 LabDataService::? - Get_AllLab_List : MethodFinish
INFO  2023-05-09 12:34:54,367 RoleDataService::? - Get_Role_List : MethodStart
INFO  2023-05-09 12:34:54,619 RoleDataService::? - Get_Role_List : MethodFinish
INFO  2023-05-09 12:35:23,015 ParameterService::? - Get_Parameter_List : MethodStart
INFO  2023-05-09 12:35:23,161 ParameterService::? - Get_Parameter_List : MethodFinish
INFO  2023-05-09 12:37:15,272 LabDataService::? - Get_AllLab_List : MethodStart
INFO  2023-05-09 12:37:16,186 LabDataService::? - Get_AllLab_List : MethodFinish
INFO  2023-05-09 12:37:16,309 RoleDataService::? - Get_Role_List : MethodStart
INFO  2023-05-09 12:37:16,569 RoleDataService::? - Get_Role_List : MethodFinish
INFO  2023-05-09 12:37:58,650 ParameterService::? - Get_Parameter_List : MethodStart
INFO  2023-05-09 12:37:58,806 ParameterService::? - Get_Parameter_List : MethodFinish
INFO  2023-05-09 12:40:32,812 ParameterService::? - Get_Parameter_List : MethodStart
INFO  2023-05-09 12:40:32,911 ParameterService::? - Get_Parameter_List : MethodFinish
INFO  2023-05-09 15:06:52,094 LabDataService::? - Get_AllLab_List : MethodStart
INFO  2023-05-09 15:06:53,147 LabDataService::? - Get_AllLab_List : MethodFinish
INFO  2023-05-09 15:06:53,247 RoleDataService::? - Get_Role_List : MethodStart
INFO  2023-05-09 15:06:53,511 RoleDataService::? - Get_Role_List : MethodFinish
INFO  2023-05-09 15:08:10,554 LabDataService::? - Get_AllLab_List : MethodStart
INFO  2023-05-09 15:08:11,541 LabDataService::? - Get_AllLab_List : MethodFinish
INFO  2023-05-09 15:08:11,648 RoleDataService::? - Get_Role_List : MethodStart
INFO  2023-05-09 15:08:11,901 RoleDataService::? - Get_Role_List : MethodFinish
INFO  2023-05-09 15:08:57,608 ParameterService::? - Get_Parameter_List : MethodStart
INFO  2023-05-09 15:08:57,746 ParameterService::? - Get_Parameter_List : MethodFinish
INFO  2023-05-09 15:11:05,017 LabDataService::? - Get_AllLab_List : MethodStart
INFO  2023-05-09 15:11:05,126 LabDataService::? - Get_AllLab_List : MethodFinish
INFO  2023-05-09 15:11:05,249 RoleDataService::? - Get_Role_List : MethodStart
INFO  2023-05-09 15:11:05,348 RoleDataService::? - Get_Role_List : MethodFinish
INFO  2023-05-09 15:11:08,489 LabDataService::? - Get_AllLab_List : MethodStart
INFO  2023-05-09 15:11:08,598 LabDataService::? - Get_AllLab_List : MethodFinish
INFO  2023-05-09 15:11:08,694 RoleDataService::? - Get_Role_List : MethodStart
INFO  2023-05-09 15:11:08,794 RoleDataService::? - Get_Role_List : MethodFinish
INFO  2023-05-09 15:11:18,113 LabDataService::? - Get_AllLab_List : MethodStart
INFO  2023-05-09 15:11:18,216 LabDataService::? - Get_AllLab_List : MethodFinish
INFO  2023-05-09 15:29:28,670 LabDataService::? - Get_AllLab_List : MethodStart
INFO  2023-05-09 15:29:28,911 LabDataService::? - Get_AllLab_List : MethodFinish
INFO  2023-05-09 15:29:28,999 RoleDataService::? - Get_Role_List : MethodStart
INFO  2023-05-09 15:29:29,219 RoleDataService::? - Get_Role_List : MethodFinish
INFO  2023-05-09 15:30:08,087 ParameterService::? - Get_Parameter_List : MethodStart
INFO  2023-05-09 15:30:08,186 ParameterService::? - Get_Parameter_List : MethodFinish
INFO  2023-05-09 15:34:02,005 ParameterService::? - Get_Parameter_List : MethodStart
INFO  2023-05-09 15:34:02,104 ParameterService::? - Get_Parameter_List : MethodFinish
INFO  2023-05-09 15:34:47,844 ParameterService::? - Get_Parameter_List : MethodStart
INFO  2023-05-09 15:34:47,943 ParameterService::? - Get_Parameter_List : MethodFinish
INFO  2023-05-09 15:37:22,798 LabDataService::? - Get_AllLab_List : MethodStart
INFO  2023-05-09 15:37:23,683 LabDataService::? - Get_AllLab_List : MethodFinish
INFO  2023-05-09 15:37:23,790 RoleDataService::? - Get_Role_List : MethodStart
INFO  2023-05-09 15:37:24,042 RoleDataService::? - Get_Role_List : MethodFinish
INFO  2023-05-09 15:38:13,765 ParameterService::? - Get_Parameter_List : MethodStart
INFO  2023-05-09 15:38:13,899 ParameterService::? - Get_Parameter_List : MethodFinish
INFO  2023-05-09 15:38:35,091 ParameterService::? - Get_Parameter_List : MethodStart
INFO  2023-05-09 15:38:35,192 ParameterService::? - Get_Parameter_List : MethodFinish
INFO  2023-05-09 15:43:53,646 LabDataService::? - Get_AllLab_List : MethodStart
INFO  2023-05-09 15:43:54,005 LabDataService::? - Get_AllLab_List : MethodFinish
INFO  2023-05-09 15:43:54,083 RoleDataService::? - Get_Role_List : MethodStart
INFO  2023-05-09 15:43:54,181 RoleDataService::? - Get_Role_List : MethodFinish
INFO  2023-05-09 15:44:10,521 ParameterService::? - Get_Parameter_List : MethodStart
INFO  2023-05-09 15:44:10,623 ParameterService::? - Get_Parameter_List : MethodFinish
