INFO  2021-10-29 10:46:36,093 ParameterService::? - Get_Parameter_List : MethodStart
INFO  2021-10-29 10:46:37,966 ParameterService::? - Get_Parameter_List : MethodFinish
INFO  2021-10-29 10:49:05,790 ParameterService::? - Get_Parameter_List : MethodStart
INFO  2021-10-29 10:49:05,918 ParameterService::? - Get_Parameter_List : MethodFinish
INFO  2021-10-29 13:10:04,111 LabDataService::? - Get_AllLab_List : MethodStart
INFO  2021-10-29 13:10:05,308 LabDataService::? - Get_AllLab_List : MethodFinish
INFO  2021-10-29 13:10:05,382 RoleDataService::? - Get_Role_List : MethodStart
INFO  2021-10-29 13:10:05,657 RoleDataService::? - Get_Role_List : MethodFinish
INFO  2021-10-29 13:11:00,482 ParameterService::? - Get_Parameter_List : MethodStart
INFO  2021-10-29 13:11:00,636 ParameterService::? - Get_Parameter_List : MethodFinish
INFO  2021-10-29 13:20:48,538 LabDataService::? - Get_AllLab_List : MethodStart
INFO  2021-10-29 13:20:48,865 LabDataService::? - Get_AllLab_List : MethodFinish
INFO  2021-10-29 13:20:48,931 RoleDataService::? - Get_Role_List : MethodStart
INFO  2021-10-29 13:20:49,235 RoleDataService::? - Get_Role_List : MethodFinish
INFO  2021-10-29 13:32:19,661 ParameterService::? - Get_Parameter_List : MethodStart
INFO  2021-10-29 13:32:19,968 ParameterService::? - Get_Parameter_List : MethodFinish
INFO  2021-10-29 13:42:28,161 ParameterService::? - Get_Parameter_List : MethodStart
INFO  2021-10-29 13:42:29,171 ParameterService::? - Get_Parameter_List : MethodFinish
INFO  2021-10-29 13:43:45,268 ParameterService::? - Get_Parameter_List : MethodStart
INFO  2021-10-29 13:43:45,372 ParameterService::? - Get_Parameter_List : MethodFinish
INFO  2021-10-29 14:06:03,875 ParameterService::? - Get_Parameter_List : MethodStart
INFO  2021-10-29 14:06:04,888 ParameterService::? - Get_Parameter_List : MethodFinish
INFO  2021-10-29 14:06:49,654 ParameterService::? - Get_Parameter_List : MethodStart
INFO  2021-10-29 14:06:49,766 ParameterService::? - Get_Parameter_List : MethodFinish
INFO  2021-10-29 14:12:35,610 ParameterService::? - Get_Parameter_List : MethodStart
INFO  2021-10-29 14:12:36,645 ParameterService::? - Get_Parameter_List : MethodFinish
INFO  2021-10-29 14:13:42,304 ParameterService::? - Get_Parameter_List : MethodStart
INFO  2021-10-29 14:13:42,425 ParameterService::? - Get_Parameter_List : MethodFinish
INFO  2021-10-29 14:14:25,499 ParameterService::? - Get_Parameter_List : MethodStart
INFO  2021-10-29 14:14:25,644 ParameterService::? - Get_Parameter_List : MethodFinish
INFO  2021-10-29 14:22:20,973 ParameterService::? - Get_Parameter_List : MethodStart
INFO  2021-10-29 14:22:22,273 ParameterService::? - Get_Parameter_List : MethodFinish
INFO  2021-10-29 14:23:33,528 ParameterService::? - Get_Parameter_List : MethodStart
INFO  2021-10-29 14:23:33,646 ParameterService::? - Get_Parameter_List : MethodFinish
INFO  2021-10-29 14:23:45,641 ParameterService::? - Get_Parameter_List : MethodStart
INFO  2021-10-29 14:23:45,788 ParameterService::? - Get_Parameter_List : MethodFinish
INFO  2021-10-29 14:24:36,851 ParameterService::? - Get_Parameter_List : MethodStart
INFO  2021-10-29 14:24:36,967 ParameterService::? - Get_Parameter_List : MethodFinish
INFO  2021-10-29 14:38:50,847 ParameterService::? - Get_Parameter_List : MethodStart
INFO  2021-10-29 14:38:51,317 ParameterService::? - Get_Parameter_List : MethodFinish
INFO  2021-10-29 14:39:25,951 ParameterService::? - Get_Parameter_List : MethodStart
INFO  2021-10-29 14:39:26,059 ParameterService::? - Get_Parameter_List : MethodFinish
INFO  2021-10-29 14:42:33,614 ParameterService::? - Get_Parameter_List : MethodStart
INFO  2021-10-29 14:42:33,727 ParameterService::? - Get_Parameter_List : MethodFinish
INFO  2021-10-29 14:57:30,219 ParameterService::? - Get_Parameter_List : MethodStart
INFO  2021-10-29 14:57:30,643 ParameterService::? - Get_Parameter_List : MethodFinish
INFO  2021-10-29 15:16:26,069 ParameterService::? - Get_Parameter_List : MethodStart
INFO  2021-10-29 15:16:26,323 ParameterService::? - Get_Parameter_List : MethodFinish
INFO  2021-10-29 15:28:17,014 ParameterService::? - Get_Parameter_List : MethodStart
INFO  2021-10-29 15:28:18,047 ParameterService::? - Get_Parameter_List : MethodFinish
INFO  2021-10-29 15:31:17,309 ParameterService::? - Get_Parameter_List : MethodStart
INFO  2021-10-29 15:31:17,432 ParameterService::? - Get_Parameter_List : MethodFinish
INFO  2021-10-29 15:32:36,884 ParameterService::? - Get_Parameter_List : MethodStart
INFO  2021-10-29 15:32:37,029 ParameterService::? - Get_Parameter_List : MethodFinish
INFO  2021-10-29 16:32:45,648 LabDataService::? - Get_AllLab_List : MethodStart
INFO  2021-10-29 16:32:46,720 LabDataService::? - Get_AllLab_List : MethodFinish
INFO  2021-10-29 16:33:01,471 ProvinceDataService::? - Get_Province_List : MethodStart
INFO  2021-10-29 16:33:01,621 ProvinceDataService::? - Get_Province_List : MethodFinish
INFO  2021-10-29 16:33:55,015 LabDataService::? - Get_AllLab_List : MethodStart
INFO  2021-10-29 16:33:55,156 LabDataService::? - Get_AllLab_List : MethodFinish
INFO  2021-10-29 16:33:58,302 HospitalDataService::? - Get_TCHospital_List : MethodStart
INFO  2021-10-29 16:33:58,452 HospitalDataService::? - Get_TCHospital_List : MethodFinish
INFO  2021-10-29 16:35:02,183 LabDataService::? - Get_AllLab_List : MethodStart
INFO  2021-10-29 16:35:02,298 LabDataService::? - Get_AllLab_List : MethodFinish
INFO  2021-10-29 16:36:06,549 LabDataService::? - Get_AllLab_List : MethodStart
INFO  2021-10-29 16:36:06,666 LabDataService::? - Get_AllLab_List : MethodFinish
INFO  2021-10-29 16:36:06,716 RoleDataService::? - Get_Role_List : MethodStart
INFO  2021-10-29 16:36:07,173 RoleDataService::? - Get_Role_List : MethodFinish
INFO  2021-10-29 16:36:36,319 LabDataService::? - Get_AllLab_List : MethodStart
INFO  2021-10-29 16:36:36,425 LabDataService::? - Get_AllLab_List : MethodFinish
INFO  2021-10-29 16:36:53,899 LabDataService::? - Get_AllLab_List : MethodStart
INFO  2021-10-29 16:36:54,009 LabDataService::? - Get_AllLab_List : MethodFinish
INFO  2021-10-29 16:36:54,046 RoleDataService::? - Get_Role_List : MethodStart
INFO  2021-10-29 16:36:54,147 RoleDataService::? - Get_Role_List : MethodFinish
INFO  2021-10-29 16:37:24,442 LabDataService::? - Get_AllLab_List : MethodStart
INFO  2021-10-29 16:37:24,588 LabDataService::? - Get_AllLab_List : MethodFinish
INFO  2021-10-29 16:55:40,360 ParameterService::? - Get_Parameter_List : MethodStart
INFO  2021-10-29 16:55:40,957 ParameterService::? - Get_Parameter_List : MethodFinish
INFO  2021-10-29 16:55:45,417 LabDataService::? - Get_AllLab_List : MethodStart
INFO  2021-10-29 16:55:45,531 LabDataService::? - Get_AllLab_List : MethodFinish
INFO  2021-10-29 16:55:45,569 RoleDataService::? - Get_Role_List : MethodStart
INFO  2021-10-29 16:55:45,812 RoleDataService::? - Get_Role_List : MethodFinish
INFO  2021-10-29 16:55:53,078 LabDataService::? - Get_AllLab_List : MethodStart
INFO  2021-10-29 16:55:53,188 LabDataService::? - Get_AllLab_List : MethodFinish
INFO  2021-10-29 16:55:53,227 RoleDataService::? - Get_Role_List : MethodStart
INFO  2021-10-29 16:55:53,332 RoleDataService::? - Get_Role_List : MethodFinish
INFO  2021-10-29 16:55:55,391 LabDataService::? - Get_AllLab_List : MethodStart
INFO  2021-10-29 16:55:55,496 LabDataService::? - Get_AllLab_List : MethodFinish
INFO  2021-10-29 17:10:45,858 ParameterService::? - Get_Parameter_List : MethodStart
INFO  2021-10-29 17:10:46,426 ParameterService::? - Get_Parameter_List : MethodFinish
INFO  2021-10-29 17:10:57,857 LabDataService::? - Get_AllLab_List : MethodStart
INFO  2021-10-29 17:10:58,136 LabDataService::? - Get_AllLab_List : MethodFinish
INFO  2021-10-29 17:10:58,204 RoleDataService::? - Get_Role_List : MethodStart
INFO  2021-10-29 17:10:58,455 RoleDataService::? - Get_Role_List : MethodFinish
INFO  2021-10-29 17:11:02,444 LabDataService::? - Get_AllLab_List : MethodStart
INFO  2021-10-29 17:11:02,551 LabDataService::? - Get_AllLab_List : MethodFinish
INFO  2021-10-29 17:11:02,592 RoleDataService::? - Get_Role_List : MethodStart
INFO  2021-10-29 17:11:02,694 RoleDataService::? - Get_Role_List : MethodFinish
INFO  2021-10-29 17:12:43,590 ParameterService::? - Get_Parameter_List : MethodStart
INFO  2021-10-29 17:12:43,698 ParameterService::? - Get_Parameter_List : MethodFinish
INFO  2021-10-29 17:12:53,650 LabDataService::? - Get_AllLab_List : MethodStart
INFO  2021-10-29 17:12:53,762 LabDataService::? - Get_AllLab_List : MethodFinish
INFO  2021-10-29 17:12:53,803 RoleDataService::? - Get_Role_List : MethodStart
INFO  2021-10-29 17:12:53,901 RoleDataService::? - Get_Role_List : MethodFinish
INFO  2021-10-29 17:12:58,551 LabDataService::? - Get_AllLab_List : MethodStart
INFO  2021-10-29 17:12:58,670 LabDataService::? - Get_AllLab_List : MethodFinish
INFO  2021-10-29 17:13:34,670 ParameterService::? - Get_Parameter_List : MethodStart
INFO  2021-10-29 17:13:34,773 ParameterService::? - Get_Parameter_List : MethodFinish
INFO  2021-10-29 17:13:41,989 LabDataService::? - Get_AllLab_List : MethodStart
INFO  2021-10-29 17:13:42,095 LabDataService::? - Get_AllLab_List : MethodFinish
INFO  2021-10-29 17:13:42,132 RoleDataService::? - Get_Role_List : MethodStart
INFO  2021-10-29 17:13:42,235 RoleDataService::? - Get_Role_List : MethodFinish
INFO  2021-10-29 17:14:59,936 ParameterService::? - Get_Parameter_List : MethodStart
INFO  2021-10-29 17:15:00,050 ParameterService::? - Get_Parameter_List : MethodFinish
INFO  2021-10-29 18:00:35,536 LabDataService::? - Get_AllLab_List : MethodStart
INFO  2021-10-29 18:00:36,610 LabDataService::? - Get_AllLab_List : MethodFinish
INFO  2021-10-29 18:00:36,684 ParameterService::? - Get_Parameter_List : MethodStart
INFO  2021-10-29 18:00:36,808 ParameterService::? - Get_Parameter_List : MethodFinish
INFO  2021-10-29 18:00:53,070 ParameterService::? - Get_Parameter_List : MethodStart
INFO  2021-10-29 18:00:53,205 ParameterService::? - Get_Parameter_List : MethodFinish
INFO  2021-10-29 18:00:53,432 LabDataService::? - Get_AllLab_List : MethodStart
INFO  2021-10-29 18:00:53,571 LabDataService::? - Get_AllLab_List : MethodFinish
INFO  2021-10-29 18:01:47,696 LabDataService::? - Get_AllLab_List : MethodStart
INFO  2021-10-29 18:01:47,809 LabDataService::? - Get_AllLab_List : MethodFinish
INFO  2021-10-29 18:01:47,852 ParameterService::? - Get_Parameter_List : MethodStart
INFO  2021-10-29 18:01:47,973 ParameterService::? - Get_Parameter_List : MethodFinish
