INFO  2021-09-01 09:49:13,041 ParameterService::? - Get_Parameter_List : MethodStart
INFO  2021-09-01 09:49:15,852 ParameterService::? - Get_Parameter_List : MethodFinish
INFO  2021-09-01 09:49:15,965 LabDataService::? - Get_AllLab_List : MethodStart
INFO  2021-09-01 09:49:16,115 LabDataService::? - Get_AllLab_List : MethodFinish
INFO  2021-09-01 09:49:51,964 ProvinceDataService::? - Get_Province_List : MethodStart
INFO  2021-09-01 09:49:52,182 ProvinceDataService::? - Get_Province_List : MethodFinish
INFO  2021-09-01 10:13:38,460 LabDataService::? - Get_AllLab_List : MethodStart
INFO  2021-09-01 10:13:40,728 LabDataService::? - Get_AllLab_List : MethodFinish
INFO  2021-09-01 10:13:40,845 RoleDataService::? - Get_Role_List : MethodStart
INFO  2021-09-01 10:13:41,180 RoleDataService::? - Get_Role_List : MethodFinish
INFO  2021-09-01 11:39:29,506 LabDataService::? - Get_AllLab_List : MethodStart
INFO  2021-09-01 11:39:30,720 LabDataService::? - Get_AllLab_List : MethodFinish
INFO  2021-09-01 11:39:30,785 RoleDataService::? - Get_Role_List : MethodStart
INFO  2021-09-01 11:39:31,076 RoleDataService::? - Get_Role_List : MethodFinish
INFO  2021-09-01 11:44:40,048 LabDataService::? - Get_AllLab_List : MethodStart
INFO  2021-09-01 11:44:40,194 LabDataService::? - Get_AllLab_List : MethodFinish
INFO  2021-09-01 11:44:40,240 RoleDataService::? - Get_Role_List : MethodStart
INFO  2021-09-01 11:44:40,349 RoleDataService::? - Get_Role_List : MethodFinish
INFO  2021-09-01 11:49:27,679 LabDataService::? - Get_AllLab_List : MethodStart
INFO  2021-09-01 11:49:28,085 LabDataService::? - Get_AllLab_List : MethodFinish
INFO  2021-09-01 11:49:28,113 RoleDataService::? - Get_Role_List : MethodStart
INFO  2021-09-01 11:49:28,216 RoleDataService::? - Get_Role_List : MethodFinish
INFO  2021-09-01 11:50:54,505 LabDataService::? - Get_AllLab_List : MethodStart
INFO  2021-09-01 11:50:54,619 LabDataService::? - Get_AllLab_List : MethodFinish
INFO  2021-09-01 11:50:54,647 RoleDataService::? - Get_Role_List : MethodStart
INFO  2021-09-01 11:50:54,747 RoleDataService::? - Get_Role_List : MethodFinish
INFO  2021-09-01 12:09:49,948 LabDataService::? - Get_AllLab_List : MethodStart
INFO  2021-09-01 12:09:50,256 LabDataService::? - Get_AllLab_List : MethodFinish
INFO  2021-09-01 12:09:50,282 RoleDataService::? - Get_Role_List : MethodStart
INFO  2021-09-01 12:09:50,575 RoleDataService::? - Get_Role_List : MethodFinish
INFO  2021-09-01 12:10:31,434 ParameterService::? - Get_Parameter_List : MethodStart
INFO  2021-09-01 12:10:31,557 ParameterService::? - Get_Parameter_List : MethodFinish
INFO  2021-09-01 12:11:48,910 ParameterService::? - Get_Parameter_List : MethodStart
INFO  2021-09-01 12:11:49,029 ParameterService::? - Get_Parameter_List : MethodFinish
INFO  2021-09-01 12:14:14,486 LabDataService::? - Get_AllLab_List : MethodStart
INFO  2021-09-01 12:14:14,597 LabDataService::? - Get_AllLab_List : MethodFinish
INFO  2021-09-01 12:14:14,635 RoleDataService::? - Get_Role_List : MethodStart
INFO  2021-09-01 12:14:14,903 RoleDataService::? - Get_Role_List : MethodFinish
INFO  2021-09-01 12:14:29,683 ParameterService::? - Get_Parameter_List : MethodStart
INFO  2021-09-01 12:14:29,790 ParameterService::? - Get_Parameter_List : MethodFinish
INFO  2021-09-01 12:18:27,054 ParameterService::? - Get_Parameter_List : MethodStart
INFO  2021-09-01 12:18:27,407 ParameterService::? - Get_Parameter_List : MethodFinish
INFO  2021-09-01 12:18:27,432 LabDataService::? - Get_AllLab_List : MethodStart
INFO  2021-09-01 12:18:27,682 LabDataService::? - Get_AllLab_List : MethodFinish
INFO  2021-09-01 12:25:56,013 LabDataService::? - Get_AllLab_List : MethodStart
INFO  2021-09-01 12:25:56,379 LabDataService::? - Get_AllLab_List : MethodFinish
INFO  2021-09-01 12:25:56,399 RoleDataService::? - Get_Role_List : MethodStart
INFO  2021-09-01 12:25:56,653 RoleDataService::? - Get_Role_List : MethodFinish
INFO  2021-09-01 12:25:58,872 LabDataService::? - Get_AllLab_List : MethodStart
INFO  2021-09-01 12:25:58,976 LabDataService::? - Get_AllLab_List : MethodFinish
INFO  2021-09-01 12:26:23,724 ParameterService::? - Get_Parameter_List : MethodStart
INFO  2021-09-01 12:26:23,824 ParameterService::? - Get_Parameter_List : MethodFinish
INFO  2021-09-01 12:26:23,857 LabDataService::? - Get_AllLab_List : MethodStart
INFO  2021-09-01 12:26:23,964 LabDataService::? - Get_AllLab_List : MethodFinish
INFO  2021-09-01 12:30:27,825 ParameterService::? - Get_Parameter_List : MethodStart
INFO  2021-09-01 12:30:27,928 ParameterService::? - Get_Parameter_List : MethodFinish
INFO  2021-09-01 12:30:27,956 LabDataService::? - Get_AllLab_List : MethodStart
INFO  2021-09-01 12:30:28,065 LabDataService::? - Get_AllLab_List : MethodFinish
INFO  2021-09-01 12:36:52,641 ParameterService::? - Get_Parameter_List : MethodStart
INFO  2021-09-01 12:36:53,673 ParameterService::? - Get_Parameter_List : MethodFinish
INFO  2021-09-01 12:36:53,734 LabDataService::? - Get_AllLab_List : MethodStart
INFO  2021-09-01 12:36:53,866 LabDataService::? - Get_AllLab_List : MethodFinish
INFO  2021-09-01 14:00:33,356 ParameterService::? - Get_Parameter_List : MethodStart
INFO  2021-09-01 14:00:34,555 ParameterService::? - Get_Parameter_List : MethodFinish
INFO  2021-09-01 14:00:34,620 LabDataService::? - Get_AllLab_List : MethodStart
INFO  2021-09-01 14:00:34,767 LabDataService::? - Get_AllLab_List : MethodFinish
INFO  2021-09-01 14:00:56,931 LabDataService::? - Get_AllLab_List : MethodStart
INFO  2021-09-01 14:00:57,088 LabDataService::? - Get_AllLab_List : MethodFinish
INFO  2021-09-01 14:00:57,142 RoleDataService::? - Get_Role_List : MethodStart
INFO  2021-09-01 14:00:57,426 RoleDataService::? - Get_Role_List : MethodFinish
INFO  2021-09-01 14:12:31,309 LabDataService::? - Get_AllLab_List : MethodStart
INFO  2021-09-01 14:12:32,379 LabDataService::? - Get_AllLab_List : MethodFinish
INFO  2021-09-01 14:12:32,427 RoleDataService::? - Get_Role_List : MethodStart
INFO  2021-09-01 14:12:32,704 RoleDataService::? - Get_Role_List : MethodFinish
INFO  2021-09-01 14:18:13,147 ParameterService::? - Get_Parameter_List : MethodStart
INFO  2021-09-01 14:18:13,317 ParameterService::? - Get_Parameter_List : MethodFinish
INFO  2021-09-01 14:18:51,088 LabDataService::? - Get_AllLab_List : MethodStart
INFO  2021-09-01 14:18:51,200 LabDataService::? - Get_AllLab_List : MethodFinish
INFO  2021-09-01 14:18:51,234 RoleDataService::? - Get_Role_List : MethodStart
INFO  2021-09-01 14:18:51,335 RoleDataService::? - Get_Role_List : MethodFinish
INFO  2021-09-01 14:19:13,610 ParameterService::? - Get_Parameter_List : MethodStart
INFO  2021-09-01 14:19:13,729 ParameterService::? - Get_Parameter_List : MethodFinish
INFO  2021-09-01 14:19:28,873 LabDataService::? - Get_AllLab_List : MethodStart
INFO  2021-09-01 14:19:28,995 LabDataService::? - Get_AllLab_List : MethodFinish
INFO  2021-09-01 14:19:29,046 RoleDataService::? - Get_Role_List : MethodStart
INFO  2021-09-01 14:19:29,156 RoleDataService::? - Get_Role_List : MethodFinish
INFO  2021-09-01 14:20:43,748 ParameterService::? - Get_Parameter_List : MethodStart
INFO  2021-09-01 14:20:43,853 ParameterService::? - Get_Parameter_List : MethodFinish
INFO  2021-09-01 15:09:03,667 LabDataService::? - Get_AllLab_List : MethodStart
INFO  2021-09-01 15:09:04,715 LabDataService::? - Get_AllLab_List : MethodFinish
INFO  2021-09-01 15:09:04,772 RoleDataService::? - Get_Role_List : MethodStart
INFO  2021-09-01 15:09:05,075 RoleDataService::? - Get_Role_List : MethodFinish
INFO  2021-09-01 15:09:33,339 ParameterService::? - Get_Parameter_List : MethodStart
INFO  2021-09-01 15:09:33,491 ParameterService::? - Get_Parameter_List : MethodFinish
INFO  2021-09-01 15:10:02,836 ParameterService::? - Get_Parameter_List : MethodStart
INFO  2021-09-01 15:10:02,944 ParameterService::? - Get_Parameter_List : MethodFinish
INFO  2021-09-01 15:15:50,298 LabDataService::? - Get_AllLab_List : MethodStart
INFO  2021-09-01 15:15:50,706 LabDataService::? - Get_AllLab_List : MethodFinish
INFO  2021-09-01 15:15:50,751 RoleDataService::? - Get_Role_List : MethodStart
INFO  2021-09-01 15:15:50,854 RoleDataService::? - Get_Role_List : MethodFinish
INFO  2021-09-01 15:19:42,557 LabDataService::? - Get_AllLab_List : MethodStart
INFO  2021-09-01 15:19:43,592 LabDataService::? - Get_AllLab_List : MethodFinish
INFO  2021-09-01 15:19:43,641 RoleDataService::? - Get_Role_List : MethodStart
INFO  2021-09-01 15:19:43,937 RoleDataService::? - Get_Role_List : MethodFinish
INFO  2021-09-01 15:22:01,385 ParameterService::? - Get_Parameter_List : MethodStart
INFO  2021-09-01 15:22:01,546 ParameterService::? - Get_Parameter_List : MethodFinish
INFO  2021-09-01 15:22:10,100 ParameterService::? - Get_Parameter_List : MethodStart
INFO  2021-09-01 15:22:10,204 ParameterService::? - Get_Parameter_List : MethodFinish
INFO  2021-09-01 15:22:42,103 ParameterService::? - Get_Parameter_List : MethodStart
INFO  2021-09-01 15:22:42,206 ParameterService::? - Get_Parameter_List : MethodFinish
INFO  2021-09-01 15:22:42,606 ParameterService::? - Get_Parameter_List : MethodStart
INFO  2021-09-01 15:22:42,706 ParameterService::? - Get_Parameter_List : MethodFinish
INFO  2021-09-01 15:25:17,278 LabDataService::? - Get_AllLab_List : MethodStart
INFO  2021-09-01 15:25:17,389 LabDataService::? - Get_AllLab_List : MethodFinish
INFO  2021-09-01 15:25:17,421 RoleDataService::? - Get_Role_List : MethodStart
INFO  2021-09-01 15:25:17,529 RoleDataService::? - Get_Role_List : MethodFinish
INFO  2021-09-01 15:25:38,671 ParameterService::? - Get_Parameter_List : MethodStart
INFO  2021-09-01 15:25:38,771 ParameterService::? - Get_Parameter_List : MethodFinish
INFO  2021-09-01 15:25:39,248 ParameterService::? - Get_Parameter_List : MethodStart
INFO  2021-09-01 15:25:39,346 ParameterService::? - Get_Parameter_List : MethodFinish
INFO  2021-09-01 15:25:48,860 LabDataService::? - Get_AllLab_List : MethodStart
INFO  2021-09-01 15:25:48,967 LabDataService::? - Get_AllLab_List : MethodFinish
INFO  2021-09-01 15:25:48,991 RoleDataService::? - Get_Role_List : MethodStart
INFO  2021-09-01 15:25:49,099 RoleDataService::? - Get_Role_List : MethodFinish
INFO  2021-09-01 15:25:52,241 ParameterService::? - Get_Parameter_List : MethodStart
INFO  2021-09-01 15:25:52,342 ParameterService::? - Get_Parameter_List : MethodFinish
INFO  2021-09-01 15:25:52,361 LabDataService::? - Get_AllLab_List : MethodStart
INFO  2021-09-01 15:25:52,461 LabDataService::? - Get_AllLab_List : MethodFinish
INFO  2021-09-01 15:26:32,145 ParameterService::? - Get_Parameter_List : MethodStart
INFO  2021-09-01 15:26:32,247 ParameterService::? - Get_Parameter_List : MethodFinish
INFO  2021-09-01 15:26:35,132 LabDataService::? - Get_AllLab_List : MethodStart
INFO  2021-09-01 15:26:35,231 LabDataService::? - Get_AllLab_List : MethodFinish
INFO  2021-09-01 15:26:35,250 RoleDataService::? - Get_Role_List : MethodStart
INFO  2021-09-01 15:26:35,353 RoleDataService::? - Get_Role_List : MethodFinish
INFO  2021-09-01 15:26:50,338 ParameterService::? - Get_Parameter_List : MethodStart
INFO  2021-09-01 15:26:50,442 ParameterService::? - Get_Parameter_List : MethodFinish
INFO  2021-09-01 15:26:50,761 ParameterService::? - Get_Parameter_List : MethodStart
INFO  2021-09-01 15:26:50,867 ParameterService::? - Get_Parameter_List : MethodFinish
INFO  2021-09-01 15:27:00,171 LabDataService::? - Get_AllLab_List : MethodStart
INFO  2021-09-01 15:27:00,279 LabDataService::? - Get_AllLab_List : MethodFinish
INFO  2021-09-01 15:27:00,311 RoleDataService::? - Get_Role_List : MethodStart
INFO  2021-09-01 15:27:00,414 RoleDataService::? - Get_Role_List : MethodFinish
INFO  2021-09-01 15:29:41,529 ParameterService::? - Get_Parameter_List : MethodStart
INFO  2021-09-01 15:29:41,631 ParameterService::? - Get_Parameter_List : MethodFinish
INFO  2021-09-01 15:29:42,023 ParameterService::? - Get_Parameter_List : MethodStart
INFO  2021-09-01 15:29:42,127 ParameterService::? - Get_Parameter_List : MethodFinish
INFO  2021-09-01 16:07:04,091 LabDataService::? - Get_AllLab_List : MethodStart
INFO  2021-09-01 16:07:05,143 LabDataService::? - Get_AllLab_List : MethodFinish
INFO  2021-09-01 16:07:05,200 RoleDataService::? - Get_Role_List : MethodStart
INFO  2021-09-01 16:07:05,477 RoleDataService::? - Get_Role_List : MethodFinish
INFO  2021-09-01 16:07:35,853 ParameterService::? - Get_Parameter_List : MethodStart
INFO  2021-09-01 16:07:36,025 ParameterService::? - Get_Parameter_List : MethodFinish
INFO  2021-09-01 16:07:44,038 ParameterService::? - Get_Parameter_List : MethodStart
INFO  2021-09-01 16:07:44,150 ParameterService::? - Get_Parameter_List : MethodFinish
INFO  2021-09-01 16:13:15,677 ParameterService::? - Get_Parameter_List : MethodStart
INFO  2021-09-01 16:13:15,809 ParameterService::? - Get_Parameter_List : MethodFinish
INFO  2021-09-01 16:13:16,352 ParameterService::? - Get_Parameter_List : MethodStart
INFO  2021-09-01 16:13:16,525 ParameterService::? - Get_Parameter_List : MethodFinish
INFO  2021-09-01 16:30:17,120 LabDataService::? - Get_AllLab_List : MethodStart
INFO  2021-09-01 16:30:18,182 LabDataService::? - Get_AllLab_List : MethodFinish
INFO  2021-09-01 16:30:18,231 RoleDataService::? - Get_Role_List : MethodStart
INFO  2021-09-01 16:30:18,571 RoleDataService::? - Get_Role_List : MethodFinish
INFO  2021-09-01 16:30:47,348 ParameterService::? - Get_Parameter_List : MethodStart
INFO  2021-09-01 16:30:47,508 ParameterService::? - Get_Parameter_List : MethodFinish
INFO  2021-09-01 16:30:55,178 ParameterService::? - Get_Parameter_List : MethodStart
INFO  2021-09-01 16:30:55,278 ParameterService::? - Get_Parameter_List : MethodFinish
INFO  2021-09-01 16:31:33,347 ParameterService::? - Get_Parameter_List : MethodStart
INFO  2021-09-01 16:31:33,451 ParameterService::? - Get_Parameter_List : MethodFinish
INFO  2021-09-01 16:31:33,958 ParameterService::? - Get_Parameter_List : MethodStart
INFO  2021-09-01 16:31:34,057 ParameterService::? - Get_Parameter_List : MethodFinish
INFO  2021-09-01 16:32:37,440 ParameterService::? - Get_Parameter_List : MethodStart
INFO  2021-09-01 16:32:37,540 ParameterService::? - Get_Parameter_List : MethodFinish
INFO  2021-09-01 16:32:37,890 ParameterService::? - Get_Parameter_List : MethodStart
INFO  2021-09-01 16:32:37,989 ParameterService::? - Get_Parameter_List : MethodFinish
INFO  2021-09-01 16:41:01,850 LabDataService::? - Get_AllLab_List : MethodStart
INFO  2021-09-01 16:41:02,892 LabDataService::? - Get_AllLab_List : MethodFinish
INFO  2021-09-01 16:41:02,945 RoleDataService::? - Get_Role_List : MethodStart
INFO  2021-09-01 16:41:03,224 RoleDataService::? - Get_Role_List : MethodFinish
INFO  2021-09-01 17:00:10,002 LabDataService::? - Get_AllLab_List : MethodStart
INFO  2021-09-01 17:00:11,229 LabDataService::? - Get_AllLab_List : MethodFinish
INFO  2021-09-01 17:00:11,288 RoleDataService::? - Get_Role_List : MethodStart
INFO  2021-09-01 17:00:11,574 RoleDataService::? - Get_Role_List : MethodFinish
INFO  2021-09-01 17:09:02,763 ParameterService::? - Get_Parameter_List : MethodStart
INFO  2021-09-01 17:09:03,079 ParameterService::? - Get_Parameter_List : MethodFinish
INFO  2021-09-01 17:09:11,221 ParameterService::? - Get_Parameter_List : MethodStart
INFO  2021-09-01 17:09:11,333 ParameterService::? - Get_Parameter_List : MethodFinish
INFO  2021-09-01 17:19:29,603 ParameterService::? - Get_Parameter_List : MethodStart
INFO  2021-09-01 17:19:30,653 ParameterService::? - Get_Parameter_List : MethodFinish
INFO  2021-09-01 17:19:30,705 LabDataService::? - Get_AllLab_List : MethodStart
INFO  2021-09-01 17:19:30,831 LabDataService::? - Get_AllLab_List : MethodFinish
INFO  2021-09-01 17:47:44,665 LabDataService::? - Get_AllLab_List : MethodStart
INFO  2021-09-01 17:47:45,838 LabDataService::? - Get_AllLab_List : MethodFinish
INFO  2021-09-01 17:47:45,888 RoleDataService::? - Get_Role_List : MethodStart
INFO  2021-09-01 17:47:46,188 RoleDataService::? - Get_Role_List : MethodFinish
INFO  2021-09-01 17:48:48,282 ParameterService::? - Get_Parameter_List : MethodStart
INFO  2021-09-01 17:48:48,443 ParameterService::? - Get_Parameter_List : MethodFinish
INFO  2021-09-01 17:48:56,527 ParameterService::? - Get_Parameter_List : MethodStart
INFO  2021-09-01 17:48:56,628 ParameterService::? - Get_Parameter_List : MethodFinish
INFO  2021-09-01 18:00:13,099 LabDataService::? - Get_AllLab_List : MethodStart
INFO  2021-09-01 18:00:14,368 LabDataService::? - Get_AllLab_List : MethodFinish
INFO  2021-09-01 18:00:14,425 RoleDataService::? - Get_Role_List : MethodStart
INFO  2021-09-01 18:00:14,720 RoleDataService::? - Get_Role_List : MethodFinish
INFO  2021-09-01 18:00:43,483 ParameterService::? - Get_Parameter_List : MethodStart
INFO  2021-09-01 18:00:43,647 ParameterService::? - Get_Parameter_List : MethodFinish
INFO  2021-09-01 18:00:51,611 ParameterService::? - Get_Parameter_List : MethodStart
INFO  2021-09-01 18:00:51,728 ParameterService::? - Get_Parameter_List : MethodFinish
INFO  2021-09-01 18:01:14,714 LabDataService::? - Get_AllLab_List : MethodStart
INFO  2021-09-01 18:01:14,830 LabDataService::? - Get_AllLab_List : MethodFinish
INFO  2021-09-01 18:01:14,861 RoleDataService::? - Get_Role_List : MethodStart
INFO  2021-09-01 18:01:14,964 RoleDataService::? - Get_Role_List : MethodFinish
INFO  2021-09-01 18:01:21,155 LabDataService::? - Get_AllLab_List : MethodStart
INFO  2021-09-01 18:01:21,272 LabDataService::? - Get_AllLab_List : MethodFinish
INFO  2021-09-01 18:01:21,315 RoleDataService::? - Get_Role_List : MethodStart
INFO  2021-09-01 18:01:21,431 RoleDataService::? - Get_Role_List : MethodFinish
INFO  2021-09-01 18:17:26,393 ParameterService::? - Get_Parameter_List : MethodStart
INFO  2021-09-01 18:17:27,411 ParameterService::? - Get_Parameter_List : MethodFinish
INFO  2021-09-01 18:17:27,465 LabDataService::? - Get_AllLab_List : MethodStart
INFO  2021-09-01 18:17:27,595 LabDataService::? - Get_AllLab_List : MethodFinish
INFO  2021-09-01 18:25:10,612 ParameterService::? - Get_Parameter_List : MethodStart
INFO  2021-09-01 18:25:10,925 ParameterService::? - Get_Parameter_List : MethodFinish
INFO  2021-09-01 18:29:23,398 ParameterService::? - Get_Parameter_List : MethodStart
INFO  2021-09-01 18:29:23,512 ParameterService::? - Get_Parameter_List : MethodFinish
INFO  2021-09-01 22:23:09,993 LabDataService::? - Get_AllLab_List : MethodStart
INFO  2021-09-01 22:23:12,629 LabDataService::? - Get_AllLab_List : MethodFinish
INFO  2021-09-01 22:23:12,743 RoleDataService::? - Get_Role_List : MethodStart
INFO  2021-09-01 22:23:13,124 RoleDataService::? - Get_Role_List : MethodFinish
INFO  2021-09-01 22:24:26,717 ParameterService::? - Get_Parameter_List : MethodStart
INFO  2021-09-01 22:24:26,955 ParameterService::? - Get_Parameter_List : MethodFinish
INFO  2021-09-01 22:24:49,972 ParameterService::? - Get_Parameter_List : MethodStart
INFO  2021-09-01 22:24:50,091 ParameterService::? - Get_Parameter_List : MethodFinish
INFO  2021-09-01 22:30:20,824 ParameterService::? - Get_Parameter_List : MethodStart
INFO  2021-09-01 22:30:21,146 ParameterService::? - Get_Parameter_List : MethodFinish
INFO  2021-09-01 22:30:21,896 ParameterService::? - Get_Parameter_List : MethodStart
INFO  2021-09-01 22:30:22,012 ParameterService::? - Get_Parameter_List : MethodFinish
INFO  2021-09-01 22:30:50,054 ParameterService::? - Get_Parameter_List : MethodStart
INFO  2021-09-01 22:30:50,180 ParameterService::? - Get_Parameter_List : MethodFinish
INFO  2021-09-01 22:30:50,697 ParameterService::? - Get_Parameter_List : MethodStart
INFO  2021-09-01 22:30:50,817 ParameterService::? - Get_Parameter_List : MethodFinish
INFO  2021-09-01 22:31:59,842 ParameterService::? - Get_Parameter_List : MethodStart
INFO  2021-09-01 22:31:59,972 ParameterService::? - Get_Parameter_List : MethodFinish
INFO  2021-09-01 22:32:00,531 ParameterService::? - Get_Parameter_List : MethodStart
INFO  2021-09-01 22:32:00,655 ParameterService::? - Get_Parameter_List : MethodFinish
INFO  2021-09-01 22:51:01,114 ParameterService::? - Get_Parameter_List : MethodStart
INFO  2021-09-01 22:51:01,396 ParameterService::? - Get_Parameter_List : MethodFinish
INFO  2021-09-01 22:51:02,232 ParameterService::? - Get_Parameter_List : MethodStart
INFO  2021-09-01 22:51:02,356 ParameterService::? - Get_Parameter_List : MethodFinish
INFO  2021-09-01 23:00:38,010 LabDataService::? - Get_AllLab_List : MethodStart
INFO  2021-09-01 23:00:38,302 LabDataService::? - Get_AllLab_List : MethodFinish
INFO  2021-09-01 23:00:38,375 RoleDataService::? - Get_Role_List : MethodStart
INFO  2021-09-01 23:00:38,633 RoleDataService::? - Get_Role_List : MethodFinish
INFO  2021-09-01 23:00:41,662 ParameterService::? - Get_Parameter_List : MethodStart
INFO  2021-09-01 23:00:41,830 ParameterService::? - Get_Parameter_List : MethodFinish
INFO  2021-09-01 23:00:41,902 LabDataService::? - Get_AllLab_List : MethodStart
INFO  2021-09-01 23:00:42,037 LabDataService::? - Get_AllLab_List : MethodFinish
INFO  2021-09-01 23:04:08,372 ParameterService::? - Get_Parameter_List : MethodStart
INFO  2021-09-01 23:04:08,500 ParameterService::? - Get_Parameter_List : MethodFinish
INFO  2021-09-01 23:19:53,683 LabDataService::? - Get_AllLab_List : MethodStart
INFO  2021-09-01 23:19:53,977 LabDataService::? - Get_AllLab_List : MethodFinish
INFO  2021-09-01 23:19:54,031 RoleDataService::? - Get_Role_List : MethodStart
INFO  2021-09-01 23:19:54,294 RoleDataService::? - Get_Role_List : MethodFinish
INFO  2021-09-01 23:23:19,129 ParameterService::? - Get_Parameter_List : MethodStart
INFO  2021-09-01 23:23:19,245 ParameterService::? - Get_Parameter_List : MethodFinish
INFO  2021-09-01 23:23:19,300 LabDataService::? - Get_AllLab_List : MethodStart
INFO  2021-09-01 23:23:19,416 LabDataService::? - Get_AllLab_List : MethodFinish
INFO  2021-09-01 23:29:34,607 ParameterService::? - Get_Parameter_List : MethodStart
INFO  2021-09-01 23:29:35,126 ParameterService::? - Get_Parameter_List : MethodFinish
INFO  2021-09-01 23:50:43,950 LabDataService::? - Get_AllLab_List : MethodStart
INFO  2021-09-01 23:50:46,379 LabDataService::? - Get_AllLab_List : MethodFinish
INFO  2021-09-01 23:50:46,503 RoleDataService::? - Get_Role_List : MethodStart
INFO  2021-09-01 23:50:46,854 RoleDataService::? - Get_Role_List : MethodFinish
INFO  2021-09-01 23:51:45,507 ParameterService::? - Get_Parameter_List : MethodStart
INFO  2021-09-01 23:51:45,777 ParameterService::? - Get_Parameter_List : MethodFinish
INFO  2021-09-01 23:52:04,671 ParameterService::? - Get_Parameter_List : MethodStart
INFO  2021-09-01 23:52:04,795 ParameterService::? - Get_Parameter_List : MethodFinish
