INFO  2022-03-14 10:12:53,909 ProvinceDataService::? - Get_Province_List : MethodStart
INFO  2022-03-14 10:12:55,108 ProvinceDataService::? - Get_Province_List : MethodFinish
INFO  2022-03-14 10:15:35,365 LabDataService::? - Get_AllLab_List : MethodStart
INFO  2022-03-14 10:15:35,520 LabDataService::? - Get_AllLab_List : MethodFinish
INFO  2022-03-14 10:15:38,498 HospitalDataService::? - Get_TCHospital_List : MethodStart
INFO  2022-03-14 10:15:38,672 HospitalDataService::? - Get_TCHospital_List : MethodFinish
INFO  2022-03-14 10:16:07,920 LabDataService::? - Get_AllLab_List : MethodStart
INFO  2022-03-14 10:16:08,031 LabDataService::? - Get_AllLab_List : MethodFinish
INFO  2022-03-14 10:16:12,059 HospitalDataService::? - Get_TCHospital_List : MethodStart
INFO  2022-03-14 10:16:12,185 HospitalDataService::? - Get_TCHospital_List : MethodFinish
INFO  2022-03-14 10:16:46,401 LabDataService::? - Get_AllLab_List : MethodStart
INFO  2022-03-14 10:16:46,520 LabDataService::? - Get_AllLab_List : MethodFinish
INFO  2022-03-14 10:16:48,612 HospitalDataService::? - Get_TCHospital_List : MethodStart
INFO  2022-03-14 10:16:48,733 HospitalDataService::? - Get_TCHospital_List : MethodFinish
INFO  2022-03-14 10:17:27,503 LabDataService::? - Get_AllLab_List : MethodStart
INFO  2022-03-14 10:17:27,614 LabDataService::? - Get_AllLab_List : MethodFinish
INFO  2022-03-14 10:17:57,984 HospitalDataService::? - Get_TCHospital_List : MethodStart
INFO  2022-03-14 10:17:58,101 HospitalDataService::? - Get_TCHospital_List : MethodFinish
INFO  2022-03-14 10:18:22,055 LabDataService::? - Get_AllLab_List : MethodStart
INFO  2022-03-14 10:18:22,179 LabDataService::? - Get_AllLab_List : MethodFinish
INFO  2022-03-14 10:18:32,174 HospitalDataService::? - Get_TCHospital_List : MethodStart
INFO  2022-03-14 10:18:32,283 HospitalDataService::? - Get_TCHospital_List : MethodFinish
INFO  2022-03-14 10:18:58,056 LabDataService::? - Get_AllLab_List : MethodStart
INFO  2022-03-14 10:18:58,171 LabDataService::? - Get_AllLab_List : MethodFinish
