INFO  2021-08-31 17:25:47,173 LabDataService::? - Get_AllLab_List : MethodStart
INFO  2021-08-31 17:25:48,427 LabDataService::? - Get_AllLab_List : MethodFinish
INFO  2021-08-31 17:25:48,477 RoleDataService::? - Get_Role_List : MethodStart
INFO  2021-08-31 17:25:48,781 RoleDataService::? - Get_Role_List : MethodFinish
INFO  2021-08-31 17:26:05,888 LabDataService::? - Get_AllLab_List : MethodStart
INFO  2021-08-31 17:26:06,038 LabDataService::? - Get_AllLab_List : MethodFinish
INFO  2021-08-31 17:26:07,744 LabDataService::? - Get_AllLab_List : MethodStart
INFO  2021-08-31 17:26:07,879 LabDataService::? - Get_AllLab_List : MethodFinish
INFO  2021-08-31 17:26:07,908 RoleDataService::? - Get_Role_List : MethodStart
INFO  2021-08-31 17:26:08,010 RoleDataService::? - Get_Role_List : MethodFinish
INFO  2021-08-31 17:26:17,213 ParameterService::? - Get_Parameter_List : MethodStart
INFO  2021-08-31 17:26:17,374 ParameterService::? - Get_Parameter_List : MethodFinish
INFO  2021-08-31 17:26:17,411 LabDataService::? - Get_AllLab_List : MethodStart
INFO  2021-08-31 17:26:17,518 LabDataService::? - Get_AllLab_List : MethodFinish
INFO  2021-08-31 17:26:46,371 LabDataService::? - Get_AllLab_List : MethodStart
INFO  2021-08-31 17:26:46,479 LabDataService::? - Get_AllLab_List : MethodFinish
INFO  2021-08-31 17:26:46,525 ParameterService::? - Get_Parameter_List : MethodStart
INFO  2021-08-31 17:26:46,638 ParameterService::? - Get_Parameter_List : MethodFinish
INFO  2021-08-31 17:45:08,591 LabDataService::? - Get_AllLab_List : MethodStart
INFO  2021-08-31 17:45:09,796 LabDataService::? - Get_AllLab_List : MethodFinish
INFO  2021-08-31 17:45:09,861 ParameterService::? - Get_Parameter_List : MethodStart
INFO  2021-08-31 17:45:10,036 ParameterService::? - Get_Parameter_List : MethodFinish
INFO  2021-08-31 17:51:16,643 LabDataService::? - Get_AllLab_List : MethodStart
INFO  2021-08-31 17:51:17,935 LabDataService::? - Get_AllLab_List : MethodFinish
INFO  2021-08-31 17:51:17,984 RoleDataService::? - Get_Role_List : MethodStart
INFO  2021-08-31 17:51:18,268 RoleDataService::? - Get_Role_List : MethodFinish
INFO  2021-08-31 18:02:26,286 LabDataService::? - Get_AllLab_List : MethodStart
INFO  2021-08-31 18:02:27,367 LabDataService::? - Get_AllLab_List : MethodFinish
INFO  2021-08-31 18:02:27,419 RoleDataService::? - Get_Role_List : MethodStart
INFO  2021-08-31 18:02:27,732 RoleDataService::? - Get_Role_List : MethodFinish
INFO  2021-08-31 18:02:51,847 LabDataService::? - Get_AllLab_List : MethodStart
INFO  2021-08-31 18:02:52,022 LabDataService::? - Get_AllLab_List : MethodFinish
INFO  2021-08-31 18:02:52,049 RoleDataService::? - Get_Role_List : MethodStart
INFO  2021-08-31 18:02:52,178 RoleDataService::? - Get_Role_List : MethodFinish
INFO  2021-08-31 21:51:36,064 LabDataService::? - Get_AllLab_List : MethodStart
INFO  2021-08-31 21:51:38,831 LabDataService::? - Get_AllLab_List : MethodFinish
INFO  2021-08-31 21:51:39,001 RoleDataService::? - Get_Role_List : MethodStart
INFO  2021-08-31 21:51:39,429 RoleDataService::? - Get_Role_List : MethodFinish
INFO  2021-08-31 21:54:28,612 LabDataService::? - Get_AllLab_List : MethodStart
INFO  2021-08-31 21:54:28,819 LabDataService::? - Get_AllLab_List : MethodFinish
INFO  2021-08-31 21:54:28,903 RoleDataService::? - Get_Role_List : MethodStart
INFO  2021-08-31 21:54:29,024 RoleDataService::? - Get_Role_List : MethodFinish
INFO  2021-08-31 22:03:26,385 LabDataService::? - Get_AllLab_List : MethodStart
INFO  2021-08-31 22:03:26,873 LabDataService::? - Get_AllLab_List : MethodFinish
INFO  2021-08-31 22:03:26,958 RoleDataService::? - Get_Role_List : MethodStart
INFO  2021-08-31 22:03:27,263 RoleDataService::? - Get_Role_List : MethodFinish
INFO  2021-08-31 22:07:26,883 LabDataService::? - Get_AllLab_List : MethodStart
INFO  2021-08-31 22:07:28,573 LabDataService::? - Get_AllLab_List : MethodFinish
INFO  2021-08-31 22:07:28,663 RoleDataService::? - Get_Role_List : MethodStart
INFO  2021-08-31 22:07:28,997 RoleDataService::? - Get_Role_List : MethodFinish
INFO  2021-08-31 22:09:25,224 LabDataService::? - Get_AllLab_List : MethodStart
INFO  2021-08-31 22:09:25,459 LabDataService::? - Get_AllLab_List : MethodFinish
INFO  2021-08-31 22:09:50,244 LabDataService::? - Get_AllLab_List : MethodStart
INFO  2021-08-31 22:09:50,404 LabDataService::? - Get_AllLab_List : MethodFinish
INFO  2021-08-31 22:09:50,522 RoleDataService::? - Get_Role_List : MethodStart
INFO  2021-08-31 22:09:50,639 RoleDataService::? - Get_Role_List : MethodFinish
INFO  2021-08-31 22:11:47,739 LabDataService::? - Get_AllLab_List : MethodStart
INFO  2021-08-31 22:11:47,878 LabDataService::? - Get_AllLab_List : MethodFinish
INFO  2021-08-31 22:11:47,939 RoleDataService::? - Get_Role_List : MethodStart
INFO  2021-08-31 22:11:48,043 RoleDataService::? - Get_Role_List : MethodFinish
INFO  2021-08-31 22:11:51,824 ParameterService::? - Get_Parameter_List : MethodStart
INFO  2021-08-31 22:11:51,963 ParameterService::? - Get_Parameter_List : MethodFinish
INFO  2021-08-31 22:11:52,027 LabDataService::? - Get_AllLab_List : MethodStart
INFO  2021-08-31 22:11:52,133 LabDataService::? - Get_AllLab_List : MethodFinish
INFO  2021-08-31 22:18:03,260 ParameterService::? - Get_Parameter_List : MethodStart
INFO  2021-08-31 22:18:03,597 ParameterService::? - Get_Parameter_List : MethodFinish
INFO  2021-08-31 22:18:03,683 LabDataService::? - Get_AllLab_List : MethodStart
INFO  2021-08-31 22:18:03,816 LabDataService::? - Get_AllLab_List : MethodFinish
INFO  2021-08-31 22:18:08,787 ParameterService::? - Get_Parameter_List : MethodStart
INFO  2021-08-31 22:18:08,905 ParameterService::? - Get_Parameter_List : MethodFinish
INFO  2021-08-31 22:18:08,986 LabDataService::? - Get_AllLab_List : MethodStart
INFO  2021-08-31 22:18:09,123 LabDataService::? - Get_AllLab_List : MethodFinish
INFO  2021-08-31 22:21:25,320 ParameterService::? - Get_Parameter_List : MethodStart
INFO  2021-08-31 22:21:25,478 ParameterService::? - Get_Parameter_List : MethodFinish
INFO  2021-08-31 22:21:25,563 LabDataService::? - Get_AllLab_List : MethodStart
INFO  2021-08-31 22:21:25,692 LabDataService::? - Get_AllLab_List : MethodFinish
INFO  2021-08-31 22:31:03,456 ParameterService::? - Get_Parameter_List : MethodStart
INFO  2021-08-31 22:31:05,089 ParameterService::? - Get_Parameter_List : MethodFinish
INFO  2021-08-31 22:31:05,186 LabDataService::? - Get_AllLab_List : MethodStart
INFO  2021-08-31 22:31:05,404 LabDataService::? - Get_AllLab_List : MethodFinish
INFO  2021-08-31 22:35:00,040 LabDataService::? - Get_AllLab_List : MethodStart
INFO  2021-08-31 22:35:00,271 LabDataService::? - Get_AllLab_List : MethodFinish
INFO  2021-08-31 22:35:00,342 RoleDataService::? - Get_Role_List : MethodStart
INFO  2021-08-31 22:35:00,805 RoleDataService::? - Get_Role_List : MethodFinish
INFO  2021-08-31 22:36:26,786 LabDataService::? - Get_AllLab_List : MethodStart
INFO  2021-08-31 22:36:26,907 LabDataService::? - Get_AllLab_List : MethodFinish
INFO  2021-08-31 22:36:27,034 RoleDataService::? - Get_Role_List : MethodStart
INFO  2021-08-31 22:36:27,165 RoleDataService::? - Get_Role_List : MethodFinish
INFO  2021-08-31 22:36:30,720 LabDataService::? - Get_AllLab_List : MethodStart
INFO  2021-08-31 22:36:30,831 LabDataService::? - Get_AllLab_List : MethodFinish
INFO  2021-08-31 22:36:30,897 ParameterService::? - Get_Parameter_List : MethodStart
INFO  2021-08-31 22:36:31,001 ParameterService::? - Get_Parameter_List : MethodFinish
