INFO  2021-08-17 00:15:59,147 LabDataService::? - Get_AllLab_List : MethodStart
INFO  2021-08-17 00:16:00,883 LabDataService::? - Get_AllLab_List : MethodFinish
INFO  2021-08-17 00:16:49,205 ParameterService::? - Get_Parameter_List : MethodStart
INFO  2021-08-17 00:16:49,356 ParameterService::? - Get_Parameter_List : MethodFinish
INFO  2021-08-17 11:35:12,392 LabDataService::? - Get_AllLab_List : MethodStart
INFO  2021-08-17 11:35:13,634 LabDataService::? - Get_AllLab_List : MethodFinish
INFO  2021-08-17 11:35:13,701 RoleDataService::? - Get_Role_List : MethodStart
INFO  2021-08-17 11:35:13,986 RoleDataService::? - Get_Role_List : MethodFinish
INFO  2021-08-17 12:02:18,593 LabDataService::? - Get_AllLab_List : MethodStart
INFO  2021-08-17 12:02:19,667 LabDataService::? - Get_AllLab_List : MethodFinish
INFO  2021-08-17 12:02:19,716 RoleDataService::? - Get_Role_List : MethodStart
INFO  2021-08-17 12:02:20,001 RoleDataService::? - Get_Role_List : MethodFinish
INFO  2021-08-17 12:09:07,067 LabDataService::? - Get_AllLab_List : MethodStart
INFO  2021-08-17 12:09:08,143 LabDataService::? - Get_AllLab_List : MethodFinish
INFO  2021-08-17 12:09:08,196 RoleDataService::? - Get_Role_List : MethodStart
INFO  2021-08-17 12:09:08,490 RoleDataService::? - Get_Role_List : MethodFinish
INFO  2021-08-17 12:10:06,770 LabDataService::? - Get_AllLab_List : MethodStart
INFO  2021-08-17 12:10:06,917 LabDataService::? - Get_AllLab_List : MethodFinish
INFO  2021-08-17 12:10:06,956 RoleDataService::? - Get_Role_List : MethodStart
INFO  2021-08-17 12:10:07,075 RoleDataService::? - Get_Role_List : MethodFinish
INFO  2021-08-17 12:16:09,363 LabDataService::? - Get_AllLab_List : MethodStart
INFO  2021-08-17 12:16:10,473 LabDataService::? - Get_AllLab_List : MethodFinish
INFO  2021-08-17 12:16:10,524 RoleDataService::? - Get_Role_List : MethodStart
INFO  2021-08-17 12:16:10,801 RoleDataService::? - Get_Role_List : MethodFinish
INFO  2021-08-17 12:17:55,712 LabDataService::? - Get_AllLab_List : MethodStart
INFO  2021-08-17 12:17:56,807 LabDataService::? - Get_AllLab_List : MethodFinish
INFO  2021-08-17 12:17:56,858 RoleDataService::? - Get_Role_List : MethodStart
INFO  2021-08-17 12:17:57,150 RoleDataService::? - Get_Role_List : MethodFinish
INFO  2021-08-17 12:27:01,319 ParameterService::? - Get_Parameter_List : MethodStart
INFO  2021-08-17 12:27:01,635 ParameterService::? - Get_Parameter_List : MethodFinish
INFO  2021-08-17 12:36:24,985 LabDataService::? - Get_AllLab_List : MethodStart
INFO  2021-08-17 12:36:26,038 LabDataService::? - Get_AllLab_List : MethodFinish
INFO  2021-08-17 12:36:26,084 RoleDataService::? - Get_Role_List : MethodStart
INFO  2021-08-17 12:36:26,459 RoleDataService::? - Get_Role_List : MethodFinish
INFO  2021-08-17 12:37:03,264 ParameterService::? - Get_Parameter_List : MethodStart
INFO  2021-08-17 12:37:03,421 ParameterService::? - Get_Parameter_List : MethodFinish
INFO  2021-08-17 12:45:49,751 LabDataService::? - Get_AllLab_List : MethodStart
INFO  2021-08-17 12:45:50,799 LabDataService::? - Get_AllLab_List : MethodFinish
INFO  2021-08-17 12:45:50,848 RoleDataService::? - Get_Role_List : MethodStart
INFO  2021-08-17 12:45:51,129 RoleDataService::? - Get_Role_List : MethodFinish
INFO  2021-08-17 12:48:41,524 ParameterService::? - Get_Parameter_List : MethodStart
INFO  2021-08-17 12:48:41,682 ParameterService::? - Get_Parameter_List : MethodFinish
INFO  2021-08-17 13:21:30,974 LabDataService::? - Get_AllLab_List : MethodStart
INFO  2021-08-17 13:21:31,267 LabDataService::? - Get_AllLab_List : MethodFinish
INFO  2021-08-17 13:21:31,297 RoleDataService::? - Get_Role_List : MethodStart
INFO  2021-08-17 13:21:31,550 RoleDataService::? - Get_Role_List : MethodFinish
INFO  2021-08-17 13:50:29,848 LabDataService::? - Get_AllLab_List : MethodStart
INFO  2021-08-17 13:50:30,863 LabDataService::? - Get_AllLab_List : MethodFinish
INFO  2021-08-17 13:50:30,915 RoleDataService::? - Get_Role_List : MethodStart
INFO  2021-08-17 13:50:31,209 RoleDataService::? - Get_Role_List : MethodFinish
INFO  2021-08-17 13:52:02,984 ParameterService::? - Get_Parameter_List : MethodStart
INFO  2021-08-17 13:52:03,160 ParameterService::? - Get_Parameter_List : MethodFinish
INFO  2021-08-17 13:52:21,094 ParameterService::? - Get_Parameter_List : MethodStart
INFO  2021-08-17 13:52:21,201 ParameterService::? - Get_Parameter_List : MethodFinish
INFO  2021-08-17 13:52:40,939 ParameterService::? - Get_Parameter_List : MethodStart
INFO  2021-08-17 13:52:41,065 ParameterService::? - Get_Parameter_List : MethodFinish
INFO  2021-08-17 13:56:55,511 LabDataService::? - Get_AllLab_List : MethodStart
INFO  2021-08-17 13:56:56,668 LabDataService::? - Get_AllLab_List : MethodFinish
INFO  2021-08-17 13:56:56,719 RoleDataService::? - Get_Role_List : MethodStart
INFO  2021-08-17 13:56:57,005 RoleDataService::? - Get_Role_List : MethodFinish
INFO  2021-08-17 13:57:31,784 LabDataService::? - Get_AllLab_List : MethodStart
INFO  2021-08-17 13:57:31,933 LabDataService::? - Get_AllLab_List : MethodFinish
INFO  2021-08-17 13:57:31,990 RoleDataService::? - Get_Role_List : MethodStart
INFO  2021-08-17 13:57:32,085 RoleDataService::? - Get_Role_List : MethodFinish
INFO  2021-08-17 16:13:00,988 LabDataService::? - Get_AllLab_List : MethodStart
INFO  2021-08-17 16:13:02,115 LabDataService::? - Get_AllLab_List : MethodFinish
INFO  2021-08-17 16:13:02,168 RoleDataService::? - Get_Role_List : MethodStart
INFO  2021-08-17 16:13:02,443 RoleDataService::? - Get_Role_List : MethodFinish
INFO  2021-08-17 16:14:02,748 ParameterService::? - Get_Parameter_List : MethodStart
INFO  2021-08-17 16:14:02,909 ParameterService::? - Get_Parameter_List : MethodFinish
INFO  2021-08-17 16:14:16,938 ParameterService::? - Get_Parameter_List : MethodStart
INFO  2021-08-17 16:14:17,067 ParameterService::? - Get_Parameter_List : MethodFinish
INFO  2021-08-17 16:14:32,312 ParameterService::? - Get_Parameter_List : MethodStart
INFO  2021-08-17 16:14:32,424 ParameterService::? - Get_Parameter_List : MethodFinish
INFO  2021-08-17 22:03:14,253 LabDataService::? - Get_AllLab_List : MethodStart
INFO  2021-08-17 22:03:15,026 LabDataService::? - Get_AllLab_List : MethodFinish
INFO  2021-08-17 22:04:17,709 ParameterService::? - Get_Parameter_List : MethodStart
INFO  2021-08-17 22:04:17,742 ParameterService::? - Get_Parameter_List : MethodFinish
