INFO  2021-08-16 09:53:57,569 LabDataService::? - Get_AllLab_List : MethodStart
INFO  2021-08-16 09:54:00,114 LabDataService::? - Get_AllLab_List : MethodFinish
INFO  2021-08-16 09:54:00,242 RoleDataService::? - Get_Role_List : MethodStart
INFO  2021-08-16 09:54:00,570 RoleDataService::? - Get_Role_List : MethodFinish
INFO  2021-08-16 10:01:47,654 LabDataService::? - Get_AllLab_List : MethodStart
INFO  2021-08-16 10:01:49,592 LabDataService::? - Get_AllLab_List : MethodFinish
INFO  2021-08-16 10:01:49,682 RoleDataService::? - Get_Role_List : MethodStart
INFO  2021-08-16 10:01:50,047 RoleDataService::? - Get_Role_List : MethodFinish
INFO  2021-08-16 10:07:56,646 LabDataService::? - Get_AllLab_List : MethodStart
INFO  2021-08-16 10:07:57,707 LabDataService::? - Get_AllLab_List : MethodFinish
INFO  2021-08-16 10:07:57,758 RoleDataService::? - Get_Role_List : MethodStart
INFO  2021-08-16 10:07:58,070 RoleDataService::? - Get_Role_List : MethodFinish
INFO  2021-08-16 11:01:46,570 LabDataService::? - Get_AllLab_List : MethodStart
INFO  2021-08-16 11:01:47,642 LabDataService::? - Get_AllLab_List : MethodFinish
INFO  2021-08-16 11:01:47,698 ParameterService::? - Get_Parameter_List : MethodStart
INFO  2021-08-16 11:01:47,832 ParameterService::? - Get_Parameter_List : MethodFinish
INFO  2021-08-16 11:03:35,303 LabDataService::? - Get_AllLab_List : MethodStart
INFO  2021-08-16 11:03:35,442 LabDataService::? - Get_AllLab_List : MethodFinish
INFO  2021-08-16 11:03:35,484 ParameterService::? - Get_Parameter_List : MethodStart
INFO  2021-08-16 11:03:35,591 ParameterService::? - Get_Parameter_List : MethodFinish
INFO  2021-08-16 11:10:25,837 LabDataService::? - Get_AllLab_List : MethodStart
INFO  2021-08-16 11:10:26,096 LabDataService::? - Get_AllLab_List : MethodFinish
INFO  2021-08-16 11:10:26,120 ParameterService::? - Get_Parameter_List : MethodStart
INFO  2021-08-16 11:10:26,219 ParameterService::? - Get_Parameter_List : MethodFinish
INFO  2021-08-16 13:36:03,493 LabDataService::? - Get_AllLab_List : MethodStart
INFO  2021-08-16 13:36:04,647 LabDataService::? - Get_AllLab_List : MethodFinish
INFO  2021-08-16 13:36:04,695 RoleDataService::? - Get_Role_List : MethodStart
INFO  2021-08-16 13:36:04,990 RoleDataService::? - Get_Role_List : MethodFinish
INFO  2021-08-16 13:42:18,199 LabDataService::? - Get_AllLab_List : MethodStart
INFO  2021-08-16 13:42:19,323 LabDataService::? - Get_AllLab_List : MethodFinish
INFO  2021-08-16 13:42:19,382 RoleDataService::? - Get_Role_List : MethodStart
INFO  2021-08-16 13:42:19,716 RoleDataService::? - Get_Role_List : MethodFinish
INFO  2021-08-16 14:15:22,765 LabDataService::? - Get_AllLab_List : MethodStart
INFO  2021-08-16 14:15:24,344 LabDataService::? - Get_AllLab_List : MethodFinish
INFO  2021-08-16 14:15:24,397 RoleDataService::? - Get_Role_List : MethodStart
INFO  2021-08-16 14:15:25,051 RoleDataService::? - Get_Role_List : MethodFinish
INFO  2021-08-16 14:44:46,959 LabDataService::? - Get_AllLab_List : MethodStart
INFO  2021-08-16 14:44:48,784 LabDataService::? - Get_AllLab_List : MethodFinish
INFO  2021-08-16 14:44:48,843 ParameterService::? - Get_Parameter_List : MethodStart
INFO  2021-08-16 14:44:49,062 ParameterService::? - Get_Parameter_List : MethodFinish
INFO  2021-08-16 14:54:11,715 LabDataService::? - Get_AllLab_List : MethodStart
INFO  2021-08-16 14:54:12,844 LabDataService::? - Get_AllLab_List : MethodFinish
INFO  2021-08-16 14:54:12,901 ParameterService::? - Get_Parameter_List : MethodStart
INFO  2021-08-16 14:54:13,023 ParameterService::? - Get_Parameter_List : MethodFinish
INFO  2021-08-16 16:31:00,641 LabDataService::? - Get_AllLab_List : MethodStart
INFO  2021-08-16 16:31:01,649 LabDataService::? - Get_AllLab_List : MethodFinish
INFO  2021-08-16 16:38:03,796 LabDataService::? - Get_AllLab_List : MethodStart
INFO  2021-08-16 16:38:04,274 LabDataService::? - Get_AllLab_List : MethodFinish
INFO  2021-08-16 22:30:58,761 LabDataService::? - Get_AllLab_List : MethodStart
INFO  2021-08-16 22:31:01,847 LabDataService::? - Get_AllLab_List : MethodFinish
INFO  2021-08-16 22:32:04,927 LabDataService::? - Get_AllLab_List : MethodStart
INFO  2021-08-16 22:32:05,077 LabDataService::? - Get_AllLab_List : MethodFinish
INFO  2021-08-16 22:32:16,323 LabDataService::? - Get_AllLab_List : MethodStart
INFO  2021-08-16 22:32:16,556 LabDataService::? - Get_AllLab_List : MethodFinish
INFO  2021-08-16 22:36:40,750 ParameterService::? - Get_Parameter_List : MethodStart
INFO  2021-08-16 22:36:40,903 ParameterService::? - Get_Parameter_List : MethodFinish
INFO  2021-08-16 22:42:38,901 ParameterService::? - Get_Parameter_List : MethodStart
INFO  2021-08-16 22:42:39,170 ParameterService::? - Get_Parameter_List : MethodFinish
INFO  2021-08-16 23:26:13,093 LabDataService::? - Get_AllLab_List : MethodStart
INFO  2021-08-16 23:26:15,844 LabDataService::? - Get_AllLab_List : MethodFinish
INFO  2021-08-16 23:41:00,628 LabDataService::? - Get_AllLab_List : MethodStart
INFO  2021-08-16 23:41:03,621 LabDataService::? - Get_AllLab_List : MethodFinish
INFO  2021-08-16 23:51:26,600 LabDataService::? - Get_AllLab_List : MethodStart
INFO  2021-08-16 23:51:29,382 LabDataService::? - Get_AllLab_List : MethodFinish
INFO  2021-08-16 23:53:27,307 ParameterService::? - Get_Parameter_List : MethodStart
INFO  2021-08-16 23:53:27,451 ParameterService::? - Get_Parameter_List : MethodFinish
