INFO  2023-05-05 11:05:48,021 LabDataService::? - Get_AllLab_List : MethodStart
INFO  2023-05-05 11:05:49,428 LabDataService::? - Get_AllLab_List : MethodFinish
INFO  2023-05-05 11:05:49,562 RoleDataService::? - Get_Role_List : MethodStart
INFO  2023-05-05 11:05:49,845 RoleDataService::? - Get_Role_List : MethodFinish
INFO  2023-05-05 11:06:02,470 ParameterService::? - Get_Parameter_List : MethodStart
INFO  2023-05-05 11:06:02,624 ParameterService::? - Get_Parameter_List : MethodFinish
INFO  2023-05-05 11:07:58,933 ParameterService::? - Get_Parameter_List : MethodStart
INFO  2023-05-05 11:07:59,132 ParameterService::? - Get_Parameter_List : MethodFinish
INFO  2023-05-05 11:11:41,204 LabDataService::? - Get_AllLab_List : MethodStart
INFO  2023-05-05 11:11:41,321 LabDataService::? - Get_AllLab_List : MethodFinish
INFO  2023-05-05 11:11:41,399 RoleDataService::? - Get_Role_List : MethodStart
INFO  2023-05-05 11:11:41,501 RoleDataService::? - Get_Role_List : MethodFinish
INFO  2023-05-05 11:29:29,271 LabDataService::? - Get_AllLab_List : MethodStart
INFO  2023-05-05 11:29:30,172 LabDataService::? - Get_AllLab_List : MethodFinish
INFO  2023-05-05 11:29:30,295 RoleDataService::? - Get_Role_List : MethodStart
INFO  2023-05-05 11:29:30,546 RoleDataService::? - Get_Role_List : MethodFinish
INFO  2023-05-05 11:29:42,521 ParameterService::? - Get_Parameter_List : MethodStart
INFO  2023-05-05 11:29:42,678 ParameterService::? - Get_Parameter_List : MethodFinish
INFO  2023-05-05 11:31:56,085 LabDataService::? - Get_AllLab_List : MethodStart
INFO  2023-05-05 11:31:56,991 LabDataService::? - Get_AllLab_List : MethodFinish
INFO  2023-05-05 11:31:57,088 RoleDataService::? - Get_Role_List : MethodStart
INFO  2023-05-05 11:31:57,337 RoleDataService::? - Get_Role_List : MethodFinish
INFO  2023-05-05 11:32:16,234 ParameterService::? - Get_Parameter_List : MethodStart
INFO  2023-05-05 11:32:16,391 ParameterService::? - Get_Parameter_List : MethodFinish
INFO  2023-05-05 11:32:53,475 ParameterService::? - Get_Parameter_List : MethodStart
INFO  2023-05-05 11:32:53,576 ParameterService::? - Get_Parameter_List : MethodFinish
INFO  2023-05-05 11:46:54,657 LabDataService::? - Get_AllLab_List : MethodStart
INFO  2023-05-05 11:46:55,515 LabDataService::? - Get_AllLab_List : MethodFinish
INFO  2023-05-05 11:46:55,607 RoleDataService::? - Get_Role_List : MethodStart
INFO  2023-05-05 11:46:55,887 RoleDataService::? - Get_Role_List : MethodFinish
INFO  2023-05-05 11:47:10,913 ParameterService::? - Get_Parameter_List : MethodStart
INFO  2023-05-05 11:47:11,533 ParameterService::? - Get_Parameter_List : MethodFinish
INFO  2023-05-05 12:05:57,782 LabDataService::? - Get_AllLab_List : MethodStart
INFO  2023-05-05 12:05:58,711 LabDataService::? - Get_AllLab_List : MethodFinish
INFO  2023-05-05 12:05:58,810 RoleDataService::? - Get_Role_List : MethodStart
INFO  2023-05-05 12:05:59,083 RoleDataService::? - Get_Role_List : MethodFinish
INFO  2023-05-05 12:06:17,373 ParameterService::? - Get_Parameter_List : MethodStart
INFO  2023-05-05 12:06:17,530 ParameterService::? - Get_Parameter_List : MethodFinish
INFO  2023-05-05 12:06:27,995 ParameterService::? - Get_Parameter_List : MethodStart
INFO  2023-05-05 12:06:28,098 ParameterService::? - Get_Parameter_List : MethodFinish
INFO  2023-05-05 12:08:38,001 LabDataService::? - Get_AllLab_List : MethodStart
INFO  2023-05-05 12:08:38,944 LabDataService::? - Get_AllLab_List : MethodFinish
INFO  2023-05-05 12:08:39,042 RoleDataService::? - Get_Role_List : MethodStart
INFO  2023-05-05 12:08:39,301 RoleDataService::? - Get_Role_List : MethodFinish
INFO  2023-05-05 12:08:50,894 ParameterService::? - Get_Parameter_List : MethodStart
INFO  2023-05-05 12:08:51,487 ParameterService::? - Get_Parameter_List : MethodFinish
INFO  2023-05-05 12:09:43,484 ParameterService::? - Get_Parameter_List : MethodStart
INFO  2023-05-05 12:09:43,591 ParameterService::? - Get_Parameter_List : MethodFinish
INFO  2023-05-05 12:10:27,008 ParameterService::? - Get_Parameter_List : MethodStart
INFO  2023-05-05 12:10:27,115 ParameterService::? - Get_Parameter_List : MethodFinish
INFO  2023-05-05 12:14:37,277 LabDataService::? - Get_AllLab_List : MethodStart
INFO  2023-05-05 12:14:38,090 LabDataService::? - Get_AllLab_List : MethodFinish
INFO  2023-05-05 12:14:38,178 RoleDataService::? - Get_Role_List : MethodStart
INFO  2023-05-05 12:14:38,426 RoleDataService::? - Get_Role_List : MethodFinish
INFO  2023-05-05 12:14:49,744 ParameterService::? - Get_Parameter_List : MethodStart
INFO  2023-05-05 12:14:49,887 ParameterService::? - Get_Parameter_List : MethodFinish
INFO  2023-05-05 13:14:33,109 LabDataService::? - Get_AllLab_List : MethodStart
INFO  2023-05-05 13:14:34,482 LabDataService::? - Get_AllLab_List : MethodFinish
INFO  2023-05-05 13:14:34,617 RoleDataService::? - Get_Role_List : MethodStart
INFO  2023-05-05 13:14:34,893 RoleDataService::? - Get_Role_List : MethodFinish
INFO  2023-05-05 13:16:40,803 LabDataService::? - Get_AllLab_List : MethodStart
INFO  2023-05-05 13:16:42,033 LabDataService::? - Get_AllLab_List : MethodFinish
INFO  2023-05-05 13:16:42,180 RoleDataService::? - Get_Role_List : MethodStart
INFO  2023-05-05 13:16:42,467 RoleDataService::? - Get_Role_List : MethodFinish
INFO  2023-05-05 13:17:12,041 ParameterService::? - Get_Parameter_List : MethodStart
INFO  2023-05-05 13:17:12,220 ParameterService::? - Get_Parameter_List : MethodFinish
INFO  2023-05-05 13:19:32,174 ParameterService::? - Get_Parameter_List : MethodStart
INFO  2023-05-05 13:19:32,294 ParameterService::? - Get_Parameter_List : MethodFinish
INFO  2023-05-05 13:22:56,808 LabDataService::? - Get_AllLab_List : MethodStart
INFO  2023-05-05 13:22:58,068 LabDataService::? - Get_AllLab_List : MethodFinish
INFO  2023-05-05 13:22:58,221 RoleDataService::? - Get_Role_List : MethodStart
INFO  2023-05-05 13:22:58,471 RoleDataService::? - Get_Role_List : MethodFinish
INFO  2023-05-05 13:23:20,552 ParameterService::? - Get_Parameter_List : MethodStart
INFO  2023-05-05 13:23:20,714 ParameterService::? - Get_Parameter_List : MethodFinish
INFO  2023-05-05 13:36:08,141 LabDataService::? - Get_AllLab_List : MethodStart
INFO  2023-05-05 13:36:09,505 LabDataService::? - Get_AllLab_List : MethodFinish
INFO  2023-05-05 13:36:09,659 RoleDataService::? - Get_Role_List : MethodStart
INFO  2023-05-05 13:36:09,983 RoleDataService::? - Get_Role_List : MethodFinish
INFO  2023-05-05 13:38:34,644 ParameterService::? - Get_Parameter_List : MethodStart
INFO  2023-05-05 13:38:34,807 ParameterService::? - Get_Parameter_List : MethodFinish
INFO  2023-05-05 13:42:48,277 LabDataService::? - Get_AllLab_List : MethodStart
INFO  2023-05-05 13:42:49,610 LabDataService::? - Get_AllLab_List : MethodFinish
INFO  2023-05-05 13:42:49,787 RoleDataService::? - Get_Role_List : MethodStart
INFO  2023-05-05 13:42:50,046 RoleDataService::? - Get_Role_List : MethodFinish
INFO  2023-05-05 13:43:18,752 ParameterService::? - Get_Parameter_List : MethodStart
INFO  2023-05-05 13:43:18,907 ParameterService::? - Get_Parameter_List : MethodFinish
INFO  2023-05-05 13:46:02,867 LabDataService::? - Get_AllLab_List : MethodStart
INFO  2023-05-05 13:46:04,092 LabDataService::? - Get_AllLab_List : MethodFinish
INFO  2023-05-05 13:46:04,251 RoleDataService::? - Get_Role_List : MethodStart
INFO  2023-05-05 13:46:04,545 RoleDataService::? - Get_Role_List : MethodFinish
INFO  2023-05-05 13:49:27,731 ParameterService::? - Get_Parameter_List : MethodStart
INFO  2023-05-05 13:49:27,900 ParameterService::? - Get_Parameter_List : MethodFinish
INFO  2023-05-05 13:49:49,582 ParameterService::? - Get_Parameter_List : MethodStart
INFO  2023-05-05 13:49:49,684 ParameterService::? - Get_Parameter_List : MethodFinish
INFO  2023-05-05 14:38:29,980 LabDataService::? - Get_AllLab_List : MethodStart
INFO  2023-05-05 14:38:31,195 LabDataService::? - Get_AllLab_List : MethodFinish
INFO  2023-05-05 14:38:31,333 RoleDataService::? - Get_Role_List : MethodStart
INFO  2023-05-05 14:38:31,614 RoleDataService::? - Get_Role_List : MethodFinish
