INFO  2023-05-30 09:06:41,633 RoleDataService::? - Get_Role_List : MethodStart
INFO  2023-05-30 09:06:42,830 RoleDataService::? - Get_Role_List : MethodFinish
INFO  2023-05-30 09:09:58,203 RoleDataService::? - Get_Role_List : MethodStart
INFO  2023-05-30 09:09:59,186 RoleDataService::? - Get_Role_List : MethodFinish
INFO  2023-05-30 10:52:04,729 LabDataService::? - Get_AllLab_List : MethodStart
INFO  2023-05-30 10:52:05,837 LabDataService::? - Get_AllLab_List : MethodFinish
INFO  2023-05-30 10:52:05,914 RoleDataService::? - Get_Role_List : MethodStart
INFO  2023-05-30 10:52:06,214 RoleDataService::? - Get_Role_List : MethodFinish
INFO  2023-05-30 10:52:06,294 ParameterService::? - Get_Parameter_List : MethodStart
INFO  2023-05-30 10:52:06,454 ParameterService::? - Get_Parameter_List : MethodFinish
INFO  2023-05-30 10:56:00,983 LabDataService::? - Get_AllLab_List : MethodStart
INFO  2023-05-30 10:56:01,994 LabDataService::? - Get_AllLab_List : MethodFinish
INFO  2023-05-30 10:56:02,078 RoleDataService::? - Get_Role_List : MethodStart
INFO  2023-05-30 10:56:02,429 RoleDataService::? - Get_Role_List : MethodFinish
INFO  2023-05-30 10:56:02,492 ParameterService::? - Get_Parameter_List : MethodStart
INFO  2023-05-30 10:56:02,638 ParameterService::? - Get_Parameter_List : MethodFinish
INFO  2023-05-30 15:16:48,534 LabDataService::? - Get_AllLab_List : MethodStart
INFO  2023-05-30 15:16:49,825 LabDataService::? - Get_AllLab_List : MethodFinish
INFO  2023-05-30 15:16:49,904 RoleDataService::? - Get_Role_List : MethodStart
INFO  2023-05-30 15:16:50,202 RoleDataService::? - Get_Role_List : MethodFinish
INFO  2023-05-30 15:16:50,262 ParameterService::? - Get_Parameter_List : MethodStart
INFO  2023-05-30 15:16:50,430 ParameterService::? - Get_Parameter_List : MethodFinish
INFO  2023-05-30 15:17:02,931 RoleDataService::? - Get_Role_List : MethodStart
INFO  2023-05-30 15:17:03,054 RoleDataService::? - Get_Role_List : MethodFinish
