INFO  2021-09-05 00:00:25,959 ParameterService::? - Get_Parameter_List : MethodStart
INFO  2021-09-05 00:00:26,293 ParameterService::? - Get_Parameter_List : MethodFinish
INFO  2021-09-05 00:01:34,851 LabDataService::? - Get_AllLab_List : MethodStart
INFO  2021-09-05 00:01:34,987 LabDataService::? - Get_AllLab_List : MethodFinish
INFO  2021-09-05 00:01:35,286 RoleDataService::? - Get_Role_List : MethodStart
INFO  2021-09-05 00:01:35,451 RoleDataService::? - Get_Role_List : MethodFinish
INFO  2021-09-05 00:01:47,678 LabDataService::? - Get_AllLab_List : MethodStart
INFO  2021-09-05 00:01:47,795 LabDataService::? - Get_AllLab_List : MethodFinish
INFO  2021-09-05 00:19:51,241 LabDataService::? - Get_AllLab_List : MethodStart
INFO  2021-09-05 00:19:53,583 LabDataService::? - Get_AllLab_List : MethodFinish
INFO  2021-09-05 00:19:53,699 RoleDataService::? - Get_Role_List : MethodStart
INFO  2021-09-05 00:19:54,080 RoleDataService::? - Get_Role_List : MethodFinish
INFO  2021-09-05 00:20:56,989 ParameterService::? - Get_Parameter_List : MethodStart
INFO  2021-09-05 00:20:57,200 ParameterService::? - Get_Parameter_List : MethodFinish
INFO  2021-09-05 21:40:19,088 LabDataService::? - Get_AllLab_List : MethodStart
INFO  2021-09-05 21:40:20,870 LabDataService::? - Get_AllLab_List : MethodFinish
INFO  2021-09-05 21:40:20,969 RoleDataService::? - Get_Role_List : MethodStart
INFO  2021-09-05 21:40:21,315 RoleDataService::? - Get_Role_List : MethodFinish
INFO  2021-09-05 21:41:32,955 ParameterService::? - Get_Parameter_List : MethodStart
INFO  2021-09-05 21:41:33,156 ParameterService::? - Get_Parameter_List : MethodFinish
INFO  2021-09-05 23:26:56,543 LabDataService::? - Get_AllLab_List : MethodStart
INFO  2021-09-05 23:26:58,853 LabDataService::? - Get_AllLab_List : MethodFinish
INFO  2021-09-05 23:26:58,978 RoleDataService::? - Get_Role_List : MethodStart
INFO  2021-09-05 23:26:59,346 RoleDataService::? - Get_Role_List : MethodFinish
INFO  2021-09-05 23:27:21,785 LabDataService::? - Get_AllLab_List : MethodStart
INFO  2021-09-05 23:27:21,983 LabDataService::? - Get_AllLab_List : MethodFinish
INFO  2021-09-05 23:29:18,242 LabDataService::? - Get_AllLab_List : MethodStart
INFO  2021-09-05 23:29:18,375 LabDataService::? - Get_AllLab_List : MethodFinish
INFO  2021-09-05 23:29:18,428 RoleDataService::? - Get_Role_List : MethodStart
INFO  2021-09-05 23:29:18,553 RoleDataService::? - Get_Role_List : MethodFinish
INFO  2021-09-05 23:30:15,806 LabDataService::? - Get_AllLab_List : MethodStart
INFO  2021-09-05 23:30:15,951 LabDataService::? - Get_AllLab_List : MethodFinish
INFO  2021-09-05 23:30:16,005 RoleDataService::? - Get_Role_List : MethodStart
INFO  2021-09-05 23:30:16,124 RoleDataService::? - Get_Role_List : MethodFinish
INFO  2021-09-05 23:30:31,801 LabDataService::? - Get_AllLab_List : MethodStart
INFO  2021-09-05 23:30:31,926 LabDataService::? - Get_AllLab_List : MethodFinish
INFO  2021-09-05 23:32:53,734 LabDataService::? - Get_AllLab_List : MethodStart
INFO  2021-09-05 23:32:53,854 LabDataService::? - Get_AllLab_List : MethodFinish
INFO  2021-09-05 23:32:53,901 RoleDataService::? - Get_Role_List : MethodStart
INFO  2021-09-05 23:32:54,007 RoleDataService::? - Get_Role_List : MethodFinish
INFO  2021-09-05 23:33:06,380 LabDataService::? - Get_AllLab_List : MethodStart
INFO  2021-09-05 23:33:06,498 LabDataService::? - Get_AllLab_List : MethodFinish
INFO  2021-09-05 23:33:06,537 RoleDataService::? - Get_Role_List : MethodStart
INFO  2021-09-05 23:33:06,662 RoleDataService::? - Get_Role_List : MethodFinish
INFO  2021-09-05 23:34:01,545 LabDataService::? - Get_AllLab_List : MethodStart
INFO  2021-09-05 23:34:01,671 LabDataService::? - Get_AllLab_List : MethodFinish
INFO  2021-09-05 23:34:15,823 ParameterService::? - Get_Parameter_List : MethodStart
INFO  2021-09-05 23:34:15,980 ParameterService::? - Get_Parameter_List : MethodFinish
INFO  2021-09-05 23:34:16,038 LabDataService::? - Get_AllLab_List : MethodStart
INFO  2021-09-05 23:34:16,155 LabDataService::? - Get_AllLab_List : MethodFinish
INFO  2021-09-05 23:44:18,898 ParameterService::? - Get_Parameter_List : MethodStart
INFO  2021-09-05 23:44:21,300 ParameterService::? - Get_Parameter_List : MethodFinish
INFO  2021-09-05 23:44:21,438 LabDataService::? - Get_AllLab_List : MethodStart
INFO  2021-09-05 23:44:21,610 LabDataService::? - Get_AllLab_List : MethodFinish
INFO  2021-09-05 23:46:53,592 ParameterService::? - Get_Parameter_List : MethodStart
INFO  2021-09-05 23:46:53,809 ParameterService::? - Get_Parameter_List : MethodFinish
INFO  2021-09-05 23:46:53,863 LabDataService::? - Get_AllLab_List : MethodStart
INFO  2021-09-05 23:46:53,971 LabDataService::? - Get_AllLab_List : MethodFinish
INFO  2021-09-05 23:47:48,707 LabDataService::? - Get_AllLab_List : MethodStart
INFO  2021-09-05 23:47:48,838 LabDataService::? - Get_AllLab_List : MethodFinish
INFO  2021-09-05 23:47:48,919 RoleDataService::? - Get_Role_List : MethodStart
INFO  2021-09-05 23:47:49,371 RoleDataService::? - Get_Role_List : MethodFinish
INFO  2021-09-05 23:47:57,395 ParameterService::? - Get_Parameter_List : MethodStart
INFO  2021-09-05 23:47:57,511 ParameterService::? - Get_Parameter_List : MethodFinish
INFO  2021-09-05 23:47:57,552 LabDataService::? - Get_AllLab_List : MethodStart
INFO  2021-09-05 23:47:57,658 LabDataService::? - Get_AllLab_List : MethodFinish
INFO  2021-09-05 23:52:21,506 LabDataService::? - Get_AllLab_List : MethodStart
INFO  2021-09-05 23:52:21,646 LabDataService::? - Get_AllLab_List : MethodFinish
INFO  2021-09-05 23:52:21,695 RoleDataService::? - Get_Role_List : MethodStart
INFO  2021-09-05 23:52:21,806 RoleDataService::? - Get_Role_List : MethodFinish
INFO  2021-09-05 23:52:47,982 ParameterService::? - Get_Parameter_List : MethodStart
INFO  2021-09-05 23:52:48,094 ParameterService::? - Get_Parameter_List : MethodFinish
INFO  2021-09-05 23:52:48,156 LabDataService::? - Get_AllLab_List : MethodStart
INFO  2021-09-05 23:52:48,269 LabDataService::? - Get_AllLab_List : MethodFinish
INFO  2021-09-05 23:53:00,064 LabDataService::? - Get_AllLab_List : MethodStart
INFO  2021-09-05 23:53:00,187 LabDataService::? - Get_AllLab_List : MethodFinish
INFO  2021-09-05 23:53:00,229 RoleDataService::? - Get_Role_List : MethodStart
INFO  2021-09-05 23:53:00,347 RoleDataService::? - Get_Role_List : MethodFinish
INFO  2021-09-05 23:53:06,985 LabDataService::? - Get_AllLab_List : MethodStart
INFO  2021-09-05 23:53:07,125 LabDataService::? - Get_AllLab_List : MethodFinish
