INFO  2022-02-07 10:30:05,010 LabDataService::? - Get_AllLab_List : MethodStart
INFO  2022-02-07 10:30:07,852 LabDataService::? - Get_AllLab_List : MethodFinish
INFO  2022-02-07 10:30:07,997 RoleDataService::? - Get_Role_List : MethodStart
INFO  2022-02-07 10:30:08,344 RoleDataService::? - Get_Role_List : MethodFinish
INFO  2022-02-07 10:44:54,269 ParameterService::? - Get_Parameter_List : MethodStart
INFO  2022-02-07 10:44:55,228 ParameterService::? - Get_Parameter_List : MethodFinish
INFO  2022-02-07 10:45:27,228 ParameterService::? - Get_Parameter_List : MethodStart
INFO  2022-02-07 10:45:27,346 ParameterService::? - Get_Parameter_List : MethodFinish
INFO  2022-02-07 11:58:45,558 LabDataService::? - Get_AllLab_List : MethodStart
INFO  2022-02-07 11:58:46,693 LabDataService::? - Get_AllLab_List : MethodFinish
INFO  2022-02-07 11:58:46,751 RoleDataService::? - Get_Role_List : MethodStart
INFO  2022-02-07 11:58:47,033 RoleDataService::? - Get_Role_List : MethodFinish
INFO  2022-02-07 12:05:45,592 LabDataService::? - Get_AllLab_List : MethodStart
INFO  2022-02-07 12:05:47,798 LabDataService::? - Get_AllLab_List : MethodFinish
INFO  2022-02-07 12:05:47,912 RoleDataService::? - Get_Role_List : MethodStart
INFO  2022-02-07 12:05:48,201 RoleDataService::? - Get_Role_List : MethodFinish
INFO  2022-02-07 12:09:45,922 LabDataService::? - Get_AllLab_List : MethodStart
INFO  2022-02-07 12:09:46,108 LabDataService::? - Get_AllLab_List : MethodFinish
INFO  2022-02-07 12:09:46,156 RoleDataService::? - Get_Role_List : MethodStart
INFO  2022-02-07 12:09:46,257 RoleDataService::? - Get_Role_List : MethodFinish
