INFO  2022-02-04 10:19:34,034 ParameterService::? - Get_Parameter_List : MethodStart
INFO  2022-02-04 10:19:37,339 ParameterService::? - Get_Parameter_List : MethodFinish
INFO  2022-02-04 10:19:37,519 LabDataService::? - Get_AllLab_List : MethodStart
INFO  2022-02-04 10:19:37,710 LabDataService::? - Get_AllLab_List : MethodFinish
INFO  2022-02-04 10:31:48,161 ParameterService::? - Get_Parameter_List : MethodStart
INFO  2022-02-04 10:31:48,699 ParameterService::? - Get_Parameter_List : MethodFinish
INFO  2022-02-04 10:43:13,233 LabDataService::? - Get_AllLab_List : MethodStart
INFO  2022-02-04 10:43:13,562 LabDataService::? - Get_AllLab_List : MethodFinish
INFO  2022-02-04 10:43:13,743 RoleDataService::? - Get_Role_List : MethodStart
INFO  2022-02-04 10:43:14,092 RoleDataService::? - Get_Role_List : MethodFinish
INFO  2022-02-04 10:45:50,823 ParameterService::? - Get_Parameter_List : MethodStart
INFO  2022-02-04 10:45:50,953 ParameterService::? - Get_Parameter_List : MethodFinish
INFO  2022-02-04 10:45:52,113 ParameterService::? - Get_Parameter_List : MethodStart
INFO  2022-02-04 10:45:52,219 ParameterService::? - Get_Parameter_List : MethodFinish
INFO  2022-02-04 11:30:49,185 LabDataService::? - Get_AllLab_List : MethodStart
INFO  2022-02-04 11:30:51,303 LabDataService::? - Get_AllLab_List : MethodFinish
INFO  2022-02-04 11:31:46,343 ProvinceDataService::? - Get_Province_List : MethodStart
INFO  2022-02-04 11:31:46,517 ProvinceDataService::? - Get_Province_List : MethodFinish
INFO  2022-02-04 11:33:04,368 LabDataService::? - Get_AllLab_List : MethodStart
INFO  2022-02-04 11:33:04,547 LabDataService::? - Get_AllLab_List : MethodFinish
INFO  2022-02-04 11:33:08,537 HospitalDataService::? - Get_TCHospital_List : MethodStart
INFO  2022-02-04 11:33:08,677 HospitalDataService::? - Get_TCHospital_List : MethodFinish
INFO  2022-02-04 11:34:19,291 LabDataService::? - Get_AllLab_List : MethodStart
INFO  2022-02-04 11:34:19,452 LabDataService::? - Get_AllLab_List : MethodFinish
INFO  2022-02-04 11:34:19,629 RoleDataService::? - Get_Role_List : MethodStart
INFO  2022-02-04 11:34:19,971 RoleDataService::? - Get_Role_List : MethodFinish
INFO  2022-02-04 11:34:50,546 ParameterService::? - Get_Parameter_List : MethodStart
INFO  2022-02-04 11:34:50,677 ParameterService::? - Get_Parameter_List : MethodFinish
INFO  2022-02-04 11:34:59,710 ParameterService::? - Get_Parameter_List : MethodStart
INFO  2022-02-04 11:34:59,807 ParameterService::? - Get_Parameter_List : MethodFinish
INFO  2022-02-04 11:55:18,821 ParameterService::? - Get_Parameter_List : MethodStart
INFO  2022-02-04 11:55:20,737 ParameterService::? - Get_Parameter_List : MethodFinish
INFO  2022-02-04 11:55:20,872 LabDataService::? - Get_AllLab_List : MethodStart
INFO  2022-02-04 11:55:21,038 LabDataService::? - Get_AllLab_List : MethodFinish
INFO  2022-02-04 11:56:05,297 LabDataService::? - Get_AllLab_List : MethodStart
INFO  2022-02-04 11:56:05,481 LabDataService::? - Get_AllLab_List : MethodFinish
INFO  2022-02-04 11:56:05,689 RoleDataService::? - Get_Role_List : MethodStart
INFO  2022-02-04 11:56:06,085 RoleDataService::? - Get_Role_List : MethodFinish
INFO  2022-02-04 11:56:10,766 ParameterService::? - Get_Parameter_List : MethodStart
INFO  2022-02-04 11:56:10,881 ParameterService::? - Get_Parameter_List : MethodFinish
INFO  2022-02-04 11:56:10,990 LabDataService::? - Get_AllLab_List : MethodStart
INFO  2022-02-04 11:56:11,108 LabDataService::? - Get_AllLab_List : MethodFinish
INFO  2022-02-04 13:08:12,987 LabDataService::? - Get_AllLab_List : MethodStart
INFO  2022-02-04 13:08:13,345 LabDataService::? - Get_AllLab_List : MethodFinish
INFO  2022-02-04 13:08:13,394 RoleDataService::? - Get_Role_List : MethodStart
INFO  2022-02-04 13:08:13,652 RoleDataService::? - Get_Role_List : MethodFinish
INFO  2022-02-04 13:08:34,934 LabDataService::? - Get_AllLab_List : MethodStart
INFO  2022-02-04 13:08:35,046 LabDataService::? - Get_AllLab_List : MethodFinish
INFO  2022-02-04 13:34:17,946 ParameterService::? - Get_Parameter_List : MethodStart
INFO  2022-02-04 13:34:19,038 ParameterService::? - Get_Parameter_List : MethodFinish
INFO  2022-02-04 13:34:19,114 LabDataService::? - Get_AllLab_List : MethodStart
INFO  2022-02-04 13:34:19,248 LabDataService::? - Get_AllLab_List : MethodFinish
INFO  2022-02-04 14:43:08,120 LabDataService::? - Get_AllLab_List : MethodStart
INFO  2022-02-04 14:43:09,342 LabDataService::? - Get_AllLab_List : MethodFinish
INFO  2022-02-04 14:43:30,328 ProvinceDataService::? - Get_Province_List : MethodStart
INFO  2022-02-04 14:43:30,482 ProvinceDataService::? - Get_Province_List : MethodFinish
INFO  2022-02-04 14:44:09,410 LabDataService::? - Get_AllLab_List : MethodStart
INFO  2022-02-04 14:44:09,546 LabDataService::? - Get_AllLab_List : MethodFinish
INFO  2022-02-04 14:44:12,173 HospitalDataService::? - Get_TCHospital_List : MethodStart
INFO  2022-02-04 14:44:12,300 HospitalDataService::? - Get_TCHospital_List : MethodFinish
INFO  2022-02-04 14:44:49,353 LabDataService::? - Get_AllLab_List : MethodStart
INFO  2022-02-04 14:44:49,456 LabDataService::? - Get_AllLab_List : MethodFinish
INFO  2022-02-04 14:44:49,533 RoleDataService::? - Get_Role_List : MethodStart
INFO  2022-02-04 14:44:49,831 RoleDataService::? - Get_Role_List : MethodFinish
INFO  2022-02-04 14:45:26,533 ParameterService::? - Get_Parameter_List : MethodStart
INFO  2022-02-04 14:45:26,674 ParameterService::? - Get_Parameter_List : MethodFinish
INFO  2022-02-04 14:45:31,787 ParameterService::? - Get_Parameter_List : MethodStart
INFO  2022-02-04 14:45:31,892 ParameterService::? - Get_Parameter_List : MethodFinish
INFO  2022-02-04 14:56:06,706 LabDataService::? - Get_AllLab_List : MethodStart
INFO  2022-02-04 14:56:07,978 LabDataService::? - Get_AllLab_List : MethodFinish
INFO  2022-02-04 14:56:08,043 ParameterService::? - Get_Parameter_List : MethodStart
INFO  2022-02-04 14:56:08,220 ParameterService::? - Get_Parameter_List : MethodFinish
INFO  2022-02-04 14:59:43,093 LabDataService::? - Get_AllLab_List : MethodStart
INFO  2022-02-04 14:59:43,250 LabDataService::? - Get_AllLab_List : MethodFinish
INFO  2022-02-04 16:07:24,795 LabDataService::? - Get_AllLab_List : MethodStart
INFO  2022-02-04 16:07:25,136 LabDataService::? - Get_AllLab_List : MethodFinish
