INFO  2021-11-09 11:07:42,019 ParameterService::? - Get_Parameter_List : MethodStart
INFO  2021-11-09 11:07:43,272 ParameterService::? - Get_Parameter_List : MethodFinish
INFO  2021-11-09 11:18:54,457 ParameterService::? - Get_Parameter_List : MethodStart
INFO  2021-11-09 11:18:55,597 ParameterService::? - Get_Parameter_List : MethodFinish
INFO  2021-11-09 11:23:15,905 ParameterService::? - Get_Parameter_List : MethodStart
INFO  2021-11-09 11:23:17,009 ParameterService::? - Get_Parameter_List : MethodFinish
INFO  2021-11-09 11:24:16,222 ParameterService::? - Get_Parameter_List : MethodStart
INFO  2021-11-09 11:24:16,333 ParameterService::? - Get_Parameter_List : MethodFinish
INFO  2021-11-09 12:08:01,624 LabDataService::? - Get_AllLab_List : MethodStart
INFO  2021-11-09 12:08:02,767 LabDataService::? - Get_AllLab_List : MethodFinish
INFO  2021-11-09 12:08:02,837 ParameterService::? - Get_Parameter_List : MethodStart
INFO  2021-11-09 12:08:02,969 ParameterService::? - Get_Parameter_List : MethodFinish
INFO  2021-11-09 12:13:04,336 LabDataService::? - Get_AllLab_List : MethodStart
INFO  2021-11-09 12:13:04,489 LabDataService::? - Get_AllLab_List : MethodFinish
INFO  2021-11-09 12:13:04,538 ParameterService::? - Get_Parameter_List : MethodStart
INFO  2021-11-09 12:13:04,646 ParameterService::? - Get_Parameter_List : MethodFinish
INFO  2021-11-09 12:18:11,547 LabDataService::? - Get_AllLab_List : MethodStart
INFO  2021-11-09 12:18:11,920 LabDataService::? - Get_AllLab_List : MethodFinish
INFO  2021-11-09 12:18:11,988 ParameterService::? - Get_Parameter_List : MethodStart
INFO  2021-11-09 12:18:12,091 ParameterService::? - Get_Parameter_List : MethodFinish
INFO  2021-11-09 12:19:47,045 LabDataService::? - Get_AllLab_List : MethodStart
INFO  2021-11-09 12:19:47,142 LabDataService::? - Get_AllLab_List : MethodFinish
INFO  2021-11-09 12:19:47,188 ParameterService::? - Get_Parameter_List : MethodStart
INFO  2021-11-09 12:19:47,289 ParameterService::? - Get_Parameter_List : MethodFinish
INFO  2021-11-09 13:03:49,594 ParameterService::? - Get_Parameter_List : MethodStart
INFO  2021-11-09 13:03:49,838 ParameterService::? - Get_Parameter_List : MethodFinish
INFO  2021-11-09 13:03:50,194 LabDataService::? - Get_AllLab_List : MethodStart
INFO  2021-11-09 13:03:50,302 LabDataService::? - Get_AllLab_List : MethodFinish
INFO  2021-11-09 13:05:04,236 LabDataService::? - Get_AllLab_List : MethodStart
INFO  2021-11-09 13:05:04,336 LabDataService::? - Get_AllLab_List : MethodFinish
INFO  2021-11-09 13:05:04,385 ParameterService::? - Get_Parameter_List : MethodStart
INFO  2021-11-09 13:05:04,493 ParameterService::? - Get_Parameter_List : MethodFinish
INFO  2021-11-09 13:08:31,120 LabDataService::? - Get_AllLab_List : MethodStart
INFO  2021-11-09 13:08:31,376 LabDataService::? - Get_AllLab_List : MethodFinish
INFO  2021-11-09 13:08:31,422 ParameterService::? - Get_Parameter_List : MethodStart
INFO  2021-11-09 13:08:31,523 ParameterService::? - Get_Parameter_List : MethodFinish
INFO  2021-11-09 13:08:44,839 ParameterService::? - Get_Parameter_List : MethodStart
INFO  2021-11-09 13:08:44,937 ParameterService::? - Get_Parameter_List : MethodFinish
INFO  2021-11-09 13:08:45,124 LabDataService::? - Get_AllLab_List : MethodStart
INFO  2021-11-09 13:08:45,224 LabDataService::? - Get_AllLab_List : MethodFinish
INFO  2021-11-09 13:13:07,144 LabDataService::? - Get_AllLab_List : MethodStart
INFO  2021-11-09 13:13:07,410 LabDataService::? - Get_AllLab_List : MethodFinish
INFO  2021-11-09 13:13:07,475 ParameterService::? - Get_Parameter_List : MethodStart
INFO  2021-11-09 13:13:07,571 ParameterService::? - Get_Parameter_List : MethodFinish
INFO  2021-11-09 13:27:56,169 ParameterService::? - Get_Parameter_List : MethodStart
INFO  2021-11-09 13:27:56,428 ParameterService::? - Get_Parameter_List : MethodFinish
INFO  2021-11-09 13:27:56,799 LabDataService::? - Get_AllLab_List : MethodStart
INFO  2021-11-09 13:27:56,911 LabDataService::? - Get_AllLab_List : MethodFinish
INFO  2021-11-09 13:28:01,524 LabDataService::? - Get_AllLab_List : MethodStart
INFO  2021-11-09 13:28:01,629 LabDataService::? - Get_AllLab_List : MethodFinish
INFO  2021-11-09 13:28:01,663 ParameterService::? - Get_Parameter_List : MethodStart
INFO  2021-11-09 13:28:01,768 ParameterService::? - Get_Parameter_List : MethodFinish
INFO  2021-11-09 13:28:04,972 ParameterService::? - Get_Parameter_List : MethodStart
INFO  2021-11-09 13:28:05,075 ParameterService::? - Get_Parameter_List : MethodFinish
INFO  2021-11-09 13:28:05,415 LabDataService::? - Get_AllLab_List : MethodStart
INFO  2021-11-09 13:28:05,519 LabDataService::? - Get_AllLab_List : MethodFinish
INFO  2021-11-09 13:28:09,076 LabDataService::? - Get_AllLab_List : MethodStart
INFO  2021-11-09 13:28:09,178 LabDataService::? - Get_AllLab_List : MethodFinish
INFO  2021-11-09 13:28:09,211 ParameterService::? - Get_Parameter_List : MethodStart
INFO  2021-11-09 13:28:09,316 ParameterService::? - Get_Parameter_List : MethodFinish
INFO  2021-11-09 13:28:11,564 ParameterService::? - Get_Parameter_List : MethodStart
INFO  2021-11-09 13:28:11,672 ParameterService::? - Get_Parameter_List : MethodFinish
INFO  2021-11-09 13:28:11,844 LabDataService::? - Get_AllLab_List : MethodStart
INFO  2021-11-09 13:28:11,957 LabDataService::? - Get_AllLab_List : MethodFinish
INFO  2021-11-09 13:46:54,444 LabDataService::? - Get_AllLab_List : MethodStart
INFO  2021-11-09 13:46:55,678 LabDataService::? - Get_AllLab_List : MethodFinish
INFO  2021-11-09 13:46:55,749 ParameterService::? - Get_Parameter_List : MethodStart
INFO  2021-11-09 13:46:55,884 ParameterService::? - Get_Parameter_List : MethodFinish
INFO  2021-11-09 13:47:38,511 ParameterService::? - Get_Parameter_List : MethodStart
INFO  2021-11-09 13:47:38,648 ParameterService::? - Get_Parameter_List : MethodFinish
INFO  2021-11-09 13:47:38,894 LabDataService::? - Get_AllLab_List : MethodStart
INFO  2021-11-09 13:47:39,008 LabDataService::? - Get_AllLab_List : MethodFinish
INFO  2021-11-09 13:57:25,002 LabDataService::? - Get_AllLab_List : MethodStart
INFO  2021-11-09 13:57:26,092 LabDataService::? - Get_AllLab_List : MethodFinish
INFO  2021-11-09 13:57:26,171 ParameterService::? - Get_Parameter_List : MethodStart
INFO  2021-11-09 13:57:26,318 ParameterService::? - Get_Parameter_List : MethodFinish
INFO  2021-11-09 13:57:35,968 ParameterService::? - Get_Parameter_List : MethodStart
INFO  2021-11-09 13:57:36,105 ParameterService::? - Get_Parameter_List : MethodFinish
INFO  2021-11-09 13:57:36,312 LabDataService::? - Get_AllLab_List : MethodStart
INFO  2021-11-09 13:57:36,430 LabDataService::? - Get_AllLab_List : MethodFinish
INFO  2021-11-09 14:13:40,521 LabDataService::? - Get_AllLab_List : MethodStart
INFO  2021-11-09 14:13:40,798 LabDataService::? - Get_AllLab_List : MethodFinish
INFO  2021-11-09 14:13:40,851 ParameterService::? - Get_Parameter_List : MethodStart
INFO  2021-11-09 14:13:40,959 ParameterService::? - Get_Parameter_List : MethodFinish
INFO  2021-11-09 14:13:59,400 ParameterService::? - Get_Parameter_List : MethodStart
INFO  2021-11-09 14:13:59,506 ParameterService::? - Get_Parameter_List : MethodFinish
INFO  2021-11-09 14:13:59,916 LabDataService::? - Get_AllLab_List : MethodStart
INFO  2021-11-09 14:14:00,026 LabDataService::? - Get_AllLab_List : MethodFinish
INFO  2021-11-09 14:14:44,696 LabDataService::? - Get_AllLab_List : MethodStart
INFO  2021-11-09 14:14:44,828 LabDataService::? - Get_AllLab_List : MethodFinish
INFO  2021-11-09 14:14:44,865 ParameterService::? - Get_Parameter_List : MethodStart
INFO  2021-11-09 14:14:44,972 ParameterService::? - Get_Parameter_List : MethodFinish
INFO  2021-11-09 14:21:28,898 LabDataService::? - Get_AllLab_List : MethodStart
INFO  2021-11-09 14:21:29,916 LabDataService::? - Get_AllLab_List : MethodFinish
INFO  2021-11-09 14:21:29,984 ParameterService::? - Get_Parameter_List : MethodStart
INFO  2021-11-09 14:21:30,115 ParameterService::? - Get_Parameter_List : MethodFinish
INFO  2021-11-09 14:22:23,175 LabDataService::? - Get_AllLab_List : MethodStart
INFO  2021-11-09 14:22:23,319 LabDataService::? - Get_AllLab_List : MethodFinish
INFO  2021-11-09 14:22:23,406 RoleDataService::? - Get_Role_List : MethodStart
INFO  2021-11-09 14:22:23,690 RoleDataService::? - Get_Role_List : MethodFinish
INFO  2021-11-09 14:24:27,840 ProvinceDataService::? - Get_Province_List : MethodStart
INFO  2021-11-09 14:24:27,949 ProvinceDataService::? - Get_Province_List : MethodFinish
INFO  2021-11-09 14:26:55,973 LabDataService::? - Get_AllLab_List : MethodStart
INFO  2021-11-09 14:26:56,078 LabDataService::? - Get_AllLab_List : MethodFinish
INFO  2021-11-09 14:26:58,375 HospitalDataService::? - Get_TCHospital_List : MethodStart
INFO  2021-11-09 14:26:58,523 HospitalDataService::? - Get_TCHospital_List : MethodFinish
INFO  2021-11-09 14:27:57,915 LabDataService::? - Get_AllLab_List : MethodStart
INFO  2021-11-09 14:27:58,023 LabDataService::? - Get_AllLab_List : MethodFinish
INFO  2021-11-09 14:27:58,067 RoleDataService::? - Get_Role_List : MethodStart
INFO  2021-11-09 14:27:58,164 RoleDataService::? - Get_Role_List : MethodFinish
INFO  2021-11-09 14:28:34,265 ParameterService::? - Get_Parameter_List : MethodStart
INFO  2021-11-09 14:28:34,370 ParameterService::? - Get_Parameter_List : MethodFinish
INFO  2021-11-09 14:28:39,499 ParameterService::? - Get_Parameter_List : MethodStart
INFO  2021-11-09 14:28:39,593 ParameterService::? - Get_Parameter_List : MethodFinish
INFO  2021-11-09 14:58:42,661 LabDataService::? - Get_AllLab_List : MethodStart
INFO  2021-11-09 14:58:43,782 LabDataService::? - Get_AllLab_List : MethodFinish
INFO  2021-11-09 14:58:43,848 ParameterService::? - Get_Parameter_List : MethodStart
INFO  2021-11-09 14:58:43,988 ParameterService::? - Get_Parameter_List : MethodFinish
INFO  2021-11-09 14:59:00,382 LabDataService::? - Get_AllLab_List : MethodStart
INFO  2021-11-09 14:59:00,524 LabDataService::? - Get_AllLab_List : MethodFinish
INFO  2021-11-09 14:59:00,572 RoleDataService::? - Get_Role_List : MethodStart
INFO  2021-11-09 14:59:00,961 RoleDataService::? - Get_Role_List : MethodFinish
INFO  2021-11-09 15:00:52,159 ParameterService::? - Get_Parameter_List : MethodStart
INFO  2021-11-09 15:00:52,266 ParameterService::? - Get_Parameter_List : MethodFinish
INFO  2021-11-09 15:00:52,336 LabDataService::? - Get_AllLab_List : MethodStart
INFO  2021-11-09 15:00:52,458 LabDataService::? - Get_AllLab_List : MethodFinish
INFO  2021-11-09 15:01:03,553 LabDataService::? - Get_AllLab_List : MethodStart
INFO  2021-11-09 15:01:03,709 LabDataService::? - Get_AllLab_List : MethodFinish
INFO  2021-11-09 15:01:03,748 ParameterService::? - Get_Parameter_List : MethodStart
INFO  2021-11-09 15:01:03,856 ParameterService::? - Get_Parameter_List : MethodFinish
INFO  2021-11-09 15:01:08,490 ParameterService::? - Get_Parameter_List : MethodStart
INFO  2021-11-09 15:01:08,601 ParameterService::? - Get_Parameter_List : MethodFinish
INFO  2021-11-09 15:01:08,796 LabDataService::? - Get_AllLab_List : MethodStart
INFO  2021-11-09 15:01:08,905 LabDataService::? - Get_AllLab_List : MethodFinish
INFO  2021-11-09 15:02:19,367 LabDataService::? - Get_AllLab_List : MethodStart
INFO  2021-11-09 15:02:19,469 LabDataService::? - Get_AllLab_List : MethodFinish
INFO  2021-11-09 15:02:19,511 RoleDataService::? - Get_Role_List : MethodStart
INFO  2021-11-09 15:02:19,605 RoleDataService::? - Get_Role_List : MethodFinish
INFO  2021-11-09 15:05:41,684 LabDataService::? - Get_AllLab_List : MethodStart
INFO  2021-11-09 15:05:41,793 LabDataService::? - Get_AllLab_List : MethodFinish
INFO  2021-11-09 15:05:41,838 ParameterService::? - Get_Parameter_List : MethodStart
INFO  2021-11-09 15:05:41,942 ParameterService::? - Get_Parameter_List : MethodFinish
INFO  2021-11-09 15:05:48,179 ParameterService::? - Get_Parameter_List : MethodStart
INFO  2021-11-09 15:05:48,276 ParameterService::? - Get_Parameter_List : MethodFinish
INFO  2021-11-09 15:05:48,476 LabDataService::? - Get_AllLab_List : MethodStart
INFO  2021-11-09 15:05:48,584 LabDataService::? - Get_AllLab_List : MethodFinish
INFO  2021-11-09 15:06:34,921 LabDataService::? - Get_AllLab_List : MethodStart
INFO  2021-11-09 15:06:35,026 LabDataService::? - Get_AllLab_List : MethodFinish
INFO  2021-11-09 15:06:35,078 ParameterService::? - Get_Parameter_List : MethodStart
INFO  2021-11-09 15:06:35,183 ParameterService::? - Get_Parameter_List : MethodFinish
INFO  2021-11-09 15:07:18,432 ParameterService::? - Get_Parameter_List : MethodStart
INFO  2021-11-09 15:07:18,532 ParameterService::? - Get_Parameter_List : MethodFinish
INFO  2021-11-09 15:07:18,896 LabDataService::? - Get_AllLab_List : MethodStart
INFO  2021-11-09 15:07:19,005 LabDataService::? - Get_AllLab_List : MethodFinish
INFO  2021-11-09 15:15:03,006 LabDataService::? - Get_AllLab_List : MethodStart
INFO  2021-11-09 15:15:04,118 LabDataService::? - Get_AllLab_List : MethodFinish
INFO  2021-11-09 15:15:04,195 ParameterService::? - Get_Parameter_List : MethodStart
INFO  2021-11-09 15:15:04,321 ParameterService::? - Get_Parameter_List : MethodFinish
INFO  2021-11-09 15:19:17,474 ParameterService::? - Get_Parameter_List : MethodStart
INFO  2021-11-09 15:19:17,620 ParameterService::? - Get_Parameter_List : MethodFinish
INFO  2021-11-09 15:19:18,071 LabDataService::? - Get_AllLab_List : MethodStart
INFO  2021-11-09 15:19:18,183 LabDataService::? - Get_AllLab_List : MethodFinish
INFO  2021-11-09 15:19:36,282 LabDataService::? - Get_AllLab_List : MethodStart
INFO  2021-11-09 15:19:36,393 LabDataService::? - Get_AllLab_List : MethodFinish
INFO  2021-11-09 15:19:36,438 ParameterService::? - Get_Parameter_List : MethodStart
INFO  2021-11-09 15:19:36,545 ParameterService::? - Get_Parameter_List : MethodFinish
INFO  2021-11-09 15:19:49,649 ParameterService::? - Get_Parameter_List : MethodStart
INFO  2021-11-09 15:19:49,756 ParameterService::? - Get_Parameter_List : MethodFinish
INFO  2021-11-09 15:19:49,946 LabDataService::? - Get_AllLab_List : MethodStart
INFO  2021-11-09 15:19:50,056 LabDataService::? - Get_AllLab_List : MethodFinish
INFO  2021-11-09 15:54:14,000 LabDataService::? - Get_AllLab_List : MethodStart
INFO  2021-11-09 15:54:14,265 LabDataService::? - Get_AllLab_List : MethodFinish
INFO  2021-11-09 15:54:14,319 ParameterService::? - Get_Parameter_List : MethodStart
INFO  2021-11-09 15:54:14,423 ParameterService::? - Get_Parameter_List : MethodFinish
INFO  2021-11-09 15:54:16,667 ParameterService::? - Get_Parameter_List : MethodStart
INFO  2021-11-09 15:54:16,766 ParameterService::? - Get_Parameter_List : MethodFinish
INFO  2021-11-09 15:54:16,943 LabDataService::? - Get_AllLab_List : MethodStart
INFO  2021-11-09 15:54:17,058 LabDataService::? - Get_AllLab_List : MethodFinish
INFO  2021-11-09 15:55:28,051 LabDataService::? - Get_AllLab_List : MethodStart
INFO  2021-11-09 15:55:28,154 LabDataService::? - Get_AllLab_List : MethodFinish
INFO  2021-11-09 15:55:28,202 ParameterService::? - Get_Parameter_List : MethodStart
INFO  2021-11-09 15:55:28,308 ParameterService::? - Get_Parameter_List : MethodFinish
INFO  2021-11-09 15:58:57,063 ParameterService::? - Get_Parameter_List : MethodStart
INFO  2021-11-09 15:58:57,185 ParameterService::? - Get_Parameter_List : MethodFinish
INFO  2021-11-09 15:58:57,561 LabDataService::? - Get_AllLab_List : MethodStart
INFO  2021-11-09 15:58:57,671 LabDataService::? - Get_AllLab_List : MethodFinish
INFO  2021-11-09 15:59:01,936 LabDataService::? - Get_AllLab_List : MethodStart
INFO  2021-11-09 15:59:02,044 LabDataService::? - Get_AllLab_List : MethodFinish
INFO  2021-11-09 15:59:02,083 ParameterService::? - Get_Parameter_List : MethodStart
INFO  2021-11-09 15:59:02,194 ParameterService::? - Get_Parameter_List : MethodFinish
INFO  2021-11-09 16:43:18,696 ParameterService::? - Get_Parameter_List : MethodStart
INFO  2021-11-09 16:43:19,077 ParameterService::? - Get_Parameter_List : MethodFinish
INFO  2021-11-09 16:43:19,134 LabDataService::? - Get_AllLab_List : MethodStart
INFO  2021-11-09 16:43:19,248 LabDataService::? - Get_AllLab_List : MethodFinish
INFO  2021-11-09 17:06:03,967 ParameterService::? - Get_Parameter_List : MethodStart
INFO  2021-11-09 17:06:04,991 ParameterService::? - Get_Parameter_List : MethodFinish
INFO  2021-11-09 17:06:05,062 LabDataService::? - Get_AllLab_List : MethodStart
INFO  2021-11-09 17:06:05,205 LabDataService::? - Get_AllLab_List : MethodFinish
INFO  2021-11-09 17:21:06,368 ParameterService::? - Get_Parameter_List : MethodStart
INFO  2021-11-09 17:21:07,807 ParameterService::? - Get_Parameter_List : MethodFinish
INFO  2021-11-09 17:21:07,882 LabDataService::? - Get_AllLab_List : MethodStart
INFO  2021-11-09 17:21:08,054 LabDataService::? - Get_AllLab_List : MethodFinish
INFO  2021-11-09 17:47:00,496 ParameterService::? - Get_Parameter_List : MethodStart
INFO  2021-11-09 17:47:01,497 ParameterService::? - Get_Parameter_List : MethodFinish
INFO  2021-11-09 17:47:01,562 LabDataService::? - Get_AllLab_List : MethodStart
INFO  2021-11-09 17:47:01,693 LabDataService::? - Get_AllLab_List : MethodFinish
INFO  2021-11-09 17:57:12,525 ParameterService::? - Get_Parameter_List : MethodStart
INFO  2021-11-09 17:57:13,549 ParameterService::? - Get_Parameter_List : MethodFinish
INFO  2021-11-09 17:57:13,611 LabDataService::? - Get_AllLab_List : MethodStart
INFO  2021-11-09 17:57:13,756 LabDataService::? - Get_AllLab_List : MethodFinish
INFO  2021-11-09 17:57:30,505 LabDataService::? - Get_AllLab_List : MethodStart
INFO  2021-11-09 17:57:30,647 LabDataService::? - Get_AllLab_List : MethodFinish
INFO  2021-11-09 17:57:30,701 RoleDataService::? - Get_Role_List : MethodStart
INFO  2021-11-09 17:57:30,966 RoleDataService::? - Get_Role_List : MethodFinish
INFO  2021-11-09 17:57:42,506 LabDataService::? - Get_AllLab_List : MethodStart
INFO  2021-11-09 17:57:42,621 LabDataService::? - Get_AllLab_List : MethodFinish
