INFO  2021-09-29 09:28:24,629 LabDataService::? - Get_AllLab_List : MethodStart
INFO  2021-09-29 09:28:26,123 LabDataService::? - Get_AllLab_List : MethodFinish
INFO  2021-09-29 09:28:26,196 RoleDataService::? - Get_Role_List : MethodStart
INFO  2021-09-29 09:28:26,527 RoleDataService::? - Get_Role_List : MethodFinish
INFO  2021-09-29 09:54:51,998 LabDataService::? - Get_AllLab_List : MethodStart
INFO  2021-09-29 09:54:52,283 LabDataService::? - Get_AllLab_List : MethodFinish
INFO  2021-09-29 09:54:52,319 RoleDataService::? - Get_Role_List : MethodStart
INFO  2021-09-29 09:54:52,564 RoleDataService::? - Get_Role_List : MethodFinish
INFO  2021-09-29 15:07:20,089 LabDataService::? - Get_AllLab_List : MethodStart
INFO  2021-09-29 15:07:21,210 LabDataService::? - Get_AllLab_List : MethodFinish
INFO  2021-09-29 15:07:21,281 RoleDataService::? - Get_Role_List : MethodStart
INFO  2021-09-29 15:07:21,586 RoleDataService::? - Get_Role_List : MethodFinish
INFO  2021-09-29 15:08:42,370 ParameterService::? - Get_Parameter_List : MethodStart
INFO  2021-09-29 15:08:42,548 ParameterService::? - Get_Parameter_List : MethodFinish
INFO  2021-09-29 15:08:52,096 ParameterService::? - Get_Parameter_List : MethodStart
INFO  2021-09-29 15:08:52,202 ParameterService::? - Get_Parameter_List : MethodFinish
INFO  2021-09-29 16:10:51,947 ParameterService::? - Get_Parameter_List : MethodStart
INFO  2021-09-29 16:10:53,201 ParameterService::? - Get_Parameter_List : MethodFinish
INFO  2021-09-29 16:11:19,180 ParameterService::? - Get_Parameter_List : MethodStart
INFO  2021-09-29 16:11:19,290 ParameterService::? - Get_Parameter_List : MethodFinish
INFO  2021-09-29 16:11:30,457 ParameterService::? - Get_Parameter_List : MethodStart
INFO  2021-09-29 16:11:30,600 ParameterService::? - Get_Parameter_List : MethodFinish
INFO  2021-09-29 16:11:49,391 ParameterService::? - Get_Parameter_List : MethodStart
INFO  2021-09-29 16:11:49,502 ParameterService::? - Get_Parameter_List : MethodFinish
INFO  2021-09-29 16:12:40,311 ParameterService::? - Get_Parameter_List : MethodStart
INFO  2021-09-29 16:12:40,422 ParameterService::? - Get_Parameter_List : MethodFinish
INFO  2021-09-29 16:13:20,806 ParameterService::? - Get_Parameter_List : MethodStart
INFO  2021-09-29 16:13:20,915 ParameterService::? - Get_Parameter_List : MethodFinish
INFO  2021-09-29 16:22:52,493 LabDataService::? - Get_AllLab_List : MethodStart
INFO  2021-09-29 16:22:53,961 LabDataService::? - Get_AllLab_List : MethodFinish
INFO  2021-09-29 16:22:54,049 RoleDataService::? - Get_Role_List : MethodStart
INFO  2021-09-29 16:22:54,345 RoleDataService::? - Get_Role_List : MethodFinish
INFO  2021-09-29 16:38:08,772 ParameterService::? - Get_Parameter_List : MethodStart
INFO  2021-09-29 16:38:09,230 ParameterService::? - Get_Parameter_List : MethodFinish
INFO  2021-09-29 16:38:22,530 ParameterService::? - Get_Parameter_List : MethodStart
INFO  2021-09-29 16:38:22,649 ParameterService::? - Get_Parameter_List : MethodFinish
INFO  2021-09-29 22:53:50,440 LabDataService::? - Get_AllLab_List : MethodStart
INFO  2021-09-29 22:53:52,547 LabDataService::? - Get_AllLab_List : MethodFinish
INFO  2021-09-29 22:53:52,743 RoleDataService::? - Get_Role_List : MethodStart
INFO  2021-09-29 22:53:53,122 RoleDataService::? - Get_Role_List : MethodFinish
INFO  2021-09-29 22:54:51,229 ParameterService::? - Get_Parameter_List : MethodStart
INFO  2021-09-29 22:54:51,476 ParameterService::? - Get_Parameter_List : MethodFinish
INFO  2021-09-29 22:55:05,849 ParameterService::? - Get_Parameter_List : MethodStart
INFO  2021-09-29 22:55:05,975 ParameterService::? - Get_Parameter_List : MethodFinish
