INFO  2022-02-15 11:28:09,593 ProvinceDataService::? - Get_Province_List : MethodStart
INFO  2022-02-15 11:28:10,936 ProvinceDataService::? - Get_Province_List : MethodFinish
INFO  2022-02-15 11:28:51,503 LabDataService::? - Get_AllLab_List : MethodStart
INFO  2022-02-15 11:28:51,651 LabDataService::? - Get_AllLab_List : MethodFinish
INFO  2022-02-15 11:28:51,721 RoleDataService::? - Get_Role_List : MethodStart
INFO  2022-02-15 11:28:51,992 RoleDataService::? - Get_Role_List : MethodFinish
INFO  2022-02-15 11:29:36,426 LabDataService::? - Get_AllLab_List : MethodStart
INFO  2022-02-15 11:29:36,529 LabDataService::? - Get_AllLab_List : MethodFinish
INFO  2022-02-15 11:31:20,633 ParameterService::? - Get_Parameter_List : MethodStart
INFO  2022-02-15 11:31:20,753 ParameterService::? - Get_Parameter_List : MethodFinish
INFO  2022-02-15 11:31:26,763 LabDataService::? - Get_AllLab_List : MethodStart
INFO  2022-02-15 11:31:26,864 LabDataService::? - Get_AllLab_List : MethodFinish
INFO  2022-02-15 11:31:26,917 RoleDataService::? - Get_Role_List : MethodStart
INFO  2022-02-15 11:31:27,009 RoleDataService::? - Get_Role_List : MethodFinish
INFO  2022-02-15 11:31:59,197 LabDataService::? - Get_AllLab_List : MethodStart
INFO  2022-02-15 11:31:59,304 LabDataService::? - Get_AllLab_List : MethodFinish
INFO  2022-02-15 11:31:59,365 RoleDataService::? - Get_Role_List : MethodStart
INFO  2022-02-15 11:31:59,468 RoleDataService::? - Get_Role_List : MethodFinish
INFO  2022-02-15 11:32:01,827 LabDataService::? - Get_AllLab_List : MethodStart
INFO  2022-02-15 11:32:01,935 LabDataService::? - Get_AllLab_List : MethodFinish
INFO  2022-02-15 11:37:26,656 LabDataService::? - Get_AllLab_List : MethodStart
INFO  2022-02-15 11:37:26,764 LabDataService::? - Get_AllLab_List : MethodFinish
INFO  2022-02-15 11:37:26,831 RoleDataService::? - Get_Role_List : MethodStart
INFO  2022-02-15 11:37:27,244 RoleDataService::? - Get_Role_List : MethodFinish
INFO  2022-02-15 11:41:10,008 LabDataService::? - Get_AllLab_List : MethodStart
INFO  2022-02-15 11:41:10,433 LabDataService::? - Get_AllLab_List : MethodFinish
INFO  2022-02-15 11:47:09,388 ParameterService::? - Get_Parameter_List : MethodStart
INFO  2022-02-15 11:47:09,819 ParameterService::? - Get_Parameter_List : MethodFinish
INFO  2022-02-15 11:47:18,053 LabDataService::? - Get_AllLab_List : MethodStart
INFO  2022-02-15 11:47:18,174 LabDataService::? - Get_AllLab_List : MethodFinish
INFO  2022-02-15 11:47:18,244 RoleDataService::? - Get_Role_List : MethodStart
INFO  2022-02-15 11:47:18,508 RoleDataService::? - Get_Role_List : MethodFinish
INFO  2022-02-15 11:47:39,850 ParameterService::? - Get_Parameter_List : MethodStart
INFO  2022-02-15 11:47:39,975 ParameterService::? - Get_Parameter_List : MethodFinish
