INFO  2021-09-25 21:23:32,193 ParameterService::? - Get_Parameter_List : MethodStart
INFO  2021-09-25 21:23:33,730 ParameterService::? - Get_Parameter_List : MethodFinish
INFO  2021-09-25 21:27:00,014 ParameterService::? - Get_Parameter_List : MethodStart
INFO  2021-09-25 21:27:00,257 ParameterService::? - Get_Parameter_List : MethodFinish
INFO  2021-09-25 21:28:03,826 ParameterService::? - Get_Parameter_List : MethodStart
INFO  2021-09-25 21:28:03,911 ParameterService::? - Get_Parameter_List : MethodFinish
INFO  2021-09-25 21:29:32,837 ParameterService::? - Get_Parameter_List : MethodStart
INFO  2021-09-25 21:29:32,886 ParameterService::? - Get_Parameter_List : MethodFinish
INFO  2021-09-25 21:46:27,814 ParameterService::? - Get_Parameter_List : MethodStart
INFO  2021-09-25 21:46:28,544 ParameterService::? - Get_Parameter_List : MethodFinish
INFO  2021-09-25 21:57:44,163 ParameterService::? - Get_Parameter_List : MethodStart
INFO  2021-09-25 21:57:44,898 ParameterService::? - Get_Parameter_List : MethodFinish
INFO  2021-09-25 22:34:27,325 LabDataService::? - Get_AllLab_List : MethodStart
INFO  2021-09-25 22:34:29,686 LabDataService::? - Get_AllLab_List : MethodFinish
INFO  2021-09-25 22:34:29,797 RoleDataService::? - Get_Role_List : MethodStart
INFO  2021-09-25 22:34:29,948 RoleDataService::? - Get_Role_List : MethodFinish
INFO  2021-09-25 22:39:03,195 LabDataService::? - Get_AllLab_List : MethodStart
INFO  2021-09-25 22:40:43,688 LabDataService::? - Get_AllLab_List : MethodFinish
INFO  2021-09-25 22:41:38,078 LabDataService::? - Get_AllLab_List : MethodStart
INFO  2021-09-25 22:41:38,129 LabDataService::? - Get_AllLab_List : MethodFinish
INFO  2021-09-25 22:41:38,203 RoleDataService::? - Get_Role_List : MethodStart
INFO  2021-09-25 22:41:38,220 RoleDataService::? - Get_Role_List : MethodFinish
INFO  2021-09-25 22:42:23,542 ParameterService::? - Get_Parameter_List : MethodStart
INFO  2021-09-25 22:42:23,593 ParameterService::? - Get_Parameter_List : MethodFinish
INFO  2021-09-25 23:35:25,443 LabDataService::? - Get_AllLab_List : MethodStart
INFO  2021-09-25 23:35:26,655 LabDataService::? - Get_AllLab_List : MethodFinish
INFO  2021-09-25 23:35:26,766 RoleDataService::? - Get_Role_List : MethodStart
INFO  2021-09-25 23:35:26,827 RoleDataService::? - Get_Role_List : MethodFinish
INFO  2021-09-25 23:36:30,416 LabDataService::? - Get_AllLab_List : MethodStart
INFO  2021-09-25 23:36:30,491 LabDataService::? - Get_AllLab_List : MethodFinish
INFO  2021-09-25 23:42:46,959 ParameterService::? - Get_Parameter_List : MethodStart
INFO  2021-09-25 23:42:47,039 ParameterService::? - Get_Parameter_List : MethodFinish
INFO  2021-09-25 23:43:16,932 LabDataService::? - Get_AllLab_List : MethodStart
INFO  2021-09-25 23:43:16,993 LabDataService::? - Get_AllLab_List : MethodFinish
INFO  2021-09-25 23:43:17,088 RoleDataService::? - Get_Role_List : MethodStart
INFO  2021-09-25 23:43:17,121 RoleDataService::? - Get_Role_List : MethodFinish
