INFO  2022-04-05 15:22:42,196 ProcessRequestService::? - GetListWithModel : MethodStart
INFO  2022-04-05 15:22:44,805 ProcessRequestService::? - GetListWithModel : MethodFinish
INFO  2022-04-05 15:24:29,805 ProcessRequestService::? - GetDataWithModel : MethodStart
INFO  2022-04-05 15:24:30,011 ProcessRequestService::? - GetDataWithModel : MethodFinish
INFO  2022-04-05 15:24:36,628 ProcessRequestService::? - GetListWithModel : MethodStart
INFO  2022-04-05 15:24:36,896 ProcessRequestService::? - GetListWithModel : MethodFinish
INFO  2022-04-05 15:25:04,396 ProcessRequestService::? - GetDataWithModel : MethodStart
INFO  2022-04-05 15:25:04,521 ProcessRequestService::? - GetDataWithModel : MethodFinish
INFO  2022-04-05 15:25:09,474 ProcessRequestService::? - GetCheckDetailListWithParam : MethodStart
INFO  2022-04-05 15:25:10,304 ProcessRequestService::? - GetCheckDetailListWithParam : MethodFinish
INFO  2022-04-05 15:25:13,292 ProcessRequestService::? - GetDataWithModel : MethodStart
INFO  2022-04-05 15:25:13,472 ProcessRequestService::? - GetDataWithModel : MethodFinish
INFO  2022-04-05 15:25:24,200 ProcessRequestService::? - GetListWithModel : MethodStart
INFO  2022-04-05 15:25:24,334 ProcessRequestService::? - GetListWithModel : MethodFinish
INFO  2022-04-05 15:25:43,720 ProcessRequestService::? - GetListWithModel : MethodStart
INFO  2022-04-05 15:25:43,855 ProcessRequestService::? - GetListWithModel : MethodFinish
INFO  2022-04-05 15:26:05,312 ProcessRequestService::? - GetListWithModel : MethodStart
INFO  2022-04-05 15:26:05,421 ProcessRequestService::? - GetListWithModel : MethodFinish
INFO  2022-04-05 15:26:07,263 ProcessRequestService::? - GetListWithModel : MethodStart
INFO  2022-04-05 15:26:07,376 ProcessRequestService::? - GetListWithModel : MethodFinish
INFO  2022-04-05 15:26:13,355 ProcessRequestService::? - GetListWithModel : MethodStart
INFO  2022-04-05 15:26:13,468 ProcessRequestService::? - GetListWithModel : MethodFinish
INFO  2022-04-05 15:26:34,796 ProcessRequestService::? - GetListWithModel : MethodStart
INFO  2022-04-05 15:26:34,914 ProcessRequestService::? - GetListWithModel : MethodFinish
INFO  2022-04-05 15:26:36,066 ProcessRequestService::? - GetListWithModel : MethodStart
INFO  2022-04-05 15:26:36,185 ProcessRequestService::? - GetListWithModel : MethodFinish
INFO  2022-04-05 15:26:41,105 ProcessRequestService::? - GetListWithModel : MethodStart
INFO  2022-04-05 15:26:41,209 ProcessRequestService::? - GetListWithModel : MethodFinish
INFO  2022-04-05 15:26:46,605 ProcessRequestService::? - GetListWithModel : MethodStart
INFO  2022-04-05 15:26:46,799 ProcessRequestService::? - GetListWithModel : MethodFinish
INFO  2022-04-05 15:27:09,038 ProcessRequestService::? - GetDataWithModel : MethodStart
INFO  2022-04-05 15:27:09,223 ProcessRequestService::? - GetDataWithModel : MethodFinish
INFO  2022-04-05 15:27:09,264 ProcessRequestService::? - GetCheckDetailListWithParam : MethodStart
INFO  2022-04-05 15:27:09,466 ProcessRequestService::? - GetCheckDetailListWithParam : MethodFinish
INFO  2022-04-05 15:27:17,157 ProcessRequestService::? - GetDataWithModel : MethodStart
INFO  2022-04-05 15:27:17,264 ProcessRequestService::? - GetDataWithModel : MethodFinish
INFO  2022-04-05 15:27:17,288 ProcessRequestService::? - GetCheckDetailListWithParam : MethodStart
INFO  2022-04-05 15:27:17,389 ProcessRequestService::? - GetCheckDetailListWithParam : MethodFinish
INFO  2022-04-05 15:27:18,552 ProcessRequestService::? - SaveData : MethodStart
INFO  2022-04-05 15:27:19,041 ProcessRequestService::? - SaveData : MethodFinish
INFO  2022-04-05 15:27:19,139 ProcessRequestService::? - SaveDetailData : MethodStart
INFO  2022-04-05 15:27:19,345 ProcessRequestService::? - SaveDetailData : MethodFinish
INFO  2022-04-05 15:27:21,634 ProcessRequestService::? - GetListWithModel : MethodStart
INFO  2022-04-05 15:27:21,771 ProcessRequestService::? - GetListWithModel : MethodFinish
INFO  2022-04-05 17:04:06,752 ProcessRequestService::? - GetListWithModel : MethodStart
INFO  2022-04-05 17:04:08,460 ProcessRequestService::? - GetListWithModel : MethodFinish
INFO  2022-04-05 17:06:10,892 ProcessRequestService::? - GetListWithModel : MethodStart
INFO  2022-04-05 17:06:11,007 ProcessRequestService::? - GetListWithModel : MethodFinish
INFO  2022-04-05 17:06:23,457 ProcessRequestService::? - GetDataWithModel : MethodStart
INFO  2022-04-05 17:06:23,623 ProcessRequestService::? - GetDataWithModel : MethodFinish
INFO  2022-04-05 17:06:23,649 ProcessRequestService::? - GetCheckDetailListWithParam : MethodStart
INFO  2022-04-05 17:06:23,789 ProcessRequestService::? - GetCheckDetailListWithParam : MethodFinish
INFO  2022-04-05 17:06:26,742 ProcessRequestService::? - GetDataWithModel : MethodStart
INFO  2022-04-05 17:06:26,847 ProcessRequestService::? - GetDataWithModel : MethodFinish
INFO  2022-04-05 17:06:26,873 ProcessRequestService::? - GetCheckDetailListWithParam : MethodStart
INFO  2022-04-05 17:06:26,980 ProcessRequestService::? - GetCheckDetailListWithParam : MethodFinish
INFO  2022-04-05 17:06:28,353 ProcessRequestService::? - SaveData : MethodStart
INFO  2022-04-05 17:06:28,756 ProcessRequestService::? - SaveData : MethodFinish
INFO  2022-04-05 17:06:28,786 ProcessRequestService::? - SaveDetailData : MethodStart
INFO  2022-04-05 17:06:28,853 ProcessRequestService::? - SaveDetailData : MethodFinish
INFO  2022-04-05 17:06:30,910 ProcessRequestService::? - GetListWithModel : MethodStart
INFO  2022-04-05 17:06:31,036 ProcessRequestService::? - GetListWithModel : MethodFinish
INFO  2022-04-05 17:06:46,507 ProcessRequestService::? - GetDataWithModel : MethodStart
INFO  2022-04-05 17:06:46,614 ProcessRequestService::? - GetDataWithModel : MethodFinish
INFO  2022-04-05 17:06:46,640 ProcessRequestService::? - GetCheckDetailListWithParam : MethodStart
INFO  2022-04-05 17:06:46,741 ProcessRequestService::? - GetCheckDetailListWithParam : MethodFinish
INFO  2022-04-05 17:06:47,726 ProcessRequestService::? - GetDataWithModel : MethodStart
INFO  2022-04-05 17:06:47,832 ProcessRequestService::? - GetDataWithModel : MethodFinish
INFO  2022-04-05 17:06:47,857 ProcessRequestService::? - GetCheckDetailListWithParam : MethodStart
INFO  2022-04-05 17:06:47,960 ProcessRequestService::? - GetCheckDetailListWithParam : MethodFinish
INFO  2022-04-05 17:06:48,633 ProcessRequestService::? - SaveData : MethodStart
INFO  2022-04-05 17:06:48,850 ProcessRequestService::? - SaveData : MethodFinish
INFO  2022-04-05 17:06:48,877 ProcessRequestService::? - SaveDetailData : MethodStart
INFO  2022-04-05 17:06:48,947 ProcessRequestService::? - SaveDetailData : MethodFinish
INFO  2022-04-05 17:06:50,940 ProcessRequestService::? - GetListWithModel : MethodStart
INFO  2022-04-05 17:06:51,070 ProcessRequestService::? - GetListWithModel : MethodFinish
INFO  2022-04-05 17:07:08,460 ProcessRequestService::? - GetDataWithModel : MethodStart
INFO  2022-04-05 17:07:08,580 ProcessRequestService::? - GetDataWithModel : MethodFinish
INFO  2022-04-05 17:07:08,609 ProcessRequestService::? - GetCheckDetailListWithParam : MethodStart
INFO  2022-04-05 17:07:08,711 ProcessRequestService::? - GetCheckDetailListWithParam : MethodFinish
INFO  2022-04-05 17:07:09,471 ProcessRequestService::? - GetDataWithModel : MethodStart
INFO  2022-04-05 17:07:09,576 ProcessRequestService::? - GetDataWithModel : MethodFinish
INFO  2022-04-05 17:07:09,599 ProcessRequestService::? - GetCheckDetailListWithParam : MethodStart
INFO  2022-04-05 17:07:09,716 ProcessRequestService::? - GetCheckDetailListWithParam : MethodFinish
INFO  2022-04-05 17:07:10,519 ProcessRequestService::? - SaveData : MethodStart
INFO  2022-04-05 17:07:10,747 ProcessRequestService::? - SaveData : MethodFinish
INFO  2022-04-05 17:07:10,767 ProcessRequestService::? - SaveDetailData : MethodStart
INFO  2022-04-05 17:07:10,836 ProcessRequestService::? - SaveDetailData : MethodFinish
INFO  2022-04-05 17:07:12,567 ProcessRequestService::? - GetListWithModel : MethodStart
INFO  2022-04-05 17:07:12,694 ProcessRequestService::? - GetListWithModel : MethodFinish
