INFO  2021-09-06 00:24:18,588 ProcessRequestService::? - GetListWithModel : MethodStart
INFO  2021-09-06 00:24:21,465 ProcessRequestService::? - GetListWithModel : MethodFinish
INFO  2021-09-06 00:24:36,320 ProcessRequestService::? - GetData : MethodStart
INFO  2021-09-06 00:24:36,570 ProcessRequestService::? - GetData : MethodFinish
INFO  2021-09-06 00:24:36,824 ProcessRequestService::? - GetDetailListWithModel : MethodStart
INFO  2021-09-06 00:24:37,112 ProcessRequestService::? - GetDetailListWithModel : MethodFinish
INFO  2021-09-06 00:24:41,876 ProcessRequestService::? - GetCheckDetailListWithModel : MethodStart
INFO  2021-09-06 00:25:03,463 ProcessRequestService::? - GetCheckDetailListWithModel : MethodFinish
INFO  2021-09-06 00:25:48,313 ProcessRequestService::? - GetListWithModel : MethodStart
INFO  2021-09-06 00:25:48,487 ProcessRequestService::? - GetListWithModel : MethodFinish
INFO  2021-09-06 00:26:00,928 ProcessRequestService::? - GetListWithModel : MethodStart
INFO  2021-09-06 00:26:01,082 ProcessRequestService::? - GetListWithModel : MethodFinish
INFO  2021-09-06 00:26:04,092 ProcessRequestService::? - GetListWithModel : MethodStart
INFO  2021-09-06 00:26:04,227 ProcessRequestService::? - GetListWithModel : MethodFinish
INFO  2021-09-06 00:26:22,026 ProcessRequestService::? - GetData : MethodStart
INFO  2021-09-06 00:26:22,178 ProcessRequestService::? - GetData : MethodFinish
INFO  2021-09-06 00:26:22,459 ProcessRequestService::? - GetDetailListWithModel : MethodStart
INFO  2021-09-06 00:26:22,657 ProcessRequestService::? - GetDetailListWithModel : MethodFinish
INFO  2021-09-06 00:26:36,111 ProcessRequestService::? - GetListWithModel : MethodStart
INFO  2021-09-06 00:26:36,272 ProcessRequestService::? - GetListWithModel : MethodFinish
INFO  2021-09-06 00:26:44,301 ProcessRequestService::? - GetListWithModel : MethodStart
INFO  2021-09-06 00:26:44,422 ProcessRequestService::? - GetListWithModel : MethodFinish
INFO  2021-09-06 00:27:00,925 ProcessRequestService::? - GetCheckDetailListWithModel : MethodStart
INFO  2021-09-06 00:27:03,398 ProcessRequestService::? - GetCheckDetailListWithModel : MethodFinish
INFO  2021-09-06 00:27:07,193 ProcessRequestService::? - GetCheckDetailListWithModel : MethodStart
INFO  2021-09-06 00:27:08,413 ProcessRequestService::? - GetDataWithModel : MethodStart
INFO  2021-09-06 00:27:08,844 ProcessRequestService::? - GetDataWithModel : MethodFinish
INFO  2021-09-06 00:27:11,028 ProcessRequestService::? - GetCheckDetailListWithModel : MethodFinish
INFO  2021-09-06 00:27:11,116 ProcessRequestService::? - SaveData : MethodStart
INFO  2021-09-06 00:27:11,603 ProcessRequestService::? - SaveData : MethodFinish
INFO  2021-09-06 00:27:11,685 ProcessRequestService::? - SaveDetailData : MethodStart
INFO  2021-09-06 00:27:12,368 ProcessRequestService::? - SaveDetailData : MethodFinish
INFO  2021-09-06 00:27:15,367 ProcessRequestService::? - GetListWithModel : MethodStart
INFO  2021-09-06 00:27:15,492 ProcessRequestService::? - GetListWithModel : MethodFinish
INFO  2021-09-06 00:27:27,250 ProcessRequestService::? - GetListWithModel : MethodStart
INFO  2021-09-06 00:27:27,376 ProcessRequestService::? - GetListWithModel : MethodFinish
INFO  2021-09-06 00:27:39,898 ProcessRequestService::? - GetData : MethodStart
INFO  2021-09-06 00:27:40,021 ProcessRequestService::? - GetData : MethodFinish
INFO  2021-09-06 00:27:40,227 ProcessRequestService::? - GetDetailListWithModel : MethodStart
INFO  2021-09-06 00:27:40,335 ProcessRequestService::? - GetDetailListWithModel : MethodFinish
INFO  2021-09-06 10:34:09,961 ProcessRequestService::? - GetListWithModel : MethodStart
INFO  2021-09-06 10:34:11,095 ProcessRequestService::? - GetListWithModel : MethodFinish
INFO  2021-09-06 13:31:13,926 ProcessRequestService::? - GetListWithModel : MethodStart
INFO  2021-09-06 13:31:15,207 ProcessRequestService::? - GetListWithModel : MethodFinish
