INFO  2021-10-05 10:11:30,523 ProcessRequestService::? - GetListWithModel : MethodStart
INFO  2021-10-05 10:11:33,495 ProcessRequestService::? - GetListWithModel : MethodFinish
INFO  2021-10-05 10:11:41,959 ProcessRequestService::? - GetData : MethodStart
INFO  2021-10-05 10:11:42,208 ProcessRequestService::? - GetData : MethodFinish
INFO  2021-10-05 10:11:42,569 ProcessRequestService::? - GetDetailListWithModel : MethodStart
INFO  2021-10-05 10:11:42,901 ProcessRequestService::? - GetDetailListWithModel : MethodFinish
INFO  2021-10-05 10:11:47,505 ProcessRequestService::? - GetCheckDetailListWithModel : MethodStart
INFO  2021-10-05 10:12:04,606 ProcessRequestService::? - GetCheckDetailListWithModel : MethodFinish
INFO  2021-10-05 10:12:40,111 ProcessRequestService::? - GetListWithModel : MethodStart
INFO  2021-10-05 10:12:40,266 ProcessRequestService::? - GetListWithModel : MethodFinish
INFO  2021-10-05 10:12:49,754 ProcessRequestService::? - GetData : MethodStart
INFO  2021-10-05 10:12:49,894 ProcessRequestService::? - GetData : MethodFinish
INFO  2021-10-05 10:12:50,266 ProcessRequestService::? - GetDetailListWithModel : MethodStart
INFO  2021-10-05 10:12:50,410 ProcessRequestService::? - GetDetailListWithModel : MethodFinish
INFO  2021-10-05 10:12:55,119 ProcessRequestService::? - GetCheckDetailListWithModel : MethodStart
INFO  2021-10-05 10:12:56,721 ProcessRequestService::? - GetCheckDetailListWithModel : MethodFinish
INFO  2021-10-05 10:13:13,396 ProcessRequestService::? - GetListWithModel : MethodStart
INFO  2021-10-05 10:13:13,522 ProcessRequestService::? - GetListWithModel : MethodFinish
INFO  2021-10-05 10:18:14,343 ProcessRequestService::? - GetListWithModel : MethodStart
INFO  2021-10-05 10:18:14,780 ProcessRequestService::? - GetListWithModel : MethodFinish
INFO  2021-10-05 10:18:19,540 ProcessRequestService::? - GetData : MethodStart
INFO  2021-10-05 10:18:19,660 ProcessRequestService::? - GetData : MethodFinish
INFO  2021-10-05 10:18:19,980 ProcessRequestService::? - GetDetailListWithModel : MethodStart
INFO  2021-10-05 10:18:20,116 ProcessRequestService::? - GetDetailListWithModel : MethodFinish
INFO  2021-10-05 10:18:24,824 ProcessRequestService::? - GetCheckDetailListWithModel : MethodStart
INFO  2021-10-05 10:18:26,413 ProcessRequestService::? - GetCheckDetailListWithModel : MethodFinish
INFO  2021-10-05 10:21:35,517 ProcessRequestService::? - GetListWithModel : MethodStart
INFO  2021-10-05 10:21:35,647 ProcessRequestService::? - GetListWithModel : MethodFinish
INFO  2021-10-05 10:21:40,892 ProcessRequestService::? - GetData : MethodStart
INFO  2021-10-05 10:21:41,004 ProcessRequestService::? - GetData : MethodFinish
INFO  2021-10-05 10:21:41,285 ProcessRequestService::? - GetDetailListWithModel : MethodStart
INFO  2021-10-05 10:21:41,431 ProcessRequestService::? - GetDetailListWithModel : MethodFinish
INFO  2021-10-05 10:21:43,202 ProcessRequestService::? - GetCheckDetailListWithModel : MethodStart
INFO  2021-10-05 10:21:44,745 ProcessRequestService::? - GetCheckDetailListWithModel : MethodFinish
INFO  2021-10-05 10:22:32,919 ProcessRequestService::? - GetListWithModel : MethodStart
INFO  2021-10-05 10:22:33,056 ProcessRequestService::? - GetListWithModel : MethodFinish
INFO  2021-10-05 10:22:37,433 ProcessRequestService::? - GetData : MethodStart
INFO  2021-10-05 10:22:37,551 ProcessRequestService::? - GetData : MethodFinish
INFO  2021-10-05 10:22:37,908 ProcessRequestService::? - GetDetailListWithModel : MethodStart
INFO  2021-10-05 10:22:38,051 ProcessRequestService::? - GetDetailListWithModel : MethodFinish
INFO  2021-10-05 11:28:59,594 ProcessRequestService::? - GetListWithModel : MethodStart
INFO  2021-10-05 11:29:01,094 ProcessRequestService::? - GetListWithModel : MethodFinish
INFO  2021-10-05 11:29:23,459 ProcessRequestService::? - GetCheckDetailListWithModel : MethodStart
INFO  2021-10-05 11:29:39,390 ProcessRequestService::? - GetCheckDetailListWithModel : MethodFinish
INFO  2021-10-05 11:29:43,830 ProcessRequestService::? - GetCheckDetailListWithModel : MethodStart
INFO  2021-10-05 11:29:45,416 ProcessRequestService::? - GetCheckDetailListWithModel : MethodFinish
INFO  2021-10-05 11:29:46,334 ProcessRequestService::? - GetDataWithModel : MethodStart
INFO  2021-10-05 11:29:46,539 ProcessRequestService::? - GetDataWithModel : MethodFinish
INFO  2021-10-05 11:29:46,579 ProcessRequestService::? - SaveData : MethodStart
INFO  2021-10-05 11:29:46,982 ProcessRequestService::? - SaveData : MethodFinish
INFO  2021-10-05 11:29:47,037 ProcessRequestService::? - SaveDetailData : MethodStart
INFO  2021-10-05 11:29:47,649 ProcessRequestService::? - SaveDetailData : MethodFinish
INFO  2021-10-05 11:29:49,749 ProcessRequestService::? - GetListWithModel : MethodStart
INFO  2021-10-05 11:29:49,866 ProcessRequestService::? - GetListWithModel : MethodFinish
