INFO  2021-11-09 12:08:10,854 ProcessRequestService::? - GetListWithModel : MethodStart
INFO  2021-11-09 12:12:20,558 ProcessRequestService::? - GetListWithModel : MethodFinish
INFO  2021-11-09 12:13:04,992 ProcessRequestService::? - GetListWithModel : MethodStart
INFO  2021-11-09 12:14:02,290 ProcessRequestService::? - GetListWithModel : MethodFinish
INFO  2021-11-09 12:18:12,516 ProcessRequestService::? - GetListWithModel : MethodStart
INFO  2021-11-09 12:19:42,824 ProcessRequestService::? - GetListWithModel : MethodFinish
INFO  2021-11-09 12:19:47,539 ProcessRequestService::? - GetListWithModel : MethodStart
INFO  2021-11-09 12:19:47,725 ProcessRequestService::? - GetListWithModel : MethodFinish
INFO  2021-11-09 13:05:04,770 ProcessRequestService::? - GetListWithModel : MethodStart
INFO  2021-11-09 13:05:05,236 ProcessRequestService::? - GetListWithModel : MethodFinish
INFO  2021-11-09 13:08:31,889 ProcessRequestService::? - GetListWithModel : MethodStart
INFO  2021-11-09 13:08:32,209 ProcessRequestService::? - GetListWithModel : MethodFinish
INFO  2021-11-09 13:08:53,663 ProcessRequestService::? - GetDataWithModel : MethodStart
INFO  2021-11-09 13:08:53,801 ProcessRequestService::? - GetDataWithModel : MethodFinish
INFO  2021-11-09 13:08:53,847 ProcessRequestService::? - GetCheckDetailListWithParam : MethodStart
INFO  2021-11-09 13:08:54,010 ProcessRequestService::? - GetCheckDetailListWithParam : MethodFinish
INFO  2021-11-09 13:13:02,983 ProcessRequestService::? - GetDataWithModel : MethodStart
INFO  2021-11-09 13:13:03,079 ProcessRequestService::? - GetDataWithModel : MethodFinish
INFO  2021-11-09 13:13:03,137 ProcessRequestService::? - GetCheckDetailListWithParam : MethodStart
INFO  2021-11-09 13:13:03,237 ProcessRequestService::? - GetCheckDetailListWithParam : MethodFinish
INFO  2021-11-09 13:13:07,961 ProcessRequestService::? - GetListWithModel : MethodStart
INFO  2021-11-09 13:13:08,069 ProcessRequestService::? - GetListWithModel : MethodFinish
INFO  2021-11-09 13:28:01,953 ProcessRequestService::? - GetListWithModel : MethodStart
INFO  2021-11-09 13:28:02,315 ProcessRequestService::? - GetListWithModel : MethodFinish
INFO  2021-11-09 13:28:05,247 ProcessRequestService::? - GetData : MethodStart
INFO  2021-11-09 13:28:05,378 ProcessRequestService::? - GetData : MethodFinish
INFO  2021-11-09 13:28:05,565 ProcessRequestService::? - GetDetailListWithModel : MethodStart
INFO  2021-11-09 13:28:05,694 ProcessRequestService::? - GetDetailListWithModel : MethodFinish
INFO  2021-11-09 13:28:09,529 ProcessRequestService::? - GetListWithModel : MethodStart
INFO  2021-11-09 13:28:09,694 ProcessRequestService::? - GetListWithModel : MethodFinish
INFO  2021-11-09 13:28:13,542 ProcessRequestService::? - GetDataWithModel : MethodStart
INFO  2021-11-09 13:28:13,659 ProcessRequestService::? - GetDataWithModel : MethodFinish
INFO  2021-11-09 13:28:13,697 ProcessRequestService::? - GetCheckDetailListWithParam : MethodStart
INFO  2021-11-09 13:28:13,849 ProcessRequestService::? - GetCheckDetailListWithParam : MethodFinish
INFO  2021-11-09 13:28:22,660 ProcessRequestService::? - GetDataWithModel : MethodStart
INFO  2021-11-09 13:28:22,771 ProcessRequestService::? - GetDataWithModel : MethodFinish
INFO  2021-11-09 13:28:27,404 ProcessRequestService::? - GetDataWithModel : MethodStart
INFO  2021-11-09 13:28:27,514 ProcessRequestService::? - GetDataWithModel : MethodFinish
INFO  2021-11-09 13:28:27,585 ProcessRequestService::? - GetCheckDetailListWithParam : MethodStart
INFO  2021-11-09 13:28:27,706 ProcessRequestService::? - GetCheckDetailListWithParam : MethodFinish
INFO  2021-11-09 13:47:02,874 ProcessRequestService::? - GetListWithModel : MethodStart
INFO  2021-11-09 13:47:03,942 ProcessRequestService::? - GetListWithModel : MethodFinish
INFO  2021-11-09 13:47:45,883 ProcessRequestService::? - GetDataWithModel : MethodStart
INFO  2021-11-09 13:47:46,022 ProcessRequestService::? - GetDataWithModel : MethodFinish
INFO  2021-11-09 13:47:51,123 ProcessRequestService::? - GetCheckDetailListWithParam : MethodStart
INFO  2021-11-09 13:47:51,287 ProcessRequestService::? - GetCheckDetailListWithParam : MethodFinish
INFO  2021-11-09 13:57:33,020 ProcessRequestService::? - GetListWithModel : MethodStart
INFO  2021-11-09 13:57:34,148 ProcessRequestService::? - GetListWithModel : MethodFinish
INFO  2021-11-09 13:57:42,611 ProcessRequestService::? - GetDataWithModel : MethodStart
INFO  2021-11-09 13:57:42,771 ProcessRequestService::? - GetDataWithModel : MethodFinish
INFO  2021-11-09 13:57:46,014 ProcessRequestService::? - GetCheckDetailListWithParam : MethodStart
INFO  2021-11-09 13:57:46,198 ProcessRequestService::? - GetCheckDetailListWithParam : MethodFinish
INFO  2021-11-09 14:13:41,429 ProcessRequestService::? - GetListWithModel : MethodStart
INFO  2021-11-09 14:13:41,781 ProcessRequestService::? - GetListWithModel : MethodFinish
INFO  2021-11-09 14:13:59,738 ProcessRequestService::? - GetData : MethodStart
INFO  2021-11-09 14:13:59,871 ProcessRequestService::? - GetData : MethodFinish
INFO  2021-11-09 14:14:00,069 ProcessRequestService::? - GetDetailListWithModel : MethodStart
INFO  2021-11-09 14:14:00,211 ProcessRequestService::? - GetDetailListWithModel : MethodFinish
INFO  2021-11-09 14:14:11,544 ProcessRequestService::? - GetCheckDetailListWithParam : MethodStart
INFO  2021-11-09 14:14:11,660 ProcessRequestService::? - GetCheckDetailListWithParam : MethodFinish
INFO  2021-11-09 14:14:45,180 ProcessRequestService::? - GetListWithModel : MethodStart
INFO  2021-11-09 14:14:45,317 ProcessRequestService::? - GetListWithModel : MethodFinish
INFO  2021-11-09 14:21:36,704 ProcessRequestService::? - GetListWithModel : MethodStart
INFO  2021-11-09 14:21:37,762 ProcessRequestService::? - GetListWithModel : MethodFinish
INFO  2021-11-09 14:22:04,505 ProcessRequestService::? - GetListWithModel : MethodStart
INFO  2021-11-09 14:22:04,643 ProcessRequestService::? - GetListWithModel : MethodFinish
INFO  2021-11-09 14:58:50,797 ProcessRequestService::? - GetListWithModel : MethodStart
INFO  2021-11-09 14:58:51,838 ProcessRequestService::? - GetListWithModel : MethodFinish
INFO  2021-11-09 15:01:04,159 ProcessRequestService::? - GetListWithModel : MethodStart
INFO  2021-11-09 15:01:04,310 ProcessRequestService::? - GetListWithModel : MethodFinish
INFO  2021-11-09 15:01:21,099 ProcessRequestService::? - GetDataWithModel : MethodStart
INFO  2021-11-09 15:01:21,297 ProcessRequestService::? - GetDataWithModel : MethodFinish
INFO  2021-11-09 15:01:27,135 ProcessRequestService::? - GetDataWithModel : MethodStart
INFO  2021-11-09 15:01:27,237 ProcessRequestService::? - GetDataWithModel : MethodFinish
INFO  2021-11-09 15:01:31,564 ProcessRequestService::? - GetCheckDetailListWithParam : MethodStart
INFO  2021-11-09 15:01:31,690 ProcessRequestService::? - GetCheckDetailListWithParam : MethodFinish
INFO  2021-11-09 15:05:42,352 ProcessRequestService::? - GetListWithModel : MethodStart
INFO  2021-11-09 15:05:42,701 ProcessRequestService::? - GetListWithModel : MethodFinish
INFO  2021-11-09 15:05:55,950 ProcessRequestService::? - GetDataWithModel : MethodStart
INFO  2021-11-09 15:05:56,105 ProcessRequestService::? - GetDataWithModel : MethodFinish
INFO  2021-11-09 15:05:58,399 ProcessRequestService::? - GetCheckDetailListWithParam : MethodStart
INFO  2021-11-09 15:05:58,515 ProcessRequestService::? - GetCheckDetailListWithParam : MethodFinish
INFO  2021-11-09 15:06:35,399 ProcessRequestService::? - GetListWithModel : MethodStart
INFO  2021-11-09 15:06:35,536 ProcessRequestService::? - GetListWithModel : MethodFinish
INFO  2021-11-09 15:06:43,684 ProcessRequestService::? - GetListWithModel : MethodStart
INFO  2021-11-09 15:06:43,790 ProcessRequestService::? - GetListWithModel : MethodFinish
INFO  2021-11-09 15:06:51,573 ProcessRequestService::? - GetListWithModel : MethodStart
INFO  2021-11-09 15:06:51,685 ProcessRequestService::? - GetListWithModel : MethodFinish
INFO  2021-11-09 15:06:58,825 ProcessRequestService::? - GetListWithModel : MethodStart
INFO  2021-11-09 15:06:58,977 ProcessRequestService::? - GetListWithModel : MethodFinish
INFO  2021-11-09 15:07:00,833 ProcessRequestService::? - GetListWithModel : MethodStart
INFO  2021-11-09 15:07:00,965 ProcessRequestService::? - GetListWithModel : MethodFinish
INFO  2021-11-09 15:07:10,946 ProcessRequestService::? - GetListWithModel : MethodStart
INFO  2021-11-09 15:07:11,055 ProcessRequestService::? - GetListWithModel : MethodFinish
INFO  2021-11-09 15:07:18,741 ProcessRequestService::? - GetData : MethodStart
INFO  2021-11-09 15:07:18,851 ProcessRequestService::? - GetData : MethodFinish
INFO  2021-11-09 15:07:19,044 ProcessRequestService::? - GetDetailListWithModel : MethodStart
INFO  2021-11-09 15:07:19,194 ProcessRequestService::? - GetDetailListWithModel : MethodFinish
INFO  2021-11-09 15:07:24,502 ProcessRequestService::? - GetCheckDetailListWithParam : MethodStart
INFO  2021-11-09 15:07:24,609 ProcessRequestService::? - GetCheckDetailListWithParam : MethodFinish
INFO  2021-11-09 15:08:42,975 ProcessRequestService::? - GetCheckDetailListWithParam : MethodStart
INFO  2021-11-09 15:11:45,304 ProcessRequestService::? - GetCheckDetailListWithParam : MethodFinish
INFO  2021-11-09 15:15:11,628 ProcessRequestService::? - GetListWithModel : MethodStart
INFO  2021-11-09 15:15:12,681 ProcessRequestService::? - GetListWithModel : MethodFinish
INFO  2021-11-09 15:19:17,870 ProcessRequestService::? - GetData : MethodStart
INFO  2021-11-09 15:19:18,024 ProcessRequestService::? - GetData : MethodFinish
INFO  2021-11-09 15:19:18,237 ProcessRequestService::? - GetDetailListWithModel : MethodStart
INFO  2021-11-09 15:19:18,409 ProcessRequestService::? - GetDetailListWithModel : MethodFinish
INFO  2021-11-09 15:19:26,615 ProcessRequestService::? - GetCheckDetailListWithParam : MethodStart
INFO  2021-11-09 15:19:27,798 ProcessRequestService::? - GetCheckDetailListWithParam : MethodFinish
INFO  2021-11-09 15:19:36,761 ProcessRequestService::? - GetListWithModel : MethodStart
INFO  2021-11-09 15:19:36,891 ProcessRequestService::? - GetListWithModel : MethodFinish
INFO  2021-11-09 15:19:55,835 ProcessRequestService::? - GetDataWithModel : MethodStart
INFO  2021-11-09 15:19:55,960 ProcessRequestService::? - GetDataWithModel : MethodFinish
INFO  2021-11-09 15:20:01,769 ProcessRequestService::? - GetDataWithModel : MethodStart
INFO  2021-11-09 15:20:01,868 ProcessRequestService::? - GetDataWithModel : MethodFinish
INFO  2021-11-09 15:20:08,694 ProcessRequestService::? - GetDataWithModel : MethodStart
INFO  2021-11-09 15:20:08,790 ProcessRequestService::? - GetDataWithModel : MethodFinish
INFO  2021-11-09 15:20:08,859 ProcessRequestService::? - GetCheckDetailListWithParam : MethodStart
INFO  2021-11-09 15:20:10,778 ProcessRequestService::? - GetCheckDetailListWithParam : MethodFinish
INFO  2021-11-09 15:20:25,888 ProcessRequestService::? - GetDataWithModel : MethodStart
INFO  2021-11-09 15:20:25,985 ProcessRequestService::? - GetDataWithModel : MethodFinish
INFO  2021-11-09 15:20:26,036 ProcessRequestService::? - GetCheckDetailListWithParam : MethodStart
INFO  2021-11-09 15:20:29,016 ProcessRequestService::? - GetCheckDetailListWithParam : MethodFinish
INFO  2021-11-09 15:54:14,808 ProcessRequestService::? - GetListWithModel : MethodStart
INFO  2021-11-09 15:54:15,135 ProcessRequestService::? - GetListWithModel : MethodFinish
INFO  2021-11-09 15:54:36,118 ProcessRequestService::? - GetDataWithModel : MethodStart
INFO  2021-11-09 15:54:36,218 ProcessRequestService::? - GetDataWithModel : MethodFinish
INFO  2021-11-09 15:54:36,270 ProcessRequestService::? - GetCheckDetailListWithParam : MethodStart
INFO  2021-11-09 15:54:36,476 ProcessRequestService::? - GetCheckDetailListWithParam : MethodFinish
INFO  2021-11-09 15:55:14,525 ProcessRequestService::? - GetDataWithModel : MethodStart
INFO  2021-11-09 15:55:14,624 ProcessRequestService::? - GetDataWithModel : MethodFinish
INFO  2021-11-09 15:55:16,897 ProcessRequestService::? - GetDataWithModel : MethodStart
INFO  2021-11-09 15:55:17,002 ProcessRequestService::? - GetDataWithModel : MethodFinish
INFO  2021-11-09 15:55:21,563 ProcessRequestService::? - SaveData : MethodStart
INFO  2021-11-09 15:55:21,919 ProcessRequestService::? - SaveData : MethodFinish
INFO  2021-11-09 15:55:21,975 ProcessRequestService::? - SaveDetailData : MethodStart
INFO  2021-11-09 15:55:22,083 ProcessRequestService::? - SaveDetailData : MethodFinish
INFO  2021-11-09 15:55:28,509 ProcessRequestService::? - GetListWithModel : MethodStart
INFO  2021-11-09 15:55:28,643 ProcessRequestService::? - GetListWithModel : MethodFinish
INFO  2021-11-09 15:58:57,413 ProcessRequestService::? - GetData : MethodStart
INFO  2021-11-09 15:58:57,517 ProcessRequestService::? - GetData : MethodFinish
INFO  2021-11-09 15:58:57,710 ProcessRequestService::? - GetDetailListWithModel : MethodStart
INFO  2021-11-09 15:58:57,824 ProcessRequestService::? - GetDetailListWithModel : MethodFinish
INFO  2021-11-09 15:59:02,396 ProcessRequestService::? - GetListWithModel : MethodStart
INFO  2021-11-09 15:59:02,514 ProcessRequestService::? - GetListWithModel : MethodFinish
INFO  2021-11-09 15:59:22,044 ProcessRequestService::? - GetListWithModel : MethodStart
INFO  2021-11-09 15:59:22,145 ProcessRequestService::? - GetListWithModel : MethodFinish
