INFO  2021-05-26 12:06:05,396 ProcessRequestService::? - GetListWithModel : MethodStart
INFO  2021-05-26 12:06:07,424 ProcessRequestService::? - GetListWithModel : MethodFinish
INFO  2021-05-26 12:07:16,774 ProcessRequestService::? - GetData : MethodStart
INFO  2021-05-26 12:07:16,875 ProcessRequestService::? - GetData : MethodFinish
INFO  2021-05-26 12:07:16,991 ProcessRequestService::? - GetDetailListWithModel : MethodStart
INFO  2021-05-26 12:07:18,293 ProcessRequestService::? - GetDetailListWithModel : MethodFinish
INFO  2021-05-26 12:07:24,087 ProcessRequestService::? - GetCheckDetailListWithModel : MethodStart
INFO  2021-05-26 12:07:25,466 ProcessRequestService::? - GetCheckDetailListWithModel : MethodFinish
INFO  2021-05-26 12:08:30,653 ProcessRequestService::? - GetListWithModel : MethodStart
INFO  2021-05-26 12:08:30,678 ProcessRequestService::? - GetListWithModel : MethodFinish
INFO  2021-05-26 12:09:27,493 ProcessRequestService::? - GetListWithModel : MethodStart
INFO  2021-05-26 12:09:27,505 ProcessRequestService::? - GetListWithModel : MethodFinish
INFO  2021-05-26 12:09:32,263 ProcessRequestService::? - GetListWithModel : MethodStart
INFO  2021-05-26 12:09:32,280 ProcessRequestService::? - GetListWithModel : MethodFinish
INFO  2021-05-26 12:09:35,363 ProcessRequestService::? - GetListWithModel : MethodStart
INFO  2021-05-26 12:09:35,380 ProcessRequestService::? - GetListWithModel : MethodFinish
INFO  2021-05-26 12:09:37,424 ProcessRequestService::? - GetListWithModel : MethodStart
INFO  2021-05-26 12:09:37,448 ProcessRequestService::? - GetListWithModel : MethodFinish
INFO  2021-05-26 12:09:37,685 ProcessRequestService::? - GetListWithModel : MethodStart
INFO  2021-05-26 12:09:37,704 ProcessRequestService::? - GetListWithModel : MethodFinish
INFO  2021-05-26 12:09:37,956 ProcessRequestService::? - GetListWithModel : MethodStart
INFO  2021-05-26 12:09:37,973 ProcessRequestService::? - GetListWithModel : MethodFinish
INFO  2021-05-26 12:09:38,477 ProcessRequestService::? - GetListWithModel : MethodStart
INFO  2021-05-26 12:09:38,495 ProcessRequestService::? - GetListWithModel : MethodFinish
INFO  2021-05-26 12:09:38,946 ProcessRequestService::? - GetListWithModel : MethodStart
INFO  2021-05-26 12:09:38,967 ProcessRequestService::? - GetListWithModel : MethodFinish
INFO  2021-05-26 12:09:39,499 ProcessRequestService::? - GetListWithModel : MethodStart
INFO  2021-05-26 12:09:39,512 ProcessRequestService::? - GetListWithModel : MethodFinish
INFO  2021-05-26 12:09:40,011 ProcessRequestService::? - GetListWithModel : MethodStart
INFO  2021-05-26 12:09:40,027 ProcessRequestService::? - GetListWithModel : MethodFinish
INFO  2021-05-26 12:09:40,667 ProcessRequestService::? - GetListWithModel : MethodStart
INFO  2021-05-26 12:09:40,684 ProcessRequestService::? - GetListWithModel : MethodFinish
