INFO  2022-03-10 18:12:08,990 MappingDataService::? - GetMappingList : MethodStart
INFO  2022-03-10 18:12:10,408 MappingDataService::? - GetMappingList : MethodFinish
INFO  2022-03-10 18:12:39,433 MappingDataService::? - GetMappingDataWithModel : MethodStart
INFO  2022-03-10 18:12:39,617 MappingDataService::? - GetMappingDataWithModel : MethodFinish
INFO  2022-03-10 18:12:43,330 MappingDataService::? - SaveMappingData : MethodStart
INFO  2022-03-10 18:12:43,676 MappingDataService::? - SaveMappingData : MethodFinish
INFO  2022-03-10 18:12:43,933 MappingDataService::? - GetMappingDataById : MethodStart
INFO  2022-03-10 18:12:44,051 MappingDataService::? - GetMappingDataById : MethodFinish
INFO  2022-03-10 18:12:44,115 MappingDataService::? - GetWHONetMappingListWithModel : MethodStart
INFO  2022-03-10 18:12:44,255 MappingDataService::? - GetWHONetMappingListWithModel : MethodFinish
INFO  2022-03-10 18:12:44,312 MappingDataService::? - GetSpecimenMappingListWithModel : MethodStart
INFO  2022-03-10 18:12:44,492 MappingDataService::? - GetSpecimenMappingListWithModel : MethodFinish
INFO  2022-03-10 18:12:44,573 MappingDataService::? - GetOrganismMappingListWithModel : MethodStart
INFO  2022-03-10 18:12:44,893 MappingDataService::? - GetOrganismMappingListWithModel : MethodFinish
INFO  2022-03-10 18:12:44,977 MappingDataService::? - GetWardTypeMappingListWithModel : MethodStart
INFO  2022-03-10 18:12:45,109 MappingDataService::? - GetWardTypeMappingListWithModel : MethodFinish
INFO  2022-03-10 18:13:32,490 MappingDataService::? - GetWHONetMappingDataWithModel : MethodStart
INFO  2022-03-10 18:13:32,615 MappingDataService::? - GetWHONetMappingDataWithModel : MethodFinish
INFO  2022-03-10 18:13:32,659 MappingDataService::? - SaveWHONetMappingData : MethodStart
INFO  2022-03-10 18:13:32,957 MappingDataService::? - SaveWHONetMappingData : MethodFinish
INFO  2022-03-10 18:13:33,166 MappingDataService::? - GetMappingDataById : MethodStart
INFO  2022-03-10 18:13:33,274 MappingDataService::? - GetMappingDataById : MethodFinish
INFO  2022-03-10 18:13:33,334 MappingDataService::? - GetWHONetMappingListWithModel : MethodStart
INFO  2022-03-10 18:13:33,460 MappingDataService::? - GetWHONetMappingListWithModel : MethodFinish
INFO  2022-03-10 18:13:33,582 MappingDataService::? - GetSpecimenMappingListWithModel : MethodStart
INFO  2022-03-10 18:13:33,690 MappingDataService::? - GetSpecimenMappingListWithModel : MethodFinish
INFO  2022-03-10 18:13:33,729 MappingDataService::? - GetOrganismMappingListWithModel : MethodStart
INFO  2022-03-10 18:13:33,859 MappingDataService::? - GetOrganismMappingListWithModel : MethodFinish
INFO  2022-03-10 18:13:33,944 MappingDataService::? - GetWardTypeMappingListWithModel : MethodStart
INFO  2022-03-10 18:13:34,045 MappingDataService::? - GetWardTypeMappingListWithModel : MethodFinish
INFO  2022-03-10 18:13:51,546 MappingDataService::? - GetWHONetMappingDataWithModel : MethodStart
INFO  2022-03-10 18:13:51,646 MappingDataService::? - GetWHONetMappingDataWithModel : MethodFinish
INFO  2022-03-10 18:13:51,680 MappingDataService::? - SaveWHONetMappingData : MethodStart
INFO  2022-03-10 18:13:51,926 MappingDataService::? - SaveWHONetMappingData : MethodFinish
INFO  2022-03-10 18:13:52,161 MappingDataService::? - GetMappingDataById : MethodStart
INFO  2022-03-10 18:13:52,269 MappingDataService::? - GetMappingDataById : MethodFinish
INFO  2022-03-10 18:13:52,305 MappingDataService::? - GetWHONetMappingListWithModel : MethodStart
INFO  2022-03-10 18:13:52,407 MappingDataService::? - GetWHONetMappingListWithModel : MethodFinish
INFO  2022-03-10 18:13:52,472 MappingDataService::? - GetSpecimenMappingListWithModel : MethodStart
INFO  2022-03-10 18:13:52,583 MappingDataService::? - GetSpecimenMappingListWithModel : MethodFinish
INFO  2022-03-10 18:13:52,657 MappingDataService::? - GetOrganismMappingListWithModel : MethodStart
INFO  2022-03-10 18:13:52,779 MappingDataService::? - GetOrganismMappingListWithModel : MethodFinish
INFO  2022-03-10 18:13:52,809 MappingDataService::? - GetWardTypeMappingListWithModel : MethodStart
INFO  2022-03-10 18:13:52,909 MappingDataService::? - GetWardTypeMappingListWithModel : MethodFinish
INFO  2022-03-10 18:14:15,733 MappingDataService::? - GetWHONetMappingDataWithModel : MethodStart
INFO  2022-03-10 18:14:15,831 MappingDataService::? - GetWHONetMappingDataWithModel : MethodFinish
INFO  2022-03-10 18:14:15,875 MappingDataService::? - SaveWHONetMappingData : MethodStart
INFO  2022-03-10 18:14:16,131 MappingDataService::? - SaveWHONetMappingData : MethodFinish
INFO  2022-03-10 18:14:16,357 MappingDataService::? - GetMappingDataById : MethodStart
INFO  2022-03-10 18:14:16,459 MappingDataService::? - GetMappingDataById : MethodFinish
INFO  2022-03-10 18:14:16,511 MappingDataService::? - GetWHONetMappingListWithModel : MethodStart
INFO  2022-03-10 18:14:16,615 MappingDataService::? - GetWHONetMappingListWithModel : MethodFinish
INFO  2022-03-10 18:14:16,688 MappingDataService::? - GetSpecimenMappingListWithModel : MethodStart
INFO  2022-03-10 18:14:16,798 MappingDataService::? - GetSpecimenMappingListWithModel : MethodFinish
INFO  2022-03-10 18:14:16,868 MappingDataService::? - GetOrganismMappingListWithModel : MethodStart
INFO  2022-03-10 18:14:16,994 MappingDataService::? - GetOrganismMappingListWithModel : MethodFinish
INFO  2022-03-10 18:14:17,030 MappingDataService::? - GetWardTypeMappingListWithModel : MethodStart
INFO  2022-03-10 18:14:17,306 MappingDataService::? - GetWardTypeMappingListWithModel : MethodFinish
INFO  2022-03-10 18:14:42,907 MappingDataService::? - GetWHONetMappingDataWithModel : MethodStart
INFO  2022-03-10 18:14:43,007 MappingDataService::? - GetWHONetMappingDataWithModel : MethodFinish
INFO  2022-03-10 18:14:43,084 MappingDataService::? - SaveWHONetMappingData : MethodStart
INFO  2022-03-10 18:14:43,333 MappingDataService::? - SaveWHONetMappingData : MethodFinish
INFO  2022-03-10 18:14:43,511 MappingDataService::? - GetMappingDataById : MethodStart
INFO  2022-03-10 18:14:43,607 MappingDataService::? - GetMappingDataById : MethodFinish
INFO  2022-03-10 18:14:43,712 MappingDataService::? - GetWHONetMappingListWithModel : MethodStart
INFO  2022-03-10 18:14:43,816 MappingDataService::? - GetWHONetMappingListWithModel : MethodFinish
INFO  2022-03-10 18:14:43,854 MappingDataService::? - GetSpecimenMappingListWithModel : MethodStart
INFO  2022-03-10 18:14:43,962 MappingDataService::? - GetSpecimenMappingListWithModel : MethodFinish
INFO  2022-03-10 18:14:44,000 MappingDataService::? - GetOrganismMappingListWithModel : MethodStart
INFO  2022-03-10 18:14:44,117 MappingDataService::? - GetOrganismMappingListWithModel : MethodFinish
INFO  2022-03-10 18:14:44,151 MappingDataService::? - GetWardTypeMappingListWithModel : MethodStart
INFO  2022-03-10 18:14:44,251 MappingDataService::? - GetWardTypeMappingListWithModel : MethodFinish
INFO  2022-03-10 18:14:57,841 MappingDataService::? - GetWHONetMappingDataWithModel : MethodStart
INFO  2022-03-10 18:14:57,944 MappingDataService::? - GetWHONetMappingDataWithModel : MethodFinish
INFO  2022-03-10 18:14:58,001 MappingDataService::? - SaveWHONetMappingData : MethodStart
INFO  2022-03-10 18:14:58,254 MappingDataService::? - SaveWHONetMappingData : MethodFinish
INFO  2022-03-10 18:14:58,671 MappingDataService::? - GetMappingDataById : MethodStart
INFO  2022-03-10 18:14:58,767 MappingDataService::? - GetMappingDataById : MethodFinish
INFO  2022-03-10 18:14:58,816 MappingDataService::? - GetWHONetMappingListWithModel : MethodStart
INFO  2022-03-10 18:14:58,918 MappingDataService::? - GetWHONetMappingListWithModel : MethodFinish
INFO  2022-03-10 18:14:58,989 MappingDataService::? - GetSpecimenMappingListWithModel : MethodStart
INFO  2022-03-10 18:14:59,130 MappingDataService::? - GetSpecimenMappingListWithModel : MethodFinish
INFO  2022-03-10 18:14:59,179 MappingDataService::? - GetOrganismMappingListWithModel : MethodStart
INFO  2022-03-10 18:14:59,296 MappingDataService::? - GetOrganismMappingListWithModel : MethodFinish
INFO  2022-03-10 18:14:59,388 MappingDataService::? - GetWardTypeMappingListWithModel : MethodStart
INFO  2022-03-10 18:14:59,491 MappingDataService::? - GetWardTypeMappingListWithModel : MethodFinish
INFO  2022-03-10 18:15:14,652 MappingDataService::? - GetWHONetMappingDataWithModel : MethodStart
INFO  2022-03-10 18:15:14,748 MappingDataService::? - GetWHONetMappingDataWithModel : MethodFinish
INFO  2022-03-10 18:15:14,779 MappingDataService::? - SaveWHONetMappingData : MethodStart
INFO  2022-03-10 18:15:15,025 MappingDataService::? - SaveWHONetMappingData : MethodFinish
INFO  2022-03-10 18:15:15,269 MappingDataService::? - GetMappingDataById : MethodStart
INFO  2022-03-10 18:15:15,380 MappingDataService::? - GetMappingDataById : MethodFinish
INFO  2022-03-10 18:15:15,408 MappingDataService::? - GetWHONetMappingListWithModel : MethodStart
INFO  2022-03-10 18:15:15,506 MappingDataService::? - GetWHONetMappingListWithModel : MethodFinish
INFO  2022-03-10 18:15:15,531 MappingDataService::? - GetSpecimenMappingListWithModel : MethodStart
INFO  2022-03-10 18:15:15,638 MappingDataService::? - GetSpecimenMappingListWithModel : MethodFinish
INFO  2022-03-10 18:15:15,670 MappingDataService::? - GetOrganismMappingListWithModel : MethodStart
INFO  2022-03-10 18:15:15,784 MappingDataService::? - GetOrganismMappingListWithModel : MethodFinish
INFO  2022-03-10 18:15:15,813 MappingDataService::? - GetWardTypeMappingListWithModel : MethodStart
INFO  2022-03-10 18:15:15,911 MappingDataService::? - GetWardTypeMappingListWithModel : MethodFinish
INFO  2022-03-10 18:15:41,443 MappingDataService::? - GetWHONetMappingDataWithModel : MethodStart
INFO  2022-03-10 18:15:41,539 MappingDataService::? - GetWHONetMappingDataWithModel : MethodFinish
INFO  2022-03-10 18:15:41,579 MappingDataService::? - SaveWHONetMappingData : MethodStart
INFO  2022-03-10 18:15:41,846 MappingDataService::? - SaveWHONetMappingData : MethodFinish
INFO  2022-03-10 18:15:42,094 MappingDataService::? - GetMappingDataById : MethodStart
INFO  2022-03-10 18:15:42,194 MappingDataService::? - GetMappingDataById : MethodFinish
INFO  2022-03-10 18:15:42,251 MappingDataService::? - GetWHONetMappingListWithModel : MethodStart
INFO  2022-03-10 18:15:42,350 MappingDataService::? - GetWHONetMappingListWithModel : MethodFinish
INFO  2022-03-10 18:15:42,388 MappingDataService::? - GetSpecimenMappingListWithModel : MethodStart
INFO  2022-03-10 18:15:42,498 MappingDataService::? - GetSpecimenMappingListWithModel : MethodFinish
INFO  2022-03-10 18:15:42,523 MappingDataService::? - GetOrganismMappingListWithModel : MethodStart
INFO  2022-03-10 18:15:42,642 MappingDataService::? - GetOrganismMappingListWithModel : MethodFinish
INFO  2022-03-10 18:15:42,723 MappingDataService::? - GetWardTypeMappingListWithModel : MethodStart
INFO  2022-03-10 18:15:42,820 MappingDataService::? - GetWardTypeMappingListWithModel : MethodFinish
INFO  2022-03-10 18:16:43,333 MappingDataService::? - GetWHONetMappingDataWithModel : MethodStart
INFO  2022-03-10 18:16:43,442 MappingDataService::? - GetWHONetMappingDataWithModel : MethodFinish
INFO  2022-03-10 18:16:43,619 MappingDataService::? - SaveWHONetMappingData : MethodStart
INFO  2022-03-10 18:16:43,869 MappingDataService::? - SaveWHONetMappingData : MethodFinish
INFO  2022-03-10 18:16:44,227 MappingDataService::? - GetMappingDataById : MethodStart
INFO  2022-03-10 18:16:44,330 MappingDataService::? - GetMappingDataById : MethodFinish
INFO  2022-03-10 18:16:44,376 MappingDataService::? - GetWHONetMappingListWithModel : MethodStart
INFO  2022-03-10 18:16:44,483 MappingDataService::? - GetWHONetMappingListWithModel : MethodFinish
INFO  2022-03-10 18:16:44,527 MappingDataService::? - GetSpecimenMappingListWithModel : MethodStart
INFO  2022-03-10 18:16:44,634 MappingDataService::? - GetSpecimenMappingListWithModel : MethodFinish
INFO  2022-03-10 18:16:44,707 MappingDataService::? - GetOrganismMappingListWithModel : MethodStart
INFO  2022-03-10 18:16:44,820 MappingDataService::? - GetOrganismMappingListWithModel : MethodFinish
INFO  2022-03-10 18:16:44,901 MappingDataService::? - GetWardTypeMappingListWithModel : MethodStart
INFO  2022-03-10 18:16:44,998 MappingDataService::? - GetWardTypeMappingListWithModel : MethodFinish
INFO  2022-03-10 18:17:04,569 MappingDataService::? - GetWHONetMappingDataWithModel : MethodStart
INFO  2022-03-10 18:17:04,668 MappingDataService::? - GetWHONetMappingDataWithModel : MethodFinish
INFO  2022-03-10 18:17:04,722 MappingDataService::? - SaveWHONetMappingData : MethodStart
INFO  2022-03-10 18:17:04,963 MappingDataService::? - SaveWHONetMappingData : MethodFinish
INFO  2022-03-10 18:17:05,181 MappingDataService::? - GetMappingDataById : MethodStart
INFO  2022-03-10 18:17:05,278 MappingDataService::? - GetMappingDataById : MethodFinish
INFO  2022-03-10 18:17:05,365 MappingDataService::? - GetWHONetMappingListWithModel : MethodStart
INFO  2022-03-10 18:17:05,469 MappingDataService::? - GetWHONetMappingListWithModel : MethodFinish
INFO  2022-03-10 18:17:05,543 MappingDataService::? - GetSpecimenMappingListWithModel : MethodStart
INFO  2022-03-10 18:17:05,656 MappingDataService::? - GetSpecimenMappingListWithModel : MethodFinish
INFO  2022-03-10 18:17:05,700 MappingDataService::? - GetOrganismMappingListWithModel : MethodStart
INFO  2022-03-10 18:17:05,813 MappingDataService::? - GetOrganismMappingListWithModel : MethodFinish
INFO  2022-03-10 18:17:05,856 MappingDataService::? - GetWardTypeMappingListWithModel : MethodStart
INFO  2022-03-10 18:17:05,958 MappingDataService::? - GetWardTypeMappingListWithModel : MethodFinish
INFO  2022-03-10 18:17:18,662 MappingDataService::? - GetWHONetMappingDataWithModel : MethodStart
INFO  2022-03-10 18:17:18,759 MappingDataService::? - GetWHONetMappingDataWithModel : MethodFinish
INFO  2022-03-10 18:17:18,807 MappingDataService::? - SaveWHONetMappingData : MethodStart
INFO  2022-03-10 18:17:19,045 MappingDataService::? - SaveWHONetMappingData : MethodFinish
INFO  2022-03-10 18:17:19,488 MappingDataService::? - GetMappingDataById : MethodStart
INFO  2022-03-10 18:17:19,588 MappingDataService::? - GetMappingDataById : MethodFinish
INFO  2022-03-10 18:17:19,655 MappingDataService::? - GetWHONetMappingListWithModel : MethodStart
INFO  2022-03-10 18:17:19,763 MappingDataService::? - GetWHONetMappingListWithModel : MethodFinish
INFO  2022-03-10 18:17:19,806 MappingDataService::? - GetSpecimenMappingListWithModel : MethodStart
INFO  2022-03-10 18:17:19,917 MappingDataService::? - GetSpecimenMappingListWithModel : MethodFinish
INFO  2022-03-10 18:17:19,952 MappingDataService::? - GetOrganismMappingListWithModel : MethodStart
INFO  2022-03-10 18:17:20,067 MappingDataService::? - GetOrganismMappingListWithModel : MethodFinish
INFO  2022-03-10 18:17:20,127 MappingDataService::? - GetWardTypeMappingListWithModel : MethodStart
INFO  2022-03-10 18:17:20,226 MappingDataService::? - GetWardTypeMappingListWithModel : MethodFinish
INFO  2022-03-10 18:17:33,876 MappingDataService::? - GetWHONetMappingDataWithModel : MethodStart
INFO  2022-03-10 18:17:33,976 MappingDataService::? - GetWHONetMappingDataWithModel : MethodFinish
INFO  2022-03-10 18:17:34,042 MappingDataService::? - SaveWHONetMappingData : MethodStart
INFO  2022-03-10 18:17:34,289 MappingDataService::? - SaveWHONetMappingData : MethodFinish
INFO  2022-03-10 18:17:34,493 MappingDataService::? - GetMappingDataById : MethodStart
INFO  2022-03-10 18:17:34,601 MappingDataService::? - GetMappingDataById : MethodFinish
INFO  2022-03-10 18:17:34,638 MappingDataService::? - GetWHONetMappingListWithModel : MethodStart
INFO  2022-03-10 18:17:34,740 MappingDataService::? - GetWHONetMappingListWithModel : MethodFinish
INFO  2022-03-10 18:17:34,793 MappingDataService::? - GetSpecimenMappingListWithModel : MethodStart
INFO  2022-03-10 18:17:34,902 MappingDataService::? - GetSpecimenMappingListWithModel : MethodFinish
INFO  2022-03-10 18:17:34,939 MappingDataService::? - GetOrganismMappingListWithModel : MethodStart
INFO  2022-03-10 18:17:35,056 MappingDataService::? - GetOrganismMappingListWithModel : MethodFinish
INFO  2022-03-10 18:17:35,094 MappingDataService::? - GetWardTypeMappingListWithModel : MethodStart
INFO  2022-03-10 18:17:35,193 MappingDataService::? - GetWardTypeMappingListWithModel : MethodFinish
INFO  2022-03-10 18:17:47,168 MappingDataService::? - GetWHONetMappingDataWithModel : MethodStart
INFO  2022-03-10 18:17:47,275 MappingDataService::? - GetWHONetMappingDataWithModel : MethodFinish
INFO  2022-03-10 18:17:47,343 MappingDataService::? - SaveWHONetMappingData : MethodStart
INFO  2022-03-10 18:17:47,591 MappingDataService::? - SaveWHONetMappingData : MethodFinish
INFO  2022-03-10 18:17:47,812 MappingDataService::? - GetMappingDataById : MethodStart
INFO  2022-03-10 18:17:47,909 MappingDataService::? - GetMappingDataById : MethodFinish
INFO  2022-03-10 18:17:47,954 MappingDataService::? - GetWHONetMappingListWithModel : MethodStart
INFO  2022-03-10 18:17:48,056 MappingDataService::? - GetWHONetMappingListWithModel : MethodFinish
INFO  2022-03-10 18:17:48,100 MappingDataService::? - GetSpecimenMappingListWithModel : MethodStart
INFO  2022-03-10 18:17:48,212 MappingDataService::? - GetSpecimenMappingListWithModel : MethodFinish
INFO  2022-03-10 18:17:48,288 MappingDataService::? - GetOrganismMappingListWithModel : MethodStart
INFO  2022-03-10 18:17:48,411 MappingDataService::? - GetOrganismMappingListWithModel : MethodFinish
INFO  2022-03-10 18:17:48,472 MappingDataService::? - GetWardTypeMappingListWithModel : MethodStart
INFO  2022-03-10 18:17:48,591 MappingDataService::? - GetWardTypeMappingListWithModel : MethodFinish
INFO  2022-03-10 18:18:00,218 MappingDataService::? - GetWHONetMappingDataWithModel : MethodStart
INFO  2022-03-10 18:18:00,314 MappingDataService::? - GetWHONetMappingDataWithModel : MethodFinish
INFO  2022-03-10 18:18:00,577 MappingDataService::? - SaveWHONetMappingData : MethodStart
INFO  2022-03-10 18:18:00,848 MappingDataService::? - SaveWHONetMappingData : MethodFinish
INFO  2022-03-10 18:18:01,268 MappingDataService::? - GetMappingDataById : MethodStart
INFO  2022-03-10 18:18:01,368 MappingDataService::? - GetMappingDataById : MethodFinish
INFO  2022-03-10 18:18:01,462 MappingDataService::? - GetWHONetMappingListWithModel : MethodStart
INFO  2022-03-10 18:18:01,563 MappingDataService::? - GetWHONetMappingListWithModel : MethodFinish
INFO  2022-03-10 18:18:01,653 MappingDataService::? - GetSpecimenMappingListWithModel : MethodStart
INFO  2022-03-10 18:18:01,772 MappingDataService::? - GetSpecimenMappingListWithModel : MethodFinish
INFO  2022-03-10 18:18:01,828 MappingDataService::? - GetOrganismMappingListWithModel : MethodStart
INFO  2022-03-10 18:18:01,956 MappingDataService::? - GetOrganismMappingListWithModel : MethodFinish
INFO  2022-03-10 18:18:02,014 MappingDataService::? - GetWardTypeMappingListWithModel : MethodStart
INFO  2022-03-10 18:18:02,116 MappingDataService::? - GetWardTypeMappingListWithModel : MethodFinish
INFO  2022-03-10 18:18:15,646 MappingDataService::? - GetWHONetMappingDataWithModel : MethodStart
INFO  2022-03-10 18:18:15,818 MappingDataService::? - GetWHONetMappingDataWithModel : MethodFinish
INFO  2022-03-10 18:18:15,866 MappingDataService::? - SaveWHONetMappingData : MethodStart
INFO  2022-03-10 18:18:16,106 MappingDataService::? - SaveWHONetMappingData : MethodFinish
INFO  2022-03-10 18:18:16,614 MappingDataService::? - GetMappingDataById : MethodStart
INFO  2022-03-10 18:18:16,711 MappingDataService::? - GetMappingDataById : MethodFinish
INFO  2022-03-10 18:18:16,795 MappingDataService::? - GetWHONetMappingListWithModel : MethodStart
INFO  2022-03-10 18:18:16,913 MappingDataService::? - GetWHONetMappingListWithModel : MethodFinish
INFO  2022-03-10 18:18:16,956 MappingDataService::? - GetSpecimenMappingListWithModel : MethodStart
INFO  2022-03-10 18:18:17,062 MappingDataService::? - GetSpecimenMappingListWithModel : MethodFinish
INFO  2022-03-10 18:18:17,120 MappingDataService::? - GetOrganismMappingListWithModel : MethodStart
INFO  2022-03-10 18:18:17,250 MappingDataService::? - GetOrganismMappingListWithModel : MethodFinish
INFO  2022-03-10 18:18:17,334 MappingDataService::? - GetWardTypeMappingListWithModel : MethodStart
INFO  2022-03-10 18:18:17,432 MappingDataService::? - GetWardTypeMappingListWithModel : MethodFinish
INFO  2022-03-10 18:18:33,813 MappingDataService::? - GetWHONetMappingDataWithModel : MethodStart
INFO  2022-03-10 18:18:33,911 MappingDataService::? - GetWHONetMappingDataWithModel : MethodFinish
INFO  2022-03-10 18:18:33,952 MappingDataService::? - SaveWHONetMappingData : MethodStart
INFO  2022-03-10 18:18:34,197 MappingDataService::? - SaveWHONetMappingData : MethodFinish
INFO  2022-03-10 18:18:34,530 MappingDataService::? - GetMappingDataById : MethodStart
INFO  2022-03-10 18:18:34,625 MappingDataService::? - GetMappingDataById : MethodFinish
INFO  2022-03-10 18:18:34,668 MappingDataService::? - GetWHONetMappingListWithModel : MethodStart
INFO  2022-03-10 18:18:34,774 MappingDataService::? - GetWHONetMappingListWithModel : MethodFinish
INFO  2022-03-10 18:18:34,858 MappingDataService::? - GetSpecimenMappingListWithModel : MethodStart
INFO  2022-03-10 18:18:34,970 MappingDataService::? - GetSpecimenMappingListWithModel : MethodFinish
INFO  2022-03-10 18:18:35,046 MappingDataService::? - GetOrganismMappingListWithModel : MethodStart
INFO  2022-03-10 18:18:35,172 MappingDataService::? - GetOrganismMappingListWithModel : MethodFinish
INFO  2022-03-10 18:18:35,239 MappingDataService::? - GetWardTypeMappingListWithModel : MethodStart
INFO  2022-03-10 18:18:35,345 MappingDataService::? - GetWardTypeMappingListWithModel : MethodFinish
INFO  2022-03-10 18:18:47,039 MappingDataService::? - GetWHONetMappingDataWithModel : MethodStart
INFO  2022-03-10 18:18:47,141 MappingDataService::? - GetWHONetMappingDataWithModel : MethodFinish
INFO  2022-03-10 18:18:47,175 MappingDataService::? - SaveWHONetMappingData : MethodStart
INFO  2022-03-10 18:18:47,418 MappingDataService::? - SaveWHONetMappingData : MethodFinish
INFO  2022-03-10 18:18:47,588 MappingDataService::? - GetMappingDataById : MethodStart
INFO  2022-03-10 18:18:47,690 MappingDataService::? - GetMappingDataById : MethodFinish
INFO  2022-03-10 18:18:47,729 MappingDataService::? - GetWHONetMappingListWithModel : MethodStart
INFO  2022-03-10 18:18:47,842 MappingDataService::? - GetWHONetMappingListWithModel : MethodFinish
INFO  2022-03-10 18:18:47,892 MappingDataService::? - GetSpecimenMappingListWithModel : MethodStart
INFO  2022-03-10 18:18:48,008 MappingDataService::? - GetSpecimenMappingListWithModel : MethodFinish
INFO  2022-03-10 18:18:48,116 MappingDataService::? - GetOrganismMappingListWithModel : MethodStart
INFO  2022-03-10 18:18:48,240 MappingDataService::? - GetOrganismMappingListWithModel : MethodFinish
INFO  2022-03-10 18:18:48,325 MappingDataService::? - GetWardTypeMappingListWithModel : MethodStart
INFO  2022-03-10 18:18:48,421 MappingDataService::? - GetWardTypeMappingListWithModel : MethodFinish
INFO  2022-03-10 18:19:08,619 MappingDataService::? - GetWHONetMappingDataWithModel : MethodStart
INFO  2022-03-10 18:19:08,719 MappingDataService::? - GetWHONetMappingDataWithModel : MethodFinish
INFO  2022-03-10 18:19:08,765 MappingDataService::? - SaveWHONetMappingData : MethodStart
INFO  2022-03-10 18:19:09,016 MappingDataService::? - SaveWHONetMappingData : MethodFinish
INFO  2022-03-10 18:19:09,203 MappingDataService::? - GetMappingDataById : MethodStart
INFO  2022-03-10 18:19:09,302 MappingDataService::? - GetMappingDataById : MethodFinish
INFO  2022-03-10 18:19:09,336 MappingDataService::? - GetWHONetMappingListWithModel : MethodStart
INFO  2022-03-10 18:19:09,440 MappingDataService::? - GetWHONetMappingListWithModel : MethodFinish
INFO  2022-03-10 18:19:09,489 MappingDataService::? - GetSpecimenMappingListWithModel : MethodStart
INFO  2022-03-10 18:19:09,604 MappingDataService::? - GetSpecimenMappingListWithModel : MethodFinish
INFO  2022-03-10 18:19:09,675 MappingDataService::? - GetOrganismMappingListWithModel : MethodStart
INFO  2022-03-10 18:19:09,794 MappingDataService::? - GetOrganismMappingListWithModel : MethodFinish
INFO  2022-03-10 18:19:09,862 MappingDataService::? - GetWardTypeMappingListWithModel : MethodStart
INFO  2022-03-10 18:19:09,962 MappingDataService::? - GetWardTypeMappingListWithModel : MethodFinish
INFO  2022-03-10 18:19:29,922 MappingDataService::? - GetWHONetMappingDataWithModel : MethodStart
INFO  2022-03-10 18:19:30,020 MappingDataService::? - GetWHONetMappingDataWithModel : MethodFinish
INFO  2022-03-10 18:19:30,054 MappingDataService::? - SaveWHONetMappingData : MethodStart
INFO  2022-03-10 18:19:30,312 MappingDataService::? - SaveWHONetMappingData : MethodFinish
INFO  2022-03-10 18:19:30,541 MappingDataService::? - GetMappingDataById : MethodStart
INFO  2022-03-10 18:19:30,635 MappingDataService::? - GetMappingDataById : MethodFinish
INFO  2022-03-10 18:19:30,800 MappingDataService::? - GetWHONetMappingListWithModel : MethodStart
INFO  2022-03-10 18:19:30,903 MappingDataService::? - GetWHONetMappingListWithModel : MethodFinish
INFO  2022-03-10 18:19:31,026 MappingDataService::? - GetSpecimenMappingListWithModel : MethodStart
INFO  2022-03-10 18:19:31,140 MappingDataService::? - GetSpecimenMappingListWithModel : MethodFinish
INFO  2022-03-10 18:19:31,222 MappingDataService::? - GetOrganismMappingListWithModel : MethodStart
INFO  2022-03-10 18:19:31,361 MappingDataService::? - GetOrganismMappingListWithModel : MethodFinish
INFO  2022-03-10 18:19:31,440 MappingDataService::? - GetWardTypeMappingListWithModel : MethodStart
INFO  2022-03-10 18:19:31,538 MappingDataService::? - GetWardTypeMappingListWithModel : MethodFinish
INFO  2022-03-10 18:19:43,329 MappingDataService::? - GetWHONetMappingDataWithModel : MethodStart
INFO  2022-03-10 18:19:43,428 MappingDataService::? - GetWHONetMappingDataWithModel : MethodFinish
INFO  2022-03-10 18:19:43,458 MappingDataService::? - SaveWHONetMappingData : MethodStart
INFO  2022-03-10 18:19:43,701 MappingDataService::? - SaveWHONetMappingData : MethodFinish
INFO  2022-03-10 18:19:44,108 MappingDataService::? - GetMappingDataById : MethodStart
INFO  2022-03-10 18:19:44,203 MappingDataService::? - GetMappingDataById : MethodFinish
INFO  2022-03-10 18:19:44,243 MappingDataService::? - GetWHONetMappingListWithModel : MethodStart
INFO  2022-03-10 18:19:44,346 MappingDataService::? - GetWHONetMappingListWithModel : MethodFinish
INFO  2022-03-10 18:19:44,393 MappingDataService::? - GetSpecimenMappingListWithModel : MethodStart
INFO  2022-03-10 18:19:44,497 MappingDataService::? - GetSpecimenMappingListWithModel : MethodFinish
INFO  2022-03-10 18:19:44,566 MappingDataService::? - GetOrganismMappingListWithModel : MethodStart
INFO  2022-03-10 18:19:44,681 MappingDataService::? - GetOrganismMappingListWithModel : MethodFinish
INFO  2022-03-10 18:19:44,740 MappingDataService::? - GetWardTypeMappingListWithModel : MethodStart
INFO  2022-03-10 18:19:44,846 MappingDataService::? - GetWardTypeMappingListWithModel : MethodFinish
INFO  2022-03-10 18:20:10,246 MappingDataService::? - GetWHONetMappingDataWithModel : MethodStart
INFO  2022-03-10 18:20:10,350 MappingDataService::? - GetWHONetMappingDataWithModel : MethodFinish
INFO  2022-03-10 18:20:10,406 MappingDataService::? - SaveWHONetMappingData : MethodStart
INFO  2022-03-10 18:20:10,647 MappingDataService::? - SaveWHONetMappingData : MethodFinish
INFO  2022-03-10 18:20:10,855 MappingDataService::? - GetMappingDataById : MethodStart
INFO  2022-03-10 18:20:10,950 MappingDataService::? - GetMappingDataById : MethodFinish
INFO  2022-03-10 18:20:11,139 MappingDataService::? - GetWHONetMappingListWithModel : MethodStart
INFO  2022-03-10 18:20:11,243 MappingDataService::? - GetWHONetMappingListWithModel : MethodFinish
INFO  2022-03-10 18:20:11,305 MappingDataService::? - GetSpecimenMappingListWithModel : MethodStart
INFO  2022-03-10 18:20:11,416 MappingDataService::? - GetSpecimenMappingListWithModel : MethodFinish
INFO  2022-03-10 18:20:11,470 MappingDataService::? - GetOrganismMappingListWithModel : MethodStart
INFO  2022-03-10 18:20:11,590 MappingDataService::? - GetOrganismMappingListWithModel : MethodFinish
INFO  2022-03-10 18:20:11,665 MappingDataService::? - GetWardTypeMappingListWithModel : MethodStart
INFO  2022-03-10 18:20:11,766 MappingDataService::? - GetWardTypeMappingListWithModel : MethodFinish
INFO  2022-03-10 18:20:34,557 MappingDataService::? - GetWHONetMappingDataWithModel : MethodStart
INFO  2022-03-10 18:20:34,661 MappingDataService::? - GetWHONetMappingDataWithModel : MethodFinish
INFO  2022-03-10 18:20:34,704 MappingDataService::? - SaveWHONetMappingData : MethodStart
INFO  2022-03-10 18:20:34,949 MappingDataService::? - SaveWHONetMappingData : MethodFinish
INFO  2022-03-10 18:20:35,142 MappingDataService::? - GetMappingDataById : MethodStart
INFO  2022-03-10 18:20:35,241 MappingDataService::? - GetMappingDataById : MethodFinish
INFO  2022-03-10 18:20:35,272 MappingDataService::? - GetWHONetMappingListWithModel : MethodStart
INFO  2022-03-10 18:20:35,370 MappingDataService::? - GetWHONetMappingListWithModel : MethodFinish
INFO  2022-03-10 18:20:35,400 MappingDataService::? - GetSpecimenMappingListWithModel : MethodStart
INFO  2022-03-10 18:20:35,505 MappingDataService::? - GetSpecimenMappingListWithModel : MethodFinish
INFO  2022-03-10 18:20:35,567 MappingDataService::? - GetOrganismMappingListWithModel : MethodStart
INFO  2022-03-10 18:20:35,680 MappingDataService::? - GetOrganismMappingListWithModel : MethodFinish
INFO  2022-03-10 18:20:35,705 MappingDataService::? - GetWardTypeMappingListWithModel : MethodStart
INFO  2022-03-10 18:20:35,805 MappingDataService::? - GetWardTypeMappingListWithModel : MethodFinish
INFO  2022-03-10 18:20:53,086 MappingDataService::? - GetWHONetMappingDataWithModel : MethodStart
INFO  2022-03-10 18:20:53,184 MappingDataService::? - GetWHONetMappingDataWithModel : MethodFinish
INFO  2022-03-10 18:20:53,235 MappingDataService::? - SaveWHONetMappingData : MethodStart
INFO  2022-03-10 18:20:53,479 MappingDataService::? - SaveWHONetMappingData : MethodFinish
INFO  2022-03-10 18:20:53,766 MappingDataService::? - GetMappingDataById : MethodStart
INFO  2022-03-10 18:20:53,862 MappingDataService::? - GetMappingDataById : MethodFinish
INFO  2022-03-10 18:20:53,919 MappingDataService::? - GetWHONetMappingListWithModel : MethodStart
INFO  2022-03-10 18:20:54,022 MappingDataService::? - GetWHONetMappingListWithModel : MethodFinish
INFO  2022-03-10 18:20:54,076 MappingDataService::? - GetSpecimenMappingListWithModel : MethodStart
INFO  2022-03-10 18:20:54,189 MappingDataService::? - GetSpecimenMappingListWithModel : MethodFinish
INFO  2022-03-10 18:20:54,261 MappingDataService::? - GetOrganismMappingListWithModel : MethodStart
INFO  2022-03-10 18:20:54,383 MappingDataService::? - GetOrganismMappingListWithModel : MethodFinish
INFO  2022-03-10 18:20:54,545 MappingDataService::? - GetWardTypeMappingListWithModel : MethodStart
INFO  2022-03-10 18:20:54,644 MappingDataService::? - GetWardTypeMappingListWithModel : MethodFinish
INFO  2022-03-10 18:21:07,732 MappingDataService::? - GetWHONetMappingDataWithModel : MethodStart
INFO  2022-03-10 18:21:07,830 MappingDataService::? - GetWHONetMappingDataWithModel : MethodFinish
INFO  2022-03-10 18:21:07,893 MappingDataService::? - SaveWHONetMappingData : MethodStart
INFO  2022-03-10 18:21:08,142 MappingDataService::? - SaveWHONetMappingData : MethodFinish
INFO  2022-03-10 18:21:08,636 MappingDataService::? - GetMappingDataById : MethodStart
INFO  2022-03-10 18:21:08,742 MappingDataService::? - GetMappingDataById : MethodFinish
INFO  2022-03-10 18:21:08,784 MappingDataService::? - GetWHONetMappingListWithModel : MethodStart
INFO  2022-03-10 18:21:08,888 MappingDataService::? - GetWHONetMappingListWithModel : MethodFinish
INFO  2022-03-10 18:21:08,940 MappingDataService::? - GetSpecimenMappingListWithModel : MethodStart
INFO  2022-03-10 18:21:09,054 MappingDataService::? - GetSpecimenMappingListWithModel : MethodFinish
INFO  2022-03-10 18:21:09,158 MappingDataService::? - GetOrganismMappingListWithModel : MethodStart
INFO  2022-03-10 18:21:09,278 MappingDataService::? - GetOrganismMappingListWithModel : MethodFinish
INFO  2022-03-10 18:21:09,400 MappingDataService::? - GetWardTypeMappingListWithModel : MethodStart
INFO  2022-03-10 18:21:09,508 MappingDataService::? - GetWardTypeMappingListWithModel : MethodFinish
INFO  2022-03-10 18:21:25,140 MappingDataService::? - GetWHONetMappingDataWithModel : MethodStart
INFO  2022-03-10 18:21:25,241 MappingDataService::? - GetWHONetMappingDataWithModel : MethodFinish
INFO  2022-03-10 18:21:25,297 MappingDataService::? - SaveWHONetMappingData : MethodStart
INFO  2022-03-10 18:21:25,562 MappingDataService::? - SaveWHONetMappingData : MethodFinish
INFO  2022-03-10 18:21:25,775 MappingDataService::? - GetMappingDataById : MethodStart
INFO  2022-03-10 18:21:25,877 MappingDataService::? - GetMappingDataById : MethodFinish
INFO  2022-03-10 18:21:25,958 MappingDataService::? - GetWHONetMappingListWithModel : MethodStart
INFO  2022-03-10 18:21:26,071 MappingDataService::? - GetWHONetMappingListWithModel : MethodFinish
INFO  2022-03-10 18:21:26,167 MappingDataService::? - GetSpecimenMappingListWithModel : MethodStart
INFO  2022-03-10 18:21:26,296 MappingDataService::? - GetSpecimenMappingListWithModel : MethodFinish
INFO  2022-03-10 18:21:26,344 MappingDataService::? - GetOrganismMappingListWithModel : MethodStart
INFO  2022-03-10 18:21:26,463 MappingDataService::? - GetOrganismMappingListWithModel : MethodFinish
INFO  2022-03-10 18:21:26,547 MappingDataService::? - GetWardTypeMappingListWithModel : MethodStart
INFO  2022-03-10 18:21:26,649 MappingDataService::? - GetWardTypeMappingListWithModel : MethodFinish
INFO  2022-03-10 18:21:38,461 MappingDataService::? - GetWHONetMappingDataWithModel : MethodStart
INFO  2022-03-10 18:21:38,582 MappingDataService::? - GetWHONetMappingDataWithModel : MethodFinish
INFO  2022-03-10 18:21:38,627 MappingDataService::? - SaveWHONetMappingData : MethodStart
INFO  2022-03-10 18:21:38,885 MappingDataService::? - SaveWHONetMappingData : MethodFinish
INFO  2022-03-10 18:21:39,055 MappingDataService::? - GetMappingDataById : MethodStart
INFO  2022-03-10 18:21:39,150 MappingDataService::? - GetMappingDataById : MethodFinish
INFO  2022-03-10 18:21:39,182 MappingDataService::? - GetWHONetMappingListWithModel : MethodStart
INFO  2022-03-10 18:21:39,281 MappingDataService::? - GetWHONetMappingListWithModel : MethodFinish
INFO  2022-03-10 18:21:39,307 MappingDataService::? - GetSpecimenMappingListWithModel : MethodStart
INFO  2022-03-10 18:21:39,416 MappingDataService::? - GetSpecimenMappingListWithModel : MethodFinish
INFO  2022-03-10 18:21:39,451 MappingDataService::? - GetOrganismMappingListWithModel : MethodStart
INFO  2022-03-10 18:21:39,569 MappingDataService::? - GetOrganismMappingListWithModel : MethodFinish
INFO  2022-03-10 18:21:39,600 MappingDataService::? - GetWardTypeMappingListWithModel : MethodStart
INFO  2022-03-10 18:21:39,701 MappingDataService::? - GetWardTypeMappingListWithModel : MethodFinish
INFO  2022-03-10 18:22:24,436 MappingDataService::? - GetWHONetMappingDataWithModel : MethodStart
INFO  2022-03-10 18:22:24,531 MappingDataService::? - GetWHONetMappingDataWithModel : MethodFinish
INFO  2022-03-10 18:22:24,582 MappingDataService::? - SaveWHONetMappingData : MethodStart
INFO  2022-03-10 18:22:24,820 MappingDataService::? - SaveWHONetMappingData : MethodFinish
INFO  2022-03-10 18:22:25,036 MappingDataService::? - GetMappingDataById : MethodStart
INFO  2022-03-10 18:22:25,133 MappingDataService::? - GetMappingDataById : MethodFinish
INFO  2022-03-10 18:22:25,178 MappingDataService::? - GetWHONetMappingListWithModel : MethodStart
INFO  2022-03-10 18:22:25,277 MappingDataService::? - GetWHONetMappingListWithModel : MethodFinish
INFO  2022-03-10 18:22:25,316 MappingDataService::? - GetSpecimenMappingListWithModel : MethodStart
INFO  2022-03-10 18:22:25,426 MappingDataService::? - GetSpecimenMappingListWithModel : MethodFinish
INFO  2022-03-10 18:22:25,460 MappingDataService::? - GetOrganismMappingListWithModel : MethodStart
INFO  2022-03-10 18:22:25,575 MappingDataService::? - GetOrganismMappingListWithModel : MethodFinish
INFO  2022-03-10 18:22:25,667 MappingDataService::? - GetWardTypeMappingListWithModel : MethodStart
INFO  2022-03-10 18:22:25,764 MappingDataService::? - GetWardTypeMappingListWithModel : MethodFinish
INFO  2022-03-10 18:22:35,689 MappingDataService::? - GetWHONetMappingDataWithModel : MethodStart
INFO  2022-03-10 18:22:35,782 MappingDataService::? - GetWHONetMappingDataWithModel : MethodFinish
INFO  2022-03-10 18:22:35,822 MappingDataService::? - SaveWHONetMappingData : MethodStart
INFO  2022-03-10 18:22:36,069 MappingDataService::? - SaveWHONetMappingData : MethodFinish
INFO  2022-03-10 18:22:36,284 MappingDataService::? - GetMappingDataById : MethodStart
INFO  2022-03-10 18:22:36,379 MappingDataService::? - GetMappingDataById : MethodFinish
INFO  2022-03-10 18:22:36,439 MappingDataService::? - GetWHONetMappingListWithModel : MethodStart
INFO  2022-03-10 18:22:36,542 MappingDataService::? - GetWHONetMappingListWithModel : MethodFinish
INFO  2022-03-10 18:22:36,589 MappingDataService::? - GetSpecimenMappingListWithModel : MethodStart
INFO  2022-03-10 18:22:36,704 MappingDataService::? - GetSpecimenMappingListWithModel : MethodFinish
INFO  2022-03-10 18:22:36,742 MappingDataService::? - GetOrganismMappingListWithModel : MethodStart
INFO  2022-03-10 18:22:36,857 MappingDataService::? - GetOrganismMappingListWithModel : MethodFinish
INFO  2022-03-10 18:22:36,942 MappingDataService::? - GetWardTypeMappingListWithModel : MethodStart
INFO  2022-03-10 18:22:37,038 MappingDataService::? - GetWardTypeMappingListWithModel : MethodFinish
INFO  2022-03-10 18:22:45,098 MappingDataService::? - GetWHONetMappingDataWithModel : MethodStart
INFO  2022-03-10 18:22:45,193 MappingDataService::? - GetWHONetMappingDataWithModel : MethodFinish
INFO  2022-03-10 18:22:45,239 MappingDataService::? - SaveWHONetMappingData : MethodStart
INFO  2022-03-10 18:22:45,484 MappingDataService::? - SaveWHONetMappingData : MethodFinish
INFO  2022-03-10 18:22:45,671 MappingDataService::? - GetMappingDataById : MethodStart
INFO  2022-03-10 18:22:45,768 MappingDataService::? - GetMappingDataById : MethodFinish
INFO  2022-03-10 18:22:45,810 MappingDataService::? - GetWHONetMappingListWithModel : MethodStart
INFO  2022-03-10 18:22:45,916 MappingDataService::? - GetWHONetMappingListWithModel : MethodFinish
INFO  2022-03-10 18:22:45,966 MappingDataService::? - GetSpecimenMappingListWithModel : MethodStart
INFO  2022-03-10 18:22:46,086 MappingDataService::? - GetSpecimenMappingListWithModel : MethodFinish
INFO  2022-03-10 18:22:46,121 MappingDataService::? - GetOrganismMappingListWithModel : MethodStart
INFO  2022-03-10 18:22:46,239 MappingDataService::? - GetOrganismMappingListWithModel : MethodFinish
INFO  2022-03-10 18:22:46,268 MappingDataService::? - GetWardTypeMappingListWithModel : MethodStart
INFO  2022-03-10 18:22:46,367 MappingDataService::? - GetWardTypeMappingListWithModel : MethodFinish
INFO  2022-03-10 18:23:02,408 MappingDataService::? - GetWHONetMappingDataWithModel : MethodStart
INFO  2022-03-10 18:23:02,511 MappingDataService::? - GetWHONetMappingDataWithModel : MethodFinish
INFO  2022-03-10 18:23:02,555 MappingDataService::? - SaveWHONetMappingData : MethodStart
INFO  2022-03-10 18:23:02,803 MappingDataService::? - SaveWHONetMappingData : MethodFinish
INFO  2022-03-10 18:23:02,985 MappingDataService::? - GetMappingDataById : MethodStart
INFO  2022-03-10 18:23:03,084 MappingDataService::? - GetMappingDataById : MethodFinish
INFO  2022-03-10 18:23:03,112 MappingDataService::? - GetWHONetMappingListWithModel : MethodStart
INFO  2022-03-10 18:23:03,214 MappingDataService::? - GetWHONetMappingListWithModel : MethodFinish
INFO  2022-03-10 18:23:03,247 MappingDataService::? - GetSpecimenMappingListWithModel : MethodStart
INFO  2022-03-10 18:23:03,356 MappingDataService::? - GetSpecimenMappingListWithModel : MethodFinish
INFO  2022-03-10 18:23:03,392 MappingDataService::? - GetOrganismMappingListWithModel : MethodStart
INFO  2022-03-10 18:23:03,515 MappingDataService::? - GetOrganismMappingListWithModel : MethodFinish
INFO  2022-03-10 18:23:03,542 MappingDataService::? - GetWardTypeMappingListWithModel : MethodStart
INFO  2022-03-10 18:23:03,640 MappingDataService::? - GetWardTypeMappingListWithModel : MethodFinish
INFO  2022-03-10 18:23:16,584 MappingDataService::? - GetWHONetMappingDataWithModel : MethodStart
INFO  2022-03-10 18:23:16,684 MappingDataService::? - GetWHONetMappingDataWithModel : MethodFinish
INFO  2022-03-10 18:23:16,712 MappingDataService::? - SaveWHONetMappingData : MethodStart
INFO  2022-03-10 18:23:16,962 MappingDataService::? - SaveWHONetMappingData : MethodFinish
INFO  2022-03-10 18:23:17,121 MappingDataService::? - GetMappingDataById : MethodStart
INFO  2022-03-10 18:23:17,213 MappingDataService::? - GetMappingDataById : MethodFinish
INFO  2022-03-10 18:23:17,244 MappingDataService::? - GetWHONetMappingListWithModel : MethodStart
INFO  2022-03-10 18:23:17,344 MappingDataService::? - GetWHONetMappingListWithModel : MethodFinish
INFO  2022-03-10 18:23:17,379 MappingDataService::? - GetSpecimenMappingListWithModel : MethodStart
INFO  2022-03-10 18:23:17,489 MappingDataService::? - GetSpecimenMappingListWithModel : MethodFinish
INFO  2022-03-10 18:23:17,520 MappingDataService::? - GetOrganismMappingListWithModel : MethodStart
INFO  2022-03-10 18:23:17,633 MappingDataService::? - GetOrganismMappingListWithModel : MethodFinish
INFO  2022-03-10 18:23:17,662 MappingDataService::? - GetWardTypeMappingListWithModel : MethodStart
INFO  2022-03-10 18:23:17,758 MappingDataService::? - GetWardTypeMappingListWithModel : MethodFinish
INFO  2022-03-10 18:23:35,960 MappingDataService::? - GetWHONetMappingDataWithModel : MethodStart
INFO  2022-03-10 18:23:36,058 MappingDataService::? - GetWHONetMappingDataWithModel : MethodFinish
INFO  2022-03-10 18:23:36,112 MappingDataService::? - SaveWHONetMappingData : MethodStart
INFO  2022-03-10 18:23:36,362 MappingDataService::? - SaveWHONetMappingData : MethodFinish
INFO  2022-03-10 18:23:36,543 MappingDataService::? - GetMappingDataById : MethodStart
INFO  2022-03-10 18:23:36,656 MappingDataService::? - GetMappingDataById : MethodFinish
INFO  2022-03-10 18:23:36,701 MappingDataService::? - GetWHONetMappingListWithModel : MethodStart
INFO  2022-03-10 18:23:36,804 MappingDataService::? - GetWHONetMappingListWithModel : MethodFinish
INFO  2022-03-10 18:23:36,845 MappingDataService::? - GetSpecimenMappingListWithModel : MethodStart
INFO  2022-03-10 18:23:36,951 MappingDataService::? - GetSpecimenMappingListWithModel : MethodFinish
INFO  2022-03-10 18:23:36,989 MappingDataService::? - GetOrganismMappingListWithModel : MethodStart
INFO  2022-03-10 18:23:37,106 MappingDataService::? - GetOrganismMappingListWithModel : MethodFinish
INFO  2022-03-10 18:23:37,140 MappingDataService::? - GetWardTypeMappingListWithModel : MethodStart
INFO  2022-03-10 18:23:37,239 MappingDataService::? - GetWardTypeMappingListWithModel : MethodFinish
INFO  2022-03-10 18:23:47,110 MappingDataService::? - GetWHONetMappingDataWithModel : MethodStart
INFO  2022-03-10 18:23:47,209 MappingDataService::? - GetWHONetMappingDataWithModel : MethodFinish
INFO  2022-03-10 18:23:47,238 MappingDataService::? - SaveWHONetMappingData : MethodStart
INFO  2022-03-10 18:23:47,489 MappingDataService::? - SaveWHONetMappingData : MethodFinish
INFO  2022-03-10 18:23:47,660 MappingDataService::? - GetMappingDataById : MethodStart
INFO  2022-03-10 18:23:47,754 MappingDataService::? - GetMappingDataById : MethodFinish
INFO  2022-03-10 18:23:47,779 MappingDataService::? - GetWHONetMappingListWithModel : MethodStart
INFO  2022-03-10 18:23:47,881 MappingDataService::? - GetWHONetMappingListWithModel : MethodFinish
INFO  2022-03-10 18:23:47,913 MappingDataService::? - GetSpecimenMappingListWithModel : MethodStart
INFO  2022-03-10 18:23:48,019 MappingDataService::? - GetSpecimenMappingListWithModel : MethodFinish
INFO  2022-03-10 18:23:48,045 MappingDataService::? - GetOrganismMappingListWithModel : MethodStart
INFO  2022-03-10 18:23:48,167 MappingDataService::? - GetOrganismMappingListWithModel : MethodFinish
INFO  2022-03-10 18:23:48,200 MappingDataService::? - GetWardTypeMappingListWithModel : MethodStart
INFO  2022-03-10 18:23:48,303 MappingDataService::? - GetWardTypeMappingListWithModel : MethodFinish
INFO  2022-03-10 18:24:09,133 MappingDataService::? - GetWHONetMappingDataWithModel : MethodStart
INFO  2022-03-10 18:24:09,236 MappingDataService::? - GetWHONetMappingDataWithModel : MethodFinish
INFO  2022-03-10 18:24:09,284 MappingDataService::? - SaveWHONetMappingData : MethodStart
INFO  2022-03-10 18:24:09,602 MappingDataService::? - SaveWHONetMappingData : MethodFinish
INFO  2022-03-10 18:24:09,842 MappingDataService::? - GetMappingDataById : MethodStart
INFO  2022-03-10 18:24:09,950 MappingDataService::? - GetMappingDataById : MethodFinish
INFO  2022-03-10 18:24:10,013 MappingDataService::? - GetWHONetMappingListWithModel : MethodStart
INFO  2022-03-10 18:24:10,114 MappingDataService::? - GetWHONetMappingListWithModel : MethodFinish
INFO  2022-03-10 18:24:10,154 MappingDataService::? - GetSpecimenMappingListWithModel : MethodStart
INFO  2022-03-10 18:24:10,266 MappingDataService::? - GetSpecimenMappingListWithModel : MethodFinish
INFO  2022-03-10 18:24:10,316 MappingDataService::? - GetOrganismMappingListWithModel : MethodStart
INFO  2022-03-10 18:24:10,431 MappingDataService::? - GetOrganismMappingListWithModel : MethodFinish
INFO  2022-03-10 18:24:10,476 MappingDataService::? - GetWardTypeMappingListWithModel : MethodStart
INFO  2022-03-10 18:24:10,571 MappingDataService::? - GetWardTypeMappingListWithModel : MethodFinish
INFO  2022-03-10 18:24:21,457 MappingDataService::? - GetWHONetMappingDataWithModel : MethodStart
INFO  2022-03-10 18:24:21,554 MappingDataService::? - GetWHONetMappingDataWithModel : MethodFinish
INFO  2022-03-10 18:24:21,649 MappingDataService::? - SaveWHONetMappingData : MethodStart
INFO  2022-03-10 18:24:21,891 MappingDataService::? - SaveWHONetMappingData : MethodFinish
INFO  2022-03-10 18:24:22,062 MappingDataService::? - GetMappingDataById : MethodStart
INFO  2022-03-10 18:24:22,162 MappingDataService::? - GetMappingDataById : MethodFinish
INFO  2022-03-10 18:24:22,219 MappingDataService::? - GetWHONetMappingListWithModel : MethodStart
INFO  2022-03-10 18:24:22,325 MappingDataService::? - GetWHONetMappingListWithModel : MethodFinish
INFO  2022-03-10 18:24:22,365 MappingDataService::? - GetSpecimenMappingListWithModel : MethodStart
INFO  2022-03-10 18:24:22,472 MappingDataService::? - GetSpecimenMappingListWithModel : MethodFinish
INFO  2022-03-10 18:24:22,510 MappingDataService::? - GetOrganismMappingListWithModel : MethodStart
INFO  2022-03-10 18:24:22,627 MappingDataService::? - GetOrganismMappingListWithModel : MethodFinish
INFO  2022-03-10 18:24:22,663 MappingDataService::? - GetWardTypeMappingListWithModel : MethodStart
INFO  2022-03-10 18:24:22,759 MappingDataService::? - GetWardTypeMappingListWithModel : MethodFinish
INFO  2022-03-10 18:25:45,040 MappingDataService::? - GetSpecimenMappingDataWithModel : MethodStart
INFO  2022-03-10 18:25:45,177 MappingDataService::? - GetSpecimenMappingDataWithModel : MethodFinish
INFO  2022-03-10 18:25:45,233 MappingDataService::? - SaveSpecimenMappingData : MethodStart
INFO  2022-03-10 18:25:45,533 MappingDataService::? - SaveSpecimenMappingData : MethodFinish
INFO  2022-03-10 18:25:45,731 MappingDataService::? - GetMappingDataById : MethodStart
INFO  2022-03-10 18:25:45,832 MappingDataService::? - GetMappingDataById : MethodFinish
INFO  2022-03-10 18:25:45,904 MappingDataService::? - GetWHONetMappingListWithModel : MethodStart
INFO  2022-03-10 18:25:46,008 MappingDataService::? - GetWHONetMappingListWithModel : MethodFinish
INFO  2022-03-10 18:25:46,049 MappingDataService::? - GetSpecimenMappingListWithModel : MethodStart
INFO  2022-03-10 18:25:46,159 MappingDataService::? - GetSpecimenMappingListWithModel : MethodFinish
INFO  2022-03-10 18:25:46,203 MappingDataService::? - GetOrganismMappingListWithModel : MethodStart
INFO  2022-03-10 18:25:46,317 MappingDataService::? - GetOrganismMappingListWithModel : MethodFinish
INFO  2022-03-10 18:25:46,352 MappingDataService::? - GetWardTypeMappingListWithModel : MethodStart
INFO  2022-03-10 18:25:46,448 MappingDataService::? - GetWardTypeMappingListWithModel : MethodFinish
INFO  2022-03-10 18:25:57,038 MappingDataService::? - GetSpecimenMappingDataWithModel : MethodStart
INFO  2022-03-10 18:25:57,142 MappingDataService::? - GetSpecimenMappingDataWithModel : MethodFinish
INFO  2022-03-10 18:25:57,169 MappingDataService::? - SaveSpecimenMappingData : MethodStart
INFO  2022-03-10 18:25:57,417 MappingDataService::? - SaveSpecimenMappingData : MethodFinish
INFO  2022-03-10 18:25:57,607 MappingDataService::? - GetMappingDataById : MethodStart
INFO  2022-03-10 18:25:57,707 MappingDataService::? - GetMappingDataById : MethodFinish
INFO  2022-03-10 18:25:57,739 MappingDataService::? - GetWHONetMappingListWithModel : MethodStart
INFO  2022-03-10 18:25:57,840 MappingDataService::? - GetWHONetMappingListWithModel : MethodFinish
INFO  2022-03-10 18:25:57,875 MappingDataService::? - GetSpecimenMappingListWithModel : MethodStart
INFO  2022-03-10 18:25:57,987 MappingDataService::? - GetSpecimenMappingListWithModel : MethodFinish
INFO  2022-03-10 18:25:58,035 MappingDataService::? - GetOrganismMappingListWithModel : MethodStart
INFO  2022-03-10 18:25:58,163 MappingDataService::? - GetOrganismMappingListWithModel : MethodFinish
INFO  2022-03-10 18:25:58,191 MappingDataService::? - GetWardTypeMappingListWithModel : MethodStart
INFO  2022-03-10 18:25:58,287 MappingDataService::? - GetWardTypeMappingListWithModel : MethodFinish
INFO  2022-03-10 18:26:06,870 MappingDataService::? - GetSpecimenMappingDataWithModel : MethodStart
INFO  2022-03-10 18:26:06,981 MappingDataService::? - GetSpecimenMappingDataWithModel : MethodFinish
INFO  2022-03-10 18:26:07,007 MappingDataService::? - SaveSpecimenMappingData : MethodStart
INFO  2022-03-10 18:26:07,245 MappingDataService::? - SaveSpecimenMappingData : MethodFinish
INFO  2022-03-10 18:26:07,431 MappingDataService::? - GetMappingDataById : MethodStart
INFO  2022-03-10 18:26:07,528 MappingDataService::? - GetMappingDataById : MethodFinish
INFO  2022-03-10 18:26:07,583 MappingDataService::? - GetWHONetMappingListWithModel : MethodStart
INFO  2022-03-10 18:26:07,684 MappingDataService::? - GetWHONetMappingListWithModel : MethodFinish
INFO  2022-03-10 18:26:07,717 MappingDataService::? - GetSpecimenMappingListWithModel : MethodStart
INFO  2022-03-10 18:26:07,824 MappingDataService::? - GetSpecimenMappingListWithModel : MethodFinish
INFO  2022-03-10 18:26:07,855 MappingDataService::? - GetOrganismMappingListWithModel : MethodStart
INFO  2022-03-10 18:26:07,969 MappingDataService::? - GetOrganismMappingListWithModel : MethodFinish
INFO  2022-03-10 18:26:08,045 MappingDataService::? - GetWardTypeMappingListWithModel : MethodStart
INFO  2022-03-10 18:26:08,149 MappingDataService::? - GetWardTypeMappingListWithModel : MethodFinish
INFO  2022-03-10 18:26:31,634 MappingDataService::? - GetSpecimenMappingDataWithModel : MethodStart
INFO  2022-03-10 18:26:31,745 MappingDataService::? - GetSpecimenMappingDataWithModel : MethodFinish
INFO  2022-03-10 18:26:31,832 MappingDataService::? - SaveSpecimenMappingData : MethodStart
INFO  2022-03-10 18:26:32,073 MappingDataService::? - SaveSpecimenMappingData : MethodFinish
INFO  2022-03-10 18:26:32,286 MappingDataService::? - GetMappingDataById : MethodStart
INFO  2022-03-10 18:26:32,383 MappingDataService::? - GetMappingDataById : MethodFinish
INFO  2022-03-10 18:26:32,447 MappingDataService::? - GetWHONetMappingListWithModel : MethodStart
INFO  2022-03-10 18:26:32,551 MappingDataService::? - GetWHONetMappingListWithModel : MethodFinish
INFO  2022-03-10 18:26:32,608 MappingDataService::? - GetSpecimenMappingListWithModel : MethodStart
INFO  2022-03-10 18:26:32,718 MappingDataService::? - GetSpecimenMappingListWithModel : MethodFinish
INFO  2022-03-10 18:26:32,747 MappingDataService::? - GetOrganismMappingListWithModel : MethodStart
INFO  2022-03-10 18:26:32,866 MappingDataService::? - GetOrganismMappingListWithModel : MethodFinish
INFO  2022-03-10 18:26:32,901 MappingDataService::? - GetWardTypeMappingListWithModel : MethodStart
INFO  2022-03-10 18:26:32,997 MappingDataService::? - GetWardTypeMappingListWithModel : MethodFinish
INFO  2022-03-10 18:27:29,511 MappingDataService::? - GetSpecimenMappingDataWithModel : MethodStart
INFO  2022-03-10 18:27:29,622 MappingDataService::? - GetSpecimenMappingDataWithModel : MethodFinish
INFO  2022-03-10 18:27:29,653 MappingDataService::? - SaveSpecimenMappingData : MethodStart
INFO  2022-03-10 18:27:29,893 MappingDataService::? - SaveSpecimenMappingData : MethodFinish
INFO  2022-03-10 18:27:30,063 MappingDataService::? - GetMappingDataById : MethodStart
INFO  2022-03-10 18:27:30,160 MappingDataService::? - GetMappingDataById : MethodFinish
INFO  2022-03-10 18:27:30,192 MappingDataService::? - GetWHONetMappingListWithModel : MethodStart
INFO  2022-03-10 18:27:30,296 MappingDataService::? - GetWHONetMappingListWithModel : MethodFinish
INFO  2022-03-10 18:27:30,333 MappingDataService::? - GetSpecimenMappingListWithModel : MethodStart
INFO  2022-03-10 18:27:30,442 MappingDataService::? - GetSpecimenMappingListWithModel : MethodFinish
INFO  2022-03-10 18:27:30,481 MappingDataService::? - GetOrganismMappingListWithModel : MethodStart
INFO  2022-03-10 18:27:30,599 MappingDataService::? - GetOrganismMappingListWithModel : MethodFinish
INFO  2022-03-10 18:27:30,651 MappingDataService::? - GetWardTypeMappingListWithModel : MethodStart
INFO  2022-03-10 18:27:30,747 MappingDataService::? - GetWardTypeMappingListWithModel : MethodFinish
INFO  2022-03-10 18:27:43,723 MappingDataService::? - GetSpecimenMappingDataWithModel : MethodStart
INFO  2022-03-10 18:27:43,829 MappingDataService::? - GetSpecimenMappingDataWithModel : MethodFinish
INFO  2022-03-10 18:27:43,859 MappingDataService::? - SaveSpecimenMappingData : MethodStart
INFO  2022-03-10 18:27:44,136 MappingDataService::? - SaveSpecimenMappingData : MethodFinish
INFO  2022-03-10 18:27:44,330 MappingDataService::? - GetMappingDataById : MethodStart
INFO  2022-03-10 18:27:44,427 MappingDataService::? - GetMappingDataById : MethodFinish
INFO  2022-03-10 18:27:44,460 MappingDataService::? - GetWHONetMappingListWithModel : MethodStart
INFO  2022-03-10 18:27:44,571 MappingDataService::? - GetWHONetMappingListWithModel : MethodFinish
INFO  2022-03-10 18:27:44,605 MappingDataService::? - GetSpecimenMappingListWithModel : MethodStart
INFO  2022-03-10 18:27:44,709 MappingDataService::? - GetSpecimenMappingListWithModel : MethodFinish
INFO  2022-03-10 18:27:44,741 MappingDataService::? - GetOrganismMappingListWithModel : MethodStart
INFO  2022-03-10 18:27:44,862 MappingDataService::? - GetOrganismMappingListWithModel : MethodFinish
INFO  2022-03-10 18:27:44,900 MappingDataService::? - GetWardTypeMappingListWithModel : MethodStart
INFO  2022-03-10 18:27:45,002 MappingDataService::? - GetWardTypeMappingListWithModel : MethodFinish
INFO  2022-03-10 18:31:10,215 MappingDataService::? - GetWardTypeMappingDataWithModel : MethodStart
INFO  2022-03-10 18:31:10,617 MappingDataService::? - GetWardTypeMappingDataWithModel : MethodFinish
INFO  2022-03-10 18:31:10,671 MappingDataService::? - SaveWardTypeMappingData : MethodStart
INFO  2022-03-10 18:31:10,966 MappingDataService::? - SaveWardTypeMappingData : MethodFinish
INFO  2022-03-10 18:31:11,245 MappingDataService::? - GetMappingDataById : MethodStart
INFO  2022-03-10 18:31:11,353 MappingDataService::? - GetMappingDataById : MethodFinish
INFO  2022-03-10 18:31:11,433 MappingDataService::? - GetWHONetMappingListWithModel : MethodStart
INFO  2022-03-10 18:31:11,559 MappingDataService::? - GetWHONetMappingListWithModel : MethodFinish
INFO  2022-03-10 18:31:11,635 MappingDataService::? - GetSpecimenMappingListWithModel : MethodStart
INFO  2022-03-10 18:31:11,747 MappingDataService::? - GetSpecimenMappingListWithModel : MethodFinish
INFO  2022-03-10 18:31:11,829 MappingDataService::? - GetOrganismMappingListWithModel : MethodStart
INFO  2022-03-10 18:31:11,951 MappingDataService::? - GetOrganismMappingListWithModel : MethodFinish
INFO  2022-03-10 18:31:11,982 MappingDataService::? - GetWardTypeMappingListWithModel : MethodStart
INFO  2022-03-10 18:31:12,091 MappingDataService::? - GetWardTypeMappingListWithModel : MethodFinish
INFO  2022-03-10 18:31:19,201 MappingDataService::? - GetWardTypeMappingDataWithModel : MethodStart
INFO  2022-03-10 18:31:19,302 MappingDataService::? - GetWardTypeMappingDataWithModel : MethodFinish
INFO  2022-03-10 18:31:19,366 MappingDataService::? - SaveWardTypeMappingData : MethodStart
INFO  2022-03-10 18:31:19,615 MappingDataService::? - SaveWardTypeMappingData : MethodFinish
INFO  2022-03-10 18:31:19,793 MappingDataService::? - GetMappingDataById : MethodStart
INFO  2022-03-10 18:31:19,892 MappingDataService::? - GetMappingDataById : MethodFinish
INFO  2022-03-10 18:31:19,929 MappingDataService::? - GetWHONetMappingListWithModel : MethodStart
INFO  2022-03-10 18:31:20,036 MappingDataService::? - GetWHONetMappingListWithModel : MethodFinish
INFO  2022-03-10 18:31:20,073 MappingDataService::? - GetSpecimenMappingListWithModel : MethodStart
INFO  2022-03-10 18:31:20,184 MappingDataService::? - GetSpecimenMappingListWithModel : MethodFinish
INFO  2022-03-10 18:31:20,221 MappingDataService::? - GetOrganismMappingListWithModel : MethodStart
INFO  2022-03-10 18:31:20,340 MappingDataService::? - GetOrganismMappingListWithModel : MethodFinish
INFO  2022-03-10 18:31:20,409 MappingDataService::? - GetWardTypeMappingListWithModel : MethodStart
INFO  2022-03-10 18:31:20,519 MappingDataService::? - GetWardTypeMappingListWithModel : MethodFinish
INFO  2022-03-10 18:31:26,307 MappingDataService::? - GetWardTypeMappingDataWithModel : MethodStart
INFO  2022-03-10 18:31:26,407 MappingDataService::? - GetWardTypeMappingDataWithModel : MethodFinish
INFO  2022-03-10 18:31:26,437 MappingDataService::? - SaveWardTypeMappingData : MethodStart
INFO  2022-03-10 18:31:26,696 MappingDataService::? - SaveWardTypeMappingData : MethodFinish
INFO  2022-03-10 18:31:26,883 MappingDataService::? - GetMappingDataById : MethodStart
INFO  2022-03-10 18:31:26,988 MappingDataService::? - GetMappingDataById : MethodFinish
INFO  2022-03-10 18:31:27,024 MappingDataService::? - GetWHONetMappingListWithModel : MethodStart
INFO  2022-03-10 18:31:27,132 MappingDataService::? - GetWHONetMappingListWithModel : MethodFinish
INFO  2022-03-10 18:31:27,165 MappingDataService::? - GetSpecimenMappingListWithModel : MethodStart
INFO  2022-03-10 18:31:27,278 MappingDataService::? - GetSpecimenMappingListWithModel : MethodFinish
INFO  2022-03-10 18:31:27,315 MappingDataService::? - GetOrganismMappingListWithModel : MethodStart
INFO  2022-03-10 18:31:27,437 MappingDataService::? - GetOrganismMappingListWithModel : MethodFinish
INFO  2022-03-10 18:31:27,474 MappingDataService::? - GetWardTypeMappingListWithModel : MethodStart
INFO  2022-03-10 18:31:27,577 MappingDataService::? - GetWardTypeMappingListWithModel : MethodFinish
INFO  2022-03-10 18:31:32,768 MappingDataService::? - GetWardTypeMappingDataWithModel : MethodStart
INFO  2022-03-10 18:31:32,876 MappingDataService::? - GetWardTypeMappingDataWithModel : MethodFinish
INFO  2022-03-10 18:31:32,911 MappingDataService::? - SaveWardTypeMappingData : MethodStart
INFO  2022-03-10 18:31:33,171 MappingDataService::? - SaveWardTypeMappingData : MethodFinish
INFO  2022-03-10 18:31:33,336 MappingDataService::? - GetMappingDataById : MethodStart
INFO  2022-03-10 18:31:33,438 MappingDataService::? - GetMappingDataById : MethodFinish
INFO  2022-03-10 18:31:33,463 MappingDataService::? - GetWHONetMappingListWithModel : MethodStart
INFO  2022-03-10 18:31:33,570 MappingDataService::? - GetWHONetMappingListWithModel : MethodFinish
INFO  2022-03-10 18:31:33,602 MappingDataService::? - GetSpecimenMappingListWithModel : MethodStart
INFO  2022-03-10 18:31:33,715 MappingDataService::? - GetSpecimenMappingListWithModel : MethodFinish
INFO  2022-03-10 18:31:33,771 MappingDataService::? - GetOrganismMappingListWithModel : MethodStart
INFO  2022-03-10 18:31:33,892 MappingDataService::? - GetOrganismMappingListWithModel : MethodFinish
INFO  2022-03-10 18:31:33,935 MappingDataService::? - GetWardTypeMappingListWithModel : MethodStart
INFO  2022-03-10 18:31:34,038 MappingDataService::? - GetWardTypeMappingListWithModel : MethodFinish
INFO  2022-03-10 18:32:43,977 MappingDataService::? - GetWardTypeMappingDataWithModel : MethodStart
INFO  2022-03-10 18:32:44,083 MappingDataService::? - GetWardTypeMappingDataWithModel : MethodFinish
INFO  2022-03-10 18:32:44,120 MappingDataService::? - SaveWardTypeMappingData : MethodStart
INFO  2022-03-10 18:32:44,388 MappingDataService::? - SaveWardTypeMappingData : MethodFinish
INFO  2022-03-10 18:32:44,581 MappingDataService::? - GetMappingDataById : MethodStart
INFO  2022-03-10 18:32:44,680 MappingDataService::? - GetMappingDataById : MethodFinish
INFO  2022-03-10 18:32:44,714 MappingDataService::? - GetWHONetMappingListWithModel : MethodStart
INFO  2022-03-10 18:32:44,817 MappingDataService::? - GetWHONetMappingListWithModel : MethodFinish
INFO  2022-03-10 18:32:44,858 MappingDataService::? - GetSpecimenMappingListWithModel : MethodStart
INFO  2022-03-10 18:32:44,974 MappingDataService::? - GetSpecimenMappingListWithModel : MethodFinish
INFO  2022-03-10 18:32:45,005 MappingDataService::? - GetOrganismMappingListWithModel : MethodStart
INFO  2022-03-10 18:32:45,131 MappingDataService::? - GetOrganismMappingListWithModel : MethodFinish
INFO  2022-03-10 18:32:45,173 MappingDataService::? - GetWardTypeMappingListWithModel : MethodStart
INFO  2022-03-10 18:32:45,292 MappingDataService::? - GetWardTypeMappingListWithModel : MethodFinish
INFO  2022-03-10 18:40:33,484 MappingDataService::? - GetOrganismMappingDataWithModel : MethodStart
INFO  2022-03-10 18:40:33,752 MappingDataService::? - GetOrganismMappingDataWithModel : MethodFinish
INFO  2022-03-10 18:40:33,797 MappingDataService::? - SaveOrganismMappingData : MethodStart
INFO  2022-03-10 18:40:34,062 MappingDataService::? - SaveOrganismMappingData : MethodFinish
INFO  2022-03-10 18:40:34,253 MappingDataService::? - GetMappingDataById : MethodStart
INFO  2022-03-10 18:40:34,352 MappingDataService::? - GetMappingDataById : MethodFinish
INFO  2022-03-10 18:40:34,392 MappingDataService::? - GetWHONetMappingListWithModel : MethodStart
INFO  2022-03-10 18:40:34,489 MappingDataService::? - GetWHONetMappingListWithModel : MethodFinish
INFO  2022-03-10 18:40:34,517 MappingDataService::? - GetSpecimenMappingListWithModel : MethodStart
INFO  2022-03-10 18:40:34,621 MappingDataService::? - GetSpecimenMappingListWithModel : MethodFinish
INFO  2022-03-10 18:40:34,682 MappingDataService::? - GetOrganismMappingListWithModel : MethodStart
INFO  2022-03-10 18:40:34,806 MappingDataService::? - GetOrganismMappingListWithModel : MethodFinish
INFO  2022-03-10 18:40:34,844 MappingDataService::? - GetWardTypeMappingListWithModel : MethodStart
INFO  2022-03-10 18:40:34,939 MappingDataService::? - GetWardTypeMappingListWithModel : MethodFinish
INFO  2022-03-10 18:41:03,203 MappingDataService::? - GetOrganismMappingDataWithModel : MethodStart
INFO  2022-03-10 18:41:03,320 MappingDataService::? - GetOrganismMappingDataWithModel : MethodFinish
INFO  2022-03-10 18:41:03,381 MappingDataService::? - SaveOrganismMappingData : MethodStart
INFO  2022-03-10 18:41:03,608 MappingDataService::? - SaveOrganismMappingData : MethodFinish
INFO  2022-03-10 18:41:03,780 MappingDataService::? - GetMappingDataById : MethodStart
INFO  2022-03-10 18:41:03,872 MappingDataService::? - GetMappingDataById : MethodFinish
INFO  2022-03-10 18:41:03,904 MappingDataService::? - GetWHONetMappingListWithModel : MethodStart
INFO  2022-03-10 18:41:04,010 MappingDataService::? - GetWHONetMappingListWithModel : MethodFinish
INFO  2022-03-10 18:41:04,055 MappingDataService::? - GetSpecimenMappingListWithModel : MethodStart
INFO  2022-03-10 18:41:04,159 MappingDataService::? - GetSpecimenMappingListWithModel : MethodFinish
INFO  2022-03-10 18:41:04,189 MappingDataService::? - GetOrganismMappingListWithModel : MethodStart
INFO  2022-03-10 18:41:04,315 MappingDataService::? - GetOrganismMappingListWithModel : MethodFinish
INFO  2022-03-10 18:41:04,357 MappingDataService::? - GetWardTypeMappingListWithModel : MethodStart
INFO  2022-03-10 18:41:04,453 MappingDataService::? - GetWardTypeMappingListWithModel : MethodFinish
INFO  2022-03-10 19:01:50,557 MappingDataService::? - GetOrganismMappingDataWithModel : MethodStart
INFO  2022-03-10 19:01:50,826 MappingDataService::? - GetOrganismMappingDataWithModel : MethodFinish
INFO  2022-03-10 19:01:50,854 MappingDataService::? - SaveOrganismMappingData : MethodStart
INFO  2022-03-10 19:01:51,158 MappingDataService::? - SaveOrganismMappingData : MethodFinish
INFO  2022-03-10 19:01:51,421 MappingDataService::? - GetMappingDataById : MethodStart
INFO  2022-03-10 19:01:51,567 MappingDataService::? - GetMappingDataById : MethodFinish
INFO  2022-03-10 19:01:51,596 MappingDataService::? - GetWHONetMappingListWithModel : MethodStart
INFO  2022-03-10 19:01:51,766 MappingDataService::? - GetWHONetMappingListWithModel : MethodFinish
INFO  2022-03-10 19:01:51,796 MappingDataService::? - GetSpecimenMappingListWithModel : MethodStart
INFO  2022-03-10 19:01:51,931 MappingDataService::? - GetSpecimenMappingListWithModel : MethodFinish
INFO  2022-03-10 19:01:51,965 MappingDataService::? - GetOrganismMappingListWithModel : MethodStart
INFO  2022-03-10 19:01:52,091 MappingDataService::? - GetOrganismMappingListWithModel : MethodFinish
INFO  2022-03-10 19:01:52,122 MappingDataService::? - GetWardTypeMappingListWithModel : MethodStart
INFO  2022-03-10 19:01:52,231 MappingDataService::? - GetWardTypeMappingListWithModel : MethodFinish
INFO  2022-03-10 19:02:09,250 MappingDataService::? - SaveMappingData : MethodStart
INFO  2022-03-10 19:02:09,519 MappingDataService::? - SaveMappingData : MethodFinish
INFO  2022-03-10 19:02:09,716 MappingDataService::? - GetMappingDataById : MethodStart
INFO  2022-03-10 19:02:09,814 MappingDataService::? - GetMappingDataById : MethodFinish
INFO  2022-03-10 19:02:09,848 MappingDataService::? - GetWHONetMappingListWithModel : MethodStart
INFO  2022-03-10 19:02:09,954 MappingDataService::? - GetWHONetMappingListWithModel : MethodFinish
INFO  2022-03-10 19:02:09,991 MappingDataService::? - GetSpecimenMappingListWithModel : MethodStart
INFO  2022-03-10 19:02:10,104 MappingDataService::? - GetSpecimenMappingListWithModel : MethodFinish
INFO  2022-03-10 19:02:10,158 MappingDataService::? - GetOrganismMappingListWithModel : MethodStart
INFO  2022-03-10 19:02:10,292 MappingDataService::? - GetOrganismMappingListWithModel : MethodFinish
INFO  2022-03-10 19:02:10,369 MappingDataService::? - GetWardTypeMappingListWithModel : MethodStart
INFO  2022-03-10 19:02:10,477 MappingDataService::? - GetWardTypeMappingListWithModel : MethodFinish
INFO  2022-03-10 19:02:39,369 MappingDataService::? - GetMappingDataActiveWithModel : MethodStart
INFO  2022-03-10 19:02:39,510 MappingDataService::? - GetMappingDataActiveWithModel : MethodFinish
INFO  2022-03-10 19:02:52,913 MappingDataService::? - GetMappingList : MethodStart
INFO  2022-03-10 19:02:53,022 MappingDataService::? - GetMappingList : MethodFinish
INFO  2022-03-10 19:03:12,933 MappingDataService::? - GetMappingList : MethodStart
INFO  2022-03-10 19:03:13,038 MappingDataService::? - GetMappingList : MethodFinish
INFO  2022-03-10 19:03:17,466 MappingDataService::? - GetMappingList : MethodStart
INFO  2022-03-10 19:03:17,576 MappingDataService::? - GetMappingList : MethodFinish
INFO  2022-03-10 19:03:23,788 MappingDataService::? - GetMappingDataById : MethodStart
INFO  2022-03-10 19:03:23,888 MappingDataService::? - GetMappingDataById : MethodFinish
INFO  2022-03-10 19:03:23,917 MappingDataService::? - GetWHONetMappingListWithModel : MethodStart
INFO  2022-03-10 19:03:24,022 MappingDataService::? - GetWHONetMappingListWithModel : MethodFinish
INFO  2022-03-10 19:03:24,089 MappingDataService::? - GetSpecimenMappingListWithModel : MethodStart
INFO  2022-03-10 19:03:24,198 MappingDataService::? - GetSpecimenMappingListWithModel : MethodFinish
INFO  2022-03-10 19:03:24,232 MappingDataService::? - GetOrganismMappingListWithModel : MethodStart
INFO  2022-03-10 19:03:24,358 MappingDataService::? - GetOrganismMappingListWithModel : MethodFinish
INFO  2022-03-10 19:03:24,392 MappingDataService::? - GetWardTypeMappingListWithModel : MethodStart
INFO  2022-03-10 19:03:24,503 MappingDataService::? - GetWardTypeMappingListWithModel : MethodFinish
INFO  2022-03-10 19:04:57,171 MappingDataService::? - GetMappingList : MethodStart
INFO  2022-03-10 19:04:57,278 MappingDataService::? - GetMappingList : MethodFinish
INFO  2022-03-10 19:05:28,732 MappingDataService::? - GetMappingDataActiveWithModel : MethodStart
INFO  2022-03-10 19:05:28,844 MappingDataService::? - GetMappingDataActiveWithModel : MethodFinish
INFO  2022-03-10 19:05:30,737 MappingDataService::? - GetWHONetMappingListWithModel : MethodStart
INFO  2022-03-10 19:05:30,846 MappingDataService::? - GetWHONetMappingListWithModel : MethodFinish
INFO  2022-03-10 19:06:35,311 MappingDataService::? - GetMappingList : MethodStart
INFO  2022-03-10 19:06:35,418 MappingDataService::? - GetMappingList : MethodFinish
INFO  2022-03-10 20:13:02,069 MappingDataService::? - GetMappingDataById : MethodStart
INFO  2022-03-10 20:13:02,374 MappingDataService::? - GetMappingDataById : MethodFinish
INFO  2022-03-10 20:13:02,404 MappingDataService::? - GetWHONetMappingListWithModel : MethodStart
INFO  2022-03-10 20:13:02,518 MappingDataService::? - GetWHONetMappingListWithModel : MethodFinish
INFO  2022-03-10 20:13:02,567 MappingDataService::? - GetSpecimenMappingListWithModel : MethodStart
INFO  2022-03-10 20:13:02,681 MappingDataService::? - GetSpecimenMappingListWithModel : MethodFinish
INFO  2022-03-10 20:13:02,714 MappingDataService::? - GetOrganismMappingListWithModel : MethodStart
INFO  2022-03-10 20:13:02,848 MappingDataService::? - GetOrganismMappingListWithModel : MethodFinish
INFO  2022-03-10 20:13:02,909 MappingDataService::? - GetWardTypeMappingListWithModel : MethodStart
INFO  2022-03-10 20:13:03,029 MappingDataService::? - GetWardTypeMappingListWithModel : MethodFinish
INFO  2022-03-10 20:14:22,215 MappingDataService::? - GetMappingDataActiveWithModel : MethodStart
INFO  2022-03-10 20:14:22,327 MappingDataService::? - GetMappingDataActiveWithModel : MethodFinish
INFO  2022-03-10 20:14:24,135 MappingDataService::? - GetWHONetMappingListWithModel : MethodStart
INFO  2022-03-10 20:14:24,249 MappingDataService::? - GetWHONetMappingListWithModel : MethodFinish
INFO  2022-03-10 20:16:29,302 MappingDataService::? - GetMappingDataActiveWithModel : MethodStart
INFO  2022-03-10 20:16:29,419 MappingDataService::? - GetMappingDataActiveWithModel : MethodFinish
INFO  2022-03-10 20:16:31,261 MappingDataService::? - GetWHONetMappingListWithModel : MethodStart
INFO  2022-03-10 20:16:31,379 MappingDataService::? - GetWHONetMappingListWithModel : MethodFinish
INFO  2022-03-10 20:18:40,018 MappingDataService::? - GetMappingList : MethodStart
INFO  2022-03-10 20:18:40,132 MappingDataService::? - GetMappingList : MethodFinish
INFO  2022-03-10 20:18:42,376 MappingDataService::? - GetMappingDataById : MethodStart
INFO  2022-03-10 20:18:42,477 MappingDataService::? - GetMappingDataById : MethodFinish
INFO  2022-03-10 20:18:42,508 MappingDataService::? - GetWHONetMappingListWithModel : MethodStart
INFO  2022-03-10 20:18:42,617 MappingDataService::? - GetWHONetMappingListWithModel : MethodFinish
INFO  2022-03-10 20:18:42,652 MappingDataService::? - GetSpecimenMappingListWithModel : MethodStart
INFO  2022-03-10 20:18:42,769 MappingDataService::? - GetSpecimenMappingListWithModel : MethodFinish
INFO  2022-03-10 20:18:42,807 MappingDataService::? - GetOrganismMappingListWithModel : MethodStart
INFO  2022-03-10 20:18:42,934 MappingDataService::? - GetOrganismMappingListWithModel : MethodFinish
INFO  2022-03-10 20:18:42,985 MappingDataService::? - GetWardTypeMappingListWithModel : MethodStart
INFO  2022-03-10 20:18:43,092 MappingDataService::? - GetWardTypeMappingListWithModel : MethodFinish
INFO  2022-03-10 20:20:16,304 MappingDataService::? - GetWHONetMappingData : MethodStart
INFO  2022-03-10 20:20:16,450 MappingDataService::? - GetWHONetMappingData : MethodFinish
INFO  2022-03-10 20:20:23,380 MappingDataService::? - GetWHONetMappingDataWithModel : MethodStart
INFO  2022-03-10 20:20:23,487 MappingDataService::? - GetWHONetMappingDataWithModel : MethodFinish
INFO  2022-03-10 20:20:23,522 MappingDataService::? - SaveWHONetMappingData : MethodStart
INFO  2022-03-10 20:20:23,765 MappingDataService::? - SaveWHONetMappingData : MethodFinish
INFO  2022-03-10 20:20:23,959 MappingDataService::? - GetMappingDataById : MethodStart
INFO  2022-03-10 20:20:24,073 MappingDataService::? - GetMappingDataById : MethodFinish
INFO  2022-03-10 20:20:24,113 MappingDataService::? - GetWHONetMappingListWithModel : MethodStart
INFO  2022-03-10 20:20:24,289 MappingDataService::? - GetWHONetMappingListWithModel : MethodFinish
INFO  2022-03-10 20:20:24,324 MappingDataService::? - GetSpecimenMappingListWithModel : MethodStart
INFO  2022-03-10 20:20:24,451 MappingDataService::? - GetSpecimenMappingListWithModel : MethodFinish
INFO  2022-03-10 20:20:24,482 MappingDataService::? - GetOrganismMappingListWithModel : MethodStart
INFO  2022-03-10 20:20:24,614 MappingDataService::? - GetOrganismMappingListWithModel : MethodFinish
INFO  2022-03-10 20:20:24,641 MappingDataService::? - GetWardTypeMappingListWithModel : MethodStart
INFO  2022-03-10 20:20:24,776 MappingDataService::? - GetWardTypeMappingListWithModel : MethodFinish
INFO  2022-03-10 20:20:28,532 MappingDataService::? - SaveMappingData : MethodStart
INFO  2022-03-10 20:20:28,761 MappingDataService::? - SaveMappingData : MethodFinish
INFO  2022-03-10 20:20:28,923 MappingDataService::? - GetMappingDataById : MethodStart
INFO  2022-03-10 20:20:29,026 MappingDataService::? - GetMappingDataById : MethodFinish
INFO  2022-03-10 20:20:29,055 MappingDataService::? - GetWHONetMappingListWithModel : MethodStart
INFO  2022-03-10 20:20:29,165 MappingDataService::? - GetWHONetMappingListWithModel : MethodFinish
INFO  2022-03-10 20:20:29,194 MappingDataService::? - GetSpecimenMappingListWithModel : MethodStart
INFO  2022-03-10 20:20:29,305 MappingDataService::? - GetSpecimenMappingListWithModel : MethodFinish
INFO  2022-03-10 20:20:29,335 MappingDataService::? - GetOrganismMappingListWithModel : MethodStart
INFO  2022-03-10 20:20:29,461 MappingDataService::? - GetOrganismMappingListWithModel : MethodFinish
INFO  2022-03-10 20:20:29,490 MappingDataService::? - GetWardTypeMappingListWithModel : MethodStart
INFO  2022-03-10 20:20:29,595 MappingDataService::? - GetWardTypeMappingListWithModel : MethodFinish
INFO  2022-03-10 20:20:53,268 MappingDataService::? - GetMappingDataActiveWithModel : MethodStart
INFO  2022-03-10 20:20:53,376 MappingDataService::? - GetMappingDataActiveWithModel : MethodFinish
INFO  2022-03-10 20:20:54,986 MappingDataService::? - GetWHONetMappingListWithModel : MethodStart
INFO  2022-03-10 20:20:55,096 MappingDataService::? - GetWHONetMappingListWithModel : MethodFinish
INFO  2022-03-10 20:28:21,491 MappingDataService::? - GetMappingList : MethodStart
INFO  2022-03-10 20:28:21,756 MappingDataService::? - GetMappingList : MethodFinish
INFO  2022-03-10 20:28:31,225 MappingDataService::? - GetMappingDataById : MethodStart
INFO  2022-03-10 20:28:31,327 MappingDataService::? - GetMappingDataById : MethodFinish
INFO  2022-03-10 20:28:31,362 MappingDataService::? - GetWHONetMappingListWithModel : MethodStart
INFO  2022-03-10 20:28:31,472 MappingDataService::? - GetWHONetMappingListWithModel : MethodFinish
INFO  2022-03-10 20:28:31,505 MappingDataService::? - GetSpecimenMappingListWithModel : MethodStart
INFO  2022-03-10 20:28:31,611 MappingDataService::? - GetSpecimenMappingListWithModel : MethodFinish
INFO  2022-03-10 20:28:31,639 MappingDataService::? - GetOrganismMappingListWithModel : MethodStart
INFO  2022-03-10 20:28:31,761 MappingDataService::? - GetOrganismMappingListWithModel : MethodFinish
INFO  2022-03-10 20:28:31,802 MappingDataService::? - GetWardTypeMappingListWithModel : MethodStart
INFO  2022-03-10 20:28:31,910 MappingDataService::? - GetWardTypeMappingListWithModel : MethodFinish
INFO  2022-03-10 20:28:38,217 MappingDataService::? - GetWHONetMappingData : MethodStart
INFO  2022-03-10 20:28:38,370 MappingDataService::? - GetWHONetMappingData : MethodFinish
INFO  2022-03-10 20:28:48,523 MappingDataService::? - GetWHONetMappingDataWithModel : MethodStart
INFO  2022-03-10 20:28:48,642 MappingDataService::? - GetWHONetMappingDataWithModel : MethodFinish
INFO  2022-03-10 20:28:48,684 MappingDataService::? - SaveWHONetMappingData : MethodStart
INFO  2022-03-10 20:28:48,954 MappingDataService::? - SaveWHONetMappingData : MethodFinish
INFO  2022-03-10 20:28:49,158 MappingDataService::? - GetMappingDataById : MethodStart
INFO  2022-03-10 20:28:49,256 MappingDataService::? - GetMappingDataById : MethodFinish
INFO  2022-03-10 20:28:49,298 MappingDataService::? - GetWHONetMappingListWithModel : MethodStart
INFO  2022-03-10 20:28:49,412 MappingDataService::? - GetWHONetMappingListWithModel : MethodFinish
INFO  2022-03-10 20:28:49,449 MappingDataService::? - GetSpecimenMappingListWithModel : MethodStart
INFO  2022-03-10 20:28:49,563 MappingDataService::? - GetSpecimenMappingListWithModel : MethodFinish
INFO  2022-03-10 20:28:49,596 MappingDataService::? - GetOrganismMappingListWithModel : MethodStart
INFO  2022-03-10 20:28:49,719 MappingDataService::? - GetOrganismMappingListWithModel : MethodFinish
INFO  2022-03-10 20:28:49,776 MappingDataService::? - GetWardTypeMappingListWithModel : MethodStart
INFO  2022-03-10 20:28:49,877 MappingDataService::? - GetWardTypeMappingListWithModel : MethodFinish
INFO  2022-03-10 20:28:53,911 MappingDataService::? - SaveMappingData : MethodStart
INFO  2022-03-10 20:28:54,125 MappingDataService::? - SaveMappingData : MethodFinish
INFO  2022-03-10 20:28:54,342 MappingDataService::? - GetMappingDataById : MethodStart
INFO  2022-03-10 20:28:54,444 MappingDataService::? - GetMappingDataById : MethodFinish
INFO  2022-03-10 20:28:54,517 MappingDataService::? - GetWHONetMappingListWithModel : MethodStart
INFO  2022-03-10 20:28:54,619 MappingDataService::? - GetWHONetMappingListWithModel : MethodFinish
INFO  2022-03-10 20:28:54,667 MappingDataService::? - GetSpecimenMappingListWithModel : MethodStart
INFO  2022-03-10 20:28:54,802 MappingDataService::? - GetSpecimenMappingListWithModel : MethodFinish
INFO  2022-03-10 20:28:54,860 MappingDataService::? - GetOrganismMappingListWithModel : MethodStart
INFO  2022-03-10 20:28:55,008 MappingDataService::? - GetOrganismMappingListWithModel : MethodFinish
INFO  2022-03-10 20:28:55,046 MappingDataService::? - GetWardTypeMappingListWithModel : MethodStart
INFO  2022-03-10 20:28:55,152 MappingDataService::? - GetWardTypeMappingListWithModel : MethodFinish
INFO  2022-03-10 20:29:34,215 MappingDataService::? - GetMappingDataActiveWithModel : MethodStart
INFO  2022-03-10 20:29:34,315 MappingDataService::? - GetMappingDataActiveWithModel : MethodFinish
INFO  2022-03-10 20:29:35,906 MappingDataService::? - GetWHONetMappingListWithModel : MethodStart
INFO  2022-03-10 20:29:36,051 MappingDataService::? - GetWHONetMappingListWithModel : MethodFinish
INFO  2022-03-10 20:53:25,841 MappingDataService::? - GetMappingList : MethodStart
INFO  2022-03-10 20:53:27,240 MappingDataService::? - GetMappingList : MethodFinish
INFO  2022-03-10 20:54:52,056 MappingDataService::? - GetMappingDataById : MethodStart
INFO  2022-03-10 20:54:52,209 MappingDataService::? - GetMappingDataById : MethodFinish
INFO  2022-03-10 20:54:52,261 MappingDataService::? - GetWHONetMappingListWithModel : MethodStart
INFO  2022-03-10 20:54:52,414 MappingDataService::? - GetWHONetMappingListWithModel : MethodFinish
INFO  2022-03-10 20:54:52,454 MappingDataService::? - GetSpecimenMappingListWithModel : MethodStart
INFO  2022-03-10 20:54:52,585 MappingDataService::? - GetSpecimenMappingListWithModel : MethodFinish
INFO  2022-03-10 20:54:52,628 MappingDataService::? - GetOrganismMappingListWithModel : MethodStart
INFO  2022-03-10 20:54:52,781 MappingDataService::? - GetOrganismMappingListWithModel : MethodFinish
INFO  2022-03-10 20:54:52,838 MappingDataService::? - GetWardTypeMappingListWithModel : MethodStart
INFO  2022-03-10 20:54:52,976 MappingDataService::? - GetWardTypeMappingListWithModel : MethodFinish
