INFO  2021-10-29 13:10:58,533 MappingDataService::? - GetMappingDataActiveWithModel : MethodStart
INFO  2021-10-29 13:11:00,389 MappingDataService::? - GetMappingDataActiveWithModel : MethodFinish
INFO  2021-10-29 16:36:09,760 MappingDataService::? - GetMappingList : MethodStart
INFO  2021-10-29 16:36:11,000 MappingDataService::? - GetMappingList : MethodFinish
INFO  2021-10-29 16:36:36,684 MappingDataService::? - GetMappingDataById : MethodStart
INFO  2021-10-29 16:36:36,834 MappingDataService::? - GetMappingDataById : MethodFinish
INFO  2021-10-29 16:36:36,906 MappingDataService::? - GetWHONetMappingListWithModel : MethodStart
INFO  2021-10-29 16:36:37,138 MappingDataService::? - GetWHONetMappingListWithModel : MethodFinish
INFO  2021-10-29 16:36:37,193 MappingDataService::? - GetSpecimenMappingListWithModel : MethodStart
INFO  2021-10-29 16:36:37,463 MappingDataService::? - GetSpecimenMappingListWithModel : MethodFinish
INFO  2021-10-29 16:36:37,518 MappingDataService::? - GetOrganismMappingListWithModel : MethodStart
INFO  2021-10-29 16:36:38,053 MappingDataService::? - GetOrganismMappingListWithModel : MethodFinish
INFO  2021-10-29 16:36:38,112 MappingDataService::? - GetWardTypeMappingListWithModel : MethodStart
INFO  2021-10-29 16:36:38,268 MappingDataService::? - GetWardTypeMappingListWithModel : MethodFinish
INFO  2021-10-29 16:36:54,189 MappingDataService::? - GetMappingList : MethodStart
INFO  2021-10-29 16:36:54,298 MappingDataService::? - GetMappingList : MethodFinish
INFO  2021-10-29 16:37:14,841 MappingDataService::? - GetMappingDataById : MethodStart
INFO  2021-10-29 16:37:14,997 MappingDataService::? - GetMappingDataById : MethodFinish
INFO  2021-10-29 16:37:15,087 MappingDataService::? - GetMappingDataWithModel : MethodStart
INFO  2021-10-29 16:37:15,278 MappingDataService::? - GetMappingDataWithModel : MethodFinish
INFO  2021-10-29 16:37:15,343 MappingDataService::? - CopyMappingData : MethodStart
INFO  2021-10-29 16:37:24,185 MappingDataService::? - CopyMappingData : MethodFinish
INFO  2021-10-29 16:37:24,785 MappingDataService::? - GetMappingDataById : MethodStart
INFO  2021-10-29 16:37:24,898 MappingDataService::? - GetMappingDataById : MethodFinish
INFO  2021-10-29 16:37:24,947 MappingDataService::? - GetWHONetMappingListWithModel : MethodStart
INFO  2021-10-29 16:37:25,096 MappingDataService::? - GetWHONetMappingListWithModel : MethodFinish
INFO  2021-10-29 16:37:25,153 MappingDataService::? - GetSpecimenMappingListWithModel : MethodStart
INFO  2021-10-29 16:37:25,273 MappingDataService::? - GetSpecimenMappingListWithModel : MethodFinish
INFO  2021-10-29 16:37:25,311 MappingDataService::? - GetOrganismMappingListWithModel : MethodStart
INFO  2021-10-29 16:37:25,463 MappingDataService::? - GetOrganismMappingListWithModel : MethodFinish
INFO  2021-10-29 16:37:25,505 MappingDataService::? - GetWardTypeMappingListWithModel : MethodStart
INFO  2021-10-29 16:37:25,616 MappingDataService::? - GetWardTypeMappingListWithModel : MethodFinish
INFO  2021-10-29 16:52:15,818 MappingDataService::? - GetWardTypeMappingDataWithModel : MethodStart
INFO  2021-10-29 16:52:16,291 MappingDataService::? - GetWardTypeMappingDataWithModel : MethodFinish
INFO  2021-10-29 16:52:16,352 MappingDataService::? - SaveWardTypeMappingData : MethodStart
INFO  2021-10-29 16:52:16,645 MappingDataService::? - SaveWardTypeMappingData : MethodFinish
INFO  2021-10-29 16:52:17,084 MappingDataService::? - GetMappingDataById : MethodStart
INFO  2021-10-29 16:52:17,192 MappingDataService::? - GetMappingDataById : MethodFinish
INFO  2021-10-29 16:52:17,231 MappingDataService::? - GetWHONetMappingListWithModel : MethodStart
INFO  2021-10-29 16:52:17,354 MappingDataService::? - GetWHONetMappingListWithModel : MethodFinish
INFO  2021-10-29 16:52:17,395 MappingDataService::? - GetSpecimenMappingListWithModel : MethodStart
INFO  2021-10-29 16:52:17,513 MappingDataService::? - GetSpecimenMappingListWithModel : MethodFinish
INFO  2021-10-29 16:52:17,553 MappingDataService::? - GetOrganismMappingListWithModel : MethodStart
INFO  2021-10-29 16:52:17,758 MappingDataService::? - GetOrganismMappingListWithModel : MethodFinish
INFO  2021-10-29 16:52:17,816 MappingDataService::? - GetWardTypeMappingListWithModel : MethodStart
INFO  2021-10-29 16:52:17,923 MappingDataService::? - GetWardTypeMappingListWithModel : MethodFinish
INFO  2021-10-29 16:52:24,037 MappingDataService::? - GetWardTypeMappingDataWithModel : MethodStart
INFO  2021-10-29 16:52:24,138 MappingDataService::? - GetWardTypeMappingDataWithModel : MethodFinish
INFO  2021-10-29 16:52:24,187 MappingDataService::? - SaveWardTypeMappingData : MethodStart
INFO  2021-10-29 16:52:24,450 MappingDataService::? - SaveWardTypeMappingData : MethodFinish
INFO  2021-10-29 16:52:24,643 MappingDataService::? - GetMappingDataById : MethodStart
INFO  2021-10-29 16:52:24,752 MappingDataService::? - GetMappingDataById : MethodFinish
INFO  2021-10-29 16:52:24,795 MappingDataService::? - GetWHONetMappingListWithModel : MethodStart
INFO  2021-10-29 16:52:24,925 MappingDataService::? - GetWHONetMappingListWithModel : MethodFinish
INFO  2021-10-29 16:52:24,968 MappingDataService::? - GetSpecimenMappingListWithModel : MethodStart
INFO  2021-10-29 16:52:25,092 MappingDataService::? - GetSpecimenMappingListWithModel : MethodFinish
INFO  2021-10-29 16:52:25,139 MappingDataService::? - GetOrganismMappingListWithModel : MethodStart
INFO  2021-10-29 16:52:25,358 MappingDataService::? - GetOrganismMappingListWithModel : MethodFinish
INFO  2021-10-29 16:52:25,420 MappingDataService::? - GetWardTypeMappingListWithModel : MethodStart
INFO  2021-10-29 16:52:25,528 MappingDataService::? - GetWardTypeMappingListWithModel : MethodFinish
INFO  2021-10-29 16:52:31,472 MappingDataService::? - GetWardTypeMappingDataWithModel : MethodStart
INFO  2021-10-29 16:52:31,574 MappingDataService::? - GetWardTypeMappingDataWithModel : MethodFinish
INFO  2021-10-29 16:52:31,618 MappingDataService::? - SaveWardTypeMappingData : MethodStart
INFO  2021-10-29 16:52:31,880 MappingDataService::? - SaveWardTypeMappingData : MethodFinish
INFO  2021-10-29 16:52:32,068 MappingDataService::? - GetMappingDataById : MethodStart
INFO  2021-10-29 16:52:32,178 MappingDataService::? - GetMappingDataById : MethodFinish
INFO  2021-10-29 16:52:32,216 MappingDataService::? - GetWHONetMappingListWithModel : MethodStart
INFO  2021-10-29 16:52:32,346 MappingDataService::? - GetWHONetMappingListWithModel : MethodFinish
INFO  2021-10-29 16:52:32,387 MappingDataService::? - GetSpecimenMappingListWithModel : MethodStart
INFO  2021-10-29 16:52:32,510 MappingDataService::? - GetSpecimenMappingListWithModel : MethodFinish
INFO  2021-10-29 16:52:32,548 MappingDataService::? - GetOrganismMappingListWithModel : MethodStart
INFO  2021-10-29 16:52:32,694 MappingDataService::? - GetOrganismMappingListWithModel : MethodFinish
INFO  2021-10-29 16:52:32,737 MappingDataService::? - GetWardTypeMappingListWithModel : MethodStart
INFO  2021-10-29 16:52:32,844 MappingDataService::? - GetWardTypeMappingListWithModel : MethodFinish
INFO  2021-10-29 16:55:11,955 MappingDataService::? - GetWardTypeMappingDataWithModel : MethodStart
INFO  2021-10-29 16:55:12,062 MappingDataService::? - GetWardTypeMappingDataWithModel : MethodFinish
INFO  2021-10-29 16:55:12,108 MappingDataService::? - SaveWardTypeMappingData : MethodStart
INFO  2021-10-29 16:55:12,375 MappingDataService::? - SaveWardTypeMappingData : MethodFinish
INFO  2021-10-29 16:55:12,583 MappingDataService::? - GetMappingDataById : MethodStart
INFO  2021-10-29 16:55:12,691 MappingDataService::? - GetMappingDataById : MethodFinish
INFO  2021-10-29 16:55:12,728 MappingDataService::? - GetWHONetMappingListWithModel : MethodStart
INFO  2021-10-29 16:55:12,869 MappingDataService::? - GetWHONetMappingListWithModel : MethodFinish
INFO  2021-10-29 16:55:12,910 MappingDataService::? - GetSpecimenMappingListWithModel : MethodStart
INFO  2021-10-29 16:55:13,067 MappingDataService::? - GetSpecimenMappingListWithModel : MethodFinish
INFO  2021-10-29 16:55:13,104 MappingDataService::? - GetOrganismMappingListWithModel : MethodStart
INFO  2021-10-29 16:55:13,370 MappingDataService::? - GetOrganismMappingListWithModel : MethodFinish
INFO  2021-10-29 16:55:13,420 MappingDataService::? - GetWardTypeMappingListWithModel : MethodStart
INFO  2021-10-29 16:55:13,536 MappingDataService::? - GetWardTypeMappingListWithModel : MethodFinish
INFO  2021-10-29 16:55:22,918 MappingDataService::? - GetWardTypeMappingDataWithModel : MethodStart
INFO  2021-10-29 16:55:23,021 MappingDataService::? - GetWardTypeMappingDataWithModel : MethodFinish
INFO  2021-10-29 16:55:23,059 MappingDataService::? - SaveWardTypeMappingData : MethodStart
INFO  2021-10-29 16:55:23,352 MappingDataService::? - SaveWardTypeMappingData : MethodFinish
INFO  2021-10-29 16:55:23,561 MappingDataService::? - GetMappingDataById : MethodStart
INFO  2021-10-29 16:55:23,669 MappingDataService::? - GetMappingDataById : MethodFinish
INFO  2021-10-29 16:55:23,711 MappingDataService::? - GetWHONetMappingListWithModel : MethodStart
INFO  2021-10-29 16:55:23,861 MappingDataService::? - GetWHONetMappingListWithModel : MethodFinish
INFO  2021-10-29 16:55:23,908 MappingDataService::? - GetSpecimenMappingListWithModel : MethodStart
INFO  2021-10-29 16:55:24,073 MappingDataService::? - GetSpecimenMappingListWithModel : MethodFinish
INFO  2021-10-29 16:55:24,110 MappingDataService::? - GetOrganismMappingListWithModel : MethodStart
INFO  2021-10-29 16:55:24,372 MappingDataService::? - GetOrganismMappingListWithModel : MethodFinish
INFO  2021-10-29 16:55:24,415 MappingDataService::? - GetWardTypeMappingListWithModel : MethodStart
INFO  2021-10-29 16:55:24,524 MappingDataService::? - GetWardTypeMappingListWithModel : MethodFinish
INFO  2021-10-29 16:55:41,019 MappingDataService::? - SaveMappingData : MethodStart
INFO  2021-10-29 16:55:41,260 MappingDataService::? - SaveMappingData : MethodFinish
INFO  2021-10-29 16:55:41,474 MappingDataService::? - GetMappingDataById : MethodStart
INFO  2021-10-29 16:55:41,579 MappingDataService::? - GetMappingDataById : MethodFinish
INFO  2021-10-29 16:55:41,620 MappingDataService::? - GetWHONetMappingListWithModel : MethodStart
INFO  2021-10-29 16:55:41,748 MappingDataService::? - GetWHONetMappingListWithModel : MethodFinish
INFO  2021-10-29 16:55:41,823 MappingDataService::? - GetSpecimenMappingListWithModel : MethodStart
INFO  2021-10-29 16:55:41,942 MappingDataService::? - GetSpecimenMappingListWithModel : MethodFinish
INFO  2021-10-29 16:55:41,978 MappingDataService::? - GetOrganismMappingListWithModel : MethodStart
INFO  2021-10-29 16:55:42,135 MappingDataService::? - GetOrganismMappingListWithModel : MethodFinish
INFO  2021-10-29 16:55:42,186 MappingDataService::? - GetWardTypeMappingListWithModel : MethodStart
INFO  2021-10-29 16:55:42,297 MappingDataService::? - GetWardTypeMappingListWithModel : MethodFinish
INFO  2021-10-29 16:55:53,364 MappingDataService::? - GetMappingList : MethodStart
INFO  2021-10-29 16:55:53,471 MappingDataService::? - GetMappingList : MethodFinish
INFO  2021-10-29 16:55:55,690 MappingDataService::? - GetMappingDataById : MethodStart
INFO  2021-10-29 16:55:55,798 MappingDataService::? - GetMappingDataById : MethodFinish
INFO  2021-10-29 16:55:55,870 MappingDataService::? - GetWHONetMappingListWithModel : MethodStart
INFO  2021-10-29 16:55:56,011 MappingDataService::? - GetWHONetMappingListWithModel : MethodFinish
INFO  2021-10-29 16:55:56,069 MappingDataService::? - GetSpecimenMappingListWithModel : MethodStart
INFO  2021-10-29 16:55:56,226 MappingDataService::? - GetSpecimenMappingListWithModel : MethodFinish
INFO  2021-10-29 16:55:56,260 MappingDataService::? - GetOrganismMappingListWithModel : MethodStart
INFO  2021-10-29 16:55:56,519 MappingDataService::? - GetOrganismMappingListWithModel : MethodFinish
INFO  2021-10-29 16:55:56,575 MappingDataService::? - GetWardTypeMappingListWithModel : MethodStart
INFO  2021-10-29 16:55:56,690 MappingDataService::? - GetWardTypeMappingListWithModel : MethodFinish
INFO  2021-10-29 16:56:55,948 MappingDataService::? - GetWHONetMappingDataWithModel : MethodStart
INFO  2021-10-29 16:56:56,063 MappingDataService::? - GetWHONetMappingDataWithModel : MethodFinish
INFO  2021-10-29 16:56:56,121 MappingDataService::? - SaveWHONetMappingData : MethodStart
INFO  2021-10-29 16:56:56,412 MappingDataService::? - SaveWHONetMappingData : MethodFinish
INFO  2021-10-29 16:56:56,613 MappingDataService::? - GetMappingDataById : MethodStart
INFO  2021-10-29 16:56:56,720 MappingDataService::? - GetMappingDataById : MethodFinish
INFO  2021-10-29 16:56:56,758 MappingDataService::? - GetWHONetMappingListWithModel : MethodStart
INFO  2021-10-29 16:56:56,874 MappingDataService::? - GetWHONetMappingListWithModel : MethodFinish
INFO  2021-10-29 16:56:56,911 MappingDataService::? - GetSpecimenMappingListWithModel : MethodStart
INFO  2021-10-29 16:56:57,029 MappingDataService::? - GetSpecimenMappingListWithModel : MethodFinish
INFO  2021-10-29 16:56:57,094 MappingDataService::? - GetOrganismMappingListWithModel : MethodStart
INFO  2021-10-29 16:56:57,256 MappingDataService::? - GetOrganismMappingListWithModel : MethodFinish
INFO  2021-10-29 16:56:57,295 MappingDataService::? - GetWardTypeMappingListWithModel : MethodStart
INFO  2021-10-29 16:56:57,406 MappingDataService::? - GetWardTypeMappingListWithModel : MethodFinish
INFO  2021-10-29 16:57:10,961 MappingDataService::? - GetWHONetMappingDataWithModel : MethodStart
INFO  2021-10-29 16:57:11,069 MappingDataService::? - GetWHONetMappingDataWithModel : MethodFinish
INFO  2021-10-29 16:57:11,110 MappingDataService::? - SaveWHONetMappingData : MethodStart
INFO  2021-10-29 16:57:11,383 MappingDataService::? - SaveWHONetMappingData : MethodFinish
INFO  2021-10-29 16:57:11,569 MappingDataService::? - GetMappingDataById : MethodStart
INFO  2021-10-29 16:57:11,709 MappingDataService::? - GetMappingDataById : MethodFinish
INFO  2021-10-29 16:57:11,749 MappingDataService::? - GetWHONetMappingListWithModel : MethodStart
INFO  2021-10-29 16:57:11,894 MappingDataService::? - GetWHONetMappingListWithModel : MethodFinish
INFO  2021-10-29 16:57:11,935 MappingDataService::? - GetSpecimenMappingListWithModel : MethodStart
INFO  2021-10-29 16:57:12,123 MappingDataService::? - GetSpecimenMappingListWithModel : MethodFinish
INFO  2021-10-29 16:57:12,170 MappingDataService::? - GetOrganismMappingListWithModel : MethodStart
INFO  2021-10-29 16:57:12,441 MappingDataService::? - GetOrganismMappingListWithModel : MethodFinish
INFO  2021-10-29 16:57:12,508 MappingDataService::? - GetWardTypeMappingListWithModel : MethodStart
INFO  2021-10-29 16:57:12,634 MappingDataService::? - GetWardTypeMappingListWithModel : MethodFinish
INFO  2021-10-29 16:57:23,600 MappingDataService::? - GetWHONetMappingDataWithModel : MethodStart
INFO  2021-10-29 16:57:23,706 MappingDataService::? - GetWHONetMappingDataWithModel : MethodFinish
INFO  2021-10-29 16:57:23,753 MappingDataService::? - SaveWHONetMappingData : MethodStart
INFO  2021-10-29 16:57:24,018 MappingDataService::? - SaveWHONetMappingData : MethodFinish
INFO  2021-10-29 16:57:24,228 MappingDataService::? - GetMappingDataById : MethodStart
INFO  2021-10-29 16:57:24,337 MappingDataService::? - GetMappingDataById : MethodFinish
INFO  2021-10-29 16:57:24,383 MappingDataService::? - GetWHONetMappingListWithModel : MethodStart
INFO  2021-10-29 16:57:24,493 MappingDataService::? - GetWHONetMappingListWithModel : MethodFinish
INFO  2021-10-29 16:57:24,531 MappingDataService::? - GetSpecimenMappingListWithModel : MethodStart
INFO  2021-10-29 16:57:24,648 MappingDataService::? - GetSpecimenMappingListWithModel : MethodFinish
INFO  2021-10-29 16:57:24,705 MappingDataService::? - GetOrganismMappingListWithModel : MethodStart
INFO  2021-10-29 16:57:24,884 MappingDataService::? - GetOrganismMappingListWithModel : MethodFinish
INFO  2021-10-29 16:57:24,935 MappingDataService::? - GetWardTypeMappingListWithModel : MethodStart
INFO  2021-10-29 16:57:25,076 MappingDataService::? - GetWardTypeMappingListWithModel : MethodFinish
INFO  2021-10-29 16:57:39,874 MappingDataService::? - GetWHONetMappingDataWithModel : MethodStart
INFO  2021-10-29 16:57:39,983 MappingDataService::? - GetWHONetMappingDataWithModel : MethodFinish
INFO  2021-10-29 16:57:40,037 MappingDataService::? - SaveWHONetMappingData : MethodStart
INFO  2021-10-29 16:57:40,301 MappingDataService::? - SaveWHONetMappingData : MethodFinish
INFO  2021-10-29 16:57:40,507 MappingDataService::? - GetMappingDataById : MethodStart
INFO  2021-10-29 16:57:40,613 MappingDataService::? - GetMappingDataById : MethodFinish
INFO  2021-10-29 16:57:40,648 MappingDataService::? - GetWHONetMappingListWithModel : MethodStart
INFO  2021-10-29 16:57:40,766 MappingDataService::? - GetWHONetMappingListWithModel : MethodFinish
INFO  2021-10-29 16:57:40,826 MappingDataService::? - GetSpecimenMappingListWithModel : MethodStart
INFO  2021-10-29 16:57:40,947 MappingDataService::? - GetSpecimenMappingListWithModel : MethodFinish
INFO  2021-10-29 16:57:40,982 MappingDataService::? - GetOrganismMappingListWithModel : MethodStart
INFO  2021-10-29 16:57:41,137 MappingDataService::? - GetOrganismMappingListWithModel : MethodFinish
INFO  2021-10-29 16:57:41,179 MappingDataService::? - GetWardTypeMappingListWithModel : MethodStart
INFO  2021-10-29 16:57:41,286 MappingDataService::? - GetWardTypeMappingListWithModel : MethodFinish
INFO  2021-10-29 16:58:34,078 MappingDataService::? - GetWHONetMappingDataWithModel : MethodStart
INFO  2021-10-29 16:58:34,184 MappingDataService::? - GetWHONetMappingDataWithModel : MethodFinish
INFO  2021-10-29 16:58:34,252 MappingDataService::? - SaveWHONetMappingData : MethodStart
INFO  2021-10-29 16:58:34,515 MappingDataService::? - SaveWHONetMappingData : MethodFinish
INFO  2021-10-29 16:58:34,715 MappingDataService::? - GetMappingDataById : MethodStart
INFO  2021-10-29 16:58:34,832 MappingDataService::? - GetMappingDataById : MethodFinish
INFO  2021-10-29 16:58:34,892 MappingDataService::? - GetWHONetMappingListWithModel : MethodStart
INFO  2021-10-29 16:58:35,015 MappingDataService::? - GetWHONetMappingListWithModel : MethodFinish
INFO  2021-10-29 16:58:35,055 MappingDataService::? - GetSpecimenMappingListWithModel : MethodStart
INFO  2021-10-29 16:58:35,174 MappingDataService::? - GetSpecimenMappingListWithModel : MethodFinish
INFO  2021-10-29 16:58:35,212 MappingDataService::? - GetOrganismMappingListWithModel : MethodStart
INFO  2021-10-29 16:58:35,369 MappingDataService::? - GetOrganismMappingListWithModel : MethodFinish
INFO  2021-10-29 16:58:35,416 MappingDataService::? - GetWardTypeMappingListWithModel : MethodStart
INFO  2021-10-29 16:58:35,536 MappingDataService::? - GetWardTypeMappingListWithModel : MethodFinish
INFO  2021-10-29 16:58:51,775 MappingDataService::? - GetWHONetMappingDataWithModel : MethodStart
INFO  2021-10-29 16:58:51,878 MappingDataService::? - GetWHONetMappingDataWithModel : MethodFinish
INFO  2021-10-29 16:58:51,929 MappingDataService::? - SaveWHONetMappingData : MethodStart
INFO  2021-10-29 16:58:52,184 MappingDataService::? - SaveWHONetMappingData : MethodFinish
INFO  2021-10-29 16:58:52,391 MappingDataService::? - GetMappingDataById : MethodStart
INFO  2021-10-29 16:58:52,500 MappingDataService::? - GetMappingDataById : MethodFinish
INFO  2021-10-29 16:58:52,553 MappingDataService::? - GetWHONetMappingListWithModel : MethodStart
INFO  2021-10-29 16:58:52,665 MappingDataService::? - GetWHONetMappingListWithModel : MethodFinish
INFO  2021-10-29 16:58:52,708 MappingDataService::? - GetSpecimenMappingListWithModel : MethodStart
INFO  2021-10-29 16:58:52,829 MappingDataService::? - GetSpecimenMappingListWithModel : MethodFinish
INFO  2021-10-29 16:58:52,870 MappingDataService::? - GetOrganismMappingListWithModel : MethodStart
INFO  2021-10-29 16:58:53,012 MappingDataService::? - GetOrganismMappingListWithModel : MethodFinish
INFO  2021-10-29 16:58:53,063 MappingDataService::? - GetWardTypeMappingListWithModel : MethodStart
INFO  2021-10-29 16:58:53,184 MappingDataService::? - GetWardTypeMappingListWithModel : MethodFinish
INFO  2021-10-29 16:59:01,772 MappingDataService::? - GetWHONetMappingDataWithModel : MethodStart
INFO  2021-10-29 16:59:01,878 MappingDataService::? - GetWHONetMappingDataWithModel : MethodFinish
INFO  2021-10-29 16:59:01,917 MappingDataService::? - SaveWHONetMappingData : MethodStart
INFO  2021-10-29 16:59:02,165 MappingDataService::? - SaveWHONetMappingData : MethodFinish
INFO  2021-10-29 16:59:02,370 MappingDataService::? - GetMappingDataById : MethodStart
INFO  2021-10-29 16:59:02,483 MappingDataService::? - GetMappingDataById : MethodFinish
INFO  2021-10-29 16:59:02,536 MappingDataService::? - GetWHONetMappingListWithModel : MethodStart
INFO  2021-10-29 16:59:02,647 MappingDataService::? - GetWHONetMappingListWithModel : MethodFinish
INFO  2021-10-29 16:59:02,686 MappingDataService::? - GetSpecimenMappingListWithModel : MethodStart
INFO  2021-10-29 16:59:02,801 MappingDataService::? - GetSpecimenMappingListWithModel : MethodFinish
INFO  2021-10-29 16:59:02,845 MappingDataService::? - GetOrganismMappingListWithModel : MethodStart
INFO  2021-10-29 16:59:03,013 MappingDataService::? - GetOrganismMappingListWithModel : MethodFinish
INFO  2021-10-29 16:59:03,058 MappingDataService::? - GetWardTypeMappingListWithModel : MethodStart
INFO  2021-10-29 16:59:03,181 MappingDataService::? - GetWardTypeMappingListWithModel : MethodFinish
INFO  2021-10-29 16:59:19,434 MappingDataService::? - GetWHONetMappingDataWithModel : MethodStart
INFO  2021-10-29 16:59:19,531 MappingDataService::? - GetWHONetMappingDataWithModel : MethodFinish
INFO  2021-10-29 16:59:19,585 MappingDataService::? - SaveWHONetMappingData : MethodStart
INFO  2021-10-29 16:59:19,852 MappingDataService::? - SaveWHONetMappingData : MethodFinish
INFO  2021-10-29 16:59:20,072 MappingDataService::? - GetMappingDataById : MethodStart
INFO  2021-10-29 16:59:20,180 MappingDataService::? - GetMappingDataById : MethodFinish
INFO  2021-10-29 16:59:20,228 MappingDataService::? - GetWHONetMappingListWithModel : MethodStart
INFO  2021-10-29 16:59:20,345 MappingDataService::? - GetWHONetMappingListWithModel : MethodFinish
INFO  2021-10-29 16:59:20,391 MappingDataService::? - GetSpecimenMappingListWithModel : MethodStart
INFO  2021-10-29 16:59:20,537 MappingDataService::? - GetSpecimenMappingListWithModel : MethodFinish
INFO  2021-10-29 16:59:20,592 MappingDataService::? - GetOrganismMappingListWithModel : MethodStart
INFO  2021-10-29 16:59:20,754 MappingDataService::? - GetOrganismMappingListWithModel : MethodFinish
INFO  2021-10-29 16:59:20,802 MappingDataService::? - GetWardTypeMappingListWithModel : MethodStart
INFO  2021-10-29 16:59:20,918 MappingDataService::? - GetWardTypeMappingListWithModel : MethodFinish
INFO  2021-10-29 16:59:33,433 MappingDataService::? - GetWHONetMappingDataWithModel : MethodStart
INFO  2021-10-29 16:59:33,536 MappingDataService::? - GetWHONetMappingDataWithModel : MethodFinish
INFO  2021-10-29 16:59:33,591 MappingDataService::? - SaveWHONetMappingData : MethodStart
INFO  2021-10-29 16:59:33,843 MappingDataService::? - SaveWHONetMappingData : MethodFinish
INFO  2021-10-29 16:59:34,051 MappingDataService::? - GetMappingDataById : MethodStart
INFO  2021-10-29 16:59:34,158 MappingDataService::? - GetMappingDataById : MethodFinish
INFO  2021-10-29 16:59:34,194 MappingDataService::? - GetWHONetMappingListWithModel : MethodStart
INFO  2021-10-29 16:59:34,318 MappingDataService::? - GetWHONetMappingListWithModel : MethodFinish
INFO  2021-10-29 16:59:34,355 MappingDataService::? - GetSpecimenMappingListWithModel : MethodStart
INFO  2021-10-29 16:59:34,474 MappingDataService::? - GetSpecimenMappingListWithModel : MethodFinish
INFO  2021-10-29 16:59:34,513 MappingDataService::? - GetOrganismMappingListWithModel : MethodStart
INFO  2021-10-29 16:59:34,658 MappingDataService::? - GetOrganismMappingListWithModel : MethodFinish
INFO  2021-10-29 16:59:34,702 MappingDataService::? - GetWardTypeMappingListWithModel : MethodStart
INFO  2021-10-29 16:59:34,822 MappingDataService::? - GetWardTypeMappingListWithModel : MethodFinish
INFO  2021-10-29 17:04:52,123 MappingDataService::? - GetWHONetMappingDataWithModel : MethodStart
INFO  2021-10-29 17:04:52,556 MappingDataService::? - GetWHONetMappingDataWithModel : MethodFinish
INFO  2021-10-29 17:04:52,619 MappingDataService::? - SaveWHONetMappingData : MethodStart
INFO  2021-10-29 17:04:52,894 MappingDataService::? - SaveWHONetMappingData : MethodFinish
INFO  2021-10-29 17:04:53,330 MappingDataService::? - GetMappingDataById : MethodStart
INFO  2021-10-29 17:04:53,446 MappingDataService::? - GetMappingDataById : MethodFinish
INFO  2021-10-29 17:04:53,490 MappingDataService::? - GetWHONetMappingListWithModel : MethodStart
INFO  2021-10-29 17:04:53,605 MappingDataService::? - GetWHONetMappingListWithModel : MethodFinish
INFO  2021-10-29 17:04:53,651 MappingDataService::? - GetSpecimenMappingListWithModel : MethodStart
INFO  2021-10-29 17:04:53,785 MappingDataService::? - GetSpecimenMappingListWithModel : MethodFinish
INFO  2021-10-29 17:04:53,848 MappingDataService::? - GetOrganismMappingListWithModel : MethodStart
INFO  2021-10-29 17:04:54,077 MappingDataService::? - GetOrganismMappingListWithModel : MethodFinish
INFO  2021-10-29 17:04:54,136 MappingDataService::? - GetWardTypeMappingListWithModel : MethodStart
INFO  2021-10-29 17:04:54,260 MappingDataService::? - GetWardTypeMappingListWithModel : MethodFinish
INFO  2021-10-29 17:05:16,299 MappingDataService::? - GetWHONetMappingDataWithModel : MethodStart
INFO  2021-10-29 17:05:16,407 MappingDataService::? - GetWHONetMappingDataWithModel : MethodFinish
INFO  2021-10-29 17:05:16,485 MappingDataService::? - SaveWHONetMappingData : MethodStart
INFO  2021-10-29 17:05:16,775 MappingDataService::? - SaveWHONetMappingData : MethodFinish
INFO  2021-10-29 17:05:16,980 MappingDataService::? - GetMappingDataById : MethodStart
INFO  2021-10-29 17:05:17,127 MappingDataService::? - GetMappingDataById : MethodFinish
INFO  2021-10-29 17:05:17,166 MappingDataService::? - GetWHONetMappingListWithModel : MethodStart
INFO  2021-10-29 17:05:17,281 MappingDataService::? - GetWHONetMappingListWithModel : MethodFinish
INFO  2021-10-29 17:05:17,327 MappingDataService::? - GetSpecimenMappingListWithModel : MethodStart
INFO  2021-10-29 17:05:17,449 MappingDataService::? - GetSpecimenMappingListWithModel : MethodFinish
INFO  2021-10-29 17:05:17,485 MappingDataService::? - GetOrganismMappingListWithModel : MethodStart
INFO  2021-10-29 17:05:17,661 MappingDataService::? - GetOrganismMappingListWithModel : MethodFinish
INFO  2021-10-29 17:05:17,711 MappingDataService::? - GetWardTypeMappingListWithModel : MethodStart
INFO  2021-10-29 17:05:17,825 MappingDataService::? - GetWardTypeMappingListWithModel : MethodFinish
INFO  2021-10-29 17:06:07,968 MappingDataService::? - GetWHONetMappingDataWithModel : MethodStart
INFO  2021-10-29 17:06:08,074 MappingDataService::? - GetWHONetMappingDataWithModel : MethodFinish
INFO  2021-10-29 17:06:08,130 MappingDataService::? - SaveWHONetMappingData : MethodStart
INFO  2021-10-29 17:06:08,403 MappingDataService::? - SaveWHONetMappingData : MethodFinish
INFO  2021-10-29 17:06:08,609 MappingDataService::? - GetMappingDataById : MethodStart
INFO  2021-10-29 17:06:08,717 MappingDataService::? - GetMappingDataById : MethodFinish
INFO  2021-10-29 17:06:08,761 MappingDataService::? - GetWHONetMappingListWithModel : MethodStart
INFO  2021-10-29 17:06:08,878 MappingDataService::? - GetWHONetMappingListWithModel : MethodFinish
INFO  2021-10-29 17:06:08,937 MappingDataService::? - GetSpecimenMappingListWithModel : MethodStart
INFO  2021-10-29 17:06:09,071 MappingDataService::? - GetSpecimenMappingListWithModel : MethodFinish
INFO  2021-10-29 17:06:09,124 MappingDataService::? - GetOrganismMappingListWithModel : MethodStart
INFO  2021-10-29 17:06:09,299 MappingDataService::? - GetOrganismMappingListWithModel : MethodFinish
INFO  2021-10-29 17:06:09,344 MappingDataService::? - GetWardTypeMappingListWithModel : MethodStart
INFO  2021-10-29 17:06:09,454 MappingDataService::? - GetWardTypeMappingListWithModel : MethodFinish
INFO  2021-10-29 17:06:40,061 MappingDataService::? - GetWHONetMappingDataWithModel : MethodStart
INFO  2021-10-29 17:06:40,170 MappingDataService::? - GetWHONetMappingDataWithModel : MethodFinish
INFO  2021-10-29 17:06:40,246 MappingDataService::? - SaveWHONetMappingData : MethodStart
INFO  2021-10-29 17:06:40,513 MappingDataService::? - SaveWHONetMappingData : MethodFinish
INFO  2021-10-29 17:06:40,706 MappingDataService::? - GetMappingDataById : MethodStart
INFO  2021-10-29 17:06:40,816 MappingDataService::? - GetMappingDataById : MethodFinish
INFO  2021-10-29 17:06:40,859 MappingDataService::? - GetWHONetMappingListWithModel : MethodStart
INFO  2021-10-29 17:06:40,979 MappingDataService::? - GetWHONetMappingListWithModel : MethodFinish
INFO  2021-10-29 17:06:41,042 MappingDataService::? - GetSpecimenMappingListWithModel : MethodStart
INFO  2021-10-29 17:06:41,164 MappingDataService::? - GetSpecimenMappingListWithModel : MethodFinish
INFO  2021-10-29 17:06:41,197 MappingDataService::? - GetOrganismMappingListWithModel : MethodStart
INFO  2021-10-29 17:06:41,354 MappingDataService::? - GetOrganismMappingListWithModel : MethodFinish
INFO  2021-10-29 17:06:41,411 MappingDataService::? - GetWardTypeMappingListWithModel : MethodStart
INFO  2021-10-29 17:06:41,523 MappingDataService::? - GetWardTypeMappingListWithModel : MethodFinish
INFO  2021-10-29 17:06:59,932 MappingDataService::? - GetWHONetMappingDataWithModel : MethodStart
INFO  2021-10-29 17:07:00,056 MappingDataService::? - GetWHONetMappingDataWithModel : MethodFinish
INFO  2021-10-29 17:07:00,097 MappingDataService::? - SaveWHONetMappingData : MethodStart
INFO  2021-10-29 17:07:00,364 MappingDataService::? - SaveWHONetMappingData : MethodFinish
INFO  2021-10-29 17:07:00,556 MappingDataService::? - GetMappingDataById : MethodStart
INFO  2021-10-29 17:07:00,670 MappingDataService::? - GetMappingDataById : MethodFinish
INFO  2021-10-29 17:07:00,730 MappingDataService::? - GetWHONetMappingListWithModel : MethodStart
INFO  2021-10-29 17:07:00,849 MappingDataService::? - GetWHONetMappingListWithModel : MethodFinish
INFO  2021-10-29 17:07:00,903 MappingDataService::? - GetSpecimenMappingListWithModel : MethodStart
INFO  2021-10-29 17:07:01,024 MappingDataService::? - GetSpecimenMappingListWithModel : MethodFinish
INFO  2021-10-29 17:07:01,061 MappingDataService::? - GetOrganismMappingListWithModel : MethodStart
INFO  2021-10-29 17:07:01,211 MappingDataService::? - GetOrganismMappingListWithModel : MethodFinish
INFO  2021-10-29 17:07:01,258 MappingDataService::? - GetWardTypeMappingListWithModel : MethodStart
INFO  2021-10-29 17:07:01,380 MappingDataService::? - GetWardTypeMappingListWithModel : MethodFinish
INFO  2021-10-29 17:07:17,159 MappingDataService::? - GetWHONetMappingDataWithModel : MethodStart
INFO  2021-10-29 17:07:17,262 MappingDataService::? - GetWHONetMappingDataWithModel : MethodFinish
INFO  2021-10-29 17:07:17,330 MappingDataService::? - SaveWHONetMappingData : MethodStart
INFO  2021-10-29 17:07:17,585 MappingDataService::? - SaveWHONetMappingData : MethodFinish
INFO  2021-10-29 17:07:17,822 MappingDataService::? - GetMappingDataById : MethodStart
INFO  2021-10-29 17:07:17,943 MappingDataService::? - GetMappingDataById : MethodFinish
INFO  2021-10-29 17:07:18,031 MappingDataService::? - GetWHONetMappingListWithModel : MethodStart
INFO  2021-10-29 17:07:18,166 MappingDataService::? - GetWHONetMappingListWithModel : MethodFinish
INFO  2021-10-29 17:07:18,234 MappingDataService::? - GetSpecimenMappingListWithModel : MethodStart
INFO  2021-10-29 17:07:18,368 MappingDataService::? - GetSpecimenMappingListWithModel : MethodFinish
INFO  2021-10-29 17:07:18,420 MappingDataService::? - GetOrganismMappingListWithModel : MethodStart
INFO  2021-10-29 17:07:18,572 MappingDataService::? - GetOrganismMappingListWithModel : MethodFinish
INFO  2021-10-29 17:07:18,678 MappingDataService::? - GetWardTypeMappingListWithModel : MethodStart
INFO  2021-10-29 17:07:18,807 MappingDataService::? - GetWardTypeMappingListWithModel : MethodFinish
INFO  2021-10-29 17:07:28,759 MappingDataService::? - GetWHONetMappingDataWithModel : MethodStart
INFO  2021-10-29 17:07:28,862 MappingDataService::? - GetWHONetMappingDataWithModel : MethodFinish
INFO  2021-10-29 17:07:28,905 MappingDataService::? - SaveWHONetMappingData : MethodStart
INFO  2021-10-29 17:07:29,163 MappingDataService::? - SaveWHONetMappingData : MethodFinish
INFO  2021-10-29 17:07:29,338 MappingDataService::? - GetMappingDataById : MethodStart
INFO  2021-10-29 17:07:29,452 MappingDataService::? - GetMappingDataById : MethodFinish
INFO  2021-10-29 17:07:29,491 MappingDataService::? - GetWHONetMappingListWithModel : MethodStart
INFO  2021-10-29 17:07:29,609 MappingDataService::? - GetWHONetMappingListWithModel : MethodFinish
INFO  2021-10-29 17:07:29,661 MappingDataService::? - GetSpecimenMappingListWithModel : MethodStart
INFO  2021-10-29 17:07:29,787 MappingDataService::? - GetSpecimenMappingListWithModel : MethodFinish
INFO  2021-10-29 17:07:29,848 MappingDataService::? - GetOrganismMappingListWithModel : MethodStart
INFO  2021-10-29 17:07:30,009 MappingDataService::? - GetOrganismMappingListWithModel : MethodFinish
INFO  2021-10-29 17:07:30,063 MappingDataService::? - GetWardTypeMappingListWithModel : MethodStart
INFO  2021-10-29 17:07:30,181 MappingDataService::? - GetWardTypeMappingListWithModel : MethodFinish
INFO  2021-10-29 17:07:41,227 MappingDataService::? - GetWHONetMappingDataWithModel : MethodStart
INFO  2021-10-29 17:07:41,332 MappingDataService::? - GetWHONetMappingDataWithModel : MethodFinish
INFO  2021-10-29 17:07:41,380 MappingDataService::? - SaveWHONetMappingData : MethodStart
INFO  2021-10-29 17:07:41,645 MappingDataService::? - SaveWHONetMappingData : MethodFinish
INFO  2021-10-29 17:07:41,839 MappingDataService::? - GetMappingDataById : MethodStart
INFO  2021-10-29 17:07:41,960 MappingDataService::? - GetMappingDataById : MethodFinish
INFO  2021-10-29 17:07:42,029 MappingDataService::? - GetWHONetMappingListWithModel : MethodStart
INFO  2021-10-29 17:07:42,152 MappingDataService::? - GetWHONetMappingListWithModel : MethodFinish
INFO  2021-10-29 17:07:42,194 MappingDataService::? - GetSpecimenMappingListWithModel : MethodStart
INFO  2021-10-29 17:07:42,323 MappingDataService::? - GetSpecimenMappingListWithModel : MethodFinish
INFO  2021-10-29 17:07:42,361 MappingDataService::? - GetOrganismMappingListWithModel : MethodStart
INFO  2021-10-29 17:07:42,517 MappingDataService::? - GetOrganismMappingListWithModel : MethodFinish
INFO  2021-10-29 17:07:42,559 MappingDataService::? - GetWardTypeMappingListWithModel : MethodStart
INFO  2021-10-29 17:07:42,674 MappingDataService::? - GetWardTypeMappingListWithModel : MethodFinish
INFO  2021-10-29 17:08:01,029 MappingDataService::? - GetWHONetMappingDataWithModel : MethodStart
INFO  2021-10-29 17:08:01,136 MappingDataService::? - GetWHONetMappingDataWithModel : MethodFinish
INFO  2021-10-29 17:08:01,189 MappingDataService::? - SaveWHONetMappingData : MethodStart
INFO  2021-10-29 17:08:01,477 MappingDataService::? - SaveWHONetMappingData : MethodFinish
INFO  2021-10-29 17:08:01,700 MappingDataService::? - GetMappingDataById : MethodStart
INFO  2021-10-29 17:08:01,813 MappingDataService::? - GetMappingDataById : MethodFinish
INFO  2021-10-29 17:08:01,875 MappingDataService::? - GetWHONetMappingListWithModel : MethodStart
INFO  2021-10-29 17:08:01,992 MappingDataService::? - GetWHONetMappingListWithModel : MethodFinish
INFO  2021-10-29 17:08:02,036 MappingDataService::? - GetSpecimenMappingListWithModel : MethodStart
INFO  2021-10-29 17:08:02,161 MappingDataService::? - GetSpecimenMappingListWithModel : MethodFinish
INFO  2021-10-29 17:08:02,198 MappingDataService::? - GetOrganismMappingListWithModel : MethodStart
INFO  2021-10-29 17:08:02,352 MappingDataService::? - GetOrganismMappingListWithModel : MethodFinish
INFO  2021-10-29 17:08:02,400 MappingDataService::? - GetWardTypeMappingListWithModel : MethodStart
INFO  2021-10-29 17:08:02,534 MappingDataService::? - GetWardTypeMappingListWithModel : MethodFinish
INFO  2021-10-29 17:08:16,713 MappingDataService::? - GetWHONetMappingDataWithModel : MethodStart
INFO  2021-10-29 17:08:16,822 MappingDataService::? - GetWHONetMappingDataWithModel : MethodFinish
INFO  2021-10-29 17:08:16,893 MappingDataService::? - SaveWHONetMappingData : MethodStart
INFO  2021-10-29 17:08:17,144 MappingDataService::? - SaveWHONetMappingData : MethodFinish
INFO  2021-10-29 17:08:17,351 MappingDataService::? - GetMappingDataById : MethodStart
INFO  2021-10-29 17:08:17,469 MappingDataService::? - GetMappingDataById : MethodFinish
INFO  2021-10-29 17:08:17,534 MappingDataService::? - GetWHONetMappingListWithModel : MethodStart
INFO  2021-10-29 17:08:17,650 MappingDataService::? - GetWHONetMappingListWithModel : MethodFinish
INFO  2021-10-29 17:08:17,698 MappingDataService::? - GetSpecimenMappingListWithModel : MethodStart
INFO  2021-10-29 17:08:17,822 MappingDataService::? - GetSpecimenMappingListWithModel : MethodFinish
INFO  2021-10-29 17:08:17,874 MappingDataService::? - GetOrganismMappingListWithModel : MethodStart
INFO  2021-10-29 17:08:18,022 MappingDataService::? - GetOrganismMappingListWithModel : MethodFinish
INFO  2021-10-29 17:08:18,070 MappingDataService::? - GetWardTypeMappingListWithModel : MethodStart
INFO  2021-10-29 17:08:18,188 MappingDataService::? - GetWardTypeMappingListWithModel : MethodFinish
INFO  2021-10-29 17:09:05,502 MappingDataService::? - GetWHONetMappingDataWithModel : MethodStart
INFO  2021-10-29 17:09:05,607 MappingDataService::? - GetWHONetMappingDataWithModel : MethodFinish
INFO  2021-10-29 17:09:05,674 MappingDataService::? - SaveWHONetMappingData : MethodStart
INFO  2021-10-29 17:09:05,943 MappingDataService::? - SaveWHONetMappingData : MethodFinish
INFO  2021-10-29 17:09:06,151 MappingDataService::? - GetMappingDataById : MethodStart
INFO  2021-10-29 17:09:06,268 MappingDataService::? - GetMappingDataById : MethodFinish
INFO  2021-10-29 17:09:06,316 MappingDataService::? - GetWHONetMappingListWithModel : MethodStart
INFO  2021-10-29 17:09:06,438 MappingDataService::? - GetWHONetMappingListWithModel : MethodFinish
INFO  2021-10-29 17:09:06,490 MappingDataService::? - GetSpecimenMappingListWithModel : MethodStart
INFO  2021-10-29 17:09:06,617 MappingDataService::? - GetSpecimenMappingListWithModel : MethodFinish
INFO  2021-10-29 17:09:06,659 MappingDataService::? - GetOrganismMappingListWithModel : MethodStart
INFO  2021-10-29 17:09:06,815 MappingDataService::? - GetOrganismMappingListWithModel : MethodFinish
INFO  2021-10-29 17:09:06,883 MappingDataService::? - GetWardTypeMappingListWithModel : MethodStart
INFO  2021-10-29 17:09:06,997 MappingDataService::? - GetWardTypeMappingListWithModel : MethodFinish
INFO  2021-10-29 17:09:20,802 MappingDataService::? - GetWHONetMappingDataWithModel : MethodStart
INFO  2021-10-29 17:09:20,908 MappingDataService::? - GetWHONetMappingDataWithModel : MethodFinish
INFO  2021-10-29 17:09:20,969 MappingDataService::? - SaveWHONetMappingData : MethodStart
INFO  2021-10-29 17:09:21,231 MappingDataService::? - SaveWHONetMappingData : MethodFinish
INFO  2021-10-29 17:09:21,415 MappingDataService::? - GetMappingDataById : MethodStart
INFO  2021-10-29 17:09:21,527 MappingDataService::? - GetMappingDataById : MethodFinish
INFO  2021-10-29 17:09:21,577 MappingDataService::? - GetWHONetMappingListWithModel : MethodStart
INFO  2021-10-29 17:09:21,695 MappingDataService::? - GetWHONetMappingListWithModel : MethodFinish
INFO  2021-10-29 17:09:21,774 MappingDataService::? - GetSpecimenMappingListWithModel : MethodStart
INFO  2021-10-29 17:09:21,898 MappingDataService::? - GetSpecimenMappingListWithModel : MethodFinish
INFO  2021-10-29 17:09:21,977 MappingDataService::? - GetOrganismMappingListWithModel : MethodStart
INFO  2021-10-29 17:09:22,127 MappingDataService::? - GetOrganismMappingListWithModel : MethodFinish
INFO  2021-10-29 17:09:22,184 MappingDataService::? - GetWardTypeMappingListWithModel : MethodStart
INFO  2021-10-29 17:09:22,300 MappingDataService::? - GetWardTypeMappingListWithModel : MethodFinish
INFO  2021-10-29 17:09:33,104 MappingDataService::? - GetWHONetMappingDataWithModel : MethodStart
INFO  2021-10-29 17:09:33,210 MappingDataService::? - GetWHONetMappingDataWithModel : MethodFinish
INFO  2021-10-29 17:09:33,259 MappingDataService::? - SaveWHONetMappingData : MethodStart
INFO  2021-10-29 17:09:33,532 MappingDataService::? - SaveWHONetMappingData : MethodFinish
INFO  2021-10-29 17:09:33,773 MappingDataService::? - GetMappingDataById : MethodStart
INFO  2021-10-29 17:09:33,889 MappingDataService::? - GetMappingDataById : MethodFinish
INFO  2021-10-29 17:09:33,943 MappingDataService::? - GetWHONetMappingListWithModel : MethodStart
INFO  2021-10-29 17:09:34,067 MappingDataService::? - GetWHONetMappingListWithModel : MethodFinish
INFO  2021-10-29 17:09:34,106 MappingDataService::? - GetSpecimenMappingListWithModel : MethodStart
INFO  2021-10-29 17:09:34,232 MappingDataService::? - GetSpecimenMappingListWithModel : MethodFinish
INFO  2021-10-29 17:09:34,271 MappingDataService::? - GetOrganismMappingListWithModel : MethodStart
INFO  2021-10-29 17:09:34,425 MappingDataService::? - GetOrganismMappingListWithModel : MethodFinish
INFO  2021-10-29 17:09:34,467 MappingDataService::? - GetWardTypeMappingListWithModel : MethodStart
INFO  2021-10-29 17:09:34,584 MappingDataService::? - GetWardTypeMappingListWithModel : MethodFinish
INFO  2021-10-29 17:09:47,320 MappingDataService::? - GetWHONetMappingDataWithModel : MethodStart
INFO  2021-10-29 17:09:47,425 MappingDataService::? - GetWHONetMappingDataWithModel : MethodFinish
INFO  2021-10-29 17:09:47,464 MappingDataService::? - SaveWHONetMappingData : MethodStart
INFO  2021-10-29 17:09:47,728 MappingDataService::? - SaveWHONetMappingData : MethodFinish
INFO  2021-10-29 17:09:47,909 MappingDataService::? - GetMappingDataById : MethodStart
INFO  2021-10-29 17:09:48,023 MappingDataService::? - GetMappingDataById : MethodFinish
INFO  2021-10-29 17:09:48,083 MappingDataService::? - GetWHONetMappingListWithModel : MethodStart
INFO  2021-10-29 17:09:48,227 MappingDataService::? - GetWHONetMappingListWithModel : MethodFinish
INFO  2021-10-29 17:09:48,264 MappingDataService::? - GetSpecimenMappingListWithModel : MethodStart
INFO  2021-10-29 17:09:48,417 MappingDataService::? - GetSpecimenMappingListWithModel : MethodFinish
INFO  2021-10-29 17:09:48,469 MappingDataService::? - GetOrganismMappingListWithModel : MethodStart
INFO  2021-10-29 17:09:48,620 MappingDataService::? - GetOrganismMappingListWithModel : MethodFinish
INFO  2021-10-29 17:09:48,673 MappingDataService::? - GetWardTypeMappingListWithModel : MethodStart
INFO  2021-10-29 17:09:48,785 MappingDataService::? - GetWardTypeMappingListWithModel : MethodFinish
INFO  2021-10-29 17:10:00,126 MappingDataService::? - GetWHONetMappingDataWithModel : MethodStart
INFO  2021-10-29 17:10:00,231 MappingDataService::? - GetWHONetMappingDataWithModel : MethodFinish
INFO  2021-10-29 17:10:00,272 MappingDataService::? - SaveWHONetMappingData : MethodStart
INFO  2021-10-29 17:10:00,548 MappingDataService::? - SaveWHONetMappingData : MethodFinish
INFO  2021-10-29 17:10:00,724 MappingDataService::? - GetMappingDataById : MethodStart
INFO  2021-10-29 17:10:00,836 MappingDataService::? - GetMappingDataById : MethodFinish
INFO  2021-10-29 17:10:00,872 MappingDataService::? - GetWHONetMappingListWithModel : MethodStart
INFO  2021-10-29 17:10:00,987 MappingDataService::? - GetWHONetMappingListWithModel : MethodFinish
INFO  2021-10-29 17:10:01,026 MappingDataService::? - GetSpecimenMappingListWithModel : MethodStart
INFO  2021-10-29 17:10:01,151 MappingDataService::? - GetSpecimenMappingListWithModel : MethodFinish
INFO  2021-10-29 17:10:01,189 MappingDataService::? - GetOrganismMappingListWithModel : MethodStart
INFO  2021-10-29 17:10:01,350 MappingDataService::? - GetOrganismMappingListWithModel : MethodFinish
INFO  2021-10-29 17:10:01,420 MappingDataService::? - GetWardTypeMappingListWithModel : MethodStart
INFO  2021-10-29 17:10:01,537 MappingDataService::? - GetWardTypeMappingListWithModel : MethodFinish
INFO  2021-10-29 17:10:23,235 MappingDataService::? - GetWHONetMappingDataWithModel : MethodStart
INFO  2021-10-29 17:10:23,341 MappingDataService::? - GetWHONetMappingDataWithModel : MethodFinish
INFO  2021-10-29 17:10:23,401 MappingDataService::? - SaveWHONetMappingData : MethodStart
INFO  2021-10-29 17:10:23,668 MappingDataService::? - SaveWHONetMappingData : MethodFinish
INFO  2021-10-29 17:10:23,879 MappingDataService::? - GetMappingDataById : MethodStart
INFO  2021-10-29 17:10:23,992 MappingDataService::? - GetMappingDataById : MethodFinish
INFO  2021-10-29 17:10:24,050 MappingDataService::? - GetWHONetMappingListWithModel : MethodStart
INFO  2021-10-29 17:10:24,163 MappingDataService::? - GetWHONetMappingListWithModel : MethodFinish
INFO  2021-10-29 17:10:24,206 MappingDataService::? - GetSpecimenMappingListWithModel : MethodStart
INFO  2021-10-29 17:10:24,339 MappingDataService::? - GetSpecimenMappingListWithModel : MethodFinish
INFO  2021-10-29 17:10:24,374 MappingDataService::? - GetOrganismMappingListWithModel : MethodStart
INFO  2021-10-29 17:10:24,527 MappingDataService::? - GetOrganismMappingListWithModel : MethodFinish
INFO  2021-10-29 17:10:24,570 MappingDataService::? - GetWardTypeMappingListWithModel : MethodStart
INFO  2021-10-29 17:10:24,685 MappingDataService::? - GetWardTypeMappingListWithModel : MethodFinish
INFO  2021-10-29 17:10:40,473 MappingDataService::? - GetWHONetMappingDataWithModel : MethodStart
INFO  2021-10-29 17:10:40,579 MappingDataService::? - GetWHONetMappingDataWithModel : MethodFinish
INFO  2021-10-29 17:10:40,624 MappingDataService::? - SaveWHONetMappingData : MethodStart
INFO  2021-10-29 17:10:40,900 MappingDataService::? - SaveWHONetMappingData : MethodFinish
INFO  2021-10-29 17:10:41,097 MappingDataService::? - GetMappingDataById : MethodStart
INFO  2021-10-29 17:10:41,209 MappingDataService::? - GetMappingDataById : MethodFinish
INFO  2021-10-29 17:10:41,257 MappingDataService::? - GetWHONetMappingListWithModel : MethodStart
INFO  2021-10-29 17:10:41,380 MappingDataService::? - GetWHONetMappingListWithModel : MethodFinish
INFO  2021-10-29 17:10:41,433 MappingDataService::? - GetSpecimenMappingListWithModel : MethodStart
INFO  2021-10-29 17:10:41,564 MappingDataService::? - GetSpecimenMappingListWithModel : MethodFinish
INFO  2021-10-29 17:10:41,615 MappingDataService::? - GetOrganismMappingListWithModel : MethodStart
INFO  2021-10-29 17:10:41,780 MappingDataService::? - GetOrganismMappingListWithModel : MethodFinish
INFO  2021-10-29 17:10:41,821 MappingDataService::? - GetWardTypeMappingListWithModel : MethodStart
INFO  2021-10-29 17:10:41,936 MappingDataService::? - GetWardTypeMappingListWithModel : MethodFinish
INFO  2021-10-29 17:10:46,482 MappingDataService::? - SaveMappingData : MethodStart
INFO  2021-10-29 17:10:46,693 MappingDataService::? - SaveMappingData : MethodFinish
INFO  2021-10-29 17:10:46,920 MappingDataService::? - GetMappingDataById : MethodStart
INFO  2021-10-29 17:10:47,038 MappingDataService::? - GetMappingDataById : MethodFinish
INFO  2021-10-29 17:10:47,078 MappingDataService::? - GetWHONetMappingListWithModel : MethodStart
INFO  2021-10-29 17:10:47,222 MappingDataService::? - GetWHONetMappingListWithModel : MethodFinish
INFO  2021-10-29 17:10:47,286 MappingDataService::? - GetSpecimenMappingListWithModel : MethodStart
INFO  2021-10-29 17:10:47,412 MappingDataService::? - GetSpecimenMappingListWithModel : MethodFinish
INFO  2021-10-29 17:10:47,451 MappingDataService::? - GetOrganismMappingListWithModel : MethodStart
INFO  2021-10-29 17:10:47,602 MappingDataService::? - GetOrganismMappingListWithModel : MethodFinish
INFO  2021-10-29 17:10:47,650 MappingDataService::? - GetWardTypeMappingListWithModel : MethodStart
INFO  2021-10-29 17:10:47,774 MappingDataService::? - GetWardTypeMappingListWithModel : MethodFinish
INFO  2021-10-29 17:10:58,498 MappingDataService::? - GetMappingList : MethodStart
INFO  2021-10-29 17:10:58,608 MappingDataService::? - GetMappingList : MethodFinish
INFO  2021-10-29 17:12:43,411 MappingDataService::? - GetMappingDataActiveWithModel : MethodStart
INFO  2021-10-29 17:12:43,536 MappingDataService::? - GetMappingDataActiveWithModel : MethodFinish
INFO  2021-10-29 17:12:44,054 MappingDataService::? - GetWHONetMappingListWithModel : MethodStart
INFO  2021-10-29 17:12:44,171 MappingDataService::? - GetWHONetMappingListWithModel : MethodFinish
INFO  2021-10-29 17:12:53,954 MappingDataService::? - GetMappingList : MethodStart
INFO  2021-10-29 17:12:54,065 MappingDataService::? - GetMappingList : MethodFinish
INFO  2021-10-29 17:12:58,843 MappingDataService::? - GetMappingDataById : MethodStart
INFO  2021-10-29 17:12:58,944 MappingDataService::? - GetMappingDataById : MethodFinish
INFO  2021-10-29 17:12:59,000 MappingDataService::? - GetWHONetMappingListWithModel : MethodStart
INFO  2021-10-29 17:12:59,113 MappingDataService::? - GetWHONetMappingListWithModel : MethodFinish
INFO  2021-10-29 17:12:59,150 MappingDataService::? - GetSpecimenMappingListWithModel : MethodStart
INFO  2021-10-29 17:12:59,272 MappingDataService::? - GetSpecimenMappingListWithModel : MethodFinish
INFO  2021-10-29 17:12:59,325 MappingDataService::? - GetOrganismMappingListWithModel : MethodStart
INFO  2021-10-29 17:12:59,475 MappingDataService::? - GetOrganismMappingListWithModel : MethodFinish
INFO  2021-10-29 17:12:59,521 MappingDataService::? - GetWardTypeMappingListWithModel : MethodStart
INFO  2021-10-29 17:12:59,634 MappingDataService::? - GetWardTypeMappingListWithModel : MethodFinish
INFO  2021-10-29 17:13:10,481 MappingDataService::? - GetWHONetMappingData : MethodStart
INFO  2021-10-29 17:13:10,604 MappingDataService::? - GetWHONetMappingData : MethodFinish
INFO  2021-10-29 17:13:12,725 MappingDataService::? - GetWHONetMappingDataWithModel : MethodStart
INFO  2021-10-29 17:13:12,829 MappingDataService::? - GetWHONetMappingDataWithModel : MethodFinish
INFO  2021-10-29 17:13:12,885 MappingDataService::? - SaveWHONetMappingData : MethodStart
INFO  2021-10-29 17:13:13,136 MappingDataService::? - SaveWHONetMappingData : MethodFinish
INFO  2021-10-29 17:13:13,334 MappingDataService::? - GetMappingDataById : MethodStart
INFO  2021-10-29 17:13:13,454 MappingDataService::? - GetMappingDataById : MethodFinish
INFO  2021-10-29 17:13:13,502 MappingDataService::? - GetWHONetMappingListWithModel : MethodStart
INFO  2021-10-29 17:13:13,624 MappingDataService::? - GetWHONetMappingListWithModel : MethodFinish
INFO  2021-10-29 17:13:13,675 MappingDataService::? - GetSpecimenMappingListWithModel : MethodStart
INFO  2021-10-29 17:13:13,807 MappingDataService::? - GetSpecimenMappingListWithModel : MethodFinish
INFO  2021-10-29 17:13:13,886 MappingDataService::? - GetOrganismMappingListWithModel : MethodStart
INFO  2021-10-29 17:13:14,044 MappingDataService::? - GetOrganismMappingListWithModel : MethodFinish
INFO  2021-10-29 17:13:14,095 MappingDataService::? - GetWardTypeMappingListWithModel : MethodStart
INFO  2021-10-29 17:13:14,211 MappingDataService::? - GetWardTypeMappingListWithModel : MethodFinish
INFO  2021-10-29 17:13:20,704 MappingDataService::? - GetWHONetMappingData : MethodStart
INFO  2021-10-29 17:13:20,807 MappingDataService::? - GetWHONetMappingData : MethodFinish
INFO  2021-10-29 17:13:24,146 MappingDataService::? - GetWHONetMappingDataWithModel : MethodStart
INFO  2021-10-29 17:13:24,250 MappingDataService::? - GetWHONetMappingDataWithModel : MethodFinish
INFO  2021-10-29 17:13:24,311 MappingDataService::? - SaveWHONetMappingData : MethodStart
INFO  2021-10-29 17:13:24,565 MappingDataService::? - SaveWHONetMappingData : MethodFinish
INFO  2021-10-29 17:13:24,759 MappingDataService::? - GetMappingDataById : MethodStart
INFO  2021-10-29 17:13:24,873 MappingDataService::? - GetMappingDataById : MethodFinish
INFO  2021-10-29 17:13:24,913 MappingDataService::? - GetWHONetMappingListWithModel : MethodStart
INFO  2021-10-29 17:13:25,029 MappingDataService::? - GetWHONetMappingListWithModel : MethodFinish
INFO  2021-10-29 17:13:25,078 MappingDataService::? - GetSpecimenMappingListWithModel : MethodStart
INFO  2021-10-29 17:13:25,224 MappingDataService::? - GetSpecimenMappingListWithModel : MethodFinish
INFO  2021-10-29 17:13:25,262 MappingDataService::? - GetOrganismMappingListWithModel : MethodStart
INFO  2021-10-29 17:13:25,426 MappingDataService::? - GetOrganismMappingListWithModel : MethodFinish
INFO  2021-10-29 17:13:25,468 MappingDataService::? - GetWardTypeMappingListWithModel : MethodStart
INFO  2021-10-29 17:13:25,586 MappingDataService::? - GetWardTypeMappingListWithModel : MethodFinish
INFO  2021-10-29 17:13:34,824 MappingDataService::? - SaveMappingData : MethodStart
INFO  2021-10-29 17:13:35,033 MappingDataService::? - SaveMappingData : MethodFinish
INFO  2021-10-29 17:13:35,229 MappingDataService::? - GetMappingDataById : MethodStart
INFO  2021-10-29 17:13:35,344 MappingDataService::? - GetMappingDataById : MethodFinish
INFO  2021-10-29 17:13:35,399 MappingDataService::? - GetWHONetMappingListWithModel : MethodStart
INFO  2021-10-29 17:13:35,523 MappingDataService::? - GetWHONetMappingListWithModel : MethodFinish
INFO  2021-10-29 17:13:35,582 MappingDataService::? - GetSpecimenMappingListWithModel : MethodStart
INFO  2021-10-29 17:13:35,705 MappingDataService::? - GetSpecimenMappingListWithModel : MethodFinish
INFO  2021-10-29 17:13:35,749 MappingDataService::? - GetOrganismMappingListWithModel : MethodStart
INFO  2021-10-29 17:13:35,899 MappingDataService::? - GetOrganismMappingListWithModel : MethodFinish
INFO  2021-10-29 17:13:35,942 MappingDataService::? - GetWardTypeMappingListWithModel : MethodStart
INFO  2021-10-29 17:13:36,056 MappingDataService::? - GetWardTypeMappingListWithModel : MethodFinish
INFO  2021-10-29 17:14:59,734 MappingDataService::? - GetMappingDataActiveWithModel : MethodStart
INFO  2021-10-29 17:14:59,840 MappingDataService::? - GetMappingDataActiveWithModel : MethodFinish
INFO  2021-10-29 17:15:00,393 MappingDataService::? - GetWHONetMappingListWithModel : MethodStart
INFO  2021-10-29 17:15:00,514 MappingDataService::? - GetWHONetMappingListWithModel : MethodFinish
