INFO  2021-09-05 00:00:22,775 MappingDataService::? - GetMappingDataActiveWithModel : MethodStart
INFO  2021-09-05 00:00:25,786 MappingDataService::? - GetMappingDataActiveWithModel : MethodFinish
INFO  2021-09-05 00:00:26,993 MappingDataService::? - GetWHONetMappingListWithModel : MethodStart
INFO  2021-09-05 00:00:27,355 MappingDataService::? - GetWHONetMappingListWithModel : MethodFinish
INFO  2021-09-05 00:01:35,529 MappingDataService::? - GetMappingList : MethodStart
INFO  2021-09-05 00:01:35,864 MappingDataService::? - GetMappingList : MethodFinish
INFO  2021-09-05 00:01:48,132 MappingDataService::? - GetMappingDataById : MethodStart
INFO  2021-09-05 00:01:48,303 MappingDataService::? - GetMappingDataById : MethodFinish
INFO  2021-09-05 00:01:48,366 MappingDataService::? - GetWHONetMappingListWithModel : MethodStart
INFO  2021-09-05 00:01:48,504 MappingDataService::? - GetWHONetMappingListWithModel : MethodFinish
INFO  2021-09-05 00:01:48,571 MappingDataService::? - GetSpecimenMappingListWithModel : MethodStart
INFO  2021-09-05 00:01:48,718 MappingDataService::? - GetSpecimenMappingListWithModel : MethodFinish
INFO  2021-09-05 00:01:48,771 MappingDataService::? - GetOrganismMappingListWithModel : MethodStart
INFO  2021-09-05 00:01:49,011 MappingDataService::? - GetOrganismMappingListWithModel : MethodFinish
INFO  2021-09-05 00:01:49,081 MappingDataService::? - GetWardTypeMappingListWithModel : MethodStart
INFO  2021-09-05 00:01:49,506 MappingDataService::? - GetWardTypeMappingListWithModel : MethodFinish
INFO  2021-09-05 00:02:40,481 MappingDataService::? - GetWHONetMappingData : MethodStart
INFO  2021-09-05 00:02:40,725 MappingDataService::? - GetWHONetMappingData : MethodFinish
INFO  2021-09-05 00:20:37,650 MappingDataService::? - GetMappingDataActiveWithModel : MethodStart
INFO  2021-09-05 00:20:39,349 MappingDataService::? - GetMappingDataActiveWithModel : MethodFinish
INFO  2021-09-05 00:20:57,414 MappingDataService::? - GetWHONetMappingListWithModel : MethodStart
INFO  2021-09-05 00:20:58,347 MappingDataService::? - GetWHONetMappingListWithModel : MethodFinish
INFO  2021-09-05 21:41:22,779 MappingDataService::? - GetMappingDataActiveWithModel : MethodStart
INFO  2021-09-05 21:41:24,712 MappingDataService::? - GetMappingDataActiveWithModel : MethodFinish
INFO  2021-09-05 21:41:34,250 MappingDataService::? - GetWHONetMappingListWithModel : MethodStart
INFO  2021-09-05 21:41:34,447 MappingDataService::? - GetWHONetMappingListWithModel : MethodFinish
INFO  2021-09-05 23:27:04,751 MappingDataService::? - GetMappingList : MethodStart
INFO  2021-09-05 23:27:07,332 MappingDataService::? - GetMappingList : MethodFinish
INFO  2021-09-05 23:27:22,383 MappingDataService::? - GetMappingDataById : MethodStart
INFO  2021-09-05 23:27:22,595 MappingDataService::? - GetMappingDataById : MethodFinish
INFO  2021-09-05 23:27:22,713 MappingDataService::? - GetWHONetMappingListWithModel : MethodStart
INFO  2021-09-05 23:27:22,946 MappingDataService::? - GetWHONetMappingListWithModel : MethodFinish
INFO  2021-09-05 23:27:23,012 MappingDataService::? - GetSpecimenMappingListWithModel : MethodStart
INFO  2021-09-05 23:27:23,151 MappingDataService::? - GetSpecimenMappingListWithModel : MethodFinish
INFO  2021-09-05 23:27:23,239 MappingDataService::? - GetOrganismMappingListWithModel : MethodStart
INFO  2021-09-05 23:27:23,407 MappingDataService::? - GetOrganismMappingListWithModel : MethodFinish
INFO  2021-09-05 23:27:23,473 MappingDataService::? - GetWardTypeMappingListWithModel : MethodStart
INFO  2021-09-05 23:27:23,602 MappingDataService::? - GetWardTypeMappingListWithModel : MethodFinish
INFO  2021-09-05 23:27:37,795 MappingDataService::? - GetWardTypeMappingDataWithModel : MethodStart
INFO  2021-09-05 23:27:37,980 MappingDataService::? - GetWardTypeMappingDataWithModel : MethodFinish
INFO  2021-09-05 23:27:38,047 MappingDataService::? - SaveWardTypeMappingData : MethodStart
INFO  2021-09-05 23:27:38,841 MappingDataService::? - SaveWardTypeMappingData : MethodFinish
INFO  2021-09-05 23:27:39,072 MappingDataService::? - GetMappingDataById : MethodStart
INFO  2021-09-05 23:27:39,184 MappingDataService::? - GetMappingDataById : MethodFinish
INFO  2021-09-05 23:27:39,222 MappingDataService::? - GetWHONetMappingListWithModel : MethodStart
INFO  2021-09-05 23:27:39,325 MappingDataService::? - GetWHONetMappingListWithModel : MethodFinish
INFO  2021-09-05 23:27:39,383 MappingDataService::? - GetSpecimenMappingListWithModel : MethodStart
INFO  2021-09-05 23:27:39,512 MappingDataService::? - GetSpecimenMappingListWithModel : MethodFinish
INFO  2021-09-05 23:27:39,558 MappingDataService::? - GetOrganismMappingListWithModel : MethodStart
INFO  2021-09-05 23:27:39,723 MappingDataService::? - GetOrganismMappingListWithModel : MethodFinish
INFO  2021-09-05 23:27:39,783 MappingDataService::? - GetWardTypeMappingListWithModel : MethodStart
INFO  2021-09-05 23:27:39,912 MappingDataService::? - GetWardTypeMappingListWithModel : MethodFinish
INFO  2021-09-05 23:28:57,526 MappingDataService::? - GetWardTypeMappingDataWithModel : MethodStart
INFO  2021-09-05 23:28:57,646 MappingDataService::? - GetWardTypeMappingDataWithModel : MethodFinish
INFO  2021-09-05 23:28:57,731 MappingDataService::? - SaveWardTypeMappingData : MethodStart
INFO  2021-09-05 23:28:58,007 MappingDataService::? - SaveWardTypeMappingData : MethodFinish
INFO  2021-09-05 23:28:58,277 MappingDataService::? - GetMappingDataById : MethodStart
INFO  2021-09-05 23:28:58,395 MappingDataService::? - GetMappingDataById : MethodFinish
INFO  2021-09-05 23:28:58,513 MappingDataService::? - GetWHONetMappingListWithModel : MethodStart
INFO  2021-09-05 23:28:58,615 MappingDataService::? - GetWHONetMappingListWithModel : MethodFinish
INFO  2021-09-05 23:28:58,648 MappingDataService::? - GetSpecimenMappingListWithModel : MethodStart
INFO  2021-09-05 23:28:58,772 MappingDataService::? - GetSpecimenMappingListWithModel : MethodFinish
INFO  2021-09-05 23:28:58,811 MappingDataService::? - GetOrganismMappingListWithModel : MethodStart
INFO  2021-09-05 23:28:58,936 MappingDataService::? - GetOrganismMappingListWithModel : MethodFinish
INFO  2021-09-05 23:28:58,974 MappingDataService::? - GetWardTypeMappingListWithModel : MethodStart
INFO  2021-09-05 23:28:59,080 MappingDataService::? - GetWardTypeMappingListWithModel : MethodFinish
INFO  2021-09-05 23:30:16,217 MappingDataService::? - GetMappingList : MethodStart
INFO  2021-09-05 23:30:16,348 MappingDataService::? - GetMappingList : MethodFinish
INFO  2021-09-05 23:30:32,167 MappingDataService::? - GetMappingDataById : MethodStart
INFO  2021-09-05 23:30:32,281 MappingDataService::? - GetMappingDataById : MethodFinish
INFO  2021-09-05 23:30:32,330 MappingDataService::? - GetWHONetMappingListWithModel : MethodStart
INFO  2021-09-05 23:30:32,457 MappingDataService::? - GetWHONetMappingListWithModel : MethodFinish
INFO  2021-09-05 23:30:32,498 MappingDataService::? - GetSpecimenMappingListWithModel : MethodStart
INFO  2021-09-05 23:30:32,630 MappingDataService::? - GetSpecimenMappingListWithModel : MethodFinish
INFO  2021-09-05 23:30:32,675 MappingDataService::? - GetOrganismMappingListWithModel : MethodStart
INFO  2021-09-05 23:30:32,897 MappingDataService::? - GetOrganismMappingListWithModel : MethodFinish
INFO  2021-09-05 23:30:32,952 MappingDataService::? - GetWardTypeMappingListWithModel : MethodStart
INFO  2021-09-05 23:30:33,087 MappingDataService::? - GetWardTypeMappingListWithModel : MethodFinish
INFO  2021-09-05 23:30:51,556 MappingDataService::? - GetWardTypeMappingDataWithModel : MethodStart
INFO  2021-09-05 23:30:51,665 MappingDataService::? - GetWardTypeMappingDataWithModel : MethodFinish
INFO  2021-09-05 23:30:51,740 MappingDataService::? - SaveWardTypeMappingData : MethodStart
INFO  2021-09-05 23:30:52,011 MappingDataService::? - SaveWardTypeMappingData : MethodFinish
INFO  2021-09-05 23:30:52,333 MappingDataService::? - GetMappingDataById : MethodStart
INFO  2021-09-05 23:30:52,443 MappingDataService::? - GetMappingDataById : MethodFinish
INFO  2021-09-05 23:30:52,503 MappingDataService::? - GetWHONetMappingListWithModel : MethodStart
INFO  2021-09-05 23:30:52,641 MappingDataService::? - GetWHONetMappingListWithModel : MethodFinish
INFO  2021-09-05 23:30:52,686 MappingDataService::? - GetSpecimenMappingListWithModel : MethodStart
INFO  2021-09-05 23:30:52,804 MappingDataService::? - GetSpecimenMappingListWithModel : MethodFinish
INFO  2021-09-05 23:30:52,852 MappingDataService::? - GetOrganismMappingListWithModel : MethodStart
INFO  2021-09-05 23:30:53,048 MappingDataService::? - GetOrganismMappingListWithModel : MethodFinish
INFO  2021-09-05 23:30:53,124 MappingDataService::? - GetWardTypeMappingListWithModel : MethodStart
INFO  2021-09-05 23:30:53,246 MappingDataService::? - GetWardTypeMappingListWithModel : MethodFinish
INFO  2021-09-05 23:34:01,979 MappingDataService::? - GetMappingDataById : MethodStart
INFO  2021-09-05 23:34:02,080 MappingDataService::? - GetMappingDataById : MethodFinish
INFO  2021-09-05 23:34:02,129 MappingDataService::? - GetWHONetMappingListWithModel : MethodStart
INFO  2021-09-05 23:34:02,238 MappingDataService::? - GetWHONetMappingListWithModel : MethodFinish
INFO  2021-09-05 23:34:02,306 MappingDataService::? - GetSpecimenMappingListWithModel : MethodStart
INFO  2021-09-05 23:34:02,433 MappingDataService::? - GetSpecimenMappingListWithModel : MethodFinish
INFO  2021-09-05 23:34:02,483 MappingDataService::? - GetOrganismMappingListWithModel : MethodStart
INFO  2021-09-05 23:34:02,614 MappingDataService::? - GetOrganismMappingListWithModel : MethodFinish
INFO  2021-09-05 23:34:02,667 MappingDataService::? - GetWardTypeMappingListWithModel : MethodStart
INFO  2021-09-05 23:34:02,769 MappingDataService::? - GetWardTypeMappingListWithModel : MethodFinish
INFO  2021-09-05 23:34:16,342 MappingDataService::? - GetMappingDataById : MethodStart
INFO  2021-09-05 23:34:16,444 MappingDataService::? - GetMappingDataById : MethodFinish
INFO  2021-09-05 23:34:16,479 MappingDataService::? - GetWHONetMappingListWithModel : MethodStart
INFO  2021-09-05 23:34:16,583 MappingDataService::? - GetWHONetMappingListWithModel : MethodFinish
INFO  2021-09-05 23:34:16,619 MappingDataService::? - GetSpecimenMappingListWithModel : MethodStart
INFO  2021-09-05 23:34:16,737 MappingDataService::? - GetSpecimenMappingListWithModel : MethodFinish
INFO  2021-09-05 23:34:16,769 MappingDataService::? - GetOrganismMappingListWithModel : MethodStart
INFO  2021-09-05 23:34:16,898 MappingDataService::? - GetOrganismMappingListWithModel : MethodFinish
INFO  2021-09-05 23:34:16,930 MappingDataService::? - GetWardTypeMappingListWithModel : MethodStart
INFO  2021-09-05 23:34:17,031 MappingDataService::? - GetWardTypeMappingListWithModel : MethodFinish
INFO  2021-09-05 23:44:36,125 MappingDataService::? - GetMappingDataById : MethodStart
INFO  2021-09-05 23:44:38,770 MappingDataService::? - GetMappingDataById : MethodFinish
INFO  2021-09-05 23:44:38,959 MappingDataService::? - GetWHONetMappingListWithModel : MethodStart
INFO  2021-09-05 23:44:39,138 MappingDataService::? - GetWHONetMappingListWithModel : MethodFinish
INFO  2021-09-05 23:44:39,214 MappingDataService::? - GetSpecimenMappingListWithModel : MethodStart
INFO  2021-09-05 23:44:39,479 MappingDataService::? - GetSpecimenMappingListWithModel : MethodFinish
INFO  2021-09-05 23:44:39,564 MappingDataService::? - GetOrganismMappingListWithModel : MethodStart
INFO  2021-09-05 23:44:39,743 MappingDataService::? - GetOrganismMappingListWithModel : MethodFinish
INFO  2021-09-05 23:44:39,868 MappingDataService::? - GetWardTypeMappingListWithModel : MethodStart
INFO  2021-09-05 23:44:40,009 MappingDataService::? - GetWardTypeMappingListWithModel : MethodFinish
INFO  2021-09-05 23:46:54,496 MappingDataService::? - GetMappingDataById : MethodStart
INFO  2021-09-05 23:46:54,627 MappingDataService::? - GetMappingDataById : MethodFinish
INFO  2021-09-05 23:46:54,676 MappingDataService::? - GetWHONetMappingListWithModel : MethodStart
INFO  2021-09-05 23:46:54,793 MappingDataService::? - GetWHONetMappingListWithModel : MethodFinish
INFO  2021-09-05 23:46:54,889 MappingDataService::? - GetSpecimenMappingListWithModel : MethodStart
INFO  2021-09-05 23:46:55,050 MappingDataService::? - GetSpecimenMappingListWithModel : MethodFinish
INFO  2021-09-05 23:46:55,170 MappingDataService::? - GetOrganismMappingListWithModel : MethodStart
INFO  2021-09-05 23:46:55,329 MappingDataService::? - GetOrganismMappingListWithModel : MethodFinish
INFO  2021-09-05 23:46:55,377 MappingDataService::? - GetWardTypeMappingListWithModel : MethodStart
INFO  2021-09-05 23:46:55,553 MappingDataService::? - GetWardTypeMappingListWithModel : MethodFinish
INFO  2021-09-05 23:47:49,449 MappingDataService::? - GetMappingList : MethodStart
INFO  2021-09-05 23:47:49,603 MappingDataService::? - GetMappingList : MethodFinish
INFO  2021-09-05 23:47:57,853 MappingDataService::? - GetMappingDataById : MethodStart
INFO  2021-09-05 23:47:57,981 MappingDataService::? - GetMappingDataById : MethodFinish
INFO  2021-09-05 23:47:58,030 MappingDataService::? - GetWHONetMappingListWithModel : MethodStart
INFO  2021-09-05 23:47:58,162 MappingDataService::? - GetWHONetMappingListWithModel : MethodFinish
INFO  2021-09-05 23:47:58,220 MappingDataService::? - GetSpecimenMappingListWithModel : MethodStart
INFO  2021-09-05 23:47:58,353 MappingDataService::? - GetSpecimenMappingListWithModel : MethodFinish
INFO  2021-09-05 23:47:58,427 MappingDataService::? - GetOrganismMappingListWithModel : MethodStart
INFO  2021-09-05 23:47:58,567 MappingDataService::? - GetOrganismMappingListWithModel : MethodFinish
INFO  2021-09-05 23:47:58,621 MappingDataService::? - GetWardTypeMappingListWithModel : MethodStart
INFO  2021-09-05 23:47:58,732 MappingDataService::? - GetWardTypeMappingListWithModel : MethodFinish
INFO  2021-09-05 23:48:48,149 MappingDataService::? - GetWardTypeMappingData : MethodStart
INFO  2021-09-05 23:48:48,450 MappingDataService::? - GetWardTypeMappingData : MethodFinish
INFO  2021-09-05 23:48:49,951 MappingDataService::? - GetWardTypeMappingDataWithModel : MethodStart
INFO  2021-09-05 23:48:50,089 MappingDataService::? - GetWardTypeMappingDataWithModel : MethodFinish
INFO  2021-09-05 23:48:50,145 MappingDataService::? - SaveWardTypeMappingData : MethodStart
INFO  2021-09-05 23:48:50,863 MappingDataService::? - SaveWardTypeMappingData : MethodFinish
INFO  2021-09-05 23:48:51,100 MappingDataService::? - GetMappingDataById : MethodStart
INFO  2021-09-05 23:48:51,215 MappingDataService::? - GetMappingDataById : MethodFinish
INFO  2021-09-05 23:48:51,274 MappingDataService::? - GetWHONetMappingListWithModel : MethodStart
INFO  2021-09-05 23:48:51,392 MappingDataService::? - GetWHONetMappingListWithModel : MethodFinish
INFO  2021-09-05 23:48:51,468 MappingDataService::? - GetSpecimenMappingListWithModel : MethodStart
INFO  2021-09-05 23:48:51,597 MappingDataService::? - GetSpecimenMappingListWithModel : MethodFinish
INFO  2021-09-05 23:48:51,635 MappingDataService::? - GetOrganismMappingListWithModel : MethodStart
INFO  2021-09-05 23:48:51,774 MappingDataService::? - GetOrganismMappingListWithModel : MethodFinish
INFO  2021-09-05 23:48:51,831 MappingDataService::? - GetWardTypeMappingListWithModel : MethodStart
INFO  2021-09-05 23:48:51,956 MappingDataService::? - GetWardTypeMappingListWithModel : MethodFinish
INFO  2021-09-05 23:48:54,023 MappingDataService::? - GetWardTypeMappingData : MethodStart
INFO  2021-09-05 23:48:54,140 MappingDataService::? - GetWardTypeMappingData : MethodFinish
INFO  2021-09-05 23:48:55,380 MappingDataService::? - GetWardTypeMappingDataWithModel : MethodStart
INFO  2021-09-05 23:48:55,506 MappingDataService::? - GetWardTypeMappingDataWithModel : MethodFinish
INFO  2021-09-05 23:48:55,602 MappingDataService::? - SaveWardTypeMappingData : MethodStart
INFO  2021-09-05 23:48:55,898 MappingDataService::? - SaveWardTypeMappingData : MethodFinish
INFO  2021-09-05 23:48:56,174 MappingDataService::? - GetMappingDataById : MethodStart
INFO  2021-09-05 23:48:56,299 MappingDataService::? - GetMappingDataById : MethodFinish
INFO  2021-09-05 23:48:56,368 MappingDataService::? - GetWHONetMappingListWithModel : MethodStart
INFO  2021-09-05 23:48:56,488 MappingDataService::? - GetWHONetMappingListWithModel : MethodFinish
INFO  2021-09-05 23:48:56,523 MappingDataService::? - GetSpecimenMappingListWithModel : MethodStart
INFO  2021-09-05 23:48:56,666 MappingDataService::? - GetSpecimenMappingListWithModel : MethodFinish
INFO  2021-09-05 23:48:56,726 MappingDataService::? - GetOrganismMappingListWithModel : MethodStart
INFO  2021-09-05 23:48:56,873 MappingDataService::? - GetOrganismMappingListWithModel : MethodFinish
INFO  2021-09-05 23:48:56,939 MappingDataService::? - GetWardTypeMappingListWithModel : MethodStart
INFO  2021-09-05 23:48:57,060 MappingDataService::? - GetWardTypeMappingListWithModel : MethodFinish
INFO  2021-09-05 23:48:58,758 MappingDataService::? - GetWardTypeMappingData : MethodStart
INFO  2021-09-05 23:48:58,870 MappingDataService::? - GetWardTypeMappingData : MethodFinish
INFO  2021-09-05 23:48:59,838 MappingDataService::? - GetWardTypeMappingDataWithModel : MethodStart
INFO  2021-09-05 23:48:59,953 MappingDataService::? - GetWardTypeMappingDataWithModel : MethodFinish
INFO  2021-09-05 23:49:00,004 MappingDataService::? - SaveWardTypeMappingData : MethodStart
INFO  2021-09-05 23:49:00,300 MappingDataService::? - SaveWardTypeMappingData : MethodFinish
INFO  2021-09-05 23:49:00,539 MappingDataService::? - GetMappingDataById : MethodStart
INFO  2021-09-05 23:49:00,654 MappingDataService::? - GetMappingDataById : MethodFinish
INFO  2021-09-05 23:49:00,731 MappingDataService::? - GetWHONetMappingListWithModel : MethodStart
INFO  2021-09-05 23:49:00,844 MappingDataService::? - GetWHONetMappingListWithModel : MethodFinish
INFO  2021-09-05 23:49:00,877 MappingDataService::? - GetSpecimenMappingListWithModel : MethodStart
INFO  2021-09-05 23:49:00,998 MappingDataService::? - GetSpecimenMappingListWithModel : MethodFinish
INFO  2021-09-05 23:49:01,034 MappingDataService::? - GetOrganismMappingListWithModel : MethodStart
INFO  2021-09-05 23:49:01,167 MappingDataService::? - GetOrganismMappingListWithModel : MethodFinish
INFO  2021-09-05 23:49:01,207 MappingDataService::? - GetWardTypeMappingListWithModel : MethodStart
INFO  2021-09-05 23:49:01,322 MappingDataService::? - GetWardTypeMappingListWithModel : MethodFinish
INFO  2021-09-05 23:49:02,396 MappingDataService::? - GetWardTypeMappingData : MethodStart
INFO  2021-09-05 23:49:02,505 MappingDataService::? - GetWardTypeMappingData : MethodFinish
INFO  2021-09-05 23:49:03,417 MappingDataService::? - GetWardTypeMappingDataWithModel : MethodStart
INFO  2021-09-05 23:49:03,527 MappingDataService::? - GetWardTypeMappingDataWithModel : MethodFinish
INFO  2021-09-05 23:49:03,607 MappingDataService::? - SaveWardTypeMappingData : MethodStart
INFO  2021-09-05 23:49:03,872 MappingDataService::? - SaveWardTypeMappingData : MethodFinish
INFO  2021-09-05 23:49:04,094 MappingDataService::? - GetMappingDataById : MethodStart
INFO  2021-09-05 23:49:04,206 MappingDataService::? - GetMappingDataById : MethodFinish
INFO  2021-09-05 23:49:04,259 MappingDataService::? - GetWHONetMappingListWithModel : MethodStart
INFO  2021-09-05 23:49:04,382 MappingDataService::? - GetWHONetMappingListWithModel : MethodFinish
INFO  2021-09-05 23:49:04,412 MappingDataService::? - GetSpecimenMappingListWithModel : MethodStart
INFO  2021-09-05 23:49:04,534 MappingDataService::? - GetSpecimenMappingListWithModel : MethodFinish
INFO  2021-09-05 23:49:04,616 MappingDataService::? - GetOrganismMappingListWithModel : MethodStart
INFO  2021-09-05 23:49:04,768 MappingDataService::? - GetOrganismMappingListWithModel : MethodFinish
INFO  2021-09-05 23:49:04,838 MappingDataService::? - GetWardTypeMappingListWithModel : MethodStart
INFO  2021-09-05 23:49:04,951 MappingDataService::? - GetWardTypeMappingListWithModel : MethodFinish
INFO  2021-09-05 23:49:06,753 MappingDataService::? - GetWardTypeMappingData : MethodStart
INFO  2021-09-05 23:49:06,861 MappingDataService::? - GetWardTypeMappingData : MethodFinish
INFO  2021-09-05 23:49:07,576 MappingDataService::? - GetWardTypeMappingDataWithModel : MethodStart
INFO  2021-09-05 23:49:07,688 MappingDataService::? - GetWardTypeMappingDataWithModel : MethodFinish
INFO  2021-09-05 23:49:07,738 MappingDataService::? - SaveWardTypeMappingData : MethodStart
INFO  2021-09-05 23:49:08,007 MappingDataService::? - SaveWardTypeMappingData : MethodFinish
INFO  2021-09-05 23:49:08,205 MappingDataService::? - GetMappingDataById : MethodStart
INFO  2021-09-05 23:49:08,312 MappingDataService::? - GetMappingDataById : MethodFinish
INFO  2021-09-05 23:49:08,345 MappingDataService::? - GetWHONetMappingListWithModel : MethodStart
INFO  2021-09-05 23:49:08,459 MappingDataService::? - GetWHONetMappingListWithModel : MethodFinish
INFO  2021-09-05 23:49:08,514 MappingDataService::? - GetSpecimenMappingListWithModel : MethodStart
INFO  2021-09-05 23:49:08,645 MappingDataService::? - GetSpecimenMappingListWithModel : MethodFinish
INFO  2021-09-05 23:49:08,698 MappingDataService::? - GetOrganismMappingListWithModel : MethodStart
INFO  2021-09-05 23:49:08,832 MappingDataService::? - GetOrganismMappingListWithModel : MethodFinish
INFO  2021-09-05 23:49:08,864 MappingDataService::? - GetWardTypeMappingListWithModel : MethodStart
INFO  2021-09-05 23:49:08,986 MappingDataService::? - GetWardTypeMappingListWithModel : MethodFinish
INFO  2021-09-05 23:49:09,910 MappingDataService::? - GetWardTypeMappingData : MethodStart
INFO  2021-09-05 23:49:10,020 MappingDataService::? - GetWardTypeMappingData : MethodFinish
INFO  2021-09-05 23:49:11,114 MappingDataService::? - GetWardTypeMappingDataWithModel : MethodStart
INFO  2021-09-05 23:49:11,223 MappingDataService::? - GetWardTypeMappingDataWithModel : MethodFinish
INFO  2021-09-05 23:49:11,262 MappingDataService::? - SaveWardTypeMappingData : MethodStart
INFO  2021-09-05 23:49:11,562 MappingDataService::? - SaveWardTypeMappingData : MethodFinish
INFO  2021-09-05 23:49:11,747 MappingDataService::? - GetMappingDataById : MethodStart
INFO  2021-09-05 23:49:11,864 MappingDataService::? - GetMappingDataById : MethodFinish
INFO  2021-09-05 23:49:11,897 MappingDataService::? - GetWHONetMappingListWithModel : MethodStart
INFO  2021-09-05 23:49:12,010 MappingDataService::? - GetWHONetMappingListWithModel : MethodFinish
INFO  2021-09-05 23:49:12,070 MappingDataService::? - GetSpecimenMappingListWithModel : MethodStart
INFO  2021-09-05 23:49:12,199 MappingDataService::? - GetSpecimenMappingListWithModel : MethodFinish
INFO  2021-09-05 23:49:12,256 MappingDataService::? - GetOrganismMappingListWithModel : MethodStart
INFO  2021-09-05 23:49:12,396 MappingDataService::? - GetOrganismMappingListWithModel : MethodFinish
INFO  2021-09-05 23:49:12,442 MappingDataService::? - GetWardTypeMappingListWithModel : MethodStart
INFO  2021-09-05 23:49:12,552 MappingDataService::? - GetWardTypeMappingListWithModel : MethodFinish
INFO  2021-09-05 23:49:32,080 MappingDataService::? - GetWardTypeMappingDataWithModel : MethodStart
INFO  2021-09-05 23:49:32,192 MappingDataService::? - GetWardTypeMappingDataWithModel : MethodFinish
INFO  2021-09-05 23:49:32,230 MappingDataService::? - SaveWardTypeMappingData : MethodStart
INFO  2021-09-05 23:49:32,522 MappingDataService::? - SaveWardTypeMappingData : MethodFinish
INFO  2021-09-05 23:49:32,729 MappingDataService::? - GetMappingDataById : MethodStart
INFO  2021-09-05 23:49:32,842 MappingDataService::? - GetMappingDataById : MethodFinish
INFO  2021-09-05 23:49:32,886 MappingDataService::? - GetWHONetMappingListWithModel : MethodStart
INFO  2021-09-05 23:49:32,999 MappingDataService::? - GetWHONetMappingListWithModel : MethodFinish
INFO  2021-09-05 23:49:33,049 MappingDataService::? - GetSpecimenMappingListWithModel : MethodStart
INFO  2021-09-05 23:49:33,171 MappingDataService::? - GetSpecimenMappingListWithModel : MethodFinish
INFO  2021-09-05 23:49:33,201 MappingDataService::? - GetOrganismMappingListWithModel : MethodStart
INFO  2021-09-05 23:49:33,347 MappingDataService::? - GetOrganismMappingListWithModel : MethodFinish
INFO  2021-09-05 23:49:33,435 MappingDataService::? - GetWardTypeMappingListWithModel : MethodStart
INFO  2021-09-05 23:49:33,562 MappingDataService::? - GetWardTypeMappingListWithModel : MethodFinish
INFO  2021-09-05 23:49:51,230 MappingDataService::? - GetWardTypeMappingDataWithModel : MethodStart
INFO  2021-09-05 23:49:51,339 MappingDataService::? - GetWardTypeMappingDataWithModel : MethodFinish
INFO  2021-09-05 23:49:51,402 MappingDataService::? - SaveWardTypeMappingData : MethodStart
INFO  2021-09-05 23:49:51,676 MappingDataService::? - SaveWardTypeMappingData : MethodFinish
INFO  2021-09-05 23:49:51,923 MappingDataService::? - GetMappingDataById : MethodStart
INFO  2021-09-05 23:49:52,034 MappingDataService::? - GetMappingDataById : MethodFinish
INFO  2021-09-05 23:49:52,065 MappingDataService::? - GetWHONetMappingListWithModel : MethodStart
INFO  2021-09-05 23:49:52,176 MappingDataService::? - GetWHONetMappingListWithModel : MethodFinish
INFO  2021-09-05 23:49:52,207 MappingDataService::? - GetSpecimenMappingListWithModel : MethodStart
INFO  2021-09-05 23:49:52,332 MappingDataService::? - GetSpecimenMappingListWithModel : MethodFinish
INFO  2021-09-05 23:49:52,381 MappingDataService::? - GetOrganismMappingListWithModel : MethodStart
INFO  2021-09-05 23:49:52,524 MappingDataService::? - GetOrganismMappingListWithModel : MethodFinish
INFO  2021-09-05 23:49:52,573 MappingDataService::? - GetWardTypeMappingListWithModel : MethodStart
INFO  2021-09-05 23:49:52,684 MappingDataService::? - GetWardTypeMappingListWithModel : MethodFinish
INFO  2021-09-05 23:50:00,993 MappingDataService::? - GetWardTypeMappingData : MethodStart
INFO  2021-09-05 23:50:01,100 MappingDataService::? - GetWardTypeMappingData : MethodFinish
INFO  2021-09-05 23:50:03,412 MappingDataService::? - GetWardTypeMappingData : MethodStart
INFO  2021-09-05 23:50:03,524 MappingDataService::? - GetWardTypeMappingData : MethodFinish
INFO  2021-09-05 23:50:04,603 MappingDataService::? - GetWardTypeMappingDataWithModel : MethodStart
INFO  2021-09-05 23:50:04,717 MappingDataService::? - GetWardTypeMappingDataWithModel : MethodFinish
INFO  2021-09-05 23:50:04,752 MappingDataService::? - SaveWardTypeMappingData : MethodStart
INFO  2021-09-05 23:50:05,011 MappingDataService::? - SaveWardTypeMappingData : MethodFinish
INFO  2021-09-05 23:50:05,202 MappingDataService::? - GetMappingDataById : MethodStart
INFO  2021-09-05 23:50:05,307 MappingDataService::? - GetMappingDataById : MethodFinish
INFO  2021-09-05 23:50:05,353 MappingDataService::? - GetWHONetMappingListWithModel : MethodStart
INFO  2021-09-05 23:50:05,464 MappingDataService::? - GetWHONetMappingListWithModel : MethodFinish
INFO  2021-09-05 23:50:05,491 MappingDataService::? - GetSpecimenMappingListWithModel : MethodStart
INFO  2021-09-05 23:50:05,614 MappingDataService::? - GetSpecimenMappingListWithModel : MethodFinish
INFO  2021-09-05 23:50:05,653 MappingDataService::? - GetOrganismMappingListWithModel : MethodStart
INFO  2021-09-05 23:50:05,787 MappingDataService::? - GetOrganismMappingListWithModel : MethodFinish
INFO  2021-09-05 23:50:05,817 MappingDataService::? - GetWardTypeMappingListWithModel : MethodStart
INFO  2021-09-05 23:50:05,923 MappingDataService::? - GetWardTypeMappingListWithModel : MethodFinish
INFO  2021-09-05 23:50:21,727 MappingDataService::? - GetWardTypeMappingDataWithModel : MethodStart
INFO  2021-09-05 23:50:21,833 MappingDataService::? - GetWardTypeMappingDataWithModel : MethodFinish
INFO  2021-09-05 23:52:48,556 MappingDataService::? - GetMappingDataById : MethodStart
INFO  2021-09-05 23:52:48,669 MappingDataService::? - GetMappingDataById : MethodFinish
INFO  2021-09-05 23:52:48,708 MappingDataService::? - GetWHONetMappingListWithModel : MethodStart
INFO  2021-09-05 23:52:48,830 MappingDataService::? - GetWHONetMappingListWithModel : MethodFinish
INFO  2021-09-05 23:52:48,862 MappingDataService::? - GetSpecimenMappingListWithModel : MethodStart
INFO  2021-09-05 23:52:48,986 MappingDataService::? - GetSpecimenMappingListWithModel : MethodFinish
INFO  2021-09-05 23:52:49,018 MappingDataService::? - GetOrganismMappingListWithModel : MethodStart
INFO  2021-09-05 23:52:49,158 MappingDataService::? - GetOrganismMappingListWithModel : MethodFinish
INFO  2021-09-05 23:52:49,190 MappingDataService::? - GetWardTypeMappingListWithModel : MethodStart
INFO  2021-09-05 23:52:49,305 MappingDataService::? - GetWardTypeMappingListWithModel : MethodFinish
INFO  2021-09-05 23:53:07,311 MappingDataService::? - GetMappingDataById : MethodStart
INFO  2021-09-05 23:53:07,422 MappingDataService::? - GetMappingDataById : MethodFinish
INFO  2021-09-05 23:53:07,475 MappingDataService::? - GetWHONetMappingListWithModel : MethodStart
INFO  2021-09-05 23:53:07,601 MappingDataService::? - GetWHONetMappingListWithModel : MethodFinish
INFO  2021-09-05 23:53:07,633 MappingDataService::? - GetSpecimenMappingListWithModel : MethodStart
INFO  2021-09-05 23:53:07,761 MappingDataService::? - GetSpecimenMappingListWithModel : MethodFinish
INFO  2021-09-05 23:53:07,793 MappingDataService::? - GetOrganismMappingListWithModel : MethodStart
INFO  2021-09-05 23:53:08,005 MappingDataService::? - GetOrganismMappingListWithModel : MethodFinish
INFO  2021-09-05 23:53:08,080 MappingDataService::? - GetWardTypeMappingListWithModel : MethodStart
INFO  2021-09-05 23:53:08,192 MappingDataService::? - GetWardTypeMappingListWithModel : MethodFinish
