INFO  2021-09-25 23:35:36,612 MappingDataService::? - GetMappingList : MethodStart
INFO  2021-09-25 23:35:38,648 MappingDataService::? - GetMappingList : MethodFinish
INFO  2021-09-25 23:36:04,022 MappingDataService::? - GetMappingList : MethodStart
INFO  2021-09-25 23:36:04,051 MappingDataService::? - GetMappingList : MethodFinish
INFO  2021-09-25 23:37:17,174 MappingDataService::? - GetMappingDataWithModel : MethodStart
INFO  2021-09-25 23:37:17,343 MappingDataService::? - GetMappingDataWithModel : MethodFinish
INFO  2021-09-25 23:37:18,606 MappingDataService::? - SaveMappingData : MethodStart
INFO  2021-09-25 23:37:19,056 MappingDataService::? - SaveMappingData : MethodFinish
INFO  2021-09-25 23:37:19,368 MappingDataService::? - GetMappingDataById : MethodStart
INFO  2021-09-25 23:37:19,454 MappingDataService::? - GetMappingDataById : MethodFinish
INFO  2021-09-25 23:37:19,563 MappingDataService::? - GetWHONetMappingListWithModel : MethodStart
INFO  2021-09-25 23:37:19,623 MappingDataService::? - GetWHONetMappingListWithModel : MethodFinish
INFO  2021-09-25 23:37:19,735 MappingDataService::? - GetSpecimenMappingListWithModel : MethodStart
INFO  2021-09-25 23:37:19,929 MappingDataService::? - GetSpecimenMappingListWithModel : MethodFinish
INFO  2021-09-25 23:37:20,090 MappingDataService::? - GetOrganismMappingListWithModel : MethodStart
INFO  2021-09-25 23:37:20,355 MappingDataService::? - GetOrganismMappingListWithModel : MethodFinish
INFO  2021-09-25 23:37:20,573 MappingDataService::? - GetWardTypeMappingListWithModel : MethodStart
INFO  2021-09-25 23:37:20,846 MappingDataService::? - GetWardTypeMappingListWithModel : MethodFinish
INFO  2021-09-25 23:38:03,955 MappingDataService::? - GetWHONetMappingDataWithModel : MethodStart
INFO  2021-09-25 23:38:03,993 MappingDataService::? - GetWHONetMappingDataWithModel : MethodFinish
INFO  2021-09-25 23:38:04,118 MappingDataService::? - SaveWHONetMappingData : MethodStart
INFO  2021-09-25 23:38:04,270 MappingDataService::? - SaveWHONetMappingData : MethodFinish
INFO  2021-09-25 23:38:04,528 MappingDataService::? - GetMappingDataById : MethodStart
INFO  2021-09-25 23:38:04,564 MappingDataService::? - GetMappingDataById : MethodFinish
INFO  2021-09-25 23:38:04,663 MappingDataService::? - GetWHONetMappingListWithModel : MethodStart
INFO  2021-09-25 23:38:04,735 MappingDataService::? - GetWHONetMappingListWithModel : MethodFinish
INFO  2021-09-25 23:38:04,825 MappingDataService::? - GetSpecimenMappingListWithModel : MethodStart
INFO  2021-09-25 23:38:04,930 MappingDataService::? - GetSpecimenMappingListWithModel : MethodFinish
INFO  2021-09-25 23:38:05,015 MappingDataService::? - GetOrganismMappingListWithModel : MethodStart
INFO  2021-09-25 23:38:05,165 MappingDataService::? - GetOrganismMappingListWithModel : MethodFinish
INFO  2021-09-25 23:38:05,259 MappingDataService::? - GetWardTypeMappingListWithModel : MethodStart
INFO  2021-09-25 23:38:05,377 MappingDataService::? - GetWardTypeMappingListWithModel : MethodFinish
INFO  2021-09-25 23:38:16,250 MappingDataService::? - GetWHONetMappingDataWithModel : MethodStart
INFO  2021-09-25 23:38:16,264 MappingDataService::? - GetWHONetMappingDataWithModel : MethodFinish
INFO  2021-09-25 23:38:16,425 MappingDataService::? - SaveWHONetMappingData : MethodStart
INFO  2021-09-25 23:38:16,462 MappingDataService::? - SaveWHONetMappingData : MethodFinish
INFO  2021-09-25 23:38:17,049 MappingDataService::? - GetMappingDataById : MethodStart
INFO  2021-09-25 23:38:17,078 MappingDataService::? - GetMappingDataById : MethodFinish
INFO  2021-09-25 23:38:17,535 MappingDataService::? - GetWHONetMappingListWithModel : MethodStart
INFO  2021-09-25 23:38:17,577 MappingDataService::? - GetWHONetMappingListWithModel : MethodFinish
INFO  2021-09-25 23:38:18,044 MappingDataService::? - GetSpecimenMappingListWithModel : MethodStart
INFO  2021-09-25 23:38:18,111 MappingDataService::? - GetSpecimenMappingListWithModel : MethodFinish
INFO  2021-09-25 23:38:18,183 MappingDataService::? - GetOrganismMappingListWithModel : MethodStart
INFO  2021-09-25 23:38:18,248 MappingDataService::? - GetOrganismMappingListWithModel : MethodFinish
INFO  2021-09-25 23:38:18,335 MappingDataService::? - GetWardTypeMappingListWithModel : MethodStart
INFO  2021-09-25 23:38:18,440 MappingDataService::? - GetWardTypeMappingListWithModel : MethodFinish
INFO  2021-09-25 23:38:26,883 MappingDataService::? - GetWHONetMappingDataWithModel : MethodStart
INFO  2021-09-25 23:38:26,894 MappingDataService::? - GetWHONetMappingDataWithModel : MethodFinish
INFO  2021-09-25 23:38:26,983 MappingDataService::? - SaveWHONetMappingData : MethodStart
INFO  2021-09-25 23:38:27,026 MappingDataService::? - SaveWHONetMappingData : MethodFinish
INFO  2021-09-25 23:38:27,353 MappingDataService::? - GetMappingDataById : MethodStart
INFO  2021-09-25 23:38:27,379 MappingDataService::? - GetMappingDataById : MethodFinish
INFO  2021-09-25 23:38:27,462 MappingDataService::? - GetWHONetMappingListWithModel : MethodStart
INFO  2021-09-25 23:38:27,504 MappingDataService::? - GetWHONetMappingListWithModel : MethodFinish
INFO  2021-09-25 23:38:27,592 MappingDataService::? - GetSpecimenMappingListWithModel : MethodStart
INFO  2021-09-25 23:38:27,665 MappingDataService::? - GetSpecimenMappingListWithModel : MethodFinish
INFO  2021-09-25 23:38:27,722 MappingDataService::? - GetOrganismMappingListWithModel : MethodStart
INFO  2021-09-25 23:38:27,804 MappingDataService::? - GetOrganismMappingListWithModel : MethodFinish
INFO  2021-09-25 23:38:27,926 MappingDataService::? - GetWardTypeMappingListWithModel : MethodStart
INFO  2021-09-25 23:38:28,022 MappingDataService::? - GetWardTypeMappingListWithModel : MethodFinish
INFO  2021-09-25 23:38:54,820 MappingDataService::? - GetWHONetMappingDataWithModel : MethodStart
INFO  2021-09-25 23:38:54,857 MappingDataService::? - GetWHONetMappingDataWithModel : MethodFinish
INFO  2021-09-25 23:38:54,934 MappingDataService::? - SaveWHONetMappingData : MethodStart
INFO  2021-09-25 23:38:54,993 MappingDataService::? - SaveWHONetMappingData : MethodFinish
INFO  2021-09-25 23:38:55,199 MappingDataService::? - GetMappingDataById : MethodStart
INFO  2021-09-25 23:38:55,230 MappingDataService::? - GetMappingDataById : MethodFinish
INFO  2021-09-25 23:38:55,400 MappingDataService::? - GetWHONetMappingListWithModel : MethodStart
INFO  2021-09-25 23:38:55,456 MappingDataService::? - GetWHONetMappingListWithModel : MethodFinish
INFO  2021-09-25 23:38:55,524 MappingDataService::? - GetSpecimenMappingListWithModel : MethodStart
INFO  2021-09-25 23:38:55,652 MappingDataService::? - GetSpecimenMappingListWithModel : MethodFinish
INFO  2021-09-25 23:38:55,750 MappingDataService::? - GetOrganismMappingListWithModel : MethodStart
INFO  2021-09-25 23:38:55,901 MappingDataService::? - GetOrganismMappingListWithModel : MethodFinish
INFO  2021-09-25 23:38:55,971 MappingDataService::? - GetWardTypeMappingListWithModel : MethodStart
INFO  2021-09-25 23:38:56,094 MappingDataService::? - GetWardTypeMappingListWithModel : MethodFinish
INFO  2021-09-25 23:39:37,749 MappingDataService::? - GetWHONetMappingDataWithModel : MethodStart
INFO  2021-09-25 23:39:37,757 MappingDataService::? - GetWHONetMappingDataWithModel : MethodFinish
INFO  2021-09-25 23:39:38,952 MappingDataService::? - SaveWHONetMappingData : MethodStart
INFO  2021-09-25 23:39:38,996 MappingDataService::? - SaveWHONetMappingData : MethodFinish
INFO  2021-09-25 23:39:42,632 MappingDataService::? - GetMappingDataById : MethodStart
INFO  2021-09-25 23:39:42,660 MappingDataService::? - GetMappingDataById : MethodFinish
INFO  2021-09-25 23:39:43,193 MappingDataService::? - GetWHONetMappingListWithModel : MethodStart
INFO  2021-09-25 23:39:43,236 MappingDataService::? - GetWHONetMappingListWithModel : MethodFinish
INFO  2021-09-25 23:39:43,342 MappingDataService::? - GetSpecimenMappingListWithModel : MethodStart
INFO  2021-09-25 23:39:43,398 MappingDataService::? - GetSpecimenMappingListWithModel : MethodFinish
INFO  2021-09-25 23:39:43,461 MappingDataService::? - GetOrganismMappingListWithModel : MethodStart
INFO  2021-09-25 23:39:43,516 MappingDataService::? - GetOrganismMappingListWithModel : MethodFinish
INFO  2021-09-25 23:39:43,594 MappingDataService::? - GetWardTypeMappingListWithModel : MethodStart
INFO  2021-09-25 23:39:43,698 MappingDataService::? - GetWardTypeMappingListWithModel : MethodFinish
INFO  2021-09-25 23:40:02,001 MappingDataService::? - GetWHONetMappingDataWithModel : MethodStart
INFO  2021-09-25 23:40:02,034 MappingDataService::? - GetWHONetMappingDataWithModel : MethodFinish
INFO  2021-09-25 23:40:02,116 MappingDataService::? - SaveWHONetMappingData : MethodStart
INFO  2021-09-25 23:40:02,185 MappingDataService::? - SaveWHONetMappingData : MethodFinish
INFO  2021-09-25 23:40:02,385 MappingDataService::? - GetMappingDataById : MethodStart
INFO  2021-09-25 23:40:02,421 MappingDataService::? - GetMappingDataById : MethodFinish
INFO  2021-09-25 23:40:02,639 MappingDataService::? - GetWHONetMappingListWithModel : MethodStart
INFO  2021-09-25 23:40:02,709 MappingDataService::? - GetWHONetMappingListWithModel : MethodFinish
INFO  2021-09-25 23:40:03,165 MappingDataService::? - GetSpecimenMappingListWithModel : MethodStart
INFO  2021-09-25 23:40:03,284 MappingDataService::? - GetSpecimenMappingListWithModel : MethodFinish
INFO  2021-09-25 23:40:03,688 MappingDataService::? - GetOrganismMappingListWithModel : MethodStart
INFO  2021-09-25 23:40:03,831 MappingDataService::? - GetOrganismMappingListWithModel : MethodFinish
INFO  2021-09-25 23:40:04,265 MappingDataService::? - GetWardTypeMappingListWithModel : MethodStart
INFO  2021-09-25 23:40:04,362 MappingDataService::? - GetWardTypeMappingListWithModel : MethodFinish
INFO  2021-09-25 23:40:30,731 MappingDataService::? - GetWHONetMappingDataWithModel : MethodStart
INFO  2021-09-25 23:40:30,742 MappingDataService::? - GetWHONetMappingDataWithModel : MethodFinish
INFO  2021-09-25 23:40:32,403 MappingDataService::? - SaveWHONetMappingData : MethodStart
INFO  2021-09-25 23:40:32,443 MappingDataService::? - SaveWHONetMappingData : MethodFinish
INFO  2021-09-25 23:40:33,118 MappingDataService::? - GetMappingDataById : MethodStart
INFO  2021-09-25 23:40:33,148 MappingDataService::? - GetMappingDataById : MethodFinish
INFO  2021-09-25 23:40:33,225 MappingDataService::? - GetWHONetMappingListWithModel : MethodStart
INFO  2021-09-25 23:40:33,261 MappingDataService::? - GetWHONetMappingListWithModel : MethodFinish
INFO  2021-09-25 23:40:33,338 MappingDataService::? - GetSpecimenMappingListWithModel : MethodStart
INFO  2021-09-25 23:40:33,395 MappingDataService::? - GetSpecimenMappingListWithModel : MethodFinish
INFO  2021-09-25 23:40:33,472 MappingDataService::? - GetOrganismMappingListWithModel : MethodStart
INFO  2021-09-25 23:40:33,532 MappingDataService::? - GetOrganismMappingListWithModel : MethodFinish
INFO  2021-09-25 23:40:33,601 MappingDataService::? - GetWardTypeMappingListWithModel : MethodStart
INFO  2021-09-25 23:40:33,683 MappingDataService::? - GetWardTypeMappingListWithModel : MethodFinish
INFO  2021-09-25 23:40:59,064 MappingDataService::? - GetWHONetMappingDataWithModel : MethodStart
INFO  2021-09-25 23:40:59,107 MappingDataService::? - GetWHONetMappingDataWithModel : MethodFinish
INFO  2021-09-25 23:40:59,805 MappingDataService::? - SaveWHONetMappingData : MethodStart
INFO  2021-09-25 23:41:00,284 MappingDataService::? - SaveWHONetMappingData : MethodFinish
INFO  2021-09-25 23:41:01,273 MappingDataService::? - GetMappingDataById : MethodStart
INFO  2021-09-25 23:41:01,363 MappingDataService::? - GetMappingDataById : MethodFinish
INFO  2021-09-25 23:41:01,474 MappingDataService::? - GetWHONetMappingListWithModel : MethodStart
INFO  2021-09-25 23:41:01,735 MappingDataService::? - GetWHONetMappingListWithModel : MethodFinish
INFO  2021-09-25 23:41:01,820 MappingDataService::? - GetSpecimenMappingListWithModel : MethodStart
INFO  2021-09-25 23:41:02,068 MappingDataService::? - GetSpecimenMappingListWithModel : MethodFinish
INFO  2021-09-25 23:41:02,147 MappingDataService::? - GetOrganismMappingListWithModel : MethodStart
INFO  2021-09-25 23:41:02,343 MappingDataService::? - GetOrganismMappingListWithModel : MethodFinish
INFO  2021-09-25 23:41:02,468 MappingDataService::? - GetWardTypeMappingListWithModel : MethodStart
INFO  2021-09-25 23:41:02,588 MappingDataService::? - GetWardTypeMappingListWithModel : MethodFinish
INFO  2021-09-25 23:41:18,822 MappingDataService::? - GetWHONetMappingDataWithModel : MethodStart
INFO  2021-09-25 23:41:18,839 MappingDataService::? - GetWHONetMappingDataWithModel : MethodFinish
INFO  2021-09-25 23:41:18,925 MappingDataService::? - SaveWHONetMappingData : MethodStart
INFO  2021-09-25 23:41:18,967 MappingDataService::? - SaveWHONetMappingData : MethodFinish
INFO  2021-09-25 23:41:19,130 MappingDataService::? - GetMappingDataById : MethodStart
INFO  2021-09-25 23:41:19,156 MappingDataService::? - GetMappingDataById : MethodFinish
INFO  2021-09-25 23:41:19,277 MappingDataService::? - GetWHONetMappingListWithModel : MethodStart
INFO  2021-09-25 23:41:19,330 MappingDataService::? - GetWHONetMappingListWithModel : MethodFinish
INFO  2021-09-25 23:41:19,419 MappingDataService::? - GetSpecimenMappingListWithModel : MethodStart
INFO  2021-09-25 23:41:19,489 MappingDataService::? - GetSpecimenMappingListWithModel : MethodFinish
INFO  2021-09-25 23:41:19,560 MappingDataService::? - GetOrganismMappingListWithModel : MethodStart
INFO  2021-09-25 23:41:19,616 MappingDataService::? - GetOrganismMappingListWithModel : MethodFinish
INFO  2021-09-25 23:41:19,691 MappingDataService::? - GetWardTypeMappingListWithModel : MethodStart
INFO  2021-09-25 23:41:19,766 MappingDataService::? - GetWardTypeMappingListWithModel : MethodFinish
INFO  2021-09-25 23:41:40,427 MappingDataService::? - GetWHONetMappingDataWithModel : MethodStart
INFO  2021-09-25 23:41:40,439 MappingDataService::? - GetWHONetMappingDataWithModel : MethodFinish
INFO  2021-09-25 23:41:40,538 MappingDataService::? - SaveWHONetMappingData : MethodStart
INFO  2021-09-25 23:41:40,569 MappingDataService::? - SaveWHONetMappingData : MethodFinish
INFO  2021-09-25 23:41:40,798 MappingDataService::? - GetMappingDataById : MethodStart
INFO  2021-09-25 23:41:40,824 MappingDataService::? - GetMappingDataById : MethodFinish
INFO  2021-09-25 23:41:41,251 MappingDataService::? - GetWHONetMappingListWithModel : MethodStart
INFO  2021-09-25 23:41:41,289 MappingDataService::? - GetWHONetMappingListWithModel : MethodFinish
INFO  2021-09-25 23:41:41,691 MappingDataService::? - GetSpecimenMappingListWithModel : MethodStart
INFO  2021-09-25 23:41:41,755 MappingDataService::? - GetSpecimenMappingListWithModel : MethodFinish
INFO  2021-09-25 23:41:42,050 MappingDataService::? - GetOrganismMappingListWithModel : MethodStart
INFO  2021-09-25 23:41:42,096 MappingDataService::? - GetOrganismMappingListWithModel : MethodFinish
INFO  2021-09-25 23:41:42,485 MappingDataService::? - GetWardTypeMappingListWithModel : MethodStart
INFO  2021-09-25 23:41:42,574 MappingDataService::? - GetWardTypeMappingListWithModel : MethodFinish
INFO  2021-09-25 23:41:58,243 MappingDataService::? - GetWHONetMappingDataWithModel : MethodStart
INFO  2021-09-25 23:41:58,250 MappingDataService::? - GetWHONetMappingDataWithModel : MethodFinish
INFO  2021-09-25 23:41:58,577 MappingDataService::? - SaveWHONetMappingData : MethodStart
INFO  2021-09-25 23:41:58,610 MappingDataService::? - SaveWHONetMappingData : MethodFinish
INFO  2021-09-25 23:42:00,120 MappingDataService::? - GetMappingDataById : MethodStart
INFO  2021-09-25 23:42:00,147 MappingDataService::? - GetMappingDataById : MethodFinish
INFO  2021-09-25 23:42:01,483 MappingDataService::? - GetWHONetMappingListWithModel : MethodStart
INFO  2021-09-25 23:42:01,535 MappingDataService::? - GetWHONetMappingListWithModel : MethodFinish
INFO  2021-09-25 23:42:02,027 MappingDataService::? - GetSpecimenMappingListWithModel : MethodStart
INFO  2021-09-25 23:42:02,095 MappingDataService::? - GetSpecimenMappingListWithModel : MethodFinish
INFO  2021-09-25 23:42:02,166 MappingDataService::? - GetOrganismMappingListWithModel : MethodStart
INFO  2021-09-25 23:42:02,212 MappingDataService::? - GetOrganismMappingListWithModel : MethodFinish
INFO  2021-09-25 23:42:02,283 MappingDataService::? - GetWardTypeMappingListWithModel : MethodStart
INFO  2021-09-25 23:42:02,361 MappingDataService::? - GetWardTypeMappingListWithModel : MethodFinish
INFO  2021-09-25 23:42:24,043 MappingDataService::? - GetSpecimenMappingDataWithModel : MethodStart
INFO  2021-09-25 23:42:24,166 MappingDataService::? - GetSpecimenMappingDataWithModel : MethodFinish
INFO  2021-09-25 23:42:24,298 MappingDataService::? - SaveSpecimenMappingData : MethodStart
INFO  2021-09-25 23:42:24,426 MappingDataService::? - SaveSpecimenMappingData : MethodFinish
INFO  2021-09-25 23:42:24,632 MappingDataService::? - GetMappingDataById : MethodStart
INFO  2021-09-25 23:42:24,665 MappingDataService::? - GetMappingDataById : MethodFinish
INFO  2021-09-25 23:42:24,771 MappingDataService::? - GetWHONetMappingListWithModel : MethodStart
INFO  2021-09-25 23:42:24,826 MappingDataService::? - GetWHONetMappingListWithModel : MethodFinish
INFO  2021-09-25 23:42:24,890 MappingDataService::? - GetSpecimenMappingListWithModel : MethodStart
INFO  2021-09-25 23:42:24,986 MappingDataService::? - GetSpecimenMappingListWithModel : MethodFinish
INFO  2021-09-25 23:42:25,076 MappingDataService::? - GetOrganismMappingListWithModel : MethodStart
INFO  2021-09-25 23:42:25,243 MappingDataService::? - GetOrganismMappingListWithModel : MethodFinish
INFO  2021-09-25 23:42:25,334 MappingDataService::? - GetWardTypeMappingListWithModel : MethodStart
INFO  2021-09-25 23:42:25,426 MappingDataService::? - GetWardTypeMappingListWithModel : MethodFinish
INFO  2021-09-25 23:42:33,299 MappingDataService::? - GetWardTypeMappingDataWithModel : MethodStart
INFO  2021-09-25 23:42:33,439 MappingDataService::? - GetWardTypeMappingDataWithModel : MethodFinish
INFO  2021-09-25 23:42:33,527 MappingDataService::? - SaveWardTypeMappingData : MethodStart
INFO  2021-09-25 23:42:33,644 MappingDataService::? - SaveWardTypeMappingData : MethodFinish
INFO  2021-09-25 23:42:33,880 MappingDataService::? - GetMappingDataById : MethodStart
INFO  2021-09-25 23:42:33,913 MappingDataService::? - GetMappingDataById : MethodFinish
INFO  2021-09-25 23:42:34,026 MappingDataService::? - GetWHONetMappingListWithModel : MethodStart
INFO  2021-09-25 23:42:34,061 MappingDataService::? - GetWHONetMappingListWithModel : MethodFinish
INFO  2021-09-25 23:42:34,147 MappingDataService::? - GetSpecimenMappingListWithModel : MethodStart
INFO  2021-09-25 23:42:34,215 MappingDataService::? - GetSpecimenMappingListWithModel : MethodFinish
INFO  2021-09-25 23:42:34,288 MappingDataService::? - GetOrganismMappingListWithModel : MethodStart
INFO  2021-09-25 23:42:34,341 MappingDataService::? - GetOrganismMappingListWithModel : MethodFinish
INFO  2021-09-25 23:42:34,407 MappingDataService::? - GetWardTypeMappingListWithModel : MethodStart
INFO  2021-09-25 23:42:34,496 MappingDataService::? - GetWardTypeMappingListWithModel : MethodFinish
INFO  2021-09-25 23:42:47,128 MappingDataService::? - SaveMappingData : MethodStart
INFO  2021-09-25 23:42:47,191 MappingDataService::? - SaveMappingData : MethodFinish
INFO  2021-09-25 23:42:47,364 MappingDataService::? - GetMappingDataById : MethodStart
INFO  2021-09-25 23:42:47,396 MappingDataService::? - GetMappingDataById : MethodFinish
INFO  2021-09-25 23:42:47,481 MappingDataService::? - GetWHONetMappingListWithModel : MethodStart
INFO  2021-09-25 23:42:47,510 MappingDataService::? - GetWHONetMappingListWithModel : MethodFinish
INFO  2021-09-25 23:42:47,591 MappingDataService::? - GetSpecimenMappingListWithModel : MethodStart
INFO  2021-09-25 23:42:47,657 MappingDataService::? - GetSpecimenMappingListWithModel : MethodFinish
INFO  2021-09-25 23:42:47,738 MappingDataService::? - GetOrganismMappingListWithModel : MethodStart
INFO  2021-09-25 23:42:47,781 MappingDataService::? - GetOrganismMappingListWithModel : MethodFinish
INFO  2021-09-25 23:42:47,846 MappingDataService::? - GetWardTypeMappingListWithModel : MethodStart
INFO  2021-09-25 23:42:47,941 MappingDataService::? - GetWardTypeMappingListWithModel : MethodFinish
INFO  2021-09-25 23:43:48,062 MappingDataService::? - GetMappingDataActiveWithModel : MethodStart
INFO  2021-09-25 23:43:48,167 MappingDataService::? - GetMappingDataActiveWithModel : MethodFinish
