INFO  2021-09-04 23:33:19,104 MappingDataService::? - GetMappingList : MethodStart
INFO  2021-09-04 23:33:21,326 MappingDataService::? - GetMappingList : MethodFinish
INFO  2021-09-04 23:33:31,271 MappingDataService::? - GetMappingDataById : MethodStart
INFO  2021-09-04 23:33:31,491 MappingDataService::? - GetMappingDataById : MethodFinish
INFO  2021-09-04 23:33:31,570 MappingDataService::? - GetWHONetMappingListWithModel : MethodStart
INFO  2021-09-04 23:33:31,788 MappingDataService::? - GetWHONetMappingListWithModel : MethodFinish
INFO  2021-09-04 23:33:31,851 MappingDataService::? - GetSpecimenMappingListWithModel : MethodStart
INFO  2021-09-04 23:33:32,021 MappingDataService::? - GetSpecimenMappingListWithModel : MethodFinish
INFO  2021-09-04 23:33:32,084 MappingDataService::? - GetOrganismMappingListWithModel : MethodStart
INFO  2021-09-04 23:33:32,467 MappingDataService::? - GetOrganismMappingListWithModel : MethodFinish
INFO  2021-09-04 23:33:32,558 MappingDataService::? - GetWardTypeMappingListWithModel : MethodStart
INFO  2021-09-04 23:33:32,684 MappingDataService::? - GetWardTypeMappingListWithModel : MethodFinish
INFO  2021-09-04 23:35:35,382 MappingDataService::? - GetWardTypeMappingData : MethodStart
INFO  2021-09-04 23:35:35,636 MappingDataService::? - GetWardTypeMappingData : MethodFinish
INFO  2021-09-04 23:35:50,305 MappingDataService::? - GetWardTypeMappingDataWithModel : MethodStart
INFO  2021-09-04 23:35:53,667 MappingDataService::? - GetWardTypeMappingDataWithModel : MethodFinish
INFO  2021-09-04 23:35:53,728 MappingDataService::? - SaveWardTypeMappingData : MethodStart
INFO  2021-09-04 23:35:54,300 MappingDataService::? - SaveWardTypeMappingData : MethodFinish
INFO  2021-09-04 23:35:54,950 MappingDataService::? - GetMappingDataById : MethodStart
INFO  2021-09-04 23:35:55,116 MappingDataService::? - GetMappingDataById : MethodFinish
INFO  2021-09-04 23:35:55,179 MappingDataService::? - GetWHONetMappingListWithModel : MethodStart
INFO  2021-09-04 23:35:55,310 MappingDataService::? - GetWHONetMappingListWithModel : MethodFinish
INFO  2021-09-04 23:35:55,347 MappingDataService::? - GetSpecimenMappingListWithModel : MethodStart
INFO  2021-09-04 23:35:55,473 MappingDataService::? - GetSpecimenMappingListWithModel : MethodFinish
INFO  2021-09-04 23:35:55,513 MappingDataService::? - GetOrganismMappingListWithModel : MethodStart
INFO  2021-09-04 23:35:55,689 MappingDataService::? - GetOrganismMappingListWithModel : MethodFinish
INFO  2021-09-04 23:35:55,741 MappingDataService::? - GetWardTypeMappingListWithModel : MethodStart
INFO  2021-09-04 23:35:55,853 MappingDataService::? - GetWardTypeMappingListWithModel : MethodFinish
INFO  2021-09-04 23:36:05,871 MappingDataService::? - GetWardTypeMappingDataWithModel : MethodStart
INFO  2021-09-04 23:36:05,997 MappingDataService::? - GetWardTypeMappingDataWithModel : MethodFinish
INFO  2021-09-04 23:36:06,062 MappingDataService::? - SaveWardTypeMappingData : MethodStart
INFO  2021-09-04 23:36:06,329 MappingDataService::? - SaveWardTypeMappingData : MethodFinish
INFO  2021-09-04 23:36:06,564 MappingDataService::? - GetMappingDataById : MethodStart
INFO  2021-09-04 23:36:06,674 MappingDataService::? - GetMappingDataById : MethodFinish
INFO  2021-09-04 23:36:06,741 MappingDataService::? - GetWHONetMappingListWithModel : MethodStart
INFO  2021-09-04 23:36:06,874 MappingDataService::? - GetWHONetMappingListWithModel : MethodFinish
INFO  2021-09-04 23:36:06,930 MappingDataService::? - GetSpecimenMappingListWithModel : MethodStart
INFO  2021-09-04 23:36:07,058 MappingDataService::? - GetSpecimenMappingListWithModel : MethodFinish
INFO  2021-09-04 23:36:07,116 MappingDataService::? - GetOrganismMappingListWithModel : MethodStart
INFO  2021-09-04 23:36:07,275 MappingDataService::? - GetOrganismMappingListWithModel : MethodFinish
INFO  2021-09-04 23:36:07,328 MappingDataService::? - GetWardTypeMappingListWithModel : MethodStart
INFO  2021-09-04 23:36:07,440 MappingDataService::? - GetWardTypeMappingListWithModel : MethodFinish
INFO  2021-09-04 23:36:18,531 MappingDataService::? - GetWardTypeMappingDataWithModel : MethodStart
INFO  2021-09-04 23:36:18,656 MappingDataService::? - GetWardTypeMappingDataWithModel : MethodFinish
INFO  2021-09-04 23:36:24,952 MappingDataService::? - SaveMappingData : MethodStart
INFO  2021-09-04 23:36:25,273 MappingDataService::? - SaveMappingData : MethodFinish
INFO  2021-09-04 23:36:25,491 MappingDataService::? - GetMappingDataById : MethodStart
INFO  2021-09-04 23:36:25,725 MappingDataService::? - GetMappingDataById : MethodFinish
INFO  2021-09-04 23:36:25,767 MappingDataService::? - GetWHONetMappingListWithModel : MethodStart
INFO  2021-09-04 23:36:26,183 MappingDataService::? - GetWHONetMappingListWithModel : MethodFinish
INFO  2021-09-04 23:36:26,221 MappingDataService::? - GetSpecimenMappingListWithModel : MethodStart
INFO  2021-09-04 23:36:26,347 MappingDataService::? - GetSpecimenMappingListWithModel : MethodFinish
INFO  2021-09-04 23:36:26,413 MappingDataService::? - GetOrganismMappingListWithModel : MethodStart
INFO  2021-09-04 23:36:26,591 MappingDataService::? - GetOrganismMappingListWithModel : MethodFinish
INFO  2021-09-04 23:36:26,685 MappingDataService::? - GetWardTypeMappingListWithModel : MethodStart
INFO  2021-09-04 23:36:26,801 MappingDataService::? - GetWardTypeMappingListWithModel : MethodFinish
INFO  2021-09-04 23:37:55,296 MappingDataService::? - GetMappingDataActiveWithModel : MethodStart
INFO  2021-09-04 23:37:55,493 MappingDataService::? - GetMappingDataActiveWithModel : MethodFinish
INFO  2021-09-04 23:38:05,177 MappingDataService::? - GetMappingList : MethodStart
INFO  2021-09-04 23:38:05,319 MappingDataService::? - GetMappingList : MethodFinish
INFO  2021-09-04 23:39:20,901 MappingDataService::? - GetMappingDataActiveWithModel : MethodStart
INFO  2021-09-04 23:39:21,017 MappingDataService::? - GetMappingDataActiveWithModel : MethodFinish
INFO  2021-09-04 23:46:18,749 MappingDataService::? - GetMappingDataActiveWithModel : MethodStart
INFO  2021-09-04 23:50:09,932 MappingDataService::? - GetMappingDataActiveWithModel : MethodFinish
INFO  2021-09-04 23:51:09,386 MappingDataService::? - GetMappingDataActiveWithModel : MethodStart
INFO  2021-09-04 23:51:19,744 MappingDataService::? - GetMappingDataActiveWithModel : MethodFinish
