INFO  2021-11-02 17:06:31,688 MappingDataService::? - GetMappingDataById : MethodStart
INFO  2021-11-02 17:06:33,110 MappingDataService::? - GetMappingDataById : MethodFinish
INFO  2021-11-02 17:06:33,192 MappingDataService::? - GetWHONetMappingListWithModel : MethodStart
INFO  2021-11-02 17:06:33,365 MappingDataService::? - GetWHONetMappingListWithModel : MethodFinish
INFO  2021-11-02 17:06:33,442 MappingDataService::? - GetSpecimenMappingListWithModel : MethodStart
INFO  2021-11-02 17:06:33,743 MappingDataService::? - GetSpecimenMappingListWithModel : MethodFinish
INFO  2021-11-02 17:06:33,795 MappingDataService::? - GetOrganismMappingListWithModel : MethodStart
INFO  2021-11-02 17:06:34,242 MappingDataService::? - GetOrganismMappingListWithModel : MethodFinish
INFO  2021-11-02 17:06:34,289 MappingDataService::? - GetWardTypeMappingListWithModel : MethodStart
INFO  2021-11-02 17:06:34,453 MappingDataService::? - GetWardTypeMappingListWithModel : MethodFinish
INFO  2021-11-02 17:08:29,773 MappingDataService::? - GetWHONetMappingDataWithModel : MethodStart
INFO  2021-11-02 17:08:29,922 MappingDataService::? - GetWHONetMappingDataWithModel : MethodFinish
INFO  2021-11-02 17:08:29,982 MappingDataService::? - SaveWHONetMappingData : MethodStart
INFO  2021-11-02 17:08:30,488 MappingDataService::? - SaveWHONetMappingData : MethodFinish
INFO  2021-11-02 17:08:38,828 MappingDataService::? - GetMappingDataById : MethodStart
INFO  2021-11-02 17:08:38,933 MappingDataService::? - GetMappingDataById : MethodFinish
INFO  2021-11-02 17:08:38,980 MappingDataService::? - GetWHONetMappingListWithModel : MethodStart
INFO  2021-11-02 17:08:39,092 MappingDataService::? - GetWHONetMappingListWithModel : MethodFinish
INFO  2021-11-02 17:08:39,133 MappingDataService::? - GetSpecimenMappingListWithModel : MethodStart
INFO  2021-11-02 17:08:39,256 MappingDataService::? - GetSpecimenMappingListWithModel : MethodFinish
INFO  2021-11-02 17:08:39,297 MappingDataService::? - GetOrganismMappingListWithModel : MethodStart
INFO  2021-11-02 17:08:39,438 MappingDataService::? - GetOrganismMappingListWithModel : MethodFinish
INFO  2021-11-02 17:08:39,501 MappingDataService::? - GetWardTypeMappingListWithModel : MethodStart
INFO  2021-11-02 17:08:39,621 MappingDataService::? - GetWardTypeMappingListWithModel : MethodFinish
INFO  2021-11-02 17:09:01,582 MappingDataService::? - GetWHONetMappingDataWithModel : MethodStart
INFO  2021-11-02 17:09:01,687 MappingDataService::? - GetWHONetMappingDataWithModel : MethodFinish
INFO  2021-11-02 17:09:01,735 MappingDataService::? - SaveWHONetMappingData : MethodStart
INFO  2021-11-02 17:09:02,005 MappingDataService::? - SaveWHONetMappingData : MethodFinish
INFO  2021-11-02 17:09:02,292 MappingDataService::? - GetMappingDataById : MethodStart
INFO  2021-11-02 17:09:02,405 MappingDataService::? - GetMappingDataById : MethodFinish
INFO  2021-11-02 17:09:02,442 MappingDataService::? - GetWHONetMappingListWithModel : MethodStart
INFO  2021-11-02 17:09:02,558 MappingDataService::? - GetWHONetMappingListWithModel : MethodFinish
INFO  2021-11-02 17:09:02,597 MappingDataService::? - GetSpecimenMappingListWithModel : MethodStart
INFO  2021-11-02 17:09:02,720 MappingDataService::? - GetSpecimenMappingListWithModel : MethodFinish
INFO  2021-11-02 17:09:02,765 MappingDataService::? - GetOrganismMappingListWithModel : MethodStart
INFO  2021-11-02 17:09:02,925 MappingDataService::? - GetOrganismMappingListWithModel : MethodFinish
INFO  2021-11-02 17:09:02,966 MappingDataService::? - GetWardTypeMappingListWithModel : MethodStart
INFO  2021-11-02 17:09:03,084 MappingDataService::? - GetWardTypeMappingListWithModel : MethodFinish
INFO  2021-11-02 17:09:11,278 MappingDataService::? - GetWHONetMappingDataWithModel : MethodStart
INFO  2021-11-02 17:09:11,397 MappingDataService::? - GetWHONetMappingDataWithModel : MethodFinish
INFO  2021-11-02 17:09:11,443 MappingDataService::? - SaveWHONetMappingData : MethodStart
INFO  2021-11-02 17:09:11,722 MappingDataService::? - SaveWHONetMappingData : MethodFinish
INFO  2021-11-02 17:09:11,902 MappingDataService::? - GetMappingDataById : MethodStart
INFO  2021-11-02 17:09:12,030 MappingDataService::? - GetMappingDataById : MethodFinish
INFO  2021-11-02 17:09:12,071 MappingDataService::? - GetWHONetMappingListWithModel : MethodStart
INFO  2021-11-02 17:09:12,185 MappingDataService::? - GetWHONetMappingListWithModel : MethodFinish
INFO  2021-11-02 17:09:12,229 MappingDataService::? - GetSpecimenMappingListWithModel : MethodStart
INFO  2021-11-02 17:09:12,346 MappingDataService::? - GetSpecimenMappingListWithModel : MethodFinish
INFO  2021-11-02 17:09:12,393 MappingDataService::? - GetOrganismMappingListWithModel : MethodStart
INFO  2021-11-02 17:09:12,527 MappingDataService::? - GetOrganismMappingListWithModel : MethodFinish
INFO  2021-11-02 17:09:12,570 MappingDataService::? - GetWardTypeMappingListWithModel : MethodStart
INFO  2021-11-02 17:09:12,686 MappingDataService::? - GetWardTypeMappingListWithModel : MethodFinish
INFO  2021-11-02 17:09:43,523 MappingDataService::? - GetWHONetMappingDataWithModel : MethodStart
INFO  2021-11-02 17:09:43,629 MappingDataService::? - GetWHONetMappingDataWithModel : MethodFinish
INFO  2021-11-02 17:09:43,675 MappingDataService::? - SaveWHONetMappingData : MethodStart
INFO  2021-11-02 17:09:43,944 MappingDataService::? - SaveWHONetMappingData : MethodFinish
INFO  2021-11-02 17:09:44,151 MappingDataService::? - GetMappingDataById : MethodStart
INFO  2021-11-02 17:09:44,267 MappingDataService::? - GetMappingDataById : MethodFinish
INFO  2021-11-02 17:09:44,308 MappingDataService::? - GetWHONetMappingListWithModel : MethodStart
INFO  2021-11-02 17:09:44,419 MappingDataService::? - GetWHONetMappingListWithModel : MethodFinish
INFO  2021-11-02 17:09:44,464 MappingDataService::? - GetSpecimenMappingListWithModel : MethodStart
INFO  2021-11-02 17:09:44,587 MappingDataService::? - GetSpecimenMappingListWithModel : MethodFinish
INFO  2021-11-02 17:09:44,686 MappingDataService::? - GetOrganismMappingListWithModel : MethodStart
INFO  2021-11-02 17:09:44,834 MappingDataService::? - GetOrganismMappingListWithModel : MethodFinish
INFO  2021-11-02 17:09:44,870 MappingDataService::? - GetWardTypeMappingListWithModel : MethodStart
INFO  2021-11-02 17:09:44,987 MappingDataService::? - GetWardTypeMappingListWithModel : MethodFinish
INFO  2021-11-02 17:09:55,231 MappingDataService::? - GetWHONetMappingDataWithModel : MethodStart
INFO  2021-11-02 17:09:55,340 MappingDataService::? - GetWHONetMappingDataWithModel : MethodFinish
INFO  2021-11-02 17:09:55,401 MappingDataService::? - SaveWHONetMappingData : MethodStart
INFO  2021-11-02 17:09:55,663 MappingDataService::? - SaveWHONetMappingData : MethodFinish
INFO  2021-11-02 17:09:55,874 MappingDataService::? - GetMappingDataById : MethodStart
INFO  2021-11-02 17:09:55,987 MappingDataService::? - GetMappingDataById : MethodFinish
INFO  2021-11-02 17:09:56,092 MappingDataService::? - GetWHONetMappingListWithModel : MethodStart
INFO  2021-11-02 17:09:56,214 MappingDataService::? - GetWHONetMappingListWithModel : MethodFinish
INFO  2021-11-02 17:09:56,258 MappingDataService::? - GetSpecimenMappingListWithModel : MethodStart
INFO  2021-11-02 17:09:56,379 MappingDataService::? - GetSpecimenMappingListWithModel : MethodFinish
INFO  2021-11-02 17:09:56,422 MappingDataService::? - GetOrganismMappingListWithModel : MethodStart
INFO  2021-11-02 17:09:56,558 MappingDataService::? - GetOrganismMappingListWithModel : MethodFinish
INFO  2021-11-02 17:09:56,603 MappingDataService::? - GetWardTypeMappingListWithModel : MethodStart
INFO  2021-11-02 17:09:56,717 MappingDataService::? - GetWardTypeMappingListWithModel : MethodFinish
INFO  2021-11-02 17:10:05,181 MappingDataService::? - GetWHONetMappingDataWithModel : MethodStart
INFO  2021-11-02 17:10:05,288 MappingDataService::? - GetWHONetMappingDataWithModel : MethodFinish
INFO  2021-11-02 17:10:05,325 MappingDataService::? - SaveWHONetMappingData : MethodStart
INFO  2021-11-02 17:10:05,603 MappingDataService::? - SaveWHONetMappingData : MethodFinish
INFO  2021-11-02 17:10:05,790 MappingDataService::? - GetMappingDataById : MethodStart
INFO  2021-11-02 17:10:05,901 MappingDataService::? - GetMappingDataById : MethodFinish
INFO  2021-11-02 17:10:05,946 MappingDataService::? - GetWHONetMappingListWithModel : MethodStart
INFO  2021-11-02 17:10:06,058 MappingDataService::? - GetWHONetMappingListWithModel : MethodFinish
INFO  2021-11-02 17:10:06,097 MappingDataService::? - GetSpecimenMappingListWithModel : MethodStart
INFO  2021-11-02 17:10:06,218 MappingDataService::? - GetSpecimenMappingListWithModel : MethodFinish
INFO  2021-11-02 17:10:06,263 MappingDataService::? - GetOrganismMappingListWithModel : MethodStart
INFO  2021-11-02 17:10:06,399 MappingDataService::? - GetOrganismMappingListWithModel : MethodFinish
INFO  2021-11-02 17:10:06,436 MappingDataService::? - GetWardTypeMappingListWithModel : MethodStart
INFO  2021-11-02 17:10:06,547 MappingDataService::? - GetWardTypeMappingListWithModel : MethodFinish
INFO  2021-11-02 17:10:49,135 MappingDataService::? - GetWHONetMappingDataWithModel : MethodStart
INFO  2021-11-02 17:10:49,235 MappingDataService::? - GetWHONetMappingDataWithModel : MethodFinish
INFO  2021-11-02 17:10:49,278 MappingDataService::? - SaveWHONetMappingData : MethodStart
INFO  2021-11-02 17:10:49,525 MappingDataService::? - SaveWHONetMappingData : MethodFinish
INFO  2021-11-02 17:10:49,770 MappingDataService::? - GetMappingDataById : MethodStart
INFO  2021-11-02 17:10:49,880 MappingDataService::? - GetMappingDataById : MethodFinish
INFO  2021-11-02 17:10:49,939 MappingDataService::? - GetWHONetMappingListWithModel : MethodStart
INFO  2021-11-02 17:10:50,058 MappingDataService::? - GetWHONetMappingListWithModel : MethodFinish
INFO  2021-11-02 17:10:50,102 MappingDataService::? - GetSpecimenMappingListWithModel : MethodStart
INFO  2021-11-02 17:10:50,225 MappingDataService::? - GetSpecimenMappingListWithModel : MethodFinish
INFO  2021-11-02 17:10:50,287 MappingDataService::? - GetOrganismMappingListWithModel : MethodStart
INFO  2021-11-02 17:10:50,421 MappingDataService::? - GetOrganismMappingListWithModel : MethodFinish
INFO  2021-11-02 17:10:50,468 MappingDataService::? - GetWardTypeMappingListWithModel : MethodStart
INFO  2021-11-02 17:10:50,590 MappingDataService::? - GetWardTypeMappingListWithModel : MethodFinish
INFO  2021-11-02 17:10:59,737 MappingDataService::? - GetWHONetMappingDataWithModel : MethodStart
INFO  2021-11-02 17:10:59,850 MappingDataService::? - GetWHONetMappingDataWithModel : MethodFinish
INFO  2021-11-02 17:10:59,903 MappingDataService::? - SaveWHONetMappingData : MethodStart
INFO  2021-11-02 17:11:00,173 MappingDataService::? - SaveWHONetMappingData : MethodFinish
INFO  2021-11-02 17:11:00,371 MappingDataService::? - GetMappingDataById : MethodStart
INFO  2021-11-02 17:11:00,480 MappingDataService::? - GetMappingDataById : MethodFinish
INFO  2021-11-02 17:11:00,549 MappingDataService::? - GetWHONetMappingListWithModel : MethodStart
INFO  2021-11-02 17:11:00,661 MappingDataService::? - GetWHONetMappingListWithModel : MethodFinish
INFO  2021-11-02 17:11:00,721 MappingDataService::? - GetSpecimenMappingListWithModel : MethodStart
INFO  2021-11-02 17:11:00,841 MappingDataService::? - GetSpecimenMappingListWithModel : MethodFinish
INFO  2021-11-02 17:11:00,899 MappingDataService::? - GetOrganismMappingListWithModel : MethodStart
INFO  2021-11-02 17:11:01,038 MappingDataService::? - GetOrganismMappingListWithModel : MethodFinish
INFO  2021-11-02 17:11:01,076 MappingDataService::? - GetWardTypeMappingListWithModel : MethodStart
INFO  2021-11-02 17:11:01,186 MappingDataService::? - GetWardTypeMappingListWithModel : MethodFinish
INFO  2021-11-02 17:11:12,472 MappingDataService::? - GetWHONetMappingDataWithModel : MethodStart
INFO  2021-11-02 17:11:12,580 MappingDataService::? - GetWHONetMappingDataWithModel : MethodFinish
INFO  2021-11-02 17:11:12,621 MappingDataService::? - SaveWHONetMappingData : MethodStart
INFO  2021-11-02 17:11:12,883 MappingDataService::? - SaveWHONetMappingData : MethodFinish
INFO  2021-11-02 17:11:13,086 MappingDataService::? - GetMappingDataById : MethodStart
INFO  2021-11-02 17:11:13,194 MappingDataService::? - GetMappingDataById : MethodFinish
INFO  2021-11-02 17:11:13,237 MappingDataService::? - GetWHONetMappingListWithModel : MethodStart
INFO  2021-11-02 17:11:13,366 MappingDataService::? - GetWHONetMappingListWithModel : MethodFinish
INFO  2021-11-02 17:11:13,417 MappingDataService::? - GetSpecimenMappingListWithModel : MethodStart
INFO  2021-11-02 17:11:13,554 MappingDataService::? - GetSpecimenMappingListWithModel : MethodFinish
INFO  2021-11-02 17:11:13,616 MappingDataService::? - GetOrganismMappingListWithModel : MethodStart
INFO  2021-11-02 17:11:13,763 MappingDataService::? - GetOrganismMappingListWithModel : MethodFinish
INFO  2021-11-02 17:11:13,823 MappingDataService::? - GetWardTypeMappingListWithModel : MethodStart
INFO  2021-11-02 17:11:13,977 MappingDataService::? - GetWardTypeMappingListWithModel : MethodFinish
INFO  2021-11-02 17:11:54,204 MappingDataService::? - GetWHONetMappingDataWithModel : MethodStart
INFO  2021-11-02 17:11:54,309 MappingDataService::? - GetWHONetMappingDataWithModel : MethodFinish
INFO  2021-11-02 17:11:54,375 MappingDataService::? - SaveWHONetMappingData : MethodStart
INFO  2021-11-02 17:11:54,652 MappingDataService::? - SaveWHONetMappingData : MethodFinish
INFO  2021-11-02 17:11:54,895 MappingDataService::? - GetMappingDataById : MethodStart
INFO  2021-11-02 17:11:55,004 MappingDataService::? - GetMappingDataById : MethodFinish
INFO  2021-11-02 17:11:55,085 MappingDataService::? - GetWHONetMappingListWithModel : MethodStart
INFO  2021-11-02 17:11:55,204 MappingDataService::? - GetWHONetMappingListWithModel : MethodFinish
INFO  2021-11-02 17:11:55,254 MappingDataService::? - GetSpecimenMappingListWithModel : MethodStart
INFO  2021-11-02 17:11:55,375 MappingDataService::? - GetSpecimenMappingListWithModel : MethodFinish
INFO  2021-11-02 17:11:55,412 MappingDataService::? - GetOrganismMappingListWithModel : MethodStart
INFO  2021-11-02 17:11:55,544 MappingDataService::? - GetOrganismMappingListWithModel : MethodFinish
INFO  2021-11-02 17:11:55,583 MappingDataService::? - GetWardTypeMappingListWithModel : MethodStart
INFO  2021-11-02 17:11:55,692 MappingDataService::? - GetWardTypeMappingListWithModel : MethodFinish
INFO  2021-11-02 17:12:08,257 MappingDataService::? - GetWHONetMappingDataWithModel : MethodStart
INFO  2021-11-02 17:12:08,357 MappingDataService::? - GetWHONetMappingDataWithModel : MethodFinish
INFO  2021-11-02 17:12:08,402 MappingDataService::? - SaveWHONetMappingData : MethodStart
INFO  2021-11-02 17:12:08,674 MappingDataService::? - SaveWHONetMappingData : MethodFinish
INFO  2021-11-02 17:12:08,897 MappingDataService::? - GetMappingDataById : MethodStart
INFO  2021-11-02 17:12:09,009 MappingDataService::? - GetMappingDataById : MethodFinish
INFO  2021-11-02 17:12:09,096 MappingDataService::? - GetWHONetMappingListWithModel : MethodStart
INFO  2021-11-02 17:12:09,213 MappingDataService::? - GetWHONetMappingListWithModel : MethodFinish
INFO  2021-11-02 17:12:09,309 MappingDataService::? - GetSpecimenMappingListWithModel : MethodStart
INFO  2021-11-02 17:12:09,430 MappingDataService::? - GetSpecimenMappingListWithModel : MethodFinish
INFO  2021-11-02 17:12:09,467 MappingDataService::? - GetOrganismMappingListWithModel : MethodStart
INFO  2021-11-02 17:12:09,603 MappingDataService::? - GetOrganismMappingListWithModel : MethodFinish
INFO  2021-11-02 17:12:09,637 MappingDataService::? - GetWardTypeMappingListWithModel : MethodStart
INFO  2021-11-02 17:12:09,747 MappingDataService::? - GetWardTypeMappingListWithModel : MethodFinish
INFO  2021-11-02 17:12:25,319 MappingDataService::? - GetWHONetMappingDataWithModel : MethodStart
INFO  2021-11-02 17:12:25,418 MappingDataService::? - GetWHONetMappingDataWithModel : MethodFinish
INFO  2021-11-02 17:12:25,464 MappingDataService::? - SaveWHONetMappingData : MethodStart
INFO  2021-11-02 17:12:25,736 MappingDataService::? - SaveWHONetMappingData : MethodFinish
INFO  2021-11-02 17:12:25,991 MappingDataService::? - GetMappingDataById : MethodStart
INFO  2021-11-02 17:12:26,107 MappingDataService::? - GetMappingDataById : MethodFinish
INFO  2021-11-02 17:12:26,145 MappingDataService::? - GetWHONetMappingListWithModel : MethodStart
INFO  2021-11-02 17:12:26,258 MappingDataService::? - GetWHONetMappingListWithModel : MethodFinish
INFO  2021-11-02 17:12:26,297 MappingDataService::? - GetSpecimenMappingListWithModel : MethodStart
INFO  2021-11-02 17:12:26,415 MappingDataService::? - GetSpecimenMappingListWithModel : MethodFinish
INFO  2021-11-02 17:12:26,460 MappingDataService::? - GetOrganismMappingListWithModel : MethodStart
INFO  2021-11-02 17:12:26,607 MappingDataService::? - GetOrganismMappingListWithModel : MethodFinish
INFO  2021-11-02 17:12:26,644 MappingDataService::? - GetWardTypeMappingListWithModel : MethodStart
INFO  2021-11-02 17:12:26,757 MappingDataService::? - GetWardTypeMappingListWithModel : MethodFinish
INFO  2021-11-02 17:12:45,348 MappingDataService::? - GetWHONetMappingDataWithModel : MethodStart
INFO  2021-11-02 17:12:45,450 MappingDataService::? - GetWHONetMappingDataWithModel : MethodFinish
INFO  2021-11-02 17:12:45,494 MappingDataService::? - SaveWHONetMappingData : MethodStart
INFO  2021-11-02 17:12:45,783 MappingDataService::? - SaveWHONetMappingData : MethodFinish
INFO  2021-11-02 17:12:46,024 MappingDataService::? - GetMappingDataById : MethodStart
INFO  2021-11-02 17:12:46,145 MappingDataService::? - GetMappingDataById : MethodFinish
INFO  2021-11-02 17:12:46,182 MappingDataService::? - GetWHONetMappingListWithModel : MethodStart
INFO  2021-11-02 17:12:46,299 MappingDataService::? - GetWHONetMappingListWithModel : MethodFinish
INFO  2021-11-02 17:12:46,335 MappingDataService::? - GetSpecimenMappingListWithModel : MethodStart
INFO  2021-11-02 17:12:46,488 MappingDataService::? - GetSpecimenMappingListWithModel : MethodFinish
INFO  2021-11-02 17:12:46,538 MappingDataService::? - GetOrganismMappingListWithModel : MethodStart
INFO  2021-11-02 17:12:46,669 MappingDataService::? - GetOrganismMappingListWithModel : MethodFinish
INFO  2021-11-02 17:12:46,708 MappingDataService::? - GetWardTypeMappingListWithModel : MethodStart
INFO  2021-11-02 17:12:46,826 MappingDataService::? - GetWardTypeMappingListWithModel : MethodFinish
INFO  2021-11-02 17:12:54,555 MappingDataService::? - GetWHONetMappingDataWithModel : MethodStart
INFO  2021-11-02 17:12:54,656 MappingDataService::? - GetWHONetMappingDataWithModel : MethodFinish
INFO  2021-11-02 17:12:54,707 MappingDataService::? - SaveWHONetMappingData : MethodStart
INFO  2021-11-02 17:12:54,983 MappingDataService::? - SaveWHONetMappingData : MethodFinish
INFO  2021-11-02 17:12:55,161 MappingDataService::? - GetMappingDataById : MethodStart
INFO  2021-11-02 17:12:55,273 MappingDataService::? - GetMappingDataById : MethodFinish
INFO  2021-11-02 17:12:55,333 MappingDataService::? - GetWHONetMappingListWithModel : MethodStart
INFO  2021-11-02 17:12:55,450 MappingDataService::? - GetWHONetMappingListWithModel : MethodFinish
INFO  2021-11-02 17:12:55,528 MappingDataService::? - GetSpecimenMappingListWithModel : MethodStart
INFO  2021-11-02 17:12:55,666 MappingDataService::? - GetSpecimenMappingListWithModel : MethodFinish
INFO  2021-11-02 17:12:55,732 MappingDataService::? - GetOrganismMappingListWithModel : MethodStart
INFO  2021-11-02 17:12:55,873 MappingDataService::? - GetOrganismMappingListWithModel : MethodFinish
INFO  2021-11-02 17:12:55,914 MappingDataService::? - GetWardTypeMappingListWithModel : MethodStart
INFO  2021-11-02 17:12:56,031 MappingDataService::? - GetWardTypeMappingListWithModel : MethodFinish
INFO  2021-11-02 17:13:03,706 MappingDataService::? - GetWHONetMappingDataWithModel : MethodStart
INFO  2021-11-02 17:13:03,807 MappingDataService::? - GetWHONetMappingDataWithModel : MethodFinish
INFO  2021-11-02 17:13:03,842 MappingDataService::? - SaveWHONetMappingData : MethodStart
INFO  2021-11-02 17:13:04,116 MappingDataService::? - SaveWHONetMappingData : MethodFinish
INFO  2021-11-02 17:13:04,370 MappingDataService::? - GetMappingDataById : MethodStart
INFO  2021-11-02 17:13:04,486 MappingDataService::? - GetMappingDataById : MethodFinish
INFO  2021-11-02 17:13:04,523 MappingDataService::? - GetWHONetMappingListWithModel : MethodStart
INFO  2021-11-02 17:13:04,638 MappingDataService::? - GetWHONetMappingListWithModel : MethodFinish
INFO  2021-11-02 17:13:04,699 MappingDataService::? - GetSpecimenMappingListWithModel : MethodStart
INFO  2021-11-02 17:13:04,818 MappingDataService::? - GetSpecimenMappingListWithModel : MethodFinish
INFO  2021-11-02 17:13:04,854 MappingDataService::? - GetOrganismMappingListWithModel : MethodStart
INFO  2021-11-02 17:13:04,986 MappingDataService::? - GetOrganismMappingListWithModel : MethodFinish
INFO  2021-11-02 17:13:05,041 MappingDataService::? - GetWardTypeMappingListWithModel : MethodStart
INFO  2021-11-02 17:13:05,156 MappingDataService::? - GetWardTypeMappingListWithModel : MethodFinish
INFO  2021-11-02 17:13:09,054 MappingDataService::? - SaveMappingData : MethodStart
INFO  2021-11-02 17:13:09,302 MappingDataService::? - SaveMappingData : MethodFinish
INFO  2021-11-02 17:13:09,509 MappingDataService::? - GetMappingDataById : MethodStart
INFO  2021-11-02 17:13:09,618 MappingDataService::? - GetMappingDataById : MethodFinish
INFO  2021-11-02 17:13:09,681 MappingDataService::? - GetWHONetMappingListWithModel : MethodStart
INFO  2021-11-02 17:13:09,800 MappingDataService::? - GetWHONetMappingListWithModel : MethodFinish
INFO  2021-11-02 17:13:09,843 MappingDataService::? - GetSpecimenMappingListWithModel : MethodStart
INFO  2021-11-02 17:13:09,974 MappingDataService::? - GetSpecimenMappingListWithModel : MethodFinish
INFO  2021-11-02 17:13:10,024 MappingDataService::? - GetOrganismMappingListWithModel : MethodStart
INFO  2021-11-02 17:13:10,176 MappingDataService::? - GetOrganismMappingListWithModel : MethodFinish
INFO  2021-11-02 17:13:10,213 MappingDataService::? - GetWardTypeMappingListWithModel : MethodStart
INFO  2021-11-02 17:13:10,329 MappingDataService::? - GetWardTypeMappingListWithModel : MethodFinish
INFO  2021-11-02 17:17:51,418 MappingDataService::? - GetMappingDataById : MethodStart
INFO  2021-11-02 17:17:51,528 MappingDataService::? - GetMappingDataById : MethodFinish
INFO  2021-11-02 17:17:52,917 MappingDataService::? - GetWHONetMappingListWithModel : MethodStart
INFO  2021-11-02 17:17:53,037 MappingDataService::? - GetWHONetMappingListWithModel : MethodFinish
