INFO  2021-08-11 00:00:28,594 MappingDataService::? - GetMappingList : MethodStart
INFO  2021-08-11 00:00:28,742 MappingDataService::? - GetMappingList : MethodFinish
INFO  2021-08-11 00:00:33,154 MappingDataService::? - GetMappingDataById : MethodStart
INFO  2021-08-11 00:00:33,316 MappingDataService::? - GetMappingDataById : MethodFinish
INFO  2021-08-11 00:00:33,352 MappingDataService::? - GetWHONetMappingListWithModel : MethodStart
INFO  2021-08-11 00:00:33,479 MappingDataService::? - GetWHONetMappingListWithModel : MethodFinish
INFO  2021-08-11 00:00:33,509 MappingDataService::? - GetSpecimenMappingListWithModel : MethodStart
INFO  2021-08-11 00:00:33,666 MappingDataService::? - GetSpecimenMappingListWithModel : MethodFinish
INFO  2021-08-11 00:00:33,701 MappingDataService::? - GetOrganismMappingListWithModel : MethodStart
INFO  2021-08-11 00:00:33,905 MappingDataService::? - GetOrganismMappingListWithModel : MethodFinish
INFO  2021-08-11 00:00:33,936 MappingDataService::? - GetWardTypeMappingListWithModel : MethodStart
INFO  2021-08-11 00:00:34,074 MappingDataService::? - GetWardTypeMappingListWithModel : MethodFinish
INFO  2021-08-11 13:12:46,619 MappingDataService::? - GetMappingList : MethodStart
INFO  2021-08-11 13:12:47,835 MappingDataService::? - GetMappingList : MethodFinish
INFO  2021-08-11 13:28:46,685 MappingDataService::? - GetMappingList : MethodStart
INFO  2021-08-11 13:28:47,012 MappingDataService::? - GetMappingList : MethodFinish
INFO  2021-08-11 15:01:49,836 MappingDataService::? - GetMappingDataById : MethodStart
INFO  2021-08-11 15:01:50,268 MappingDataService::? - GetMappingDataById : MethodFinish
INFO  2021-08-11 15:01:50,396 MappingDataService::? - GetWHONetMappingListWithModel : MethodStart
INFO  2021-08-11 15:01:50,594 MappingDataService::? - GetWHONetMappingListWithModel : MethodFinish
INFO  2021-08-11 15:01:50,689 MappingDataService::? - GetSpecimenMappingListWithModel : MethodStart
INFO  2021-08-11 15:01:50,940 MappingDataService::? - GetSpecimenMappingListWithModel : MethodFinish
INFO  2021-08-11 15:01:51,046 MappingDataService::? - GetOrganismMappingListWithModel : MethodStart
INFO  2021-08-11 15:01:51,491 MappingDataService::? - GetOrganismMappingListWithModel : MethodFinish
INFO  2021-08-11 15:01:51,601 MappingDataService::? - GetWardTypeMappingListWithModel : MethodStart
INFO  2021-08-11 15:01:51,730 MappingDataService::? - GetWardTypeMappingListWithModel : MethodFinish
