INFO  2021-08-22 14:40:36,290 MappingDataService::? - GetMappingList : MethodStart
INFO  2021-08-22 14:40:39,111 MappingDataService::? - GetMappingList : MethodFinish
INFO  2021-08-22 14:43:58,311 MappingDataService::? - GetMappingDataWithModel : MethodStart
INFO  2021-08-22 14:43:58,500 MappingDataService::? - GetMappingDataWithModel : MethodFinish
INFO  2021-08-22 14:44:08,467 MappingDataService::? - SaveMappingData : MethodStart
INFO  2021-08-22 14:44:08,992 MappingDataService::? - SaveMappingData : MethodFinish
INFO  2021-08-22 14:44:09,238 MappingDataService::? - GetMappingDataById : MethodStart
INFO  2021-08-22 14:44:09,297 MappingDataService::? - GetMappingDataById : MethodFinish
INFO  2021-08-22 14:44:09,374 MappingDataService::? - GetWHONetMappingListWithModel : MethodStart
INFO  2021-08-22 14:44:09,415 MappingDataService::? - GetWHONetMappingListWithModel : MethodFinish
INFO  2021-08-22 14:44:09,487 MappingDataService::? - GetSpecimenMappingListWithModel : MethodStart
INFO  2021-08-22 14:44:09,637 MappingDataService::? - GetSpecimenMappingListWithModel : MethodFinish
INFO  2021-08-22 14:44:09,700 MappingDataService::? - GetOrganismMappingListWithModel : MethodStart
INFO  2021-08-22 14:44:09,896 MappingDataService::? - GetOrganismMappingListWithModel : MethodFinish
INFO  2021-08-22 14:44:09,956 MappingDataService::? - GetWardTypeMappingListWithModel : MethodStart
INFO  2021-08-22 14:44:09,993 MappingDataService::? - GetWardTypeMappingListWithModel : MethodFinish
INFO  2021-08-22 14:48:16,310 MappingDataService::? - GetWHONetMappingDataWithModel : MethodStart
INFO  2021-08-22 14:48:16,356 MappingDataService::? - GetWHONetMappingDataWithModel : MethodFinish
INFO  2021-08-22 14:48:16,431 MappingDataService::? - SaveWHONetMappingData : MethodStart
INFO  2021-08-22 14:48:16,562 MappingDataService::? - SaveWHONetMappingData : MethodFinish
INFO  2021-08-22 14:48:16,749 MappingDataService::? - GetMappingDataById : MethodStart
INFO  2021-08-22 14:48:16,772 MappingDataService::? - GetMappingDataById : MethodFinish
INFO  2021-08-22 14:48:16,832 MappingDataService::? - GetWHONetMappingListWithModel : MethodStart
INFO  2021-08-22 14:48:16,870 MappingDataService::? - GetWHONetMappingListWithModel : MethodFinish
INFO  2021-08-22 14:48:16,931 MappingDataService::? - GetSpecimenMappingListWithModel : MethodStart
INFO  2021-08-22 14:48:17,057 MappingDataService::? - GetSpecimenMappingListWithModel : MethodFinish
INFO  2021-08-22 14:48:17,146 MappingDataService::? - GetOrganismMappingListWithModel : MethodStart
INFO  2021-08-22 14:48:17,421 MappingDataService::? - GetOrganismMappingListWithModel : MethodFinish
INFO  2021-08-22 14:48:17,504 MappingDataService::? - GetWardTypeMappingListWithModel : MethodStart
INFO  2021-08-22 14:48:17,536 MappingDataService::? - GetWardTypeMappingListWithModel : MethodFinish
INFO  2021-08-22 14:48:28,028 MappingDataService::? - GetWHONetMappingDataWithModel : MethodStart
INFO  2021-08-22 14:48:28,053 MappingDataService::? - GetWHONetMappingDataWithModel : MethodFinish
INFO  2021-08-22 14:48:28,101 MappingDataService::? - SaveWHONetMappingData : MethodStart
INFO  2021-08-22 14:48:28,154 MappingDataService::? - SaveWHONetMappingData : MethodFinish
INFO  2021-08-22 14:48:28,269 MappingDataService::? - GetMappingDataById : MethodStart
INFO  2021-08-22 14:48:28,281 MappingDataService::? - GetMappingDataById : MethodFinish
INFO  2021-08-22 14:48:28,315 MappingDataService::? - GetWHONetMappingListWithModel : MethodStart
INFO  2021-08-22 14:48:28,360 MappingDataService::? - GetWHONetMappingListWithModel : MethodFinish
INFO  2021-08-22 14:48:28,411 MappingDataService::? - GetSpecimenMappingListWithModel : MethodStart
INFO  2021-08-22 14:48:35,169 MappingDataService::? - GetSpecimenMappingListWithModel : MethodFinish
INFO  2021-08-22 14:48:35,227 MappingDataService::? - GetOrganismMappingListWithModel : MethodStart
INFO  2021-08-22 14:48:35,405 MappingDataService::? - GetOrganismMappingListWithModel : MethodFinish
INFO  2021-08-22 14:48:35,454 MappingDataService::? - GetWardTypeMappingListWithModel : MethodStart
INFO  2021-08-22 14:48:35,484 MappingDataService::? - GetWardTypeMappingListWithModel : MethodFinish
INFO  2021-08-22 14:48:57,213 MappingDataService::? - GetWHONetMappingDataWithModel : MethodStart
INFO  2021-08-22 14:48:57,239 MappingDataService::? - GetWHONetMappingDataWithModel : MethodFinish
INFO  2021-08-22 14:48:57,339 MappingDataService::? - SaveWHONetMappingData : MethodStart
INFO  2021-08-22 14:48:57,398 MappingDataService::? - SaveWHONetMappingData : MethodFinish
INFO  2021-08-22 14:48:57,529 MappingDataService::? - GetMappingDataById : MethodStart
INFO  2021-08-22 14:48:57,550 MappingDataService::? - GetMappingDataById : MethodFinish
INFO  2021-08-22 14:48:57,642 MappingDataService::? - GetWHONetMappingListWithModel : MethodStart
INFO  2021-08-22 14:48:57,682 MappingDataService::? - GetWHONetMappingListWithModel : MethodFinish
INFO  2021-08-22 14:48:57,798 MappingDataService::? - GetSpecimenMappingListWithModel : MethodStart
INFO  2021-08-22 14:48:57,853 MappingDataService::? - GetSpecimenMappingListWithModel : MethodFinish
INFO  2021-08-22 14:48:57,903 MappingDataService::? - GetOrganismMappingListWithModel : MethodStart
INFO  2021-08-22 14:48:57,993 MappingDataService::? - GetOrganismMappingListWithModel : MethodFinish
INFO  2021-08-22 14:48:58,148 MappingDataService::? - GetWardTypeMappingListWithModel : MethodStart
INFO  2021-08-22 14:48:58,160 MappingDataService::? - GetWardTypeMappingListWithModel : MethodFinish
INFO  2021-08-22 14:49:17,858 MappingDataService::? - GetWHONetMappingDataWithModel : MethodStart
INFO  2021-08-22 14:49:17,879 MappingDataService::? - GetWHONetMappingDataWithModel : MethodFinish
INFO  2021-08-22 14:49:17,952 MappingDataService::? - SaveWHONetMappingData : MethodStart
INFO  2021-08-22 14:49:17,972 MappingDataService::? - SaveWHONetMappingData : MethodFinish
INFO  2021-08-22 14:49:18,072 MappingDataService::? - GetMappingDataById : MethodStart
INFO  2021-08-22 14:49:18,077 MappingDataService::? - GetMappingDataById : MethodFinish
INFO  2021-08-22 14:49:18,126 MappingDataService::? - GetWHONetMappingListWithModel : MethodStart
INFO  2021-08-22 14:49:18,140 MappingDataService::? - GetWHONetMappingListWithModel : MethodFinish
INFO  2021-08-22 14:49:18,170 MappingDataService::? - GetSpecimenMappingListWithModel : MethodStart
INFO  2021-08-22 14:49:18,219 MappingDataService::? - GetSpecimenMappingListWithModel : MethodFinish
INFO  2021-08-22 14:49:18,465 MappingDataService::? - GetOrganismMappingListWithModel : MethodStart
INFO  2021-08-22 14:49:18,601 MappingDataService::? - GetOrganismMappingListWithModel : MethodFinish
INFO  2021-08-22 14:49:18,782 MappingDataService::? - GetWardTypeMappingListWithModel : MethodStart
INFO  2021-08-22 14:49:18,791 MappingDataService::? - GetWardTypeMappingListWithModel : MethodFinish
INFO  2021-08-22 14:49:30,142 MappingDataService::? - GetWHONetMappingDataWithModel : MethodStart
INFO  2021-08-22 14:49:30,149 MappingDataService::? - GetWHONetMappingDataWithModel : MethodFinish
INFO  2021-08-22 14:49:30,226 MappingDataService::? - SaveWHONetMappingData : MethodStart
INFO  2021-08-22 14:49:30,248 MappingDataService::? - SaveWHONetMappingData : MethodFinish
INFO  2021-08-22 14:49:30,357 MappingDataService::? - GetMappingDataById : MethodStart
INFO  2021-08-22 14:49:30,362 MappingDataService::? - GetMappingDataById : MethodFinish
INFO  2021-08-22 14:49:30,423 MappingDataService::? - GetWHONetMappingListWithModel : MethodStart
INFO  2021-08-22 14:49:30,437 MappingDataService::? - GetWHONetMappingListWithModel : MethodFinish
INFO  2021-08-22 14:49:30,487 MappingDataService::? - GetSpecimenMappingListWithModel : MethodStart
INFO  2021-08-22 14:49:33,638 MappingDataService::? - GetSpecimenMappingListWithModel : MethodFinish
INFO  2021-08-22 14:49:33,779 MappingDataService::? - GetOrganismMappingListWithModel : MethodStart
INFO  2021-08-22 14:49:40,301 MappingDataService::? - GetOrganismMappingListWithModel : MethodFinish
INFO  2021-08-22 14:49:41,280 MappingDataService::? - GetWardTypeMappingListWithModel : MethodStart
INFO  2021-08-22 14:49:41,321 MappingDataService::? - GetWardTypeMappingListWithModel : MethodFinish
INFO  2021-08-22 14:51:37,130 MappingDataService::? - GetWHONetMappingDataWithModel : MethodStart
INFO  2021-08-22 14:51:37,171 MappingDataService::? - GetWHONetMappingDataWithModel : MethodFinish
INFO  2021-08-22 14:51:37,251 MappingDataService::? - SaveWHONetMappingData : MethodStart
INFO  2021-08-22 14:51:37,306 MappingDataService::? - SaveWHONetMappingData : MethodFinish
INFO  2021-08-22 14:51:38,420 MappingDataService::? - GetMappingDataById : MethodStart
INFO  2021-08-22 14:51:38,439 MappingDataService::? - GetMappingDataById : MethodFinish
INFO  2021-08-22 14:51:39,201 MappingDataService::? - GetWHONetMappingListWithModel : MethodStart
INFO  2021-08-22 14:51:39,255 MappingDataService::? - GetWHONetMappingListWithModel : MethodFinish
INFO  2021-08-22 14:51:40,314 MappingDataService::? - GetSpecimenMappingListWithModel : MethodStart
INFO  2021-08-22 14:51:40,430 MappingDataService::? - GetSpecimenMappingListWithModel : MethodFinish
INFO  2021-08-22 14:51:40,952 MappingDataService::? - GetOrganismMappingListWithModel : MethodStart
INFO  2021-08-22 14:51:41,092 MappingDataService::? - GetOrganismMappingListWithModel : MethodFinish
INFO  2021-08-22 14:51:41,128 MappingDataService::? - GetWardTypeMappingListWithModel : MethodStart
INFO  2021-08-22 14:51:41,151 MappingDataService::? - GetWardTypeMappingListWithModel : MethodFinish
INFO  2021-08-22 14:51:58,480 MappingDataService::? - GetWHONetMappingDataWithModel : MethodStart
INFO  2021-08-22 14:51:58,515 MappingDataService::? - GetWHONetMappingDataWithModel : MethodFinish
INFO  2021-08-22 14:51:58,562 MappingDataService::? - SaveWHONetMappingData : MethodStart
INFO  2021-08-22 14:51:58,617 MappingDataService::? - SaveWHONetMappingData : MethodFinish
INFO  2021-08-22 14:51:58,831 MappingDataService::? - GetMappingDataById : MethodStart
INFO  2021-08-22 14:51:58,841 MappingDataService::? - GetMappingDataById : MethodFinish
INFO  2021-08-22 14:51:58,880 MappingDataService::? - GetWHONetMappingListWithModel : MethodStart
INFO  2021-08-22 14:51:58,926 MappingDataService::? - GetWHONetMappingListWithModel : MethodFinish
INFO  2021-08-22 14:51:59,069 MappingDataService::? - GetSpecimenMappingListWithModel : MethodStart
INFO  2021-08-22 14:51:59,201 MappingDataService::? - GetSpecimenMappingListWithModel : MethodFinish
INFO  2021-08-22 14:51:59,269 MappingDataService::? - GetOrganismMappingListWithModel : MethodStart
INFO  2021-08-22 14:51:59,538 MappingDataService::? - GetOrganismMappingListWithModel : MethodFinish
INFO  2021-08-22 14:51:59,789 MappingDataService::? - GetWardTypeMappingListWithModel : MethodStart
INFO  2021-08-22 14:51:59,815 MappingDataService::? - GetWardTypeMappingListWithModel : MethodFinish
INFO  2021-08-22 14:56:20,859 MappingDataService::? - GetWHONetMappingDataWithModel : MethodStart
INFO  2021-08-22 14:56:20,890 MappingDataService::? - GetWHONetMappingDataWithModel : MethodFinish
INFO  2021-08-22 14:56:20,957 MappingDataService::? - SaveWHONetMappingData : MethodStart
INFO  2021-08-22 14:56:21,006 MappingDataService::? - SaveWHONetMappingData : MethodFinish
INFO  2021-08-22 14:56:21,166 MappingDataService::? - GetMappingDataById : MethodStart
INFO  2021-08-22 14:56:21,183 MappingDataService::? - GetMappingDataById : MethodFinish
INFO  2021-08-22 14:56:21,431 MappingDataService::? - GetWHONetMappingListWithModel : MethodStart
INFO  2021-08-22 14:56:21,479 MappingDataService::? - GetWHONetMappingListWithModel : MethodFinish
INFO  2021-08-22 14:56:22,142 MappingDataService::? - GetSpecimenMappingListWithModel : MethodStart
INFO  2021-08-22 14:56:22,263 MappingDataService::? - GetSpecimenMappingListWithModel : MethodFinish
INFO  2021-08-22 14:56:22,915 MappingDataService::? - GetOrganismMappingListWithModel : MethodStart
INFO  2021-08-22 14:56:23,060 MappingDataService::? - GetOrganismMappingListWithModel : MethodFinish
INFO  2021-08-22 14:56:23,865 MappingDataService::? - GetWardTypeMappingListWithModel : MethodStart
INFO  2021-08-22 14:56:23,886 MappingDataService::? - GetWardTypeMappingListWithModel : MethodFinish
INFO  2021-08-22 14:56:41,267 MappingDataService::? - GetWHONetMappingDataWithModel : MethodStart
INFO  2021-08-22 14:56:41,273 MappingDataService::? - GetWHONetMappingDataWithModel : MethodFinish
INFO  2021-08-22 14:56:42,017 MappingDataService::? - SaveWHONetMappingData : MethodStart
INFO  2021-08-22 14:56:42,059 MappingDataService::? - SaveWHONetMappingData : MethodFinish
INFO  2021-08-22 14:56:43,472 MappingDataService::? - GetMappingDataById : MethodStart
INFO  2021-08-22 14:56:43,476 MappingDataService::? - GetMappingDataById : MethodFinish
INFO  2021-08-22 14:56:43,522 MappingDataService::? - GetWHONetMappingListWithModel : MethodStart
INFO  2021-08-22 14:56:43,535 MappingDataService::? - GetWHONetMappingListWithModel : MethodFinish
INFO  2021-08-22 14:56:43,564 MappingDataService::? - GetSpecimenMappingListWithModel : MethodStart
INFO  2021-08-22 14:56:43,594 MappingDataService::? - GetSpecimenMappingListWithModel : MethodFinish
INFO  2021-08-22 14:56:43,623 MappingDataService::? - GetOrganismMappingListWithModel : MethodStart
INFO  2021-08-22 14:56:43,677 MappingDataService::? - GetOrganismMappingListWithModel : MethodFinish
INFO  2021-08-22 14:56:43,708 MappingDataService::? - GetWardTypeMappingListWithModel : MethodStart
INFO  2021-08-22 14:56:43,716 MappingDataService::? - GetWardTypeMappingListWithModel : MethodFinish
INFO  2021-08-22 14:57:01,038 MappingDataService::? - GetWHONetMappingDataWithModel : MethodStart
INFO  2021-08-22 14:57:01,046 MappingDataService::? - GetWHONetMappingDataWithModel : MethodFinish
INFO  2021-08-22 14:57:01,144 MappingDataService::? - SaveWHONetMappingData : MethodStart
INFO  2021-08-22 14:57:01,174 MappingDataService::? - SaveWHONetMappingData : MethodFinish
INFO  2021-08-22 14:57:01,284 MappingDataService::? - GetMappingDataById : MethodStart
INFO  2021-08-22 14:57:01,290 MappingDataService::? - GetMappingDataById : MethodFinish
INFO  2021-08-22 14:57:01,329 MappingDataService::? - GetWHONetMappingListWithModel : MethodStart
INFO  2021-08-22 14:57:01,344 MappingDataService::? - GetWHONetMappingListWithModel : MethodFinish
INFO  2021-08-22 14:57:01,476 MappingDataService::? - GetSpecimenMappingListWithModel : MethodStart
INFO  2021-08-22 14:57:01,536 MappingDataService::? - GetSpecimenMappingListWithModel : MethodFinish
INFO  2021-08-22 14:57:01,741 MappingDataService::? - GetOrganismMappingListWithModel : MethodStart
INFO  2021-08-22 14:57:01,941 MappingDataService::? - GetOrganismMappingListWithModel : MethodFinish
INFO  2021-08-22 14:57:02,554 MappingDataService::? - GetWardTypeMappingListWithModel : MethodStart
INFO  2021-08-22 14:57:02,561 MappingDataService::? - GetWardTypeMappingListWithModel : MethodFinish
INFO  2021-08-22 14:57:27,025 MappingDataService::? - GetWHONetMappingData : MethodStart
INFO  2021-08-22 14:57:27,143 MappingDataService::? - GetWHONetMappingData : MethodFinish
INFO  2021-08-22 14:57:34,687 MappingDataService::? - GetWHONetMappingData : MethodStart
INFO  2021-08-22 14:57:34,692 MappingDataService::? - GetWHONetMappingData : MethodFinish
INFO  2021-08-22 14:57:37,774 MappingDataService::? - GetWHONetMappingDataWithModel : MethodStart
INFO  2021-08-22 14:57:37,793 MappingDataService::? - GetWHONetMappingDataWithModel : MethodFinish
INFO  2021-08-22 14:57:37,903 MappingDataService::? - SaveWHONetMappingData : MethodStart
INFO  2021-08-22 14:57:37,965 MappingDataService::? - SaveWHONetMappingData : MethodFinish
INFO  2021-08-22 14:57:38,085 MappingDataService::? - GetMappingDataById : MethodStart
INFO  2021-08-22 14:57:38,094 MappingDataService::? - GetMappingDataById : MethodFinish
INFO  2021-08-22 14:57:38,128 MappingDataService::? - GetWHONetMappingListWithModel : MethodStart
INFO  2021-08-22 14:57:38,171 MappingDataService::? - GetWHONetMappingListWithModel : MethodFinish
INFO  2021-08-22 14:57:38,255 MappingDataService::? - GetSpecimenMappingListWithModel : MethodStart
INFO  2021-08-22 14:57:38,378 MappingDataService::? - GetSpecimenMappingListWithModel : MethodFinish
INFO  2021-08-22 14:57:38,475 MappingDataService::? - GetOrganismMappingListWithModel : MethodStart
INFO  2021-08-22 14:57:38,686 MappingDataService::? - GetOrganismMappingListWithModel : MethodFinish
INFO  2021-08-22 14:57:38,897 MappingDataService::? - GetWardTypeMappingListWithModel : MethodStart
INFO  2021-08-22 14:57:38,920 MappingDataService::? - GetWardTypeMappingListWithModel : MethodFinish
INFO  2021-08-22 14:57:56,298 MappingDataService::? - GetWHONetMappingDataWithModel : MethodStart
INFO  2021-08-22 14:57:56,304 MappingDataService::? - GetWHONetMappingDataWithModel : MethodFinish
INFO  2021-08-22 14:57:56,406 MappingDataService::? - SaveWHONetMappingData : MethodStart
INFO  2021-08-22 14:57:56,430 MappingDataService::? - SaveWHONetMappingData : MethodFinish
INFO  2021-08-22 14:57:56,523 MappingDataService::? - GetMappingDataById : MethodStart
INFO  2021-08-22 14:57:56,527 MappingDataService::? - GetMappingDataById : MethodFinish
INFO  2021-08-22 14:57:56,571 MappingDataService::? - GetWHONetMappingListWithModel : MethodStart
INFO  2021-08-22 14:57:56,583 MappingDataService::? - GetWHONetMappingListWithModel : MethodFinish
INFO  2021-08-22 14:57:56,626 MappingDataService::? - GetSpecimenMappingListWithModel : MethodStart
INFO  2021-08-22 14:57:56,658 MappingDataService::? - GetSpecimenMappingListWithModel : MethodFinish
INFO  2021-08-22 14:57:56,687 MappingDataService::? - GetOrganismMappingListWithModel : MethodStart
INFO  2021-08-22 14:57:56,732 MappingDataService::? - GetOrganismMappingListWithModel : MethodFinish
INFO  2021-08-22 14:57:56,760 MappingDataService::? - GetWardTypeMappingListWithModel : MethodStart
INFO  2021-08-22 14:57:56,768 MappingDataService::? - GetWardTypeMappingListWithModel : MethodFinish
INFO  2021-08-22 14:58:24,101 MappingDataService::? - GetWHONetMappingDataWithModel : MethodStart
INFO  2021-08-22 14:58:24,225 MappingDataService::? - GetWHONetMappingDataWithModel : MethodFinish
INFO  2021-08-22 14:58:24,470 MappingDataService::? - SaveWHONetMappingData : MethodStart
INFO  2021-08-22 14:58:24,823 MappingDataService::? - SaveWHONetMappingData : MethodFinish
INFO  2021-08-22 14:58:25,183 MappingDataService::? - GetMappingDataById : MethodStart
INFO  2021-08-22 14:58:25,249 MappingDataService::? - GetMappingDataById : MethodFinish
INFO  2021-08-22 14:58:25,291 MappingDataService::? - GetWHONetMappingListWithModel : MethodStart
INFO  2021-08-22 14:58:25,496 MappingDataService::? - GetWHONetMappingListWithModel : MethodFinish
INFO  2021-08-22 14:58:25,525 MappingDataService::? - GetSpecimenMappingListWithModel : MethodStart
INFO  2021-08-22 14:58:25,622 MappingDataService::? - GetSpecimenMappingListWithModel : MethodFinish
INFO  2021-08-22 14:58:25,660 MappingDataService::? - GetOrganismMappingListWithModel : MethodStart
INFO  2021-08-22 14:58:25,812 MappingDataService::? - GetOrganismMappingListWithModel : MethodFinish
INFO  2021-08-22 14:58:25,848 MappingDataService::? - GetWardTypeMappingListWithModel : MethodStart
INFO  2021-08-22 14:58:25,868 MappingDataService::? - GetWardTypeMappingListWithModel : MethodFinish
INFO  2021-08-22 14:58:54,728 MappingDataService::? - GetWHONetMappingDataWithModel : MethodStart
INFO  2021-08-22 14:58:54,747 MappingDataService::? - GetWHONetMappingDataWithModel : MethodFinish
INFO  2021-08-22 14:58:54,800 MappingDataService::? - SaveWHONetMappingData : MethodStart
INFO  2021-08-22 14:58:54,841 MappingDataService::? - SaveWHONetMappingData : MethodFinish
INFO  2021-08-22 14:58:54,945 MappingDataService::? - GetMappingDataById : MethodStart
INFO  2021-08-22 14:58:54,953 MappingDataService::? - GetMappingDataById : MethodFinish
INFO  2021-08-22 14:58:54,980 MappingDataService::? - GetWHONetMappingListWithModel : MethodStart
INFO  2021-08-22 14:58:54,996 MappingDataService::? - GetWHONetMappingListWithModel : MethodFinish
INFO  2021-08-22 14:58:55,133 MappingDataService::? - GetSpecimenMappingListWithModel : MethodStart
INFO  2021-08-22 14:58:55,192 MappingDataService::? - GetSpecimenMappingListWithModel : MethodFinish
INFO  2021-08-22 14:58:55,338 MappingDataService::? - GetOrganismMappingListWithModel : MethodStart
INFO  2021-08-22 14:58:55,460 MappingDataService::? - GetOrganismMappingListWithModel : MethodFinish
INFO  2021-08-22 14:58:55,554 MappingDataService::? - GetWardTypeMappingListWithModel : MethodStart
INFO  2021-08-22 14:58:55,577 MappingDataService::? - GetWardTypeMappingListWithModel : MethodFinish
INFO  2021-08-22 14:59:15,351 MappingDataService::? - GetWHONetMappingDataWithModel : MethodStart
INFO  2021-08-22 14:59:15,359 MappingDataService::? - GetWHONetMappingDataWithModel : MethodFinish
INFO  2021-08-22 14:59:15,460 MappingDataService::? - SaveWHONetMappingData : MethodStart
INFO  2021-08-22 14:59:15,484 MappingDataService::? - SaveWHONetMappingData : MethodFinish
INFO  2021-08-22 14:59:15,579 MappingDataService::? - GetMappingDataById : MethodStart
INFO  2021-08-22 14:59:15,585 MappingDataService::? - GetMappingDataById : MethodFinish
INFO  2021-08-22 14:59:15,625 MappingDataService::? - GetWHONetMappingListWithModel : MethodStart
INFO  2021-08-22 14:59:15,640 MappingDataService::? - GetWHONetMappingListWithModel : MethodFinish
INFO  2021-08-22 14:59:15,679 MappingDataService::? - GetSpecimenMappingListWithModel : MethodStart
INFO  2021-08-22 14:59:15,731 MappingDataService::? - GetSpecimenMappingListWithModel : MethodFinish
INFO  2021-08-22 14:59:15,772 MappingDataService::? - GetOrganismMappingListWithModel : MethodStart
INFO  2021-08-22 14:59:15,835 MappingDataService::? - GetOrganismMappingListWithModel : MethodFinish
INFO  2021-08-22 14:59:15,869 MappingDataService::? - GetWardTypeMappingListWithModel : MethodStart
INFO  2021-08-22 14:59:15,878 MappingDataService::? - GetWardTypeMappingListWithModel : MethodFinish
INFO  2021-08-22 14:59:25,891 MappingDataService::? - GetWHONetMappingDataWithModel : MethodStart
INFO  2021-08-22 14:59:25,896 MappingDataService::? - GetWHONetMappingDataWithModel : MethodFinish
INFO  2021-08-22 14:59:26,002 MappingDataService::? - SaveWHONetMappingData : MethodStart
INFO  2021-08-22 14:59:26,021 MappingDataService::? - SaveWHONetMappingData : MethodFinish
INFO  2021-08-22 14:59:26,098 MappingDataService::? - GetMappingDataById : MethodStart
INFO  2021-08-22 14:59:26,103 MappingDataService::? - GetMappingDataById : MethodFinish
INFO  2021-08-22 14:59:26,133 MappingDataService::? - GetWHONetMappingListWithModel : MethodStart
INFO  2021-08-22 14:59:26,150 MappingDataService::? - GetWHONetMappingListWithModel : MethodFinish
INFO  2021-08-22 14:59:26,203 MappingDataService::? - GetSpecimenMappingListWithModel : MethodStart
INFO  2021-08-22 14:59:26,268 MappingDataService::? - GetSpecimenMappingListWithModel : MethodFinish
INFO  2021-08-22 14:59:26,341 MappingDataService::? - GetOrganismMappingListWithModel : MethodStart
INFO  2021-08-22 14:59:29,167 MappingDataService::? - GetOrganismMappingListWithModel : MethodFinish
INFO  2021-08-22 14:59:32,247 MappingDataService::? - GetWardTypeMappingListWithModel : MethodStart
INFO  2021-08-22 14:59:32,307 MappingDataService::? - GetWardTypeMappingListWithModel : MethodFinish
INFO  2021-08-22 14:59:52,249 MappingDataService::? - GetWHONetMappingDataWithModel : MethodStart
INFO  2021-08-22 14:59:52,278 MappingDataService::? - GetWHONetMappingDataWithModel : MethodFinish
INFO  2021-08-22 14:59:53,178 MappingDataService::? - SaveWHONetMappingData : MethodStart
INFO  2021-08-22 14:59:53,231 MappingDataService::? - SaveWHONetMappingData : MethodFinish
INFO  2021-08-22 14:59:57,387 MappingDataService::? - GetMappingDataById : MethodStart
INFO  2021-08-22 14:59:57,407 MappingDataService::? - GetMappingDataById : MethodFinish
INFO  2021-08-22 15:00:03,102 MappingDataService::? - GetWHONetMappingListWithModel : MethodStart
INFO  2021-08-22 15:00:03,154 MappingDataService::? - GetWHONetMappingListWithModel : MethodFinish
INFO  2021-08-22 15:00:07,808 MappingDataService::? - GetSpecimenMappingListWithModel : MethodStart
INFO  2021-08-22 15:00:07,913 MappingDataService::? - GetSpecimenMappingListWithModel : MethodFinish
INFO  2021-08-22 15:00:13,494 MappingDataService::? - GetOrganismMappingListWithModel : MethodStart
INFO  2021-08-22 15:00:14,024 MappingDataService::? - GetOrganismMappingListWithModel : MethodFinish
INFO  2021-08-22 15:00:16,547 MappingDataService::? - GetWardTypeMappingListWithModel : MethodStart
INFO  2021-08-22 15:00:16,565 MappingDataService::? - GetWardTypeMappingListWithModel : MethodFinish
INFO  2021-08-22 15:00:47,271 MappingDataService::? - GetWHONetMappingDataWithModel : MethodStart
INFO  2021-08-22 15:00:47,305 MappingDataService::? - GetWHONetMappingDataWithModel : MethodFinish
INFO  2021-08-22 15:00:47,417 MappingDataService::? - SaveWHONetMappingData : MethodStart
INFO  2021-08-22 15:00:47,467 MappingDataService::? - SaveWHONetMappingData : MethodFinish
INFO  2021-08-22 15:00:47,587 MappingDataService::? - GetMappingDataById : MethodStart
INFO  2021-08-22 15:00:47,603 MappingDataService::? - GetMappingDataById : MethodFinish
INFO  2021-08-22 15:00:47,660 MappingDataService::? - GetWHONetMappingListWithModel : MethodStart
INFO  2021-08-22 15:00:47,712 MappingDataService::? - GetWHONetMappingListWithModel : MethodFinish
INFO  2021-08-22 15:00:47,754 MappingDataService::? - GetSpecimenMappingListWithModel : MethodStart
INFO  2021-08-22 15:00:47,869 MappingDataService::? - GetSpecimenMappingListWithModel : MethodFinish
INFO  2021-08-22 15:00:47,922 MappingDataService::? - GetOrganismMappingListWithModel : MethodStart
INFO  2021-08-22 15:00:48,141 MappingDataService::? - GetOrganismMappingListWithModel : MethodFinish
INFO  2021-08-22 15:00:48,186 MappingDataService::? - GetWardTypeMappingListWithModel : MethodStart
INFO  2021-08-22 15:00:48,207 MappingDataService::? - GetWardTypeMappingListWithModel : MethodFinish
INFO  2021-08-22 15:01:03,729 MappingDataService::? - GetWHONetMappingDataWithModel : MethodStart
INFO  2021-08-22 15:01:03,755 MappingDataService::? - GetWHONetMappingDataWithModel : MethodFinish
INFO  2021-08-22 15:01:03,823 MappingDataService::? - SaveWHONetMappingData : MethodStart
INFO  2021-08-22 15:01:03,836 MappingDataService::? - SaveWHONetMappingData : MethodFinish
INFO  2021-08-22 15:01:03,929 MappingDataService::? - GetMappingDataById : MethodStart
INFO  2021-08-22 15:01:03,936 MappingDataService::? - GetMappingDataById : MethodFinish
INFO  2021-08-22 15:01:03,993 MappingDataService::? - GetWHONetMappingListWithModel : MethodStart
INFO  2021-08-22 15:01:04,009 MappingDataService::? - GetWHONetMappingListWithModel : MethodFinish
INFO  2021-08-22 15:01:04,041 MappingDataService::? - GetSpecimenMappingListWithModel : MethodStart
INFO  2021-08-22 15:01:04,080 MappingDataService::? - GetSpecimenMappingListWithModel : MethodFinish
INFO  2021-08-22 15:01:04,114 MappingDataService::? - GetOrganismMappingListWithModel : MethodStart
INFO  2021-08-22 15:01:04,185 MappingDataService::? - GetOrganismMappingListWithModel : MethodFinish
INFO  2021-08-22 15:01:04,220 MappingDataService::? - GetWardTypeMappingListWithModel : MethodStart
INFO  2021-08-22 15:01:04,231 MappingDataService::? - GetWardTypeMappingListWithModel : MethodFinish
INFO  2021-08-22 15:01:22,881 MappingDataService::? - GetWHONetMappingDataWithModel : MethodStart
INFO  2021-08-22 15:01:22,885 MappingDataService::? - GetWHONetMappingDataWithModel : MethodFinish
INFO  2021-08-22 15:01:22,961 MappingDataService::? - SaveWHONetMappingData : MethodStart
INFO  2021-08-22 15:01:22,981 MappingDataService::? - SaveWHONetMappingData : MethodFinish
INFO  2021-08-22 15:01:23,201 MappingDataService::? - GetMappingDataById : MethodStart
INFO  2021-08-22 15:01:23,206 MappingDataService::? - GetMappingDataById : MethodFinish
INFO  2021-08-22 15:01:23,240 MappingDataService::? - GetWHONetMappingListWithModel : MethodStart
INFO  2021-08-22 15:01:23,254 MappingDataService::? - GetWHONetMappingListWithModel : MethodFinish
INFO  2021-08-22 15:01:23,397 MappingDataService::? - GetSpecimenMappingListWithModel : MethodStart
INFO  2021-08-22 15:01:23,475 MappingDataService::? - GetSpecimenMappingListWithModel : MethodFinish
INFO  2021-08-22 15:01:23,588 MappingDataService::? - GetOrganismMappingListWithModel : MethodStart
INFO  2021-08-22 15:01:23,797 MappingDataService::? - GetOrganismMappingListWithModel : MethodFinish
INFO  2021-08-22 15:01:24,045 MappingDataService::? - GetWardTypeMappingListWithModel : MethodStart
INFO  2021-08-22 15:01:24,055 MappingDataService::? - GetWardTypeMappingListWithModel : MethodFinish
INFO  2021-08-22 15:02:01,233 MappingDataService::? - GetWHONetMappingDataWithModel : MethodStart
INFO  2021-08-22 15:02:01,294 MappingDataService::? - GetWHONetMappingDataWithModel : MethodFinish
INFO  2021-08-22 15:02:01,338 MappingDataService::? - SaveWHONetMappingData : MethodStart
INFO  2021-08-22 15:02:01,379 MappingDataService::? - SaveWHONetMappingData : MethodFinish
INFO  2021-08-22 15:02:01,545 MappingDataService::? - GetMappingDataById : MethodStart
INFO  2021-08-22 15:02:01,559 MappingDataService::? - GetMappingDataById : MethodFinish
INFO  2021-08-22 15:02:01,803 MappingDataService::? - GetWHONetMappingListWithModel : MethodStart
INFO  2021-08-22 15:02:01,858 MappingDataService::? - GetWHONetMappingListWithModel : MethodFinish
INFO  2021-08-22 15:02:02,003 MappingDataService::? - GetSpecimenMappingListWithModel : MethodStart
INFO  2021-08-22 15:02:02,137 MappingDataService::? - GetSpecimenMappingListWithModel : MethodFinish
INFO  2021-08-22 15:02:02,185 MappingDataService::? - GetOrganismMappingListWithModel : MethodStart
INFO  2021-08-22 15:02:02,458 MappingDataService::? - GetOrganismMappingListWithModel : MethodFinish
INFO  2021-08-22 15:02:02,501 MappingDataService::? - GetWardTypeMappingListWithModel : MethodStart
INFO  2021-08-22 15:02:02,532 MappingDataService::? - GetWardTypeMappingListWithModel : MethodFinish
INFO  2021-08-22 15:02:13,852 MappingDataService::? - GetWHONetMappingDataWithModel : MethodStart
INFO  2021-08-22 15:02:13,861 MappingDataService::? - GetWHONetMappingDataWithModel : MethodFinish
INFO  2021-08-22 15:02:13,906 MappingDataService::? - SaveWHONetMappingData : MethodStart
INFO  2021-08-22 15:02:13,923 MappingDataService::? - SaveWHONetMappingData : MethodFinish
INFO  2021-08-22 15:02:13,997 MappingDataService::? - GetMappingDataById : MethodStart
INFO  2021-08-22 15:02:14,002 MappingDataService::? - GetMappingDataById : MethodFinish
INFO  2021-08-22 15:02:14,035 MappingDataService::? - GetWHONetMappingListWithModel : MethodStart
INFO  2021-08-22 15:02:14,049 MappingDataService::? - GetWHONetMappingListWithModel : MethodFinish
INFO  2021-08-22 15:02:14,076 MappingDataService::? - GetSpecimenMappingListWithModel : MethodStart
INFO  2021-08-22 15:02:14,131 MappingDataService::? - GetSpecimenMappingListWithModel : MethodFinish
INFO  2021-08-22 15:02:14,175 MappingDataService::? - GetOrganismMappingListWithModel : MethodStart
INFO  2021-08-22 15:02:14,232 MappingDataService::? - GetOrganismMappingListWithModel : MethodFinish
INFO  2021-08-22 15:02:14,264 MappingDataService::? - GetWardTypeMappingListWithModel : MethodStart
INFO  2021-08-22 15:02:14,273 MappingDataService::? - GetWardTypeMappingListWithModel : MethodFinish
INFO  2021-08-22 15:02:26,249 MappingDataService::? - GetWHONetMappingDataWithModel : MethodStart
INFO  2021-08-22 15:02:26,256 MappingDataService::? - GetWHONetMappingDataWithModel : MethodFinish
INFO  2021-08-22 15:02:26,376 MappingDataService::? - SaveWHONetMappingData : MethodStart
INFO  2021-08-22 15:02:26,394 MappingDataService::? - SaveWHONetMappingData : MethodFinish
INFO  2021-08-22 15:02:26,491 MappingDataService::? - GetMappingDataById : MethodStart
INFO  2021-08-22 15:02:26,496 MappingDataService::? - GetMappingDataById : MethodFinish
INFO  2021-08-22 15:02:26,532 MappingDataService::? - GetWHONetMappingListWithModel : MethodStart
INFO  2021-08-22 15:02:26,546 MappingDataService::? - GetWHONetMappingListWithModel : MethodFinish
INFO  2021-08-22 15:02:26,583 MappingDataService::? - GetSpecimenMappingListWithModel : MethodStart
INFO  2021-08-22 15:02:26,647 MappingDataService::? - GetSpecimenMappingListWithModel : MethodFinish
INFO  2021-08-22 15:02:26,710 MappingDataService::? - GetOrganismMappingListWithModel : MethodStart
INFO  2021-08-22 15:02:26,794 MappingDataService::? - GetOrganismMappingListWithModel : MethodFinish
INFO  2021-08-22 15:02:26,837 MappingDataService::? - GetWardTypeMappingListWithModel : MethodStart
INFO  2021-08-22 15:02:26,847 MappingDataService::? - GetWardTypeMappingListWithModel : MethodFinish
INFO  2021-08-22 15:02:44,687 MappingDataService::? - GetWHONetMappingDataWithModel : MethodStart
INFO  2021-08-22 15:02:44,693 MappingDataService::? - GetWHONetMappingDataWithModel : MethodFinish
INFO  2021-08-22 15:02:46,280 MappingDataService::? - SaveWHONetMappingData : MethodStart
INFO  2021-08-22 15:02:46,300 MappingDataService::? - SaveWHONetMappingData : MethodFinish
INFO  2021-08-22 15:02:56,471 MappingDataService::? - GetMappingDataById : MethodStart
INFO  2021-08-22 15:02:56,502 MappingDataService::? - GetMappingDataById : MethodFinish
INFO  2021-08-22 15:03:03,007 MappingDataService::? - GetWHONetMappingListWithModel : MethodStart
INFO  2021-08-22 15:03:03,060 MappingDataService::? - GetWHONetMappingListWithModel : MethodFinish
INFO  2021-08-22 15:03:04,328 MappingDataService::? - GetSpecimenMappingListWithModel : MethodStart
INFO  2021-08-22 15:03:04,428 MappingDataService::? - GetSpecimenMappingListWithModel : MethodFinish
INFO  2021-08-22 15:03:04,460 MappingDataService::? - GetOrganismMappingListWithModel : MethodStart
INFO  2021-08-22 15:03:04,607 MappingDataService::? - GetOrganismMappingListWithModel : MethodFinish
INFO  2021-08-22 15:03:04,641 MappingDataService::? - GetWardTypeMappingListWithModel : MethodStart
INFO  2021-08-22 15:03:04,670 MappingDataService::? - GetWardTypeMappingListWithModel : MethodFinish
INFO  2021-08-22 15:03:20,357 MappingDataService::? - GetWHONetMappingDataWithModel : MethodStart
INFO  2021-08-22 15:03:20,384 MappingDataService::? - GetWHONetMappingDataWithModel : MethodFinish
INFO  2021-08-22 15:03:21,373 MappingDataService::? - SaveWHONetMappingData : MethodStart
INFO  2021-08-22 15:03:21,438 MappingDataService::? - SaveWHONetMappingData : MethodFinish
INFO  2021-08-22 15:03:23,425 MappingDataService::? - GetMappingDataById : MethodStart
INFO  2021-08-22 15:03:23,448 MappingDataService::? - GetMappingDataById : MethodFinish
INFO  2021-08-22 15:03:23,971 MappingDataService::? - GetWHONetMappingListWithModel : MethodStart
INFO  2021-08-22 15:03:23,985 MappingDataService::? - GetWHONetMappingListWithModel : MethodFinish
INFO  2021-08-22 15:03:24,190 MappingDataService::? - GetSpecimenMappingListWithModel : MethodStart
INFO  2021-08-22 15:03:24,239 MappingDataService::? - GetSpecimenMappingListWithModel : MethodFinish
INFO  2021-08-22 15:03:24,277 MappingDataService::? - GetOrganismMappingListWithModel : MethodStart
INFO  2021-08-22 15:03:24,360 MappingDataService::? - GetOrganismMappingListWithModel : MethodFinish
INFO  2021-08-22 15:03:24,522 MappingDataService::? - GetWardTypeMappingListWithModel : MethodStart
INFO  2021-08-22 15:03:24,541 MappingDataService::? - GetWardTypeMappingListWithModel : MethodFinish
INFO  2021-08-22 15:04:42,466 MappingDataService::? - GetWHONetMappingDataWithModel : MethodStart
INFO  2021-08-22 15:04:42,511 MappingDataService::? - GetWHONetMappingDataWithModel : MethodFinish
INFO  2021-08-22 15:04:42,556 MappingDataService::? - SaveWHONetMappingData : MethodStart
INFO  2021-08-22 15:04:42,602 MappingDataService::? - SaveWHONetMappingData : MethodFinish
INFO  2021-08-22 15:04:42,713 MappingDataService::? - GetMappingDataById : MethodStart
INFO  2021-08-22 15:04:42,726 MappingDataService::? - GetMappingDataById : MethodFinish
INFO  2021-08-22 15:04:42,767 MappingDataService::? - GetWHONetMappingListWithModel : MethodStart
INFO  2021-08-22 15:04:42,817 MappingDataService::? - GetWHONetMappingListWithModel : MethodFinish
INFO  2021-08-22 15:04:42,877 MappingDataService::? - GetSpecimenMappingListWithModel : MethodStart
INFO  2021-08-22 15:04:42,983 MappingDataService::? - GetSpecimenMappingListWithModel : MethodFinish
INFO  2021-08-22 15:04:43,048 MappingDataService::? - GetOrganismMappingListWithModel : MethodStart
INFO  2021-08-22 15:04:43,215 MappingDataService::? - GetOrganismMappingListWithModel : MethodFinish
INFO  2021-08-22 15:04:43,251 MappingDataService::? - GetWardTypeMappingListWithModel : MethodStart
INFO  2021-08-22 15:04:43,281 MappingDataService::? - GetWardTypeMappingListWithModel : MethodFinish
INFO  2021-08-22 15:04:53,056 MappingDataService::? - GetWHONetMappingDataWithModel : MethodStart
INFO  2021-08-22 15:04:53,061 MappingDataService::? - GetWHONetMappingDataWithModel : MethodFinish
INFO  2021-08-22 15:04:53,112 MappingDataService::? - SaveWHONetMappingData : MethodStart
INFO  2021-08-22 15:04:53,133 MappingDataService::? - SaveWHONetMappingData : MethodFinish
INFO  2021-08-22 15:04:53,226 MappingDataService::? - GetMappingDataById : MethodStart
INFO  2021-08-22 15:04:53,236 MappingDataService::? - GetMappingDataById : MethodFinish
INFO  2021-08-22 15:04:53,503 MappingDataService::? - GetWHONetMappingListWithModel : MethodStart
INFO  2021-08-22 15:04:53,521 MappingDataService::? - GetWHONetMappingListWithModel : MethodFinish
INFO  2021-08-22 15:04:54,216 MappingDataService::? - GetSpecimenMappingListWithModel : MethodStart
INFO  2021-08-22 15:04:54,287 MappingDataService::? - GetSpecimenMappingListWithModel : MethodFinish
INFO  2021-08-22 15:04:54,756 MappingDataService::? - GetOrganismMappingListWithModel : MethodStart
INFO  2021-08-22 15:04:54,822 MappingDataService::? - GetOrganismMappingListWithModel : MethodFinish
INFO  2021-08-22 15:04:55,075 MappingDataService::? - GetWardTypeMappingListWithModel : MethodStart
INFO  2021-08-22 15:04:55,083 MappingDataService::? - GetWardTypeMappingListWithModel : MethodFinish
INFO  2021-08-22 15:05:07,610 MappingDataService::? - GetWHONetMappingDataWithModel : MethodStart
INFO  2021-08-22 15:05:07,650 MappingDataService::? - GetWHONetMappingDataWithModel : MethodFinish
INFO  2021-08-22 15:05:07,680 MappingDataService::? - SaveWHONetMappingData : MethodStart
INFO  2021-08-22 15:05:07,726 MappingDataService::? - SaveWHONetMappingData : MethodFinish
INFO  2021-08-22 15:05:07,813 MappingDataService::? - GetMappingDataById : MethodStart
INFO  2021-08-22 15:05:07,826 MappingDataService::? - GetMappingDataById : MethodFinish
INFO  2021-08-22 15:05:07,860 MappingDataService::? - GetWHONetMappingListWithModel : MethodStart
INFO  2021-08-22 15:05:07,891 MappingDataService::? - GetWHONetMappingListWithModel : MethodFinish
INFO  2021-08-22 15:05:07,924 MappingDataService::? - GetSpecimenMappingListWithModel : MethodStart
INFO  2021-08-22 15:05:08,052 MappingDataService::? - GetSpecimenMappingListWithModel : MethodFinish
INFO  2021-08-22 15:05:08,154 MappingDataService::? - GetOrganismMappingListWithModel : MethodStart
INFO  2021-08-22 15:05:08,475 MappingDataService::? - GetOrganismMappingListWithModel : MethodFinish
INFO  2021-08-22 15:05:08,843 MappingDataService::? - GetWardTypeMappingListWithModel : MethodStart
INFO  2021-08-22 15:05:08,870 MappingDataService::? - GetWardTypeMappingListWithModel : MethodFinish
INFO  2021-08-22 15:05:27,042 MappingDataService::? - GetWHONetMappingDataWithModel : MethodStart
INFO  2021-08-22 15:05:27,048 MappingDataService::? - GetWHONetMappingDataWithModel : MethodFinish
INFO  2021-08-22 15:05:27,175 MappingDataService::? - SaveWHONetMappingData : MethodStart
INFO  2021-08-22 15:05:27,206 MappingDataService::? - SaveWHONetMappingData : MethodFinish
INFO  2021-08-22 15:05:27,336 MappingDataService::? - GetMappingDataById : MethodStart
INFO  2021-08-22 15:05:27,343 MappingDataService::? - GetMappingDataById : MethodFinish
INFO  2021-08-22 15:05:27,374 MappingDataService::? - GetWHONetMappingListWithModel : MethodStart
INFO  2021-08-22 15:05:27,391 MappingDataService::? - GetWHONetMappingListWithModel : MethodFinish
INFO  2021-08-22 15:05:27,425 MappingDataService::? - GetSpecimenMappingListWithModel : MethodStart
INFO  2021-08-22 15:05:27,461 MappingDataService::? - GetSpecimenMappingListWithModel : MethodFinish
INFO  2021-08-22 15:05:27,492 MappingDataService::? - GetOrganismMappingListWithModel : MethodStart
INFO  2021-08-22 15:05:27,601 MappingDataService::? - GetOrganismMappingListWithModel : MethodFinish
INFO  2021-08-22 15:05:27,686 MappingDataService::? - GetWardTypeMappingListWithModel : MethodStart
INFO  2021-08-22 15:05:27,696 MappingDataService::? - GetWardTypeMappingListWithModel : MethodFinish
INFO  2021-08-22 15:06:10,879 MappingDataService::? - GetSpecimenMappingDataWithModel : MethodStart
INFO  2021-08-22 15:06:13,281 MappingDataService::? - GetSpecimenMappingDataWithModel : MethodFinish
INFO  2021-08-22 15:06:13,405 MappingDataService::? - SaveSpecimenMappingData : MethodStart
INFO  2021-08-22 15:06:13,536 MappingDataService::? - SaveSpecimenMappingData : MethodFinish
INFO  2021-08-22 15:06:13,737 MappingDataService::? - GetMappingDataById : MethodStart
INFO  2021-08-22 15:06:13,758 MappingDataService::? - GetMappingDataById : MethodFinish
INFO  2021-08-22 15:06:13,869 MappingDataService::? - GetWHONetMappingListWithModel : MethodStart
INFO  2021-08-22 15:06:13,923 MappingDataService::? - GetWHONetMappingListWithModel : MethodFinish
INFO  2021-08-22 15:06:14,080 MappingDataService::? - GetSpecimenMappingListWithModel : MethodStart
INFO  2021-08-22 15:06:14,192 MappingDataService::? - GetSpecimenMappingListWithModel : MethodFinish
INFO  2021-08-22 15:06:14,252 MappingDataService::? - GetOrganismMappingListWithModel : MethodStart
INFO  2021-08-22 15:06:14,459 MappingDataService::? - GetOrganismMappingListWithModel : MethodFinish
INFO  2021-08-22 15:06:14,597 MappingDataService::? - GetWardTypeMappingListWithModel : MethodStart
INFO  2021-08-22 15:06:14,631 MappingDataService::? - GetWardTypeMappingListWithModel : MethodFinish
INFO  2021-08-22 15:06:27,184 MappingDataService::? - GetSpecimenMappingDataWithModel : MethodStart
INFO  2021-08-22 15:06:27,218 MappingDataService::? - GetSpecimenMappingDataWithModel : MethodFinish
INFO  2021-08-22 15:06:27,253 MappingDataService::? - SaveSpecimenMappingData : MethodStart
INFO  2021-08-22 15:06:27,264 MappingDataService::? - SaveSpecimenMappingData : MethodFinish
INFO  2021-08-22 15:06:27,345 MappingDataService::? - GetMappingDataById : MethodStart
INFO  2021-08-22 15:06:27,351 MappingDataService::? - GetMappingDataById : MethodFinish
INFO  2021-08-22 15:06:27,395 MappingDataService::? - GetWHONetMappingListWithModel : MethodStart
INFO  2021-08-22 15:06:27,411 MappingDataService::? - GetWHONetMappingListWithModel : MethodFinish
INFO  2021-08-22 15:06:27,463 MappingDataService::? - GetSpecimenMappingListWithModel : MethodStart
INFO  2021-08-22 15:06:27,512 MappingDataService::? - GetSpecimenMappingListWithModel : MethodFinish
INFO  2021-08-22 15:06:27,548 MappingDataService::? - GetOrganismMappingListWithModel : MethodStart
INFO  2021-08-22 15:06:27,601 MappingDataService::? - GetOrganismMappingListWithModel : MethodFinish
INFO  2021-08-22 15:06:27,637 MappingDataService::? - GetWardTypeMappingListWithModel : MethodStart
INFO  2021-08-22 15:06:27,645 MappingDataService::? - GetWardTypeMappingListWithModel : MethodFinish
INFO  2021-08-22 15:06:45,979 MappingDataService::? - GetSpecimenMappingDataWithModel : MethodStart
INFO  2021-08-22 15:06:46,018 MappingDataService::? - GetSpecimenMappingDataWithModel : MethodFinish
INFO  2021-08-22 15:06:46,076 MappingDataService::? - SaveSpecimenMappingData : MethodStart
INFO  2021-08-22 15:06:46,094 MappingDataService::? - SaveSpecimenMappingData : MethodFinish
INFO  2021-08-22 15:06:46,204 MappingDataService::? - GetMappingDataById : MethodStart
INFO  2021-08-22 15:06:46,211 MappingDataService::? - GetMappingDataById : MethodFinish
INFO  2021-08-22 15:06:46,281 MappingDataService::? - GetWHONetMappingListWithModel : MethodStart
INFO  2021-08-22 15:06:46,301 MappingDataService::? - GetWHONetMappingListWithModel : MethodFinish
INFO  2021-08-22 15:06:46,368 MappingDataService::? - GetSpecimenMappingListWithModel : MethodStart
INFO  2021-08-22 15:06:46,431 MappingDataService::? - GetSpecimenMappingListWithModel : MethodFinish
INFO  2021-08-22 15:06:46,490 MappingDataService::? - GetOrganismMappingListWithModel : MethodStart
INFO  2021-08-22 15:06:46,737 MappingDataService::? - GetOrganismMappingListWithModel : MethodFinish
INFO  2021-08-22 15:06:46,882 MappingDataService::? - GetWardTypeMappingListWithModel : MethodStart
INFO  2021-08-22 15:06:46,891 MappingDataService::? - GetWardTypeMappingListWithModel : MethodFinish
INFO  2021-08-22 15:06:56,272 MappingDataService::? - GetSpecimenMappingDataWithModel : MethodStart
INFO  2021-08-22 15:06:56,308 MappingDataService::? - GetSpecimenMappingDataWithModel : MethodFinish
INFO  2021-08-22 15:06:56,345 MappingDataService::? - SaveSpecimenMappingData : MethodStart
INFO  2021-08-22 15:06:56,361 MappingDataService::? - SaveSpecimenMappingData : MethodFinish
INFO  2021-08-22 15:06:56,541 MappingDataService::? - GetMappingDataById : MethodStart
INFO  2021-08-22 15:06:56,548 MappingDataService::? - GetMappingDataById : MethodFinish
INFO  2021-08-22 15:06:56,588 MappingDataService::? - GetWHONetMappingListWithModel : MethodStart
INFO  2021-08-22 15:06:56,603 MappingDataService::? - GetWHONetMappingListWithModel : MethodFinish
INFO  2021-08-22 15:06:56,667 MappingDataService::? - GetSpecimenMappingListWithModel : MethodStart
INFO  2021-08-22 15:06:56,733 MappingDataService::? - GetSpecimenMappingListWithModel : MethodFinish
INFO  2021-08-22 15:06:56,909 MappingDataService::? - GetOrganismMappingListWithModel : MethodStart
INFO  2021-08-22 15:06:57,014 MappingDataService::? - GetOrganismMappingListWithModel : MethodFinish
INFO  2021-08-22 15:06:57,056 MappingDataService::? - GetWardTypeMappingListWithModel : MethodStart
INFO  2021-08-22 15:06:57,066 MappingDataService::? - GetWardTypeMappingListWithModel : MethodFinish
INFO  2021-08-22 15:07:55,182 MappingDataService::? - GetOrganismMappingDataWithModel : MethodStart
INFO  2021-08-22 15:07:55,303 MappingDataService::? - GetOrganismMappingDataWithModel : MethodFinish
INFO  2021-08-22 15:07:55,377 MappingDataService::? - SaveOrganismMappingData : MethodStart
INFO  2021-08-22 15:07:55,473 MappingDataService::? - SaveOrganismMappingData : MethodFinish
INFO  2021-08-22 15:07:55,593 MappingDataService::? - GetMappingDataById : MethodStart
INFO  2021-08-22 15:07:55,603 MappingDataService::? - GetMappingDataById : MethodFinish
INFO  2021-08-22 15:07:55,643 MappingDataService::? - GetWHONetMappingListWithModel : MethodStart
INFO  2021-08-22 15:07:55,685 MappingDataService::? - GetWHONetMappingListWithModel : MethodFinish
INFO  2021-08-22 15:07:55,726 MappingDataService::? - GetSpecimenMappingListWithModel : MethodStart
INFO  2021-08-22 15:07:55,871 MappingDataService::? - GetSpecimenMappingListWithModel : MethodFinish
INFO  2021-08-22 15:07:55,935 MappingDataService::? - GetOrganismMappingListWithModel : MethodStart
INFO  2021-08-22 15:07:56,028 MappingDataService::? - GetOrganismMappingListWithModel : MethodFinish
INFO  2021-08-22 15:07:56,073 MappingDataService::? - GetWardTypeMappingListWithModel : MethodStart
INFO  2021-08-22 15:07:56,097 MappingDataService::? - GetWardTypeMappingListWithModel : MethodFinish
INFO  2021-08-22 15:08:13,850 MappingDataService::? - GetOrganismMappingDataWithModel : MethodStart
INFO  2021-08-22 15:08:13,918 MappingDataService::? - GetOrganismMappingDataWithModel : MethodFinish
INFO  2021-08-22 15:08:13,962 MappingDataService::? - SaveOrganismMappingData : MethodStart
INFO  2021-08-22 15:08:13,978 MappingDataService::? - SaveOrganismMappingData : MethodFinish
INFO  2021-08-22 15:08:14,191 MappingDataService::? - GetMappingDataById : MethodStart
INFO  2021-08-22 15:08:14,213 MappingDataService::? - GetMappingDataById : MethodFinish
INFO  2021-08-22 15:08:14,386 MappingDataService::? - GetWHONetMappingListWithModel : MethodStart
INFO  2021-08-22 15:08:14,421 MappingDataService::? - GetWHONetMappingListWithModel : MethodFinish
INFO  2021-08-22 15:08:14,534 MappingDataService::? - GetSpecimenMappingListWithModel : MethodStart
INFO  2021-08-22 15:08:14,603 MappingDataService::? - GetSpecimenMappingListWithModel : MethodFinish
INFO  2021-08-22 15:08:14,815 MappingDataService::? - GetOrganismMappingListWithModel : MethodStart
INFO  2021-08-22 15:08:14,947 MappingDataService::? - GetOrganismMappingListWithModel : MethodFinish
INFO  2021-08-22 15:08:15,088 MappingDataService::? - GetWardTypeMappingListWithModel : MethodStart
INFO  2021-08-22 15:08:15,099 MappingDataService::? - GetWardTypeMappingListWithModel : MethodFinish
INFO  2021-08-22 15:08:32,269 MappingDataService::? - GetOrganismMappingDataWithModel : MethodStart
INFO  2021-08-22 15:08:32,373 MappingDataService::? - GetOrganismMappingDataWithModel : MethodFinish
INFO  2021-08-22 15:08:32,418 MappingDataService::? - SaveOrganismMappingData : MethodStart
INFO  2021-08-22 15:08:32,460 MappingDataService::? - SaveOrganismMappingData : MethodFinish
INFO  2021-08-22 15:08:32,557 MappingDataService::? - GetMappingDataById : MethodStart
INFO  2021-08-22 15:08:32,569 MappingDataService::? - GetMappingDataById : MethodFinish
INFO  2021-08-22 15:08:32,599 MappingDataService::? - GetWHONetMappingListWithModel : MethodStart
INFO  2021-08-22 15:08:32,646 MappingDataService::? - GetWHONetMappingListWithModel : MethodFinish
INFO  2021-08-22 15:08:32,685 MappingDataService::? - GetSpecimenMappingListWithModel : MethodStart
INFO  2021-08-22 15:08:32,823 MappingDataService::? - GetSpecimenMappingListWithModel : MethodFinish
INFO  2021-08-22 15:08:32,879 MappingDataService::? - GetOrganismMappingListWithModel : MethodStart
INFO  2021-08-22 15:08:33,149 MappingDataService::? - GetOrganismMappingListWithModel : MethodFinish
INFO  2021-08-22 15:08:33,246 MappingDataService::? - GetWardTypeMappingListWithModel : MethodStart
INFO  2021-08-22 15:08:33,285 MappingDataService::? - GetWardTypeMappingListWithModel : MethodFinish
INFO  2021-08-22 15:09:00,168 MappingDataService::? - GetOrganismMappingDataWithModel : MethodStart
INFO  2021-08-22 15:09:00,238 MappingDataService::? - GetOrganismMappingDataWithModel : MethodFinish
INFO  2021-08-22 15:09:00,337 MappingDataService::? - SaveOrganismMappingData : MethodStart
INFO  2021-08-22 15:09:00,351 MappingDataService::? - SaveOrganismMappingData : MethodFinish
INFO  2021-08-22 15:09:00,455 MappingDataService::? - GetMappingDataById : MethodStart
INFO  2021-08-22 15:09:00,460 MappingDataService::? - GetMappingDataById : MethodFinish
INFO  2021-08-22 15:09:00,500 MappingDataService::? - GetWHONetMappingListWithModel : MethodStart
INFO  2021-08-22 15:09:00,516 MappingDataService::? - GetWHONetMappingListWithModel : MethodFinish
INFO  2021-08-22 15:09:00,553 MappingDataService::? - GetSpecimenMappingListWithModel : MethodStart
INFO  2021-08-22 15:09:00,613 MappingDataService::? - GetSpecimenMappingListWithModel : MethodFinish
INFO  2021-08-22 15:09:00,716 MappingDataService::? - GetOrganismMappingListWithModel : MethodStart
INFO  2021-08-22 15:09:00,829 MappingDataService::? - GetOrganismMappingListWithModel : MethodFinish
INFO  2021-08-22 15:09:00,885 MappingDataService::? - GetWardTypeMappingListWithModel : MethodStart
INFO  2021-08-22 15:09:00,894 MappingDataService::? - GetWardTypeMappingListWithModel : MethodFinish
INFO  2021-08-22 15:09:24,403 MappingDataService::? - GetOrganismMappingDataWithModel : MethodStart
INFO  2021-08-22 15:09:24,438 MappingDataService::? - GetOrganismMappingDataWithModel : MethodFinish
INFO  2021-08-22 15:09:24,469 MappingDataService::? - SaveOrganismMappingData : MethodStart
INFO  2021-08-22 15:09:24,478 MappingDataService::? - SaveOrganismMappingData : MethodFinish
INFO  2021-08-22 15:09:24,562 MappingDataService::? - GetMappingDataById : MethodStart
INFO  2021-08-22 15:09:24,573 MappingDataService::? - GetMappingDataById : MethodFinish
INFO  2021-08-22 15:09:24,612 MappingDataService::? - GetWHONetMappingListWithModel : MethodStart
INFO  2021-08-22 15:09:24,629 MappingDataService::? - GetWHONetMappingListWithModel : MethodFinish
INFO  2021-08-22 15:09:24,675 MappingDataService::? - GetSpecimenMappingListWithModel : MethodStart
INFO  2021-08-22 15:09:24,728 MappingDataService::? - GetSpecimenMappingListWithModel : MethodFinish
INFO  2021-08-22 15:09:24,765 MappingDataService::? - GetOrganismMappingListWithModel : MethodStart
INFO  2021-08-22 15:09:24,918 MappingDataService::? - GetOrganismMappingListWithModel : MethodFinish
INFO  2021-08-22 15:09:25,077 MappingDataService::? - GetWardTypeMappingListWithModel : MethodStart
INFO  2021-08-22 15:09:25,090 MappingDataService::? - GetWardTypeMappingListWithModel : MethodFinish
INFO  2021-08-22 15:09:48,163 MappingDataService::? - GetOrganismMappingDataWithModel : MethodStart
INFO  2021-08-22 15:09:48,364 MappingDataService::? - GetOrganismMappingDataWithModel : MethodFinish
INFO  2021-08-22 15:09:48,407 MappingDataService::? - SaveOrganismMappingData : MethodStart
INFO  2021-08-22 15:09:48,446 MappingDataService::? - SaveOrganismMappingData : MethodFinish
INFO  2021-08-22 15:09:48,539 MappingDataService::? - GetMappingDataById : MethodStart
INFO  2021-08-22 15:09:48,551 MappingDataService::? - GetMappingDataById : MethodFinish
INFO  2021-08-22 15:09:48,589 MappingDataService::? - GetWHONetMappingListWithModel : MethodStart
INFO  2021-08-22 15:09:48,627 MappingDataService::? - GetWHONetMappingListWithModel : MethodFinish
INFO  2021-08-22 15:09:48,660 MappingDataService::? - GetSpecimenMappingListWithModel : MethodStart
INFO  2021-08-22 15:09:48,771 MappingDataService::? - GetSpecimenMappingListWithModel : MethodFinish
INFO  2021-08-22 15:09:48,809 MappingDataService::? - GetOrganismMappingListWithModel : MethodStart
INFO  2021-08-22 15:09:48,893 MappingDataService::? - GetOrganismMappingListWithModel : MethodFinish
INFO  2021-08-22 15:09:48,930 MappingDataService::? - GetWardTypeMappingListWithModel : MethodStart
INFO  2021-08-22 15:09:48,955 MappingDataService::? - GetWardTypeMappingListWithModel : MethodFinish
INFO  2021-08-22 15:10:05,748 MappingDataService::? - GetOrganismMappingDataWithModel : MethodStart
INFO  2021-08-22 15:10:05,808 MappingDataService::? - GetOrganismMappingDataWithModel : MethodFinish
INFO  2021-08-22 15:10:05,853 MappingDataService::? - SaveOrganismMappingData : MethodStart
INFO  2021-08-22 15:10:05,870 MappingDataService::? - SaveOrganismMappingData : MethodFinish
INFO  2021-08-22 15:10:05,976 MappingDataService::? - GetMappingDataById : MethodStart
INFO  2021-08-22 15:10:05,981 MappingDataService::? - GetMappingDataById : MethodFinish
INFO  2021-08-22 15:10:06,090 MappingDataService::? - GetWHONetMappingListWithModel : MethodStart
INFO  2021-08-22 15:10:06,112 MappingDataService::? - GetWHONetMappingListWithModel : MethodFinish
INFO  2021-08-22 15:10:06,194 MappingDataService::? - GetSpecimenMappingListWithModel : MethodStart
INFO  2021-08-22 15:10:06,253 MappingDataService::? - GetSpecimenMappingListWithModel : MethodFinish
INFO  2021-08-22 15:10:06,363 MappingDataService::? - GetOrganismMappingListWithModel : MethodStart
INFO  2021-08-22 15:10:06,460 MappingDataService::? - GetOrganismMappingListWithModel : MethodFinish
INFO  2021-08-22 15:10:06,596 MappingDataService::? - GetWardTypeMappingListWithModel : MethodStart
INFO  2021-08-22 15:10:06,611 MappingDataService::? - GetWardTypeMappingListWithModel : MethodFinish
INFO  2021-08-22 15:10:22,487 MappingDataService::? - GetOrganismMappingDataWithModel : MethodStart
INFO  2021-08-22 15:10:22,528 MappingDataService::? - GetOrganismMappingDataWithModel : MethodFinish
INFO  2021-08-22 15:10:22,594 MappingDataService::? - SaveOrganismMappingData : MethodStart
INFO  2021-08-22 15:10:22,623 MappingDataService::? - SaveOrganismMappingData : MethodFinish
INFO  2021-08-22 15:10:22,734 MappingDataService::? - GetMappingDataById : MethodStart
INFO  2021-08-22 15:10:22,740 MappingDataService::? - GetMappingDataById : MethodFinish
INFO  2021-08-22 15:10:22,784 MappingDataService::? - GetWHONetMappingListWithModel : MethodStart
INFO  2021-08-22 15:10:22,798 MappingDataService::? - GetWHONetMappingListWithModel : MethodFinish
INFO  2021-08-22 15:10:22,849 MappingDataService::? - GetSpecimenMappingListWithModel : MethodStart
INFO  2021-08-22 15:10:22,913 MappingDataService::? - GetSpecimenMappingListWithModel : MethodFinish
INFO  2021-08-22 15:10:22,949 MappingDataService::? - GetOrganismMappingListWithModel : MethodStart
INFO  2021-08-22 15:10:23,010 MappingDataService::? - GetOrganismMappingListWithModel : MethodFinish
INFO  2021-08-22 15:10:23,056 MappingDataService::? - GetWardTypeMappingListWithModel : MethodStart
INFO  2021-08-22 15:10:23,066 MappingDataService::? - GetWardTypeMappingListWithModel : MethodFinish
INFO  2021-08-22 15:10:46,703 MappingDataService::? - GetOrganismMappingDataWithModel : MethodStart
INFO  2021-08-22 15:10:46,825 MappingDataService::? - GetOrganismMappingDataWithModel : MethodFinish
INFO  2021-08-22 15:10:46,873 MappingDataService::? - SaveOrganismMappingData : MethodStart
INFO  2021-08-22 15:10:46,920 MappingDataService::? - SaveOrganismMappingData : MethodFinish
INFO  2021-08-22 15:10:47,014 MappingDataService::? - GetMappingDataById : MethodStart
INFO  2021-08-22 15:10:47,026 MappingDataService::? - GetMappingDataById : MethodFinish
INFO  2021-08-22 15:10:47,057 MappingDataService::? - GetWHONetMappingListWithModel : MethodStart
INFO  2021-08-22 15:10:47,108 MappingDataService::? - GetWHONetMappingListWithModel : MethodFinish
INFO  2021-08-22 15:10:47,145 MappingDataService::? - GetSpecimenMappingListWithModel : MethodStart
INFO  2021-08-22 15:10:47,241 MappingDataService::? - GetSpecimenMappingListWithModel : MethodFinish
INFO  2021-08-22 15:10:47,275 MappingDataService::? - GetOrganismMappingListWithModel : MethodStart
INFO  2021-08-22 15:10:47,365 MappingDataService::? - GetOrganismMappingListWithModel : MethodFinish
INFO  2021-08-22 15:10:47,462 MappingDataService::? - GetWardTypeMappingListWithModel : MethodStart
INFO  2021-08-22 15:10:47,487 MappingDataService::? - GetWardTypeMappingListWithModel : MethodFinish
INFO  2021-08-22 15:11:05,429 MappingDataService::? - GetOrganismMappingDataWithModel : MethodStart
INFO  2021-08-22 15:11:05,483 MappingDataService::? - GetOrganismMappingDataWithModel : MethodFinish
INFO  2021-08-22 15:11:05,523 MappingDataService::? - SaveOrganismMappingData : MethodStart
INFO  2021-08-22 15:11:05,533 MappingDataService::? - SaveOrganismMappingData : MethodFinish
INFO  2021-08-22 15:11:05,620 MappingDataService::? - GetMappingDataById : MethodStart
INFO  2021-08-22 15:11:05,624 MappingDataService::? - GetMappingDataById : MethodFinish
INFO  2021-08-22 15:11:05,658 MappingDataService::? - GetWHONetMappingListWithModel : MethodStart
INFO  2021-08-22 15:11:05,672 MappingDataService::? - GetWHONetMappingListWithModel : MethodFinish
INFO  2021-08-22 15:11:05,712 MappingDataService::? - GetSpecimenMappingListWithModel : MethodStart
INFO  2021-08-22 15:11:05,746 MappingDataService::? - GetSpecimenMappingListWithModel : MethodFinish
INFO  2021-08-22 15:11:05,777 MappingDataService::? - GetOrganismMappingListWithModel : MethodStart
INFO  2021-08-22 15:11:05,829 MappingDataService::? - GetOrganismMappingListWithModel : MethodFinish
INFO  2021-08-22 15:11:05,862 MappingDataService::? - GetWardTypeMappingListWithModel : MethodStart
INFO  2021-08-22 15:11:05,871 MappingDataService::? - GetWardTypeMappingListWithModel : MethodFinish
INFO  2021-08-22 15:11:35,915 MappingDataService::? - GetOrganismMappingDataWithModel : MethodStart
INFO  2021-08-22 15:11:35,956 MappingDataService::? - GetOrganismMappingDataWithModel : MethodFinish
INFO  2021-08-22 15:11:36,007 MappingDataService::? - SaveOrganismMappingData : MethodStart
INFO  2021-08-22 15:11:36,022 MappingDataService::? - SaveOrganismMappingData : MethodFinish
INFO  2021-08-22 15:11:36,102 MappingDataService::? - GetMappingDataById : MethodStart
INFO  2021-08-22 15:11:36,107 MappingDataService::? - GetMappingDataById : MethodFinish
INFO  2021-08-22 15:11:36,149 MappingDataService::? - GetWHONetMappingListWithModel : MethodStart
INFO  2021-08-22 15:11:36,164 MappingDataService::? - GetWHONetMappingListWithModel : MethodFinish
INFO  2021-08-22 15:11:36,217 MappingDataService::? - GetSpecimenMappingListWithModel : MethodStart
INFO  2021-08-22 15:11:36,283 MappingDataService::? - GetSpecimenMappingListWithModel : MethodFinish
INFO  2021-08-22 15:11:36,336 MappingDataService::? - GetOrganismMappingListWithModel : MethodStart
INFO  2021-08-22 15:11:36,439 MappingDataService::? - GetOrganismMappingListWithModel : MethodFinish
INFO  2021-08-22 15:11:36,511 MappingDataService::? - GetWardTypeMappingListWithModel : MethodStart
INFO  2021-08-22 15:11:36,520 MappingDataService::? - GetWardTypeMappingListWithModel : MethodFinish
INFO  2021-08-22 15:12:06,694 MappingDataService::? - GetOrganismMappingDataWithModel : MethodStart
INFO  2021-08-22 15:12:06,815 MappingDataService::? - GetOrganismMappingDataWithModel : MethodFinish
INFO  2021-08-22 15:12:06,869 MappingDataService::? - SaveOrganismMappingData : MethodStart
INFO  2021-08-22 15:12:06,937 MappingDataService::? - SaveOrganismMappingData : MethodFinish
INFO  2021-08-22 15:12:07,028 MappingDataService::? - GetMappingDataById : MethodStart
INFO  2021-08-22 15:12:07,040 MappingDataService::? - GetMappingDataById : MethodFinish
INFO  2021-08-22 15:12:07,075 MappingDataService::? - GetWHONetMappingListWithModel : MethodStart
INFO  2021-08-22 15:12:07,111 MappingDataService::? - GetWHONetMappingListWithModel : MethodFinish
INFO  2021-08-22 15:12:07,148 MappingDataService::? - GetSpecimenMappingListWithModel : MethodStart
INFO  2021-08-22 15:12:07,281 MappingDataService::? - GetSpecimenMappingListWithModel : MethodFinish
INFO  2021-08-22 15:12:07,362 MappingDataService::? - GetOrganismMappingListWithModel : MethodStart
INFO  2021-08-22 15:12:07,482 MappingDataService::? - GetOrganismMappingListWithModel : MethodFinish
INFO  2021-08-22 15:12:07,534 MappingDataService::? - GetWardTypeMappingListWithModel : MethodStart
INFO  2021-08-22 15:12:07,560 MappingDataService::? - GetWardTypeMappingListWithModel : MethodFinish
INFO  2021-08-22 15:12:27,706 MappingDataService::? - GetOrganismMappingDataWithModel : MethodStart
INFO  2021-08-22 15:12:27,748 MappingDataService::? - GetOrganismMappingDataWithModel : MethodFinish
INFO  2021-08-22 15:12:27,797 MappingDataService::? - SaveOrganismMappingData : MethodStart
INFO  2021-08-22 15:12:27,807 MappingDataService::? - SaveOrganismMappingData : MethodFinish
INFO  2021-08-22 15:12:27,913 MappingDataService::? - GetMappingDataById : MethodStart
INFO  2021-08-22 15:12:27,918 MappingDataService::? - GetMappingDataById : MethodFinish
INFO  2021-08-22 15:12:27,963 MappingDataService::? - GetWHONetMappingListWithModel : MethodStart
INFO  2021-08-22 15:12:27,976 MappingDataService::? - GetWHONetMappingListWithModel : MethodFinish
INFO  2021-08-22 15:12:28,011 MappingDataService::? - GetSpecimenMappingListWithModel : MethodStart
INFO  2021-08-22 15:12:28,075 MappingDataService::? - GetSpecimenMappingListWithModel : MethodFinish
INFO  2021-08-22 15:12:28,126 MappingDataService::? - GetOrganismMappingListWithModel : MethodStart
INFO  2021-08-22 15:12:28,194 MappingDataService::? - GetOrganismMappingListWithModel : MethodFinish
INFO  2021-08-22 15:12:28,230 MappingDataService::? - GetWardTypeMappingListWithModel : MethodStart
INFO  2021-08-22 15:12:28,242 MappingDataService::? - GetWardTypeMappingListWithModel : MethodFinish
INFO  2021-08-22 15:13:15,202 MappingDataService::? - GetWardTypeMappingDataWithModel : MethodStart
INFO  2021-08-22 15:13:15,243 MappingDataService::? - GetWardTypeMappingDataWithModel : MethodFinish
INFO  2021-08-22 15:13:15,303 MappingDataService::? - SaveWardTypeMappingData : MethodStart
INFO  2021-08-22 15:13:15,426 MappingDataService::? - SaveWardTypeMappingData : MethodFinish
INFO  2021-08-22 15:13:15,577 MappingDataService::? - GetMappingDataById : MethodStart
INFO  2021-08-22 15:13:15,597 MappingDataService::? - GetMappingDataById : MethodFinish
INFO  2021-08-22 15:13:15,638 MappingDataService::? - GetWHONetMappingListWithModel : MethodStart
INFO  2021-08-22 15:13:15,674 MappingDataService::? - GetWHONetMappingListWithModel : MethodFinish
INFO  2021-08-22 15:13:15,718 MappingDataService::? - GetSpecimenMappingListWithModel : MethodStart
INFO  2021-08-22 15:13:15,857 MappingDataService::? - GetSpecimenMappingListWithModel : MethodFinish
INFO  2021-08-22 15:13:15,897 MappingDataService::? - GetOrganismMappingListWithModel : MethodStart
INFO  2021-08-22 15:13:16,168 MappingDataService::? - GetOrganismMappingListWithModel : MethodFinish
INFO  2021-08-22 15:13:16,227 MappingDataService::? - GetWardTypeMappingListWithModel : MethodStart
INFO  2021-08-22 15:13:16,267 MappingDataService::? - GetWardTypeMappingListWithModel : MethodFinish
INFO  2021-08-22 15:13:24,014 MappingDataService::? - GetWardTypeMappingDataWithModel : MethodStart
INFO  2021-08-22 15:13:24,025 MappingDataService::? - GetWardTypeMappingDataWithModel : MethodFinish
INFO  2021-08-22 15:13:24,070 MappingDataService::? - SaveWardTypeMappingData : MethodStart
INFO  2021-08-22 15:13:24,080 MappingDataService::? - SaveWardTypeMappingData : MethodFinish
INFO  2021-08-22 15:13:24,171 MappingDataService::? - GetMappingDataById : MethodStart
INFO  2021-08-22 15:13:24,176 MappingDataService::? - GetMappingDataById : MethodFinish
INFO  2021-08-22 15:13:24,210 MappingDataService::? - GetWHONetMappingListWithModel : MethodStart
INFO  2021-08-22 15:13:24,226 MappingDataService::? - GetWHONetMappingListWithModel : MethodFinish
INFO  2021-08-22 15:13:24,261 MappingDataService::? - GetSpecimenMappingListWithModel : MethodStart
INFO  2021-08-22 15:13:24,297 MappingDataService::? - GetSpecimenMappingListWithModel : MethodFinish
INFO  2021-08-22 15:13:24,337 MappingDataService::? - GetOrganismMappingListWithModel : MethodStart
INFO  2021-08-22 15:13:24,395 MappingDataService::? - GetOrganismMappingListWithModel : MethodFinish
INFO  2021-08-22 15:13:24,447 MappingDataService::? - GetWardTypeMappingListWithModel : MethodStart
INFO  2021-08-22 15:13:24,458 MappingDataService::? - GetWardTypeMappingListWithModel : MethodFinish
INFO  2021-08-22 15:13:39,673 MappingDataService::? - GetWardTypeMappingDataWithModel : MethodStart
INFO  2021-08-22 15:13:39,683 MappingDataService::? - GetWardTypeMappingDataWithModel : MethodFinish
INFO  2021-08-22 15:13:39,727 MappingDataService::? - SaveWardTypeMappingData : MethodStart
INFO  2021-08-22 15:13:39,739 MappingDataService::? - SaveWardTypeMappingData : MethodFinish
INFO  2021-08-22 15:13:39,850 MappingDataService::? - GetMappingDataById : MethodStart
INFO  2021-08-22 15:13:39,856 MappingDataService::? - GetMappingDataById : MethodFinish
INFO  2021-08-22 15:13:39,908 MappingDataService::? - GetWHONetMappingListWithModel : MethodStart
INFO  2021-08-22 15:13:39,923 MappingDataService::? - GetWHONetMappingListWithModel : MethodFinish
INFO  2021-08-22 15:13:39,971 MappingDataService::? - GetSpecimenMappingListWithModel : MethodStart
INFO  2021-08-22 15:13:40,038 MappingDataService::? - GetSpecimenMappingListWithModel : MethodFinish
INFO  2021-08-22 15:13:40,147 MappingDataService::? - GetOrganismMappingListWithModel : MethodStart
INFO  2021-08-22 15:13:40,332 MappingDataService::? - GetOrganismMappingListWithModel : MethodFinish
INFO  2021-08-22 15:13:40,562 MappingDataService::? - GetWardTypeMappingListWithModel : MethodStart
INFO  2021-08-22 15:13:40,588 MappingDataService::? - GetWardTypeMappingListWithModel : MethodFinish
INFO  2021-08-22 15:13:54,142 MappingDataService::? - GetWardTypeMappingDataWithModel : MethodStart
INFO  2021-08-22 15:13:54,151 MappingDataService::? - GetWardTypeMappingDataWithModel : MethodFinish
INFO  2021-08-22 15:13:54,196 MappingDataService::? - SaveWardTypeMappingData : MethodStart
INFO  2021-08-22 15:13:54,210 MappingDataService::? - SaveWardTypeMappingData : MethodFinish
INFO  2021-08-22 15:13:54,311 MappingDataService::? - GetMappingDataById : MethodStart
INFO  2021-08-22 15:13:54,317 MappingDataService::? - GetMappingDataById : MethodFinish
INFO  2021-08-22 15:13:54,360 MappingDataService::? - GetWHONetMappingListWithModel : MethodStart
INFO  2021-08-22 15:13:54,377 MappingDataService::? - GetWHONetMappingListWithModel : MethodFinish
INFO  2021-08-22 15:13:54,417 MappingDataService::? - GetSpecimenMappingListWithModel : MethodStart
INFO  2021-08-22 15:13:54,462 MappingDataService::? - GetSpecimenMappingListWithModel : MethodFinish
INFO  2021-08-22 15:13:54,502 MappingDataService::? - GetOrganismMappingListWithModel : MethodStart
INFO  2021-08-22 15:13:54,565 MappingDataService::? - GetOrganismMappingListWithModel : MethodFinish
INFO  2021-08-22 15:13:54,605 MappingDataService::? - GetWardTypeMappingListWithModel : MethodStart
INFO  2021-08-22 15:13:54,616 MappingDataService::? - GetWardTypeMappingListWithModel : MethodFinish
INFO  2021-08-22 15:14:01,395 MappingDataService::? - GetWardTypeMappingDataWithModel : MethodStart
INFO  2021-08-22 15:14:01,433 MappingDataService::? - GetWardTypeMappingDataWithModel : MethodFinish
INFO  2021-08-22 15:14:01,475 MappingDataService::? - SaveWardTypeMappingData : MethodStart
INFO  2021-08-22 15:14:01,708 MappingDataService::? - SaveWardTypeMappingData : MethodFinish
INFO  2021-08-22 15:14:01,964 MappingDataService::? - GetMappingDataById : MethodStart
INFO  2021-08-22 15:14:02,056 MappingDataService::? - GetMappingDataById : MethodFinish
INFO  2021-08-22 15:14:02,173 MappingDataService::? - GetWHONetMappingListWithModel : MethodStart
INFO  2021-08-22 15:14:02,338 MappingDataService::? - GetWHONetMappingListWithModel : MethodFinish
INFO  2021-08-22 15:14:02,386 MappingDataService::? - GetSpecimenMappingListWithModel : MethodStart
INFO  2021-08-22 15:14:02,541 MappingDataService::? - GetSpecimenMappingListWithModel : MethodFinish
INFO  2021-08-22 15:14:02,671 MappingDataService::? - GetOrganismMappingListWithModel : MethodStart
INFO  2021-08-22 15:14:02,956 MappingDataService::? - GetOrganismMappingListWithModel : MethodFinish
INFO  2021-08-22 15:14:03,181 MappingDataService::? - GetWardTypeMappingListWithModel : MethodStart
INFO  2021-08-22 15:14:03,222 MappingDataService::? - GetWardTypeMappingListWithModel : MethodFinish
INFO  2021-08-22 15:14:26,803 MappingDataService::? - SaveMappingData : MethodStart
INFO  2021-08-22 15:14:26,889 MappingDataService::? - SaveMappingData : MethodFinish
INFO  2021-08-22 15:14:27,314 MappingDataService::? - GetMappingDataById : MethodStart
INFO  2021-08-22 15:14:27,335 MappingDataService::? - GetMappingDataById : MethodFinish
INFO  2021-08-22 15:14:27,401 MappingDataService::? - GetWHONetMappingListWithModel : MethodStart
INFO  2021-08-22 15:14:27,417 MappingDataService::? - GetWHONetMappingListWithModel : MethodFinish
INFO  2021-08-22 15:14:27,454 MappingDataService::? - GetSpecimenMappingListWithModel : MethodStart
INFO  2021-08-22 15:14:27,514 MappingDataService::? - GetSpecimenMappingListWithModel : MethodFinish
INFO  2021-08-22 15:14:27,561 MappingDataService::? - GetOrganismMappingListWithModel : MethodStart
INFO  2021-08-22 15:14:27,658 MappingDataService::? - GetOrganismMappingListWithModel : MethodFinish
INFO  2021-08-22 15:14:27,710 MappingDataService::? - GetWardTypeMappingListWithModel : MethodStart
INFO  2021-08-22 15:14:27,719 MappingDataService::? - GetWardTypeMappingListWithModel : MethodFinish
INFO  2021-08-22 15:15:12,399 MappingDataService::? - GetMappingDataActiveWithModel : MethodStart
INFO  2021-08-22 15:15:12,534 MappingDataService::? - GetMappingDataActiveWithModel : MethodFinish
INFO  2021-08-22 15:15:12,858 MappingDataService::? - GetWHONetMappingListWithModel : MethodStart
INFO  2021-08-22 15:15:12,898 MappingDataService::? - GetWHONetMappingListWithModel : MethodFinish
INFO  2021-08-22 15:15:55,190 MappingDataService::? - GetMappingDataActiveWithModel : MethodStart
INFO  2021-08-22 15:15:55,211 MappingDataService::? - GetMappingDataActiveWithModel : MethodFinish
INFO  2021-08-22 15:15:55,494 MappingDataService::? - GetWHONetMappingListWithModel : MethodStart
INFO  2021-08-22 15:15:55,505 MappingDataService::? - GetWHONetMappingListWithModel : MethodFinish
INFO  2021-08-22 15:17:15,104 MappingDataService::? - GetMappingDataActiveWithModel : MethodStart
INFO  2021-08-22 15:17:15,192 MappingDataService::? - GetMappingDataActiveWithModel : MethodFinish
INFO  2021-08-22 15:17:15,596 MappingDataService::? - GetWHONetMappingListWithModel : MethodStart
INFO  2021-08-22 15:17:15,651 MappingDataService::? - GetWHONetMappingListWithModel : MethodFinish
INFO  2021-08-22 15:49:20,281 MappingDataService::? - GetMappingList : MethodStart
INFO  2021-08-22 15:49:22,527 MappingDataService::? - GetMappingList : MethodFinish
INFO  2021-08-22 15:49:33,313 MappingDataService::? - GetMappingDataById : MethodStart
INFO  2021-08-22 15:49:33,401 MappingDataService::? - GetMappingDataById : MethodFinish
INFO  2021-08-22 15:49:33,543 MappingDataService::? - GetWHONetMappingListWithModel : MethodStart
INFO  2021-08-22 15:49:33,687 MappingDataService::? - GetWHONetMappingListWithModel : MethodFinish
INFO  2021-08-22 15:49:33,749 MappingDataService::? - GetSpecimenMappingListWithModel : MethodStart
INFO  2021-08-22 15:49:33,801 MappingDataService::? - GetSpecimenMappingListWithModel : MethodFinish
INFO  2021-08-22 15:49:33,878 MappingDataService::? - GetOrganismMappingListWithModel : MethodStart
INFO  2021-08-22 15:49:34,026 MappingDataService::? - GetOrganismMappingListWithModel : MethodFinish
INFO  2021-08-22 15:49:34,106 MappingDataService::? - GetWardTypeMappingListWithModel : MethodStart
INFO  2021-08-22 15:49:34,149 MappingDataService::? - GetWardTypeMappingListWithModel : MethodFinish
