INFO  2021-09-01 09:49:25,046 MappingDataService::? - GetMappingDataById : MethodStart
INFO  2021-09-01 09:49:27,743 MappingDataService::? - GetMappingDataById : MethodFinish
INFO  2021-09-01 09:49:27,915 MappingDataService::? - GetWHONetMappingListWithModel : MethodStart
INFO  2021-09-01 09:49:28,087 MappingDataService::? - GetWHONetMappingListWithModel : MethodFinish
INFO  2021-09-01 09:49:28,156 MappingDataService::? - GetSpecimenMappingListWithModel : MethodStart
INFO  2021-09-01 09:49:28,508 MappingDataService::? - GetSpecimenMappingListWithModel : MethodFinish
INFO  2021-09-01 09:49:28,574 MappingDataService::? - GetOrganismMappingListWithModel : MethodStart
INFO  2021-09-01 09:49:28,898 MappingDataService::? - GetOrganismMappingListWithModel : MethodFinish
INFO  2021-09-01 09:49:28,978 MappingDataService::? - GetWardTypeMappingListWithModel : MethodStart
INFO  2021-09-01 09:49:34,377 MappingDataService::? - GetWardTypeMappingListWithModel : MethodFinish
INFO  2021-09-01 11:42:24,590 MappingDataService::? - GetMappingList : MethodStart
INFO  2021-09-01 11:42:25,911 MappingDataService::? - GetMappingList : MethodFinish
INFO  2021-09-01 11:47:02,177 MappingDataService::? - GetMappingList : MethodStart
INFO  2021-09-01 11:47:02,669 MappingDataService::? - GetMappingList : MethodFinish
INFO  2021-09-01 11:50:57,699 MappingDataService::? - GetMappingList : MethodStart
INFO  2021-09-01 11:50:57,843 MappingDataService::? - GetMappingList : MethodFinish
INFO  2021-09-01 12:09:40,710 MappingDataService::? - GetMappingList : MethodStart
INFO  2021-09-01 12:09:41,099 MappingDataService::? - GetMappingList : MethodFinish
INFO  2021-09-01 12:10:31,645 MappingDataService::? - GetMappingDataActiveWithModel : MethodStart
INFO  2021-09-01 12:10:31,799 MappingDataService::? - GetMappingDataActiveWithModel : MethodFinish
INFO  2021-09-01 12:11:49,101 MappingDataService::? - GetMappingDataActiveWithModel : MethodStart
INFO  2021-09-01 12:11:49,205 MappingDataService::? - GetMappingDataActiveWithModel : MethodFinish
INFO  2021-09-01 12:14:29,853 MappingDataService::? - GetMappingDataActiveWithModel : MethodStart
INFO  2021-09-01 12:15:32,452 MappingDataService::? - GetMappingDataActiveWithModel : MethodFinish
INFO  2021-09-01 12:18:27,899 MappingDataService::? - GetMappingDataById : MethodStart
INFO  2021-09-01 12:18:28,035 MappingDataService::? - GetMappingDataById : MethodFinish
INFO  2021-09-01 12:18:28,062 MappingDataService::? - GetWHONetMappingListWithModel : MethodStart
INFO  2021-09-01 12:18:28,214 MappingDataService::? - GetWHONetMappingListWithModel : MethodFinish
INFO  2021-09-01 12:18:28,246 MappingDataService::? - GetSpecimenMappingListWithModel : MethodStart
INFO  2021-09-01 12:18:28,655 MappingDataService::? - GetSpecimenMappingListWithModel : MethodFinish
INFO  2021-09-01 12:18:28,692 MappingDataService::? - GetOrganismMappingListWithModel : MethodStart
INFO  2021-09-01 12:18:28,835 MappingDataService::? - GetOrganismMappingListWithModel : MethodFinish
INFO  2021-09-01 12:18:28,861 MappingDataService::? - GetWardTypeMappingListWithModel : MethodStart
INFO  2021-09-01 12:18:28,973 MappingDataService::? - GetWardTypeMappingListWithModel : MethodFinish
INFO  2021-09-01 12:25:56,718 MappingDataService::? - GetMappingList : MethodStart
INFO  2021-09-01 12:25:56,982 MappingDataService::? - GetMappingList : MethodFinish
INFO  2021-09-01 12:25:59,145 MappingDataService::? - GetMappingDataById : MethodStart
INFO  2021-09-01 12:25:59,248 MappingDataService::? - GetMappingDataById : MethodFinish
INFO  2021-09-01 12:25:59,273 MappingDataService::? - GetWHONetMappingListWithModel : MethodStart
INFO  2021-09-01 12:25:59,386 MappingDataService::? - GetWHONetMappingListWithModel : MethodFinish
INFO  2021-09-01 12:25:59,405 MappingDataService::? - GetSpecimenMappingListWithModel : MethodStart
INFO  2021-09-01 12:25:59,535 MappingDataService::? - GetSpecimenMappingListWithModel : MethodFinish
INFO  2021-09-01 12:25:59,553 MappingDataService::? - GetOrganismMappingListWithModel : MethodStart
INFO  2021-09-01 12:25:59,682 MappingDataService::? - GetOrganismMappingListWithModel : MethodFinish
INFO  2021-09-01 12:25:59,698 MappingDataService::? - GetWardTypeMappingListWithModel : MethodStart
INFO  2021-09-01 12:25:59,802 MappingDataService::? - GetWardTypeMappingListWithModel : MethodFinish
INFO  2021-09-01 12:26:24,173 MappingDataService::? - GetMappingDataById : MethodStart
INFO  2021-09-01 12:26:24,274 MappingDataService::? - GetMappingDataById : MethodFinish
INFO  2021-09-01 12:26:24,298 MappingDataService::? - GetWHONetMappingListWithModel : MethodStart
INFO  2021-09-01 12:26:24,406 MappingDataService::? - GetWHONetMappingListWithModel : MethodFinish
INFO  2021-09-01 12:26:24,426 MappingDataService::? - GetSpecimenMappingListWithModel : MethodStart
INFO  2021-09-01 12:26:24,548 MappingDataService::? - GetSpecimenMappingListWithModel : MethodFinish
INFO  2021-09-01 12:26:24,574 MappingDataService::? - GetOrganismMappingListWithModel : MethodStart
INFO  2021-09-01 12:26:24,703 MappingDataService::? - GetOrganismMappingListWithModel : MethodFinish
INFO  2021-09-01 12:26:24,720 MappingDataService::? - GetWardTypeMappingListWithModel : MethodStart
INFO  2021-09-01 12:26:24,827 MappingDataService::? - GetWardTypeMappingListWithModel : MethodFinish
INFO  2021-09-01 12:30:28,259 MappingDataService::? - GetMappingDataById : MethodStart
INFO  2021-09-01 12:30:28,376 MappingDataService::? - GetMappingDataById : MethodFinish
INFO  2021-09-01 12:30:28,403 MappingDataService::? - GetWHONetMappingListWithModel : MethodStart
INFO  2021-09-01 12:30:28,509 MappingDataService::? - GetWHONetMappingListWithModel : MethodFinish
INFO  2021-09-01 12:30:28,526 MappingDataService::? - GetSpecimenMappingListWithModel : MethodStart
INFO  2021-09-01 12:30:28,647 MappingDataService::? - GetSpecimenMappingListWithModel : MethodFinish
INFO  2021-09-01 12:30:28,664 MappingDataService::? - GetOrganismMappingListWithModel : MethodStart
INFO  2021-09-01 12:30:28,797 MappingDataService::? - GetOrganismMappingListWithModel : MethodFinish
INFO  2021-09-01 12:30:28,819 MappingDataService::? - GetWardTypeMappingListWithModel : MethodStart
INFO  2021-09-01 12:30:28,925 MappingDataService::? - GetWardTypeMappingListWithModel : MethodFinish
INFO  2021-09-01 12:37:00,648 MappingDataService::? - GetMappingDataById : MethodStart
INFO  2021-09-01 12:37:01,729 MappingDataService::? - GetMappingDataById : MethodFinish
INFO  2021-09-01 12:37:01,803 MappingDataService::? - GetWHONetMappingListWithModel : MethodStart
INFO  2021-09-01 12:37:01,933 MappingDataService::? - GetWHONetMappingListWithModel : MethodFinish
INFO  2021-09-01 12:37:01,965 MappingDataService::? - GetSpecimenMappingListWithModel : MethodStart
INFO  2021-09-01 12:37:02,124 MappingDataService::? - GetSpecimenMappingListWithModel : MethodFinish
INFO  2021-09-01 12:37:02,162 MappingDataService::? - GetOrganismMappingListWithModel : MethodStart
INFO  2021-09-01 12:37:02,307 MappingDataService::? - GetOrganismMappingListWithModel : MethodFinish
INFO  2021-09-01 12:37:02,337 MappingDataService::? - GetWardTypeMappingListWithModel : MethodStart
INFO  2021-09-01 12:37:02,443 MappingDataService::? - GetWardTypeMappingListWithModel : MethodFinish
INFO  2021-09-01 13:31:45,843 MappingDataService::? - GetWHONetMappingDataWithModel : MethodStart
INFO  2021-09-01 13:31:46,445 MappingDataService::? - GetWHONetMappingDataWithModel : MethodFinish
INFO  2021-09-01 13:31:46,480 MappingDataService::? - SaveWHONetMappingData : MethodStart
INFO  2021-09-01 13:31:46,951 MappingDataService::? - SaveWHONetMappingData : MethodFinish
INFO  2021-09-01 13:31:47,313 MappingDataService::? - GetMappingDataById : MethodStart
INFO  2021-09-01 13:31:47,418 MappingDataService::? - GetMappingDataById : MethodFinish
INFO  2021-09-01 13:31:47,439 MappingDataService::? - GetWHONetMappingListWithModel : MethodStart
INFO  2021-09-01 13:31:47,557 MappingDataService::? - GetWHONetMappingListWithModel : MethodFinish
INFO  2021-09-01 13:31:47,597 MappingDataService::? - GetSpecimenMappingListWithModel : MethodStart
INFO  2021-09-01 13:31:47,711 MappingDataService::? - GetSpecimenMappingListWithModel : MethodFinish
INFO  2021-09-01 13:31:47,774 MappingDataService::? - GetOrganismMappingListWithModel : MethodStart
INFO  2021-09-01 13:31:47,903 MappingDataService::? - GetOrganismMappingListWithModel : MethodFinish
INFO  2021-09-01 13:31:47,937 MappingDataService::? - GetWardTypeMappingListWithModel : MethodStart
INFO  2021-09-01 13:31:48,048 MappingDataService::? - GetWardTypeMappingListWithModel : MethodFinish
INFO  2021-09-01 13:32:11,752 MappingDataService::? - GetWHONetMappingDataWithModel : MethodStart
INFO  2021-09-01 13:32:11,858 MappingDataService::? - GetWHONetMappingDataWithModel : MethodFinish
INFO  2021-09-01 13:32:11,885 MappingDataService::? - SaveWHONetMappingData : MethodStart
INFO  2021-09-01 13:32:12,134 MappingDataService::? - SaveWHONetMappingData : MethodFinish
INFO  2021-09-01 13:32:12,289 MappingDataService::? - GetMappingDataById : MethodStart
INFO  2021-09-01 13:32:12,388 MappingDataService::? - GetMappingDataById : MethodFinish
INFO  2021-09-01 13:32:12,415 MappingDataService::? - GetWHONetMappingListWithModel : MethodStart
INFO  2021-09-01 13:32:12,518 MappingDataService::? - GetWHONetMappingListWithModel : MethodFinish
INFO  2021-09-01 13:32:12,542 MappingDataService::? - GetSpecimenMappingListWithModel : MethodStart
INFO  2021-09-01 13:32:12,658 MappingDataService::? - GetSpecimenMappingListWithModel : MethodFinish
INFO  2021-09-01 13:32:12,696 MappingDataService::? - GetOrganismMappingListWithModel : MethodStart
INFO  2021-09-01 13:32:12,828 MappingDataService::? - GetOrganismMappingListWithModel : MethodFinish
INFO  2021-09-01 13:32:12,857 MappingDataService::? - GetWardTypeMappingListWithModel : MethodStart
INFO  2021-09-01 13:32:12,961 MappingDataService::? - GetWardTypeMappingListWithModel : MethodFinish
INFO  2021-09-01 13:32:20,074 MappingDataService::? - GetWHONetMappingDataWithModel : MethodStart
INFO  2021-09-01 13:32:20,177 MappingDataService::? - GetWHONetMappingDataWithModel : MethodFinish
INFO  2021-09-01 13:32:20,195 MappingDataService::? - SaveWHONetMappingData : MethodStart
INFO  2021-09-01 13:32:20,444 MappingDataService::? - SaveWHONetMappingData : MethodFinish
INFO  2021-09-01 13:32:20,595 MappingDataService::? - GetMappingDataById : MethodStart
INFO  2021-09-01 13:32:20,704 MappingDataService::? - GetMappingDataById : MethodFinish
INFO  2021-09-01 13:32:20,720 MappingDataService::? - GetWHONetMappingListWithModel : MethodStart
INFO  2021-09-01 13:32:20,820 MappingDataService::? - GetWHONetMappingListWithModel : MethodFinish
INFO  2021-09-01 13:32:20,838 MappingDataService::? - GetSpecimenMappingListWithModel : MethodStart
INFO  2021-09-01 13:32:20,954 MappingDataService::? - GetSpecimenMappingListWithModel : MethodFinish
INFO  2021-09-01 13:32:20,978 MappingDataService::? - GetOrganismMappingListWithModel : MethodStart
INFO  2021-09-01 13:32:21,106 MappingDataService::? - GetOrganismMappingListWithModel : MethodFinish
INFO  2021-09-01 13:32:21,124 MappingDataService::? - GetWardTypeMappingListWithModel : MethodStart
INFO  2021-09-01 13:32:21,231 MappingDataService::? - GetWardTypeMappingListWithModel : MethodFinish
INFO  2021-09-01 13:32:33,916 MappingDataService::? - GetWHONetMappingDataWithModel : MethodStart
INFO  2021-09-01 13:32:34,043 MappingDataService::? - GetWHONetMappingDataWithModel : MethodFinish
INFO  2021-09-01 13:32:34,062 MappingDataService::? - SaveWHONetMappingData : MethodStart
INFO  2021-09-01 13:32:34,332 MappingDataService::? - SaveWHONetMappingData : MethodFinish
INFO  2021-09-01 13:32:34,471 MappingDataService::? - GetMappingDataById : MethodStart
INFO  2021-09-01 13:32:34,568 MappingDataService::? - GetMappingDataById : MethodFinish
INFO  2021-09-01 13:32:34,582 MappingDataService::? - GetWHONetMappingListWithModel : MethodStart
INFO  2021-09-01 13:32:34,684 MappingDataService::? - GetWHONetMappingListWithModel : MethodFinish
INFO  2021-09-01 13:32:34,738 MappingDataService::? - GetSpecimenMappingListWithModel : MethodStart
INFO  2021-09-01 13:32:34,854 MappingDataService::? - GetSpecimenMappingListWithModel : MethodFinish
INFO  2021-09-01 13:32:34,895 MappingDataService::? - GetOrganismMappingListWithModel : MethodStart
INFO  2021-09-01 13:32:35,024 MappingDataService::? - GetOrganismMappingListWithModel : MethodFinish
INFO  2021-09-01 13:32:35,044 MappingDataService::? - GetWardTypeMappingListWithModel : MethodStart
INFO  2021-09-01 13:32:35,143 MappingDataService::? - GetWardTypeMappingListWithModel : MethodFinish
INFO  2021-09-01 13:33:33,886 MappingDataService::? - GetWHONetMappingDataWithModel : MethodStart
INFO  2021-09-01 13:33:34,005 MappingDataService::? - GetWHONetMappingDataWithModel : MethodFinish
INFO  2021-09-01 13:33:34,028 MappingDataService::? - SaveWHONetMappingData : MethodStart
INFO  2021-09-01 13:33:34,311 MappingDataService::? - SaveWHONetMappingData : MethodFinish
INFO  2021-09-01 13:33:34,487 MappingDataService::? - GetMappingDataById : MethodStart
INFO  2021-09-01 13:33:34,585 MappingDataService::? - GetMappingDataById : MethodFinish
INFO  2021-09-01 13:33:34,608 MappingDataService::? - GetWHONetMappingListWithModel : MethodStart
INFO  2021-09-01 13:33:34,717 MappingDataService::? - GetWHONetMappingListWithModel : MethodFinish
INFO  2021-09-01 13:33:34,774 MappingDataService::? - GetSpecimenMappingListWithModel : MethodStart
INFO  2021-09-01 13:33:34,892 MappingDataService::? - GetSpecimenMappingListWithModel : MethodFinish
INFO  2021-09-01 13:33:34,925 MappingDataService::? - GetOrganismMappingListWithModel : MethodStart
INFO  2021-09-01 13:33:35,047 MappingDataService::? - GetOrganismMappingListWithModel : MethodFinish
INFO  2021-09-01 13:33:35,073 MappingDataService::? - GetWardTypeMappingListWithModel : MethodStart
INFO  2021-09-01 13:33:35,176 MappingDataService::? - GetWardTypeMappingListWithModel : MethodFinish
INFO  2021-09-01 13:37:09,919 MappingDataService::? - GetSpecimenMappingDataWithModel : MethodStart
INFO  2021-09-01 13:37:10,074 MappingDataService::? - GetSpecimenMappingDataWithModel : MethodFinish
INFO  2021-09-01 13:37:10,105 MappingDataService::? - SaveSpecimenMappingData : MethodStart
INFO  2021-09-01 13:37:10,384 MappingDataService::? - SaveSpecimenMappingData : MethodFinish
INFO  2021-09-01 13:37:10,527 MappingDataService::? - GetMappingDataById : MethodStart
INFO  2021-09-01 13:37:10,631 MappingDataService::? - GetMappingDataById : MethodFinish
INFO  2021-09-01 13:37:10,646 MappingDataService::? - GetWHONetMappingListWithModel : MethodStart
INFO  2021-09-01 13:37:10,747 MappingDataService::? - GetWHONetMappingListWithModel : MethodFinish
INFO  2021-09-01 13:37:10,761 MappingDataService::? - GetSpecimenMappingListWithModel : MethodStart
INFO  2021-09-01 13:37:10,877 MappingDataService::? - GetSpecimenMappingListWithModel : MethodFinish
INFO  2021-09-01 13:37:10,909 MappingDataService::? - GetOrganismMappingListWithModel : MethodStart
INFO  2021-09-01 13:37:11,032 MappingDataService::? - GetOrganismMappingListWithModel : MethodFinish
INFO  2021-09-01 13:37:11,048 MappingDataService::? - GetWardTypeMappingListWithModel : MethodStart
INFO  2021-09-01 13:37:11,149 MappingDataService::? - GetWardTypeMappingListWithModel : MethodFinish
INFO  2021-09-01 13:37:30,129 MappingDataService::? - GetSpecimenMappingDataWithModel : MethodStart
INFO  2021-09-01 13:37:30,248 MappingDataService::? - GetSpecimenMappingDataWithModel : MethodFinish
INFO  2021-09-01 13:37:30,287 MappingDataService::? - SaveSpecimenMappingData : MethodStart
INFO  2021-09-01 13:37:30,543 MappingDataService::? - SaveSpecimenMappingData : MethodFinish
INFO  2021-09-01 13:37:30,679 MappingDataService::? - GetMappingDataById : MethodStart
INFO  2021-09-01 13:37:30,774 MappingDataService::? - GetMappingDataById : MethodFinish
INFO  2021-09-01 13:37:30,797 MappingDataService::? - GetWHONetMappingListWithModel : MethodStart
INFO  2021-09-01 13:37:30,903 MappingDataService::? - GetWHONetMappingListWithModel : MethodFinish
INFO  2021-09-01 13:37:30,921 MappingDataService::? - GetSpecimenMappingListWithModel : MethodStart
INFO  2021-09-01 13:37:31,036 MappingDataService::? - GetSpecimenMappingListWithModel : MethodFinish
INFO  2021-09-01 13:37:31,060 MappingDataService::? - GetOrganismMappingListWithModel : MethodStart
INFO  2021-09-01 13:37:31,183 MappingDataService::? - GetOrganismMappingListWithModel : MethodFinish
INFO  2021-09-01 13:37:31,204 MappingDataService::? - GetWardTypeMappingListWithModel : MethodStart
INFO  2021-09-01 13:37:31,304 MappingDataService::? - GetWardTypeMappingListWithModel : MethodFinish
INFO  2021-09-01 13:38:44,577 MappingDataService::? - GetSpecimenMappingDataWithModel : MethodStart
INFO  2021-09-01 13:38:44,690 MappingDataService::? - GetSpecimenMappingDataWithModel : MethodFinish
INFO  2021-09-01 13:38:44,718 MappingDataService::? - SaveSpecimenMappingData : MethodStart
INFO  2021-09-01 13:38:44,968 MappingDataService::? - SaveSpecimenMappingData : MethodFinish
INFO  2021-09-01 13:38:45,122 MappingDataService::? - GetMappingDataById : MethodStart
INFO  2021-09-01 13:38:45,220 MappingDataService::? - GetMappingDataById : MethodFinish
INFO  2021-09-01 13:38:45,277 MappingDataService::? - GetWHONetMappingListWithModel : MethodStart
INFO  2021-09-01 13:38:45,395 MappingDataService::? - GetWHONetMappingListWithModel : MethodFinish
INFO  2021-09-01 13:38:45,413 MappingDataService::? - GetSpecimenMappingListWithModel : MethodStart
INFO  2021-09-01 13:38:45,528 MappingDataService::? - GetSpecimenMappingListWithModel : MethodFinish
INFO  2021-09-01 13:38:45,546 MappingDataService::? - GetOrganismMappingListWithModel : MethodStart
INFO  2021-09-01 13:38:45,673 MappingDataService::? - GetOrganismMappingListWithModel : MethodFinish
INFO  2021-09-01 13:38:45,708 MappingDataService::? - GetWardTypeMappingListWithModel : MethodStart
INFO  2021-09-01 13:38:45,809 MappingDataService::? - GetWardTypeMappingListWithModel : MethodFinish
INFO  2021-09-01 13:41:36,305 MappingDataService::? - GetOrganismMappingData : MethodStart
INFO  2021-09-01 13:41:36,450 MappingDataService::? - GetOrganismMappingData : MethodFinish
INFO  2021-09-01 13:46:38,767 MappingDataService::? - GetWHONetMappingData : MethodStart
INFO  2021-09-01 13:46:39,039 MappingDataService::? - GetWHONetMappingData : MethodFinish
INFO  2021-09-01 14:00:49,061 MappingDataService::? - GetMappingDataById : MethodStart
INFO  2021-09-01 14:00:50,224 MappingDataService::? - GetMappingDataById : MethodFinish
INFO  2021-09-01 14:00:50,309 MappingDataService::? - GetWHONetMappingListWithModel : MethodStart
INFO  2021-09-01 14:00:50,455 MappingDataService::? - GetWHONetMappingListWithModel : MethodFinish
INFO  2021-09-01 14:00:50,495 MappingDataService::? - GetSpecimenMappingListWithModel : MethodStart
INFO  2021-09-01 14:00:50,668 MappingDataService::? - GetSpecimenMappingListWithModel : MethodFinish
INFO  2021-09-01 14:00:50,708 MappingDataService::? - GetOrganismMappingListWithModel : MethodStart
INFO  2021-09-01 14:00:50,856 MappingDataService::? - GetOrganismMappingListWithModel : MethodFinish
INFO  2021-09-01 14:00:50,888 MappingDataService::? - GetWardTypeMappingListWithModel : MethodStart
INFO  2021-09-01 14:00:51,028 MappingDataService::? - GetWardTypeMappingListWithModel : MethodFinish
INFO  2021-09-01 14:18:15,739 MappingDataService::? - GetMappingDataActiveWithModel : MethodStart
INFO  2021-09-01 14:18:16,875 MappingDataService::? - GetMappingDataActiveWithModel : MethodFinish
INFO  2021-09-01 14:18:21,393 MappingDataService::? - GetMappingDataById : MethodStart
INFO  2021-09-01 14:18:21,520 MappingDataService::? - GetMappingDataById : MethodFinish
INFO  2021-09-01 14:19:13,788 MappingDataService::? - GetMappingDataActiveWithModel : MethodStart
INFO  2021-09-01 14:19:13,924 MappingDataService::? - GetMappingDataActiveWithModel : MethodFinish
INFO  2021-09-01 14:19:25,310 MappingDataService::? - GetMappingDataById : MethodStart
INFO  2021-09-01 14:19:25,412 MappingDataService::? - GetMappingDataById : MethodFinish
INFO  2021-09-01 14:20:51,077 MappingDataService::? - GetMappingDataActiveWithModel : MethodStart
INFO  2021-09-01 14:20:51,205 MappingDataService::? - GetMappingDataActiveWithModel : MethodFinish
INFO  2021-09-01 15:09:52,371 MappingDataService::? - GetMappingDataById : MethodStart
INFO  2021-09-01 15:09:53,507 MappingDataService::? - GetMappingDataById : MethodFinish
INFO  2021-09-01 15:22:08,892 MappingDataService::? - GetMappingDataById : MethodStart
INFO  2021-09-01 15:22:10,040 MappingDataService::? - GetMappingDataById : MethodFinish
INFO  2021-09-01 15:22:10,316 MappingDataService::? - GetWHONetMappingListWithModel : MethodStart
INFO  2021-09-01 15:22:10,443 MappingDataService::? - GetWHONetMappingListWithModel : MethodFinish
INFO  2021-09-01 15:22:42,447 MappingDataService::? - GetMappingDataById : MethodStart
INFO  2021-09-01 15:22:42,571 MappingDataService::? - GetMappingDataById : MethodFinish
INFO  2021-09-01 15:22:42,747 MappingDataService::? - GetWHONetMappingListWithModel : MethodStart
INFO  2021-09-01 15:22:42,847 MappingDataService::? - GetWHONetMappingListWithModel : MethodFinish
INFO  2021-09-01 15:25:39,080 MappingDataService::? - GetMappingDataById : MethodStart
INFO  2021-09-01 15:25:39,181 MappingDataService::? - GetMappingDataById : MethodFinish
INFO  2021-09-01 15:25:39,394 MappingDataService::? - GetWHONetMappingListWithModel : MethodStart
INFO  2021-09-01 15:25:39,492 MappingDataService::? - GetWHONetMappingListWithModel : MethodFinish
INFO  2021-09-01 15:25:49,125 MappingDataService::? - GetMappingList : MethodStart
INFO  2021-09-01 15:25:49,265 MappingDataService::? - GetMappingList : MethodFinish
INFO  2021-09-01 15:25:52,603 MappingDataService::? - GetMappingDataById : MethodStart
INFO  2021-09-01 15:25:52,698 MappingDataService::? - GetMappingDataById : MethodFinish
INFO  2021-09-01 15:25:52,718 MappingDataService::? - GetWHONetMappingListWithModel : MethodStart
INFO  2021-09-01 15:25:52,820 MappingDataService::? - GetWHONetMappingListWithModel : MethodFinish
INFO  2021-09-01 15:25:52,842 MappingDataService::? - GetSpecimenMappingListWithModel : MethodStart
INFO  2021-09-01 15:25:52,962 MappingDataService::? - GetSpecimenMappingListWithModel : MethodFinish
INFO  2021-09-01 15:25:52,986 MappingDataService::? - GetOrganismMappingListWithModel : MethodStart
INFO  2021-09-01 15:25:53,117 MappingDataService::? - GetOrganismMappingListWithModel : MethodFinish
INFO  2021-09-01 15:25:53,152 MappingDataService::? - GetWardTypeMappingListWithModel : MethodStart
INFO  2021-09-01 15:25:53,266 MappingDataService::? - GetWardTypeMappingListWithModel : MethodFinish
INFO  2021-09-01 15:26:04,125 MappingDataService::? - GetWHONetMappingData : MethodStart
INFO  2021-09-01 15:26:04,302 MappingDataService::? - GetWHONetMappingData : MethodFinish
INFO  2021-09-01 15:26:27,702 MappingDataService::? - GetWHONetMappingDataWithModel : MethodStart
INFO  2021-09-01 15:26:27,811 MappingDataService::? - GetWHONetMappingDataWithModel : MethodFinish
INFO  2021-09-01 15:26:27,846 MappingDataService::? - SaveWHONetMappingData : MethodStart
INFO  2021-09-01 15:26:28,252 MappingDataService::? - SaveWHONetMappingData : MethodFinish
INFO  2021-09-01 15:26:28,429 MappingDataService::? - GetMappingDataById : MethodStart
INFO  2021-09-01 15:26:28,527 MappingDataService::? - GetMappingDataById : MethodFinish
INFO  2021-09-01 15:26:28,543 MappingDataService::? - GetWHONetMappingListWithModel : MethodStart
INFO  2021-09-01 15:26:28,639 MappingDataService::? - GetWHONetMappingListWithModel : MethodFinish
INFO  2021-09-01 15:26:28,660 MappingDataService::? - GetSpecimenMappingListWithModel : MethodStart
INFO  2021-09-01 15:26:28,770 MappingDataService::? - GetSpecimenMappingListWithModel : MethodFinish
INFO  2021-09-01 15:26:28,795 MappingDataService::? - GetOrganismMappingListWithModel : MethodStart
INFO  2021-09-01 15:26:28,914 MappingDataService::? - GetOrganismMappingListWithModel : MethodFinish
INFO  2021-09-01 15:26:28,939 MappingDataService::? - GetWardTypeMappingListWithModel : MethodStart
INFO  2021-09-01 15:26:29,039 MappingDataService::? - GetWardTypeMappingListWithModel : MethodFinish
INFO  2021-09-01 15:26:32,315 MappingDataService::? - SaveMappingData : MethodStart
INFO  2021-09-01 15:26:32,548 MappingDataService::? - SaveMappingData : MethodFinish
INFO  2021-09-01 15:26:32,677 MappingDataService::? - GetMappingDataById : MethodStart
INFO  2021-09-01 15:26:32,772 MappingDataService::? - GetMappingDataById : MethodFinish
INFO  2021-09-01 15:26:32,787 MappingDataService::? - GetWHONetMappingListWithModel : MethodStart
INFO  2021-09-01 15:26:32,896 MappingDataService::? - GetWHONetMappingListWithModel : MethodFinish
INFO  2021-09-01 15:26:32,937 MappingDataService::? - GetSpecimenMappingListWithModel : MethodStart
INFO  2021-09-01 15:26:33,054 MappingDataService::? - GetSpecimenMappingListWithModel : MethodFinish
INFO  2021-09-01 15:26:33,090 MappingDataService::? - GetOrganismMappingListWithModel : MethodStart
INFO  2021-09-01 15:26:33,214 MappingDataService::? - GetOrganismMappingListWithModel : MethodFinish
INFO  2021-09-01 15:26:33,253 MappingDataService::? - GetWardTypeMappingListWithModel : MethodStart
INFO  2021-09-01 15:26:33,354 MappingDataService::? - GetWardTypeMappingListWithModel : MethodFinish
INFO  2021-09-01 15:26:50,632 MappingDataService::? - GetMappingDataById : MethodStart
INFO  2021-09-01 15:26:50,737 MappingDataService::? - GetMappingDataById : MethodFinish
INFO  2021-09-01 15:26:50,904 MappingDataService::? - GetWHONetMappingListWithModel : MethodStart
INFO  2021-09-01 15:26:51,004 MappingDataService::? - GetWHONetMappingListWithModel : MethodFinish
INFO  2021-09-01 15:29:41,897 MappingDataService::? - GetMappingDataById : MethodStart
INFO  2021-09-01 15:29:41,992 MappingDataService::? - GetMappingDataById : MethodFinish
INFO  2021-09-01 15:29:42,203 MappingDataService::? - GetWHONetMappingListWithModel : MethodStart
INFO  2021-09-01 15:29:42,300 MappingDataService::? - GetWHONetMappingListWithModel : MethodFinish
INFO  2021-09-01 16:07:42,820 MappingDataService::? - GetMappingDataById : MethodStart
INFO  2021-09-01 16:07:43,961 MappingDataService::? - GetMappingDataById : MethodFinish
INFO  2021-09-01 16:07:45,086 MappingDataService::? - GetWHONetMappingListWithModel : MethodStart
INFO  2021-09-01 16:07:45,223 MappingDataService::? - GetWHONetMappingListWithModel : MethodFinish
INFO  2021-09-01 16:13:16,131 MappingDataService::? - GetMappingDataById : MethodStart
INFO  2021-09-01 16:13:16,320 MappingDataService::? - GetMappingDataById : MethodFinish
INFO  2021-09-01 16:13:17,390 MappingDataService::? - GetWHONetMappingListWithModel : MethodStart
INFO  2021-09-01 16:13:17,547 MappingDataService::? - GetWHONetMappingListWithModel : MethodFinish
INFO  2021-09-01 16:30:53,991 MappingDataService::? - GetMappingDataById : MethodStart
INFO  2021-09-01 16:30:55,107 MappingDataService::? - GetMappingDataById : MethodFinish
INFO  2021-09-01 16:30:55,410 MappingDataService::? - GetWHONetMappingListWithModel : MethodStart
INFO  2021-09-01 16:30:55,565 MappingDataService::? - GetWHONetMappingListWithModel : MethodFinish
INFO  2021-09-01 16:31:33,732 MappingDataService::? - GetMappingDataById : MethodStart
INFO  2021-09-01 16:31:33,877 MappingDataService::? - GetMappingDataById : MethodFinish
INFO  2021-09-01 16:31:34,103 MappingDataService::? - GetWHONetMappingListWithModel : MethodStart
INFO  2021-09-01 16:31:34,208 MappingDataService::? - GetWHONetMappingListWithModel : MethodFinish
INFO  2021-09-01 16:32:37,758 MappingDataService::? - GetMappingDataById : MethodStart
INFO  2021-09-01 16:32:37,866 MappingDataService::? - GetMappingDataById : MethodFinish
INFO  2021-09-01 16:32:38,027 MappingDataService::? - GetWHONetMappingListWithModel : MethodStart
INFO  2021-09-01 16:32:38,133 MappingDataService::? - GetWHONetMappingListWithModel : MethodFinish
INFO  2021-09-01 17:09:10,018 MappingDataService::? - GetMappingDataById : MethodStart
INFO  2021-09-01 17:09:11,158 MappingDataService::? - GetMappingDataById : MethodFinish
INFO  2021-09-01 17:09:11,449 MappingDataService::? - GetWHONetMappingListWithModel : MethodStart
INFO  2021-09-01 17:09:11,585 MappingDataService::? - GetWHONetMappingListWithModel : MethodFinish
INFO  2021-09-01 17:19:37,470 MappingDataService::? - GetMappingDataById : MethodStart
INFO  2021-09-01 17:19:38,614 MappingDataService::? - GetMappingDataById : MethodFinish
INFO  2021-09-01 17:19:38,686 MappingDataService::? - GetWHONetMappingListWithModel : MethodStart
INFO  2021-09-01 17:19:38,827 MappingDataService::? - GetWHONetMappingListWithModel : MethodFinish
INFO  2021-09-01 17:19:38,861 MappingDataService::? - GetSpecimenMappingListWithModel : MethodStart
INFO  2021-09-01 17:19:39,014 MappingDataService::? - GetSpecimenMappingListWithModel : MethodFinish
INFO  2021-09-01 17:19:39,039 MappingDataService::? - GetOrganismMappingListWithModel : MethodStart
INFO  2021-09-01 17:19:39,187 MappingDataService::? - GetOrganismMappingListWithModel : MethodFinish
INFO  2021-09-01 17:19:39,223 MappingDataService::? - GetWardTypeMappingListWithModel : MethodStart
INFO  2021-09-01 17:19:39,351 MappingDataService::? - GetWardTypeMappingListWithModel : MethodFinish
INFO  2021-09-01 17:26:23,362 MappingDataService::? - GetOrganismMappingDataWithModel : MethodStart
INFO  2021-09-01 17:26:23,669 MappingDataService::? - GetOrganismMappingDataWithModel : MethodFinish
INFO  2021-09-01 17:26:23,721 MappingDataService::? - SaveOrganismMappingData : MethodStart
INFO  2021-09-01 17:26:24,183 MappingDataService::? - SaveOrganismMappingData : MethodFinish
INFO  2021-09-01 17:26:24,367 MappingDataService::? - GetMappingDataById : MethodStart
INFO  2021-09-01 17:26:24,476 MappingDataService::? - GetMappingDataById : MethodFinish
INFO  2021-09-01 17:26:24,502 MappingDataService::? - GetWHONetMappingListWithModel : MethodStart
INFO  2021-09-01 17:26:24,608 MappingDataService::? - GetWHONetMappingListWithModel : MethodFinish
INFO  2021-09-01 17:26:24,638 MappingDataService::? - GetSpecimenMappingListWithModel : MethodStart
INFO  2021-09-01 17:26:24,761 MappingDataService::? - GetSpecimenMappingListWithModel : MethodFinish
INFO  2021-09-01 17:26:24,798 MappingDataService::? - GetOrganismMappingListWithModel : MethodStart
INFO  2021-09-01 17:26:24,932 MappingDataService::? - GetOrganismMappingListWithModel : MethodFinish
INFO  2021-09-01 17:26:24,951 MappingDataService::? - GetWardTypeMappingListWithModel : MethodStart
INFO  2021-09-01 17:26:25,053 MappingDataService::? - GetWardTypeMappingListWithModel : MethodFinish
INFO  2021-09-01 17:27:21,611 MappingDataService::? - GetOrganismMappingData : MethodStart
INFO  2021-09-01 17:27:21,745 MappingDataService::? - GetOrganismMappingData : MethodFinish
INFO  2021-09-01 17:27:22,931 MappingDataService::? - GetOrganismMappingDataWithModel : MethodStart
INFO  2021-09-01 17:27:23,049 MappingDataService::? - GetOrganismMappingDataWithModel : MethodFinish
INFO  2021-09-01 17:27:23,080 MappingDataService::? - SaveOrganismMappingData : MethodStart
INFO  2021-09-01 17:27:23,323 MappingDataService::? - SaveOrganismMappingData : MethodFinish
INFO  2021-09-01 17:27:23,471 MappingDataService::? - GetMappingDataById : MethodStart
INFO  2021-09-01 17:27:23,574 MappingDataService::? - GetMappingDataById : MethodFinish
INFO  2021-09-01 17:27:23,597 MappingDataService::? - GetWHONetMappingListWithModel : MethodStart
INFO  2021-09-01 17:27:23,705 MappingDataService::? - GetWHONetMappingListWithModel : MethodFinish
INFO  2021-09-01 17:27:23,721 MappingDataService::? - GetSpecimenMappingListWithModel : MethodStart
INFO  2021-09-01 17:27:23,858 MappingDataService::? - GetSpecimenMappingListWithModel : MethodFinish
INFO  2021-09-01 17:27:23,878 MappingDataService::? - GetOrganismMappingListWithModel : MethodStart
INFO  2021-09-01 17:27:24,011 MappingDataService::? - GetOrganismMappingListWithModel : MethodFinish
INFO  2021-09-01 17:27:24,032 MappingDataService::? - GetWardTypeMappingListWithModel : MethodStart
INFO  2021-09-01 17:27:24,135 MappingDataService::? - GetWardTypeMappingListWithModel : MethodFinish
INFO  2021-09-01 17:27:40,060 MappingDataService::? - GetOrganismMappingDataWithModel : MethodStart
INFO  2021-09-01 17:27:40,181 MappingDataService::? - GetOrganismMappingDataWithModel : MethodFinish
INFO  2021-09-01 17:27:40,211 MappingDataService::? - SaveOrganismMappingData : MethodStart
INFO  2021-09-01 17:27:40,505 MappingDataService::? - SaveOrganismMappingData : MethodFinish
INFO  2021-09-01 17:27:40,657 MappingDataService::? - GetMappingDataById : MethodStart
INFO  2021-09-01 17:27:40,760 MappingDataService::? - GetMappingDataById : MethodFinish
INFO  2021-09-01 17:27:40,779 MappingDataService::? - GetWHONetMappingListWithModel : MethodStart
INFO  2021-09-01 17:27:40,890 MappingDataService::? - GetWHONetMappingListWithModel : MethodFinish
INFO  2021-09-01 17:27:40,910 MappingDataService::? - GetSpecimenMappingListWithModel : MethodStart
INFO  2021-09-01 17:27:41,031 MappingDataService::? - GetSpecimenMappingListWithModel : MethodFinish
INFO  2021-09-01 17:27:41,046 MappingDataService::? - GetOrganismMappingListWithModel : MethodStart
INFO  2021-09-01 17:27:41,173 MappingDataService::? - GetOrganismMappingListWithModel : MethodFinish
INFO  2021-09-01 17:27:41,189 MappingDataService::? - GetWardTypeMappingListWithModel : MethodStart
INFO  2021-09-01 17:27:41,297 MappingDataService::? - GetWardTypeMappingListWithModel : MethodFinish
INFO  2021-09-01 17:28:42,773 MappingDataService::? - GetOrganismMappingDataWithModel : MethodStart
INFO  2021-09-01 17:28:42,904 MappingDataService::? - GetOrganismMappingDataWithModel : MethodFinish
INFO  2021-09-01 17:28:42,951 MappingDataService::? - SaveOrganismMappingData : MethodStart
INFO  2021-09-01 17:28:43,206 MappingDataService::? - SaveOrganismMappingData : MethodFinish
INFO  2021-09-01 17:28:43,375 MappingDataService::? - GetMappingDataById : MethodStart
INFO  2021-09-01 17:28:43,475 MappingDataService::? - GetMappingDataById : MethodFinish
INFO  2021-09-01 17:28:43,502 MappingDataService::? - GetWHONetMappingListWithModel : MethodStart
INFO  2021-09-01 17:28:43,611 MappingDataService::? - GetWHONetMappingListWithModel : MethodFinish
INFO  2021-09-01 17:28:43,629 MappingDataService::? - GetSpecimenMappingListWithModel : MethodStart
INFO  2021-09-01 17:28:43,751 MappingDataService::? - GetSpecimenMappingListWithModel : MethodFinish
INFO  2021-09-01 17:28:43,790 MappingDataService::? - GetOrganismMappingListWithModel : MethodStart
INFO  2021-09-01 17:28:43,920 MappingDataService::? - GetOrganismMappingListWithModel : MethodFinish
INFO  2021-09-01 17:28:43,943 MappingDataService::? - GetWardTypeMappingListWithModel : MethodStart
INFO  2021-09-01 17:28:44,048 MappingDataService::? - GetWardTypeMappingListWithModel : MethodFinish
INFO  2021-09-01 17:30:19,849 MappingDataService::? - GetOrganismMappingDataWithModel : MethodStart
INFO  2021-09-01 17:30:19,975 MappingDataService::? - GetOrganismMappingDataWithModel : MethodFinish
INFO  2021-09-01 17:30:20,002 MappingDataService::? - SaveOrganismMappingData : MethodStart
INFO  2021-09-01 17:30:20,266 MappingDataService::? - SaveOrganismMappingData : MethodFinish
INFO  2021-09-01 17:30:20,423 MappingDataService::? - GetMappingDataById : MethodStart
INFO  2021-09-01 17:30:20,539 MappingDataService::? - GetMappingDataById : MethodFinish
INFO  2021-09-01 17:30:20,560 MappingDataService::? - GetWHONetMappingListWithModel : MethodStart
INFO  2021-09-01 17:30:20,665 MappingDataService::? - GetWHONetMappingListWithModel : MethodFinish
INFO  2021-09-01 17:30:20,685 MappingDataService::? - GetSpecimenMappingListWithModel : MethodStart
INFO  2021-09-01 17:30:20,811 MappingDataService::? - GetSpecimenMappingListWithModel : MethodFinish
INFO  2021-09-01 17:30:20,837 MappingDataService::? - GetOrganismMappingListWithModel : MethodStart
INFO  2021-09-01 17:30:20,963 MappingDataService::? - GetOrganismMappingListWithModel : MethodFinish
INFO  2021-09-01 17:30:20,979 MappingDataService::? - GetWardTypeMappingListWithModel : MethodStart
INFO  2021-09-01 17:30:21,084 MappingDataService::? - GetWardTypeMappingListWithModel : MethodFinish
INFO  2021-09-01 17:31:03,288 MappingDataService::? - GetWardTypeMappingData : MethodStart
INFO  2021-09-01 17:31:03,415 MappingDataService::? - GetWardTypeMappingData : MethodFinish
INFO  2021-09-01 17:31:38,462 MappingDataService::? - GetWardTypeMappingDataWithModel : MethodStart
INFO  2021-09-01 17:31:38,585 MappingDataService::? - GetWardTypeMappingDataWithModel : MethodFinish
INFO  2021-09-01 17:33:27,501 MappingDataService::? - GetWardTypeMappingDataWithModel : MethodStart
INFO  2021-09-01 17:33:27,610 MappingDataService::? - GetWardTypeMappingDataWithModel : MethodFinish
INFO  2021-09-01 17:35:45,574 MappingDataService::? - GetWardTypeMappingDataWithModel : MethodStart
INFO  2021-09-01 17:38:46,825 MappingDataService::? - GetWardTypeMappingDataWithModel : MethodFinish
INFO  2021-09-01 17:48:55,333 MappingDataService::? - GetMappingDataById : MethodStart
INFO  2021-09-01 17:48:56,465 MappingDataService::? - GetMappingDataById : MethodFinish
INFO  2021-09-01 17:48:56,731 MappingDataService::? - GetWHONetMappingListWithModel : MethodStart
INFO  2021-09-01 17:48:56,886 MappingDataService::? - GetWHONetMappingListWithModel : MethodFinish
INFO  2021-09-01 18:00:50,462 MappingDataService::? - GetMappingDataById : MethodStart
INFO  2021-09-01 18:00:51,547 MappingDataService::? - GetMappingDataById : MethodFinish
INFO  2021-09-01 18:00:51,844 MappingDataService::? - GetWHONetMappingListWithModel : MethodStart
INFO  2021-09-01 18:00:51,990 MappingDataService::? - GetWHONetMappingListWithModel : MethodFinish
INFO  2021-09-01 18:01:15,000 MappingDataService::? - GetMappingList : MethodStart
INFO  2021-09-01 18:01:15,152 MappingDataService::? - GetMappingList : MethodFinish
INFO  2021-09-01 18:17:34,258 MappingDataService::? - GetMappingDataById : MethodStart
INFO  2021-09-01 18:17:35,378 MappingDataService::? - GetMappingDataById : MethodFinish
INFO  2021-09-01 18:17:35,451 MappingDataService::? - GetWHONetMappingListWithModel : MethodStart
INFO  2021-09-01 18:17:35,588 MappingDataService::? - GetWHONetMappingListWithModel : MethodFinish
INFO  2021-09-01 18:17:35,623 MappingDataService::? - GetSpecimenMappingListWithModel : MethodStart
INFO  2021-09-01 18:17:35,777 MappingDataService::? - GetSpecimenMappingListWithModel : MethodFinish
INFO  2021-09-01 18:17:35,826 MappingDataService::? - GetOrganismMappingListWithModel : MethodStart
INFO  2021-09-01 18:17:35,972 MappingDataService::? - GetOrganismMappingListWithModel : MethodFinish
INFO  2021-09-01 18:17:36,005 MappingDataService::? - GetWardTypeMappingListWithModel : MethodStart
INFO  2021-09-01 18:17:36,114 MappingDataService::? - GetWardTypeMappingListWithModel : MethodFinish
INFO  2021-09-01 18:18:06,163 MappingDataService::? - GetWHONetMappingData : MethodStart
INFO  2021-09-01 18:18:06,334 MappingDataService::? - GetWHONetMappingData : MethodFinish
INFO  2021-09-01 18:21:05,448 MappingDataService::? - GetWHONetMappingDataWithModel : MethodStart
INFO  2021-09-01 18:21:05,578 MappingDataService::? - GetWHONetMappingDataWithModel : MethodFinish
INFO  2021-09-01 18:21:05,616 MappingDataService::? - SaveWHONetMappingData : MethodStart
INFO  2021-09-01 18:21:06,036 MappingDataService::? - SaveWHONetMappingData : MethodFinish
INFO  2021-09-01 18:21:06,274 MappingDataService::? - GetMappingDataById : MethodStart
INFO  2021-09-01 18:21:06,384 MappingDataService::? - GetMappingDataById : MethodFinish
INFO  2021-09-01 18:21:06,431 MappingDataService::? - GetWHONetMappingListWithModel : MethodStart
INFO  2021-09-01 18:21:06,548 MappingDataService::? - GetWHONetMappingListWithModel : MethodFinish
INFO  2021-09-01 18:21:06,768 MappingDataService::? - GetSpecimenMappingListWithModel : MethodStart
INFO  2021-09-01 18:21:06,904 MappingDataService::? - GetSpecimenMappingListWithModel : MethodFinish
INFO  2021-09-01 18:21:06,988 MappingDataService::? - GetOrganismMappingListWithModel : MethodStart
INFO  2021-09-01 18:21:07,126 MappingDataService::? - GetOrganismMappingListWithModel : MethodFinish
INFO  2021-09-01 18:21:07,147 MappingDataService::? - GetWardTypeMappingListWithModel : MethodStart
INFO  2021-09-01 18:21:07,254 MappingDataService::? - GetWardTypeMappingListWithModel : MethodFinish
INFO  2021-09-01 18:25:11,050 MappingDataService::? - SaveMappingData : MethodStart
INFO  2021-09-01 18:25:11,317 MappingDataService::? - SaveMappingData : MethodFinish
INFO  2021-09-01 18:25:11,517 MappingDataService::? - GetMappingDataById : MethodStart
INFO  2021-09-01 18:25:11,629 MappingDataService::? - GetMappingDataById : MethodFinish
INFO  2021-09-01 18:25:11,718 MappingDataService::? - GetWHONetMappingListWithModel : MethodStart
INFO  2021-09-01 18:25:11,829 MappingDataService::? - GetWHONetMappingListWithModel : MethodFinish
INFO  2021-09-01 18:25:11,849 MappingDataService::? - GetSpecimenMappingListWithModel : MethodStart
INFO  2021-09-01 18:25:11,970 MappingDataService::? - GetSpecimenMappingListWithModel : MethodFinish
INFO  2021-09-01 18:25:12,062 MappingDataService::? - GetOrganismMappingListWithModel : MethodStart
INFO  2021-09-01 18:25:12,207 MappingDataService::? - GetOrganismMappingListWithModel : MethodFinish
INFO  2021-09-01 18:25:12,299 MappingDataService::? - GetWardTypeMappingListWithModel : MethodStart
INFO  2021-09-01 18:25:12,421 MappingDataService::? - GetWardTypeMappingListWithModel : MethodFinish
INFO  2021-09-01 18:27:08,493 MappingDataService::? - GetWHONetMappingDataWithModel : MethodStart
INFO  2021-09-01 18:27:08,601 MappingDataService::? - GetWHONetMappingDataWithModel : MethodFinish
INFO  2021-09-01 18:27:08,624 MappingDataService::? - SaveWHONetMappingData : MethodStart
INFO  2021-09-01 18:27:08,888 MappingDataService::? - SaveWHONetMappingData : MethodFinish
INFO  2021-09-01 18:27:09,050 MappingDataService::? - GetMappingDataById : MethodStart
INFO  2021-09-01 18:27:09,178 MappingDataService::? - GetMappingDataById : MethodFinish
INFO  2021-09-01 18:27:09,224 MappingDataService::? - GetWHONetMappingListWithModel : MethodStart
INFO  2021-09-01 18:27:09,336 MappingDataService::? - GetWHONetMappingListWithModel : MethodFinish
INFO  2021-09-01 18:27:09,353 MappingDataService::? - GetSpecimenMappingListWithModel : MethodStart
INFO  2021-09-01 18:27:09,475 MappingDataService::? - GetSpecimenMappingListWithModel : MethodFinish
INFO  2021-09-01 18:27:09,493 MappingDataService::? - GetOrganismMappingListWithModel : MethodStart
INFO  2021-09-01 18:27:09,627 MappingDataService::? - GetOrganismMappingListWithModel : MethodFinish
INFO  2021-09-01 18:27:09,648 MappingDataService::? - GetWardTypeMappingListWithModel : MethodStart
INFO  2021-09-01 18:27:09,758 MappingDataService::? - GetWardTypeMappingListWithModel : MethodFinish
INFO  2021-09-01 18:27:21,496 MappingDataService::? - GetWHONetMappingDataWithModel : MethodStart
INFO  2021-09-01 18:27:21,601 MappingDataService::? - GetWHONetMappingDataWithModel : MethodFinish
INFO  2021-09-01 18:27:21,622 MappingDataService::? - SaveWHONetMappingData : MethodStart
INFO  2021-09-01 18:27:21,881 MappingDataService::? - SaveWHONetMappingData : MethodFinish
INFO  2021-09-01 18:27:22,047 MappingDataService::? - GetMappingDataById : MethodStart
INFO  2021-09-01 18:27:22,148 MappingDataService::? - GetMappingDataById : MethodFinish
INFO  2021-09-01 18:27:22,163 MappingDataService::? - GetWHONetMappingListWithModel : MethodStart
INFO  2021-09-01 18:27:22,276 MappingDataService::? - GetWHONetMappingListWithModel : MethodFinish
INFO  2021-09-01 18:27:22,294 MappingDataService::? - GetSpecimenMappingListWithModel : MethodStart
INFO  2021-09-01 18:27:22,410 MappingDataService::? - GetSpecimenMappingListWithModel : MethodFinish
INFO  2021-09-01 18:27:22,430 MappingDataService::? - GetOrganismMappingListWithModel : MethodStart
INFO  2021-09-01 18:27:22,568 MappingDataService::? - GetOrganismMappingListWithModel : MethodFinish
INFO  2021-09-01 18:27:22,586 MappingDataService::? - GetWardTypeMappingListWithModel : MethodStart
INFO  2021-09-01 18:27:22,694 MappingDataService::? - GetWardTypeMappingListWithModel : MethodFinish
INFO  2021-09-01 18:28:02,358 MappingDataService::? - GetWHONetMappingData : MethodStart
INFO  2021-09-01 18:28:02,462 MappingDataService::? - GetWHONetMappingData : MethodFinish
INFO  2021-09-01 18:28:03,746 MappingDataService::? - GetWHONetMappingDataWithModel : MethodStart
INFO  2021-09-01 18:28:03,853 MappingDataService::? - GetWHONetMappingDataWithModel : MethodFinish
INFO  2021-09-01 18:28:03,893 MappingDataService::? - SaveWHONetMappingData : MethodStart
INFO  2021-09-01 18:28:04,140 MappingDataService::? - SaveWHONetMappingData : MethodFinish
INFO  2021-09-01 18:28:04,363 MappingDataService::? - GetMappingDataById : MethodStart
INFO  2021-09-01 18:28:04,469 MappingDataService::? - GetMappingDataById : MethodFinish
INFO  2021-09-01 18:28:04,485 MappingDataService::? - GetWHONetMappingListWithModel : MethodStart
INFO  2021-09-01 18:28:04,593 MappingDataService::? - GetWHONetMappingListWithModel : MethodFinish
INFO  2021-09-01 18:28:04,614 MappingDataService::? - GetSpecimenMappingListWithModel : MethodStart
INFO  2021-09-01 18:28:04,736 MappingDataService::? - GetSpecimenMappingListWithModel : MethodFinish
INFO  2021-09-01 18:28:04,779 MappingDataService::? - GetOrganismMappingListWithModel : MethodStart
INFO  2021-09-01 18:28:04,909 MappingDataService::? - GetOrganismMappingListWithModel : MethodFinish
INFO  2021-09-01 18:28:04,939 MappingDataService::? - GetWardTypeMappingListWithModel : MethodStart
INFO  2021-09-01 18:28:05,043 MappingDataService::? - GetWardTypeMappingListWithModel : MethodFinish
INFO  2021-09-01 18:28:32,462 MappingDataService::? - GetWHONetMappingData : MethodStart
INFO  2021-09-01 18:28:32,569 MappingDataService::? - GetWHONetMappingData : MethodFinish
INFO  2021-09-01 18:28:33,555 MappingDataService::? - GetWHONetMappingDataWithModel : MethodStart
INFO  2021-09-01 18:28:33,678 MappingDataService::? - GetWHONetMappingDataWithModel : MethodFinish
INFO  2021-09-01 18:28:33,730 MappingDataService::? - SaveWHONetMappingData : MethodStart
INFO  2021-09-01 18:28:33,980 MappingDataService::? - SaveWHONetMappingData : MethodFinish
INFO  2021-09-01 18:28:34,154 MappingDataService::? - GetMappingDataById : MethodStart
INFO  2021-09-01 18:28:34,266 MappingDataService::? - GetMappingDataById : MethodFinish
INFO  2021-09-01 18:28:34,347 MappingDataService::? - GetWHONetMappingListWithModel : MethodStart
INFO  2021-09-01 18:28:34,458 MappingDataService::? - GetWHONetMappingListWithModel : MethodFinish
INFO  2021-09-01 18:28:34,480 MappingDataService::? - GetSpecimenMappingListWithModel : MethodStart
INFO  2021-09-01 18:28:34,600 MappingDataService::? - GetSpecimenMappingListWithModel : MethodFinish
INFO  2021-09-01 18:28:34,685 MappingDataService::? - GetOrganismMappingListWithModel : MethodStart
INFO  2021-09-01 18:28:34,813 MappingDataService::? - GetOrganismMappingListWithModel : MethodFinish
INFO  2021-09-01 18:28:34,889 MappingDataService::? - GetWardTypeMappingListWithModel : MethodStart
INFO  2021-09-01 18:28:34,997 MappingDataService::? - GetWardTypeMappingListWithModel : MethodFinish
INFO  2021-09-01 18:28:43,696 MappingDataService::? - GetWHONetMappingDataWithModel : MethodStart
INFO  2021-09-01 18:28:43,811 MappingDataService::? - GetWHONetMappingDataWithModel : MethodFinish
INFO  2021-09-01 18:28:43,837 MappingDataService::? - SaveWHONetMappingData : MethodStart
INFO  2021-09-01 18:28:44,105 MappingDataService::? - SaveWHONetMappingData : MethodFinish
INFO  2021-09-01 18:28:44,268 MappingDataService::? - GetMappingDataById : MethodStart
INFO  2021-09-01 18:28:44,372 MappingDataService::? - GetMappingDataById : MethodFinish
INFO  2021-09-01 18:28:44,389 MappingDataService::? - GetWHONetMappingListWithModel : MethodStart
INFO  2021-09-01 18:28:44,503 MappingDataService::? - GetWHONetMappingListWithModel : MethodFinish
INFO  2021-09-01 18:28:44,518 MappingDataService::? - GetSpecimenMappingListWithModel : MethodStart
INFO  2021-09-01 18:28:44,638 MappingDataService::? - GetSpecimenMappingListWithModel : MethodFinish
INFO  2021-09-01 18:28:44,653 MappingDataService::? - GetOrganismMappingListWithModel : MethodStart
INFO  2021-09-01 18:28:44,786 MappingDataService::? - GetOrganismMappingListWithModel : MethodFinish
INFO  2021-09-01 18:28:44,801 MappingDataService::? - GetWardTypeMappingListWithModel : MethodStart
INFO  2021-09-01 18:28:44,910 MappingDataService::? - GetWardTypeMappingListWithModel : MethodFinish
INFO  2021-09-01 18:29:02,045 MappingDataService::? - GetWHONetMappingDataWithModel : MethodStart
INFO  2021-09-01 18:29:02,148 MappingDataService::? - GetWHONetMappingDataWithModel : MethodFinish
INFO  2021-09-01 18:29:02,168 MappingDataService::? - SaveWHONetMappingData : MethodStart
INFO  2021-09-01 18:29:02,429 MappingDataService::? - SaveWHONetMappingData : MethodFinish
INFO  2021-09-01 18:29:02,576 MappingDataService::? - GetMappingDataById : MethodStart
INFO  2021-09-01 18:29:02,677 MappingDataService::? - GetMappingDataById : MethodFinish
INFO  2021-09-01 18:29:02,694 MappingDataService::? - GetWHONetMappingListWithModel : MethodStart
INFO  2021-09-01 18:29:02,798 MappingDataService::? - GetWHONetMappingListWithModel : MethodFinish
INFO  2021-09-01 18:29:02,825 MappingDataService::? - GetSpecimenMappingListWithModel : MethodStart
INFO  2021-09-01 18:29:02,943 MappingDataService::? - GetSpecimenMappingListWithModel : MethodFinish
INFO  2021-09-01 18:29:02,958 MappingDataService::? - GetOrganismMappingListWithModel : MethodStart
INFO  2021-09-01 18:29:03,086 MappingDataService::? - GetOrganismMappingListWithModel : MethodFinish
INFO  2021-09-01 18:29:03,102 MappingDataService::? - GetWardTypeMappingListWithModel : MethodStart
INFO  2021-09-01 18:29:03,209 MappingDataService::? - GetWardTypeMappingListWithModel : MethodFinish
INFO  2021-09-01 18:29:18,210 MappingDataService::? - GetWHONetMappingDataWithModel : MethodStart
INFO  2021-09-01 18:29:18,313 MappingDataService::? - GetWHONetMappingDataWithModel : MethodFinish
INFO  2021-09-01 18:29:18,330 MappingDataService::? - SaveWHONetMappingData : MethodStart
INFO  2021-09-01 18:29:18,594 MappingDataService::? - SaveWHONetMappingData : MethodFinish
INFO  2021-09-01 18:29:18,744 MappingDataService::? - GetMappingDataById : MethodStart
INFO  2021-09-01 18:29:18,845 MappingDataService::? - GetMappingDataById : MethodFinish
INFO  2021-09-01 18:29:18,882 MappingDataService::? - GetWHONetMappingListWithModel : MethodStart
INFO  2021-09-01 18:29:18,988 MappingDataService::? - GetWHONetMappingListWithModel : MethodFinish
INFO  2021-09-01 18:29:19,003 MappingDataService::? - GetSpecimenMappingListWithModel : MethodStart
INFO  2021-09-01 18:29:19,123 MappingDataService::? - GetSpecimenMappingListWithModel : MethodFinish
INFO  2021-09-01 18:29:19,142 MappingDataService::? - GetOrganismMappingListWithModel : MethodStart
INFO  2021-09-01 18:29:19,267 MappingDataService::? - GetOrganismMappingListWithModel : MethodFinish
INFO  2021-09-01 18:29:19,282 MappingDataService::? - GetWardTypeMappingListWithModel : MethodStart
INFO  2021-09-01 18:29:19,388 MappingDataService::? - GetWardTypeMappingListWithModel : MethodFinish
INFO  2021-09-01 18:29:23,535 MappingDataService::? - SaveMappingData : MethodStart
INFO  2021-09-01 18:29:23,744 MappingDataService::? - SaveMappingData : MethodFinish
INFO  2021-09-01 18:29:23,886 MappingDataService::? - GetMappingDataById : MethodStart
INFO  2021-09-01 18:29:23,988 MappingDataService::? - GetMappingDataById : MethodFinish
INFO  2021-09-01 18:29:24,004 MappingDataService::? - GetWHONetMappingListWithModel : MethodStart
INFO  2021-09-01 18:29:24,118 MappingDataService::? - GetWHONetMappingListWithModel : MethodFinish
INFO  2021-09-01 18:29:24,137 MappingDataService::? - GetSpecimenMappingListWithModel : MethodStart
INFO  2021-09-01 18:29:24,258 MappingDataService::? - GetSpecimenMappingListWithModel : MethodFinish
INFO  2021-09-01 18:29:24,285 MappingDataService::? - GetOrganismMappingListWithModel : MethodStart
INFO  2021-09-01 18:29:24,413 MappingDataService::? - GetOrganismMappingListWithModel : MethodFinish
INFO  2021-09-01 18:29:24,430 MappingDataService::? - GetWardTypeMappingListWithModel : MethodStart
INFO  2021-09-01 18:29:24,535 MappingDataService::? - GetWardTypeMappingListWithModel : MethodFinish
INFO  2021-09-01 22:24:47,071 MappingDataService::? - GetMappingDataById : MethodStart
INFO  2021-09-01 22:24:49,819 MappingDataService::? - GetMappingDataById : MethodFinish
INFO  2021-09-01 22:24:51,960 MappingDataService::? - GetWHONetMappingListWithModel : MethodStart
INFO  2021-09-01 22:24:52,172 MappingDataService::? - GetWHONetMappingListWithModel : MethodFinish
INFO  2021-09-01 22:30:21,561 MappingDataService::? - GetMappingDataById : MethodStart
INFO  2021-09-01 22:30:21,804 MappingDataService::? - GetMappingDataById : MethodFinish
INFO  2021-09-01 22:30:22,129 MappingDataService::? - GetWHONetMappingListWithModel : MethodStart
INFO  2021-09-01 22:30:22,248 MappingDataService::? - GetWHONetMappingListWithModel : MethodFinish
INFO  2021-09-01 22:30:50,524 MappingDataService::? - GetMappingDataById : MethodStart
INFO  2021-09-01 22:30:50,639 MappingDataService::? - GetMappingDataById : MethodFinish
INFO  2021-09-01 22:30:51,026 MappingDataService::? - GetWHONetMappingListWithModel : MethodStart
INFO  2021-09-01 22:30:51,162 MappingDataService::? - GetWHONetMappingListWithModel : MethodFinish
INFO  2021-09-01 22:32:00,346 MappingDataService::? - GetMappingDataById : MethodStart
INFO  2021-09-01 22:32:00,462 MappingDataService::? - GetMappingDataById : MethodFinish
INFO  2021-09-01 22:32:00,742 MappingDataService::? - GetWHONetMappingListWithModel : MethodStart
INFO  2021-09-01 22:32:00,855 MappingDataService::? - GetWHONetMappingListWithModel : MethodFinish
INFO  2021-09-01 22:51:01,894 MappingDataService::? - GetMappingDataById : MethodStart
INFO  2021-09-01 22:51:02,183 MappingDataService::? - GetMappingDataById : MethodFinish
INFO  2021-09-01 22:51:02,448 MappingDataService::? - GetWHONetMappingListWithModel : MethodStart
INFO  2021-09-01 22:51:02,579 MappingDataService::? - GetWHONetMappingListWithModel : MethodFinish
INFO  2021-09-01 23:00:38,747 MappingDataService::? - GetMappingList : MethodStart
INFO  2021-09-01 23:00:39,092 MappingDataService::? - GetMappingList : MethodFinish
INFO  2021-09-01 23:00:42,265 MappingDataService::? - GetMappingDataById : MethodStart
INFO  2021-09-01 23:00:42,379 MappingDataService::? - GetMappingDataById : MethodFinish
INFO  2021-09-01 23:00:42,437 MappingDataService::? - GetWHONetMappingListWithModel : MethodStart
INFO  2021-09-01 23:00:42,553 MappingDataService::? - GetWHONetMappingListWithModel : MethodFinish
INFO  2021-09-01 23:00:42,616 MappingDataService::? - GetSpecimenMappingListWithModel : MethodStart
INFO  2021-09-01 23:00:42,780 MappingDataService::? - GetSpecimenMappingListWithModel : MethodFinish
INFO  2021-09-01 23:00:42,864 MappingDataService::? - GetOrganismMappingListWithModel : MethodStart
INFO  2021-09-01 23:00:43,019 MappingDataService::? - GetOrganismMappingListWithModel : MethodFinish
INFO  2021-09-01 23:00:43,083 MappingDataService::? - GetWardTypeMappingListWithModel : MethodStart
INFO  2021-09-01 23:00:43,241 MappingDataService::? - GetWardTypeMappingListWithModel : MethodFinish
INFO  2021-09-01 23:03:52,022 MappingDataService::? - GetWardTypeMappingDataWithModel : MethodStart
INFO  2021-09-01 23:03:56,297 MappingDataService::? - GetWardTypeMappingDataWithModel : MethodFinish
INFO  2021-09-01 23:03:56,360 MappingDataService::? - SaveWardTypeMappingData : MethodStart
INFO  2021-09-01 23:03:56,945 MappingDataService::? - SaveWardTypeMappingData : MethodFinish
INFO  2021-09-01 23:03:57,228 MappingDataService::? - GetMappingDataById : MethodStart
INFO  2021-09-01 23:03:57,363 MappingDataService::? - GetMappingDataById : MethodFinish
INFO  2021-09-01 23:03:57,405 MappingDataService::? - GetWHONetMappingListWithModel : MethodStart
INFO  2021-09-01 23:03:57,563 MappingDataService::? - GetWHONetMappingListWithModel : MethodFinish
INFO  2021-09-01 23:03:57,684 MappingDataService::? - GetSpecimenMappingListWithModel : MethodStart
INFO  2021-09-01 23:03:57,908 MappingDataService::? - GetSpecimenMappingListWithModel : MethodFinish
INFO  2021-09-01 23:03:57,935 MappingDataService::? - GetOrganismMappingListWithModel : MethodStart
INFO  2021-09-01 23:03:58,082 MappingDataService::? - GetOrganismMappingListWithModel : MethodFinish
INFO  2021-09-01 23:03:58,116 MappingDataService::? - GetWardTypeMappingListWithModel : MethodStart
INFO  2021-09-01 23:03:58,273 MappingDataService::? - GetWardTypeMappingListWithModel : MethodFinish
INFO  2021-09-01 23:04:08,618 MappingDataService::? - SaveMappingData : MethodStart
INFO  2021-09-01 23:04:08,889 MappingDataService::? - SaveMappingData : MethodFinish
INFO  2021-09-01 23:04:09,075 MappingDataService::? - GetMappingDataById : MethodStart
INFO  2021-09-01 23:04:09,187 MappingDataService::? - GetMappingDataById : MethodFinish
INFO  2021-09-01 23:04:09,217 MappingDataService::? - GetWHONetMappingListWithModel : MethodStart
INFO  2021-09-01 23:04:09,337 MappingDataService::? - GetWHONetMappingListWithModel : MethodFinish
INFO  2021-09-01 23:04:09,378 MappingDataService::? - GetSpecimenMappingListWithModel : MethodStart
INFO  2021-09-01 23:04:09,505 MappingDataService::? - GetSpecimenMappingListWithModel : MethodFinish
INFO  2021-09-01 23:04:09,538 MappingDataService::? - GetOrganismMappingListWithModel : MethodStart
INFO  2021-09-01 23:04:09,683 MappingDataService::? - GetOrganismMappingListWithModel : MethodFinish
INFO  2021-09-01 23:04:09,730 MappingDataService::? - GetWardTypeMappingListWithModel : MethodStart
INFO  2021-09-01 23:04:09,840 MappingDataService::? - GetWardTypeMappingListWithModel : MethodFinish
INFO  2021-09-01 23:19:54,375 MappingDataService::? - GetMappingList : MethodStart
INFO  2021-09-01 23:19:54,677 MappingDataService::? - GetMappingList : MethodFinish
INFO  2021-09-01 23:23:19,707 MappingDataService::? - GetMappingDataById : MethodStart
INFO  2021-09-01 23:23:19,839 MappingDataService::? - GetMappingDataById : MethodFinish
INFO  2021-09-01 23:23:19,939 MappingDataService::? - GetWHONetMappingListWithModel : MethodStart
INFO  2021-09-01 23:23:20,066 MappingDataService::? - GetWHONetMappingListWithModel : MethodFinish
INFO  2021-09-01 23:23:20,128 MappingDataService::? - GetSpecimenMappingListWithModel : MethodStart
INFO  2021-09-01 23:23:20,261 MappingDataService::? - GetSpecimenMappingListWithModel : MethodFinish
INFO  2021-09-01 23:23:20,299 MappingDataService::? - GetOrganismMappingListWithModel : MethodStart
INFO  2021-09-01 23:23:20,444 MappingDataService::? - GetOrganismMappingListWithModel : MethodFinish
INFO  2021-09-01 23:23:20,476 MappingDataService::? - GetWardTypeMappingListWithModel : MethodStart
INFO  2021-09-01 23:23:20,587 MappingDataService::? - GetWardTypeMappingListWithModel : MethodFinish
INFO  2021-09-01 23:23:38,723 MappingDataService::? - GetWHONetMappingData : MethodStart
INFO  2021-09-01 23:23:38,950 MappingDataService::? - GetWHONetMappingData : MethodFinish
INFO  2021-09-01 23:23:42,290 MappingDataService::? - GetWHONetMappingDataWithModel : MethodStart
INFO  2021-09-01 23:23:42,423 MappingDataService::? - GetWHONetMappingDataWithModel : MethodFinish
INFO  2021-09-01 23:23:42,489 MappingDataService::? - SaveWHONetMappingData : MethodStart
INFO  2021-09-01 23:23:42,849 MappingDataService::? - SaveWHONetMappingData : MethodFinish
INFO  2021-09-01 23:23:43,083 MappingDataService::? - GetMappingDataById : MethodStart
INFO  2021-09-01 23:23:43,218 MappingDataService::? - GetMappingDataById : MethodFinish
INFO  2021-09-01 23:23:43,547 MappingDataService::? - GetWHONetMappingListWithModel : MethodStart
INFO  2021-09-01 23:23:43,692 MappingDataService::? - GetWHONetMappingListWithModel : MethodFinish
INFO  2021-09-01 23:23:43,728 MappingDataService::? - GetSpecimenMappingListWithModel : MethodStart
INFO  2021-09-01 23:23:43,883 MappingDataService::? - GetSpecimenMappingListWithModel : MethodFinish
INFO  2021-09-01 23:23:43,990 MappingDataService::? - GetOrganismMappingListWithModel : MethodStart
INFO  2021-09-01 23:23:44,140 MappingDataService::? - GetOrganismMappingListWithModel : MethodFinish
INFO  2021-09-01 23:23:44,203 MappingDataService::? - GetWardTypeMappingListWithModel : MethodStart
INFO  2021-09-01 23:23:44,341 MappingDataService::? - GetWardTypeMappingListWithModel : MethodFinish
INFO  2021-09-01 23:26:42,481 MappingDataService::? - GetWHONetMappingData : MethodStart
INFO  2021-09-01 23:26:42,605 MappingDataService::? - GetWHONetMappingData : MethodFinish
INFO  2021-09-01 23:26:46,121 MappingDataService::? - GetWHONetMappingDataWithModel : MethodStart
INFO  2021-09-01 23:26:46,231 MappingDataService::? - GetWHONetMappingDataWithModel : MethodFinish
INFO  2021-09-01 23:26:46,269 MappingDataService::? - SaveWHONetMappingData : MethodStart
INFO  2021-09-01 23:26:46,550 MappingDataService::? - SaveWHONetMappingData : MethodFinish
INFO  2021-09-01 23:26:46,783 MappingDataService::? - GetMappingDataById : MethodStart
INFO  2021-09-01 23:26:46,901 MappingDataService::? - GetMappingDataById : MethodFinish
INFO  2021-09-01 23:26:46,937 MappingDataService::? - GetWHONetMappingListWithModel : MethodStart
INFO  2021-09-01 23:26:47,047 MappingDataService::? - GetWHONetMappingListWithModel : MethodFinish
INFO  2021-09-01 23:26:47,097 MappingDataService::? - GetSpecimenMappingListWithModel : MethodStart
INFO  2021-09-01 23:26:47,226 MappingDataService::? - GetSpecimenMappingListWithModel : MethodFinish
INFO  2021-09-01 23:26:47,342 MappingDataService::? - GetOrganismMappingListWithModel : MethodStart
INFO  2021-09-01 23:26:47,475 MappingDataService::? - GetOrganismMappingListWithModel : MethodFinish
INFO  2021-09-01 23:26:47,603 MappingDataService::? - GetWardTypeMappingListWithModel : MethodStart
INFO  2021-09-01 23:26:47,711 MappingDataService::? - GetWardTypeMappingListWithModel : MethodFinish
INFO  2021-09-01 23:29:35,346 MappingDataService::? - SaveMappingData : MethodStart
INFO  2021-09-01 23:29:35,598 MappingDataService::? - SaveMappingData : MethodFinish
INFO  2021-09-01 23:29:35,826 MappingDataService::? - GetMappingDataById : MethodStart
INFO  2021-09-01 23:29:35,960 MappingDataService::? - GetMappingDataById : MethodFinish
INFO  2021-09-01 23:29:36,032 MappingDataService::? - GetWHONetMappingListWithModel : MethodStart
INFO  2021-09-01 23:29:36,158 MappingDataService::? - GetWHONetMappingListWithModel : MethodFinish
INFO  2021-09-01 23:29:36,248 MappingDataService::? - GetSpecimenMappingListWithModel : MethodStart
INFO  2021-09-01 23:29:36,470 MappingDataService::? - GetSpecimenMappingListWithModel : MethodFinish
INFO  2021-09-01 23:29:36,527 MappingDataService::? - GetOrganismMappingListWithModel : MethodStart
INFO  2021-09-01 23:29:36,727 MappingDataService::? - GetOrganismMappingListWithModel : MethodFinish
INFO  2021-09-01 23:29:36,973 MappingDataService::? - GetWardTypeMappingListWithModel : MethodStart
INFO  2021-09-01 23:29:37,083 MappingDataService::? - GetWardTypeMappingListWithModel : MethodFinish
INFO  2021-09-01 23:52:01,613 MappingDataService::? - GetMappingDataById : MethodStart
INFO  2021-09-01 23:52:04,497 MappingDataService::? - GetMappingDataById : MethodFinish
INFO  2021-09-01 23:52:05,125 MappingDataService::? - GetWHONetMappingListWithModel : MethodStart
INFO  2021-09-01 23:52:05,330 MappingDataService::? - GetWHONetMappingListWithModel : MethodFinish
