INFO  2021-09-06 00:03:57,239 MappingDataService::? - GetMappingDataById : MethodStart
INFO  2021-09-06 00:03:57,631 MappingDataService::? - GetMappingDataById : MethodFinish
INFO  2021-09-06 00:03:57,657 MappingDataService::? - GetWHONetMappingListWithModel : MethodStart
INFO  2021-09-06 00:03:57,824 MappingDataService::? - GetWHONetMappingListWithModel : MethodFinish
INFO  2021-09-06 00:03:57,850 MappingDataService::? - GetSpecimenMappingListWithModel : MethodStart
INFO  2021-09-06 00:03:58,001 MappingDataService::? - GetSpecimenMappingListWithModel : MethodFinish
INFO  2021-09-06 00:03:58,052 MappingDataService::? - GetOrganismMappingListWithModel : MethodStart
INFO  2021-09-06 00:03:58,624 MappingDataService::? - GetOrganismMappingListWithModel : MethodFinish
INFO  2021-09-06 00:03:58,654 MappingDataService::? - GetWardTypeMappingListWithModel : MethodStart
INFO  2021-09-06 00:03:58,774 MappingDataService::? - GetWardTypeMappingListWithModel : MethodFinish
INFO  2021-09-06 10:35:58,627 MappingDataService::? - GetMappingDataById : MethodStart
INFO  2021-09-06 10:35:59,958 MappingDataService::? - GetMappingDataById : MethodFinish
INFO  2021-09-06 10:36:00,032 MappingDataService::? - GetWHONetMappingListWithModel : MethodStart
INFO  2021-09-06 10:36:00,178 MappingDataService::? - GetWHONetMappingListWithModel : MethodFinish
INFO  2021-09-06 10:36:00,215 MappingDataService::? - GetSpecimenMappingListWithModel : MethodStart
INFO  2021-09-06 10:36:00,496 MappingDataService::? - GetSpecimenMappingListWithModel : MethodFinish
INFO  2021-09-06 10:36:00,531 MappingDataService::? - GetOrganismMappingListWithModel : MethodStart
INFO  2021-09-06 10:36:00,925 MappingDataService::? - GetOrganismMappingListWithModel : MethodFinish
INFO  2021-09-06 10:36:00,955 MappingDataService::? - GetWardTypeMappingListWithModel : MethodStart
INFO  2021-09-06 10:36:01,085 MappingDataService::? - GetWardTypeMappingListWithModel : MethodFinish
INFO  2021-09-06 10:36:46,483 MappingDataService::? - GetWardTypeMappingDataWithModel : MethodStart
INFO  2021-09-06 10:36:46,608 MappingDataService::? - GetWardTypeMappingDataWithModel : MethodFinish
INFO  2021-09-06 10:36:46,649 MappingDataService::? - SaveWardTypeMappingData : MethodStart
INFO  2021-09-06 10:36:47,090 MappingDataService::? - SaveWardTypeMappingData : MethodFinish
INFO  2021-09-06 10:36:47,260 MappingDataService::? - GetMappingDataById : MethodStart
INFO  2021-09-06 10:36:47,358 MappingDataService::? - GetMappingDataById : MethodFinish
INFO  2021-09-06 10:36:47,377 MappingDataService::? - GetWHONetMappingListWithModel : MethodStart
INFO  2021-09-06 10:36:47,476 MappingDataService::? - GetWHONetMappingListWithModel : MethodFinish
INFO  2021-09-06 10:36:47,498 MappingDataService::? - GetSpecimenMappingListWithModel : MethodStart
INFO  2021-09-06 10:36:47,610 MappingDataService::? - GetSpecimenMappingListWithModel : MethodFinish
INFO  2021-09-06 10:36:47,627 MappingDataService::? - GetOrganismMappingListWithModel : MethodStart
INFO  2021-09-06 10:36:47,750 MappingDataService::? - GetOrganismMappingListWithModel : MethodFinish
INFO  2021-09-06 10:36:47,773 MappingDataService::? - GetWardTypeMappingListWithModel : MethodStart
INFO  2021-09-06 10:36:47,876 MappingDataService::? - GetWardTypeMappingListWithModel : MethodFinish
INFO  2021-09-06 10:37:44,778 MappingDataService::? - GetMappingList : MethodStart
INFO  2021-09-06 10:37:44,916 MappingDataService::? - GetMappingList : MethodFinish
INFO  2021-09-06 10:38:02,166 MappingDataService::? - GetMappingDataById : MethodStart
INFO  2021-09-06 10:38:02,270 MappingDataService::? - GetMappingDataById : MethodFinish
INFO  2021-09-06 10:38:02,296 MappingDataService::? - GetWHONetMappingListWithModel : MethodStart
INFO  2021-09-06 10:38:02,414 MappingDataService::? - GetWHONetMappingListWithModel : MethodFinish
INFO  2021-09-06 10:38:02,435 MappingDataService::? - GetSpecimenMappingListWithModel : MethodStart
INFO  2021-09-06 10:38:02,549 MappingDataService::? - GetSpecimenMappingListWithModel : MethodFinish
INFO  2021-09-06 10:38:02,564 MappingDataService::? - GetOrganismMappingListWithModel : MethodStart
INFO  2021-09-06 10:38:02,770 MappingDataService::? - GetOrganismMappingListWithModel : MethodFinish
INFO  2021-09-06 10:38:02,797 MappingDataService::? - GetWardTypeMappingListWithModel : MethodStart
INFO  2021-09-06 10:38:02,899 MappingDataService::? - GetWardTypeMappingListWithModel : MethodFinish
INFO  2021-09-06 10:38:12,531 MappingDataService::? - GetWardTypeMappingData : MethodStart
INFO  2021-09-06 10:38:12,649 MappingDataService::? - GetWardTypeMappingData : MethodFinish
INFO  2021-09-06 10:38:15,855 MappingDataService::? - GetWardTypeMappingData : MethodStart
INFO  2021-09-06 10:38:15,959 MappingDataService::? - GetWardTypeMappingData : MethodFinish
INFO  2021-09-06 10:38:17,316 MappingDataService::? - GetWardTypeMappingDataWithModel : MethodStart
INFO  2021-09-06 10:38:17,427 MappingDataService::? - GetWardTypeMappingDataWithModel : MethodFinish
INFO  2021-09-06 10:38:17,450 MappingDataService::? - SaveWardTypeMappingData : MethodStart
INFO  2021-09-06 10:38:17,687 MappingDataService::? - SaveWardTypeMappingData : MethodFinish
INFO  2021-09-06 10:38:17,837 MappingDataService::? - GetMappingDataById : MethodStart
INFO  2021-09-06 10:38:17,931 MappingDataService::? - GetMappingDataById : MethodFinish
INFO  2021-09-06 10:38:17,974 MappingDataService::? - GetWHONetMappingListWithModel : MethodStart
INFO  2021-09-06 10:38:18,186 MappingDataService::? - GetWHONetMappingListWithModel : MethodFinish
INFO  2021-09-06 10:38:18,234 MappingDataService::? - GetSpecimenMappingListWithModel : MethodStart
INFO  2021-09-06 10:38:18,343 MappingDataService::? - GetSpecimenMappingListWithModel : MethodFinish
INFO  2021-09-06 10:38:18,360 MappingDataService::? - GetOrganismMappingListWithModel : MethodStart
INFO  2021-09-06 10:38:18,493 MappingDataService::? - GetOrganismMappingListWithModel : MethodFinish
INFO  2021-09-06 10:38:18,518 MappingDataService::? - GetWardTypeMappingListWithModel : MethodStart
INFO  2021-09-06 10:38:18,622 MappingDataService::? - GetWardTypeMappingListWithModel : MethodFinish
INFO  2021-09-06 10:38:29,215 MappingDataService::? - GetWardTypeMappingDataWithModel : MethodStart
INFO  2021-09-06 10:38:29,324 MappingDataService::? - GetWardTypeMappingDataWithModel : MethodFinish
INFO  2021-09-06 10:38:29,349 MappingDataService::? - SaveWardTypeMappingData : MethodStart
INFO  2021-09-06 10:38:29,599 MappingDataService::? - SaveWardTypeMappingData : MethodFinish
INFO  2021-09-06 10:38:29,756 MappingDataService::? - GetMappingDataById : MethodStart
INFO  2021-09-06 10:38:29,851 MappingDataService::? - GetMappingDataById : MethodFinish
INFO  2021-09-06 10:38:29,869 MappingDataService::? - GetWHONetMappingListWithModel : MethodStart
INFO  2021-09-06 10:38:29,986 MappingDataService::? - GetWHONetMappingListWithModel : MethodFinish
INFO  2021-09-06 10:38:30,002 MappingDataService::? - GetSpecimenMappingListWithModel : MethodStart
INFO  2021-09-06 10:38:30,117 MappingDataService::? - GetSpecimenMappingListWithModel : MethodFinish
INFO  2021-09-06 10:38:30,131 MappingDataService::? - GetOrganismMappingListWithModel : MethodStart
INFO  2021-09-06 10:38:30,263 MappingDataService::? - GetOrganismMappingListWithModel : MethodFinish
INFO  2021-09-06 10:38:30,285 MappingDataService::? - GetWardTypeMappingListWithModel : MethodStart
INFO  2021-09-06 10:38:30,385 MappingDataService::? - GetWardTypeMappingListWithModel : MethodFinish
INFO  2021-09-06 10:38:38,282 MappingDataService::? - SaveMappingData : MethodStart
INFO  2021-09-06 10:38:38,532 MappingDataService::? - SaveMappingData : MethodFinish
INFO  2021-09-06 10:38:38,680 MappingDataService::? - GetMappingDataById : MethodStart
INFO  2021-09-06 10:38:38,776 MappingDataService::? - GetMappingDataById : MethodFinish
INFO  2021-09-06 10:38:38,793 MappingDataService::? - GetWHONetMappingListWithModel : MethodStart
INFO  2021-09-06 10:38:38,903 MappingDataService::? - GetWHONetMappingListWithModel : MethodFinish
INFO  2021-09-06 10:38:38,920 MappingDataService::? - GetSpecimenMappingListWithModel : MethodStart
INFO  2021-09-06 10:38:39,031 MappingDataService::? - GetSpecimenMappingListWithModel : MethodFinish
INFO  2021-09-06 10:38:39,048 MappingDataService::? - GetOrganismMappingListWithModel : MethodStart
INFO  2021-09-06 10:38:39,183 MappingDataService::? - GetOrganismMappingListWithModel : MethodFinish
INFO  2021-09-06 10:38:39,210 MappingDataService::? - GetWardTypeMappingListWithModel : MethodStart
INFO  2021-09-06 10:38:39,310 MappingDataService::? - GetWardTypeMappingListWithModel : MethodFinish
INFO  2021-09-06 10:38:51,987 MappingDataService::? - GetMappingDataById : MethodStart
INFO  2021-09-06 10:38:52,087 MappingDataService::? - GetMappingDataById : MethodFinish
INFO  2021-09-06 10:38:52,106 MappingDataService::? - GetWHONetMappingListWithModel : MethodStart
INFO  2021-09-06 10:38:52,208 MappingDataService::? - GetWHONetMappingListWithModel : MethodFinish
INFO  2021-09-06 10:38:52,223 MappingDataService::? - GetSpecimenMappingListWithModel : MethodStart
INFO  2021-09-06 10:38:52,337 MappingDataService::? - GetSpecimenMappingListWithModel : MethodFinish
INFO  2021-09-06 10:38:52,353 MappingDataService::? - GetOrganismMappingListWithModel : MethodStart
INFO  2021-09-06 10:38:52,494 MappingDataService::? - GetOrganismMappingListWithModel : MethodFinish
INFO  2021-09-06 10:38:52,508 MappingDataService::? - GetWardTypeMappingListWithModel : MethodStart
INFO  2021-09-06 10:38:52,611 MappingDataService::? - GetWardTypeMappingListWithModel : MethodFinish
INFO  2021-09-06 10:43:39,495 MappingDataService::? - SaveMappingData : MethodStart
INFO  2021-09-06 10:43:39,913 MappingDataService::? - SaveMappingData : MethodFinish
INFO  2021-09-06 10:43:40,288 MappingDataService::? - GetMappingDataById : MethodStart
INFO  2021-09-06 10:43:40,388 MappingDataService::? - GetMappingDataById : MethodFinish
INFO  2021-09-06 10:43:40,407 MappingDataService::? - GetWHONetMappingListWithModel : MethodStart
INFO  2021-09-06 10:43:40,515 MappingDataService::? - GetWHONetMappingListWithModel : MethodFinish
INFO  2021-09-06 10:43:40,536 MappingDataService::? - GetSpecimenMappingListWithModel : MethodStart
INFO  2021-09-06 10:43:40,645 MappingDataService::? - GetSpecimenMappingListWithModel : MethodFinish
INFO  2021-09-06 10:43:40,668 MappingDataService::? - GetOrganismMappingListWithModel : MethodStart
INFO  2021-09-06 10:43:40,792 MappingDataService::? - GetOrganismMappingListWithModel : MethodFinish
INFO  2021-09-06 10:43:40,810 MappingDataService::? - GetWardTypeMappingListWithModel : MethodStart
INFO  2021-09-06 10:43:40,907 MappingDataService::? - GetWardTypeMappingListWithModel : MethodFinish
INFO  2021-09-06 10:44:31,844 MappingDataService::? - GetWHONetMappingDataWithModel : MethodStart
INFO  2021-09-06 10:44:31,980 MappingDataService::? - GetWHONetMappingDataWithModel : MethodFinish
INFO  2021-09-06 10:44:32,017 MappingDataService::? - SaveWHONetMappingData : MethodStart
INFO  2021-09-06 10:44:32,282 MappingDataService::? - SaveWHONetMappingData : MethodFinish
INFO  2021-09-06 10:44:32,435 MappingDataService::? - GetMappingDataById : MethodStart
INFO  2021-09-06 10:44:32,534 MappingDataService::? - GetMappingDataById : MethodFinish
INFO  2021-09-06 10:44:32,554 MappingDataService::? - GetWHONetMappingListWithModel : MethodStart
INFO  2021-09-06 10:44:32,652 MappingDataService::? - GetWHONetMappingListWithModel : MethodFinish
INFO  2021-09-06 10:44:32,689 MappingDataService::? - GetSpecimenMappingListWithModel : MethodStart
INFO  2021-09-06 10:44:32,801 MappingDataService::? - GetSpecimenMappingListWithModel : MethodFinish
INFO  2021-09-06 10:44:32,858 MappingDataService::? - GetOrganismMappingListWithModel : MethodStart
INFO  2021-09-06 10:44:32,985 MappingDataService::? - GetOrganismMappingListWithModel : MethodFinish
INFO  2021-09-06 10:44:33,000 MappingDataService::? - GetWardTypeMappingListWithModel : MethodStart
INFO  2021-09-06 10:44:33,094 MappingDataService::? - GetWardTypeMappingListWithModel : MethodFinish
INFO  2021-09-06 10:44:36,864 MappingDataService::? - SaveMappingData : MethodStart
INFO  2021-09-06 10:44:37,086 MappingDataService::? - SaveMappingData : MethodFinish
INFO  2021-09-06 10:44:37,238 MappingDataService::? - GetMappingDataById : MethodStart
INFO  2021-09-06 10:44:37,331 MappingDataService::? - GetMappingDataById : MethodFinish
INFO  2021-09-06 10:44:37,346 MappingDataService::? - GetWHONetMappingListWithModel : MethodStart
INFO  2021-09-06 10:44:37,441 MappingDataService::? - GetWHONetMappingListWithModel : MethodFinish
INFO  2021-09-06 10:44:37,458 MappingDataService::? - GetSpecimenMappingListWithModel : MethodStart
INFO  2021-09-06 10:44:37,569 MappingDataService::? - GetSpecimenMappingListWithModel : MethodFinish
INFO  2021-09-06 10:44:37,584 MappingDataService::? - GetOrganismMappingListWithModel : MethodStart
INFO  2021-09-06 10:44:37,702 MappingDataService::? - GetOrganismMappingListWithModel : MethodFinish
INFO  2021-09-06 10:44:37,715 MappingDataService::? - GetWardTypeMappingListWithModel : MethodStart
INFO  2021-09-06 10:44:37,813 MappingDataService::? - GetWardTypeMappingListWithModel : MethodFinish
INFO  2021-09-06 11:11:09,527 MappingDataService::? - GetMappingDataById : MethodStart
INFO  2021-09-06 11:11:10,652 MappingDataService::? - GetMappingDataById : MethodFinish
INFO  2021-09-06 11:11:10,727 MappingDataService::? - GetWHONetMappingListWithModel : MethodStart
INFO  2021-09-06 11:11:10,881 MappingDataService::? - GetWHONetMappingListWithModel : MethodFinish
INFO  2021-09-06 11:11:10,922 MappingDataService::? - GetSpecimenMappingListWithModel : MethodStart
INFO  2021-09-06 11:11:11,109 MappingDataService::? - GetSpecimenMappingListWithModel : MethodFinish
INFO  2021-09-06 11:11:11,138 MappingDataService::? - GetOrganismMappingListWithModel : MethodStart
INFO  2021-09-06 11:11:11,268 MappingDataService::? - GetOrganismMappingListWithModel : MethodFinish
INFO  2021-09-06 11:11:11,302 MappingDataService::? - GetWardTypeMappingListWithModel : MethodStart
INFO  2021-09-06 11:11:11,414 MappingDataService::? - GetWardTypeMappingListWithModel : MethodFinish
INFO  2021-09-06 13:40:12,307 MappingDataService::? - GetMappingList : MethodStart
INFO  2021-09-06 13:40:13,473 MappingDataService::? - GetMappingList : MethodFinish
INFO  2021-09-06 17:19:34,850 MappingDataService::? - GetMappingList : MethodStart
INFO  2021-09-06 17:19:36,036 MappingDataService::? - GetMappingList : MethodFinish
INFO  2021-09-06 17:20:09,771 MappingDataService::? - GetMappingDataById : MethodStart
INFO  2021-09-06 17:20:09,901 MappingDataService::? - GetMappingDataById : MethodFinish
INFO  2021-09-06 17:20:09,951 MappingDataService::? - GetWHONetMappingListWithModel : MethodStart
INFO  2021-09-06 17:20:10,101 MappingDataService::? - GetWHONetMappingListWithModel : MethodFinish
INFO  2021-09-06 17:20:10,130 MappingDataService::? - GetSpecimenMappingListWithModel : MethodStart
INFO  2021-09-06 17:20:10,259 MappingDataService::? - GetSpecimenMappingListWithModel : MethodFinish
INFO  2021-09-06 17:20:10,292 MappingDataService::? - GetOrganismMappingListWithModel : MethodStart
INFO  2021-09-06 17:20:10,427 MappingDataService::? - GetOrganismMappingListWithModel : MethodFinish
INFO  2021-09-06 17:20:10,468 MappingDataService::? - GetWardTypeMappingListWithModel : MethodStart
INFO  2021-09-06 17:20:10,588 MappingDataService::? - GetWardTypeMappingListWithModel : MethodFinish
INFO  2021-09-06 17:20:45,389 MappingDataService::? - GetWHONetMappingDataWithModel : MethodStart
INFO  2021-09-06 17:20:45,541 MappingDataService::? - GetWHONetMappingDataWithModel : MethodFinish
INFO  2021-09-06 17:20:45,570 MappingDataService::? - SaveWHONetMappingData : MethodStart
INFO  2021-09-06 17:20:45,957 MappingDataService::? - SaveWHONetMappingData : MethodFinish
INFO  2021-09-06 17:20:46,139 MappingDataService::? - GetMappingDataById : MethodStart
INFO  2021-09-06 17:20:46,244 MappingDataService::? - GetMappingDataById : MethodFinish
INFO  2021-09-06 17:20:46,284 MappingDataService::? - GetWHONetMappingListWithModel : MethodStart
INFO  2021-09-06 17:20:46,387 MappingDataService::? - GetWHONetMappingListWithModel : MethodFinish
INFO  2021-09-06 17:20:46,418 MappingDataService::? - GetSpecimenMappingListWithModel : MethodStart
INFO  2021-09-06 17:20:46,539 MappingDataService::? - GetSpecimenMappingListWithModel : MethodFinish
INFO  2021-09-06 17:20:46,570 MappingDataService::? - GetOrganismMappingListWithModel : MethodStart
INFO  2021-09-06 17:20:46,710 MappingDataService::? - GetOrganismMappingListWithModel : MethodFinish
INFO  2021-09-06 17:20:46,733 MappingDataService::? - GetWardTypeMappingListWithModel : MethodStart
INFO  2021-09-06 17:20:46,840 MappingDataService::? - GetWardTypeMappingListWithModel : MethodFinish
INFO  2021-09-06 18:52:56,093 MappingDataService::? - GetMappingDataById : MethodStart
INFO  2021-09-06 18:52:56,447 MappingDataService::? - GetMappingDataById : MethodFinish
INFO  2021-09-06 18:52:56,529 MappingDataService::? - GetWHONetMappingListWithModel : MethodStart
INFO  2021-09-06 18:52:56,644 MappingDataService::? - GetWHONetMappingListWithModel : MethodFinish
INFO  2021-09-06 18:52:56,699 MappingDataService::? - GetSpecimenMappingListWithModel : MethodStart
INFO  2021-09-06 18:52:56,823 MappingDataService::? - GetSpecimenMappingListWithModel : MethodFinish
INFO  2021-09-06 18:52:56,891 MappingDataService::? - GetOrganismMappingListWithModel : MethodStart
INFO  2021-09-06 18:52:57,038 MappingDataService::? - GetOrganismMappingListWithModel : MethodFinish
INFO  2021-09-06 18:52:57,101 MappingDataService::? - GetWardTypeMappingListWithModel : MethodStart
INFO  2021-09-06 18:52:57,213 MappingDataService::? - GetWardTypeMappingListWithModel : MethodFinish
INFO  2021-09-06 18:52:57,933 MappingDataService::? - GetMappingDataById : MethodStart
INFO  2021-09-06 18:52:58,045 MappingDataService::? - GetMappingDataById : MethodFinish
INFO  2021-09-06 18:52:58,082 MappingDataService::? - GetWHONetMappingListWithModel : MethodStart
INFO  2021-09-06 18:52:58,194 MappingDataService::? - GetWHONetMappingListWithModel : MethodFinish
INFO  2021-09-06 18:52:58,226 MappingDataService::? - GetSpecimenMappingListWithModel : MethodStart
INFO  2021-09-06 18:52:58,346 MappingDataService::? - GetSpecimenMappingListWithModel : MethodFinish
INFO  2021-09-06 18:52:58,393 MappingDataService::? - GetOrganismMappingListWithModel : MethodStart
INFO  2021-09-06 18:52:58,521 MappingDataService::? - GetOrganismMappingListWithModel : MethodFinish
INFO  2021-09-06 18:52:58,556 MappingDataService::? - GetWardTypeMappingListWithModel : MethodStart
INFO  2021-09-06 18:52:58,658 MappingDataService::? - GetWardTypeMappingListWithModel : MethodFinish
INFO  2021-09-06 21:16:46,919 MappingDataService::? - GetMappingDataById : MethodStart
INFO  2021-09-06 21:16:50,009 MappingDataService::? - GetMappingDataById : MethodFinish
INFO  2021-09-06 21:16:50,200 MappingDataService::? - GetWHONetMappingListWithModel : MethodStart
INFO  2021-09-06 21:16:50,387 MappingDataService::? - GetWHONetMappingListWithModel : MethodFinish
INFO  2021-09-06 21:16:50,490 MappingDataService::? - GetSpecimenMappingListWithModel : MethodStart
INFO  2021-09-06 21:16:50,733 MappingDataService::? - GetSpecimenMappingListWithModel : MethodFinish
INFO  2021-09-06 21:16:50,825 MappingDataService::? - GetOrganismMappingListWithModel : MethodStart
INFO  2021-09-06 21:16:50,982 MappingDataService::? - GetOrganismMappingListWithModel : MethodFinish
INFO  2021-09-06 21:16:51,047 MappingDataService::? - GetWardTypeMappingListWithModel : MethodStart
INFO  2021-09-06 21:16:51,188 MappingDataService::? - GetWardTypeMappingListWithModel : MethodFinish
