INFO  2021-08-17 12:26:55,496 MappingDataService::? - GetMappingDataActiveWithModel : MethodStart
INFO  2021-08-17 12:26:56,720 MappingDataService::? - GetMappingDataActiveWithModel : MethodFinish
INFO  2021-08-17 12:27:02,514 MappingDataService::? - GetWHONetMappingListWithModel : MethodStart
INFO  2021-08-17 12:27:02,575 MappingDataService::? - GetWHONetMappingListWithModel : MethodFinish
INFO  2021-08-17 12:36:57,813 MappingDataService::? - GetMappingDataActiveWithModel : MethodStart
INFO  2021-08-17 12:36:58,674 MappingDataService::? - GetMappingDataActiveWithModel : MethodFinish
INFO  2021-08-17 12:37:04,107 MappingDataService::? - GetWHONetMappingListWithModel : MethodStart
INFO  2021-08-17 12:37:04,143 MappingDataService::? - GetWHONetMappingListWithModel : MethodFinish
INFO  2021-08-17 12:48:36,231 MappingDataService::? - GetMappingDataActiveWithModel : MethodStart
INFO  2021-08-17 12:48:37,117 MappingDataService::? - GetMappingDataActiveWithModel : MethodFinish
INFO  2021-08-17 12:48:41,785 MappingDataService::? - GetWHONetMappingListWithModel : MethodStart
INFO  2021-08-17 12:48:41,823 MappingDataService::? - GetWHONetMappingListWithModel : MethodFinish
INFO  2021-08-17 13:51:57,431 MappingDataService::? - GetMappingDataActiveWithModel : MethodStart
INFO  2021-08-17 13:51:58,373 MappingDataService::? - GetMappingDataActiveWithModel : MethodFinish
INFO  2021-08-17 13:52:03,337 MappingDataService::? - GetWHONetMappingListWithModel : MethodStart
INFO  2021-08-17 13:52:03,390 MappingDataService::? - GetWHONetMappingListWithModel : MethodFinish
INFO  2021-08-17 13:52:20,809 MappingDataService::? - GetMappingDataActiveWithModel : MethodStart
INFO  2021-08-17 13:52:20,861 MappingDataService::? - GetMappingDataActiveWithModel : MethodFinish
INFO  2021-08-17 13:52:21,251 MappingDataService::? - GetWHONetMappingListWithModel : MethodStart
INFO  2021-08-17 13:52:21,262 MappingDataService::? - GetWHONetMappingListWithModel : MethodFinish
INFO  2021-08-17 13:52:40,650 MappingDataService::? - GetMappingDataActiveWithModel : MethodStart
INFO  2021-08-17 13:52:40,663 MappingDataService::? - GetMappingDataActiveWithModel : MethodFinish
INFO  2021-08-17 13:52:41,109 MappingDataService::? - GetWHONetMappingListWithModel : MethodStart
INFO  2021-08-17 13:52:41,128 MappingDataService::? - GetWHONetMappingListWithModel : MethodFinish
INFO  2021-08-17 13:57:34,334 MappingDataService::? - GetMappingList : MethodStart
INFO  2021-08-17 13:57:35,215 MappingDataService::? - GetMappingList : MethodFinish
INFO  2021-08-17 16:13:56,631 MappingDataService::? - GetMappingDataActiveWithModel : MethodStart
INFO  2021-08-17 16:13:57,628 MappingDataService::? - GetMappingDataActiveWithModel : MethodFinish
INFO  2021-08-17 16:14:03,040 MappingDataService::? - GetWHONetMappingListWithModel : MethodStart
INFO  2021-08-17 16:14:03,095 MappingDataService::? - GetWHONetMappingListWithModel : MethodFinish
INFO  2021-08-17 16:14:16,637 MappingDataService::? - GetMappingDataActiveWithModel : MethodStart
INFO  2021-08-17 16:14:16,686 MappingDataService::? - GetMappingDataActiveWithModel : MethodFinish
INFO  2021-08-17 16:14:17,171 MappingDataService::? - GetWHONetMappingListWithModel : MethodStart
INFO  2021-08-17 16:14:17,189 MappingDataService::? - GetWHONetMappingListWithModel : MethodFinish
INFO  2021-08-17 16:14:32,089 MappingDataService::? - GetMappingDataActiveWithModel : MethodStart
INFO  2021-08-17 16:14:32,097 MappingDataService::? - GetMappingDataActiveWithModel : MethodFinish
INFO  2021-08-17 16:14:32,526 MappingDataService::? - GetWHONetMappingListWithModel : MethodStart
INFO  2021-08-17 16:14:32,545 MappingDataService::? - GetWHONetMappingListWithModel : MethodFinish
