INFO  2021-08-03 12:19:03,103 MappingDataService::? - GetMappingList : MethodStart
INFO  2021-08-03 12:19:04,095 MappingDataService::? - GetMappingList : MethodFinish
INFO  2021-08-03 12:28:11,680 MappingDataService::? - GetMappingList : MethodStart
INFO  2021-08-03 12:28:12,587 MappingDataService::? - GetMappingList : MethodFinish
INFO  2021-08-03 12:38:42,609 MappingDataService::? - GetMappingList : MethodStart
INFO  2021-08-03 12:38:43,647 MappingDataService::? - GetMappingList : MethodFinish
INFO  2021-08-03 12:39:19,404 MappingDataService::? - GetMappingDataWithModel : MethodStart
INFO  2021-08-03 12:39:19,453 MappingDataService::? - GetMappingDataWithModel : MethodFinish
INFO  2021-08-03 12:39:48,345 MappingDataService::? - SaveMappingData : MethodStart
INFO  2021-08-03 12:39:48,699 MappingDataService::? - SaveMappingData : MethodFinish
INFO  2021-08-03 12:39:48,792 MappingDataService::? - GetMappingDataById : MethodStart
INFO  2021-08-03 12:39:48,804 MappingDataService::? - GetMappingDataById : MethodFinish
INFO  2021-08-03 12:40:21,931 MappingDataService::? - GetMappingDataWithModel : MethodStart
INFO  2021-08-03 12:40:21,938 MappingDataService::? - GetMappingDataWithModel : MethodFinish
INFO  2021-08-03 12:41:17,908 MappingDataService::? - SaveMappingData : MethodStart
INFO  2021-08-03 12:42:17,008 MappingDataService::? - SaveMappingData : MethodFinish
INFO  2021-08-03 12:42:17,111 MappingDataService::? - GetMappingDataById : MethodStart
INFO  2021-08-03 12:42:17,116 MappingDataService::? - GetMappingDataById : MethodFinish
INFO  2021-08-03 13:26:13,000 MappingDataService::? - GetMappingList : MethodStart
INFO  2021-08-03 13:26:13,834 MappingDataService::? - GetMappingList : MethodFinish
INFO  2021-08-03 13:26:41,979 MappingDataService::? - GetMappingDataWithModel : MethodStart
INFO  2021-08-03 13:26:42,049 MappingDataService::? - GetMappingDataWithModel : MethodFinish
INFO  2021-08-03 13:26:55,038 MappingDataService::? - SaveMappingData : MethodStart
INFO  2021-08-03 13:27:06,428 MappingDataService::? - SaveMappingData : MethodFinish
INFO  2021-08-03 13:27:06,548 MappingDataService::? - GetMappingDataById : MethodStart
INFO  2021-08-03 13:27:06,568 MappingDataService::? - GetMappingDataById : MethodFinish
INFO  2021-08-03 13:27:06,591 MappingDataService::? - GetWHONetMappingListWithModel : MethodStart
INFO  2021-08-03 13:27:06,612 MappingDataService::? - GetWHONetMappingListWithModel : MethodFinish
INFO  2021-08-03 13:27:06,640 MappingDataService::? - GetSpecimenMappingListWithModel : MethodStart
INFO  2021-08-03 13:27:06,678 MappingDataService::? - GetSpecimenMappingListWithModel : MethodFinish
INFO  2021-08-03 13:27:06,698 MappingDataService::? - GetOrganismMappingListWithModel : MethodStart
INFO  2021-08-03 13:27:06,758 MappingDataService::? - GetOrganismMappingListWithModel : MethodFinish
INFO  2021-08-03 13:27:06,779 MappingDataService::? - GetWardTypeMappingListWithModel : MethodStart
INFO  2021-08-03 13:27:06,790 MappingDataService::? - GetWardTypeMappingListWithModel : MethodFinish
INFO  2021-08-03 13:30:59,708 MappingDataService::? - GetMappingList : MethodStart
INFO  2021-08-03 13:31:00,594 MappingDataService::? - GetMappingList : MethodFinish
INFO  2021-08-03 13:32:35,691 MappingDataService::? - GetMappingDataWithModel : MethodStart
INFO  2021-08-03 13:32:35,770 MappingDataService::? - GetMappingDataWithModel : MethodFinish
INFO  2021-08-03 13:33:33,541 MappingDataService::? - GetMappingDataWithModel : MethodStart
INFO  2021-08-03 13:33:33,583 MappingDataService::? - GetMappingDataWithModel : MethodFinish
INFO  2021-08-03 13:33:43,064 MappingDataService::? - GetMappingDataWithModel : MethodStart
INFO  2021-08-03 13:33:43,079 MappingDataService::? - GetMappingDataWithModel : MethodFinish
INFO  2021-08-03 13:34:24,173 MappingDataService::? - GetMappingDataWithModel : MethodStart
INFO  2021-08-03 13:34:24,180 MappingDataService::? - GetMappingDataWithModel : MethodFinish
INFO  2021-08-03 13:35:17,335 MappingDataService::? - GetMappingList : MethodStart
INFO  2021-08-03 13:35:17,346 MappingDataService::? - GetMappingList : MethodFinish
INFO  2021-08-03 13:37:02,453 MappingDataService::? - GetMappingDataWithModel : MethodStart
INFO  2021-08-03 13:37:15,530 MappingDataService::? - GetMappingDataWithModel : MethodFinish
INFO  2021-08-03 13:37:21,004 MappingDataService::? - SaveMappingData : MethodStart
INFO  2021-08-03 13:37:22,250 MappingDataService::? - SaveMappingData : MethodFinish
INFO  2021-08-03 13:37:22,344 MappingDataService::? - GetMappingDataById : MethodStart
INFO  2021-08-03 13:37:22,387 MappingDataService::? - GetMappingDataById : MethodFinish
INFO  2021-08-03 13:37:22,416 MappingDataService::? - GetWHONetMappingListWithModel : MethodStart
INFO  2021-08-03 13:37:22,434 MappingDataService::? - GetWHONetMappingListWithModel : MethodFinish
INFO  2021-08-03 13:37:22,458 MappingDataService::? - GetSpecimenMappingListWithModel : MethodStart
INFO  2021-08-03 13:37:22,479 MappingDataService::? - GetSpecimenMappingListWithModel : MethodFinish
INFO  2021-08-03 13:37:22,506 MappingDataService::? - GetOrganismMappingListWithModel : MethodStart
INFO  2021-08-03 13:37:22,537 MappingDataService::? - GetOrganismMappingListWithModel : MethodFinish
INFO  2021-08-03 13:37:22,560 MappingDataService::? - GetWardTypeMappingListWithModel : MethodStart
INFO  2021-08-03 13:37:22,569 MappingDataService::? - GetWardTypeMappingListWithModel : MethodFinish
INFO  2021-08-03 13:40:41,289 MappingDataService::? - GetWHONetMappingDataWithModel : MethodStart
INFO  2021-08-03 13:40:41,311 MappingDataService::? - GetWHONetMappingDataWithModel : MethodFinish
INFO  2021-08-03 13:40:41,348 MappingDataService::? - SaveWHONetMappingData : MethodStart
INFO  2021-08-03 13:40:41,411 MappingDataService::? - SaveWHONetMappingData : MethodFinish
INFO  2021-08-03 13:40:41,473 MappingDataService::? - GetMappingDataById : MethodStart
INFO  2021-08-03 13:40:41,478 MappingDataService::? - GetMappingDataById : MethodFinish
INFO  2021-08-03 13:40:41,495 MappingDataService::? - GetWHONetMappingListWithModel : MethodStart
INFO  2021-08-03 13:40:41,513 MappingDataService::? - GetWHONetMappingListWithModel : MethodFinish
INFO  2021-08-03 13:40:41,531 MappingDataService::? - GetSpecimenMappingListWithModel : MethodStart
INFO  2021-08-03 13:40:41,563 MappingDataService::? - GetSpecimenMappingListWithModel : MethodFinish
INFO  2021-08-03 13:40:41,578 MappingDataService::? - GetOrganismMappingListWithModel : MethodStart
INFO  2021-08-03 13:40:41,632 MappingDataService::? - GetOrganismMappingListWithModel : MethodFinish
INFO  2021-08-03 13:40:41,649 MappingDataService::? - GetWardTypeMappingListWithModel : MethodStart
INFO  2021-08-03 13:40:41,657 MappingDataService::? - GetWardTypeMappingListWithModel : MethodFinish
INFO  2021-08-03 13:41:07,939 MappingDataService::? - GetWHONetMappingDataWithModel : MethodStart
INFO  2021-08-03 13:41:07,961 MappingDataService::? - GetWHONetMappingDataWithModel : MethodFinish
INFO  2021-08-03 13:41:07,985 MappingDataService::? - SaveWHONetMappingData : MethodStart
INFO  2021-08-03 13:41:08,011 MappingDataService::? - SaveWHONetMappingData : MethodFinish
INFO  2021-08-03 13:41:08,061 MappingDataService::? - GetMappingDataById : MethodStart
INFO  2021-08-03 13:41:08,066 MappingDataService::? - GetMappingDataById : MethodFinish
INFO  2021-08-03 13:41:08,087 MappingDataService::? - GetWHONetMappingListWithModel : MethodStart
INFO  2021-08-03 13:41:08,100 MappingDataService::? - GetWHONetMappingListWithModel : MethodFinish
INFO  2021-08-03 13:41:08,115 MappingDataService::? - GetSpecimenMappingListWithModel : MethodStart
INFO  2021-08-03 13:41:08,141 MappingDataService::? - GetSpecimenMappingListWithModel : MethodFinish
INFO  2021-08-03 13:41:08,159 MappingDataService::? - GetOrganismMappingListWithModel : MethodStart
INFO  2021-08-03 13:41:08,214 MappingDataService::? - GetOrganismMappingListWithModel : MethodFinish
INFO  2021-08-03 13:41:08,227 MappingDataService::? - GetWardTypeMappingListWithModel : MethodStart
INFO  2021-08-03 13:41:08,235 MappingDataService::? - GetWardTypeMappingListWithModel : MethodFinish
INFO  2021-08-03 13:41:21,846 MappingDataService::? - GetWHONetMappingDataWithModel : MethodStart
INFO  2021-08-03 13:41:21,850 MappingDataService::? - GetWHONetMappingDataWithModel : MethodFinish
INFO  2021-08-03 13:41:21,878 MappingDataService::? - SaveWHONetMappingData : MethodStart
INFO  2021-08-03 13:41:21,892 MappingDataService::? - SaveWHONetMappingData : MethodFinish
INFO  2021-08-03 13:41:21,934 MappingDataService::? - GetMappingDataById : MethodStart
INFO  2021-08-03 13:41:21,936 MappingDataService::? - GetMappingDataById : MethodFinish
INFO  2021-08-03 13:41:21,950 MappingDataService::? - GetWHONetMappingListWithModel : MethodStart
INFO  2021-08-03 13:41:21,954 MappingDataService::? - GetWHONetMappingListWithModel : MethodFinish
INFO  2021-08-03 13:41:21,966 MappingDataService::? - GetSpecimenMappingListWithModel : MethodStart
INFO  2021-08-03 13:41:21,979 MappingDataService::? - GetSpecimenMappingListWithModel : MethodFinish
INFO  2021-08-03 13:41:21,994 MappingDataService::? - GetOrganismMappingListWithModel : MethodStart
INFO  2021-08-03 13:41:22,006 MappingDataService::? - GetOrganismMappingListWithModel : MethodFinish
INFO  2021-08-03 13:41:22,021 MappingDataService::? - GetWardTypeMappingListWithModel : MethodStart
INFO  2021-08-03 13:41:22,024 MappingDataService::? - GetWardTypeMappingListWithModel : MethodFinish
INFO  2021-08-03 13:41:41,665 MappingDataService::? - GetWHONetMappingDataWithModel : MethodStart
INFO  2021-08-03 13:41:41,668 MappingDataService::? - GetWHONetMappingDataWithModel : MethodFinish
INFO  2021-08-03 13:41:41,696 MappingDataService::? - SaveWHONetMappingData : MethodStart
INFO  2021-08-03 13:41:41,713 MappingDataService::? - SaveWHONetMappingData : MethodFinish
INFO  2021-08-03 13:41:41,758 MappingDataService::? - GetMappingDataById : MethodStart
INFO  2021-08-03 13:41:41,762 MappingDataService::? - GetMappingDataById : MethodFinish
INFO  2021-08-03 13:41:41,783 MappingDataService::? - GetWHONetMappingListWithModel : MethodStart
INFO  2021-08-03 13:41:41,790 MappingDataService::? - GetWHONetMappingListWithModel : MethodFinish
INFO  2021-08-03 13:41:41,813 MappingDataService::? - GetSpecimenMappingListWithModel : MethodStart
INFO  2021-08-03 13:41:41,826 MappingDataService::? - GetSpecimenMappingListWithModel : MethodFinish
INFO  2021-08-03 13:41:41,842 MappingDataService::? - GetOrganismMappingListWithModel : MethodStart
INFO  2021-08-03 13:41:41,853 MappingDataService::? - GetOrganismMappingListWithModel : MethodFinish
INFO  2021-08-03 13:41:41,867 MappingDataService::? - GetWardTypeMappingListWithModel : MethodStart
INFO  2021-08-03 13:41:41,870 MappingDataService::? - GetWardTypeMappingListWithModel : MethodFinish
INFO  2021-08-03 13:41:57,566 MappingDataService::? - GetWHONetMappingDataWithModel : MethodStart
INFO  2021-08-03 13:41:57,571 MappingDataService::? - GetWHONetMappingDataWithModel : MethodFinish
INFO  2021-08-03 13:41:57,600 MappingDataService::? - SaveWHONetMappingData : MethodStart
INFO  2021-08-03 13:41:57,607 MappingDataService::? - SaveWHONetMappingData : MethodFinish
INFO  2021-08-03 13:41:57,675 MappingDataService::? - GetMappingDataById : MethodStart
INFO  2021-08-03 13:41:57,679 MappingDataService::? - GetMappingDataById : MethodFinish
INFO  2021-08-03 13:41:57,697 MappingDataService::? - GetWHONetMappingListWithModel : MethodStart
INFO  2021-08-03 13:41:57,701 MappingDataService::? - GetWHONetMappingListWithModel : MethodFinish
INFO  2021-08-03 13:41:57,716 MappingDataService::? - GetSpecimenMappingListWithModel : MethodStart
INFO  2021-08-03 13:41:57,728 MappingDataService::? - GetSpecimenMappingListWithModel : MethodFinish
INFO  2021-08-03 13:41:57,743 MappingDataService::? - GetOrganismMappingListWithModel : MethodStart
INFO  2021-08-03 13:41:57,754 MappingDataService::? - GetOrganismMappingListWithModel : MethodFinish
INFO  2021-08-03 13:41:57,767 MappingDataService::? - GetWardTypeMappingListWithModel : MethodStart
INFO  2021-08-03 13:41:57,770 MappingDataService::? - GetWardTypeMappingListWithModel : MethodFinish
INFO  2021-08-03 13:42:07,064 MappingDataService::? - GetWHONetMappingDataWithModel : MethodStart
INFO  2021-08-03 13:42:07,067 MappingDataService::? - GetWHONetMappingDataWithModel : MethodFinish
INFO  2021-08-03 13:42:07,087 MappingDataService::? - SaveWHONetMappingData : MethodStart
INFO  2021-08-03 13:42:07,104 MappingDataService::? - SaveWHONetMappingData : MethodFinish
INFO  2021-08-03 13:42:07,152 MappingDataService::? - GetMappingDataById : MethodStart
INFO  2021-08-03 13:42:07,155 MappingDataService::? - GetMappingDataById : MethodFinish
INFO  2021-08-03 13:42:07,176 MappingDataService::? - GetWHONetMappingListWithModel : MethodStart
INFO  2021-08-03 13:42:07,182 MappingDataService::? - GetWHONetMappingListWithModel : MethodFinish
INFO  2021-08-03 13:42:07,200 MappingDataService::? - GetSpecimenMappingListWithModel : MethodStart
INFO  2021-08-03 13:42:07,213 MappingDataService::? - GetSpecimenMappingListWithModel : MethodFinish
INFO  2021-08-03 13:42:07,229 MappingDataService::? - GetOrganismMappingListWithModel : MethodStart
INFO  2021-08-03 13:42:07,242 MappingDataService::? - GetOrganismMappingListWithModel : MethodFinish
INFO  2021-08-03 13:42:07,256 MappingDataService::? - GetWardTypeMappingListWithModel : MethodStart
INFO  2021-08-03 13:42:07,259 MappingDataService::? - GetWardTypeMappingListWithModel : MethodFinish
INFO  2021-08-03 13:42:35,336 MappingDataService::? - GetWHONetMappingDataWithModel : MethodStart
INFO  2021-08-03 13:42:35,363 MappingDataService::? - GetWHONetMappingDataWithModel : MethodFinish
INFO  2021-08-03 13:42:35,394 MappingDataService::? - SaveWHONetMappingData : MethodStart
INFO  2021-08-03 13:42:35,416 MappingDataService::? - SaveWHONetMappingData : MethodFinish
INFO  2021-08-03 13:42:35,466 MappingDataService::? - GetMappingDataById : MethodStart
INFO  2021-08-03 13:42:35,471 MappingDataService::? - GetMappingDataById : MethodFinish
INFO  2021-08-03 13:42:35,487 MappingDataService::? - GetWHONetMappingListWithModel : MethodStart
INFO  2021-08-03 13:42:35,500 MappingDataService::? - GetWHONetMappingListWithModel : MethodFinish
INFO  2021-08-03 13:42:35,521 MappingDataService::? - GetSpecimenMappingListWithModel : MethodStart
INFO  2021-08-03 13:42:35,551 MappingDataService::? - GetSpecimenMappingListWithModel : MethodFinish
INFO  2021-08-03 13:42:35,565 MappingDataService::? - GetOrganismMappingListWithModel : MethodStart
INFO  2021-08-03 13:42:35,620 MappingDataService::? - GetOrganismMappingListWithModel : MethodFinish
INFO  2021-08-03 13:42:35,636 MappingDataService::? - GetWardTypeMappingListWithModel : MethodStart
INFO  2021-08-03 13:42:35,644 MappingDataService::? - GetWardTypeMappingListWithModel : MethodFinish
INFO  2021-08-03 13:44:55,059 MappingDataService::? - GetWHONetMappingDataWithModel : MethodStart
INFO  2021-08-03 13:44:55,067 MappingDataService::? - GetWHONetMappingDataWithModel : MethodFinish
INFO  2021-08-03 13:44:55,084 MappingDataService::? - SaveWHONetMappingData : MethodStart
INFO  2021-08-03 13:44:55,108 MappingDataService::? - SaveWHONetMappingData : MethodFinish
INFO  2021-08-03 13:44:55,187 MappingDataService::? - GetMappingDataById : MethodStart
INFO  2021-08-03 13:44:55,193 MappingDataService::? - GetMappingDataById : MethodFinish
INFO  2021-08-03 13:44:55,206 MappingDataService::? - GetWHONetMappingListWithModel : MethodStart
INFO  2021-08-03 13:44:55,219 MappingDataService::? - GetWHONetMappingListWithModel : MethodFinish
INFO  2021-08-03 13:44:55,236 MappingDataService::? - GetSpecimenMappingListWithModel : MethodStart
INFO  2021-08-03 13:44:55,271 MappingDataService::? - GetSpecimenMappingListWithModel : MethodFinish
INFO  2021-08-03 13:44:55,287 MappingDataService::? - GetOrganismMappingListWithModel : MethodStart
INFO  2021-08-03 13:44:55,339 MappingDataService::? - GetOrganismMappingListWithModel : MethodFinish
INFO  2021-08-03 13:44:55,351 MappingDataService::? - GetWardTypeMappingListWithModel : MethodStart
INFO  2021-08-03 13:44:55,358 MappingDataService::? - GetWardTypeMappingListWithModel : MethodFinish
INFO  2021-08-03 13:44:57,567 MappingDataService::? - GetWHONetMappingData : MethodStart
INFO  2021-08-03 13:44:57,598 MappingDataService::? - GetWHONetMappingData : MethodFinish
INFO  2021-08-03 13:44:59,357 MappingDataService::? - GetWHONetMappingDataWithModel : MethodStart
INFO  2021-08-03 13:44:59,359 MappingDataService::? - GetWHONetMappingDataWithModel : MethodFinish
INFO  2021-08-03 13:44:59,379 MappingDataService::? - SaveWHONetMappingData : MethodStart
INFO  2021-08-03 13:44:59,397 MappingDataService::? - SaveWHONetMappingData : MethodFinish
INFO  2021-08-03 13:44:59,436 MappingDataService::? - GetMappingDataById : MethodStart
INFO  2021-08-03 13:44:59,438 MappingDataService::? - GetMappingDataById : MethodFinish
INFO  2021-08-03 13:44:59,452 MappingDataService::? - GetWHONetMappingListWithModel : MethodStart
INFO  2021-08-03 13:44:59,456 MappingDataService::? - GetWHONetMappingListWithModel : MethodFinish
INFO  2021-08-03 13:44:59,469 MappingDataService::? - GetSpecimenMappingListWithModel : MethodStart
INFO  2021-08-03 13:44:59,480 MappingDataService::? - GetSpecimenMappingListWithModel : MethodFinish
INFO  2021-08-03 13:44:59,494 MappingDataService::? - GetOrganismMappingListWithModel : MethodStart
INFO  2021-08-03 13:44:59,507 MappingDataService::? - GetOrganismMappingListWithModel : MethodFinish
INFO  2021-08-03 13:44:59,520 MappingDataService::? - GetWardTypeMappingListWithModel : MethodStart
INFO  2021-08-03 13:44:59,524 MappingDataService::? - GetWardTypeMappingListWithModel : MethodFinish
INFO  2021-08-03 13:46:59,238 MappingDataService::? - GetWHONetMappingDataWithModel : MethodStart
INFO  2021-08-03 13:46:59,268 MappingDataService::? - GetWHONetMappingDataWithModel : MethodFinish
INFO  2021-08-03 13:46:59,291 MappingDataService::? - SaveWHONetMappingData : MethodStart
INFO  2021-08-03 13:46:59,313 MappingDataService::? - SaveWHONetMappingData : MethodFinish
INFO  2021-08-03 13:46:59,364 MappingDataService::? - GetMappingDataById : MethodStart
INFO  2021-08-03 13:46:59,372 MappingDataService::? - GetMappingDataById : MethodFinish
INFO  2021-08-03 13:46:59,386 MappingDataService::? - GetWHONetMappingListWithModel : MethodStart
INFO  2021-08-03 13:46:59,400 MappingDataService::? - GetWHONetMappingListWithModel : MethodFinish
INFO  2021-08-03 13:46:59,414 MappingDataService::? - GetSpecimenMappingListWithModel : MethodStart
INFO  2021-08-03 13:46:59,450 MappingDataService::? - GetSpecimenMappingListWithModel : MethodFinish
INFO  2021-08-03 13:46:59,464 MappingDataService::? - GetOrganismMappingListWithModel : MethodStart
INFO  2021-08-03 13:46:59,514 MappingDataService::? - GetOrganismMappingListWithModel : MethodFinish
INFO  2021-08-03 13:46:59,528 MappingDataService::? - GetWardTypeMappingListWithModel : MethodStart
INFO  2021-08-03 13:46:59,534 MappingDataService::? - GetWardTypeMappingListWithModel : MethodFinish
INFO  2021-08-03 13:47:14,477 MappingDataService::? - GetWHONetMappingDataWithModel : MethodStart
INFO  2021-08-03 13:47:14,479 MappingDataService::? - GetWHONetMappingDataWithModel : MethodFinish
INFO  2021-08-03 13:47:14,498 MappingDataService::? - SaveWHONetMappingData : MethodStart
INFO  2021-08-03 13:47:14,504 MappingDataService::? - SaveWHONetMappingData : MethodFinish
INFO  2021-08-03 13:47:14,541 MappingDataService::? - GetMappingDataById : MethodStart
INFO  2021-08-03 13:47:14,543 MappingDataService::? - GetMappingDataById : MethodFinish
INFO  2021-08-03 13:47:14,560 MappingDataService::? - GetWHONetMappingListWithModel : MethodStart
INFO  2021-08-03 13:47:14,564 MappingDataService::? - GetWHONetMappingListWithModel : MethodFinish
INFO  2021-08-03 13:47:14,576 MappingDataService::? - GetSpecimenMappingListWithModel : MethodStart
INFO  2021-08-03 13:47:14,588 MappingDataService::? - GetSpecimenMappingListWithModel : MethodFinish
INFO  2021-08-03 13:47:14,602 MappingDataService::? - GetOrganismMappingListWithModel : MethodStart
INFO  2021-08-03 13:47:14,618 MappingDataService::? - GetOrganismMappingListWithModel : MethodFinish
INFO  2021-08-03 13:47:14,639 MappingDataService::? - GetWardTypeMappingListWithModel : MethodStart
INFO  2021-08-03 13:47:14,643 MappingDataService::? - GetWardTypeMappingListWithModel : MethodFinish
INFO  2021-08-03 13:47:43,575 MappingDataService::? - GetWHONetMappingDataWithModel : MethodStart
INFO  2021-08-03 13:47:43,603 MappingDataService::? - GetWHONetMappingDataWithModel : MethodFinish
INFO  2021-08-03 13:47:43,632 MappingDataService::? - SaveWHONetMappingData : MethodStart
INFO  2021-08-03 13:47:43,654 MappingDataService::? - SaveWHONetMappingData : MethodFinish
INFO  2021-08-03 13:47:43,696 MappingDataService::? - GetMappingDataById : MethodStart
INFO  2021-08-03 13:47:43,700 MappingDataService::? - GetMappingDataById : MethodFinish
INFO  2021-08-03 13:47:43,711 MappingDataService::? - GetWHONetMappingListWithModel : MethodStart
INFO  2021-08-03 13:47:43,728 MappingDataService::? - GetWHONetMappingListWithModel : MethodFinish
INFO  2021-08-03 13:47:43,742 MappingDataService::? - GetSpecimenMappingListWithModel : MethodStart
INFO  2021-08-03 13:47:43,784 MappingDataService::? - GetSpecimenMappingListWithModel : MethodFinish
INFO  2021-08-03 13:47:43,799 MappingDataService::? - GetOrganismMappingListWithModel : MethodStart
INFO  2021-08-03 13:47:43,848 MappingDataService::? - GetOrganismMappingListWithModel : MethodFinish
INFO  2021-08-03 13:47:43,864 MappingDataService::? - GetWardTypeMappingListWithModel : MethodStart
INFO  2021-08-03 13:47:43,871 MappingDataService::? - GetWardTypeMappingListWithModel : MethodFinish
INFO  2021-08-03 13:48:18,383 MappingDataService::? - GetWHONetMappingDataWithModel : MethodStart
INFO  2021-08-03 13:48:18,388 MappingDataService::? - GetWHONetMappingDataWithModel : MethodFinish
INFO  2021-08-03 13:48:18,421 MappingDataService::? - SaveWHONetMappingData : MethodStart
INFO  2021-08-03 13:48:18,434 MappingDataService::? - SaveWHONetMappingData : MethodFinish
INFO  2021-08-03 13:48:18,490 MappingDataService::? - GetMappingDataById : MethodStart
INFO  2021-08-03 13:48:18,492 MappingDataService::? - GetMappingDataById : MethodFinish
INFO  2021-08-03 13:48:18,507 MappingDataService::? - GetWHONetMappingListWithModel : MethodStart
INFO  2021-08-03 13:48:18,520 MappingDataService::? - GetWHONetMappingListWithModel : MethodFinish
INFO  2021-08-03 13:48:18,534 MappingDataService::? - GetSpecimenMappingListWithModel : MethodStart
INFO  2021-08-03 13:48:18,552 MappingDataService::? - GetSpecimenMappingListWithModel : MethodFinish
INFO  2021-08-03 13:48:18,565 MappingDataService::? - GetOrganismMappingListWithModel : MethodStart
INFO  2021-08-03 13:48:18,577 MappingDataService::? - GetOrganismMappingListWithModel : MethodFinish
INFO  2021-08-03 13:48:18,590 MappingDataService::? - GetWardTypeMappingListWithModel : MethodStart
INFO  2021-08-03 13:48:18,593 MappingDataService::? - GetWardTypeMappingListWithModel : MethodFinish
INFO  2021-08-03 13:49:32,759 MappingDataService::? - GetWHONetMappingDataWithModel : MethodStart
INFO  2021-08-03 13:49:32,791 MappingDataService::? - GetWHONetMappingDataWithModel : MethodFinish
INFO  2021-08-03 13:49:32,813 MappingDataService::? - SaveWHONetMappingData : MethodStart
INFO  2021-08-03 13:49:32,841 MappingDataService::? - SaveWHONetMappingData : MethodFinish
INFO  2021-08-03 13:49:32,897 MappingDataService::? - GetMappingDataById : MethodStart
INFO  2021-08-03 13:49:32,901 MappingDataService::? - GetMappingDataById : MethodFinish
INFO  2021-08-03 13:49:32,919 MappingDataService::? - GetWHONetMappingListWithModel : MethodStart
INFO  2021-08-03 13:49:32,934 MappingDataService::? - GetWHONetMappingListWithModel : MethodFinish
INFO  2021-08-03 13:49:32,951 MappingDataService::? - GetSpecimenMappingListWithModel : MethodStart
INFO  2021-08-03 13:49:32,997 MappingDataService::? - GetSpecimenMappingListWithModel : MethodFinish
INFO  2021-08-03 13:49:33,027 MappingDataService::? - GetOrganismMappingListWithModel : MethodStart
INFO  2021-08-03 13:49:33,080 MappingDataService::? - GetOrganismMappingListWithModel : MethodFinish
INFO  2021-08-03 13:49:33,095 MappingDataService::? - GetWardTypeMappingListWithModel : MethodStart
INFO  2021-08-03 13:49:33,105 MappingDataService::? - GetWardTypeMappingListWithModel : MethodFinish
INFO  2021-08-03 13:50:16,959 MappingDataService::? - GetWHONetMappingDataWithModel : MethodStart
INFO  2021-08-03 13:50:16,992 MappingDataService::? - GetWHONetMappingDataWithModel : MethodFinish
INFO  2021-08-03 13:50:17,016 MappingDataService::? - SaveWHONetMappingData : MethodStart
INFO  2021-08-03 13:50:17,037 MappingDataService::? - SaveWHONetMappingData : MethodFinish
INFO  2021-08-03 13:50:17,107 MappingDataService::? - GetMappingDataById : MethodStart
INFO  2021-08-03 13:50:17,113 MappingDataService::? - GetMappingDataById : MethodFinish
INFO  2021-08-03 13:50:17,143 MappingDataService::? - GetWHONetMappingListWithModel : MethodStart
INFO  2021-08-03 13:50:17,163 MappingDataService::? - GetWHONetMappingListWithModel : MethodFinish
INFO  2021-08-03 13:50:17,228 MappingDataService::? - GetSpecimenMappingListWithModel : MethodStart
INFO  2021-08-03 13:50:17,267 MappingDataService::? - GetSpecimenMappingListWithModel : MethodFinish
INFO  2021-08-03 13:50:17,280 MappingDataService::? - GetOrganismMappingListWithModel : MethodStart
INFO  2021-08-03 13:50:17,344 MappingDataService::? - GetOrganismMappingListWithModel : MethodFinish
INFO  2021-08-03 13:50:17,361 MappingDataService::? - GetWardTypeMappingListWithModel : MethodStart
INFO  2021-08-03 13:50:17,371 MappingDataService::? - GetWardTypeMappingListWithModel : MethodFinish
INFO  2021-08-03 13:50:45,335 MappingDataService::? - GetWHONetMappingDataWithModel : MethodStart
INFO  2021-08-03 13:50:45,343 MappingDataService::? - GetWHONetMappingDataWithModel : MethodFinish
INFO  2021-08-03 13:50:45,378 MappingDataService::? - SaveWHONetMappingData : MethodStart
INFO  2021-08-03 13:50:45,392 MappingDataService::? - SaveWHONetMappingData : MethodFinish
INFO  2021-08-03 13:50:45,436 MappingDataService::? - GetMappingDataById : MethodStart
INFO  2021-08-03 13:50:45,439 MappingDataService::? - GetMappingDataById : MethodFinish
INFO  2021-08-03 13:50:45,451 MappingDataService::? - GetWHONetMappingListWithModel : MethodStart
INFO  2021-08-03 13:50:45,455 MappingDataService::? - GetWHONetMappingListWithModel : MethodFinish
INFO  2021-08-03 13:50:45,467 MappingDataService::? - GetSpecimenMappingListWithModel : MethodStart
INFO  2021-08-03 13:50:45,478 MappingDataService::? - GetSpecimenMappingListWithModel : MethodFinish
INFO  2021-08-03 13:50:45,493 MappingDataService::? - GetOrganismMappingListWithModel : MethodStart
INFO  2021-08-03 13:50:45,504 MappingDataService::? - GetOrganismMappingListWithModel : MethodFinish
INFO  2021-08-03 13:50:45,517 MappingDataService::? - GetWardTypeMappingListWithModel : MethodStart
INFO  2021-08-03 13:50:45,520 MappingDataService::? - GetWardTypeMappingListWithModel : MethodFinish
INFO  2021-08-03 13:51:03,454 MappingDataService::? - GetWHONetMappingDataWithModel : MethodStart
INFO  2021-08-03 13:51:03,479 MappingDataService::? - GetWHONetMappingDataWithModel : MethodFinish
INFO  2021-08-03 13:51:03,503 MappingDataService::? - SaveWHONetMappingData : MethodStart
INFO  2021-08-03 13:51:03,526 MappingDataService::? - SaveWHONetMappingData : MethodFinish
INFO  2021-08-03 13:51:03,563 MappingDataService::? - GetMappingDataById : MethodStart
INFO  2021-08-03 13:51:03,567 MappingDataService::? - GetMappingDataById : MethodFinish
INFO  2021-08-03 13:51:03,582 MappingDataService::? - GetWHONetMappingListWithModel : MethodStart
INFO  2021-08-03 13:51:03,596 MappingDataService::? - GetWHONetMappingListWithModel : MethodFinish
INFO  2021-08-03 13:51:03,611 MappingDataService::? - GetSpecimenMappingListWithModel : MethodStart
INFO  2021-08-03 13:51:03,646 MappingDataService::? - GetSpecimenMappingListWithModel : MethodFinish
INFO  2021-08-03 13:51:03,661 MappingDataService::? - GetOrganismMappingListWithModel : MethodStart
INFO  2021-08-03 13:51:03,712 MappingDataService::? - GetOrganismMappingListWithModel : MethodFinish
INFO  2021-08-03 13:51:03,725 MappingDataService::? - GetWardTypeMappingListWithModel : MethodStart
INFO  2021-08-03 13:51:03,732 MappingDataService::? - GetWardTypeMappingListWithModel : MethodFinish
INFO  2021-08-03 13:51:40,757 MappingDataService::? - GetWardTypeMappingDataWithModel : MethodStart
INFO  2021-08-03 13:51:40,770 MappingDataService::? - GetWardTypeMappingDataWithModel : MethodFinish
INFO  2021-08-03 13:51:40,797 MappingDataService::? - SaveWardTypeMappingData : MethodStart
INFO  2021-08-03 13:51:40,827 MappingDataService::? - SaveWardTypeMappingData : MethodFinish
INFO  2021-08-03 13:51:40,858 MappingDataService::? - GetMappingDataById : MethodStart
INFO  2021-08-03 13:51:40,861 MappingDataService::? - GetMappingDataById : MethodFinish
INFO  2021-08-03 13:51:40,877 MappingDataService::? - GetWHONetMappingListWithModel : MethodStart
INFO  2021-08-03 13:51:40,884 MappingDataService::? - GetWHONetMappingListWithModel : MethodFinish
INFO  2021-08-03 13:51:40,898 MappingDataService::? - GetSpecimenMappingListWithModel : MethodStart
INFO  2021-08-03 13:51:40,910 MappingDataService::? - GetSpecimenMappingListWithModel : MethodFinish
INFO  2021-08-03 13:51:40,924 MappingDataService::? - GetOrganismMappingListWithModel : MethodStart
INFO  2021-08-03 13:51:40,936 MappingDataService::? - GetOrganismMappingListWithModel : MethodFinish
INFO  2021-08-03 13:51:40,950 MappingDataService::? - GetWardTypeMappingListWithModel : MethodStart
INFO  2021-08-03 13:51:40,956 MappingDataService::? - GetWardTypeMappingListWithModel : MethodFinish
INFO  2021-08-03 13:51:47,201 MappingDataService::? - GetWardTypeMappingDataWithModel : MethodStart
INFO  2021-08-03 13:51:47,203 MappingDataService::? - GetWardTypeMappingDataWithModel : MethodFinish
INFO  2021-08-03 13:51:47,223 MappingDataService::? - SaveWardTypeMappingData : MethodStart
INFO  2021-08-03 13:51:47,228 MappingDataService::? - SaveWardTypeMappingData : MethodFinish
INFO  2021-08-03 13:51:47,260 MappingDataService::? - GetMappingDataById : MethodStart
INFO  2021-08-03 13:51:47,262 MappingDataService::? - GetMappingDataById : MethodFinish
INFO  2021-08-03 13:51:47,275 MappingDataService::? - GetWHONetMappingListWithModel : MethodStart
INFO  2021-08-03 13:51:47,280 MappingDataService::? - GetWHONetMappingListWithModel : MethodFinish
INFO  2021-08-03 13:51:47,292 MappingDataService::? - GetSpecimenMappingListWithModel : MethodStart
INFO  2021-08-03 13:51:47,308 MappingDataService::? - GetSpecimenMappingListWithModel : MethodFinish
INFO  2021-08-03 13:51:47,323 MappingDataService::? - GetOrganismMappingListWithModel : MethodStart
INFO  2021-08-03 13:51:47,335 MappingDataService::? - GetOrganismMappingListWithModel : MethodFinish
INFO  2021-08-03 13:51:47,349 MappingDataService::? - GetWardTypeMappingListWithModel : MethodStart
INFO  2021-08-03 13:51:47,352 MappingDataService::? - GetWardTypeMappingListWithModel : MethodFinish
INFO  2021-08-03 13:51:54,846 MappingDataService::? - GetWardTypeMappingDataWithModel : MethodStart
INFO  2021-08-03 13:51:54,848 MappingDataService::? - GetWardTypeMappingDataWithModel : MethodFinish
INFO  2021-08-03 13:51:54,868 MappingDataService::? - SaveWardTypeMappingData : MethodStart
INFO  2021-08-03 13:51:54,873 MappingDataService::? - SaveWardTypeMappingData : MethodFinish
INFO  2021-08-03 13:51:54,906 MappingDataService::? - GetMappingDataById : MethodStart
INFO  2021-08-03 13:51:54,908 MappingDataService::? - GetMappingDataById : MethodFinish
INFO  2021-08-03 13:51:54,923 MappingDataService::? - GetWHONetMappingListWithModel : MethodStart
INFO  2021-08-03 13:51:54,928 MappingDataService::? - GetWHONetMappingListWithModel : MethodFinish
INFO  2021-08-03 13:51:54,942 MappingDataService::? - GetSpecimenMappingListWithModel : MethodStart
INFO  2021-08-03 13:51:54,959 MappingDataService::? - GetSpecimenMappingListWithModel : MethodFinish
INFO  2021-08-03 13:51:54,973 MappingDataService::? - GetOrganismMappingListWithModel : MethodStart
INFO  2021-08-03 13:51:54,985 MappingDataService::? - GetOrganismMappingListWithModel : MethodFinish
INFO  2021-08-03 13:51:54,998 MappingDataService::? - GetWardTypeMappingListWithModel : MethodStart
INFO  2021-08-03 13:51:55,001 MappingDataService::? - GetWardTypeMappingListWithModel : MethodFinish
INFO  2021-08-03 13:52:01,301 MappingDataService::? - GetWardTypeMappingDataWithModel : MethodStart
INFO  2021-08-03 13:52:01,333 MappingDataService::? - GetWardTypeMappingDataWithModel : MethodFinish
INFO  2021-08-03 13:52:01,352 MappingDataService::? - SaveWardTypeMappingData : MethodStart
INFO  2021-08-03 13:52:01,933 MappingDataService::? - SaveWardTypeMappingData : MethodFinish
INFO  2021-08-03 13:52:02,192 MappingDataService::? - GetMappingDataById : MethodStart
INFO  2021-08-03 13:52:02,252 MappingDataService::? - GetMappingDataById : MethodFinish
INFO  2021-08-03 13:52:02,268 MappingDataService::? - GetWHONetMappingListWithModel : MethodStart
INFO  2021-08-03 13:52:02,413 MappingDataService::? - GetWHONetMappingListWithModel : MethodFinish
INFO  2021-08-03 13:52:02,431 MappingDataService::? - GetSpecimenMappingListWithModel : MethodStart
INFO  2021-08-03 13:52:12,837 MappingDataService::? - GetSpecimenMappingListWithModel : MethodFinish
INFO  2021-08-03 13:52:12,852 MappingDataService::? - GetOrganismMappingListWithModel : MethodStart
INFO  2021-08-03 13:52:12,912 MappingDataService::? - GetOrganismMappingListWithModel : MethodFinish
INFO  2021-08-03 13:52:12,924 MappingDataService::? - GetWardTypeMappingListWithModel : MethodStart
INFO  2021-08-03 13:52:12,932 MappingDataService::? - GetWardTypeMappingListWithModel : MethodFinish
INFO  2021-08-03 13:52:20,393 MappingDataService::? - GetWardTypeMappingDataWithModel : MethodStart
INFO  2021-08-03 13:52:20,397 MappingDataService::? - GetWardTypeMappingDataWithModel : MethodFinish
INFO  2021-08-03 13:52:20,416 MappingDataService::? - SaveWardTypeMappingData : MethodStart
INFO  2021-08-03 13:52:20,428 MappingDataService::? - SaveWardTypeMappingData : MethodFinish
INFO  2021-08-03 13:52:20,460 MappingDataService::? - GetMappingDataById : MethodStart
INFO  2021-08-03 13:52:20,465 MappingDataService::? - GetMappingDataById : MethodFinish
INFO  2021-08-03 13:52:20,480 MappingDataService::? - GetWHONetMappingListWithModel : MethodStart
INFO  2021-08-03 13:52:20,494 MappingDataService::? - GetWHONetMappingListWithModel : MethodFinish
INFO  2021-08-03 13:52:20,508 MappingDataService::? - GetSpecimenMappingListWithModel : MethodStart
INFO  2021-08-03 13:52:20,525 MappingDataService::? - GetSpecimenMappingListWithModel : MethodFinish
INFO  2021-08-03 13:52:20,538 MappingDataService::? - GetOrganismMappingListWithModel : MethodStart
INFO  2021-08-03 13:52:20,554 MappingDataService::? - GetOrganismMappingListWithModel : MethodFinish
INFO  2021-08-03 13:52:20,586 MappingDataService::? - GetWardTypeMappingListWithModel : MethodStart
INFO  2021-08-03 13:52:20,589 MappingDataService::? - GetWardTypeMappingListWithModel : MethodFinish
INFO  2021-08-03 13:53:32,545 MappingDataService::? - GetSpecimenMappingDataWithModel : MethodStart
INFO  2021-08-03 13:53:32,583 MappingDataService::? - GetSpecimenMappingDataWithModel : MethodFinish
INFO  2021-08-03 13:53:32,609 MappingDataService::? - SaveSpecimenMappingData : MethodStart
INFO  2021-08-03 13:53:32,657 MappingDataService::? - SaveSpecimenMappingData : MethodFinish
INFO  2021-08-03 13:53:32,696 MappingDataService::? - GetMappingDataById : MethodStart
INFO  2021-08-03 13:53:32,702 MappingDataService::? - GetMappingDataById : MethodFinish
INFO  2021-08-03 13:53:32,714 MappingDataService::? - GetWHONetMappingListWithModel : MethodStart
INFO  2021-08-03 13:53:32,729 MappingDataService::? - GetWHONetMappingListWithModel : MethodFinish
INFO  2021-08-03 13:53:32,743 MappingDataService::? - GetSpecimenMappingListWithModel : MethodStart
INFO  2021-08-03 13:53:32,761 MappingDataService::? - GetSpecimenMappingListWithModel : MethodFinish
INFO  2021-08-03 13:53:32,777 MappingDataService::? - GetOrganismMappingListWithModel : MethodStart
INFO  2021-08-03 13:53:32,833 MappingDataService::? - GetOrganismMappingListWithModel : MethodFinish
INFO  2021-08-03 13:53:32,850 MappingDataService::? - GetWardTypeMappingListWithModel : MethodStart
INFO  2021-08-03 13:53:32,857 MappingDataService::? - GetWardTypeMappingListWithModel : MethodFinish
INFO  2021-08-03 13:53:57,077 MappingDataService::? - GetSpecimenMappingDataWithModel : MethodStart
INFO  2021-08-03 13:53:57,092 MappingDataService::? - GetSpecimenMappingDataWithModel : MethodFinish
INFO  2021-08-03 13:53:57,118 MappingDataService::? - SaveSpecimenMappingData : MethodStart
INFO  2021-08-03 13:53:57,121 MappingDataService::? - SaveSpecimenMappingData : MethodFinish
INFO  2021-08-03 13:53:57,163 MappingDataService::? - GetMappingDataById : MethodStart
INFO  2021-08-03 13:53:57,165 MappingDataService::? - GetMappingDataById : MethodFinish
INFO  2021-08-03 13:53:57,182 MappingDataService::? - GetWHONetMappingListWithModel : MethodStart
INFO  2021-08-03 13:53:57,188 MappingDataService::? - GetWHONetMappingListWithModel : MethodFinish
INFO  2021-08-03 13:53:57,205 MappingDataService::? - GetSpecimenMappingListWithModel : MethodStart
INFO  2021-08-03 13:53:57,222 MappingDataService::? - GetSpecimenMappingListWithModel : MethodFinish
INFO  2021-08-03 13:53:57,237 MappingDataService::? - GetOrganismMappingListWithModel : MethodStart
INFO  2021-08-03 13:53:57,248 MappingDataService::? - GetOrganismMappingListWithModel : MethodFinish
INFO  2021-08-03 13:53:57,261 MappingDataService::? - GetWardTypeMappingListWithModel : MethodStart
INFO  2021-08-03 13:53:57,265 MappingDataService::? - GetWardTypeMappingListWithModel : MethodFinish
INFO  2021-08-03 13:54:47,357 MappingDataService::? - GetSpecimenMappingDataWithModel : MethodStart
INFO  2021-08-03 13:54:47,390 MappingDataService::? - GetSpecimenMappingDataWithModel : MethodFinish
INFO  2021-08-03 13:54:47,406 MappingDataService::? - SaveSpecimenMappingData : MethodStart
INFO  2021-08-03 13:54:47,435 MappingDataService::? - SaveSpecimenMappingData : MethodFinish
INFO  2021-08-03 13:54:47,480 MappingDataService::? - GetMappingDataById : MethodStart
INFO  2021-08-03 13:54:47,484 MappingDataService::? - GetMappingDataById : MethodFinish
INFO  2021-08-03 13:54:47,496 MappingDataService::? - GetWHONetMappingListWithModel : MethodStart
INFO  2021-08-03 13:54:47,511 MappingDataService::? - GetWHONetMappingListWithModel : MethodFinish
INFO  2021-08-03 13:54:47,523 MappingDataService::? - GetSpecimenMappingListWithModel : MethodStart
INFO  2021-08-03 13:54:47,538 MappingDataService::? - GetSpecimenMappingListWithModel : MethodFinish
INFO  2021-08-03 13:54:47,551 MappingDataService::? - GetOrganismMappingListWithModel : MethodStart
INFO  2021-08-03 13:54:47,601 MappingDataService::? - GetOrganismMappingListWithModel : MethodFinish
INFO  2021-08-03 13:54:47,613 MappingDataService::? - GetWardTypeMappingListWithModel : MethodStart
INFO  2021-08-03 13:54:47,621 MappingDataService::? - GetWardTypeMappingListWithModel : MethodFinish
INFO  2021-08-03 13:55:42,083 MappingDataService::? - GetOrganismMappingDataWithModel : MethodStart
INFO  2021-08-03 13:55:42,128 MappingDataService::? - GetOrganismMappingDataWithModel : MethodFinish
INFO  2021-08-03 13:55:42,159 MappingDataService::? - SaveOrganismMappingData : MethodStart
INFO  2021-08-03 13:55:42,211 MappingDataService::? - SaveOrganismMappingData : MethodFinish
INFO  2021-08-03 13:55:42,246 MappingDataService::? - GetMappingDataById : MethodStart
INFO  2021-08-03 13:55:42,250 MappingDataService::? - GetMappingDataById : MethodFinish
INFO  2021-08-03 13:55:42,263 MappingDataService::? - GetWHONetMappingListWithModel : MethodStart
INFO  2021-08-03 13:55:42,279 MappingDataService::? - GetWHONetMappingListWithModel : MethodFinish
INFO  2021-08-03 13:55:42,298 MappingDataService::? - GetSpecimenMappingListWithModel : MethodStart
INFO  2021-08-03 13:55:42,336 MappingDataService::? - GetSpecimenMappingListWithModel : MethodFinish
INFO  2021-08-03 13:55:42,349 MappingDataService::? - GetOrganismMappingListWithModel : MethodStart
INFO  2021-08-03 13:55:42,376 MappingDataService::? - GetOrganismMappingListWithModel : MethodFinish
INFO  2021-08-03 13:55:42,393 MappingDataService::? - GetWardTypeMappingListWithModel : MethodStart
INFO  2021-08-03 13:55:42,401 MappingDataService::? - GetWardTypeMappingListWithModel : MethodFinish
INFO  2021-08-03 13:56:39,727 MappingDataService::? - GetOrganismMappingDataWithModel : MethodStart
INFO  2021-08-03 13:56:39,779 MappingDataService::? - GetOrganismMappingDataWithModel : MethodFinish
INFO  2021-08-03 13:56:39,800 MappingDataService::? - SaveOrganismMappingData : MethodStart
INFO  2021-08-03 13:56:39,829 MappingDataService::? - SaveOrganismMappingData : MethodFinish
INFO  2021-08-03 13:56:39,873 MappingDataService::? - GetMappingDataById : MethodStart
INFO  2021-08-03 13:56:39,877 MappingDataService::? - GetMappingDataById : MethodFinish
INFO  2021-08-03 13:56:39,889 MappingDataService::? - GetWHONetMappingListWithModel : MethodStart
INFO  2021-08-03 13:56:39,905 MappingDataService::? - GetWHONetMappingListWithModel : MethodFinish
INFO  2021-08-03 13:56:39,921 MappingDataService::? - GetSpecimenMappingListWithModel : MethodStart
INFO  2021-08-03 13:56:39,960 MappingDataService::? - GetSpecimenMappingListWithModel : MethodFinish
INFO  2021-08-03 13:56:39,974 MappingDataService::? - GetOrganismMappingListWithModel : MethodStart
INFO  2021-08-03 13:56:40,002 MappingDataService::? - GetOrganismMappingListWithModel : MethodFinish
INFO  2021-08-03 13:56:40,020 MappingDataService::? - GetWardTypeMappingListWithModel : MethodStart
INFO  2021-08-03 13:56:40,028 MappingDataService::? - GetWardTypeMappingListWithModel : MethodFinish
INFO  2021-08-03 13:57:13,013 MappingDataService::? - SaveMappingData : MethodStart
INFO  2021-08-03 13:57:20,305 MappingDataService::? - SaveMappingData : MethodFinish
INFO  2021-08-03 13:57:20,360 MappingDataService::? - GetMappingDataById : MethodStart
INFO  2021-08-03 13:57:20,362 MappingDataService::? - GetMappingDataById : MethodFinish
INFO  2021-08-03 13:57:20,375 MappingDataService::? - GetWHONetMappingListWithModel : MethodStart
INFO  2021-08-03 13:57:20,380 MappingDataService::? - GetWHONetMappingListWithModel : MethodFinish
INFO  2021-08-03 13:57:20,396 MappingDataService::? - GetSpecimenMappingListWithModel : MethodStart
INFO  2021-08-03 13:57:20,408 MappingDataService::? - GetSpecimenMappingListWithModel : MethodFinish
INFO  2021-08-03 13:57:20,425 MappingDataService::? - GetOrganismMappingListWithModel : MethodStart
INFO  2021-08-03 13:57:20,438 MappingDataService::? - GetOrganismMappingListWithModel : MethodFinish
INFO  2021-08-03 13:57:20,453 MappingDataService::? - GetWardTypeMappingListWithModel : MethodStart
INFO  2021-08-03 13:57:20,457 MappingDataService::? - GetWardTypeMappingListWithModel : MethodFinish
INFO  2021-08-03 14:00:29,420 MappingDataService::? - GetMappingList : MethodStart
INFO  2021-08-03 14:00:29,434 MappingDataService::? - GetMappingList : MethodFinish
INFO  2021-08-03 14:01:28,769 MappingDataService::? - GetMappingList : MethodStart
INFO  2021-08-03 14:01:28,780 MappingDataService::? - GetMappingList : MethodFinish
INFO  2021-08-03 14:02:49,473 MappingDataService::? - GetMappingList : MethodStart
INFO  2021-08-03 14:02:49,484 MappingDataService::? - GetMappingList : MethodFinish
INFO  2021-08-03 14:06:36,421 MappingDataService::? - GetMappingList : MethodStart
INFO  2021-08-03 14:06:36,435 MappingDataService::? - GetMappingList : MethodFinish
INFO  2021-08-03 15:18:25,483 MappingDataService::? - GetMappingDataById : MethodStart
INFO  2021-08-03 15:18:25,507 MappingDataService::? - GetMappingDataById : MethodFinish
INFO  2021-08-03 15:18:25,528 MappingDataService::? - GetWHONetMappingListWithModel : MethodStart
INFO  2021-08-03 15:18:25,549 MappingDataService::? - GetWHONetMappingListWithModel : MethodFinish
INFO  2021-08-03 15:18:25,572 MappingDataService::? - GetSpecimenMappingListWithModel : MethodStart
INFO  2021-08-03 15:18:25,610 MappingDataService::? - GetSpecimenMappingListWithModel : MethodFinish
INFO  2021-08-03 15:18:25,625 MappingDataService::? - GetOrganismMappingListWithModel : MethodStart
INFO  2021-08-03 15:18:25,683 MappingDataService::? - GetOrganismMappingListWithModel : MethodFinish
INFO  2021-08-03 15:18:25,697 MappingDataService::? - GetWardTypeMappingListWithModel : MethodStart
INFO  2021-08-03 15:18:25,705 MappingDataService::? - GetWardTypeMappingListWithModel : MethodFinish
INFO  2021-08-03 15:18:36,128 MappingDataService::? - GetMappingList : MethodStart
INFO  2021-08-03 15:18:36,138 MappingDataService::? - GetMappingList : MethodFinish
INFO  2021-08-03 15:19:02,832 MappingDataService::? - GetMappingList : MethodStart
INFO  2021-08-03 15:19:02,847 MappingDataService::? - GetMappingList : MethodFinish
