INFO  2023-05-09 11:02:34,473 MappingDataService::? - GetMappingList : MethodStart
INFO  2023-05-09 11:02:36,102 MappingDataService::? - GetMappingList : MethodFinish
INFO  2023-05-09 11:13:09,513 MappingDataService::? - GetMappingDataActiveWithModel : MethodStart
INFO  2023-05-09 11:13:09,793 MappingDataService::? - GetMappingDataActiveWithModel : MethodFinish
INFO  2023-05-09 11:13:11,733 MappingDataService::? - GetWHONetMappingListWithModel : MethodStart
INFO  2023-05-09 11:13:11,873 MappingDataService::? - GetWHONetMappingListWithModel : MethodFinish
INFO  2023-05-09 11:13:48,108 MappingDataService::? - GetMappingDataActiveWithModel : MethodStart
INFO  2023-05-09 11:13:48,207 MappingDataService::? - GetMappingDataActiveWithModel : MethodFinish
INFO  2023-05-09 11:13:49,876 MappingDataService::? - GetWHONetMappingListWithModel : MethodStart
INFO  2023-05-09 11:13:49,984 MappingDataService::? - GetWHONetMappingListWithModel : MethodFinish
INFO  2023-05-09 11:57:22,924 MappingDataService::? - GetMappingDataActiveWithModel : MethodStart
INFO  2023-05-09 11:57:24,200 MappingDataService::? - GetMappingDataActiveWithModel : MethodFinish
INFO  2023-05-09 11:57:26,494 MappingDataService::? - GetWHONetMappingListWithModel : MethodStart
INFO  2023-05-09 11:57:26,638 MappingDataService::? - GetWHONetMappingListWithModel : MethodFinish
INFO  2023-05-09 12:07:26,287 MappingDataService::? - GetMappingDataActiveWithModel : MethodStart
INFO  2023-05-09 12:07:27,408 MappingDataService::? - GetMappingDataActiveWithModel : MethodFinish
INFO  2023-05-09 12:07:29,458 MappingDataService::? - GetWHONetMappingListWithModel : MethodStart
INFO  2023-05-09 12:07:29,597 MappingDataService::? - GetWHONetMappingListWithModel : MethodFinish
INFO  2023-05-09 12:08:06,122 MappingDataService::? - GetMappingDataActiveWithModel : MethodStart
INFO  2023-05-09 12:08:06,261 MappingDataService::? - GetMappingDataActiveWithModel : MethodFinish
INFO  2023-05-09 12:08:08,979 MappingDataService::? - GetWHONetMappingListWithModel : MethodStart
INFO  2023-05-09 12:08:09,090 MappingDataService::? - GetWHONetMappingListWithModel : MethodFinish
INFO  2023-05-09 12:15:00,574 MappingDataService::? - GetMappingDataActiveWithModel : MethodStart
INFO  2023-05-09 12:15:01,511 MappingDataService::? - GetMappingDataActiveWithModel : MethodFinish
INFO  2023-05-09 12:15:32,398 MappingDataService::? - GetMappingDataActiveWithModel : MethodStart
INFO  2023-05-09 12:15:32,512 MappingDataService::? - GetMappingDataActiveWithModel : MethodFinish
INFO  2023-05-09 12:15:56,902 MappingDataService::? - GetMappingDataActiveWithModel : MethodStart
INFO  2023-05-09 12:15:57,091 MappingDataService::? - GetMappingDataActiveWithModel : MethodFinish
INFO  2023-05-09 12:15:59,047 MappingDataService::? - GetWHONetMappingListWithModel : MethodStart
INFO  2023-05-09 12:15:59,169 MappingDataService::? - GetWHONetMappingListWithModel : MethodFinish
INFO  2023-05-09 12:19:37,285 MappingDataService::? - GetMappingDataActiveWithModel : MethodStart
INFO  2023-05-09 12:19:38,281 MappingDataService::? - GetMappingDataActiveWithModel : MethodFinish
INFO  2023-05-09 12:19:40,413 MappingDataService::? - GetWHONetMappingListWithModel : MethodStart
INFO  2023-05-09 12:19:40,547 MappingDataService::? - GetWHONetMappingListWithModel : MethodFinish
INFO  2023-05-09 12:20:21,377 MappingDataService::? - GetMappingDataActiveWithModel : MethodStart
INFO  2023-05-09 12:20:21,518 MappingDataService::? - GetMappingDataActiveWithModel : MethodFinish
INFO  2023-05-09 12:20:23,489 MappingDataService::? - GetWHONetMappingListWithModel : MethodStart
INFO  2023-05-09 12:20:23,610 MappingDataService::? - GetWHONetMappingListWithModel : MethodFinish
INFO  2023-05-09 12:26:35,913 MappingDataService::? - GetMappingDataActiveWithModel : MethodStart
INFO  2023-05-09 12:26:37,040 MappingDataService::? - GetMappingDataActiveWithModel : MethodFinish
INFO  2023-05-09 12:26:39,122 MappingDataService::? - GetWHONetMappingListWithModel : MethodStart
INFO  2023-05-09 12:26:39,270 MappingDataService::? - GetWHONetMappingListWithModel : MethodFinish
INFO  2023-05-09 12:35:21,781 MappingDataService::? - GetMappingDataActiveWithModel : MethodStart
INFO  2023-05-09 12:35:22,850 MappingDataService::? - GetMappingDataActiveWithModel : MethodFinish
INFO  2023-05-09 12:35:25,422 MappingDataService::? - GetWHONetMappingListWithModel : MethodStart
INFO  2023-05-09 12:35:25,557 MappingDataService::? - GetWHONetMappingListWithModel : MethodFinish
INFO  2023-05-09 12:37:56,370 MappingDataService::? - GetMappingDataActiveWithModel : MethodStart
INFO  2023-05-09 12:37:58,468 MappingDataService::? - GetMappingDataActiveWithModel : MethodFinish
INFO  2023-05-09 12:38:01,108 MappingDataService::? - GetWHONetMappingListWithModel : MethodStart
INFO  2023-05-09 12:38:01,248 MappingDataService::? - GetWHONetMappingListWithModel : MethodFinish
INFO  2023-05-09 12:40:32,594 MappingDataService::? - GetMappingDataActiveWithModel : MethodStart
INFO  2023-05-09 12:40:32,720 MappingDataService::? - GetMappingDataActiveWithModel : MethodFinish
INFO  2023-05-09 12:40:33,022 MappingDataService::? - GetWHONetMappingListWithModel : MethodStart
INFO  2023-05-09 12:40:33,130 MappingDataService::? - GetWHONetMappingListWithModel : MethodFinish
INFO  2023-05-09 15:08:56,462 MappingDataService::? - GetMappingDataActiveWithModel : MethodStart
INFO  2023-05-09 15:08:57,477 MappingDataService::? - GetMappingDataActiveWithModel : MethodFinish
INFO  2023-05-09 15:08:59,323 MappingDataService::? - GetWHONetMappingListWithModel : MethodStart
INFO  2023-05-09 15:08:59,451 MappingDataService::? - GetWHONetMappingListWithModel : MethodFinish
INFO  2023-05-09 15:11:08,920 MappingDataService::? - GetMappingList : MethodStart
INFO  2023-05-09 15:11:09,068 MappingDataService::? - GetMappingList : MethodFinish
INFO  2023-05-09 15:11:18,549 MappingDataService::? - GetMappingDataById : MethodStart
INFO  2023-05-09 15:11:18,663 MappingDataService::? - GetMappingDataById : MethodFinish
INFO  2023-05-09 15:11:18,750 MappingDataService::? - GetWHONetMappingListWithModel : MethodStart
INFO  2023-05-09 15:11:18,851 MappingDataService::? - GetWHONetMappingListWithModel : MethodFinish
INFO  2023-05-09 15:11:18,945 MappingDataService::? - GetSpecimenMappingListWithModel : MethodStart
INFO  2023-05-09 15:11:19,067 MappingDataService::? - GetSpecimenMappingListWithModel : MethodFinish
INFO  2023-05-09 15:11:19,164 MappingDataService::? - GetOrganismMappingListWithModel : MethodStart
INFO  2023-05-09 15:11:19,359 MappingDataService::? - GetOrganismMappingListWithModel : MethodFinish
INFO  2023-05-09 15:11:19,448 MappingDataService::? - GetWardTypeMappingListWithModel : MethodStart
INFO  2023-05-09 15:11:19,563 MappingDataService::? - GetWardTypeMappingListWithModel : MethodFinish
INFO  2023-05-09 15:30:07,744 MappingDataService::? - GetMappingDataActiveWithModel : MethodStart
INFO  2023-05-09 15:30:07,978 MappingDataService::? - GetMappingDataActiveWithModel : MethodFinish
INFO  2023-05-09 15:30:09,786 MappingDataService::? - GetWHONetMappingListWithModel : MethodStart
INFO  2023-05-09 15:30:09,892 MappingDataService::? - GetWHONetMappingListWithModel : MethodFinish
INFO  2023-05-09 15:34:01,826 MappingDataService::? - GetMappingDataActiveWithModel : MethodStart
INFO  2023-05-09 15:34:01,923 MappingDataService::? - GetMappingDataActiveWithModel : MethodFinish
INFO  2023-05-09 15:34:03,568 MappingDataService::? - GetWHONetMappingListWithModel : MethodStart
INFO  2023-05-09 15:34:03,668 MappingDataService::? - GetWHONetMappingListWithModel : MethodFinish
INFO  2023-05-09 15:34:47,672 MappingDataService::? - GetMappingDataActiveWithModel : MethodStart
INFO  2023-05-09 15:34:47,768 MappingDataService::? - GetMappingDataActiveWithModel : MethodFinish
INFO  2023-05-09 15:34:49,612 MappingDataService::? - GetWHONetMappingListWithModel : MethodStart
INFO  2023-05-09 15:34:49,712 MappingDataService::? - GetWHONetMappingListWithModel : MethodFinish
INFO  2023-05-09 15:38:12,359 MappingDataService::? - GetMappingDataActiveWithModel : MethodStart
INFO  2023-05-09 15:38:13,623 MappingDataService::? - GetMappingDataActiveWithModel : MethodFinish
INFO  2023-05-09 15:38:15,614 MappingDataService::? - GetWHONetMappingListWithModel : MethodStart
INFO  2023-05-09 15:38:15,742 MappingDataService::? - GetWHONetMappingListWithModel : MethodFinish
INFO  2023-05-09 15:38:34,852 MappingDataService::? - GetMappingDataActiveWithModel : MethodStart
INFO  2023-05-09 15:38:34,983 MappingDataService::? - GetMappingDataActiveWithModel : MethodFinish
INFO  2023-05-09 15:38:37,054 MappingDataService::? - GetWHONetMappingListWithModel : MethodStart
INFO  2023-05-09 15:38:37,165 MappingDataService::? - GetWHONetMappingListWithModel : MethodFinish
INFO  2023-05-09 15:44:10,337 MappingDataService::? - GetMappingDataActiveWithModel : MethodStart
INFO  2023-05-09 15:44:10,442 MappingDataService::? - GetMappingDataActiveWithModel : MethodFinish
INFO  2023-05-09 15:44:11,972 MappingDataService::? - GetWHONetMappingListWithModel : MethodStart
INFO  2023-05-09 15:44:12,082 MappingDataService::? - GetWHONetMappingListWithModel : MethodFinish
