INFO  2021-08-09 09:50:24,230 PasswordConfigService::? - GetData : MethodStart
INFO  2021-08-09 09:50:26,644 PasswordConfigService::? - GetData : MethodFinish
INFO  2021-08-09 09:50:27,584 PasswordConfigService::? - GetData : MethodStart
INFO  2021-08-09 09:50:27,619 PasswordConfigService::? - GetData : MethodFinish
INFO  2021-08-09 09:52:07,181 RoleService::? - GetPermissionListWithModel : MethodStart
INFO  2021-08-09 09:52:07,381 RoleService::? - GetPermissionListWithModel : MethodFinish
INFO  2021-08-09 12:20:57,527 PasswordConfigService::? - GetData : MethodStart
INFO  2021-08-09 12:20:58,940 PasswordConfigService::? - GetData : MethodFinish
INFO  2021-08-09 12:21:00,488 PasswordConfigService::? - GetData : MethodStart
INFO  2021-08-09 12:21:00,528 PasswordConfigService::? - GetData : MethodFinish
INFO  2021-08-09 12:21:24,745 RoleService::? - GetPermissionListWithModel : MethodStart
INFO  2021-08-09 12:21:24,832 RoleService::? - GetPermissionListWithModel : MethodFinish
INFO  2021-08-09 12:21:43,509 MenuService::? - GetListWithModel : MethodStart
INFO  2021-08-09 12:21:43,540 MenuService::? - GetListWithModel : MethodFinish
INFO  2021-08-09 12:21:43,666 ColumnConfigService::? - GetListWithModel : MethodStart
INFO  2021-08-09 12:21:43,676 ColumnConfigService::? - GetListWithModel : MethodFinish
INFO  2021-08-09 12:21:43,702 MenuService::? - GetListWithModel : MethodStart
INFO  2021-08-09 12:21:43,704 MenuService::? - GetListWithModel : MethodFinish
INFO  2021-08-09 13:04:07,696 RoleService::? - GetListWithModel : MethodStart
INFO  2021-08-09 13:04:07,722 RoleService::? - GetListWithModel : MethodFinish
INFO  2021-08-09 13:04:10,932 RoleService::? - GetData : MethodStart
INFO  2021-08-09 13:04:10,960 RoleService::? - GetData : MethodFinish
INFO  2021-08-09 13:04:11,032 RoleService::? - GetPermissionListWithModel : MethodStart
INFO  2021-08-09 13:04:11,039 RoleService::? - GetPermissionListWithModel : MethodFinish
INFO  2021-08-09 13:04:22,980 RoleService::? - SaveData : MethodStart
INFO  2021-08-09 13:04:23,142 RoleService::? - SaveData : MethodFinish
INFO  2021-08-09 13:04:23,183 RoleService::? - SaveListData : MethodStart
INFO  2021-08-09 13:04:23,243 RoleService::? - SaveListData : MethodFinish
INFO  2021-08-09 13:04:27,654 RoleService::? - GetListWithModel : MethodStart
INFO  2021-08-09 13:04:27,659 RoleService::? - GetListWithModel : MethodFinish
INFO  2021-08-09 13:04:36,011 PasswordConfigService::? - GetData : MethodStart
INFO  2021-08-09 13:04:36,018 PasswordConfigService::? - GetData : MethodFinish
INFO  2021-08-09 13:04:37,587 RoleService::? - GetPermissionListWithModel : MethodStart
INFO  2021-08-09 13:04:37,597 RoleService::? - GetPermissionListWithModel : MethodFinish
INFO  2021-08-09 13:39:03,880 PasswordConfigService::? - GetData : MethodStart
INFO  2021-08-09 13:39:04,702 PasswordConfigService::? - GetData : MethodFinish
INFO  2021-08-09 13:39:05,152 PasswordConfigService::? - GetData : MethodStart
INFO  2021-08-09 13:39:05,182 PasswordConfigService::? - GetData : MethodFinish
INFO  2021-08-09 13:39:16,063 RoleService::? - GetPermissionListWithModel : MethodStart
INFO  2021-08-09 13:39:16,162 RoleService::? - GetPermissionListWithModel : MethodFinish
INFO  2021-08-09 14:38:46,118 PasswordConfigService::? - GetData : MethodStart
INFO  2021-08-09 14:38:46,944 PasswordConfigService::? - GetData : MethodFinish
INFO  2021-08-09 14:38:47,343 PasswordConfigService::? - GetData : MethodStart
INFO  2021-08-09 14:38:47,362 PasswordConfigService::? - GetData : MethodFinish
INFO  2021-08-09 14:42:48,227 RoleService::? - GetPermissionListWithModel : MethodStart
INFO  2021-08-09 14:42:48,314 RoleService::? - GetPermissionListWithModel : MethodFinish
INFO  2021-08-09 14:51:36,243 PasswordConfigService::? - GetData : MethodStart
INFO  2021-08-09 14:51:37,473 PasswordConfigService::? - GetData : MethodFinish
INFO  2021-08-09 14:51:38,027 PasswordConfigService::? - GetData : MethodStart
INFO  2021-08-09 14:51:38,051 PasswordConfigService::? - GetData : MethodFinish
INFO  2021-08-09 14:51:50,924 RoleService::? - GetPermissionListWithModel : MethodStart
INFO  2021-08-09 14:51:51,022 RoleService::? - GetPermissionListWithModel : MethodFinish
INFO  2021-08-09 17:09:46,094 PasswordConfigService::? - GetData : MethodStart
INFO  2021-08-09 17:09:46,146 PasswordConfigService::? - GetData : MethodFinish
INFO  2021-08-09 21:56:17,765 PasswordConfigService::? - GetData : MethodStart
INFO  2021-08-09 21:56:17,795 PasswordConfigService::? - GetData : MethodFinish
