INFO  2021-09-23 10:57:30,136 PasswordConfigService::? - GetData : MethodStart
INFO  2021-09-23 10:57:33,181 PasswordConfigService::? - GetData : MethodFinish
INFO  2021-09-23 10:57:34,167 PasswordConfigService::? - GetData : MethodStart
INFO  2021-09-23 10:57:34,218 PasswordConfigService::? - GetData : MethodFinish
INFO  2021-09-23 10:58:10,797 RoleService::? - GetPermissionListWithModel : MethodStart
INFO  2021-09-23 10:58:10,998 RoleService::? - GetPermissionListWithModel : MethodFinish
INFO  2021-09-23 10:59:41,574 ColumnConfigService::? - GetListWithModel : MethodStart
INFO  2021-09-23 10:59:41,633 ColumnConfigService::? - GetListWithModel : MethodFinish
INFO  2021-09-23 11:05:50,040 PasswordConfigService::? - GetData : MethodStart
INFO  2021-09-23 11:05:52,047 PasswordConfigService::? - GetData : MethodFinish
INFO  2021-09-23 11:05:53,042 PasswordConfigService::? - GetData : MethodStart
INFO  2021-09-23 11:05:53,117 PasswordConfigService::? - GetData : MethodFinish
INFO  2021-09-23 11:07:17,321 RoleService::? - GetPermissionListWithModel : MethodStart
INFO  2021-09-23 11:07:17,571 RoleService::? - GetPermissionListWithModel : MethodFinish
INFO  2021-09-23 14:31:11,290 PasswordConfigService::? - GetData : MethodStart
INFO  2021-09-23 14:31:12,190 PasswordConfigService::? - GetData : MethodFinish
INFO  2021-09-23 14:31:12,663 PasswordConfigService::? - GetData : MethodStart
INFO  2021-09-23 14:31:12,695 PasswordConfigService::? - GetData : MethodFinish
INFO  2021-09-23 14:31:35,118 RoleService::? - GetPermissionListWithModel : MethodStart
INFO  2021-09-23 14:31:35,205 RoleService::? - GetPermissionListWithModel : MethodFinish
INFO  2021-09-23 17:07:21,490 PasswordConfigService::? - GetData : MethodStart
INFO  2021-09-23 17:07:22,341 PasswordConfigService::? - GetData : MethodFinish
INFO  2021-09-23 17:07:22,832 PasswordConfigService::? - GetData : MethodStart
INFO  2021-09-23 17:07:22,873 PasswordConfigService::? - GetData : MethodFinish
INFO  2021-09-23 17:10:06,514 RoleService::? - GetPermissionListWithModel : MethodStart
INFO  2021-09-23 17:10:06,605 RoleService::? - GetPermissionListWithModel : MethodFinish
INFO  2021-09-23 17:35:53,487 PasswordConfigService::? - GetData : MethodStart
INFO  2021-09-23 17:35:55,216 PasswordConfigService::? - GetData : MethodFinish
INFO  2021-09-23 17:35:55,820 PasswordConfigService::? - GetData : MethodStart
INFO  2021-09-23 17:35:55,872 PasswordConfigService::? - GetData : MethodFinish
INFO  2021-09-23 17:36:20,443 RoleService::? - GetPermissionListWithModel : MethodStart
INFO  2021-09-23 17:36:20,550 RoleService::? - GetPermissionListWithModel : MethodFinish
