INFO  2021-09-10 13:58:03,735 PasswordConfigService::? - GetData : MethodStart
INFO  2021-09-10 13:58:05,458 PasswordConfigService::? - GetData : MethodFinish
INFO  2021-09-10 13:58:05,986 PasswordConfigService::? - GetData : MethodStart
INFO  2021-09-10 13:58:06,120 PasswordConfigService::? - GetData : MethodFinish
INFO  2021-09-10 13:59:08,100 RoleService::? - GetPermissionListWithModel : MethodStart
INFO  2021-09-10 13:59:08,335 RoleService::? - GetPermissionListWithModel : MethodFinish
INFO  2021-09-10 14:05:17,272 PasswordConfigService::? - GetData : MethodStart
INFO  2021-09-10 14:05:18,565 PasswordConfigService::? - GetData : MethodFinish
INFO  2021-09-10 14:05:18,991 PasswordConfigService::? - GetData : MethodStart
INFO  2021-09-10 14:05:19,157 PasswordConfigService::? - GetData : MethodFinish
INFO  2021-09-10 14:06:06,038 RoleService::? - GetPermissionListWithModel : MethodStart
INFO  2021-09-10 14:06:06,274 RoleService::? - GetPermissionListWithModel : MethodFinish
INFO  2021-09-10 14:24:17,257 MenuService::? - GetListWithModel : MethodStart
INFO  2021-09-10 14:24:17,555 MenuService::? - GetListWithModel : MethodFinish
INFO  2021-09-10 14:24:17,789 ColumnConfigService::? - GetListWithModel : MethodStart
INFO  2021-09-10 14:24:17,902 ColumnConfigService::? - GetListWithModel : MethodFinish
INFO  2021-09-10 14:24:17,929 MenuService::? - GetListWithModel : MethodStart
INFO  2021-09-10 14:24:18,031 MenuService::? - GetListWithModel : MethodFinish
INFO  2021-09-10 14:27:47,317 MenuService::? - GetListWithModel : MethodStart
INFO  2021-09-10 14:27:47,422 MenuService::? - GetListWithModel : MethodFinish
INFO  2021-09-10 14:35:39,604 PasswordConfigService::? - GetData : MethodStart
INFO  2021-09-10 14:35:40,819 PasswordConfigService::? - GetData : MethodFinish
INFO  2021-09-10 14:35:41,237 PasswordConfigService::? - GetData : MethodStart
INFO  2021-09-10 14:35:41,360 PasswordConfigService::? - GetData : MethodFinish
INFO  2021-09-10 14:36:04,570 RoleService::? - GetPermissionListWithModel : MethodStart
INFO  2021-09-10 14:36:04,811 RoleService::? - GetPermissionListWithModel : MethodFinish
INFO  2021-09-10 15:30:31,578 PasswordConfigService::? - GetData : MethodStart
INFO  2021-09-10 15:30:32,886 PasswordConfigService::? - GetData : MethodFinish
INFO  2021-09-10 15:30:33,313 PasswordConfigService::? - GetData : MethodStart
INFO  2021-09-10 15:30:33,464 PasswordConfigService::? - GetData : MethodFinish
INFO  2021-09-10 15:41:08,541 RoleService::? - GetPermissionListWithModel : MethodStart
INFO  2021-09-10 15:41:08,938 RoleService::? - GetPermissionListWithModel : MethodFinish
INFO  2021-09-10 15:42:32,009 PasswordConfigService::? - GetData : MethodStart
INFO  2021-09-10 15:42:33,177 PasswordConfigService::? - GetData : MethodFinish
INFO  2021-09-10 15:42:33,644 PasswordConfigService::? - GetData : MethodStart
INFO  2021-09-10 15:42:33,768 PasswordConfigService::? - GetData : MethodFinish
INFO  2021-09-10 15:42:57,491 RoleService::? - GetPermissionListWithModel : MethodStart
INFO  2021-09-10 15:42:57,757 RoleService::? - GetPermissionListWithModel : MethodFinish
INFO  2021-09-10 16:27:38,416 PasswordConfigService::? - GetData : MethodStart
INFO  2021-09-10 16:27:40,032 PasswordConfigService::? - GetData : MethodFinish
INFO  2021-09-10 16:27:40,566 PasswordConfigService::? - GetData : MethodStart
INFO  2021-09-10 16:27:40,727 PasswordConfigService::? - GetData : MethodFinish
INFO  2021-09-10 16:28:03,522 RoleService::? - GetPermissionListWithModel : MethodStart
INFO  2021-09-10 16:28:03,743 RoleService::? - GetPermissionListWithModel : MethodFinish
INFO  2021-09-10 16:33:37,199 MenuService::? - GetListWithModel : MethodStart
INFO  2021-09-10 16:33:37,363 MenuService::? - GetListWithModel : MethodFinish
INFO  2021-09-10 16:33:37,599 ColumnConfigService::? - GetListWithModel : MethodStart
INFO  2021-09-10 16:33:37,712 ColumnConfigService::? - GetListWithModel : MethodFinish
INFO  2021-09-10 16:33:37,740 MenuService::? - GetListWithModel : MethodStart
INFO  2021-09-10 16:33:37,842 MenuService::? - GetListWithModel : MethodFinish
INFO  2021-09-10 16:33:45,004 MenuService::? - GetListWithModel : MethodStart
INFO  2021-09-10 16:33:45,112 MenuService::? - GetListWithModel : MethodFinish
INFO  2021-09-10 16:33:48,002 MenuService::? - GetListWithModel : MethodStart
INFO  2021-09-10 16:33:48,107 MenuService::? - GetListWithModel : MethodFinish
INFO  2021-09-10 16:34:49,436 MenuService::? - GetListWithModel : MethodStart
INFO  2021-09-10 16:34:49,547 MenuService::? - GetListWithModel : MethodFinish
INFO  2021-09-10 16:34:49,756 ColumnConfigService::? - GetListWithModel : MethodStart
INFO  2021-09-10 16:34:49,861 ColumnConfigService::? - GetListWithModel : MethodFinish
INFO  2021-09-10 16:34:49,890 MenuService::? - GetListWithModel : MethodStart
INFO  2021-09-10 16:34:50,006 MenuService::? - GetListWithModel : MethodFinish
INFO  2021-09-10 16:37:04,240 MenuService::? - GetListWithModel : MethodStart
INFO  2021-09-10 16:37:04,355 MenuService::? - GetListWithModel : MethodFinish
INFO  2021-09-10 16:40:43,804 PasswordConfigService::? - GetData : MethodStart
INFO  2021-09-10 16:40:45,174 PasswordConfigService::? - GetData : MethodFinish
INFO  2021-09-10 16:40:45,706 PasswordConfigService::? - GetData : MethodStart
INFO  2021-09-10 16:40:45,836 PasswordConfigService::? - GetData : MethodFinish
INFO  2021-09-10 16:40:57,117 RoleService::? - GetPermissionListWithModel : MethodStart
INFO  2021-09-10 16:40:57,481 RoleService::? - GetPermissionListWithModel : MethodFinish
INFO  2021-09-10 16:49:17,532 PasswordConfigService::? - GetData : MethodStart
INFO  2021-09-10 16:49:19,191 PasswordConfigService::? - GetData : MethodFinish
INFO  2021-09-10 16:49:19,755 PasswordConfigService::? - GetData : MethodStart
INFO  2021-09-10 16:49:19,894 PasswordConfigService::? - GetData : MethodFinish
INFO  2021-09-10 16:54:03,958 RoleService::? - GetPermissionListWithModel : MethodStart
INFO  2021-09-10 16:54:04,199 RoleService::? - GetPermissionListWithModel : MethodFinish
INFO  2021-09-10 16:59:53,687 PasswordConfigService::? - GetData : MethodStart
INFO  2021-09-10 16:59:55,809 PasswordConfigService::? - GetData : MethodFinish
INFO  2021-09-10 16:59:56,265 PasswordConfigService::? - GetData : MethodStart
INFO  2021-09-10 16:59:56,399 PasswordConfigService::? - GetData : MethodFinish
INFO  2021-09-10 17:00:24,712 RoleService::? - GetPermissionListWithModel : MethodStart
INFO  2021-09-10 17:00:24,993 RoleService::? - GetPermissionListWithModel : MethodFinish
INFO  2021-09-10 17:02:57,902 PasswordConfigService::? - GetData : MethodStart
INFO  2021-09-10 17:02:59,254 PasswordConfigService::? - GetData : MethodFinish
INFO  2021-09-10 17:02:59,772 PasswordConfigService::? - GetData : MethodStart
INFO  2021-09-10 17:02:59,910 PasswordConfigService::? - GetData : MethodFinish
INFO  2021-09-10 17:49:33,053 RoleService::? - GetPermissionListWithModel : MethodStart
INFO  2021-09-10 17:49:33,484 RoleService::? - GetPermissionListWithModel : MethodFinish
