INFO  2021-09-27 11:03:42,333 PasswordConfigService::? - GetData : MethodStart
INFO  2021-09-27 11:03:46,172 PasswordConfigService::? - GetData : MethodFinish
INFO  2021-09-27 11:03:47,577 PasswordConfigService::? - GetData : MethodStart
INFO  2021-09-27 11:03:47,645 PasswordConfigService::? - GetData : MethodFinish
INFO  2021-09-27 11:04:33,098 RoleService::? - GetPermissionListWithModel : MethodStart
INFO  2021-09-27 11:04:33,341 RoleService::? - GetPermissionListWithModel : MethodFinish
INFO  2021-09-27 11:17:16,016 PasswordConfigService::? - GetData : MethodStart
INFO  2021-09-27 11:17:18,360 PasswordConfigService::? - GetData : MethodFinish
INFO  2021-09-27 11:17:19,249 PasswordConfigService::? - GetData : MethodStart
INFO  2021-09-27 11:17:19,322 PasswordConfigService::? - GetData : MethodFinish
INFO  2021-09-27 11:17:50,779 RoleService::? - GetPermissionListWithModel : MethodStart
INFO  2021-09-27 11:17:50,959 RoleService::? - GetPermissionListWithModel : MethodFinish
INFO  2021-09-27 11:28:26,059 PasswordConfigService::? - GetData : MethodStart
INFO  2021-09-27 11:28:27,758 PasswordConfigService::? - GetData : MethodFinish
INFO  2021-09-27 11:28:28,793 PasswordConfigService::? - GetData : MethodStart
INFO  2021-09-27 11:28:28,868 PasswordConfigService::? - GetData : MethodFinish
INFO  2021-09-27 11:36:01,296 PasswordConfigService::? - GetData : MethodStart
INFO  2021-09-27 11:36:04,075 PasswordConfigService::? - GetData : MethodFinish
INFO  2021-09-27 11:36:05,155 PasswordConfigService::? - GetData : MethodStart
INFO  2021-09-27 11:36:05,233 PasswordConfigService::? - GetData : MethodFinish
INFO  2021-09-27 11:37:31,538 RoleService::? - GetPermissionListWithModel : MethodStart
INFO  2021-09-27 11:37:31,857 RoleService::? - GetPermissionListWithModel : MethodFinish
INFO  2021-09-27 13:10:22,470 PasswordConfigService::? - GetData : MethodStart
INFO  2021-09-27 13:10:24,615 PasswordConfigService::? - GetData : MethodFinish
INFO  2021-09-27 13:10:25,942 PasswordConfigService::? - GetData : MethodStart
INFO  2021-09-27 13:10:26,030 PasswordConfigService::? - GetData : MethodFinish
INFO  2021-09-27 13:10:43,085 RoleService::? - GetPermissionListWithModel : MethodStart
INFO  2021-09-27 13:10:43,289 RoleService::? - GetPermissionListWithModel : MethodFinish
INFO  2021-09-27 13:29:20,108 PasswordConfigService::? - GetData : MethodStart
INFO  2021-09-27 13:29:22,087 PasswordConfigService::? - GetData : MethodFinish
INFO  2021-09-27 13:29:22,960 PasswordConfigService::? - GetData : MethodStart
INFO  2021-09-27 13:29:23,026 PasswordConfigService::? - GetData : MethodFinish
INFO  2021-09-27 13:29:45,391 RoleService::? - GetPermissionListWithModel : MethodStart
INFO  2021-09-27 13:29:45,580 RoleService::? - GetPermissionListWithModel : MethodFinish
INFO  2021-09-27 13:33:43,674 PasswordConfigService::? - GetData : MethodStart
INFO  2021-09-27 13:33:45,888 PasswordConfigService::? - GetData : MethodFinish
INFO  2021-09-27 13:33:46,774 PasswordConfigService::? - GetData : MethodStart
INFO  2021-09-27 13:33:46,846 PasswordConfigService::? - GetData : MethodFinish
INFO  2021-09-27 13:34:15,340 RoleService::? - GetPermissionListWithModel : MethodStart
INFO  2021-09-27 13:34:15,551 RoleService::? - GetPermissionListWithModel : MethodFinish
INFO  2021-09-27 16:31:55,461 PasswordConfigService::? - GetData : MethodStart
INFO  2021-09-27 16:31:57,029 PasswordConfigService::? - GetData : MethodFinish
INFO  2021-09-27 16:31:57,789 PasswordConfigService::? - GetData : MethodStart
INFO  2021-09-27 16:31:57,843 PasswordConfigService::? - GetData : MethodFinish
INFO  2021-09-27 16:32:08,332 RoleService::? - GetPermissionListWithModel : MethodStart
INFO  2021-09-27 16:32:08,426 RoleService::? - GetPermissionListWithModel : MethodFinish
INFO  2021-09-27 16:50:13,515 PasswordConfigService::? - GetData : MethodStart
INFO  2021-09-27 16:50:14,579 PasswordConfigService::? - GetData : MethodFinish
INFO  2021-09-27 16:50:15,188 PasswordConfigService::? - GetData : MethodStart
INFO  2021-09-27 16:50:15,237 PasswordConfigService::? - GetData : MethodFinish
INFO  2021-09-27 16:54:01,803 RoleService::? - GetPermissionListWithModel : MethodStart
INFO  2021-09-27 16:54:01,891 RoleService::? - GetPermissionListWithModel : MethodFinish
INFO  2021-09-27 16:55:10,295 PasswordConfigService::? - GetData : MethodStart
INFO  2021-09-27 16:55:11,349 PasswordConfigService::? - GetData : MethodFinish
INFO  2021-09-27 16:55:11,917 PasswordConfigService::? - GetData : MethodStart
INFO  2021-09-27 16:55:11,965 PasswordConfigService::? - GetData : MethodFinish
INFO  2021-09-27 17:02:08,379 RoleService::? - GetPermissionListWithModel : MethodStart
INFO  2021-09-27 17:02:08,471 RoleService::? - GetPermissionListWithModel : MethodFinish
INFO  2021-09-27 17:08:09,109 PasswordConfigService::? - GetData : MethodStart
INFO  2021-09-27 17:08:09,146 PasswordConfigService::? - GetData : MethodFinish
INFO  2021-09-27 17:09:06,846 PasswordConfigService::? - GetData : MethodStart
INFO  2021-09-27 17:09:06,852 PasswordConfigService::? - GetData : MethodFinish
INFO  2021-09-27 17:09:31,898 PasswordConfigService::? - GetData : MethodStart
INFO  2021-09-27 17:09:31,904 PasswordConfigService::? - GetData : MethodFinish
INFO  2021-09-27 17:09:38,690 RoleService::? - GetPermissionListWithModel : MethodStart
INFO  2021-09-27 17:09:38,699 RoleService::? - GetPermissionListWithModel : MethodFinish
INFO  2021-09-27 17:09:53,777 PasswordConfigService::? - GetData : MethodStart
INFO  2021-09-27 17:09:53,783 PasswordConfigService::? - GetData : MethodFinish
INFO  2021-09-27 17:09:58,314 RoleService::? - GetPermissionListWithModel : MethodStart
INFO  2021-09-27 17:09:58,321 RoleService::? - GetPermissionListWithModel : MethodFinish
INFO  2021-09-27 17:10:02,741 RoleService::? - GetListWithModel : MethodStart
INFO  2021-09-27 17:10:02,773 RoleService::? - GetListWithModel : MethodFinish
INFO  2021-09-27 17:10:07,985 RoleService::? - GetData : MethodStart
INFO  2021-09-27 17:10:08,004 RoleService::? - GetData : MethodFinish
INFO  2021-09-27 17:10:08,083 RoleService::? - GetPermissionListWithModel : MethodStart
INFO  2021-09-27 17:10:08,095 RoleService::? - GetPermissionListWithModel : MethodFinish
INFO  2021-09-27 17:10:23,474 RoleService::? - SaveData : MethodStart
INFO  2021-09-27 17:10:23,644 RoleService::? - SaveData : MethodFinish
INFO  2021-09-27 17:10:23,703 RoleService::? - SaveListData : MethodStart
INFO  2021-09-27 17:10:23,780 RoleService::? - SaveListData : MethodFinish
INFO  2021-09-27 17:10:28,198 PasswordConfigService::? - GetData : MethodStart
INFO  2021-09-27 17:10:28,205 PasswordConfigService::? - GetData : MethodFinish
INFO  2021-09-27 17:10:31,333 RoleService::? - GetPermissionListWithModel : MethodStart
INFO  2021-09-27 17:10:31,340 RoleService::? - GetPermissionListWithModel : MethodFinish
INFO  2021-09-27 17:12:29,201 PasswordConfigService::? - GetData : MethodStart
INFO  2021-09-27 17:12:30,150 PasswordConfigService::? - GetData : MethodFinish
INFO  2021-09-27 17:12:30,678 PasswordConfigService::? - GetData : MethodStart
INFO  2021-09-27 17:12:30,734 PasswordConfigService::? - GetData : MethodFinish
INFO  2021-09-27 17:12:50,034 RoleService::? - GetPermissionListWithModel : MethodStart
INFO  2021-09-27 17:12:50,121 RoleService::? - GetPermissionListWithModel : MethodFinish
INFO  2021-09-27 17:13:16,365 PasswordConfigService::? - GetData : MethodStart
INFO  2021-09-27 17:13:16,375 PasswordConfigService::? - GetData : MethodFinish
INFO  2021-09-27 17:13:18,804 RoleService::? - GetPermissionListWithModel : MethodStart
INFO  2021-09-27 17:13:18,810 RoleService::? - GetPermissionListWithModel : MethodFinish
INFO  2021-09-27 17:15:09,464 PasswordConfigService::? - GetData : MethodStart
INFO  2021-09-27 17:15:09,477 PasswordConfigService::? - GetData : MethodFinish
INFO  2021-09-27 17:36:27,251 PasswordConfigService::? - GetData : MethodStart
INFO  2021-09-27 17:36:28,522 PasswordConfigService::? - GetData : MethodFinish
INFO  2021-09-27 17:36:29,123 PasswordConfigService::? - GetData : MethodStart
INFO  2021-09-27 17:36:29,168 PasswordConfigService::? - GetData : MethodFinish
INFO  2021-09-27 17:37:21,190 RoleService::? - GetPermissionListWithModel : MethodStart
INFO  2021-09-27 17:37:21,277 RoleService::? - GetPermissionListWithModel : MethodFinish
INFO  2021-09-27 17:50:37,431 PasswordConfigService::? - GetData : MethodStart
INFO  2021-09-27 17:50:38,460 PasswordConfigService::? - GetData : MethodFinish
INFO  2021-09-27 17:50:38,935 PasswordConfigService::? - GetData : MethodStart
INFO  2021-09-27 17:50:38,982 PasswordConfigService::? - GetData : MethodFinish
INFO  2021-09-27 17:50:58,995 RoleService::? - GetPermissionListWithModel : MethodStart
INFO  2021-09-27 17:50:59,081 RoleService::? - GetPermissionListWithModel : MethodFinish
INFO  2021-09-27 17:57:40,686 PasswordConfigService::? - GetData : MethodStart
INFO  2021-09-27 17:57:41,561 PasswordConfigService::? - GetData : MethodFinish
INFO  2021-09-27 17:57:42,148 PasswordConfigService::? - GetData : MethodStart
INFO  2021-09-27 17:57:42,183 PasswordConfigService::? - GetData : MethodFinish
INFO  2021-09-27 18:15:44,825 RoleService::? - GetPermissionListWithModel : MethodStart
INFO  2021-09-27 18:15:45,105 RoleService::? - GetPermissionListWithModel : MethodFinish
INFO  2021-09-27 19:05:39,634 PasswordConfigService::? - GetData : MethodStart
INFO  2021-09-27 19:05:41,136 PasswordConfigService::? - GetData : MethodFinish
INFO  2021-09-27 19:05:41,888 PasswordConfigService::? - GetData : MethodStart
INFO  2021-09-27 19:05:41,953 PasswordConfigService::? - GetData : MethodFinish
INFO  2021-09-27 19:08:34,400 PasswordConfigService::? - GetData : MethodStart
INFO  2021-09-27 19:08:35,858 PasswordConfigService::? - GetData : MethodFinish
INFO  2021-09-27 19:08:36,693 PasswordConfigService::? - GetData : MethodStart
INFO  2021-09-27 19:08:36,755 PasswordConfigService::? - GetData : MethodFinish
INFO  2021-09-27 19:10:37,328 RoleService::? - GetPermissionListWithModel : MethodStart
INFO  2021-09-27 19:10:37,528 RoleService::? - GetPermissionListWithModel : MethodFinish
INFO  2021-09-27 19:26:49,305 PasswordConfigService::? - GetData : MethodStart
INFO  2021-09-27 19:26:51,120 PasswordConfigService::? - GetData : MethodFinish
INFO  2021-09-27 19:26:52,192 PasswordConfigService::? - GetData : MethodStart
INFO  2021-09-27 19:26:52,257 PasswordConfigService::? - GetData : MethodFinish
INFO  2021-09-27 19:28:48,585 RoleService::? - GetPermissionListWithModel : MethodStart
INFO  2021-09-27 19:28:48,733 RoleService::? - GetPermissionListWithModel : MethodFinish
INFO  2021-09-27 19:41:59,770 PasswordConfigService::? - GetData : MethodStart
INFO  2021-09-27 19:42:01,576 PasswordConfigService::? - GetData : MethodFinish
INFO  2021-09-27 19:42:02,417 PasswordConfigService::? - GetData : MethodStart
INFO  2021-09-27 19:42:02,482 PasswordConfigService::? - GetData : MethodFinish
INFO  2021-09-27 19:43:02,226 RoleService::? - GetPermissionListWithModel : MethodStart
INFO  2021-09-27 19:43:02,346 RoleService::? - GetPermissionListWithModel : MethodFinish
