INFO  2021-07-15 11:27:54,914 PasswordConfigService::? - GetData : MethodStart
INFO  2021-07-15 11:27:56,265 PasswordConfigService::? - GetData : MethodFinish
INFO  2021-07-15 11:27:56,985 PasswordConfigService::? - GetData : MethodStart
INFO  2021-07-15 11:27:57,019 PasswordConfigService::? - GetData : MethodFinish
INFO  2021-07-15 11:30:41,437 RoleService::? - GetPermissionListWithModel : MethodStart
INFO  2021-07-15 11:30:41,532 RoleService::? - GetPermissionListWithModel : MethodFinish
INFO  2021-07-15 11:34:54,207 LogUserLoginService::? - GetListWithModel : MethodStart
INFO  2021-07-15 11:34:54,257 LogUserLoginService::? - GetListWithModel : MethodFinish
INFO  2021-07-15 11:34:54,314 ColumnConfigService::? - GetListWithModel : MethodStart
INFO  2021-07-15 11:34:54,323 ColumnConfigService::? - GetListWithModel : MethodFinish
INFO  2021-07-15 11:50:13,124 PasswordConfigService::? - GetData : MethodStart
INFO  2021-07-15 11:50:14,717 PasswordConfigService::? - GetData : MethodFinish
INFO  2021-07-15 11:50:15,516 PasswordConfigService::? - GetData : MethodStart
INFO  2021-07-15 11:50:15,550 PasswordConfigService::? - GetData : MethodFinish
INFO  2021-07-15 11:50:47,978 RoleService::? - GetPermissionListWithModel : MethodStart
INFO  2021-07-15 11:50:48,090 RoleService::? - GetPermissionListWithModel : MethodFinish
INFO  2021-07-15 11:54:01,578 PasswordConfigService::? - GetData : MethodStart
INFO  2021-07-15 11:54:03,107 PasswordConfigService::? - GetData : MethodFinish
INFO  2021-07-15 11:54:03,702 PasswordConfigService::? - GetData : MethodStart
INFO  2021-07-15 11:54:03,732 PasswordConfigService::? - GetData : MethodFinish
INFO  2021-07-15 11:55:01,873 RoleService::? - GetPermissionListWithModel : MethodStart
INFO  2021-07-15 11:55:01,968 RoleService::? - GetPermissionListWithModel : MethodFinish
INFO  2021-07-15 12:23:40,830 PasswordConfigService::? - GetData : MethodStart
INFO  2021-07-15 12:23:42,389 PasswordConfigService::? - GetData : MethodFinish
INFO  2021-07-15 12:23:42,937 PasswordConfigService::? - GetData : MethodStart
INFO  2021-07-15 12:23:42,963 PasswordConfigService::? - GetData : MethodFinish
INFO  2021-07-15 12:23:52,202 RoleService::? - GetPermissionListWithModel : MethodStart
INFO  2021-07-15 12:23:52,298 RoleService::? - GetPermissionListWithModel : MethodFinish
