INFO  2021-08-10 08:50:22,352 PasswordConfigService::? - GetData : MethodStart
INFO  2021-08-10 08:50:24,066 PasswordConfigService::? - GetData : MethodFinish
INFO  2021-08-10 08:50:24,871 PasswordConfigService::? - GetData : MethodStart
INFO  2021-08-10 08:50:24,899 PasswordConfigService::? - GetData : MethodFinish
INFO  2021-08-10 08:58:19,681 RoleService::? - GetPermissionListWithModel : MethodStart
INFO  2021-08-10 08:58:20,098 RoleService::? - GetPermissionListWithModel : MethodFinish
INFO  2021-08-10 09:34:53,586 PasswordConfigService::? - GetData : MethodStart
INFO  2021-08-10 09:34:54,871 PasswordConfigService::? - GetData : MethodFinish
INFO  2021-08-10 09:35:21,022 PasswordConfigService::? - GetData : MethodStart
INFO  2021-08-10 09:35:21,894 PasswordConfigService::? - GetData : MethodFinish
INFO  2021-08-10 09:35:22,443 PasswordConfigService::? - GetData : MethodStart
INFO  2021-08-10 09:35:22,456 PasswordConfigService::? - GetData : MethodFinish
INFO  2021-08-10 09:35:42,854 RoleService::? - GetPermissionListWithModel : MethodStart
INFO  2021-08-10 09:35:42,943 RoleService::? - GetPermissionListWithModel : MethodFinish
INFO  2021-08-10 09:50:52,952 PasswordConfigService::? - GetData : MethodStart
INFO  2021-08-10 09:50:52,967 PasswordConfigService::? - GetData : MethodFinish
INFO  2021-08-10 09:50:55,103 MenuService::? - GetListWithModel : MethodStart
INFO  2021-08-10 09:50:55,144 MenuService::? - GetListWithModel : MethodFinish
INFO  2021-08-10 09:50:55,227 ColumnConfigService::? - GetListWithModel : MethodStart
INFO  2021-08-10 09:50:55,243 ColumnConfigService::? - GetListWithModel : MethodFinish
INFO  2021-08-10 09:50:55,281 MenuService::? - GetListWithModel : MethodStart
INFO  2021-08-10 09:50:55,284 MenuService::? - GetListWithModel : MethodFinish
INFO  2021-08-10 09:50:57,477 ColumnConfigService::? - GetListWithModel : MethodStart
INFO  2021-08-10 09:50:57,491 ColumnConfigService::? - GetListWithModel : MethodFinish
INFO  2021-08-10 09:50:58,396 RoleService::? - GetListWithModel : MethodStart
INFO  2021-08-10 09:50:58,420 RoleService::? - GetListWithModel : MethodFinish
INFO  2021-08-10 09:50:59,260 LogUserLoginService::? - GetListWithModel : MethodStart
INFO  2021-08-10 09:50:59,293 LogUserLoginService::? - GetListWithModel : MethodFinish
INFO  2021-08-10 09:50:59,331 ColumnConfigService::? - GetListWithModel : MethodStart
INFO  2021-08-10 09:50:59,333 ColumnConfigService::? - GetListWithModel : MethodFinish
INFO  2021-08-10 14:38:47,727 PasswordConfigService::? - GetData : MethodStart
INFO  2021-08-10 14:38:49,749 PasswordConfigService::? - GetData : MethodFinish
INFO  2021-08-10 14:38:50,690 PasswordConfigService::? - GetData : MethodStart
INFO  2021-08-10 14:38:50,737 PasswordConfigService::? - GetData : MethodFinish
INFO  2021-08-10 14:46:42,457 RoleService::? - GetPermissionListWithModel : MethodStart
INFO  2021-08-10 14:46:42,548 RoleService::? - GetPermissionListWithModel : MethodFinish
INFO  2021-08-10 15:02:31,574 PasswordConfigService::? - GetData : MethodStart
INFO  2021-08-10 15:02:31,590 PasswordConfigService::? - GetData : MethodFinish
INFO  2021-08-10 15:02:32,562 MenuService::? - GetListWithModel : MethodStart
INFO  2021-08-10 15:02:32,597 MenuService::? - GetListWithModel : MethodFinish
INFO  2021-08-10 15:02:32,653 ColumnConfigService::? - GetListWithModel : MethodStart
INFO  2021-08-10 15:02:32,664 ColumnConfigService::? - GetListWithModel : MethodFinish
INFO  2021-08-10 15:02:32,690 MenuService::? - GetListWithModel : MethodStart
INFO  2021-08-10 15:02:32,693 MenuService::? - GetListWithModel : MethodFinish
INFO  2021-08-10 15:02:33,415 ColumnConfigService::? - GetListWithModel : MethodStart
INFO  2021-08-10 15:02:33,426 ColumnConfigService::? - GetListWithModel : MethodFinish
INFO  2021-08-10 15:02:36,315 RoleService::? - GetListWithModel : MethodStart
INFO  2021-08-10 15:02:36,343 RoleService::? - GetListWithModel : MethodFinish
INFO  2021-08-10 15:02:36,955 LogUserLoginService::? - GetListWithModel : MethodStart
INFO  2021-08-10 15:02:36,989 LogUserLoginService::? - GetListWithModel : MethodFinish
INFO  2021-08-10 15:02:37,016 ColumnConfigService::? - GetListWithModel : MethodStart
INFO  2021-08-10 15:02:37,018 ColumnConfigService::? - GetListWithModel : MethodFinish
INFO  2021-08-10 16:35:28,495 PasswordConfigService::? - GetData : MethodStart
INFO  2021-08-10 16:35:30,373 PasswordConfigService::? - GetData : MethodFinish
INFO  2021-08-10 16:35:31,087 PasswordConfigService::? - GetData : MethodStart
INFO  2021-08-10 16:35:31,214 PasswordConfigService::? - GetData : MethodFinish
INFO  2021-08-10 16:35:46,932 RoleService::? - GetPermissionListWithModel : MethodStart
INFO  2021-08-10 16:35:47,161 RoleService::? - GetPermissionListWithModel : MethodFinish
INFO  2021-08-10 16:36:49,384 PasswordConfigService::? - GetData : MethodStart
INFO  2021-08-10 16:36:51,419 PasswordConfigService::? - GetData : MethodFinish
INFO  2021-08-10 16:36:51,886 PasswordConfigService::? - GetData : MethodStart
INFO  2021-08-10 16:36:52,005 PasswordConfigService::? - GetData : MethodFinish
INFO  2021-08-10 16:38:09,840 RoleService::? - GetPermissionListWithModel : MethodStart
INFO  2021-08-10 16:38:10,070 RoleService::? - GetPermissionListWithModel : MethodFinish
INFO  2021-08-10 16:44:02,009 PasswordConfigService::? - GetData : MethodStart
INFO  2021-08-10 16:44:03,562 PasswordConfigService::? - GetData : MethodFinish
INFO  2021-08-10 16:44:04,173 PasswordConfigService::? - GetData : MethodStart
INFO  2021-08-10 16:44:04,303 PasswordConfigService::? - GetData : MethodFinish
INFO  2021-08-10 16:45:52,910 RoleService::? - GetPermissionListWithModel : MethodStart
INFO  2021-08-10 16:45:53,165 RoleService::? - GetPermissionListWithModel : MethodFinish
INFO  2021-08-10 21:05:39,086 PasswordConfigService::? - GetData : MethodStart
INFO  2021-08-10 21:05:41,222 PasswordConfigService::? - GetData : MethodFinish
INFO  2021-08-10 21:05:41,686 PasswordConfigService::? - GetData : MethodStart
INFO  2021-08-10 21:05:41,978 PasswordConfigService::? - GetData : MethodFinish
INFO  2021-08-10 21:07:03,107 PasswordConfigService::? - GetData : MethodStart
INFO  2021-08-10 21:07:05,278 PasswordConfigService::? - GetData : MethodFinish
INFO  2021-08-10 21:07:05,702 PasswordConfigService::? - GetData : MethodStart
INFO  2021-08-10 21:07:06,123 PasswordConfigService::? - GetData : MethodFinish
INFO  2021-08-10 21:07:36,293 RoleService::? - GetPermissionListWithModel : MethodStart
INFO  2021-08-10 21:07:36,563 RoleService::? - GetPermissionListWithModel : MethodFinish
INFO  2021-08-10 23:27:54,068 PasswordConfigService::? - GetData : MethodStart
INFO  2021-08-10 23:27:56,301 PasswordConfigService::? - GetData : MethodFinish
INFO  2021-08-10 23:27:57,151 PasswordConfigService::? - GetData : MethodStart
INFO  2021-08-10 23:27:57,313 PasswordConfigService::? - GetData : MethodFinish
INFO  2021-08-10 23:28:38,595 RoleService::? - GetPermissionListWithModel : MethodStart
INFO  2021-08-10 23:28:38,970 RoleService::? - GetPermissionListWithModel : MethodFinish
