INFO  2022-08-31 10:18:20,584 PasswordConfigService::? - GetData : MethodStart
INFO  2022-08-31 10:18:24,787 PasswordConfigService::? - GetData : MethodFinish
INFO  2022-08-31 10:18:27,705 PasswordConfigService::? - GetData : MethodStart
INFO  2022-08-31 10:18:27,867 PasswordConfigService::? - GetData : MethodFinish
INFO  2022-08-31 10:20:37,073 RoleService::? - GetPermissionListWithModel : MethodStart
INFO  2022-08-31 10:20:37,598 RoleService::? - GetPermissionListWithModel : MethodFinish
INFO  2022-08-31 10:44:23,470 RoleService::? - GetListWithModel : MethodStart
INFO  2022-08-31 10:44:23,775 RoleService::? - GetListWithModel : MethodFinish
INFO  2022-08-31 10:46:02,346 RoleService::? - GetData : MethodStart
INFO  2022-08-31 10:46:02,551 RoleService::? - GetData : MethodFinish
INFO  2022-08-31 10:46:03,035 RoleService::? - GetPermissionListWithModel : MethodStart
INFO  2022-08-31 10:46:03,178 RoleService::? - GetPermissionListWithModel : MethodFinish
INFO  2022-08-31 10:46:21,529 RoleService::? - GetListWithModel : MethodStart
INFO  2022-08-31 10:46:21,635 RoleService::? - GetListWithModel : MethodFinish
INFO  2022-08-31 10:46:24,145 RoleService::? - GetPermissionListWithModel : MethodStart
INFO  2022-08-31 10:46:24,295 RoleService::? - GetPermissionListWithModel : MethodFinish
INFO  2022-08-31 10:46:29,041 RoleService::? - GetListWithModel : MethodStart
INFO  2022-08-31 10:46:29,148 RoleService::? - GetListWithModel : MethodFinish
INFO  2022-08-31 10:52:38,186 RoleService::? - GetData : MethodStart
INFO  2022-08-31 10:52:38,441 RoleService::? - GetData : MethodFinish
INFO  2022-08-31 10:52:38,741 RoleService::? - GetPermissionListWithModel : MethodStart
INFO  2022-08-31 10:52:38,888 RoleService::? - GetPermissionListWithModel : MethodFinish
