INFO  2021-08-13 14:11:47,938 PasswordConfigService::? - GetData : MethodStart
INFO  2021-08-13 14:11:49,787 PasswordConfigService::? - GetData : MethodFinish
INFO  2021-08-13 14:11:50,553 PasswordConfigService::? - GetData : MethodStart
INFO  2021-08-13 14:11:50,696 PasswordConfigService::? - GetData : MethodFinish
INFO  2021-08-13 14:12:11,046 RoleService::? - GetPermissionListWithModel : MethodStart
INFO  2021-08-13 14:12:11,285 RoleService::? - GetPermissionListWithModel : MethodFinish
INFO  2021-08-13 14:12:19,424 RoleService::? - GetListWithModel : MethodStart
INFO  2021-08-13 14:12:19,642 RoleService::? - GetListWithModel : MethodFinish
INFO  2021-08-13 14:12:24,134 RoleService::? - GetData : MethodStart
INFO  2021-08-13 14:12:24,307 RoleService::? - GetData : MethodFinish
INFO  2021-08-13 14:12:24,534 RoleService::? - GetPermissionListWithModel : MethodStart
INFO  2021-08-13 14:12:24,698 RoleService::? - GetPermissionListWithModel : MethodFinish
INFO  2021-08-13 14:12:37,533 RoleService::? - SaveData : MethodStart
INFO  2021-08-13 14:12:37,872 RoleService::? - SaveData : MethodFinish
INFO  2021-08-13 14:12:37,908 RoleService::? - SaveListData : MethodStart
INFO  2021-08-13 14:12:40,825 RoleService::? - SaveListData : MethodFinish
INFO  2021-08-13 14:12:44,854 PasswordConfigService::? - GetData : MethodStart
INFO  2021-08-13 14:12:44,969 PasswordConfigService::? - GetData : MethodFinish
INFO  2021-08-13 14:14:05,138 RoleService::? - GetPermissionListWithModel : MethodStart
INFO  2021-08-13 14:14:05,284 RoleService::? - GetPermissionListWithModel : MethodFinish
INFO  2021-08-13 17:09:38,831 PasswordConfigService::? - GetData : MethodStart
INFO  2021-08-13 17:09:39,120 PasswordConfigService::? - GetData : MethodFinish
