INFO  2023-04-24 09:49:53,072 PasswordConfigService::? - GetData : MethodStart
INFO  2023-04-24 09:49:56,770 PasswordConfigService::? - GetData : MethodFinish
INFO  2023-04-24 09:49:59,859 PasswordConfigService::? - GetData : MethodStart
INFO  2023-04-24 09:50:00,019 PasswordConfigService::? - GetData : MethodFinish
INFO  2023-04-24 09:51:09,537 RoleService::? - GetPermissionListWithModel : MethodStart
INFO  2023-04-24 09:51:09,921 RoleService::? - GetPermissionListWithModel : MethodFinish
INFO  2023-04-24 09:51:50,096 MenuService::? - GetListWithModel : MethodStart
INFO  2023-04-24 09:51:50,275 MenuService::? - GetListWithModel : MethodFinish
INFO  2023-04-24 09:51:50,826 ColumnConfigService::? - GetListWithModel : MethodStart
INFO  2023-04-24 09:51:50,967 ColumnConfigService::? - GetListWithModel : MethodFinish
INFO  2023-04-24 09:51:51,026 MenuService::? - GetListWithModel : MethodStart
INFO  2023-04-24 09:51:51,133 MenuService::? - GetListWithModel : MethodFinish
INFO  2023-04-24 09:51:58,129 MenuService::? - GetListWithModel : MethodStart
INFO  2023-04-24 09:51:58,241 MenuService::? - GetListWithModel : MethodFinish
INFO  2023-04-24 09:52:30,401 MenuService::? - GetListWithModel : MethodStart
INFO  2023-04-24 09:52:30,519 MenuService::? - GetListWithModel : MethodFinish
INFO  2023-04-24 09:52:42,684 MenuService::? - GetListWithModel : MethodStart
INFO  2023-04-24 09:52:42,794 MenuService::? - GetListWithModel : MethodFinish
INFO  2023-04-24 09:52:47,888 MenuService::? - GetListWithModel : MethodStart
INFO  2023-04-24 09:52:47,995 MenuService::? - GetListWithModel : MethodFinish
INFO  2023-04-24 09:52:58,386 MenuService::? - GetListWithModel : MethodStart
INFO  2023-04-24 09:52:58,497 MenuService::? - GetListWithModel : MethodFinish
INFO  2023-04-24 09:53:41,590 MenuService::? - GetListWithModel : MethodStart
INFO  2023-04-24 09:53:41,694 MenuService::? - GetListWithModel : MethodFinish
INFO  2023-04-24 09:54:00,226 MenuService::? - GetListWithModel : MethodStart
INFO  2023-04-24 09:54:00,331 MenuService::? - GetListWithModel : MethodFinish
INFO  2023-04-24 09:55:03,885 MenuService::? - SaveData : MethodStart
INFO  2023-04-24 09:55:04,269 MenuService::? - SaveData : MethodFinish
INFO  2023-04-24 09:55:17,713 MenuService::? - GetListWithModel : MethodStart
INFO  2023-04-24 09:55:17,815 MenuService::? - GetListWithModel : MethodFinish
INFO  2023-04-24 10:02:08,347 PasswordConfigService::? - GetData : MethodStart
INFO  2023-04-24 10:02:08,600 PasswordConfigService::? - GetData : MethodFinish
INFO  2023-04-24 10:09:43,011 RoleService::? - GetPermissionListWithModel : MethodStart
INFO  2023-04-24 10:09:43,280 RoleService::? - GetPermissionListWithModel : MethodFinish
INFO  2023-04-24 10:09:47,682 MenuService::? - GetListWithModel : MethodStart
INFO  2023-04-24 10:09:47,781 MenuService::? - GetListWithModel : MethodFinish
INFO  2023-04-24 10:09:48,075 ColumnConfigService::? - GetListWithModel : MethodStart
INFO  2023-04-24 10:09:48,183 ColumnConfigService::? - GetListWithModel : MethodFinish
INFO  2023-04-24 10:09:48,278 MenuService::? - GetListWithModel : MethodStart
INFO  2023-04-24 10:09:48,389 MenuService::? - GetListWithModel : MethodFinish
INFO  2023-04-24 10:09:51,374 RoleService::? - GetListWithModel : MethodStart
INFO  2023-04-24 10:09:51,508 RoleService::? - GetListWithModel : MethodFinish
INFO  2023-04-24 10:09:53,870 RoleService::? - GetData : MethodStart
INFO  2023-04-24 10:09:53,998 RoleService::? - GetData : MethodFinish
INFO  2023-04-24 10:09:54,199 RoleService::? - GetPermissionListWithModel : MethodStart
INFO  2023-04-24 10:09:54,335 RoleService::? - GetPermissionListWithModel : MethodFinish
INFO  2023-04-24 10:10:37,807 RoleService::? - GetData : MethodStart
INFO  2023-04-24 10:10:37,910 RoleService::? - GetData : MethodFinish
INFO  2023-04-24 10:10:38,133 RoleService::? - GetPermissionListWithModel : MethodStart
INFO  2023-04-24 10:10:38,263 RoleService::? - GetPermissionListWithModel : MethodFinish
INFO  2023-04-24 10:11:27,404 RoleService::? - SaveData : MethodStart
INFO  2023-04-24 10:11:27,621 RoleService::? - SaveData : MethodFinish
INFO  2023-04-24 10:11:27,781 RoleService::? - SaveListData : MethodStart
INFO  2023-04-24 10:11:30,824 RoleService::? - SaveListData : MethodFinish
INFO  2023-04-24 10:11:38,710 PasswordConfigService::? - GetData : MethodStart
INFO  2023-04-24 10:11:38,810 PasswordConfigService::? - GetData : MethodFinish
INFO  2023-04-24 10:11:40,760 RoleService::? - GetPermissionListWithModel : MethodStart
INFO  2023-04-24 10:11:40,899 RoleService::? - GetPermissionListWithModel : MethodFinish
INFO  2023-04-24 10:33:29,678 PasswordConfigService::? - GetData : MethodStart
INFO  2023-04-24 10:33:29,919 PasswordConfigService::? - GetData : MethodFinish
INFO  2023-04-24 10:33:32,942 RoleService::? - GetPermissionListWithModel : MethodStart
INFO  2023-04-24 10:33:33,085 RoleService::? - GetPermissionListWithModel : MethodFinish
INFO  2023-04-24 20:10:47,143 PasswordConfigService::? - GetData : MethodStart
INFO  2023-04-24 20:10:49,021 PasswordConfigService::? - GetData : MethodFinish
INFO  2023-04-24 20:10:49,531 PasswordConfigService::? - GetData : MethodStart
INFO  2023-04-24 20:10:49,694 PasswordConfigService::? - GetData : MethodFinish
INFO  2023-04-24 20:11:36,972 RoleService::? - GetPermissionListWithModel : MethodStart
INFO  2023-04-24 20:11:37,195 RoleService::? - GetPermissionListWithModel : MethodFinish
