INFO  2022-02-03 15:40:53,951 PasswordConfigService::? - GetData : MethodStart
INFO  2022-02-03 15:40:56,331 PasswordConfigService::? - GetData : MethodFinish
INFO  2022-02-03 15:40:57,581 PasswordConfigService::? - GetData : MethodStart
INFO  2022-02-03 15:40:57,731 PasswordConfigService::? - GetData : MethodFinish
INFO  2022-02-03 15:41:38,484 RoleService::? - GetPermissionListWithModel : MethodStart
INFO  2022-02-03 15:41:38,758 RoleService::? - GetPermissionListWithModel : MethodFinish
INFO  2022-02-03 15:45:10,588 PasswordConfigService::? - GetData : MethodStart
INFO  2022-02-03 15:45:10,695 PasswordConfigService::? - GetData : MethodFinish
INFO  2022-02-03 16:49:30,592 PasswordConfigService::? - GetData : MethodStart
INFO  2022-02-03 16:49:32,911 PasswordConfigService::? - GetData : MethodFinish
INFO  2022-02-03 16:49:33,674 PasswordConfigService::? - GetData : MethodStart
INFO  2022-02-03 16:49:33,806 PasswordConfigService::? - GetData : MethodFinish
INFO  2022-02-03 16:51:27,696 RoleService::? - GetPermissionListWithModel : MethodStart
INFO  2022-02-03 16:51:27,973 RoleService::? - GetPermissionListWithModel : MethodFinish
INFO  2022-02-03 16:51:34,230 LogUserLoginService::? - GetListWithModel : MethodStart
INFO  2022-02-03 16:51:34,471 LogUserLoginService::? - GetListWithModel : MethodFinish
INFO  2022-02-03 16:51:34,548 ColumnConfigService::? - GetListWithModel : MethodStart
INFO  2022-02-03 16:51:34,655 ColumnConfigService::? - GetListWithModel : MethodFinish
INFO  2022-02-03 17:06:32,209 PasswordConfigService::? - GetData : MethodStart
INFO  2022-02-03 17:06:32,461 PasswordConfigService::? - GetData : MethodFinish
INFO  2022-02-03 17:14:00,518 PasswordConfigService::? - GetData : MethodStart
INFO  2022-02-03 17:14:00,750 PasswordConfigService::? - GetData : MethodFinish
INFO  2022-02-03 17:41:16,421 PasswordConfigService::? - GetData : MethodStart
INFO  2022-02-03 17:41:16,769 PasswordConfigService::? - GetData : MethodFinish
INFO  2022-02-03 17:43:37,555 PasswordConfigService::? - GetData : MethodStart
INFO  2022-02-03 17:43:37,658 PasswordConfigService::? - GetData : MethodFinish
INFO  2022-02-03 17:45:08,858 PasswordConfigService::? - GetData : MethodStart
INFO  2022-02-03 17:45:08,956 PasswordConfigService::? - GetData : MethodFinish
INFO  2022-02-03 17:46:50,099 RoleService::? - GetPermissionListWithModel : MethodStart
INFO  2022-02-03 17:46:50,233 RoleService::? - GetPermissionListWithModel : MethodFinish
INFO  2022-02-03 17:47:11,259 PasswordConfigService::? - GetData : MethodStart
INFO  2022-02-03 17:47:11,358 PasswordConfigService::? - GetData : MethodFinish
INFO  2022-02-03 17:47:30,783 PasswordConfigService::? - GetData : MethodStart
INFO  2022-02-03 17:47:30,878 PasswordConfigService::? - GetData : MethodFinish
INFO  2022-02-03 17:47:40,385 PasswordConfigService::? - GetData : MethodStart
INFO  2022-02-03 17:47:40,487 PasswordConfigService::? - GetData : MethodFinish
INFO  2022-02-03 17:49:45,084 PasswordConfigService::? - GetData : MethodStart
INFO  2022-02-03 17:49:45,189 PasswordConfigService::? - GetData : MethodFinish
INFO  2022-02-03 17:50:35,378 PasswordConfigService::? - GetData : MethodStart
INFO  2022-02-03 17:50:35,476 PasswordConfigService::? - GetData : MethodFinish
INFO  2022-02-03 17:50:50,038 RoleService::? - GetPermissionListWithModel : MethodStart
INFO  2022-02-03 17:50:50,195 RoleService::? - GetPermissionListWithModel : MethodFinish
INFO  2022-02-03 17:51:08,579 PasswordConfigService::? - GetData : MethodStart
INFO  2022-02-03 17:51:08,675 PasswordConfigService::? - GetData : MethodFinish
INFO  2022-02-03 18:07:37,220 RoleService::? - GetPermissionListWithModel : MethodStart
INFO  2022-02-03 18:07:37,536 RoleService::? - GetPermissionListWithModel : MethodFinish
INFO  2022-02-03 18:38:14,112 PasswordConfigService::? - GetData : MethodStart
INFO  2022-02-03 18:38:15,363 PasswordConfigService::? - GetData : MethodFinish
INFO  2022-02-03 18:38:15,810 PasswordConfigService::? - GetData : MethodStart
INFO  2022-02-03 18:38:15,936 PasswordConfigService::? - GetData : MethodFinish
INFO  2022-02-03 18:39:14,509 PasswordConfigService::? - GetData : MethodStart
INFO  2022-02-03 18:39:15,814 PasswordConfigService::? - GetData : MethodFinish
INFO  2022-02-03 18:39:16,332 PasswordConfigService::? - GetData : MethodStart
INFO  2022-02-03 18:39:16,455 PasswordConfigService::? - GetData : MethodFinish
INFO  2022-02-03 18:39:27,903 RoleService::? - GetPermissionListWithModel : MethodStart
INFO  2022-02-03 18:39:28,114 RoleService::? - GetPermissionListWithModel : MethodFinish
