INFO  2021-08-09 14:07:05,093 LabFileUploadService::? - GetLabFileUploadListWithModel : MethodStart
INFO  2021-08-09 14:07:06,413 LabFileUploadService::? - GetLabFileUploadListWithModel : MethodFinish
INFO  2021-08-09 14:07:11,211 LabFileUploadService::? - GetLabFileUploadDataById : MethodStart
INFO  2021-08-09 14:07:11,302 LabFileUploadService::? - GetLabFileUploadDataById : MethodFinish
INFO  2021-08-09 14:07:11,326 LabFileUploadService::? - GetLabFileSummaryHeaderBylfuId : MethodStart
INFO  2021-08-09 14:07:11,390 LabFileUploadService::? - GetLabFileSummaryHeaderBylfuId : MethodFinish
INFO  2021-08-09 14:07:11,415 LabFileUploadService::? - GetLabFileErrorHeaderListBylfuId : MethodStart
INFO  2021-08-09 14:07:11,426 LabFileUploadService::? - GetLabFileErrorHeaderListBylfuId : MethodFinish
INFO  2021-08-09 14:07:11,447 LabFileUploadService::? - GetLabFileErrorDetailListBylfuId : MethodStart
INFO  2021-08-09 14:07:11,722 LabFileUploadService::? - GetLabFileErrorDetailListBylfuId : MethodFinish
INFO  2021-08-09 14:07:11,749 LabFileUploadService::? - GetLabFileLabAlertSummaryBylfuId : MethodStart
INFO  2021-08-09 14:07:11,760 LabFileUploadService::? - GetLabFileLabAlertSummaryBylfuId : MethodFinish
INFO  2021-08-09 14:07:11,783 LabFileUploadService::? - GetLabFileSummaryDetailBylfuId : MethodStart
INFO  2021-08-09 14:07:11,801 LabFileUploadService::? - GetLabFileSummaryDetailBylfuId : MethodFinish
INFO  2021-08-09 14:07:11,826 LabFileUploadService::? - GetLabFileSummaryDetailBylfuId : MethodStart
INFO  2021-08-09 14:07:11,831 LabFileUploadService::? - GetLabFileSummaryDetailBylfuId : MethodFinish
INFO  2021-08-09 14:07:11,847 LabFileUploadService::? - GetLabFileSummaryDetailBylfuId : MethodStart
INFO  2021-08-09 14:07:11,853 LabFileUploadService::? - GetLabFileSummaryDetailBylfuId : MethodFinish
INFO  2021-08-09 14:07:11,869 LabFileUploadService::? - GetLabFileSummaryDetailBylfuId : MethodStart
INFO  2021-08-09 14:07:11,875 LabFileUploadService::? - GetLabFileSummaryDetailBylfuId : MethodFinish
INFO  2021-08-09 14:07:11,890 LabFileUploadService::? - GetLabFileSummaryDetailBylfuId : MethodStart
INFO  2021-08-09 14:07:11,894 LabFileUploadService::? - GetLabFileSummaryDetailBylfuId : MethodFinish
INFO  2021-08-09 14:07:11,908 LabFileUploadService::? - GetLabFileSummaryDetailBylfuId : MethodStart
INFO  2021-08-09 14:07:11,912 LabFileUploadService::? - GetLabFileSummaryDetailBylfuId : MethodFinish
INFO  2021-08-09 14:07:11,925 LabFileUploadService::? - GetLabFileSummaryDetailBylfuId : MethodStart
INFO  2021-08-09 14:07:11,929 LabFileUploadService::? - GetLabFileSummaryDetailBylfuId : MethodFinish
INFO  2021-08-09 14:07:11,943 LabFileUploadService::? - GetLabFileSummaryDetailBylfuId : MethodStart
INFO  2021-08-09 14:07:11,949 LabFileUploadService::? - GetLabFileSummaryDetailBylfuId : MethodFinish
INFO  2021-08-09 14:07:11,969 LabFileUploadService::? - GetLabFileSummaryDetailBylfuId : MethodStart
INFO  2021-08-09 14:07:11,974 LabFileUploadService::? - GetLabFileSummaryDetailBylfuId : MethodFinish
INFO  2021-08-09 14:07:12,001 LabFileUploadService::? - GetLabFileSummaryDetailBylfuId : MethodStart
INFO  2021-08-09 14:07:12,006 LabFileUploadService::? - GetLabFileSummaryDetailBylfuId : MethodFinish
INFO  2021-08-09 14:07:12,026 LabFileUploadService::? - GetLabFileSummaryDetailBylfuId : MethodStart
INFO  2021-08-09 14:07:12,030 LabFileUploadService::? - GetLabFileSummaryDetailBylfuId : MethodFinish
INFO  2021-08-09 14:07:12,046 LabFileUploadService::? - GetLabFileSummaryDetailBylfuId : MethodStart
INFO  2021-08-09 14:07:12,052 LabFileUploadService::? - GetLabFileSummaryDetailBylfuId : MethodFinish
INFO  2021-08-09 14:07:12,068 LabFileUploadService::? - GetLabFileSummaryDetailBylfuId : MethodStart
INFO  2021-08-09 14:07:12,073 LabFileUploadService::? - GetLabFileSummaryDetailBylfuId : MethodFinish
INFO  2021-08-09 14:07:12,089 LabFileUploadService::? - GetLabFileSummaryDetailBylfuId : MethodStart
INFO  2021-08-09 14:07:12,094 LabFileUploadService::? - GetLabFileSummaryDetailBylfuId : MethodFinish
INFO  2021-08-09 14:07:12,108 LabFileUploadService::? - GetLabFileSummaryDetailBylfuId : MethodStart
INFO  2021-08-09 14:07:12,112 LabFileUploadService::? - GetLabFileSummaryDetailBylfuId : MethodFinish
INFO  2021-08-09 14:07:12,126 LabFileUploadService::? - GetLabFileSummaryDetailBylfuId : MethodStart
INFO  2021-08-09 14:07:12,131 LabFileUploadService::? - GetLabFileSummaryDetailBylfuId : MethodFinish
INFO  2021-08-09 14:07:12,145 LabFileUploadService::? - GetLabFileSummaryDetailBylfuId : MethodStart
INFO  2021-08-09 14:07:12,149 LabFileUploadService::? - GetLabFileSummaryDetailBylfuId : MethodFinish
INFO  2021-08-09 14:07:12,163 LabFileUploadService::? - GetLabFileSummaryDetailBylfuId : MethodStart
INFO  2021-08-09 14:07:12,168 LabFileUploadService::? - GetLabFileSummaryDetailBylfuId : MethodFinish
INFO  2021-08-09 14:07:12,181 LabFileUploadService::? - GetLabFileSummaryDetailBylfuId : MethodStart
INFO  2021-08-09 14:07:12,185 LabFileUploadService::? - GetLabFileSummaryDetailBylfuId : MethodFinish
INFO  2021-08-09 14:07:12,199 LabFileUploadService::? - GetLabFileSummaryDetailBylfuId : MethodStart
INFO  2021-08-09 14:07:12,202 LabFileUploadService::? - GetLabFileSummaryDetailBylfuId : MethodFinish
INFO  2021-08-09 14:07:12,215 LabFileUploadService::? - GetLabFileSummaryDetailBylfuId : MethodStart
INFO  2021-08-09 14:07:12,219 LabFileUploadService::? - GetLabFileSummaryDetailBylfuId : MethodFinish
INFO  2021-08-09 14:07:12,232 LabFileUploadService::? - GetLabFileSummaryDetailBylfuId : MethodStart
INFO  2021-08-09 14:07:12,236 LabFileUploadService::? - GetLabFileSummaryDetailBylfuId : MethodFinish
INFO  2021-08-09 14:07:12,249 LabFileUploadService::? - GetLabFileSummaryDetailBylfuId : MethodStart
INFO  2021-08-09 14:07:12,253 LabFileUploadService::? - GetLabFileSummaryDetailBylfuId : MethodFinish
INFO  2021-08-09 14:07:12,267 LabFileUploadService::? - GetLabFileSummaryDetailBylfuId : MethodStart
INFO  2021-08-09 14:07:12,271 LabFileUploadService::? - GetLabFileSummaryDetailBylfuId : MethodFinish
INFO  2021-08-09 14:07:12,284 LabFileUploadService::? - GetLabFileSummaryDetailBylfuId : MethodStart
INFO  2021-08-09 14:07:12,288 LabFileUploadService::? - GetLabFileSummaryDetailBylfuId : MethodFinish
INFO  2021-08-09 14:07:12,302 LabFileUploadService::? - GetLabFileSummaryDetailBylfuId : MethodStart
INFO  2021-08-09 14:07:12,307 LabFileUploadService::? - GetLabFileSummaryDetailBylfuId : MethodFinish
INFO  2021-08-09 14:07:12,323 LabFileUploadService::? - GetLabFileSummaryDetailBylfuId : MethodStart
INFO  2021-08-09 14:07:12,328 LabFileUploadService::? - GetLabFileSummaryDetailBylfuId : MethodFinish
INFO  2021-08-09 14:07:12,345 LabFileUploadService::? - GetLabFileSummaryDetailBylfuId : MethodStart
INFO  2021-08-09 14:07:12,350 LabFileUploadService::? - GetLabFileSummaryDetailBylfuId : MethodFinish
INFO  2021-08-09 14:07:12,365 LabFileUploadService::? - GetLabFileSummaryDetailBylfuId : MethodStart
INFO  2021-08-09 14:07:12,369 LabFileUploadService::? - GetLabFileSummaryDetailBylfuId : MethodFinish
INFO  2021-08-09 14:07:12,383 LabFileUploadService::? - GetLabFileSummaryDetailBylfuId : MethodStart
INFO  2021-08-09 14:07:12,387 LabFileUploadService::? - GetLabFileSummaryDetailBylfuId : MethodFinish
INFO  2021-08-09 14:07:12,403 LabFileUploadService::? - GetLabFileSummaryDetailBylfuId : MethodStart
INFO  2021-08-09 14:07:12,407 LabFileUploadService::? - GetLabFileSummaryDetailBylfuId : MethodFinish
INFO  2021-08-09 14:07:12,425 LabFileUploadService::? - GetLabFileSummaryDetailBylfuId : MethodStart
INFO  2021-08-09 14:07:12,430 LabFileUploadService::? - GetLabFileSummaryDetailBylfuId : MethodFinish
INFO  2021-08-09 14:07:12,446 LabFileUploadService::? - GetLabFileSummaryDetailBylfuId : MethodStart
INFO  2021-08-09 14:07:12,450 LabFileUploadService::? - GetLabFileSummaryDetailBylfuId : MethodFinish
INFO  2021-08-09 14:07:12,466 LabFileUploadService::? - GetLabFileSummaryDetailBylfuId : MethodStart
INFO  2021-08-09 14:07:12,471 LabFileUploadService::? - GetLabFileSummaryDetailBylfuId : MethodFinish
INFO  2021-08-09 14:07:12,487 LabFileUploadService::? - GetLabFileSummaryDetailBylfuId : MethodStart
INFO  2021-08-09 14:07:12,491 LabFileUploadService::? - GetLabFileSummaryDetailBylfuId : MethodFinish
INFO  2021-08-09 14:07:12,504 LabFileUploadService::? - GetLabFileSummaryDetailBylfuId : MethodStart
INFO  2021-08-09 14:07:12,508 LabFileUploadService::? - GetLabFileSummaryDetailBylfuId : MethodFinish
INFO  2021-08-09 14:07:12,522 LabFileUploadService::? - GetLabFileSummaryDetailBylfuId : MethodStart
INFO  2021-08-09 14:07:12,526 LabFileUploadService::? - GetLabFileSummaryDetailBylfuId : MethodFinish
INFO  2021-08-09 14:07:12,539 LabFileUploadService::? - GetLabFileSummaryDetailBylfuId : MethodStart
INFO  2021-08-09 14:07:12,543 LabFileUploadService::? - GetLabFileSummaryDetailBylfuId : MethodFinish
INFO  2021-08-09 14:07:12,558 LabFileUploadService::? - GetLabFileSummaryDetailBylfuId : MethodStart
INFO  2021-08-09 14:07:12,562 LabFileUploadService::? - GetLabFileSummaryDetailBylfuId : MethodFinish
INFO  2021-08-09 14:07:12,579 LabFileUploadService::? - GetLabFileSummaryDetailBylfuId : MethodStart
INFO  2021-08-09 14:07:12,585 LabFileUploadService::? - GetLabFileSummaryDetailBylfuId : MethodFinish
INFO  2021-08-09 14:07:12,605 LabFileUploadService::? - GetLabFileSummaryDetailBylfuId : MethodStart
INFO  2021-08-09 14:07:12,610 LabFileUploadService::? - GetLabFileSummaryDetailBylfuId : MethodFinish
INFO  2021-08-09 14:07:12,628 LabFileUploadService::? - GetLabFileSummaryDetailBylfuId : MethodStart
INFO  2021-08-09 14:07:12,634 LabFileUploadService::? - GetLabFileSummaryDetailBylfuId : MethodFinish
INFO  2021-08-09 14:07:12,651 LabFileUploadService::? - GetLabFileSummaryDetailBylfuId : MethodStart
INFO  2021-08-09 14:07:12,655 LabFileUploadService::? - GetLabFileSummaryDetailBylfuId : MethodFinish
INFO  2021-08-09 14:07:12,670 LabFileUploadService::? - GetLabFileSummaryDetailBylfuId : MethodStart
INFO  2021-08-09 14:07:12,675 LabFileUploadService::? - GetLabFileSummaryDetailBylfuId : MethodFinish
INFO  2021-08-09 14:07:12,690 LabFileUploadService::? - GetLabFileSummaryDetailBylfuId : MethodStart
INFO  2021-08-09 14:07:12,694 LabFileUploadService::? - GetLabFileSummaryDetailBylfuId : MethodFinish
INFO  2021-08-09 14:07:12,709 LabFileUploadService::? - GetLabFileSummaryDetailBylfuId : MethodStart
INFO  2021-08-09 14:07:12,713 LabFileUploadService::? - GetLabFileSummaryDetailBylfuId : MethodFinish
INFO  2021-08-09 14:07:12,728 LabFileUploadService::? - GetLabFileSummaryDetailBylfuId : MethodStart
INFO  2021-08-09 14:07:12,732 LabFileUploadService::? - GetLabFileSummaryDetailBylfuId : MethodFinish
INFO  2021-08-09 14:07:12,746 LabFileUploadService::? - GetLabFileSummaryDetailBylfuId : MethodStart
INFO  2021-08-09 14:07:12,750 LabFileUploadService::? - GetLabFileSummaryDetailBylfuId : MethodFinish
INFO  2021-08-09 14:07:12,764 LabFileUploadService::? - GetLabFileSummaryDetailBylfuId : MethodStart
INFO  2021-08-09 14:07:12,768 LabFileUploadService::? - GetLabFileSummaryDetailBylfuId : MethodFinish
INFO  2021-08-09 14:07:12,781 LabFileUploadService::? - GetLabFileSummaryDetailBylfuId : MethodStart
INFO  2021-08-09 14:07:12,787 LabFileUploadService::? - GetLabFileSummaryDetailBylfuId : MethodFinish
INFO  2021-08-09 14:07:12,801 LabFileUploadService::? - GetLabFileSummaryDetailBylfuId : MethodStart
INFO  2021-08-09 14:07:12,806 LabFileUploadService::? - GetLabFileSummaryDetailBylfuId : MethodFinish
INFO  2021-08-09 14:07:12,821 LabFileUploadService::? - GetLabFileSummaryDetailBylfuId : MethodStart
INFO  2021-08-09 14:07:12,828 LabFileUploadService::? - GetLabFileSummaryDetailBylfuId : MethodFinish
INFO  2021-08-09 14:07:12,846 LabFileUploadService::? - GetLabFileSummaryDetailBylfuId : MethodStart
INFO  2021-08-09 14:07:12,851 LabFileUploadService::? - GetLabFileSummaryDetailBylfuId : MethodFinish
INFO  2021-08-09 14:07:12,868 LabFileUploadService::? - GetLabFileSummaryDetailBylfuId : MethodStart
INFO  2021-08-09 14:07:12,872 LabFileUploadService::? - GetLabFileSummaryDetailBylfuId : MethodFinish
INFO  2021-08-09 14:07:12,885 LabFileUploadService::? - GetLabFileSummaryDetailBylfuId : MethodStart
INFO  2021-08-09 14:07:12,890 LabFileUploadService::? - GetLabFileSummaryDetailBylfuId : MethodFinish
INFO  2021-08-09 14:07:12,903 LabFileUploadService::? - GetLabFileSummaryDetailBylfuId : MethodStart
INFO  2021-08-09 14:07:12,907 LabFileUploadService::? - GetLabFileSummaryDetailBylfuId : MethodFinish
INFO  2021-08-09 14:07:12,921 LabFileUploadService::? - GetLabFileSummaryDetailBylfuId : MethodStart
INFO  2021-08-09 14:07:12,925 LabFileUploadService::? - GetLabFileSummaryDetailBylfuId : MethodFinish
INFO  2021-08-09 14:07:12,938 LabFileUploadService::? - GetLabFileSummaryDetailBylfuId : MethodStart
INFO  2021-08-09 14:07:12,942 LabFileUploadService::? - GetLabFileSummaryDetailBylfuId : MethodFinish
INFO  2021-08-09 14:07:12,955 LabFileUploadService::? - GetLabFileSummaryDetailBylfuId : MethodStart
INFO  2021-08-09 14:07:12,959 LabFileUploadService::? - GetLabFileSummaryDetailBylfuId : MethodFinish
INFO  2021-08-09 14:07:12,973 LabFileUploadService::? - GetLabFileSummaryDetailBylfuId : MethodStart
INFO  2021-08-09 14:07:12,977 LabFileUploadService::? - GetLabFileSummaryDetailBylfuId : MethodFinish
INFO  2021-08-09 14:07:12,990 LabFileUploadService::? - GetLabFileSummaryDetailBylfuId : MethodStart
INFO  2021-08-09 14:07:12,995 LabFileUploadService::? - GetLabFileSummaryDetailBylfuId : MethodFinish
INFO  2021-08-09 14:07:13,013 LabFileUploadService::? - GetLabFileSummaryDetailBylfuId : MethodStart
INFO  2021-08-09 14:07:13,017 LabFileUploadService::? - GetLabFileSummaryDetailBylfuId : MethodFinish
INFO  2021-08-09 14:07:13,032 LabFileUploadService::? - GetLabFileSummaryDetailBylfuId : MethodStart
INFO  2021-08-09 14:07:13,036 LabFileUploadService::? - GetLabFileSummaryDetailBylfuId : MethodFinish
INFO  2021-08-09 14:07:13,052 LabFileUploadService::? - GetLabFileSummaryDetailBylfuId : MethodStart
INFO  2021-08-09 14:07:13,057 LabFileUploadService::? - GetLabFileSummaryDetailBylfuId : MethodFinish
INFO  2021-08-09 14:07:13,071 LabFileUploadService::? - GetLabFileSummaryDetailBylfuId : MethodStart
INFO  2021-08-09 14:07:13,077 LabFileUploadService::? - GetLabFileSummaryDetailBylfuId : MethodFinish
INFO  2021-08-09 14:07:13,092 LabFileUploadService::? - GetLabFileSummaryDetailBylfuId : MethodStart
INFO  2021-08-09 14:07:13,096 LabFileUploadService::? - GetLabFileSummaryDetailBylfuId : MethodFinish
INFO  2021-08-09 14:07:13,111 LabFileUploadService::? - GetLabFileSummaryDetailBylfuId : MethodStart
INFO  2021-08-09 14:07:13,115 LabFileUploadService::? - GetLabFileSummaryDetailBylfuId : MethodFinish
INFO  2021-08-09 14:07:13,129 LabFileUploadService::? - GetLabFileSummaryDetailBylfuId : MethodStart
INFO  2021-08-09 14:07:13,133 LabFileUploadService::? - GetLabFileSummaryDetailBylfuId : MethodFinish
INFO  2021-08-09 14:07:13,146 LabFileUploadService::? - GetLabFileSummaryDetailBylfuId : MethodStart
INFO  2021-08-09 14:07:13,149 LabFileUploadService::? - GetLabFileSummaryDetailBylfuId : MethodFinish
INFO  2021-08-09 14:07:13,162 LabFileUploadService::? - GetLabFileSummaryDetailBylfuId : MethodStart
INFO  2021-08-09 14:07:13,166 LabFileUploadService::? - GetLabFileSummaryDetailBylfuId : MethodFinish
INFO  2021-08-09 14:07:13,181 LabFileUploadService::? - GetLabFileSummaryDetailBylfuId : MethodStart
INFO  2021-08-09 14:07:13,185 LabFileUploadService::? - GetLabFileSummaryDetailBylfuId : MethodFinish
INFO  2021-08-09 14:07:13,201 LabFileUploadService::? - GetLabFileSummaryDetailBylfuId : MethodStart
INFO  2021-08-09 14:07:13,206 LabFileUploadService::? - GetLabFileSummaryDetailBylfuId : MethodFinish
INFO  2021-08-09 14:07:13,220 LabFileUploadService::? - GetLabFileSummaryDetailBylfuId : MethodStart
INFO  2021-08-09 14:07:13,224 LabFileUploadService::? - GetLabFileSummaryDetailBylfuId : MethodFinish
INFO  2021-08-09 14:07:13,238 LabFileUploadService::? - GetLabFileSummaryDetailBylfuId : MethodStart
INFO  2021-08-09 14:07:13,244 LabFileUploadService::? - GetLabFileSummaryDetailBylfuId : MethodFinish
INFO  2021-08-09 14:07:13,258 LabFileUploadService::? - GetLabFileSummaryDetailBylfuId : MethodStart
INFO  2021-08-09 14:07:13,262 LabFileUploadService::? - GetLabFileSummaryDetailBylfuId : MethodFinish
INFO  2021-08-09 14:07:13,278 LabFileUploadService::? - GetLabFileSummaryDetailBylfuId : MethodStart
INFO  2021-08-09 14:07:13,282 LabFileUploadService::? - GetLabFileSummaryDetailBylfuId : MethodFinish
INFO  2021-08-09 14:07:13,296 LabFileUploadService::? - GetLabFileSummaryDetailBylfuId : MethodStart
INFO  2021-08-09 14:07:13,300 LabFileUploadService::? - GetLabFileSummaryDetailBylfuId : MethodFinish
INFO  2021-08-09 14:07:13,316 LabFileUploadService::? - GetLabFileSummaryDetailBylfuId : MethodStart
INFO  2021-08-09 14:07:13,320 LabFileUploadService::? - GetLabFileSummaryDetailBylfuId : MethodFinish
INFO  2021-08-09 14:07:13,333 LabFileUploadService::? - GetLabFileSummaryDetailBylfuId : MethodStart
INFO  2021-08-09 14:07:13,337 LabFileUploadService::? - GetLabFileSummaryDetailBylfuId : MethodFinish
INFO  2021-08-09 14:07:13,350 LabFileUploadService::? - GetLabFileSummaryDetailBylfuId : MethodStart
INFO  2021-08-09 14:07:13,353 LabFileUploadService::? - GetLabFileSummaryDetailBylfuId : MethodFinish
INFO  2021-08-09 14:07:13,367 LabFileUploadService::? - GetLabFileSummaryDetailBylfuId : MethodStart
INFO  2021-08-09 14:07:13,370 LabFileUploadService::? - GetLabFileSummaryDetailBylfuId : MethodFinish
INFO  2021-08-09 14:07:13,383 LabFileUploadService::? - GetLabFileSummaryDetailBylfuId : MethodStart
INFO  2021-08-09 14:07:13,387 LabFileUploadService::? - GetLabFileSummaryDetailBylfuId : MethodFinish
INFO  2021-08-09 14:07:13,400 LabFileUploadService::? - GetLabFileSummaryDetailBylfuId : MethodStart
INFO  2021-08-09 14:07:13,404 LabFileUploadService::? - GetLabFileSummaryDetailBylfuId : MethodFinish
INFO  2021-08-09 14:07:13,417 LabFileUploadService::? - GetLabFileSummaryDetailBylfuId : MethodStart
INFO  2021-08-09 14:07:13,421 LabFileUploadService::? - GetLabFileSummaryDetailBylfuId : MethodFinish
INFO  2021-08-09 14:07:13,435 LabFileUploadService::? - GetLabFileSummaryDetailBylfuId : MethodStart
INFO  2021-08-09 14:07:13,438 LabFileUploadService::? - GetLabFileSummaryDetailBylfuId : MethodFinish
INFO  2021-08-09 14:07:13,452 LabFileUploadService::? - GetLabFileSummaryDetailBylfuId : MethodStart
INFO  2021-08-09 14:07:13,455 LabFileUploadService::? - GetLabFileSummaryDetailBylfuId : MethodFinish
INFO  2021-08-09 14:07:13,470 LabFileUploadService::? - GetLabFileSummaryDetailBylfuId : MethodStart
INFO  2021-08-09 14:07:13,475 LabFileUploadService::? - GetLabFileSummaryDetailBylfuId : MethodFinish
INFO  2021-08-09 14:07:13,488 LabFileUploadService::? - GetLabFileSummaryDetailBylfuId : MethodStart
INFO  2021-08-09 14:07:13,493 LabFileUploadService::? - GetLabFileSummaryDetailBylfuId : MethodFinish
INFO  2021-08-09 14:07:13,507 LabFileUploadService::? - GetLabFileSummaryDetailBylfuId : MethodStart
INFO  2021-08-09 14:07:13,512 LabFileUploadService::? - GetLabFileSummaryDetailBylfuId : MethodFinish
INFO  2021-08-09 14:07:13,528 LabFileUploadService::? - GetLabFileSummaryDetailBylfuId : MethodStart
INFO  2021-08-09 14:07:13,533 LabFileUploadService::? - GetLabFileSummaryDetailBylfuId : MethodFinish
INFO  2021-08-09 14:07:13,545 LabFileUploadService::? - GetLabFileSummaryDetailBylfuId : MethodStart
INFO  2021-08-09 14:07:13,549 LabFileUploadService::? - GetLabFileSummaryDetailBylfuId : MethodFinish
INFO  2021-08-09 14:07:13,562 LabFileUploadService::? - GetLabFileSummaryDetailBylfuId : MethodStart
INFO  2021-08-09 14:07:13,566 LabFileUploadService::? - GetLabFileSummaryDetailBylfuId : MethodFinish
INFO  2021-08-09 14:07:13,579 LabFileUploadService::? - GetLabFileSummaryDetailBylfuId : MethodStart
INFO  2021-08-09 14:07:13,583 LabFileUploadService::? - GetLabFileSummaryDetailBylfuId : MethodFinish
INFO  2021-08-09 14:07:13,598 LabFileUploadService::? - GetLabFileSummaryDetailBylfuId : MethodStart
INFO  2021-08-09 14:07:13,601 LabFileUploadService::? - GetLabFileSummaryDetailBylfuId : MethodFinish
INFO  2021-08-09 14:07:13,615 LabFileUploadService::? - GetLabFileSummaryDetailBylfuId : MethodStart
INFO  2021-08-09 14:07:13,619 LabFileUploadService::? - GetLabFileSummaryDetailBylfuId : MethodFinish
INFO  2021-08-09 14:07:13,633 LabFileUploadService::? - GetLabFileSummaryDetailBylfuId : MethodStart
INFO  2021-08-09 14:07:13,637 LabFileUploadService::? - GetLabFileSummaryDetailBylfuId : MethodFinish
INFO  2021-08-09 14:07:13,651 LabFileUploadService::? - GetLabFileSummaryDetailBylfuId : MethodStart
INFO  2021-08-09 14:07:13,655 LabFileUploadService::? - GetLabFileSummaryDetailBylfuId : MethodFinish
INFO  2021-08-09 14:07:13,669 LabFileUploadService::? - GetLabFileSummaryDetailBylfuId : MethodStart
INFO  2021-08-09 14:07:13,673 LabFileUploadService::? - GetLabFileSummaryDetailBylfuId : MethodFinish
INFO  2021-08-09 14:07:13,687 LabFileUploadService::? - GetLabFileSummaryDetailBylfuId : MethodStart
INFO  2021-08-09 14:07:13,692 LabFileUploadService::? - GetLabFileSummaryDetailBylfuId : MethodFinish
INFO  2021-08-09 14:07:13,707 LabFileUploadService::? - GetLabFileSummaryDetailBylfuId : MethodStart
INFO  2021-08-09 14:07:13,711 LabFileUploadService::? - GetLabFileSummaryDetailBylfuId : MethodFinish
INFO  2021-08-09 14:07:13,726 LabFileUploadService::? - GetLabFileSummaryDetailBylfuId : MethodStart
INFO  2021-08-09 14:07:13,731 LabFileUploadService::? - GetLabFileSummaryDetailBylfuId : MethodFinish
INFO  2021-08-09 14:07:13,749 LabFileUploadService::? - GetLabFileSummaryDetailBylfuId : MethodStart
INFO  2021-08-09 14:07:13,752 LabFileUploadService::? - GetLabFileSummaryDetailBylfuId : MethodFinish
INFO  2021-08-09 14:07:13,765 LabFileUploadService::? - GetLabFileSummaryDetailBylfuId : MethodStart
INFO  2021-08-09 14:07:13,769 LabFileUploadService::? - GetLabFileSummaryDetailBylfuId : MethodFinish
INFO  2021-08-09 14:07:13,782 LabFileUploadService::? - GetLabFileSummaryDetailBylfuId : MethodStart
INFO  2021-08-09 14:07:13,786 LabFileUploadService::? - GetLabFileSummaryDetailBylfuId : MethodFinish
INFO  2021-08-09 14:07:13,799 LabFileUploadService::? - GetLabFileSummaryDetailBylfuId : MethodStart
INFO  2021-08-09 14:07:13,803 LabFileUploadService::? - GetLabFileSummaryDetailBylfuId : MethodFinish
INFO  2021-08-09 14:07:13,815 LabFileUploadService::? - GetLabFileSummaryDetailBylfuId : MethodStart
INFO  2021-08-09 14:07:13,819 LabFileUploadService::? - GetLabFileSummaryDetailBylfuId : MethodFinish
INFO  2021-08-09 14:07:13,833 LabFileUploadService::? - GetLabFileSummaryDetailBylfuId : MethodStart
INFO  2021-08-09 14:07:13,837 LabFileUploadService::? - GetLabFileSummaryDetailBylfuId : MethodFinish
INFO  2021-08-09 14:07:13,852 LabFileUploadService::? - GetLabFileSummaryDetailBylfuId : MethodStart
INFO  2021-08-09 14:07:13,857 LabFileUploadService::? - GetLabFileSummaryDetailBylfuId : MethodFinish
INFO  2021-08-09 14:07:13,872 LabFileUploadService::? - GetLabFileSummaryDetailBylfuId : MethodStart
INFO  2021-08-09 14:07:13,877 LabFileUploadService::? - GetLabFileSummaryDetailBylfuId : MethodFinish
INFO  2021-08-09 14:07:13,892 LabFileUploadService::? - GetLabFileSummaryDetailBylfuId : MethodStart
INFO  2021-08-09 14:07:13,897 LabFileUploadService::? - GetLabFileSummaryDetailBylfuId : MethodFinish
INFO  2021-08-09 14:07:13,910 LabFileUploadService::? - GetLabFileSummaryDetailBylfuId : MethodStart
INFO  2021-08-09 14:07:13,916 LabFileUploadService::? - GetLabFileSummaryDetailBylfuId : MethodFinish
INFO  2021-08-09 14:07:13,935 LabFileUploadService::? - GetLabFileSummaryDetailBylfuId : MethodStart
INFO  2021-08-09 14:07:13,939 LabFileUploadService::? - GetLabFileSummaryDetailBylfuId : MethodFinish
INFO  2021-08-09 14:07:13,955 LabFileUploadService::? - GetLabFileSummaryDetailBylfuId : MethodStart
INFO  2021-08-09 14:07:13,960 LabFileUploadService::? - GetLabFileSummaryDetailBylfuId : MethodFinish
INFO  2021-08-09 14:07:13,979 LabFileUploadService::? - GetLabFileSummaryDetailBylfuId : MethodStart
INFO  2021-08-09 14:07:13,983 LabFileUploadService::? - GetLabFileSummaryDetailBylfuId : MethodFinish
INFO  2021-08-09 14:07:14,000 LabFileUploadService::? - GetLabFileSummaryDetailBylfuId : MethodStart
INFO  2021-08-09 14:07:14,005 LabFileUploadService::? - GetLabFileSummaryDetailBylfuId : MethodFinish
INFO  2021-08-09 14:07:14,022 LabFileUploadService::? - GetLabFileSummaryDetailBylfuId : MethodStart
INFO  2021-08-09 14:07:14,026 LabFileUploadService::? - GetLabFileSummaryDetailBylfuId : MethodFinish
INFO  2021-08-09 14:07:14,041 LabFileUploadService::? - GetLabFileSummaryDetailBylfuId : MethodStart
INFO  2021-08-09 14:07:14,046 LabFileUploadService::? - GetLabFileSummaryDetailBylfuId : MethodFinish
INFO  2021-08-09 14:07:14,061 LabFileUploadService::? - GetLabFileSummaryDetailBylfuId : MethodStart
INFO  2021-08-09 14:07:14,064 LabFileUploadService::? - GetLabFileSummaryDetailBylfuId : MethodFinish
INFO  2021-08-09 14:07:14,078 LabFileUploadService::? - GetLabFileSummaryDetailBylfuId : MethodStart
INFO  2021-08-09 14:07:14,082 LabFileUploadService::? - GetLabFileSummaryDetailBylfuId : MethodFinish
INFO  2021-08-09 14:07:14,097 LabFileUploadService::? - GetLabFileSummaryDetailBylfuId : MethodStart
INFO  2021-08-09 14:07:14,101 LabFileUploadService::? - GetLabFileSummaryDetailBylfuId : MethodFinish
INFO  2021-08-09 14:07:14,116 LabFileUploadService::? - GetLabFileSummaryDetailBylfuId : MethodStart
INFO  2021-08-09 14:07:14,120 LabFileUploadService::? - GetLabFileSummaryDetailBylfuId : MethodFinish
INFO  2021-08-09 14:07:14,133 LabFileUploadService::? - GetLabFileSummaryDetailBylfuId : MethodStart
INFO  2021-08-09 14:07:14,137 LabFileUploadService::? - GetLabFileSummaryDetailBylfuId : MethodFinish
INFO  2021-08-09 14:07:14,150 LabFileUploadService::? - GetLabFileSummaryDetailBylfuId : MethodStart
INFO  2021-08-09 14:07:14,154 LabFileUploadService::? - GetLabFileSummaryDetailBylfuId : MethodFinish
INFO  2021-08-09 14:07:14,166 LabFileUploadService::? - GetLabFileSummaryDetailBylfuId : MethodStart
INFO  2021-08-09 14:07:14,169 LabFileUploadService::? - GetLabFileSummaryDetailBylfuId : MethodFinish
INFO  2021-08-09 14:07:14,183 LabFileUploadService::? - GetLabFileSummaryDetailBylfuId : MethodStart
INFO  2021-08-09 14:07:14,186 LabFileUploadService::? - GetLabFileSummaryDetailBylfuId : MethodFinish
INFO  2021-08-09 14:07:14,201 LabFileUploadService::? - GetLabFileSummaryDetailBylfuId : MethodStart
INFO  2021-08-09 14:07:14,205 LabFileUploadService::? - GetLabFileSummaryDetailBylfuId : MethodFinish
INFO  2021-08-09 14:07:14,221 LabFileUploadService::? - GetLabFileSummaryDetailBylfuId : MethodStart
INFO  2021-08-09 14:07:14,231 LabFileUploadService::? - GetLabFileSummaryDetailBylfuId : MethodFinish
INFO  2021-08-09 14:07:14,247 LabFileUploadService::? - GetLabFileSummaryDetailBylfuId : MethodStart
INFO  2021-08-09 14:07:14,252 LabFileUploadService::? - GetLabFileSummaryDetailBylfuId : MethodFinish
INFO  2021-08-09 14:07:14,268 LabFileUploadService::? - GetLabFileSummaryDetailBylfuId : MethodStart
INFO  2021-08-09 14:07:14,272 LabFileUploadService::? - GetLabFileSummaryDetailBylfuId : MethodFinish
INFO  2021-08-09 14:07:14,288 LabFileUploadService::? - GetLabFileSummaryDetailBylfuId : MethodStart
INFO  2021-08-09 14:07:14,293 LabFileUploadService::? - GetLabFileSummaryDetailBylfuId : MethodFinish
INFO  2021-08-09 14:07:14,308 LabFileUploadService::? - GetLabFileSummaryDetailBylfuId : MethodStart
INFO  2021-08-09 14:07:14,312 LabFileUploadService::? - GetLabFileSummaryDetailBylfuId : MethodFinish
INFO  2021-08-09 14:07:14,326 LabFileUploadService::? - GetLabFileSummaryDetailBylfuId : MethodStart
INFO  2021-08-09 14:07:14,329 LabFileUploadService::? - GetLabFileSummaryDetailBylfuId : MethodFinish
INFO  2021-08-09 14:07:14,342 LabFileUploadService::? - GetLabFileSummaryDetailBylfuId : MethodStart
INFO  2021-08-09 14:07:14,346 LabFileUploadService::? - GetLabFileSummaryDetailBylfuId : MethodFinish
INFO  2021-08-09 14:07:14,361 LabFileUploadService::? - GetLabFileSummaryDetailBylfuId : MethodStart
INFO  2021-08-09 14:07:14,365 LabFileUploadService::? - GetLabFileSummaryDetailBylfuId : MethodFinish
INFO  2021-08-09 14:07:14,378 LabFileUploadService::? - GetLabFileSummaryDetailBylfuId : MethodStart
INFO  2021-08-09 14:07:14,382 LabFileUploadService::? - GetLabFileSummaryDetailBylfuId : MethodFinish
INFO  2021-08-09 14:07:14,394 LabFileUploadService::? - GetLabFileSummaryDetailBylfuId : MethodStart
INFO  2021-08-09 14:07:14,398 LabFileUploadService::? - GetLabFileSummaryDetailBylfuId : MethodFinish
INFO  2021-08-09 14:07:14,411 LabFileUploadService::? - GetLabFileSummaryDetailBylfuId : MethodStart
INFO  2021-08-09 14:07:14,416 LabFileUploadService::? - GetLabFileSummaryDetailBylfuId : MethodFinish
INFO  2021-08-09 14:07:14,429 LabFileUploadService::? - GetLabFileSummaryDetailBylfuId : MethodStart
INFO  2021-08-09 14:07:14,433 LabFileUploadService::? - GetLabFileSummaryDetailBylfuId : MethodFinish
INFO  2021-08-09 14:07:14,447 LabFileUploadService::? - GetLabFileSummaryDetailBylfuId : MethodStart
INFO  2021-08-09 14:07:14,451 LabFileUploadService::? - GetLabFileSummaryDetailBylfuId : MethodFinish
INFO  2021-08-09 14:07:14,465 LabFileUploadService::? - GetLabFileSummaryDetailBylfuId : MethodStart
INFO  2021-08-09 14:07:14,468 LabFileUploadService::? - GetLabFileSummaryDetailBylfuId : MethodFinish
INFO  2021-08-09 14:07:14,481 LabFileUploadService::? - GetLabFileSummaryDetailBylfuId : MethodStart
INFO  2021-08-09 14:07:14,485 LabFileUploadService::? - GetLabFileSummaryDetailBylfuId : MethodFinish
INFO  2021-08-09 14:07:14,500 LabFileUploadService::? - GetLabFileSummaryDetailBylfuId : MethodStart
INFO  2021-08-09 14:07:14,503 LabFileUploadService::? - GetLabFileSummaryDetailBylfuId : MethodFinish
INFO  2021-08-09 14:07:14,518 LabFileUploadService::? - GetLabFileSummaryDetailBylfuId : MethodStart
INFO  2021-08-09 14:07:14,522 LabFileUploadService::? - GetLabFileSummaryDetailBylfuId : MethodFinish
INFO  2021-08-09 14:07:14,538 LabFileUploadService::? - GetLabFileSummaryDetailBylfuId : MethodStart
INFO  2021-08-09 14:07:14,542 LabFileUploadService::? - GetLabFileSummaryDetailBylfuId : MethodFinish
INFO  2021-08-09 14:07:14,557 LabFileUploadService::? - GetLabFileSummaryDetailBylfuId : MethodStart
INFO  2021-08-09 14:07:14,560 LabFileUploadService::? - GetLabFileSummaryDetailBylfuId : MethodFinish
INFO  2021-08-09 14:07:14,575 LabFileUploadService::? - GetLabFileSummaryDetailBylfuId : MethodStart
INFO  2021-08-09 14:07:14,579 LabFileUploadService::? - GetLabFileSummaryDetailBylfuId : MethodFinish
INFO  2021-08-09 14:07:14,593 LabFileUploadService::? - GetLabFileSummaryDetailBylfuId : MethodStart
INFO  2021-08-09 14:07:14,596 LabFileUploadService::? - GetLabFileSummaryDetailBylfuId : MethodFinish
INFO  2021-08-09 14:07:14,610 LabFileUploadService::? - GetLabFileSummaryDetailBylfuId : MethodStart
INFO  2021-08-09 14:07:14,614 LabFileUploadService::? - GetLabFileSummaryDetailBylfuId : MethodFinish
INFO  2021-08-09 14:07:14,627 LabFileUploadService::? - GetLabFileSummaryDetailBylfuId : MethodStart
INFO  2021-08-09 14:07:14,631 LabFileUploadService::? - GetLabFileSummaryDetailBylfuId : MethodFinish
INFO  2021-08-09 14:07:14,644 LabFileUploadService::? - GetLabFileSummaryDetailBylfuId : MethodStart
INFO  2021-08-09 14:07:14,648 LabFileUploadService::? - GetLabFileSummaryDetailBylfuId : MethodFinish
INFO  2021-08-09 14:07:14,663 LabFileUploadService::? - GetLabFileSummaryDetailBylfuId : MethodStart
INFO  2021-08-09 14:07:14,667 LabFileUploadService::? - GetLabFileSummaryDetailBylfuId : MethodFinish
INFO  2021-08-09 14:07:14,681 LabFileUploadService::? - GetLabFileSummaryDetailBylfuId : MethodStart
INFO  2021-08-09 14:07:14,685 LabFileUploadService::? - GetLabFileSummaryDetailBylfuId : MethodFinish
INFO  2021-08-09 14:07:14,700 LabFileUploadService::? - GetLabFileSummaryDetailBylfuId : MethodStart
INFO  2021-08-09 14:07:14,703 LabFileUploadService::? - GetLabFileSummaryDetailBylfuId : MethodFinish
INFO  2021-08-09 14:07:14,717 LabFileUploadService::? - GetLabFileSummaryDetailBylfuId : MethodStart
INFO  2021-08-09 14:07:14,720 LabFileUploadService::? - GetLabFileSummaryDetailBylfuId : MethodFinish
INFO  2021-08-09 14:07:14,734 LabFileUploadService::? - GetLabFileSummaryDetailBylfuId : MethodStart
INFO  2021-08-09 14:07:14,737 LabFileUploadService::? - GetLabFileSummaryDetailBylfuId : MethodFinish
INFO  2021-08-09 14:07:14,750 LabFileUploadService::? - GetLabFileSummaryDetailBylfuId : MethodStart
INFO  2021-08-09 14:07:14,753 LabFileUploadService::? - GetLabFileSummaryDetailBylfuId : MethodFinish
INFO  2021-08-09 14:07:14,766 LabFileUploadService::? - GetLabFileSummaryDetailBylfuId : MethodStart
INFO  2021-08-09 14:07:14,770 LabFileUploadService::? - GetLabFileSummaryDetailBylfuId : MethodFinish
INFO  2021-08-09 14:07:14,783 LabFileUploadService::? - GetLabFileSummaryDetailBylfuId : MethodStart
INFO  2021-08-09 14:07:14,786 LabFileUploadService::? - GetLabFileSummaryDetailBylfuId : MethodFinish
INFO  2021-08-09 14:07:14,799 LabFileUploadService::? - GetLabFileSummaryDetailBylfuId : MethodStart
INFO  2021-08-09 14:07:14,803 LabFileUploadService::? - GetLabFileSummaryDetailBylfuId : MethodFinish
INFO  2021-08-09 14:07:14,819 LabFileUploadService::? - GetLabFileSummaryDetailBylfuId : MethodStart
INFO  2021-08-09 14:07:14,824 LabFileUploadService::? - GetLabFileSummaryDetailBylfuId : MethodFinish
INFO  2021-08-09 14:07:14,839 LabFileUploadService::? - GetLabFileSummaryDetailBylfuId : MethodStart
INFO  2021-08-09 14:07:14,843 LabFileUploadService::? - GetLabFileSummaryDetailBylfuId : MethodFinish
INFO  2021-08-09 14:07:14,857 LabFileUploadService::? - GetLabFileSummaryDetailBylfuId : MethodStart
INFO  2021-08-09 14:07:14,862 LabFileUploadService::? - GetLabFileSummaryDetailBylfuId : MethodFinish
INFO  2021-08-09 14:07:14,877 LabFileUploadService::? - GetLabFileSummaryDetailBylfuId : MethodStart
INFO  2021-08-09 14:07:14,882 LabFileUploadService::? - GetLabFileSummaryDetailBylfuId : MethodFinish
INFO  2021-08-09 14:07:14,899 LabFileUploadService::? - GetLabFileSummaryDetailBylfuId : MethodStart
INFO  2021-08-09 14:07:14,903 LabFileUploadService::? - GetLabFileSummaryDetailBylfuId : MethodFinish
INFO  2021-08-09 14:07:14,917 LabFileUploadService::? - GetLabFileSummaryDetailBylfuId : MethodStart
INFO  2021-08-09 14:07:14,922 LabFileUploadService::? - GetLabFileSummaryDetailBylfuId : MethodFinish
INFO  2021-08-09 14:07:14,936 LabFileUploadService::? - GetLabFileSummaryDetailBylfuId : MethodStart
INFO  2021-08-09 14:07:14,939 LabFileUploadService::? - GetLabFileSummaryDetailBylfuId : MethodFinish
INFO  2021-08-09 14:07:14,952 LabFileUploadService::? - GetLabFileSummaryDetailBylfuId : MethodStart
INFO  2021-08-09 14:07:14,956 LabFileUploadService::? - GetLabFileSummaryDetailBylfuId : MethodFinish
INFO  2021-08-09 14:07:14,970 LabFileUploadService::? - GetLabFileSummaryDetailBylfuId : MethodStart
INFO  2021-08-09 14:07:14,974 LabFileUploadService::? - GetLabFileSummaryDetailBylfuId : MethodFinish
INFO  2021-08-09 14:07:14,987 LabFileUploadService::? - GetLabFileSummaryDetailBylfuId : MethodStart
INFO  2021-08-09 14:07:14,991 LabFileUploadService::? - GetLabFileSummaryDetailBylfuId : MethodFinish
INFO  2021-08-09 14:07:15,004 LabFileUploadService::? - GetLabFileSummaryDetailBylfuId : MethodStart
INFO  2021-08-09 14:07:15,007 LabFileUploadService::? - GetLabFileSummaryDetailBylfuId : MethodFinish
INFO  2021-08-09 14:07:15,020 LabFileUploadService::? - GetLabFileSummaryDetailBylfuId : MethodStart
INFO  2021-08-09 14:07:15,024 LabFileUploadService::? - GetLabFileSummaryDetailBylfuId : MethodFinish
INFO  2021-08-09 14:07:15,036 LabFileUploadService::? - GetLabFileSummaryDetailBylfuId : MethodStart
INFO  2021-08-09 14:07:15,040 LabFileUploadService::? - GetLabFileSummaryDetailBylfuId : MethodFinish
INFO  2021-08-09 14:07:15,053 LabFileUploadService::? - GetLabFileSummaryDetailBylfuId : MethodStart
INFO  2021-08-09 14:07:15,056 LabFileUploadService::? - GetLabFileSummaryDetailBylfuId : MethodFinish
INFO  2021-08-09 14:07:15,069 LabFileUploadService::? - GetLabFileSummaryDetailBylfuId : MethodStart
INFO  2021-08-09 14:07:15,073 LabFileUploadService::? - GetLabFileSummaryDetailBylfuId : MethodFinish
INFO  2021-08-09 14:07:15,086 LabFileUploadService::? - GetLabFileSummaryDetailBylfuId : MethodStart
INFO  2021-08-09 14:07:15,089 LabFileUploadService::? - GetLabFileSummaryDetailBylfuId : MethodFinish
INFO  2021-08-09 14:07:15,103 LabFileUploadService::? - GetLabFileSummaryDetailBylfuId : MethodStart
INFO  2021-08-09 14:07:15,107 LabFileUploadService::? - GetLabFileSummaryDetailBylfuId : MethodFinish
INFO  2021-08-09 14:07:15,121 LabFileUploadService::? - GetLabFileSummaryDetailBylfuId : MethodStart
INFO  2021-08-09 14:07:15,125 LabFileUploadService::? - GetLabFileSummaryDetailBylfuId : MethodFinish
INFO  2021-08-09 14:07:15,140 LabFileUploadService::? - GetLabFileSummaryDetailBylfuId : MethodStart
INFO  2021-08-09 14:07:15,144 LabFileUploadService::? - GetLabFileSummaryDetailBylfuId : MethodFinish
INFO  2021-08-09 14:07:15,160 LabFileUploadService::? - GetLabFileSummaryDetailBylfuId : MethodStart
INFO  2021-08-09 14:07:15,165 LabFileUploadService::? - GetLabFileSummaryDetailBylfuId : MethodFinish
INFO  2021-08-09 14:07:15,179 LabFileUploadService::? - GetLabFileSummaryDetailBylfuId : MethodStart
INFO  2021-08-09 14:07:15,184 LabFileUploadService::? - GetLabFileSummaryDetailBylfuId : MethodFinish
INFO  2021-08-09 14:07:15,199 LabFileUploadService::? - GetLabFileSummaryDetailBylfuId : MethodStart
INFO  2021-08-09 14:07:15,203 LabFileUploadService::? - GetLabFileSummaryDetailBylfuId : MethodFinish
INFO  2021-08-09 14:07:15,217 LabFileUploadService::? - GetLabFileSummaryDetailBylfuId : MethodStart
INFO  2021-08-09 14:07:15,221 LabFileUploadService::? - GetLabFileSummaryDetailBylfuId : MethodFinish
INFO  2021-08-09 14:07:15,234 LabFileUploadService::? - GetLabFileSummaryDetailBylfuId : MethodStart
INFO  2021-08-09 14:07:15,238 LabFileUploadService::? - GetLabFileSummaryDetailBylfuId : MethodFinish
INFO  2021-08-09 14:07:15,251 LabFileUploadService::? - GetLabFileSummaryDetailBylfuId : MethodStart
INFO  2021-08-09 14:07:15,254 LabFileUploadService::? - GetLabFileSummaryDetailBylfuId : MethodFinish
INFO  2021-08-09 14:07:15,268 LabFileUploadService::? - GetLabFileSummaryDetailBylfuId : MethodStart
INFO  2021-08-09 14:07:15,273 LabFileUploadService::? - GetLabFileSummaryDetailBylfuId : MethodFinish
INFO  2021-08-09 14:07:15,285 LabFileUploadService::? - GetLabFileSummaryDetailBylfuId : MethodStart
INFO  2021-08-09 14:07:15,289 LabFileUploadService::? - GetLabFileSummaryDetailBylfuId : MethodFinish
INFO  2021-08-09 14:07:15,302 LabFileUploadService::? - GetLabFileSummaryDetailBylfuId : MethodStart
INFO  2021-08-09 14:07:15,306 LabFileUploadService::? - GetLabFileSummaryDetailBylfuId : MethodFinish
INFO  2021-08-09 14:07:15,319 LabFileUploadService::? - GetLabFileSummaryDetailBylfuId : MethodStart
INFO  2021-08-09 14:07:15,322 LabFileUploadService::? - GetLabFileSummaryDetailBylfuId : MethodFinish
INFO  2021-08-09 14:07:15,335 LabFileUploadService::? - GetLabFileSummaryDetailBylfuId : MethodStart
INFO  2021-08-09 14:07:15,339 LabFileUploadService::? - GetLabFileSummaryDetailBylfuId : MethodFinish
INFO  2021-08-09 14:07:15,351 LabFileUploadService::? - GetLabFileSummaryDetailBylfuId : MethodStart
INFO  2021-08-09 14:07:15,355 LabFileUploadService::? - GetLabFileSummaryDetailBylfuId : MethodFinish
INFO  2021-08-09 14:07:15,369 LabFileUploadService::? - GetLabFileSummaryDetailBylfuId : MethodStart
INFO  2021-08-09 14:07:15,373 LabFileUploadService::? - GetLabFileSummaryDetailBylfuId : MethodFinish
INFO  2021-08-09 14:07:15,387 LabFileUploadService::? - GetLabFileSummaryDetailBylfuId : MethodStart
INFO  2021-08-09 14:07:15,391 LabFileUploadService::? - GetLabFileSummaryDetailBylfuId : MethodFinish
INFO  2021-08-09 14:07:15,405 LabFileUploadService::? - GetLabFileSummaryDetailBylfuId : MethodStart
INFO  2021-08-09 14:07:15,408 LabFileUploadService::? - GetLabFileSummaryDetailBylfuId : MethodFinish
INFO  2021-08-09 14:07:15,425 LabFileUploadService::? - GetLabFileSummaryDetailBylfuId : MethodStart
INFO  2021-08-09 14:07:15,429 LabFileUploadService::? - GetLabFileSummaryDetailBylfuId : MethodFinish
INFO  2021-08-09 14:07:15,443 LabFileUploadService::? - GetLabFileSummaryDetailBylfuId : MethodStart
INFO  2021-08-09 14:07:15,447 LabFileUploadService::? - GetLabFileSummaryDetailBylfuId : MethodFinish
INFO  2021-08-09 14:07:15,463 LabFileUploadService::? - GetLabFileSummaryDetailBylfuId : MethodStart
INFO  2021-08-09 14:07:15,468 LabFileUploadService::? - GetLabFileSummaryDetailBylfuId : MethodFinish
INFO  2021-08-09 14:07:15,488 LabFileUploadService::? - GetLabFileSummaryDetailBylfuId : MethodStart
INFO  2021-08-09 14:07:15,492 LabFileUploadService::? - GetLabFileSummaryDetailBylfuId : MethodFinish
INFO  2021-08-09 14:07:15,506 LabFileUploadService::? - GetLabFileSummaryDetailBylfuId : MethodStart
INFO  2021-08-09 14:07:15,514 LabFileUploadService::? - GetLabFileSummaryDetailBylfuId : MethodFinish
INFO  2021-08-09 14:07:15,528 LabFileUploadService::? - GetLabFileSummaryDetailBylfuId : MethodStart
INFO  2021-08-09 14:07:15,532 LabFileUploadService::? - GetLabFileSummaryDetailBylfuId : MethodFinish
INFO  2021-08-09 14:07:15,546 LabFileUploadService::? - GetLabFileSummaryDetailBylfuId : MethodStart
INFO  2021-08-09 14:07:15,550 LabFileUploadService::? - GetLabFileSummaryDetailBylfuId : MethodFinish
INFO  2021-08-09 14:07:15,564 LabFileUploadService::? - GetLabFileSummaryDetailBylfuId : MethodStart
INFO  2021-08-09 14:07:15,568 LabFileUploadService::? - GetLabFileSummaryDetailBylfuId : MethodFinish
INFO  2021-08-09 14:07:15,582 LabFileUploadService::? - GetLabFileSummaryDetailBylfuId : MethodStart
INFO  2021-08-09 14:07:15,587 LabFileUploadService::? - GetLabFileSummaryDetailBylfuId : MethodFinish
INFO  2021-08-09 14:07:15,601 LabFileUploadService::? - GetLabFileSummaryDetailBylfuId : MethodStart
INFO  2021-08-09 14:07:15,606 LabFileUploadService::? - GetLabFileSummaryDetailBylfuId : MethodFinish
INFO  2021-08-09 14:07:15,620 LabFileUploadService::? - GetLabFileSummaryDetailBylfuId : MethodStart
INFO  2021-08-09 14:07:15,625 LabFileUploadService::? - GetLabFileSummaryDetailBylfuId : MethodFinish
INFO  2021-08-09 14:07:15,638 LabFileUploadService::? - GetLabFileSummaryDetailBylfuId : MethodStart
INFO  2021-08-09 14:07:15,643 LabFileUploadService::? - GetLabFileSummaryDetailBylfuId : MethodFinish
INFO  2021-08-09 14:07:15,657 LabFileUploadService::? - GetLabFileSummaryDetailBylfuId : MethodStart
INFO  2021-08-09 14:07:15,663 LabFileUploadService::? - GetLabFileSummaryDetailBylfuId : MethodFinish
INFO  2021-08-09 14:07:15,680 LabFileUploadService::? - GetLabFileSummaryDetailBylfuId : MethodStart
INFO  2021-08-09 14:07:15,684 LabFileUploadService::? - GetLabFileSummaryDetailBylfuId : MethodFinish
INFO  2021-08-09 14:07:15,700 LabFileUploadService::? - GetLabFileSummaryDetailBylfuId : MethodStart
INFO  2021-08-09 14:07:15,705 LabFileUploadService::? - GetLabFileSummaryDetailBylfuId : MethodFinish
INFO  2021-08-09 14:07:15,720 LabFileUploadService::? - GetLabFileSummaryDetailBylfuId : MethodStart
INFO  2021-08-09 14:07:15,724 LabFileUploadService::? - GetLabFileSummaryDetailBylfuId : MethodFinish
INFO  2021-08-09 14:07:15,739 LabFileUploadService::? - GetLabFileSummaryDetailBylfuId : MethodStart
INFO  2021-08-09 14:07:15,744 LabFileUploadService::? - GetLabFileSummaryDetailBylfuId : MethodFinish
INFO  2021-08-09 14:07:15,758 LabFileUploadService::? - GetLabFileSummaryDetailBylfuId : MethodStart
INFO  2021-08-09 14:07:15,763 LabFileUploadService::? - GetLabFileSummaryDetailBylfuId : MethodFinish
INFO  2021-08-09 14:07:15,778 LabFileUploadService::? - GetLabFileSummaryDetailBylfuId : MethodStart
INFO  2021-08-09 14:07:15,782 LabFileUploadService::? - GetLabFileSummaryDetailBylfuId : MethodFinish
INFO  2021-08-09 14:07:15,796 LabFileUploadService::? - GetLabFileSummaryDetailBylfuId : MethodStart
INFO  2021-08-09 14:07:15,800 LabFileUploadService::? - GetLabFileSummaryDetailBylfuId : MethodFinish
INFO  2021-08-09 14:07:15,813 LabFileUploadService::? - GetLabFileSummaryDetailBylfuId : MethodStart
INFO  2021-08-09 14:07:15,818 LabFileUploadService::? - GetLabFileSummaryDetailBylfuId : MethodFinish
INFO  2021-08-09 14:07:15,838 LabFileUploadService::? - GetLabFileSummaryDetailBylfuId : MethodStart
INFO  2021-08-09 14:07:15,842 LabFileUploadService::? - GetLabFileSummaryDetailBylfuId : MethodFinish
INFO  2021-08-09 14:07:15,856 LabFileUploadService::? - GetLabFileSummaryDetailBylfuId : MethodStart
INFO  2021-08-09 14:07:15,860 LabFileUploadService::? - GetLabFileSummaryDetailBylfuId : MethodFinish
INFO  2021-08-09 14:07:15,876 LabFileUploadService::? - GetLabFileSummaryDetailBylfuId : MethodStart
INFO  2021-08-09 14:07:15,881 LabFileUploadService::? - GetLabFileSummaryDetailBylfuId : MethodFinish
INFO  2021-08-09 14:07:15,896 LabFileUploadService::? - GetLabFileSummaryDetailBylfuId : MethodStart
INFO  2021-08-09 14:07:15,900 LabFileUploadService::? - GetLabFileSummaryDetailBylfuId : MethodFinish
INFO  2021-08-09 14:07:15,915 LabFileUploadService::? - GetLabFileSummaryDetailBylfuId : MethodStart
INFO  2021-08-09 14:07:15,919 LabFileUploadService::? - GetLabFileSummaryDetailBylfuId : MethodFinish
INFO  2021-08-09 14:07:15,932 LabFileUploadService::? - GetLabFileSummaryDetailBylfuId : MethodStart
INFO  2021-08-09 14:07:15,936 LabFileUploadService::? - GetLabFileSummaryDetailBylfuId : MethodFinish
INFO  2021-08-09 14:07:15,950 LabFileUploadService::? - GetLabFileSummaryDetailBylfuId : MethodStart
INFO  2021-08-09 14:07:15,954 LabFileUploadService::? - GetLabFileSummaryDetailBylfuId : MethodFinish
INFO  2021-08-09 14:07:15,968 LabFileUploadService::? - GetLabFileSummaryDetailBylfuId : MethodStart
INFO  2021-08-09 14:07:15,973 LabFileUploadService::? - GetLabFileSummaryDetailBylfuId : MethodFinish
INFO  2021-08-09 14:07:15,985 LabFileUploadService::? - GetLabFileSummaryDetailBylfuId : MethodStart
INFO  2021-08-09 14:07:15,989 LabFileUploadService::? - GetLabFileSummaryDetailBylfuId : MethodFinish
INFO  2021-08-09 14:07:16,003 LabFileUploadService::? - GetLabFileSummaryDetailBylfuId : MethodStart
INFO  2021-08-09 14:07:16,007 LabFileUploadService::? - GetLabFileSummaryDetailBylfuId : MethodFinish
INFO  2021-08-09 14:07:16,021 LabFileUploadService::? - GetLabFileSummaryDetailBylfuId : MethodStart
INFO  2021-08-09 14:07:16,025 LabFileUploadService::? - GetLabFileSummaryDetailBylfuId : MethodFinish
INFO  2021-08-09 14:07:16,038 LabFileUploadService::? - GetLabFileSummaryDetailBylfuId : MethodStart
INFO  2021-08-09 14:07:16,042 LabFileUploadService::? - GetLabFileSummaryDetailBylfuId : MethodFinish
INFO  2021-08-09 14:07:16,055 LabFileUploadService::? - GetLabFileSummaryDetailBylfuId : MethodStart
INFO  2021-08-09 14:07:16,059 LabFileUploadService::? - GetLabFileSummaryDetailBylfuId : MethodFinish
INFO  2021-08-09 14:07:16,072 LabFileUploadService::? - GetLabFileSummaryDetailBylfuId : MethodStart
INFO  2021-08-09 14:07:16,077 LabFileUploadService::? - GetLabFileSummaryDetailBylfuId : MethodFinish
INFO  2021-08-09 14:07:16,091 LabFileUploadService::? - GetLabFileSummaryDetailBylfuId : MethodStart
INFO  2021-08-09 14:07:16,095 LabFileUploadService::? - GetLabFileSummaryDetailBylfuId : MethodFinish
INFO  2021-08-09 14:07:16,110 LabFileUploadService::? - GetLabFileSummaryDetailBylfuId : MethodStart
INFO  2021-08-09 14:07:16,114 LabFileUploadService::? - GetLabFileSummaryDetailBylfuId : MethodFinish
INFO  2021-08-09 14:07:16,127 LabFileUploadService::? - GetLabFileSummaryDetailBylfuId : MethodStart
INFO  2021-08-09 14:07:16,131 LabFileUploadService::? - GetLabFileSummaryDetailBylfuId : MethodFinish
INFO  2021-08-09 14:07:16,144 LabFileUploadService::? - GetLabFileSummaryDetailBylfuId : MethodStart
INFO  2021-08-09 14:07:16,148 LabFileUploadService::? - GetLabFileSummaryDetailBylfuId : MethodFinish
INFO  2021-08-09 14:07:16,161 LabFileUploadService::? - GetLabFileSummaryDetailBylfuId : MethodStart
INFO  2021-08-09 14:07:16,165 LabFileUploadService::? - GetLabFileSummaryDetailBylfuId : MethodFinish
INFO  2021-08-09 14:07:16,178 LabFileUploadService::? - GetLabFileSummaryDetailBylfuId : MethodStart
INFO  2021-08-09 14:07:16,182 LabFileUploadService::? - GetLabFileSummaryDetailBylfuId : MethodFinish
INFO  2021-08-09 14:52:07,573 LabFileUploadService::? - GetLabFileUploadListWithModel : MethodStart
INFO  2021-08-09 14:52:08,623 LabFileUploadService::? - GetLabFileUploadListWithModel : MethodFinish
INFO  2021-08-09 14:52:38,714 LabFileUploadService::? - GetLabFileUploadListWithModel : MethodStart
INFO  2021-08-09 14:52:38,729 LabFileUploadService::? - GetLabFileUploadListWithModel : MethodFinish
