INFO  2021-09-14 12:18:08,323 LabFileUploadService::? - GetLabFileUploadListWithModel : MethodStart
INFO  2021-09-14 12:18:10,794 LabFileUploadService::? - GetLabFileUploadListWithModel : MethodFinish
INFO  2021-09-14 12:29:20,888 LabFileUploadService::? - GetLabFileUploadListWithModel : MethodStart
INFO  2021-09-14 12:29:21,265 LabFileUploadService::? - GetLabFileUploadListWithModel : MethodFinish
INFO  2021-09-14 12:29:49,057 LabFileUploadService::? - SaveLabFileUploadData : MethodStart
INFO  2021-09-14 12:29:49,635 LabFileUploadService::? - GetLabFileUploadListWithModel : MethodStart
INFO  2021-09-14 12:29:49,758 LabFileUploadService::? - GetLabFileUploadListWithModel : MethodFinish
INFO  2021-09-14 12:30:03,856 LabFileUploadService::? - GetLabFileUploadListWithModel : MethodStart
INFO  2021-09-14 12:30:04,035 LabFileUploadService::? - GetLabFileUploadListWithModel : MethodFinish
INFO  2021-09-14 13:05:11,170 LabFileUploadService::? - GetLabFileUploadListWithModel : MethodStart
INFO  2021-09-14 13:05:11,604 LabFileUploadService::? - GetLabFileUploadListWithModel : MethodFinish
INFO  2021-09-14 13:05:13,337 LabFileUploadService::? - GetLabFileUploadListWithModel : MethodStart
INFO  2021-09-14 13:05:13,508 LabFileUploadService::? - GetLabFileUploadListWithModel : MethodFinish
INFO  2021-09-14 13:13:59,754 LabFileUploadService::? - GetLabFileUploadDataById : MethodStart
INFO  2021-09-14 13:14:00,152 LabFileUploadService::? - GetLabFileUploadDataById : MethodFinish
INFO  2021-09-14 13:14:00,191 LabFileUploadService::? - GetLabFileSummaryHeaderBylfuId : MethodStart
INFO  2021-09-14 13:14:00,356 LabFileUploadService::? - GetLabFileSummaryHeaderBylfuId : MethodFinish
INFO  2021-09-14 13:14:00,400 LabFileUploadService::? - GetLabFileErrorHeaderListBylfuId : MethodStart
INFO  2021-09-14 13:14:00,526 LabFileUploadService::? - GetLabFileErrorHeaderListBylfuId : MethodFinish
INFO  2021-09-14 13:14:00,560 LabFileUploadService::? - GetLabFileLabAlertSummaryBylfuId : MethodStart
INFO  2021-09-14 13:14:00,685 LabFileUploadService::? - GetLabFileLabAlertSummaryBylfuId : MethodFinish
INFO  2021-09-14 13:14:26,756 LabFileUploadService::? - GetLabFileSummaryDetailBylfuId : MethodStart
INFO  2021-09-14 13:14:26,884 LabFileUploadService::? - GetLabFileSummaryDetailBylfuId : MethodFinish
INFO  2021-09-14 13:14:32,739 LabFileUploadService::? - GetLabFileSummaryDetailBylfuId : MethodStart
INFO  2021-09-14 13:14:32,844 LabFileUploadService::? - GetLabFileSummaryDetailBylfuId : MethodFinish
INFO  2021-09-14 14:08:40,525 LabFileUploadService::? - GetLabFileUploadListWithModel : MethodStart
INFO  2021-09-14 14:08:41,849 LabFileUploadService::? - GetLabFileUploadListWithModel : MethodFinish
INFO  2021-09-14 14:08:56,751 LabFileUploadService::? - GetLabFileUploadDataById : MethodStart
INFO  2021-09-14 14:08:56,980 LabFileUploadService::? - GetLabFileUploadDataById : MethodFinish
INFO  2021-09-14 14:08:57,011 LabFileUploadService::? - GetLabFileSummaryHeaderBylfuId : MethodStart
INFO  2021-09-14 14:08:57,175 LabFileUploadService::? - GetLabFileSummaryHeaderBylfuId : MethodFinish
INFO  2021-09-14 14:08:57,200 LabFileUploadService::? - GetLabFileErrorHeaderListBylfuId : MethodStart
INFO  2021-09-14 14:08:57,330 LabFileUploadService::? - GetLabFileErrorHeaderListBylfuId : MethodFinish
INFO  2021-09-14 14:08:57,355 LabFileUploadService::? - GetLabFileLabAlertSummaryBylfuId : MethodStart
INFO  2021-09-14 14:08:57,478 LabFileUploadService::? - GetLabFileLabAlertSummaryBylfuId : MethodFinish
INFO  2021-09-14 14:09:05,583 LabFileUploadService::? - GetLabFileSummaryDetailListBylfuId : MethodStart
INFO  2021-09-14 14:09:05,727 LabFileUploadService::? - GetLabFileSummaryDetailListBylfuId : MethodFinish
INFO  2021-09-14 14:14:07,382 LabFileUploadService::? - GetLabFileUploadListWithModel : MethodStart
INFO  2021-09-14 14:14:08,795 LabFileUploadService::? - GetLabFileUploadListWithModel : MethodFinish
INFO  2021-09-14 14:16:38,837 LabFileUploadService::? - GetLabFileUploadDataById : MethodStart
INFO  2021-09-14 14:16:39,049 LabFileUploadService::? - GetLabFileUploadDataById : MethodFinish
INFO  2021-09-14 14:16:39,085 LabFileUploadService::? - GetLabFileSummaryHeaderBylfuId : MethodStart
INFO  2021-09-14 14:16:39,266 LabFileUploadService::? - GetLabFileSummaryHeaderBylfuId : MethodFinish
INFO  2021-09-14 14:16:39,303 LabFileUploadService::? - GetLabFileErrorHeaderListBylfuId : MethodStart
INFO  2021-09-14 14:16:39,416 LabFileUploadService::? - GetLabFileErrorHeaderListBylfuId : MethodFinish
INFO  2021-09-14 14:16:39,449 LabFileUploadService::? - GetLabFileLabAlertSummaryBylfuId : MethodStart
INFO  2021-09-14 14:16:39,570 LabFileUploadService::? - GetLabFileLabAlertSummaryBylfuId : MethodFinish
INFO  2021-09-14 14:16:39,605 LabFileUploadService::? - GetLabFileSummaryDetailListBylfuId : MethodStart
INFO  2021-09-14 14:16:39,732 LabFileUploadService::? - GetLabFileSummaryDetailListBylfuId : MethodFinish
INFO  2021-09-14 14:40:24,185 LabFileUploadService::? - GetLabFileUploadListWithModel : MethodStart
INFO  2021-09-14 14:40:25,468 LabFileUploadService::? - GetLabFileUploadListWithModel : MethodFinish
INFO  2021-09-14 14:40:40,157 LabFileUploadService::? - GetLabFileUploadDataById : MethodStart
INFO  2021-09-14 14:40:40,357 LabFileUploadService::? - GetLabFileUploadDataById : MethodFinish
INFO  2021-09-14 14:40:40,412 LabFileUploadService::? - GetLabFileSummaryHeaderBylfuId : MethodStart
INFO  2021-09-14 14:40:40,571 LabFileUploadService::? - GetLabFileSummaryHeaderBylfuId : MethodFinish
INFO  2021-09-14 14:40:40,597 LabFileUploadService::? - GetLabFileErrorHeaderListBylfuId : MethodStart
INFO  2021-09-14 14:40:40,713 LabFileUploadService::? - GetLabFileErrorHeaderListBylfuId : MethodFinish
INFO  2021-09-14 14:40:40,758 LabFileUploadService::? - GetLabFileLabAlertSummaryBylfuId : MethodStart
INFO  2021-09-14 14:40:40,875 LabFileUploadService::? - GetLabFileLabAlertSummaryBylfuId : MethodFinish
INFO  2021-09-14 14:40:40,923 LabFileUploadService::? - GetLabFileSummaryDetailListBylfuId : MethodStart
INFO  2021-09-14 14:40:41,049 LabFileUploadService::? - GetLabFileSummaryDetailListBylfuId : MethodFinish
INFO  2021-09-14 14:54:21,713 LabFileUploadService::? - GetLabFileUploadListWithModel : MethodStart
INFO  2021-09-14 14:54:22,902 LabFileUploadService::? - GetLabFileUploadListWithModel : MethodFinish
INFO  2021-09-14 14:55:01,319 LabFileUploadService::? - GetLabFileUploadDataById : MethodStart
INFO  2021-09-14 14:55:01,505 LabFileUploadService::? - GetLabFileUploadDataById : MethodFinish
INFO  2021-09-14 14:55:01,538 LabFileUploadService::? - GetLabFileSummaryHeaderBylfuId : MethodStart
INFO  2021-09-14 14:55:01,696 LabFileUploadService::? - GetLabFileSummaryHeaderBylfuId : MethodFinish
INFO  2021-09-14 14:55:01,726 LabFileUploadService::? - GetLabFileErrorHeaderListBylfuId : MethodStart
INFO  2021-09-14 14:55:01,843 LabFileUploadService::? - GetLabFileErrorHeaderListBylfuId : MethodFinish
INFO  2021-09-14 14:55:01,888 LabFileUploadService::? - GetLabFileLabAlertSummaryBylfuId : MethodStart
INFO  2021-09-14 14:55:02,009 LabFileUploadService::? - GetLabFileLabAlertSummaryBylfuId : MethodFinish
INFO  2021-09-14 14:55:02,041 LabFileUploadService::? - GetLabFileSummaryDetailListBylfuId : MethodStart
INFO  2021-09-14 14:55:02,173 LabFileUploadService::? - GetLabFileSummaryDetailListBylfuId : MethodFinish
INFO  2021-09-14 15:03:19,113 LabFileUploadService::? - GetLabFileUploadListWithModel : MethodStart
INFO  2021-09-14 15:03:20,364 LabFileUploadService::? - GetLabFileUploadListWithModel : MethodFinish
INFO  2021-09-14 15:03:29,054 LabFileUploadService::? - GetLabFileUploadDataById : MethodStart
INFO  2021-09-14 15:03:29,247 LabFileUploadService::? - GetLabFileUploadDataById : MethodFinish
INFO  2021-09-14 15:03:29,284 LabFileUploadService::? - GetLabFileSummaryHeaderBylfuId : MethodStart
INFO  2021-09-14 15:03:29,427 LabFileUploadService::? - GetLabFileSummaryHeaderBylfuId : MethodFinish
INFO  2021-09-14 15:03:29,463 LabFileUploadService::? - GetLabFileErrorHeaderListBylfuId : MethodStart
INFO  2021-09-14 15:03:29,570 LabFileUploadService::? - GetLabFileErrorHeaderListBylfuId : MethodFinish
INFO  2021-09-14 15:03:29,599 LabFileUploadService::? - GetLabFileLabAlertSummaryBylfuId : MethodStart
INFO  2021-09-14 15:03:29,720 LabFileUploadService::? - GetLabFileLabAlertSummaryBylfuId : MethodFinish
INFO  2021-09-14 15:03:29,748 LabFileUploadService::? - GetLabFileSummaryDetailBylfuId : MethodStart
INFO  2021-09-14 15:03:29,869 LabFileUploadService::? - GetLabFileSummaryDetailBylfuId : MethodFinish
INFO  2021-09-14 15:03:29,897 LabFileUploadService::? - GetLabFileSummaryDetailBylfuId : MethodStart
INFO  2021-09-14 15:03:30,005 LabFileUploadService::? - GetLabFileSummaryDetailBylfuId : MethodFinish
INFO  2021-09-14 15:03:30,028 LabFileUploadService::? - GetLabFileSummaryDetailBylfuId : MethodStart
INFO  2021-09-14 15:03:30,133 LabFileUploadService::? - GetLabFileSummaryDetailBylfuId : MethodFinish
INFO  2021-09-14 15:03:30,150 LabFileUploadService::? - GetLabFileSummaryDetailBylfuId : MethodStart
INFO  2021-09-14 15:03:30,255 LabFileUploadService::? - GetLabFileSummaryDetailBylfuId : MethodFinish
INFO  2021-09-14 15:03:30,271 LabFileUploadService::? - GetLabFileSummaryDetailBylfuId : MethodStart
INFO  2021-09-14 15:03:30,382 LabFileUploadService::? - GetLabFileSummaryDetailBylfuId : MethodFinish
INFO  2021-09-14 15:03:30,401 LabFileUploadService::? - GetLabFileSummaryDetailBylfuId : MethodStart
INFO  2021-09-14 15:03:30,513 LabFileUploadService::? - GetLabFileSummaryDetailBylfuId : MethodFinish
INFO  2021-09-14 15:03:30,532 LabFileUploadService::? - GetLabFileSummaryDetailBylfuId : MethodStart
INFO  2021-09-14 15:03:30,637 LabFileUploadService::? - GetLabFileSummaryDetailBylfuId : MethodFinish
INFO  2021-09-14 15:03:30,657 LabFileUploadService::? - GetLabFileSummaryDetailBylfuId : MethodStart
INFO  2021-09-14 15:03:30,764 LabFileUploadService::? - GetLabFileSummaryDetailBylfuId : MethodFinish
INFO  2021-09-14 15:03:30,783 LabFileUploadService::? - GetLabFileSummaryDetailBylfuId : MethodStart
INFO  2021-09-14 15:03:30,885 LabFileUploadService::? - GetLabFileSummaryDetailBylfuId : MethodFinish
INFO  2021-09-14 15:03:30,902 LabFileUploadService::? - GetLabFileSummaryDetailBylfuId : MethodStart
INFO  2021-09-14 15:03:31,009 LabFileUploadService::? - GetLabFileSummaryDetailBylfuId : MethodFinish
INFO  2021-09-14 15:03:31,029 LabFileUploadService::? - GetLabFileSummaryDetailBylfuId : MethodStart
INFO  2021-09-14 15:03:31,132 LabFileUploadService::? - GetLabFileSummaryDetailBylfuId : MethodFinish
INFO  2021-09-14 15:03:31,151 LabFileUploadService::? - GetLabFileSummaryDetailBylfuId : MethodStart
INFO  2021-09-14 15:03:31,256 LabFileUploadService::? - GetLabFileSummaryDetailBylfuId : MethodFinish
INFO  2021-09-14 15:03:31,273 LabFileUploadService::? - GetLabFileSummaryDetailBylfuId : MethodStart
INFO  2021-09-14 15:03:31,387 LabFileUploadService::? - GetLabFileSummaryDetailBylfuId : MethodFinish
INFO  2021-09-14 15:03:31,409 LabFileUploadService::? - GetLabFileSummaryDetailBylfuId : MethodStart
INFO  2021-09-14 15:03:31,513 LabFileUploadService::? - GetLabFileSummaryDetailBylfuId : MethodFinish
INFO  2021-09-14 15:03:31,530 LabFileUploadService::? - GetLabFileSummaryDetailBylfuId : MethodStart
INFO  2021-09-14 15:03:31,635 LabFileUploadService::? - GetLabFileSummaryDetailBylfuId : MethodFinish
INFO  2021-09-14 15:03:31,654 LabFileUploadService::? - GetLabFileSummaryDetailBylfuId : MethodStart
INFO  2021-09-14 15:03:31,757 LabFileUploadService::? - GetLabFileSummaryDetailBylfuId : MethodFinish
INFO  2021-09-14 15:03:31,776 LabFileUploadService::? - GetLabFileSummaryDetailBylfuId : MethodStart
INFO  2021-09-14 15:03:31,879 LabFileUploadService::? - GetLabFileSummaryDetailBylfuId : MethodFinish
INFO  2021-09-14 15:03:31,896 LabFileUploadService::? - GetLabFileSummaryDetailBylfuId : MethodStart
INFO  2021-09-14 15:03:32,002 LabFileUploadService::? - GetLabFileSummaryDetailBylfuId : MethodFinish
INFO  2021-09-14 15:03:32,024 LabFileUploadService::? - GetLabFileSummaryDetailBylfuId : MethodStart
INFO  2021-09-14 15:03:32,134 LabFileUploadService::? - GetLabFileSummaryDetailBylfuId : MethodFinish
INFO  2021-09-14 15:03:32,153 LabFileUploadService::? - GetLabFileSummaryDetailBylfuId : MethodStart
INFO  2021-09-14 15:03:32,261 LabFileUploadService::? - GetLabFileSummaryDetailBylfuId : MethodFinish
INFO  2021-09-14 15:03:32,279 LabFileUploadService::? - GetLabFileSummaryDetailBylfuId : MethodStart
INFO  2021-09-14 15:03:32,383 LabFileUploadService::? - GetLabFileSummaryDetailBylfuId : MethodFinish
INFO  2021-09-14 15:03:32,399 LabFileUploadService::? - GetLabFileSummaryDetailBylfuId : MethodStart
INFO  2021-09-14 15:03:32,502 LabFileUploadService::? - GetLabFileSummaryDetailBylfuId : MethodFinish
INFO  2021-09-14 15:03:32,522 LabFileUploadService::? - GetLabFileSummaryDetailBylfuId : MethodStart
INFO  2021-09-14 15:03:32,629 LabFileUploadService::? - GetLabFileSummaryDetailBylfuId : MethodFinish
INFO  2021-09-14 15:03:32,661 LabFileUploadService::? - GetLabFileSummaryDetailBylfuId : MethodStart
INFO  2021-09-14 15:03:32,764 LabFileUploadService::? - GetLabFileSummaryDetailBylfuId : MethodFinish
INFO  2021-09-14 15:03:32,781 LabFileUploadService::? - GetLabFileSummaryDetailBylfuId : MethodStart
INFO  2021-09-14 15:03:32,892 LabFileUploadService::? - GetLabFileSummaryDetailBylfuId : MethodFinish
INFO  2021-09-14 15:03:32,934 LabFileUploadService::? - GetLabFileSummaryDetailBylfuId : MethodStart
INFO  2021-09-14 15:03:33,038 LabFileUploadService::? - GetLabFileSummaryDetailBylfuId : MethodFinish
INFO  2021-09-14 15:03:33,054 LabFileUploadService::? - GetLabFileSummaryDetailBylfuId : MethodStart
INFO  2021-09-14 15:03:33,159 LabFileUploadService::? - GetLabFileSummaryDetailBylfuId : MethodFinish
INFO  2021-09-14 15:03:33,174 LabFileUploadService::? - GetLabFileSummaryDetailBylfuId : MethodStart
INFO  2021-09-14 15:03:33,282 LabFileUploadService::? - GetLabFileSummaryDetailBylfuId : MethodFinish
INFO  2021-09-14 15:03:33,299 LabFileUploadService::? - GetLabFileSummaryDetailBylfuId : MethodStart
INFO  2021-09-14 15:03:33,403 LabFileUploadService::? - GetLabFileSummaryDetailBylfuId : MethodFinish
INFO  2021-09-14 15:03:33,420 LabFileUploadService::? - GetLabFileSummaryDetailBylfuId : MethodStart
INFO  2021-09-14 15:03:33,525 LabFileUploadService::? - GetLabFileSummaryDetailBylfuId : MethodFinish
INFO  2021-09-14 15:03:33,540 LabFileUploadService::? - GetLabFileSummaryDetailBylfuId : MethodStart
INFO  2021-09-14 15:03:33,644 LabFileUploadService::? - GetLabFileSummaryDetailBylfuId : MethodFinish
INFO  2021-09-14 15:03:33,671 LabFileUploadService::? - GetLabFileSummaryDetailBylfuId : MethodStart
INFO  2021-09-14 15:03:33,777 LabFileUploadService::? - GetLabFileSummaryDetailBylfuId : MethodFinish
INFO  2021-09-14 15:03:33,796 LabFileUploadService::? - GetLabFileSummaryDetailBylfuId : MethodStart
INFO  2021-09-14 15:03:33,902 LabFileUploadService::? - GetLabFileSummaryDetailBylfuId : MethodFinish
INFO  2021-09-14 15:03:33,931 LabFileUploadService::? - GetLabFileSummaryDetailBylfuId : MethodStart
INFO  2021-09-14 15:03:34,049 LabFileUploadService::? - GetLabFileSummaryDetailBylfuId : MethodFinish
INFO  2021-09-14 15:03:34,064 LabFileUploadService::? - GetLabFileSummaryDetailBylfuId : MethodStart
INFO  2021-09-14 15:03:34,173 LabFileUploadService::? - GetLabFileSummaryDetailBylfuId : MethodFinish
INFO  2021-09-14 15:03:34,191 LabFileUploadService::? - GetLabFileSummaryDetailBylfuId : MethodStart
INFO  2021-09-14 15:03:34,297 LabFileUploadService::? - GetLabFileSummaryDetailBylfuId : MethodFinish
INFO  2021-09-14 15:03:34,314 LabFileUploadService::? - GetLabFileSummaryDetailBylfuId : MethodStart
INFO  2021-09-14 15:03:34,427 LabFileUploadService::? - GetLabFileSummaryDetailBylfuId : MethodFinish
INFO  2021-09-14 15:03:34,444 LabFileUploadService::? - GetLabFileSummaryDetailBylfuId : MethodStart
INFO  2021-09-14 15:03:34,561 LabFileUploadService::? - GetLabFileSummaryDetailBylfuId : MethodFinish
INFO  2021-09-14 15:03:34,595 LabFileUploadService::? - GetLabFileSummaryDetailBylfuId : MethodStart
INFO  2021-09-14 15:03:34,703 LabFileUploadService::? - GetLabFileSummaryDetailBylfuId : MethodFinish
INFO  2021-09-14 15:03:34,743 LabFileUploadService::? - GetLabFileSummaryDetailBylfuId : MethodStart
INFO  2021-09-14 15:03:34,852 LabFileUploadService::? - GetLabFileSummaryDetailBylfuId : MethodFinish
INFO  2021-09-14 15:03:34,870 LabFileUploadService::? - GetLabFileSummaryDetailBylfuId : MethodStart
INFO  2021-09-14 15:03:34,980 LabFileUploadService::? - GetLabFileSummaryDetailBylfuId : MethodFinish
INFO  2021-09-14 15:03:34,997 LabFileUploadService::? - GetLabFileSummaryDetailBylfuId : MethodStart
INFO  2021-09-14 15:03:35,115 LabFileUploadService::? - GetLabFileSummaryDetailBylfuId : MethodFinish
INFO  2021-09-14 15:03:35,155 LabFileUploadService::? - GetLabFileSummaryDetailBylfuId : MethodStart
INFO  2021-09-14 15:03:35,258 LabFileUploadService::? - GetLabFileSummaryDetailBylfuId : MethodFinish
INFO  2021-09-14 15:03:35,295 LabFileUploadService::? - GetLabFileSummaryDetailBylfuId : MethodStart
INFO  2021-09-14 15:03:35,400 LabFileUploadService::? - GetLabFileSummaryDetailBylfuId : MethodFinish
INFO  2021-09-14 15:03:35,426 LabFileUploadService::? - GetLabFileSummaryDetailBylfuId : MethodStart
INFO  2021-09-14 15:03:35,531 LabFileUploadService::? - GetLabFileSummaryDetailBylfuId : MethodFinish
INFO  2021-09-14 15:03:35,575 LabFileUploadService::? - GetLabFileSummaryDetailBylfuId : MethodStart
INFO  2021-09-14 15:03:35,687 LabFileUploadService::? - GetLabFileSummaryDetailBylfuId : MethodFinish
INFO  2021-09-14 15:03:35,703 LabFileUploadService::? - GetLabFileSummaryDetailBylfuId : MethodStart
INFO  2021-09-14 15:03:35,809 LabFileUploadService::? - GetLabFileSummaryDetailBylfuId : MethodFinish
INFO  2021-09-14 15:03:35,858 LabFileUploadService::? - GetLabFileSummaryDetailBylfuId : MethodStart
INFO  2021-09-14 15:03:35,964 LabFileUploadService::? - GetLabFileSummaryDetailBylfuId : MethodFinish
INFO  2021-09-14 15:03:35,982 LabFileUploadService::? - GetLabFileSummaryDetailBylfuId : MethodStart
INFO  2021-09-14 15:03:36,084 LabFileUploadService::? - GetLabFileSummaryDetailBylfuId : MethodFinish
INFO  2021-09-14 15:03:36,103 LabFileUploadService::? - GetLabFileSummaryDetailBylfuId : MethodStart
INFO  2021-09-14 15:03:36,208 LabFileUploadService::? - GetLabFileSummaryDetailBylfuId : MethodFinish
INFO  2021-09-14 15:03:36,226 LabFileUploadService::? - GetLabFileSummaryDetailBylfuId : MethodStart
INFO  2021-09-14 15:03:36,333 LabFileUploadService::? - GetLabFileSummaryDetailBylfuId : MethodFinish
INFO  2021-09-14 15:03:36,349 LabFileUploadService::? - GetLabFileSummaryDetailBylfuId : MethodStart
INFO  2021-09-14 15:03:36,451 LabFileUploadService::? - GetLabFileSummaryDetailBylfuId : MethodFinish
INFO  2021-09-14 15:03:36,467 LabFileUploadService::? - GetLabFileSummaryDetailBylfuId : MethodStart
INFO  2021-09-14 15:03:36,575 LabFileUploadService::? - GetLabFileSummaryDetailBylfuId : MethodFinish
INFO  2021-09-14 15:03:36,590 LabFileUploadService::? - GetLabFileSummaryDetailBylfuId : MethodStart
INFO  2021-09-14 15:03:36,696 LabFileUploadService::? - GetLabFileSummaryDetailBylfuId : MethodFinish
INFO  2021-09-14 15:03:36,712 LabFileUploadService::? - GetLabFileSummaryDetailBylfuId : MethodStart
INFO  2021-09-14 15:03:36,815 LabFileUploadService::? - GetLabFileSummaryDetailBylfuId : MethodFinish
INFO  2021-09-14 15:03:36,855 LabFileUploadService::? - GetLabFileSummaryDetailBylfuId : MethodStart
INFO  2021-09-14 15:03:36,960 LabFileUploadService::? - GetLabFileSummaryDetailBylfuId : MethodFinish
INFO  2021-09-14 15:03:36,975 LabFileUploadService::? - GetLabFileSummaryDetailBylfuId : MethodStart
INFO  2021-09-14 15:03:37,078 LabFileUploadService::? - GetLabFileSummaryDetailBylfuId : MethodFinish
INFO  2021-09-14 15:03:37,118 LabFileUploadService::? - GetLabFileSummaryDetailBylfuId : MethodStart
INFO  2021-09-14 15:03:37,222 LabFileUploadService::? - GetLabFileSummaryDetailBylfuId : MethodFinish
INFO  2021-09-14 15:03:37,237 LabFileUploadService::? - GetLabFileSummaryDetailBylfuId : MethodStart
INFO  2021-09-14 15:03:37,344 LabFileUploadService::? - GetLabFileSummaryDetailBylfuId : MethodFinish
INFO  2021-09-14 15:03:37,363 LabFileUploadService::? - GetLabFileSummaryDetailBylfuId : MethodStart
INFO  2021-09-14 15:03:37,468 LabFileUploadService::? - GetLabFileSummaryDetailBylfuId : MethodFinish
INFO  2021-09-14 15:03:37,488 LabFileUploadService::? - GetLabFileSummaryDetailBylfuId : MethodStart
INFO  2021-09-14 15:03:37,590 LabFileUploadService::? - GetLabFileSummaryDetailBylfuId : MethodFinish
INFO  2021-09-14 15:03:37,605 LabFileUploadService::? - GetLabFileSummaryDetailBylfuId : MethodStart
INFO  2021-09-14 15:03:37,710 LabFileUploadService::? - GetLabFileSummaryDetailBylfuId : MethodFinish
INFO  2021-09-14 15:03:37,727 LabFileUploadService::? - GetLabFileSummaryDetailBylfuId : MethodStart
INFO  2021-09-14 15:03:37,833 LabFileUploadService::? - GetLabFileSummaryDetailBylfuId : MethodFinish
INFO  2021-09-14 15:03:37,859 LabFileUploadService::? - GetLabFileSummaryDetailBylfuId : MethodStart
INFO  2021-09-14 15:03:37,987 LabFileUploadService::? - GetLabFileSummaryDetailBylfuId : MethodFinish
INFO  2021-09-14 15:03:38,013 LabFileUploadService::? - GetLabFileSummaryDetailBylfuId : MethodStart
INFO  2021-09-14 15:03:38,122 LabFileUploadService::? - GetLabFileSummaryDetailBylfuId : MethodFinish
INFO  2021-09-14 15:03:38,163 LabFileUploadService::? - GetLabFileSummaryDetailBylfuId : MethodStart
INFO  2021-09-14 15:03:38,270 LabFileUploadService::? - GetLabFileSummaryDetailBylfuId : MethodFinish
INFO  2021-09-14 15:03:38,285 LabFileUploadService::? - GetLabFileSummaryDetailBylfuId : MethodStart
INFO  2021-09-14 15:03:38,396 LabFileUploadService::? - GetLabFileSummaryDetailBylfuId : MethodFinish
INFO  2021-09-14 15:03:38,420 LabFileUploadService::? - GetLabFileSummaryDetailBylfuId : MethodStart
INFO  2021-09-14 15:03:38,531 LabFileUploadService::? - GetLabFileSummaryDetailBylfuId : MethodFinish
INFO  2021-09-14 15:03:38,566 LabFileUploadService::? - GetLabFileSummaryDetailBylfuId : MethodStart
INFO  2021-09-14 15:03:38,673 LabFileUploadService::? - GetLabFileSummaryDetailBylfuId : MethodFinish
INFO  2021-09-14 15:03:38,688 LabFileUploadService::? - GetLabFileSummaryDetailBylfuId : MethodStart
INFO  2021-09-14 15:03:38,796 LabFileUploadService::? - GetLabFileSummaryDetailBylfuId : MethodFinish
INFO  2021-09-14 15:03:38,811 LabFileUploadService::? - GetLabFileSummaryDetailBylfuId : MethodStart
INFO  2021-09-14 15:03:38,915 LabFileUploadService::? - GetLabFileSummaryDetailBylfuId : MethodFinish
INFO  2021-09-14 15:03:38,949 LabFileUploadService::? - GetLabFileSummaryDetailBylfuId : MethodStart
INFO  2021-09-14 15:03:39,052 LabFileUploadService::? - GetLabFileSummaryDetailBylfuId : MethodFinish
INFO  2021-09-14 15:03:39,068 LabFileUploadService::? - GetLabFileSummaryDetailBylfuId : MethodStart
INFO  2021-09-14 15:03:39,174 LabFileUploadService::? - GetLabFileSummaryDetailBylfuId : MethodFinish
INFO  2021-09-14 15:03:39,205 LabFileUploadService::? - GetLabFileSummaryDetailBylfuId : MethodStart
INFO  2021-09-14 15:03:39,309 LabFileUploadService::? - GetLabFileSummaryDetailBylfuId : MethodFinish
INFO  2021-09-14 15:03:39,326 LabFileUploadService::? - GetLabFileSummaryDetailBylfuId : MethodStart
INFO  2021-09-14 15:03:39,433 LabFileUploadService::? - GetLabFileSummaryDetailBylfuId : MethodFinish
INFO  2021-09-14 15:03:39,456 LabFileUploadService::? - GetLabFileSummaryDetailBylfuId : MethodStart
INFO  2021-09-14 15:03:39,562 LabFileUploadService::? - GetLabFileSummaryDetailBylfuId : MethodFinish
INFO  2021-09-14 15:03:39,598 LabFileUploadService::? - GetLabFileSummaryDetailBylfuId : MethodStart
INFO  2021-09-14 15:03:39,702 LabFileUploadService::? - GetLabFileSummaryDetailBylfuId : MethodFinish
INFO  2021-09-14 15:03:39,717 LabFileUploadService::? - GetLabFileSummaryDetailBylfuId : MethodStart
INFO  2021-09-14 15:03:39,821 LabFileUploadService::? - GetLabFileSummaryDetailBylfuId : MethodFinish
INFO  2021-09-14 15:03:39,836 LabFileUploadService::? - GetLabFileSummaryDetailBylfuId : MethodStart
INFO  2021-09-14 15:03:39,959 LabFileUploadService::? - GetLabFileSummaryDetailBylfuId : MethodFinish
INFO  2021-09-14 15:03:39,973 LabFileUploadService::? - GetLabFileSummaryDetailBylfuId : MethodStart
INFO  2021-09-14 15:03:40,076 LabFileUploadService::? - GetLabFileSummaryDetailBylfuId : MethodFinish
INFO  2021-09-14 15:03:40,143 LabFileUploadService::? - GetLabFileSummaryDetailBylfuId : MethodStart
INFO  2021-09-14 15:03:40,248 LabFileUploadService::? - GetLabFileSummaryDetailBylfuId : MethodFinish
INFO  2021-09-14 15:03:40,309 LabFileUploadService::? - GetLabFileSummaryDetailBylfuId : MethodStart
INFO  2021-09-14 15:03:40,420 LabFileUploadService::? - GetLabFileSummaryDetailBylfuId : MethodFinish
INFO  2021-09-14 15:03:40,442 LabFileUploadService::? - GetLabFileSummaryDetailBylfuId : MethodStart
INFO  2021-09-14 15:03:40,550 LabFileUploadService::? - GetLabFileSummaryDetailBylfuId : MethodFinish
INFO  2021-09-14 15:03:40,568 LabFileUploadService::? - GetLabFileSummaryDetailBylfuId : MethodStart
INFO  2021-09-14 15:03:40,681 LabFileUploadService::? - GetLabFileSummaryDetailBylfuId : MethodFinish
INFO  2021-09-14 15:03:40,721 LabFileUploadService::? - GetLabFileSummaryDetailBylfuId : MethodStart
INFO  2021-09-14 15:03:40,825 LabFileUploadService::? - GetLabFileSummaryDetailBylfuId : MethodFinish
INFO  2021-09-14 15:03:40,871 LabFileUploadService::? - GetLabFileSummaryDetailBylfuId : MethodStart
INFO  2021-09-14 15:03:40,975 LabFileUploadService::? - GetLabFileSummaryDetailBylfuId : MethodFinish
INFO  2021-09-14 15:03:40,993 LabFileUploadService::? - GetLabFileSummaryDetailBylfuId : MethodStart
INFO  2021-09-14 15:03:41,098 LabFileUploadService::? - GetLabFileSummaryDetailBylfuId : MethodFinish
INFO  2021-09-14 15:03:41,114 LabFileUploadService::? - GetLabFileSummaryDetailBylfuId : MethodStart
INFO  2021-09-14 15:03:41,217 LabFileUploadService::? - GetLabFileSummaryDetailBylfuId : MethodFinish
INFO  2021-09-14 15:03:41,245 LabFileUploadService::? - GetLabFileSummaryDetailBylfuId : MethodStart
INFO  2021-09-14 15:03:41,348 LabFileUploadService::? - GetLabFileSummaryDetailBylfuId : MethodFinish
INFO  2021-09-14 15:03:41,373 LabFileUploadService::? - GetLabFileSummaryDetailBylfuId : MethodStart
INFO  2021-09-14 15:03:41,473 LabFileUploadService::? - GetLabFileSummaryDetailBylfuId : MethodFinish
INFO  2021-09-14 15:03:41,487 LabFileUploadService::? - GetLabFileSummaryDetailBylfuId : MethodStart
INFO  2021-09-14 15:03:41,592 LabFileUploadService::? - GetLabFileSummaryDetailBylfuId : MethodFinish
INFO  2021-09-14 15:03:41,608 LabFileUploadService::? - GetLabFileSummaryDetailBylfuId : MethodStart
INFO  2021-09-14 15:03:41,712 LabFileUploadService::? - GetLabFileSummaryDetailBylfuId : MethodFinish
INFO  2021-09-14 15:03:41,753 LabFileUploadService::? - GetLabFileSummaryDetailBylfuId : MethodStart
INFO  2021-09-14 15:03:41,858 LabFileUploadService::? - GetLabFileSummaryDetailBylfuId : MethodFinish
INFO  2021-09-14 15:03:41,876 LabFileUploadService::? - GetLabFileSummaryDetailBylfuId : MethodStart
INFO  2021-09-14 15:03:41,979 LabFileUploadService::? - GetLabFileSummaryDetailBylfuId : MethodFinish
INFO  2021-09-14 15:03:42,016 LabFileUploadService::? - GetLabFileSummaryDetailBylfuId : MethodStart
INFO  2021-09-14 15:03:42,121 LabFileUploadService::? - GetLabFileSummaryDetailBylfuId : MethodFinish
INFO  2021-09-14 15:03:42,171 LabFileUploadService::? - GetLabFileSummaryDetailBylfuId : MethodStart
INFO  2021-09-14 15:03:42,278 LabFileUploadService::? - GetLabFileSummaryDetailBylfuId : MethodFinish
INFO  2021-09-14 15:03:42,294 LabFileUploadService::? - GetLabFileSummaryDetailBylfuId : MethodStart
INFO  2021-09-14 15:03:42,402 LabFileUploadService::? - GetLabFileSummaryDetailBylfuId : MethodFinish
INFO  2021-09-14 15:03:42,442 LabFileUploadService::? - GetLabFileSummaryDetailBylfuId : MethodStart
INFO  2021-09-14 15:03:42,548 LabFileUploadService::? - GetLabFileSummaryDetailBylfuId : MethodFinish
INFO  2021-09-14 15:03:42,592 LabFileUploadService::? - GetLabFileSummaryDetailBylfuId : MethodStart
INFO  2021-09-14 15:03:42,719 LabFileUploadService::? - GetLabFileSummaryDetailBylfuId : MethodFinish
INFO  2021-09-14 15:03:42,735 LabFileUploadService::? - GetLabFileSummaryDetailBylfuId : MethodStart
INFO  2021-09-14 15:03:42,909 LabFileUploadService::? - GetLabFileSummaryDetailBylfuId : MethodFinish
INFO  2021-09-14 15:03:42,927 LabFileUploadService::? - GetLabFileSummaryDetailBylfuId : MethodStart
INFO  2021-09-14 15:03:43,033 LabFileUploadService::? - GetLabFileSummaryDetailBylfuId : MethodFinish
INFO  2021-09-14 15:03:43,066 LabFileUploadService::? - GetLabFileSummaryDetailBylfuId : MethodStart
INFO  2021-09-14 15:03:43,178 LabFileUploadService::? - GetLabFileSummaryDetailBylfuId : MethodFinish
INFO  2021-09-14 15:03:43,215 LabFileUploadService::? - GetLabFileSummaryDetailBylfuId : MethodStart
INFO  2021-09-14 15:03:43,319 LabFileUploadService::? - GetLabFileSummaryDetailBylfuId : MethodFinish
INFO  2021-09-14 15:03:43,334 LabFileUploadService::? - GetLabFileSummaryDetailBylfuId : MethodStart
INFO  2021-09-14 15:03:43,437 LabFileUploadService::? - GetLabFileSummaryDetailBylfuId : MethodFinish
INFO  2021-09-14 15:03:43,465 LabFileUploadService::? - GetLabFileSummaryDetailBylfuId : MethodStart
INFO  2021-09-14 15:03:43,570 LabFileUploadService::? - GetLabFileSummaryDetailBylfuId : MethodFinish
INFO  2021-09-14 15:03:43,588 LabFileUploadService::? - GetLabFileSummaryDetailBylfuId : MethodStart
INFO  2021-09-14 15:03:43,688 LabFileUploadService::? - GetLabFileSummaryDetailBylfuId : MethodFinish
INFO  2021-09-14 15:03:43,732 LabFileUploadService::? - GetLabFileSummaryDetailBylfuId : MethodStart
INFO  2021-09-14 15:03:43,835 LabFileUploadService::? - GetLabFileSummaryDetailBylfuId : MethodFinish
INFO  2021-09-14 15:03:43,853 LabFileUploadService::? - GetLabFileSummaryDetailBylfuId : MethodStart
INFO  2021-09-14 15:03:43,955 LabFileUploadService::? - GetLabFileSummaryDetailBylfuId : MethodFinish
INFO  2021-09-14 15:03:43,970 LabFileUploadService::? - GetLabFileSummaryDetailBylfuId : MethodStart
INFO  2021-09-14 15:03:44,077 LabFileUploadService::? - GetLabFileSummaryDetailBylfuId : MethodFinish
INFO  2021-09-14 15:03:44,106 LabFileUploadService::? - GetLabFileSummaryDetailBylfuId : MethodStart
INFO  2021-09-14 15:03:44,209 LabFileUploadService::? - GetLabFileSummaryDetailBylfuId : MethodFinish
INFO  2021-09-14 15:32:47,377 LabFileUploadService::? - GetLabFileUploadListWithModel : MethodStart
INFO  2021-09-14 15:32:47,693 LabFileUploadService::? - GetLabFileUploadListWithModel : MethodFinish
INFO  2021-09-14 15:33:07,118 LabFileUploadService::? - SaveLabFileUploadData : MethodStart
INFO  2021-09-14 15:33:07,384 LabFileUploadService::? - GetLabFileUploadListWithModel : MethodStart
INFO  2021-09-14 15:33:07,495 LabFileUploadService::? - GetLabFileUploadListWithModel : MethodFinish
INFO  2021-09-14 17:44:27,642 LabFileUploadService::? - GetLabFileUploadListWithModel : MethodStart
INFO  2021-09-14 17:44:27,982 LabFileUploadService::? - GetLabFileUploadListWithModel : MethodFinish
INFO  2021-09-14 17:44:33,073 LabFileUploadService::? - GetLabFileUploadDataById : MethodStart
INFO  2021-09-14 17:44:33,203 LabFileUploadService::? - GetLabFileUploadDataById : MethodFinish
INFO  2021-09-14 17:44:33,223 LabFileUploadService::? - GetLabFileSummaryHeaderBylfuId : MethodStart
INFO  2021-09-14 17:44:33,337 LabFileUploadService::? - GetLabFileSummaryHeaderBylfuId : MethodFinish
INFO  2021-09-14 17:44:33,375 LabFileUploadService::? - GetLabFileErrorHeaderListBylfuId : MethodStart
INFO  2021-09-14 17:44:33,492 LabFileUploadService::? - GetLabFileErrorHeaderListBylfuId : MethodFinish
INFO  2021-09-14 17:44:33,511 LabFileUploadService::? - GetLabFileLabAlertSummaryBylfuId : MethodStart
INFO  2021-09-14 17:44:33,622 LabFileUploadService::? - GetLabFileLabAlertSummaryBylfuId : MethodFinish
INFO  2021-09-14 17:44:33,644 LabFileUploadService::? - GetLabFileSummaryDetailBylfuId : MethodStart
INFO  2021-09-14 17:44:33,757 LabFileUploadService::? - GetLabFileSummaryDetailBylfuId : MethodFinish
INFO  2021-09-14 17:44:33,776 LabFileUploadService::? - GetLabFileSummaryDetailBylfuId : MethodStart
INFO  2021-09-14 17:44:33,887 LabFileUploadService::? - GetLabFileSummaryDetailBylfuId : MethodFinish
INFO  2021-09-14 17:44:48,860 LabFileUploadService::? - SaveLabFileUploadData : MethodStart
INFO  2021-09-14 17:44:49,075 LabFileUploadService::? - GetLabFileUploadDataById : MethodStart
INFO  2021-09-14 17:44:49,187 LabFileUploadService::? - GetLabFileUploadDataById : MethodFinish
INFO  2021-09-14 17:44:49,203 LabFileUploadService::? - GetLabFileSummaryHeaderBylfuId : MethodStart
INFO  2021-09-14 17:44:49,315 LabFileUploadService::? - GetLabFileSummaryHeaderBylfuId : MethodFinish
INFO  2021-09-14 17:44:49,342 LabFileUploadService::? - GetLabFileErrorHeaderListBylfuId : MethodStart
INFO  2021-09-14 17:44:49,450 LabFileUploadService::? - GetLabFileErrorHeaderListBylfuId : MethodFinish
INFO  2021-09-14 17:44:49,498 LabFileUploadService::? - GetLabFileErrorDetailListBylfuId : MethodStart
INFO  2021-09-14 17:44:49,871 LabFileUploadService::? - GetLabFileErrorDetailListBylfuId : MethodFinish
INFO  2021-09-14 17:44:49,892 LabFileUploadService::? - GetLabFileLabAlertSummaryBylfuId : MethodStart
INFO  2021-09-14 17:44:50,001 LabFileUploadService::? - GetLabFileLabAlertSummaryBylfuId : MethodFinish
INFO  2021-09-14 17:44:50,020 LabFileUploadService::? - GetLabFileSummaryDetailBylfuId : MethodStart
INFO  2021-09-14 17:44:50,147 LabFileUploadService::? - GetLabFileSummaryDetailBylfuId : MethodFinish
INFO  2021-09-14 17:44:50,176 LabFileUploadService::? - GetLabFileSummaryDetailBylfuId : MethodStart
INFO  2021-09-14 17:44:50,285 LabFileUploadService::? - GetLabFileSummaryDetailBylfuId : MethodFinish
INFO  2021-09-14 18:01:15,144 LabFileUploadService::? - GetLabFileUploadListWithModel : MethodStart
INFO  2021-09-14 18:01:16,339 LabFileUploadService::? - GetLabFileUploadListWithModel : MethodFinish
INFO  2021-09-14 18:01:51,095 LabFileUploadService::? - GetLabFileUploadDataById : MethodStart
INFO  2021-09-14 18:01:51,275 LabFileUploadService::? - GetLabFileUploadDataById : MethodFinish
INFO  2021-09-14 18:01:51,308 LabFileUploadService::? - GetLabFileSummaryHeaderBylfuId : MethodStart
INFO  2021-09-14 18:01:51,450 LabFileUploadService::? - GetLabFileSummaryHeaderBylfuId : MethodFinish
INFO  2021-09-14 18:01:51,481 LabFileUploadService::? - GetLabFileErrorHeaderListBylfuId : MethodStart
INFO  2021-09-14 18:01:51,592 LabFileUploadService::? - GetLabFileErrorHeaderListBylfuId : MethodFinish
INFO  2021-09-14 18:01:51,620 LabFileUploadService::? - GetLabFileLabAlertSummaryBylfuId : MethodStart
INFO  2021-09-14 18:01:51,731 LabFileUploadService::? - GetLabFileLabAlertSummaryBylfuId : MethodFinish
INFO  2021-09-14 18:01:51,764 LabFileUploadService::? - GetLabFileSummaryDetailBylfuId : MethodStart
INFO  2021-09-14 18:01:51,897 LabFileUploadService::? - GetLabFileSummaryDetailBylfuId : MethodFinish
INFO  2021-09-14 18:01:51,917 LabFileUploadService::? - GetLabFileSummaryDetailBylfuId : MethodStart
INFO  2021-09-14 18:01:52,026 LabFileUploadService::? - GetLabFileSummaryDetailBylfuId : MethodFinish
INFO  2021-09-14 18:03:25,156 LabFileUploadService::? - GetLabFileUploadListWithModel : MethodStart
INFO  2021-09-14 18:03:26,394 LabFileUploadService::? - GetLabFileUploadListWithModel : MethodFinish
INFO  2021-09-14 18:03:39,665 LabFileUploadService::? - GetLabFileUploadDataById : MethodStart
INFO  2021-09-14 18:03:39,846 LabFileUploadService::? - GetLabFileUploadDataById : MethodFinish
INFO  2021-09-14 18:03:39,885 LabFileUploadService::? - GetLabFileSummaryHeaderBylfuId : MethodStart
INFO  2021-09-14 18:03:40,040 LabFileUploadService::? - GetLabFileSummaryHeaderBylfuId : MethodFinish
INFO  2021-09-14 18:03:40,071 LabFileUploadService::? - GetLabFileErrorHeaderListBylfuId : MethodStart
INFO  2021-09-14 18:03:40,186 LabFileUploadService::? - GetLabFileErrorHeaderListBylfuId : MethodFinish
INFO  2021-09-14 18:03:40,218 LabFileUploadService::? - GetLabFileLabAlertSummaryBylfuId : MethodStart
INFO  2021-09-14 18:03:40,331 LabFileUploadService::? - GetLabFileLabAlertSummaryBylfuId : MethodFinish
INFO  2021-09-14 18:03:40,366 LabFileUploadService::? - GetLabFileSummaryDetailBylfuId : MethodStart
INFO  2021-09-14 18:03:40,488 LabFileUploadService::? - GetLabFileSummaryDetailBylfuId : MethodFinish
INFO  2021-09-14 18:03:40,520 LabFileUploadService::? - GetLabFileSummaryDetailBylfuId : MethodStart
INFO  2021-09-14 18:03:40,623 LabFileUploadService::? - GetLabFileSummaryDetailBylfuId : MethodFinish
INFO  2021-09-14 18:03:45,011 LabFileUploadService::? - GetLabFileUploadListWithModel : MethodStart
INFO  2021-09-14 18:03:45,124 LabFileUploadService::? - GetLabFileUploadListWithModel : MethodFinish
INFO  2021-09-14 18:03:49,482 LabFileUploadService::? - GetLabFileUploadDataById : MethodStart
INFO  2021-09-14 18:03:49,593 LabFileUploadService::? - GetLabFileUploadDataById : MethodFinish
INFO  2021-09-14 18:03:49,630 LabFileUploadService::? - GetLabFileSummaryHeaderBylfuId : MethodStart
INFO  2021-09-14 18:03:49,737 LabFileUploadService::? - GetLabFileSummaryHeaderBylfuId : MethodFinish
INFO  2021-09-14 18:03:49,770 LabFileUploadService::? - GetLabFileErrorHeaderListBylfuId : MethodStart
INFO  2021-09-14 18:03:49,872 LabFileUploadService::? - GetLabFileErrorHeaderListBylfuId : MethodFinish
INFO  2021-09-14 18:03:49,927 LabFileUploadService::? - GetLabFileLabAlertSummaryBylfuId : MethodStart
INFO  2021-09-14 18:03:50,034 LabFileUploadService::? - GetLabFileLabAlertSummaryBylfuId : MethodFinish
INFO  2021-09-14 18:03:50,056 LabFileUploadService::? - GetLabFileSummaryDetailBylfuId : MethodStart
INFO  2021-09-14 18:03:50,163 LabFileUploadService::? - GetLabFileSummaryDetailBylfuId : MethodFinish
INFO  2021-09-14 18:03:50,199 LabFileUploadService::? - GetLabFileSummaryDetailBylfuId : MethodStart
INFO  2021-09-14 18:03:50,302 LabFileUploadService::? - GetLabFileSummaryDetailBylfuId : MethodFinish
INFO  2021-09-14 18:03:58,220 LabFileUploadService::? - GetLabFileUploadListWithModel : MethodStart
INFO  2021-09-14 18:03:58,338 LabFileUploadService::? - GetLabFileUploadListWithModel : MethodFinish
INFO  2021-09-14 18:04:02,197 LabFileUploadService::? - GetLabFileUploadDataById : MethodStart
INFO  2021-09-14 18:04:02,311 LabFileUploadService::? - GetLabFileUploadDataById : MethodFinish
INFO  2021-09-14 18:04:02,356 LabFileUploadService::? - GetLabFileSummaryHeaderBylfuId : MethodStart
INFO  2021-09-14 18:04:02,458 LabFileUploadService::? - GetLabFileSummaryHeaderBylfuId : MethodFinish
INFO  2021-09-14 18:04:02,477 LabFileUploadService::? - GetLabFileErrorHeaderListBylfuId : MethodStart
INFO  2021-09-14 18:04:02,579 LabFileUploadService::? - GetLabFileErrorHeaderListBylfuId : MethodFinish
INFO  2021-09-14 18:04:02,599 LabFileUploadService::? - GetLabFileLabAlertSummaryBylfuId : MethodStart
INFO  2021-09-14 18:04:02,705 LabFileUploadService::? - GetLabFileLabAlertSummaryBylfuId : MethodFinish
INFO  2021-09-14 18:04:02,724 LabFileUploadService::? - GetLabFileSummaryDetailBylfuId : MethodStart
INFO  2021-09-14 18:04:02,835 LabFileUploadService::? - GetLabFileSummaryDetailBylfuId : MethodFinish
INFO  2021-09-14 18:04:09,067 LabFileUploadService::? - SaveLabFileUploadData : MethodStart
INFO  2021-09-14 18:04:09,387 LabFileUploadService::? - GetLabFileUploadDataById : MethodStart
INFO  2021-09-14 18:04:09,497 LabFileUploadService::? - GetLabFileUploadDataById : MethodFinish
INFO  2021-09-14 18:04:09,525 LabFileUploadService::? - GetLabFileSummaryHeaderBylfuId : MethodStart
INFO  2021-09-14 18:04:09,628 LabFileUploadService::? - GetLabFileSummaryHeaderBylfuId : MethodFinish
INFO  2021-09-14 18:04:09,693 LabFileUploadService::? - GetLabFileErrorHeaderListBylfuId : MethodStart
INFO  2021-09-14 18:04:09,795 LabFileUploadService::? - GetLabFileErrorHeaderListBylfuId : MethodFinish
INFO  2021-09-14 18:04:09,820 LabFileUploadService::? - GetLabFileErrorDetailListBylfuId : MethodStart
INFO  2021-09-14 18:04:09,985 LabFileUploadService::? - GetLabFileErrorDetailListBylfuId : MethodFinish
INFO  2021-09-14 18:04:10,016 LabFileUploadService::? - GetLabFileLabAlertSummaryBylfuId : MethodStart
INFO  2021-09-14 18:04:10,119 LabFileUploadService::? - GetLabFileLabAlertSummaryBylfuId : MethodFinish
INFO  2021-09-14 18:04:10,182 LabFileUploadService::? - GetLabFileSummaryDetailBylfuId : MethodStart
INFO  2021-09-14 18:04:10,293 LabFileUploadService::? - GetLabFileSummaryDetailBylfuId : MethodFinish
INFO  2021-09-14 18:04:14,539 LabFileUploadService::? - GetLabFileUploadListWithModel : MethodStart
INFO  2021-09-14 18:04:14,655 LabFileUploadService::? - GetLabFileUploadListWithModel : MethodFinish
