INFO  2021-09-01 10:13:50,304 LabFileUploadService::? - GetLabFileUploadListWithModel : MethodStart
INFO  2021-09-01 10:13:53,744 LabFileUploadService::? - GetLabFileUploadListWithModel : MethodFinish
INFO  2021-09-01 10:14:14,442 LabFileUploadService::? - GetLabFileUploadDataById : MethodStart
INFO  2021-09-01 10:14:14,809 LabFileUploadService::? - GetLabFileUploadDataById : MethodFinish
INFO  2021-09-01 10:15:14,944 LabFileUploadService::? - GetLabFileSummaryHeaderBylfuId : MethodStart
INFO  2021-09-01 10:15:15,225 LabFileUploadService::? - GetLabFileSummaryHeaderBylfuId : MethodFinish
INFO  2021-09-01 10:15:16,895 LabFileUploadService::? - GetLabFileErrorHeaderListBylfuId : MethodStart
INFO  2021-09-01 10:15:17,028 LabFileUploadService::? - GetLabFileErrorHeaderListBylfuId : MethodFinish
INFO  2021-09-01 10:15:17,884 LabFileUploadService::? - GetLabFileErrorDetailListBylfuId : MethodStart
INFO  2021-09-01 10:15:18,119 LabFileUploadService::? - GetLabFileErrorDetailListBylfuId : MethodFinish
INFO  2021-09-01 10:15:18,916 LabFileUploadService::? - GetLabFileLabAlertSummaryBylfuId : MethodStart
INFO  2021-09-01 10:15:19,048 LabFileUploadService::? - GetLabFileLabAlertSummaryBylfuId : MethodFinish
INFO  2021-09-01 10:15:27,059 LabFileUploadService::? - GetLabFileSummaryDetailBylfuId : MethodStart
INFO  2021-09-01 10:15:27,198 LabFileUploadService::? - GetLabFileSummaryDetailBylfuId : MethodFinish
INFO  2021-09-01 10:15:29,734 LabFileUploadService::? - GetLabFileSummaryDetailBylfuId : MethodStart
INFO  2021-09-01 10:15:29,904 LabFileUploadService::? - GetLabFileSummaryDetailBylfuId : MethodFinish
INFO  2021-09-01 11:49:31,985 LabFileUploadService::? - GetLabFileUploadListWithModel : MethodStart
INFO  2021-09-01 11:49:33,326 LabFileUploadService::? - GetLabFileUploadListWithModel : MethodFinish
INFO  2021-09-01 12:09:50,656 LabFileUploadService::? - GetLabFileUploadListWithModel : MethodStart
INFO  2021-09-01 12:09:50,971 LabFileUploadService::? - GetLabFileUploadListWithModel : MethodFinish
INFO  2021-09-01 12:14:14,946 LabFileUploadService::? - GetLabFileUploadListWithModel : MethodStart
INFO  2021-09-01 12:14:15,102 LabFileUploadService::? - GetLabFileUploadListWithModel : MethodFinish
INFO  2021-09-01 14:01:00,514 LabFileUploadService::? - GetLabFileUploadListWithModel : MethodStart
INFO  2021-09-01 14:01:01,850 LabFileUploadService::? - GetLabFileUploadListWithModel : MethodFinish
INFO  2021-09-01 14:12:34,880 LabFileUploadService::? - GetLabFileUploadListWithModel : MethodStart
INFO  2021-09-01 14:12:36,229 LabFileUploadService::? - GetLabFileUploadListWithModel : MethodFinish
INFO  2021-09-01 14:18:51,402 LabFileUploadService::? - GetLabFileUploadListWithModel : MethodStart
INFO  2021-09-01 14:18:51,532 LabFileUploadService::? - GetLabFileUploadListWithModel : MethodFinish
INFO  2021-09-01 14:19:32,410 LabFileUploadService::? - GetLabFileUploadListWithModel : MethodStart
INFO  2021-09-01 14:19:32,548 LabFileUploadService::? - GetLabFileUploadListWithModel : MethodFinish
INFO  2021-09-01 15:09:07,324 LabFileUploadService::? - GetLabFileUploadListWithModel : MethodStart
INFO  2021-09-01 15:09:08,525 LabFileUploadService::? - GetLabFileUploadListWithModel : MethodFinish
INFO  2021-09-01 15:15:50,978 LabFileUploadService::? - GetLabFileUploadListWithModel : MethodStart
INFO  2021-09-01 15:15:51,259 LabFileUploadService::? - GetLabFileUploadListWithModel : MethodFinish
INFO  2021-09-01 15:15:59,030 LabFileUploadService::? - GetLabFileUploadListWithModel : MethodStart
INFO  2021-09-01 15:15:59,167 LabFileUploadService::? - GetLabFileUploadListWithModel : MethodFinish
INFO  2021-09-01 15:19:46,509 LabFileUploadService::? - GetLabFileUploadListWithModel : MethodStart
INFO  2021-09-01 15:19:47,839 LabFileUploadService::? - GetLabFileUploadListWithModel : MethodFinish
INFO  2021-09-01 15:25:15,545 LabFileUploadService::? - GetLabFileUploadListWithModel : MethodStart
INFO  2021-09-01 15:25:15,656 LabFileUploadService::? - GetLabFileUploadListWithModel : MethodFinish
INFO  2021-09-01 15:25:17,599 LabFileUploadService::? - GetLabFileUploadListWithModel : MethodStart
INFO  2021-09-01 15:25:17,736 LabFileUploadService::? - GetLabFileUploadListWithModel : MethodFinish
INFO  2021-09-01 15:26:35,387 LabFileUploadService::? - GetLabFileUploadListWithModel : MethodStart
INFO  2021-09-01 15:26:35,497 LabFileUploadService::? - GetLabFileUploadListWithModel : MethodFinish
INFO  2021-09-01 15:26:56,353 LabFileUploadService::? - GetLabFileUploadListWithModel : MethodStart
INFO  2021-09-01 15:26:56,466 LabFileUploadService::? - GetLabFileUploadListWithModel : MethodFinish
INFO  2021-09-01 15:27:00,464 LabFileUploadService::? - GetLabFileUploadListWithModel : MethodStart
INFO  2021-09-01 15:27:00,593 LabFileUploadService::? - GetLabFileUploadListWithModel : MethodFinish
INFO  2021-09-01 16:07:07,780 LabFileUploadService::? - GetLabFileUploadListWithModel : MethodStart
INFO  2021-09-01 16:07:08,987 LabFileUploadService::? - GetLabFileUploadListWithModel : MethodFinish
INFO  2021-09-01 16:30:20,955 LabFileUploadService::? - GetLabFileUploadListWithModel : MethodStart
INFO  2021-09-01 16:30:22,331 LabFileUploadService::? - GetLabFileUploadListWithModel : MethodFinish
INFO  2021-09-01 16:41:05,486 LabFileUploadService::? - GetLabFileUploadListWithModel : MethodStart
INFO  2021-09-01 16:41:06,788 LabFileUploadService::? - GetLabFileUploadListWithModel : MethodFinish
INFO  2021-09-01 17:00:13,894 LabFileUploadService::? - GetLabFileUploadListWithModel : MethodStart
INFO  2021-09-01 17:00:15,109 LabFileUploadService::? - GetLabFileUploadListWithModel : MethodFinish
INFO  2021-09-01 17:11:47,406 LabFileUploadService::? - SaveLabFileUploadData : MethodStart
INFO  2021-09-01 17:11:48,012 LabFileUploadService::? - GetLabFileUploadListWithModel : MethodStart
INFO  2021-09-01 17:11:48,163 LabFileUploadService::? - GetLabFileUploadListWithModel : MethodFinish
INFO  2021-09-01 17:47:49,015 LabFileUploadService::? - GetLabFileUploadListWithModel : MethodStart
INFO  2021-09-01 17:47:50,271 LabFileUploadService::? - GetLabFileUploadListWithModel : MethodFinish
INFO  2021-09-01 17:49:01,007 LabFileUploadService::? - SaveLabFileUploadData : MethodStart
INFO  2021-09-01 17:49:01,302 LabFileUploadService::? - GetLabFileUploadListWithModel : MethodStart
INFO  2021-09-01 17:49:01,441 LabFileUploadService::? - GetLabFileUploadListWithModel : MethodFinish
INFO  2021-09-01 18:00:17,020 LabFileUploadService::? - GetLabFileUploadListWithModel : MethodStart
INFO  2021-09-01 18:00:18,264 LabFileUploadService::? - GetLabFileUploadListWithModel : MethodFinish
INFO  2021-09-01 18:00:54,629 LabFileUploadService::? - SaveLabFileUploadData : MethodStart
INFO  2021-09-01 18:00:54,934 LabFileUploadService::? - GetLabFileUploadListWithModel : MethodStart
INFO  2021-09-01 18:00:55,075 LabFileUploadService::? - GetLabFileUploadListWithModel : MethodFinish
INFO  2021-09-01 18:01:21,463 LabFileUploadService::? - GetLabFileUploadListWithModel : MethodStart
INFO  2021-09-01 18:01:21,570 LabFileUploadService::? - GetLabFileUploadListWithModel : MethodFinish
INFO  2021-09-01 18:01:58,547 LabFileUploadService::? - GetLabFileUploadListWithModel : MethodStart
INFO  2021-09-01 18:01:58,657 LabFileUploadService::? - GetLabFileUploadListWithModel : MethodFinish
INFO  2021-09-01 18:02:03,794 LabFileUploadService::? - GetLabFileUploadListWithModel : MethodStart
INFO  2021-09-01 18:02:03,895 LabFileUploadService::? - GetLabFileUploadListWithModel : MethodFinish
INFO  2021-09-01 22:23:24,067 LabFileUploadService::? - GetLabFileUploadListWithModel : MethodStart
INFO  2021-09-01 22:23:27,334 LabFileUploadService::? - GetLabFileUploadListWithModel : MethodFinish
INFO  2021-09-01 22:24:00,620 LabFileUploadService::? - GetLabFileUploadListWithModel : MethodStart
INFO  2021-09-01 22:24:00,762 LabFileUploadService::? - GetLabFileUploadListWithModel : MethodFinish
INFO  2021-09-01 22:25:01,346 LabFileUploadService::? - SaveLabFileUploadData : MethodStart
INFO  2021-09-01 22:25:02,043 LabFileUploadService::? - GetLabFileUploadListWithModel : MethodStart
INFO  2021-09-01 22:25:02,166 LabFileUploadService::? - GetLabFileUploadListWithModel : MethodFinish
INFO  2021-09-01 22:29:01,108 LabFileUploadService::? - GetLabFileUploadListWithModel : MethodStart
INFO  2021-09-01 22:29:01,234 LabFileUploadService::? - GetLabFileUploadListWithModel : MethodFinish
INFO  2021-09-01 22:29:07,596 LabFileUploadService::? - GetLabFileUploadListWithModel : MethodStart
INFO  2021-09-01 22:29:07,723 LabFileUploadService::? - GetLabFileUploadListWithModel : MethodFinish
INFO  2021-09-01 22:30:02,900 LabFileUploadService::? - GetLabFileUploadListWithModel : MethodStart
INFO  2021-09-01 22:30:03,026 LabFileUploadService::? - GetLabFileUploadListWithModel : MethodFinish
INFO  2021-09-01 22:30:04,708 LabFileUploadService::? - GetLabFileUploadListWithModel : MethodStart
INFO  2021-09-01 22:30:04,835 LabFileUploadService::? - GetLabFileUploadListWithModel : MethodFinish
INFO  2021-09-01 22:30:09,427 LabFileUploadService::? - GetLabFileUploadListWithModel : MethodStart
INFO  2021-09-01 22:30:09,554 LabFileUploadService::? - GetLabFileUploadListWithModel : MethodFinish
INFO  2021-09-01 22:30:23,774 LabFileUploadService::? - SaveLabFileUploadData : MethodStart
INFO  2021-09-01 22:30:23,969 LabFileUploadService::? - GetLabFileUploadListWithModel : MethodStart
INFO  2021-09-01 22:30:24,085 LabFileUploadService::? - GetLabFileUploadListWithModel : MethodFinish
INFO  2021-09-01 22:30:32,599 LabFileUploadService::? - GetLabFileUploadListWithModel : MethodStart
INFO  2021-09-01 22:30:32,728 LabFileUploadService::? - GetLabFileUploadListWithModel : MethodFinish
INFO  2021-09-01 22:50:47,052 LabFileUploadService::? - GetLabFileUploadListWithModel : MethodStart
INFO  2021-09-01 22:50:47,468 LabFileUploadService::? - GetLabFileUploadListWithModel : MethodFinish
INFO  2021-09-01 22:51:04,337 LabFileUploadService::? - SaveLabFileUploadData : MethodStart
INFO  2021-09-01 22:51:04,537 LabFileUploadService::? - GetLabFileUploadListWithModel : MethodStart
INFO  2021-09-01 22:51:04,654 LabFileUploadService::? - GetLabFileUploadListWithModel : MethodFinish
INFO  2021-09-01 22:52:30,272 LabFileUploadService::? - GetLabFileUploadListWithModel : MethodStart
INFO  2021-09-01 22:52:30,383 LabFileUploadService::? - GetLabFileUploadListWithModel : MethodFinish
INFO  2021-09-01 23:50:52,420 LabFileUploadService::? - GetLabFileUploadListWithModel : MethodStart
INFO  2021-09-01 23:50:55,193 LabFileUploadService::? - GetLabFileUploadListWithModel : MethodFinish
INFO  2021-09-01 23:52:07,211 LabFileUploadService::? - SaveLabFileUploadData : MethodStart
INFO  2021-09-01 23:52:07,849 LabFileUploadService::? - GetLabFileUploadListWithModel : MethodStart
INFO  2021-09-01 23:52:08,090 LabFileUploadService::? - GetLabFileUploadListWithModel : MethodFinish
