INFO  2023-05-22 11:01:18,750 LabFileUploadService::? - GetLabFileUploadListWithModel : MethodStart
INFO  2023-05-22 11:01:20,396 LabFileUploadService::? - GetLabFileUploadListWithModel : MethodFinish
INFO  2023-05-22 11:49:20,832 LabFileUploadService::? - GetLabFileUploadListWithModel : MethodStart
INFO  2023-05-22 11:49:22,095 LabFileUploadService::? - GetLabFileUploadListWithModel : MethodFinish
INFO  2023-05-22 11:49:36,203 LabFileUploadService::? - GetLabFileUploadListWithModel : MethodStart
INFO  2023-05-22 11:49:36,355 LabFileUploadService::? - GetLabFileUploadListWithModel : MethodFinish
INFO  2023-05-22 11:49:52,438 LabFileUploadService::? - GetLabFileUploadListWithModel : MethodStart
INFO  2023-05-22 11:49:52,589 LabFileUploadService::? - GetLabFileUploadListWithModel : MethodFinish
INFO  2023-05-22 11:51:17,198 LabFileUploadService::? - GetLabFileUploadListWithModel : MethodStart
INFO  2023-05-22 11:51:17,334 LabFileUploadService::? - GetLabFileUploadListWithModel : MethodFinish
INFO  2023-05-22 11:52:25,962 LabFileUploadService::? - GetLabFileUploadListWithModel : MethodStart
INFO  2023-05-22 11:53:15,998 LabFileUploadService::? - GetLabFileUploadListWithModel : MethodFinish
INFO  2023-05-22 11:55:39,934 LabFileUploadService::? - GetLabFileUploadListWithModel : MethodStart
INFO  2023-05-22 11:56:02,944 LabFileUploadService::? - GetLabFileUploadListWithModel : MethodFinish
INFO  2023-05-22 12:16:56,067 LabFileUploadService::? - GetLabFileUploadListWithModel : MethodStart
INFO  2023-05-22 12:17:29,186 LabFileUploadService::? - GetLabFileUploadListWithModel : MethodFinish
INFO  2023-05-22 12:17:36,843 LabFileUploadService::? - GetLabFileUploadListWithModel : MethodStart
INFO  2023-05-22 12:17:42,222 LabFileUploadService::? - GetLabFileUploadListWithModel : MethodFinish
INFO  2023-05-22 12:22:33,035 LabFileUploadService::? - GetLabFileUploadListWithModel : MethodStart
INFO  2023-05-22 12:22:34,266 LabFileUploadService::? - GetLabFileUploadListWithModel : MethodFinish
INFO  2023-05-22 12:22:49,569 LabFileUploadService::? - GetLabFileExportMappingError : MethodStart
INFO  2023-05-22 12:22:49,795 LabFileUploadService::? - GetLabFileExportMappingError : MethodFinish
INFO  2023-05-22 12:23:48,546 LabFileUploadService::? - SaveLabFileUploadData : MethodStart
INFO  2023-05-22 12:23:48,929 LabFileUploadService::? - GetLabFileUploadListWithModel : MethodStart
INFO  2023-05-22 12:23:49,029 LabFileUploadService::? - GetLabFileUploadListWithModel : MethodFinish
INFO  2023-05-22 12:29:16,925 LabFileUploadService::? - GetLabFileUploadListWithModel : MethodStart
INFO  2023-05-22 12:29:18,276 LabFileUploadService::? - GetLabFileUploadListWithModel : MethodFinish
INFO  2023-05-22 12:30:06,974 LabFileUploadService::? - SaveLabFileUploadData : MethodStart
INFO  2023-05-22 12:30:07,287 LabFileUploadService::? - GetLabFileUploadListWithModel : MethodStart
INFO  2023-05-22 12:30:07,436 LabFileUploadService::? - GetLabFileUploadListWithModel : MethodFinish
INFO  2023-05-22 12:32:37,551 LabFileUploadService::? - GetLabFileUploadListWithModel : MethodStart
INFO  2023-05-22 12:32:37,664 LabFileUploadService::? - GetLabFileUploadListWithModel : MethodFinish
INFO  2023-05-22 12:33:49,311 LabFileUploadService::? - GetLabFileUploadListWithModel : MethodStart
INFO  2023-05-22 12:33:50,523 LabFileUploadService::? - GetLabFileUploadListWithModel : MethodFinish
INFO  2023-05-22 12:34:53,590 LabFileUploadService::? - GetLabFileUploadListWithModel : MethodStart
INFO  2023-05-22 12:34:53,776 LabFileUploadService::? - GetLabFileUploadListWithModel : MethodFinish
INFO  2023-05-22 13:40:54,238 LabFileUploadService::? - GetLabFileUploadListWithModel : MethodStart
INFO  2023-05-22 13:40:54,570 LabFileUploadService::? - GetLabFileUploadListWithModel : MethodFinish
INFO  2023-05-22 14:50:39,506 LabFileUploadService::? - GetLabFileUploadListWithModel : MethodStart
INFO  2023-05-22 14:50:40,752 LabFileUploadService::? - GetLabFileUploadListWithModel : MethodFinish
INFO  2023-05-22 14:50:49,274 LabFileUploadService::? - GenerateBoxNo : MethodStart
INFO  2023-05-22 14:52:35,024 LabFileUploadService::? - GetLabFileUploadListWithModel : MethodStart
INFO  2023-05-22 14:52:36,204 LabFileUploadService::? - GetLabFileUploadListWithModel : MethodFinish
INFO  2023-05-22 14:52:42,778 LabFileUploadService::? - GenerateBoxNo : MethodStart
INFO  2023-05-22 14:59:19,802 LabFileUploadService::? - GetLabFileUploadListWithModel : MethodStart
INFO  2023-05-22 14:59:21,017 LabFileUploadService::? - GetLabFileUploadListWithModel : MethodFinish
INFO  2023-05-22 14:59:26,360 LabFileUploadService::? - GenerateBoxNo : MethodStart
INFO  2023-05-22 15:01:40,135 LabFileUploadService::? - GetLabFileUploadListWithModel : MethodStart
INFO  2023-05-22 15:01:41,388 LabFileUploadService::? - GetLabFileUploadListWithModel : MethodFinish
INFO  2023-05-22 15:01:45,660 LabFileUploadService::? - GenerateBoxNo : MethodStart
INFO  2023-05-22 15:05:12,608 LabFileUploadService::? - GenerateBoxNo : MethodFinish
INFO  2023-05-22 15:05:16,619 LabFileUploadService::? - GenerateBoxNo : MethodStart
INFO  2023-05-22 15:10:51,060 LabFileUploadService::? - GetLabFileUploadListWithModel : MethodStart
INFO  2023-05-22 15:10:52,293 LabFileUploadService::? - GetLabFileUploadListWithModel : MethodFinish
INFO  2023-05-22 15:11:40,185 LabFileUploadService::? - GenerateBoxNo : MethodStart
INFO  2023-05-22 15:12:13,568 LabFileUploadService::? - GenerateBoxNo : MethodFinish
INFO  2023-05-22 15:14:04,821 LabFileUploadService::? - GetLabFileUploadListWithModel : MethodStart
INFO  2023-05-22 15:14:06,016 LabFileUploadService::? - GetLabFileUploadListWithModel : MethodFinish
INFO  2023-05-22 15:14:10,059 LabFileUploadService::? - GenerateBoxNo : MethodStart
INFO  2023-05-22 15:14:10,329 LabFileUploadService::? - GenerateBoxNo : MethodFinish
INFO  2023-05-22 15:14:21,781 LabFileUploadService::? - GenerateBoxNo : MethodStart
INFO  2023-05-22 15:15:02,775 LabFileUploadService::? - GenerateBoxNo : MethodFinish
INFO  2023-05-22 15:18:13,073 LabFileUploadService::? - GetLabFileUploadListWithModel : MethodStart
INFO  2023-05-22 15:18:14,303 LabFileUploadService::? - GetLabFileUploadListWithModel : MethodFinish
INFO  2023-05-22 15:18:20,019 LabFileUploadService::? - GenerateBoxNo : MethodStart
INFO  2023-05-22 15:20:43,491 LabFileUploadService::? - GetLabFileUploadListWithModel : MethodStart
INFO  2023-05-22 15:20:44,921 LabFileUploadService::? - GetLabFileUploadListWithModel : MethodFinish
INFO  2023-05-22 15:20:49,098 LabFileUploadService::? - GenerateBoxNo : MethodStart
INFO  2023-05-22 15:24:19,521 LabFileUploadService::? - GetLabFileUploadListWithModel : MethodStart
INFO  2023-05-22 15:24:20,955 LabFileUploadService::? - GetLabFileUploadListWithModel : MethodFinish
INFO  2023-05-22 15:24:44,209 LabFileUploadService::? - GenerateBoxNo : MethodStart
INFO  2023-05-22 15:24:46,549 LabFileUploadService::? - GenerateBoxNo : MethodFinish
INFO  2023-05-22 15:24:50,131 LabFileUploadService::? - GetLabFileUploadListWithModel : MethodStart
INFO  2023-05-22 15:24:50,260 LabFileUploadService::? - GetLabFileUploadListWithModel : MethodFinish
INFO  2023-05-22 15:25:55,956 LabFileUploadService::? - GenerateBoxNo : MethodStart
INFO  2023-05-22 15:26:38,768 LabFileUploadService::? - GenerateBoxNo : MethodFinish
INFO  2023-05-22 15:39:43,836 LabFileUploadService::? - GetLabFileUploadListWithModel : MethodStart
INFO  2023-05-22 15:39:44,992 LabFileUploadService::? - GetLabFileUploadListWithModel : MethodFinish
INFO  2023-05-22 15:39:48,094 LabFileUploadService::? - GenerateBoxNo : MethodStart
INFO  2023-05-22 15:39:48,335 LabFileUploadService::? - GenerateBoxNo : MethodFinish
INFO  2023-05-22 15:40:21,496 LabFileUploadService::? - GetLabFileUploadDataById : MethodStart
INFO  2023-05-22 15:40:21,670 LabFileUploadService::? - GetLabFileUploadDataById : MethodFinish
INFO  2023-05-22 15:40:21,792 LabFileUploadService::? - GetLabFileSummaryHeaderBylfuId : MethodStart
INFO  2023-05-22 15:40:21,911 LabFileUploadService::? - GetLabFileSummaryHeaderBylfuId : MethodFinish
INFO  2023-05-22 15:40:22,018 LabFileUploadService::? - GetLabFileErrorHeaderListBylfuId : MethodStart
INFO  2023-05-22 15:40:22,133 LabFileUploadService::? - GetLabFileErrorHeaderListBylfuId : MethodFinish
INFO  2023-05-22 15:40:22,232 LabFileUploadService::? - GetLabFileLabAlertSummaryBylfuId : MethodStart
INFO  2023-05-22 15:40:22,338 LabFileUploadService::? - GetLabFileLabAlertSummaryBylfuId : MethodFinish
INFO  2023-05-22 15:40:22,431 LabFileUploadService::? - GetLabFileSummaryDetailBylfuId : MethodStart
INFO  2023-05-22 15:40:22,546 LabFileUploadService::? - GetLabFileSummaryDetailBylfuId : MethodFinish
INFO  2023-05-22 15:40:23,953 LabFileUploadService::? - GetLabFileUploadListWithModel : MethodStart
INFO  2023-05-22 15:40:24,073 LabFileUploadService::? - GetLabFileUploadListWithModel : MethodFinish
INFO  2023-05-22 15:40:26,176 LabFileUploadService::? - GenerateBoxNo : MethodStart
INFO  2023-05-22 15:40:26,309 LabFileUploadService::? - GenerateBoxNo : MethodFinish
INFO  2023-05-22 15:40:34,138 LabFileUploadService::? - GenerateBoxNo : MethodStart
INFO  2023-05-22 15:41:05,287 LabFileUploadService::? - GenerateBoxNo : MethodStart
INFO  2023-05-22 15:41:57,831 LabFileUploadService::? - GenerateBoxNo : MethodFinish
INFO  2023-05-22 15:44:19,620 LabFileUploadService::? - GetLabFileUploadListWithModel : MethodStart
INFO  2023-05-22 15:44:20,723 LabFileUploadService::? - GetLabFileUploadListWithModel : MethodFinish
INFO  2023-05-22 15:44:26,359 LabFileUploadService::? - GenerateBoxNo : MethodStart
INFO  2023-05-22 15:44:44,086 LabFileUploadService::? - GenerateBoxNo : MethodFinish
INFO  2023-05-22 15:44:46,409 LabFileUploadService::? - GenerateBoxNo : MethodStart
INFO  2023-05-22 15:46:03,702 LabFileUploadService::? - GetLabFileUploadListWithModel : MethodStart
INFO  2023-05-22 15:46:04,857 LabFileUploadService::? - GetLabFileUploadListWithModel : MethodFinish
INFO  2023-05-22 15:46:12,208 LabFileUploadService::? - GenerateBoxNo : MethodStart
INFO  2023-05-22 15:47:17,739 LabFileUploadService::? - GenerateBoxNo : MethodFinish
INFO  2023-05-22 15:47:20,675 LabFileUploadService::? - GenerateBoxNo : MethodStart
INFO  2023-05-22 15:50:54,000 LabFileUploadService::? - GetLabFileUploadListWithModel : MethodStart
INFO  2023-05-22 15:50:55,122 LabFileUploadService::? - GetLabFileUploadListWithModel : MethodFinish
INFO  2023-05-22 15:51:11,654 LabFileUploadService::? - GenerateBoxNo : MethodStart
INFO  2023-05-22 15:51:57,318 LabFileUploadService::? - GenerateBoxNo : MethodFinish
INFO  2023-05-22 15:53:56,729 LabFileUploadService::? - GetLabFileUploadListWithModel : MethodStart
INFO  2023-05-22 15:53:57,865 LabFileUploadService::? - GetLabFileUploadListWithModel : MethodFinish
INFO  2023-05-22 15:54:02,726 LabFileUploadService::? - GenerateBoxNo : MethodStart
INFO  2023-05-22 15:54:02,770 LabFileUploadService::? - GetLabFileUploadDataById : MethodStart
INFO  2023-05-22 15:54:02,832 LabFileUploadService::? - GenerateBoxNo : MethodFinish
INFO  2023-05-22 15:54:10,091 LabFileUploadService::? - GenerateBoxNo : MethodStart
INFO  2023-05-22 15:54:15,292 LabFileUploadService::? - GetLabFileUploadDataById : MethodStart
INFO  2023-05-22 15:57:15,274 LabFileUploadService::? - GetLabFileUploadListWithModel : MethodStart
INFO  2023-05-22 15:57:16,561 LabFileUploadService::? - GetLabFileUploadListWithModel : MethodFinish
INFO  2023-05-22 15:57:21,575 LabFileUploadService::? - GenerateBoxNo : MethodStart
INFO  2023-05-22 15:57:23,826 LabFileUploadService::? - GetLabFileUploadDataById : MethodStart
INFO  2023-05-22 15:57:24,045 LabFileUploadService::? - GetLabFileUploadDataById : MethodFinish
INFO  2023-05-22 15:58:09,945 LabFileUploadService::? - GenerateBoxNo : MethodFinish
INFO  2023-05-22 15:58:12,846 LabFileUploadService::? - GenerateBoxNo : MethodStart
INFO  2023-05-22 15:58:14,460 LabFileUploadService::? - GetLabFileUploadDataById : MethodStart
INFO  2023-05-22 15:58:26,698 LabFileUploadService::? - GetLabFileUploadDataById : MethodFinish
INFO  2023-05-22 15:59:45,235 LabFileUploadService::? - GetLabFileUploadListWithModel : MethodStart
INFO  2023-05-22 15:59:46,514 LabFileUploadService::? - GetLabFileUploadListWithModel : MethodFinish
INFO  2023-05-22 15:59:50,527 LabFileUploadService::? - GenerateBoxNo : MethodStart
INFO  2023-05-22 15:59:55,683 LabFileUploadService::? - GetLabFileUploadDataById : MethodStart
INFO  2023-05-22 16:00:37,783 LabFileUploadService::? - GetLabFileUploadDataById : MethodFinish
INFO  2023-05-22 16:04:42,569 LabFileUploadService::? - GetLabFileUploadListWithModel : MethodStart
INFO  2023-05-22 16:04:43,992 LabFileUploadService::? - GetLabFileUploadListWithModel : MethodFinish
INFO  2023-05-22 16:04:53,708 LabFileUploadService::? - GenerateBoxNo : MethodStart
INFO  2023-05-22 16:10:22,588 LabFileUploadService::? - GetLabFileUploadListWithModel : MethodStart
INFO  2023-05-22 16:10:23,868 LabFileUploadService::? - GetLabFileUploadListWithModel : MethodFinish
INFO  2023-05-22 16:10:27,669 LabFileUploadService::? - GenerateBoxNo : MethodStart
INFO  2023-05-22 16:12:48,934 LabFileUploadService::? - GetLabFileUploadListWithModel : MethodStart
INFO  2023-05-22 16:12:50,010 LabFileUploadService::? - GetLabFileUploadListWithModel : MethodFinish
INFO  2023-05-22 16:12:57,715 LabFileUploadService::? - GenerateBoxNo : MethodStart
INFO  2023-05-22 16:13:44,555 LabFileUploadService::? - GenerateBoxNo : MethodFinish
INFO  2023-05-22 16:17:18,352 LabFileUploadService::? - GetLabFileUploadListWithModel : MethodStart
INFO  2023-05-22 16:17:19,557 LabFileUploadService::? - GetLabFileUploadListWithModel : MethodFinish
INFO  2023-05-22 16:17:23,954 LabFileUploadService::? - GenerateBoxNo : MethodStart
INFO  2023-05-22 16:17:36,559 LabFileUploadService::? - GenerateBoxNo : MethodFinish
INFO  2023-05-22 16:19:01,903 LabFileUploadService::? - GetLabFileUploadDataById : MethodStart
INFO  2023-05-22 16:19:02,206 LabFileUploadService::? - GetLabFileUploadDataById : MethodFinish
INFO  2023-05-22 16:19:02,333 LabFileUploadService::? - GetLabFileSummaryHeaderBylfuId : MethodStart
INFO  2023-05-22 16:19:02,444 LabFileUploadService::? - GetLabFileSummaryHeaderBylfuId : MethodFinish
INFO  2023-05-22 16:19:02,535 LabFileUploadService::? - GetLabFileErrorHeaderListBylfuId : MethodStart
INFO  2023-05-22 16:19:02,642 LabFileUploadService::? - GetLabFileErrorHeaderListBylfuId : MethodFinish
INFO  2023-05-22 16:19:02,765 LabFileUploadService::? - GetLabFileLabAlertSummaryBylfuId : MethodStart
INFO  2023-05-22 16:19:02,863 LabFileUploadService::? - GetLabFileLabAlertSummaryBylfuId : MethodFinish
INFO  2023-05-22 16:19:02,969 LabFileUploadService::? - GetLabFileSummaryDetailBylfuId : MethodStart
INFO  2023-05-22 16:19:03,081 LabFileUploadService::? - GetLabFileSummaryDetailBylfuId : MethodFinish
INFO  2023-05-22 16:19:50,038 LabFileUploadService::? - SaveLabFileUploadData : MethodStart
INFO  2023-05-22 16:21:45,188 LabFileUploadService::? - GetLabFileUploadListWithModel : MethodStart
INFO  2023-05-22 16:21:46,337 LabFileUploadService::? - GetLabFileUploadListWithModel : MethodFinish
INFO  2023-05-22 16:21:50,490 LabFileUploadService::? - GenerateBoxNo : MethodStart
INFO  2023-05-22 16:21:50,843 LabFileUploadService::? - GenerateBoxNo : MethodFinish
INFO  2023-05-22 16:22:04,095 LabFileUploadService::? - GenerateBoxNo : MethodStart
INFO  2023-05-22 16:22:32,095 LabFileUploadService::? - GenerateBoxNo : MethodFinish
INFO  2023-05-22 16:23:59,639 LabFileUploadService::? - GetLabFileUploadListWithModel : MethodStart
INFO  2023-05-22 16:24:00,963 LabFileUploadService::? - GetLabFileUploadListWithModel : MethodFinish
INFO  2023-05-22 16:24:04,301 LabFileUploadService::? - GenerateBoxNo : MethodStart
INFO  2023-05-22 16:25:45,874 LabFileUploadService::? - GetLabFileUploadListWithModel : MethodStart
INFO  2023-05-22 16:25:47,012 LabFileUploadService::? - GetLabFileUploadListWithModel : MethodFinish
INFO  2023-05-22 16:25:52,799 LabFileUploadService::? - GenerateBoxNo : MethodStart
INFO  2023-05-22 16:27:49,112 LabFileUploadService::? - GetLabFileUploadListWithModel : MethodStart
INFO  2023-05-22 16:27:50,310 LabFileUploadService::? - GetLabFileUploadListWithModel : MethodFinish
INFO  2023-05-22 16:27:53,641 LabFileUploadService::? - GenerateBoxNo : MethodStart
INFO  2023-05-22 16:28:00,349 LabFileUploadService::? - GenerateBoxNo : MethodFinish
INFO  2023-05-22 16:40:30,775 LabFileUploadService::? - GetLabFileUploadListWithModel : MethodStart
INFO  2023-05-22 16:40:31,991 LabFileUploadService::? - GetLabFileUploadListWithModel : MethodFinish
INFO  2023-05-22 16:40:55,757 LabFileUploadService::? - GenerateBoxNo : MethodStart
INFO  2023-05-22 16:40:56,065 LabFileUploadService::? - GenerateBoxNo : MethodFinish
INFO  2023-05-22 16:41:00,407 LabFileUploadService::? - GetLabFileUploadListWithModel : MethodStart
INFO  2023-05-22 16:41:00,564 LabFileUploadService::? - GetLabFileUploadListWithModel : MethodFinish
INFO  2023-05-22 16:44:11,447 LabFileUploadService::? - GetLabFileUploadListWithModel : MethodStart
INFO  2023-05-22 16:44:11,554 LabFileUploadService::? - GetLabFileUploadListWithModel : MethodFinish
INFO  2023-05-22 16:46:02,867 LabFileUploadService::? - GetLabFileUploadListWithModel : MethodStart
INFO  2023-05-22 16:46:04,088 LabFileUploadService::? - GetLabFileUploadListWithModel : MethodFinish
INFO  2023-05-22 16:46:09,442 LabFileUploadService::? - GenerateBoxNo : MethodStart
INFO  2023-05-22 16:46:09,729 LabFileUploadService::? - GenerateBoxNo : MethodFinish
INFO  2023-05-22 16:46:13,584 LabFileUploadService::? - GetLabFileUploadListWithModel : MethodStart
INFO  2023-05-22 16:46:13,721 LabFileUploadService::? - GetLabFileUploadListWithModel : MethodFinish
INFO  2023-05-22 16:46:57,026 LabFileUploadService::? - GenerateBoxNo : MethodStart
INFO  2023-05-22 16:46:57,228 LabFileUploadService::? - GenerateBoxNo : MethodFinish
INFO  2023-05-22 16:46:58,885 LabFileUploadService::? - GetLabFileUploadListWithModel : MethodStart
INFO  2023-05-22 16:46:58,986 LabFileUploadService::? - GetLabFileUploadListWithModel : MethodFinish
INFO  2023-05-22 16:47:26,224 LabFileUploadService::? - GenerateBoxNo : MethodStart
INFO  2023-05-22 16:47:26,423 LabFileUploadService::? - GenerateBoxNo : MethodFinish
INFO  2023-05-22 16:47:29,621 LabFileUploadService::? - GetLabFileUploadListWithModel : MethodStart
INFO  2023-05-22 16:47:29,730 LabFileUploadService::? - GetLabFileUploadListWithModel : MethodFinish
