INFO  2023-05-29 10:49:39,936 LabFileUploadService::? - GetLabFileUploadListWithModel : MethodStart
INFO  2023-05-29 10:49:41,723 LabFileUploadService::? - GetLabFileUploadListWithModel : MethodFinish
INFO  2023-05-29 10:50:03,268 LabFileUploadService::? - GetLabFileUploadListWithModel : MethodStart
INFO  2023-05-29 10:50:03,583 LabFileUploadService::? - GetLabFileUploadListWithModel : MethodFinish
INFO  2023-05-29 10:52:08,575 LabFileUploadService::? - GetLabFileUploadListWithModel : MethodStart
INFO  2023-05-29 10:52:09,912 LabFileUploadService::? - GetLabFileUploadListWithModel : MethodFinish
INFO  2023-05-29 10:53:31,132 LabFileUploadService::? - GetLabFileUploadListWithModel : MethodStart
INFO  2023-05-29 10:53:31,762 LabFileUploadService::? - GetLabFileUploadListWithModel : MethodFinish
INFO  2023-05-29 10:54:06,362 LabFileUploadService::? - GetLabFileUploadListWithModel : MethodStart
INFO  2023-05-29 10:54:08,811 LabFileUploadService::? - GetLabFileUploadListWithModel : MethodFinish
INFO  2023-05-29 10:54:30,343 LabFileUploadService::? - GetLabFileUploadListWithModel : MethodStart
INFO  2023-05-29 10:56:20,463 LabFileUploadService::? - GetLabFileUploadListWithModel : MethodFinish
INFO  2023-05-29 10:56:30,950 LabFileUploadService::? - GetLabFileUploadListWithModel : MethodStart
INFO  2023-05-29 10:56:51,891 LabFileUploadService::? - GetLabFileUploadListWithModel : MethodFinish
INFO  2023-05-29 11:37:05,633 LabFileUploadService::? - GetLabFileUploadListWithModel : MethodStart
INFO  2023-05-29 11:37:07,113 LabFileUploadService::? - GetLabFileUploadListWithModel : MethodFinish
INFO  2023-05-29 11:37:51,644 LabFileUploadService::? - GetLabFileExportMappingError : MethodStart
INFO  2023-05-29 11:37:52,406 LabFileUploadService::? - GetLabFileExportMappingError : MethodFinish
INFO  2023-05-29 11:51:32,800 LabFileUploadService::? - GetLabFileUploadListWithModel : MethodStart
INFO  2023-05-29 11:51:34,546 LabFileUploadService::? - GetLabFileUploadListWithModel : MethodFinish
INFO  2023-05-29 13:45:04,595 LabFileUploadService::? - GetLabFileUploadListWithModel : MethodStart
INFO  2023-05-29 13:45:05,819 LabFileUploadService::? - GetLabFileUploadListWithModel : MethodFinish
INFO  2023-05-29 14:24:56,283 LabFileUploadService::? - GetLabFileUploadListWithModel : MethodStart
INFO  2023-05-29 14:24:57,771 LabFileUploadService::? - GetLabFileUploadListWithModel : MethodFinish
INFO  2023-05-29 14:26:59,180 LabFileUploadService::? - GetLabFileUploadListWithModel : MethodStart
INFO  2023-05-29 14:27:00,879 LabFileUploadService::? - GetLabFileUploadListWithModel : MethodFinish
INFO  2023-05-29 14:29:43,966 LabFileUploadService::? - GetLabFileUploadListWithModel : MethodStart
INFO  2023-05-29 14:29:45,327 LabFileUploadService::? - GetLabFileUploadListWithModel : MethodFinish
INFO  2023-05-29 14:40:33,980 LabFileUploadService::? - GetLabFileUploadListWithModel : MethodStart
INFO  2023-05-29 14:40:35,150 LabFileUploadService::? - GetLabFileUploadListWithModel : MethodFinish
INFO  2023-05-29 14:41:35,296 LabFileUploadService::? - GetLabFileUploadListWithModel : MethodStart
INFO  2023-05-29 14:41:35,549 LabFileUploadService::? - GetLabFileUploadListWithModel : MethodFinish
INFO  2023-05-29 15:24:23,051 LabFileUploadService::? - GetLabFileUploadListWithModel : MethodStart
INFO  2023-05-29 15:24:24,752 LabFileUploadService::? - GetLabFileUploadListWithModel : MethodFinish
INFO  2023-05-29 15:29:11,427 LabFileUploadService::? - GetLabFileUploadListWithModel : MethodStart
INFO  2023-05-29 15:29:12,773 LabFileUploadService::? - GetLabFileUploadListWithModel : MethodFinish
INFO  2023-05-29 15:29:47,194 LabFileUploadService::? - GetLabFileUploadListWithModel : MethodStart
INFO  2023-05-29 15:29:47,361 LabFileUploadService::? - GetLabFileUploadListWithModel : MethodFinish
INFO  2023-05-29 15:33:23,824 LabFileUploadService::? - GetLabFileUploadListWithModel : MethodStart
INFO  2023-05-29 15:33:25,016 LabFileUploadService::? - GetLabFileUploadListWithModel : MethodFinish
INFO  2023-05-29 15:33:42,071 LabFileUploadService::? - GetLabFileUploadListWithModel : MethodStart
INFO  2023-05-29 15:33:42,379 LabFileUploadService::? - GetLabFileUploadListWithModel : MethodFinish
INFO  2023-05-29 15:35:05,966 LabFileUploadService::? - GetLabFileUploadListWithModel : MethodStart
INFO  2023-05-29 15:35:07,313 LabFileUploadService::? - GetLabFileUploadListWithModel : MethodFinish
INFO  2023-05-29 15:40:10,382 LabFileUploadService::? - GetLabFileUploadListWithModel : MethodStart
INFO  2023-05-29 15:40:11,718 LabFileUploadService::? - GetLabFileUploadListWithModel : MethodFinish
INFO  2023-05-29 15:42:46,967 LabFileUploadService::? - GetLabFileUploadListWithModel : MethodStart
INFO  2023-05-29 15:42:48,227 LabFileUploadService::? - GetLabFileUploadListWithModel : MethodFinish
INFO  2023-05-29 15:46:07,463 LabFileUploadService::? - GetLabFileUploadListWithModel : MethodStart
INFO  2023-05-29 15:46:08,693 LabFileUploadService::? - GetLabFileUploadListWithModel : MethodFinish
INFO  2023-05-29 15:51:55,929 LabFileUploadService::? - GetLabFileUploadListWithModel : MethodStart
INFO  2023-05-29 15:51:57,218 LabFileUploadService::? - GetLabFileUploadListWithModel : MethodFinish
INFO  2023-05-29 15:53:52,570 LabFileUploadService::? - GetLabFileUploadListWithModel : MethodStart
INFO  2023-05-29 15:53:53,980 LabFileUploadService::? - GetLabFileUploadListWithModel : MethodFinish
INFO  2023-05-29 16:07:09,661 LabFileUploadService::? - GetLabFileUploadListWithModel : MethodStart
INFO  2023-05-29 16:07:10,313 LabFileUploadService::? - GetLabFileUploadListWithModel : MethodStart
INFO  2023-05-29 16:07:11,166 LabFileUploadService::? - GetLabFileUploadListWithModel : MethodFinish
INFO  2023-05-29 16:07:11,187 LabFileUploadService::? - GetLabFileUploadListWithModel : MethodFinish
INFO  2023-05-29 16:09:57,681 LabFileUploadService::? - SaveLabFileUploadData : MethodStart
INFO  2023-05-29 16:09:58,048 LabFileUploadService::? - GetLabFileUploadListWithModel : MethodStart
INFO  2023-05-29 16:09:58,174 LabFileUploadService::? - GetLabFileUploadListWithModel : MethodFinish
INFO  2023-05-29 17:50:54,877 LabFileUploadService::? - GetLabFileUploadListWithModel : MethodStart
INFO  2023-05-29 17:50:56,228 LabFileUploadService::? - GetLabFileUploadListWithModel : MethodFinish
INFO  2023-05-29 19:50:42,308 LabFileUploadService::? - GetLabFileUploadListWithModel : MethodStart
INFO  2023-05-29 19:50:43,597 LabFileUploadService::? - GetLabFileUploadListWithModel : MethodFinish
