INFO  2021-08-31 17:51:21,457 LabFileUploadService::? - GetLabFileUploadListWithModel : MethodStart
INFO  2021-08-31 17:51:23,085 LabFileUploadService::? - GetLabFileUploadListWithModel : MethodFinish
INFO  2021-08-31 18:02:54,433 LabFileUploadService::? - GetLabFileUploadListWithModel : MethodStart
INFO  2021-08-31 18:02:55,697 LabFileUploadService::? - GetLabFileUploadListWithModel : MethodFinish
INFO  2021-08-31 21:55:42,470 LabFileUploadService::? - GetLabFileUploadListWithModel : MethodStart
INFO  2021-08-31 22:02:59,009 LabFileUploadService::? - GetLabFileUploadListWithModel : MethodFinish
INFO  2021-08-31 22:04:00,745 LabFileUploadService::? - GetLabFileUploadListWithModel : MethodStart
INFO  2021-08-31 22:04:04,557 LabFileUploadService::? - GetLabFileUploadListWithModel : MethodFinish
INFO  2021-08-31 22:11:23,734 LabFileUploadService::? - GetLabFileUploadListWithModel : MethodStart
INFO  2021-08-31 22:11:26,295 LabFileUploadService::? - GetLabFileUploadListWithModel : MethodFinish
INFO  2021-08-31 22:11:44,027 LabFileUploadService::? - GetLabFileUploadDataById : MethodStart
INFO  2021-08-31 22:11:44,437 LabFileUploadService::? - GetLabFileUploadDataById : MethodFinish
INFO  2021-08-31 22:11:44,491 LabFileUploadService::? - GetLabFileSummaryHeaderBylfuId : MethodStart
INFO  2021-08-31 22:11:44,722 LabFileUploadService::? - GetLabFileSummaryHeaderBylfuId : MethodFinish
INFO  2021-08-31 22:11:44,787 LabFileUploadService::? - GetLabFileErrorHeaderListBylfuId : MethodStart
INFO  2021-08-31 22:11:44,951 LabFileUploadService::? - GetLabFileErrorHeaderListBylfuId : MethodFinish
INFO  2021-08-31 22:11:45,009 LabFileUploadService::? - GetLabFileErrorDetailListBylfuId : MethodStart
INFO  2021-08-31 22:11:45,573 LabFileUploadService::? - GetLabFileErrorDetailListBylfuId : MethodFinish
INFO  2021-08-31 22:11:45,697 LabFileUploadService::? - GetLabFileLabAlertSummaryBylfuId : MethodStart
INFO  2021-08-31 22:11:45,835 LabFileUploadService::? - GetLabFileLabAlertSummaryBylfuId : MethodFinish
INFO  2021-08-31 22:11:45,879 LabFileUploadService::? - GetLabFileSummaryDetailBylfuId : MethodStart
INFO  2021-08-31 22:11:46,035 LabFileUploadService::? - GetLabFileSummaryDetailBylfuId : MethodFinish
INFO  2021-08-31 22:11:46,123 LabFileUploadService::? - GetLabFileSummaryDetailBylfuId : MethodStart
INFO  2021-08-31 22:11:46,251 LabFileUploadService::? - GetLabFileSummaryDetailBylfuId : MethodFinish
INFO  2021-08-31 22:11:48,089 LabFileUploadService::? - GetLabFileUploadListWithModel : MethodStart
INFO  2021-08-31 22:11:48,217 LabFileUploadService::? - GetLabFileUploadListWithModel : MethodFinish
