INFO  2023-05-03 09:06:15,085 LabFileUploadService::? - GetLabFileUploadListWithModel : MethodStart
INFO  2023-05-03 09:06:16,677 LabFileUploadService::? - GetLabFileUploadListWithModel : MethodFinish
INFO  2023-05-03 09:12:48,671 LabFileUploadService::? - GetLabFileUploadListWithModel : MethodStart
INFO  2023-05-03 09:12:49,084 LabFileUploadService::? - GetLabFileUploadListWithModel : MethodFinish
INFO  2023-05-03 09:15:53,392 LabFileUploadService::? - GetLabFileUploadListWithModel : MethodStart
INFO  2023-05-03 09:15:53,542 LabFileUploadService::? - GetLabFileUploadListWithModel : MethodFinish
INFO  2023-05-03 09:24:33,968 LabFileUploadService::? - GetLabFileUploadListWithModel : MethodStart
INFO  2023-05-03 09:24:35,078 LabFileUploadService::? - GetLabFileUploadListWithModel : MethodFinish
INFO  2023-05-03 09:24:50,596 LabFileUploadService::? - GetLabFileUploadListWithModel : MethodStart
INFO  2023-05-03 09:24:50,711 LabFileUploadService::? - GetLabFileUploadListWithModel : MethodFinish
INFO  2023-05-03 09:34:26,247 LabFileUploadService::? - GetLabFileUploadListWithModel : MethodStart
INFO  2023-05-03 09:34:27,417 LabFileUploadService::? - GetLabFileUploadListWithModel : MethodFinish
INFO  2023-05-03 09:34:36,824 LabFileUploadService::? - GetLabFileUploadListWithModel : MethodStart
INFO  2023-05-03 09:34:36,937 LabFileUploadService::? - GetLabFileUploadListWithModel : MethodFinish
INFO  2023-05-03 09:34:43,109 LabFileUploadService::? - GetLabFileUploadListWithModel : MethodStart
INFO  2023-05-03 09:34:43,240 LabFileUploadService::? - GetLabFileUploadListWithModel : MethodFinish
INFO  2023-05-03 13:26:32,056 LabFileUploadService::? - GetLabFileUploadListWithModel : MethodStart
INFO  2023-05-03 13:26:33,503 LabFileUploadService::? - GetLabFileUploadListWithModel : MethodFinish
INFO  2023-05-03 14:15:30,980 LabFileUploadService::? - GetLabFileUploadListWithModel : MethodStart
INFO  2023-05-03 14:15:32,193 LabFileUploadService::? - GetLabFileUploadListWithModel : MethodFinish
INFO  2023-05-03 15:02:31,848 LabFileUploadService::? - GetLabFileUploadListWithModel : MethodStart
INFO  2023-05-03 15:02:33,016 LabFileUploadService::? - GetLabFileUploadListWithModel : MethodFinish
INFO  2023-05-03 15:04:20,577 LabFileUploadService::? - GetLabFileUploadListWithModel : MethodStart
INFO  2023-05-03 15:04:20,690 LabFileUploadService::? - GetLabFileUploadListWithModel : MethodFinish
INFO  2023-05-03 15:04:25,753 LabFileUploadService::? - GetLabFileExportMappingError : MethodStart
INFO  2023-05-03 15:04:25,971 LabFileUploadService::? - GetLabFileExportMappingError : MethodFinish
INFO  2023-05-03 15:05:08,383 LabFileUploadService::? - SaveLabFileUploadData : MethodStart
