INFO  2021-10-01 09:15:52,186 LabFileUploadService::? - GetLabFileUploadListWithModel : MethodStart
INFO  2021-10-01 09:15:54,848 LabFileUploadService::? - GetLabFileUploadListWithModel : MethodFinish
INFO  2021-10-01 09:16:34,450 LabFileUploadService::? - SaveLabFileUploadData : MethodStart
INFO  2021-10-01 09:16:34,848 LabFileUploadService::? - GetLabFileUploadListWithModel : MethodStart
INFO  2021-10-01 09:16:35,020 LabFileUploadService::? - GetLabFileUploadListWithModel : MethodFinish
INFO  2021-10-01 13:30:37,610 LabFileUploadService::? - GetLabFileUploadListWithModel : MethodStart
INFO  2021-10-01 13:30:39,010 LabFileUploadService::? - GetLabFileUploadListWithModel : MethodFinish
INFO  2021-10-01 13:37:19,493 LabFileUploadService::? - GetLabFileUploadListWithModel : MethodStart
INFO  2021-10-01 13:37:20,757 LabFileUploadService::? - GetLabFileUploadListWithModel : MethodFinish
INFO  2021-10-01 13:41:24,618 LabFileUploadService::? - GetLabFileUploadListWithModel : MethodStart
INFO  2021-10-01 13:41:25,781 LabFileUploadService::? - GetLabFileUploadListWithModel : MethodFinish
INFO  2021-10-01 13:41:44,217 LabFileUploadService::? - GetLabFileUploadDataById : MethodStart
INFO  2021-10-01 13:41:44,427 LabFileUploadService::? - GetLabFileUploadDataById : MethodFinish
INFO  2021-10-01 13:41:44,503 LabFileUploadService::? - GetLabFileSummaryHeaderBylfuId : MethodStart
INFO  2021-10-01 13:41:44,661 LabFileUploadService::? - GetLabFileSummaryHeaderBylfuId : MethodFinish
INFO  2021-10-01 13:41:44,740 LabFileUploadService::? - GetLabFileErrorHeaderListBylfuId : MethodStart
INFO  2021-10-01 13:41:44,847 LabFileUploadService::? - GetLabFileErrorHeaderListBylfuId : MethodFinish
INFO  2021-10-01 13:41:44,907 LabFileUploadService::? - GetLabFileLabAlertSummaryBylfuId : MethodStart
INFO  2021-10-01 13:41:45,030 LabFileUploadService::? - GetLabFileLabAlertSummaryBylfuId : MethodFinish
INFO  2021-10-01 13:41:47,622 LabFileUploadService::? - GetLabFileUploadListWithModel : MethodStart
INFO  2021-10-01 13:41:47,728 LabFileUploadService::? - GetLabFileUploadListWithModel : MethodFinish
INFO  2021-10-01 13:52:55,118 LabFileUploadService::? - GetLabFileUploadListWithModel : MethodStart
INFO  2021-10-01 13:52:56,328 LabFileUploadService::? - GetLabFileUploadListWithModel : MethodFinish
INFO  2021-10-01 13:58:27,164 LabFileUploadService::? - GetLabFileUploadListWithModel : MethodStart
INFO  2021-10-01 13:58:28,535 LabFileUploadService::? - GetLabFileUploadListWithModel : MethodFinish
INFO  2021-10-01 15:16:58,693 LabFileUploadService::? - GetLabFileUploadListWithModel : MethodStart
INFO  2021-10-01 15:17:00,003 LabFileUploadService::? - GetLabFileUploadListWithModel : MethodFinish
