INFO  2023-05-02 11:33:22,560 LabFileUploadService::? - GetLabFileUploadListWithModel : MethodStart
INFO  2023-05-02 11:33:24,200 LabFileUploadService::? - GetLabFileUploadListWithModel : MethodFinish
INFO  2023-05-02 12:07:11,426 LabFileUploadService::? - GetLabFileUploadListWithModel : MethodStart
INFO  2023-05-02 12:07:12,650 LabFileUploadService::? - GetLabFileUploadListWithModel : MethodFinish
INFO  2023-05-02 12:07:36,663 LabFileUploadService::? - GetLabFileUploadListWithModel : MethodStart
INFO  2023-05-02 12:07:36,782 LabFileUploadService::? - GetLabFileUploadListWithModel : MethodFinish
INFO  2023-05-02 12:09:57,776 LabFileUploadService::? - GetLabFileUploadListWithModel : MethodStart
INFO  2023-05-02 12:09:58,819 LabFileUploadService::? - GetLabFileUploadListWithModel : MethodFinish
INFO  2023-05-02 12:14:11,975 LabFileUploadService::? - GetLabFileUploadListWithModel : MethodStart
INFO  2023-05-02 12:14:12,980 LabFileUploadService::? - GetLabFileUploadListWithModel : MethodFinish
INFO  2023-05-02 12:18:24,266 LabFileUploadService::? - GetLabFileUploadListWithModel : MethodStart
INFO  2023-05-02 12:18:25,447 LabFileUploadService::? - GetLabFileUploadListWithModel : MethodFinish
INFO  2023-05-02 12:18:46,779 LabFileUploadService::? - GetLabFileExportMappingError : MethodStart
INFO  2023-05-02 12:18:48,355 LabFileUploadService::? - GetLabFileExportMappingError : MethodFinish
INFO  2023-05-02 12:20:53,542 LabFileUploadService::? - GetLabFileUploadListWithModel : MethodStart
INFO  2023-05-02 12:20:53,690 LabFileUploadService::? - GetLabFileUploadListWithModel : MethodFinish
INFO  2023-05-02 12:20:55,870 LabFileUploadService::? - GetLabFileUploadDataById : MethodStart
INFO  2023-05-02 12:20:56,070 LabFileUploadService::? - GetLabFileUploadDataById : MethodFinish
INFO  2023-05-02 12:20:56,153 LabFileUploadService::? - GetLabFileSummaryHeaderBylfuId : MethodStart
INFO  2023-05-02 12:20:56,276 LabFileUploadService::? - GetLabFileSummaryHeaderBylfuId : MethodFinish
INFO  2023-05-02 12:20:56,377 LabFileUploadService::? - GetLabFileErrorHeaderListBylfuId : MethodStart
INFO  2023-05-02 12:20:56,478 LabFileUploadService::? - GetLabFileErrorHeaderListBylfuId : MethodFinish
INFO  2023-05-02 12:20:56,562 LabFileUploadService::? - GetLabFileLabAlertSummaryBylfuId : MethodStart
INFO  2023-05-02 12:20:56,676 LabFileUploadService::? - GetLabFileLabAlertSummaryBylfuId : MethodFinish
INFO  2023-05-02 12:28:21,488 LabFileUploadService::? - GetLabFileUploadListWithModel : MethodStart
INFO  2023-05-02 12:28:22,579 LabFileUploadService::? - GetLabFileUploadListWithModel : MethodFinish
INFO  2023-05-02 14:46:36,057 LabFileUploadService::? - GetLabFileUploadListWithModel : MethodStart
INFO  2023-05-02 14:46:37,332 LabFileUploadService::? - GetLabFileUploadListWithModel : MethodFinish
INFO  2023-05-02 14:50:20,144 LabFileUploadService::? - GetLabFileUploadListWithModel : MethodStart
INFO  2023-05-02 14:50:21,149 LabFileUploadService::? - GetLabFileUploadListWithModel : MethodFinish
INFO  2023-05-02 15:13:12,159 LabFileUploadService::? - GetLabFileUploadListWithModel : MethodStart
INFO  2023-05-02 15:13:13,200 LabFileUploadService::? - GetLabFileUploadListWithModel : MethodFinish
INFO  2023-05-02 15:24:45,882 LabFileUploadService::? - GetLabFileUploadListWithModel : MethodStart
INFO  2023-05-02 15:24:46,936 LabFileUploadService::? - GetLabFileUploadListWithModel : MethodFinish
INFO  2023-05-02 15:34:10,160 LabFileUploadService::? - GetLabFileUploadListWithModel : MethodStart
INFO  2023-05-02 15:34:11,288 LabFileUploadService::? - GetLabFileUploadListWithModel : MethodFinish
INFO  2023-05-02 15:36:05,233 LabFileUploadService::? - GetLabFileUploadListWithModel : MethodStart
INFO  2023-05-02 15:36:06,194 LabFileUploadService::? - GetLabFileUploadListWithModel : MethodFinish
INFO  2023-05-02 15:38:45,739 LabFileUploadService::? - GetLabFileUploadListWithModel : MethodStart
INFO  2023-05-02 15:38:46,720 LabFileUploadService::? - GetLabFileUploadListWithModel : MethodFinish
INFO  2023-05-02 16:05:59,337 LabFileUploadService::? - GetLabFileUploadListWithModel : MethodStart
INFO  2023-05-02 16:06:00,497 LabFileUploadService::? - GetLabFileUploadListWithModel : MethodFinish
INFO  2023-05-02 16:09:07,626 LabFileUploadService::? - GetLabFileUploadListWithModel : MethodStart
INFO  2023-05-02 16:09:08,808 LabFileUploadService::? - GetLabFileUploadListWithModel : MethodFinish
INFO  2023-05-02 16:09:53,012 LabFileUploadService::? - GetLabFileExportMappingError : MethodStart
INFO  2023-05-02 16:11:37,378 LabFileUploadService::? - GetLabFileUploadListWithModel : MethodStart
INFO  2023-05-02 16:11:38,400 LabFileUploadService::? - GetLabFileUploadListWithModel : MethodFinish
INFO  2023-05-02 16:12:00,991 LabFileUploadService::? - GetLabFileExportMappingError : MethodStart
INFO  2023-05-02 16:14:35,959 LabFileUploadService::? - GetLabFileUploadListWithModel : MethodStart
INFO  2023-05-02 16:14:37,087 LabFileUploadService::? - GetLabFileUploadListWithModel : MethodFinish
INFO  2023-05-02 16:14:53,881 LabFileUploadService::? - GetLabFileExportMappingError : MethodStart
INFO  2023-05-02 16:15:02,650 LabFileUploadService::? - GetLabFileExportMappingError : MethodFinish
INFO  2023-05-02 16:16:37,943 LabFileUploadService::? - GetLabFileUploadListWithModel : MethodStart
INFO  2023-05-02 16:16:38,081 LabFileUploadService::? - GetLabFileUploadListWithModel : MethodFinish
INFO  2023-05-02 16:16:52,842 LabFileUploadService::? - GetLabFileExportMappingError : MethodStart
INFO  2023-05-02 16:17:05,465 LabFileUploadService::? - GetLabFileExportMappingError : MethodFinish
INFO  2023-05-02 16:17:38,313 LabFileUploadService::? - GetLabFileExportMappingError : MethodStart
INFO  2023-05-02 16:17:38,532 LabFileUploadService::? - GetLabFileExportMappingError : MethodFinish
INFO  2023-05-02 16:18:53,432 LabFileUploadService::? - GetLabFileExportMappingError : MethodStart
INFO  2023-05-02 16:18:53,655 LabFileUploadService::? - GetLabFileExportMappingError : MethodFinish
INFO  2023-05-02 16:19:47,320 LabFileUploadService::? - GetLabFileExportMappingError : MethodStart
INFO  2023-05-02 16:19:47,538 LabFileUploadService::? - GetLabFileExportMappingError : MethodFinish
INFO  2023-05-02 16:20:14,189 LabFileUploadService::? - GetLabFileExportMappingError : MethodStart
INFO  2023-05-02 16:20:55,995 LabFileUploadService::? - GetLabFileExportMappingError : MethodFinish
INFO  2023-05-02 16:21:45,546 LabFileUploadService::? - GetLabFileUploadListWithModel : MethodStart
INFO  2023-05-02 16:21:46,597 LabFileUploadService::? - GetLabFileUploadListWithModel : MethodFinish
INFO  2023-05-02 16:22:04,082 LabFileUploadService::? - GetLabFileUploadListWithModel : MethodStart
INFO  2023-05-02 16:22:04,209 LabFileUploadService::? - GetLabFileUploadListWithModel : MethodFinish
INFO  2023-05-02 16:22:09,269 LabFileUploadService::? - GetLabFileExportMappingError : MethodStart
INFO  2023-05-02 16:22:09,591 LabFileUploadService::? - GetLabFileExportMappingError : MethodFinish
INFO  2023-05-02 16:22:55,395 LabFileUploadService::? - GetLabFileExportMappingError : MethodStart
INFO  2023-05-02 16:23:56,032 LabFileUploadService::? - GetLabFileExportMappingError : MethodFinish
INFO  2023-05-02 16:26:23,245 LabFileUploadService::? - GetLabFileExportMappingError : MethodStart
INFO  2023-05-02 16:26:28,077 LabFileUploadService::? - GetLabFileExportMappingError : MethodFinish
INFO  2023-05-02 16:29:32,677 LabFileUploadService::? - GetLabFileUploadListWithModel : MethodStart
INFO  2023-05-02 16:29:34,855 LabFileUploadService::? - GetLabFileUploadListWithModel : MethodFinish
INFO  2023-05-02 16:29:40,797 LabFileUploadService::? - GetLabFileExportMappingError : MethodStart
INFO  2023-05-02 16:31:21,797 LabFileUploadService::? - GetLabFileUploadListWithModel : MethodStart
INFO  2023-05-02 16:31:22,988 LabFileUploadService::? - GetLabFileUploadListWithModel : MethodFinish
INFO  2023-05-02 16:31:34,475 LabFileUploadService::? - GetLabFileExportMappingError : MethodStart
INFO  2023-05-02 16:31:52,833 LabFileUploadService::? - GetLabFileExportMappingError : MethodFinish
INFO  2023-05-02 16:40:58,320 LabFileUploadService::? - GetLabFileUploadListWithModel : MethodStart
INFO  2023-05-02 16:40:59,341 LabFileUploadService::? - GetLabFileUploadListWithModel : MethodFinish
INFO  2023-05-02 16:41:28,138 LabFileUploadService::? - GetLabFileExportMappingError : MethodStart
INFO  2023-05-02 16:41:39,544 LabFileUploadService::? - GetLabFileExportMappingError : MethodFinish
INFO  2023-05-02 16:44:54,157 LabFileUploadService::? - GetLabFileUploadListWithModel : MethodStart
INFO  2023-05-02 16:44:55,141 LabFileUploadService::? - GetLabFileUploadListWithModel : MethodFinish
INFO  2023-05-02 16:45:59,738 LabFileUploadService::? - GetLabFileExportMappingError : MethodStart
INFO  2023-05-02 16:46:00,087 LabFileUploadService::? - GetLabFileExportMappingError : MethodFinish
INFO  2023-05-02 16:46:53,990 LabFileUploadService::? - GetLabFileUploadListWithModel : MethodStart
INFO  2023-05-02 16:46:54,119 LabFileUploadService::? - GetLabFileUploadListWithModel : MethodFinish
INFO  2023-05-02 16:46:58,141 LabFileUploadService::? - GetLabFileExportMappingError : MethodStart
INFO  2023-05-02 16:46:58,424 LabFileUploadService::? - GetLabFileExportMappingError : MethodFinish
INFO  2023-05-02 16:48:27,796 LabFileUploadService::? - GetLabFileExportMappingError : MethodStart
INFO  2023-05-02 16:48:27,989 LabFileUploadService::? - GetLabFileExportMappingError : MethodFinish
INFO  2023-05-02 16:50:38,402 LabFileUploadService::? - GetLabFileUploadListWithModel : MethodStart
INFO  2023-05-02 16:50:39,374 LabFileUploadService::? - GetLabFileUploadListWithModel : MethodFinish
INFO  2023-05-02 16:50:55,630 LabFileUploadService::? - GetLabFileUploadListWithModel : MethodStart
INFO  2023-05-02 16:50:55,752 LabFileUploadService::? - GetLabFileUploadListWithModel : MethodFinish
INFO  2023-05-02 16:50:58,925 LabFileUploadService::? - GetLabFileExportMappingError : MethodStart
INFO  2023-05-02 16:50:59,153 LabFileUploadService::? - GetLabFileExportMappingError : MethodFinish
INFO  2023-05-02 16:51:12,928 LabFileUploadService::? - GetLabFileExportMappingError : MethodStart
INFO  2023-05-02 16:51:13,123 LabFileUploadService::? - GetLabFileExportMappingError : MethodFinish
INFO  2023-05-02 16:56:09,307 LabFileUploadService::? - GetLabFileUploadListWithModel : MethodStart
INFO  2023-05-02 16:56:10,424 LabFileUploadService::? - GetLabFileUploadListWithModel : MethodFinish
INFO  2023-05-02 16:57:21,030 LabFileUploadService::? - GetLabFileExportMappingError : MethodStart
INFO  2023-05-02 16:57:21,245 LabFileUploadService::? - GetLabFileExportMappingError : MethodFinish
INFO  2023-05-02 17:06:58,992 LabFileUploadService::? - GetLabFileUploadListWithModel : MethodStart
INFO  2023-05-02 17:06:59,324 LabFileUploadService::? - GetLabFileUploadListWithModel : MethodFinish
INFO  2023-05-02 17:35:05,998 LabFileUploadService::? - GetLabFileUploadListWithModel : MethodStart
INFO  2023-05-02 17:35:14,420 LabFileUploadService::? - GetLabFileUploadListWithModel : MethodFinish
INFO  2023-05-02 17:37:08,192 LabFileUploadService::? - GetLabFileUploadListWithModel : MethodStart
INFO  2023-05-02 17:37:09,225 LabFileUploadService::? - GetLabFileUploadListWithModel : MethodFinish
INFO  2023-05-02 17:41:20,464 LabFileUploadService::? - GetLabFileUploadListWithModel : MethodStart
INFO  2023-05-02 17:41:21,508 LabFileUploadService::? - GetLabFileUploadListWithModel : MethodFinish
INFO  2023-05-02 17:43:17,637 LabFileUploadService::? - GetLabFileUploadListWithModel : MethodStart
INFO  2023-05-02 17:43:18,778 LabFileUploadService::? - GetLabFileUploadListWithModel : MethodFinish
INFO  2023-05-02 17:48:31,191 LabFileUploadService::? - GetLabFileUploadListWithModel : MethodStart
INFO  2023-05-02 17:48:32,309 LabFileUploadService::? - GetLabFileUploadListWithModel : MethodFinish
INFO  2023-05-02 17:50:16,140 LabFileUploadService::? - GetLabFileUploadListWithModel : MethodStart
INFO  2023-05-02 17:50:17,222 LabFileUploadService::? - GetLabFileUploadListWithModel : MethodFinish
INFO  2023-05-02 17:52:17,052 LabFileUploadService::? - GetLabFileUploadListWithModel : MethodStart
INFO  2023-05-02 17:52:18,081 LabFileUploadService::? - GetLabFileUploadListWithModel : MethodFinish
INFO  2023-05-02 17:55:37,809 LabFileUploadService::? - GetLabFileUploadListWithModel : MethodStart
INFO  2023-05-02 17:55:38,860 LabFileUploadService::? - GetLabFileUploadListWithModel : MethodFinish
INFO  2023-05-02 17:57:53,546 LabFileUploadService::? - GetLabFileUploadListWithModel : MethodStart
INFO  2023-05-02 17:57:54,688 LabFileUploadService::? - GetLabFileUploadListWithModel : MethodFinish
INFO  2023-05-02 18:02:39,985 LabFileUploadService::? - GetLabFileUploadListWithModel : MethodStart
INFO  2023-05-02 18:02:41,192 LabFileUploadService::? - GetLabFileUploadListWithModel : MethodFinish
INFO  2023-05-02 18:04:43,631 LabFileUploadService::? - GetLabFileUploadListWithModel : MethodStart
INFO  2023-05-02 18:04:44,699 LabFileUploadService::? - GetLabFileUploadListWithModel : MethodFinish
INFO  2023-05-02 18:05:11,733 LabFileUploadService::? - GetLabFileUploadListWithModel : MethodStart
INFO  2023-05-02 18:05:11,842 LabFileUploadService::? - GetLabFileUploadListWithModel : MethodFinish
INFO  2023-05-02 18:05:15,296 LabFileUploadService::? - GetLabFileExportMappingError : MethodStart
INFO  2023-05-02 18:05:15,611 LabFileUploadService::? - GetLabFileExportMappingError : MethodFinish
INFO  2023-05-02 18:05:25,634 LabFileUploadService::? - GetLabFileExportMappingError : MethodStart
INFO  2023-05-02 18:05:25,822 LabFileUploadService::? - GetLabFileExportMappingError : MethodFinish
