INFO  2021-08-02 13:18:23,571 LabFileUploadService::? - GetLabFileUploadListWithModel : MethodStart
INFO  2021-08-02 13:18:24,730 LabFileUploadService::? - GetLabFileUploadListWithModel : MethodFinish
INFO  2021-08-02 13:18:45,761 LabFileUploadService::? - GetLabFileUploadDataById : MethodStart
INFO  2021-08-02 13:18:45,838 LabFileUploadService::? - GetLabFileUploadDataById : MethodFinish
INFO  2021-08-02 13:18:45,869 LabFileUploadService::? - GetLabFileSummaryHeaderBylfuId : MethodStart
INFO  2021-08-02 13:18:45,923 LabFileUploadService::? - GetLabFileSummaryHeaderBylfuId : MethodFinish
INFO  2021-08-02 13:18:45,947 LabFileUploadService::? - GetLabFileErrorHeaderListBylfuId : MethodStart
INFO  2021-08-02 13:18:45,958 LabFileUploadService::? - GetLabFileErrorHeaderListBylfuId : MethodFinish
INFO  2021-08-02 13:18:45,989 LabFileUploadService::? - GetLabFileErrorDetailListBylfuId : MethodStart
INFO  2021-08-02 13:18:46,205 LabFileUploadService::? - GetLabFileErrorDetailListBylfuId : MethodFinish
INFO  2021-08-02 13:18:46,234 LabFileUploadService::? - GetLabFileLabAlertSummaryBylfuId : MethodStart
INFO  2021-08-02 13:18:46,246 LabFileUploadService::? - GetLabFileLabAlertSummaryBylfuId : MethodFinish
INFO  2021-08-02 13:18:46,270 LabFileUploadService::? - GetLabFileSummaryDetailBylfuId : MethodStart
INFO  2021-08-02 13:18:46,293 LabFileUploadService::? - GetLabFileSummaryDetailBylfuId : MethodFinish
INFO  2021-08-02 13:18:46,310 LabFileUploadService::? - GetLabFileSummaryDetailBylfuId : MethodStart
INFO  2021-08-02 13:18:46,314 LabFileUploadService::? - GetLabFileSummaryDetailBylfuId : MethodFinish
INFO  2021-08-02 13:18:46,352 LabFileUploadService::? - GetLabFileSummaryDetailBylfuId : MethodStart
INFO  2021-08-02 13:18:46,356 LabFileUploadService::? - GetLabFileSummaryDetailBylfuId : MethodFinish
INFO  2021-08-02 13:18:46,373 LabFileUploadService::? - GetLabFileSummaryDetailBylfuId : MethodStart
INFO  2021-08-02 13:18:46,377 LabFileUploadService::? - GetLabFileSummaryDetailBylfuId : MethodFinish
INFO  2021-08-02 14:10:24,495 LabFileUploadService::? - GetLabFileUploadListWithModel : MethodStart
INFO  2021-08-02 14:10:24,526 LabFileUploadService::? - GetLabFileUploadListWithModel : MethodFinish
INFO  2021-08-02 14:10:28,169 LabFileUploadService::? - GetLabFileUploadDataById : MethodStart
INFO  2021-08-02 14:10:28,178 LabFileUploadService::? - GetLabFileUploadDataById : MethodFinish
INFO  2021-08-02 14:10:28,197 LabFileUploadService::? - GetLabFileSummaryHeaderBylfuId : MethodStart
INFO  2021-08-02 14:10:28,218 LabFileUploadService::? - GetLabFileSummaryHeaderBylfuId : MethodFinish
INFO  2021-08-02 14:10:28,242 LabFileUploadService::? - GetLabFileErrorHeaderListBylfuId : MethodStart
INFO  2021-08-02 14:10:28,251 LabFileUploadService::? - GetLabFileErrorHeaderListBylfuId : MethodFinish
INFO  2021-08-02 14:10:28,268 LabFileUploadService::? - GetLabFileErrorDetailListBylfuId : MethodStart
INFO  2021-08-02 14:10:28,485 LabFileUploadService::? - GetLabFileErrorDetailListBylfuId : MethodFinish
INFO  2021-08-02 14:10:28,504 LabFileUploadService::? - GetLabFileLabAlertSummaryBylfuId : MethodStart
INFO  2021-08-02 14:10:28,512 LabFileUploadService::? - GetLabFileLabAlertSummaryBylfuId : MethodFinish
INFO  2021-08-02 14:10:28,534 LabFileUploadService::? - GetLabFileSummaryDetailBylfuId : MethodStart
INFO  2021-08-02 14:10:28,551 LabFileUploadService::? - GetLabFileSummaryDetailBylfuId : MethodFinish
INFO  2021-08-02 14:10:28,572 LabFileUploadService::? - GetLabFileSummaryDetailBylfuId : MethodStart
INFO  2021-08-02 14:10:28,577 LabFileUploadService::? - GetLabFileSummaryDetailBylfuId : MethodFinish
INFO  2021-08-02 14:11:24,282 LabFileUploadService::? - GetLabFileUploadDataById : MethodStart
INFO  2021-08-02 14:11:24,300 LabFileUploadService::? - GetLabFileUploadDataById : MethodFinish
INFO  2021-08-02 14:11:24,325 LabFileUploadService::? - GetLabFileSummaryHeaderBylfuId : MethodStart
INFO  2021-08-02 14:11:24,339 LabFileUploadService::? - GetLabFileSummaryHeaderBylfuId : MethodFinish
INFO  2021-08-02 14:11:24,365 LabFileUploadService::? - GetLabFileErrorHeaderListBylfuId : MethodStart
INFO  2021-08-02 14:11:24,370 LabFileUploadService::? - GetLabFileErrorHeaderListBylfuId : MethodFinish
INFO  2021-08-02 14:11:24,406 LabFileUploadService::? - GetLabFileErrorDetailListBylfuId : MethodStart
INFO  2021-08-02 14:11:24,725 LabFileUploadService::? - GetLabFileErrorDetailListBylfuId : MethodFinish
INFO  2021-08-02 14:11:24,753 LabFileUploadService::? - GetLabFileLabAlertSummaryBylfuId : MethodStart
INFO  2021-08-02 14:11:24,763 LabFileUploadService::? - GetLabFileLabAlertSummaryBylfuId : MethodFinish
INFO  2021-08-02 14:11:24,784 LabFileUploadService::? - GetLabFileSummaryDetailBylfuId : MethodStart
INFO  2021-08-02 14:11:24,794 LabFileUploadService::? - GetLabFileSummaryDetailBylfuId : MethodFinish
INFO  2021-08-02 14:11:24,811 LabFileUploadService::? - GetLabFileSummaryDetailBylfuId : MethodStart
INFO  2021-08-02 14:11:24,816 LabFileUploadService::? - GetLabFileSummaryDetailBylfuId : MethodFinish
INFO  2021-08-02 14:14:08,448 LabFileUploadService::? - GetLabFileUploadListWithModel : MethodStart
INFO  2021-08-02 14:14:08,475 LabFileUploadService::? - GetLabFileUploadListWithModel : MethodFinish
INFO  2021-08-02 14:14:34,550 LabFileUploadService::? - GetLabFileUploadDataById : MethodStart
INFO  2021-08-02 14:14:34,558 LabFileUploadService::? - GetLabFileUploadDataById : MethodFinish
INFO  2021-08-02 14:14:34,585 LabFileUploadService::? - GetLabFileSummaryHeaderBylfuId : MethodStart
INFO  2021-08-02 14:14:34,605 LabFileUploadService::? - GetLabFileSummaryHeaderBylfuId : MethodFinish
INFO  2021-08-02 14:14:34,619 LabFileUploadService::? - GetLabFileErrorHeaderListBylfuId : MethodStart
INFO  2021-08-02 14:14:34,626 LabFileUploadService::? - GetLabFileErrorHeaderListBylfuId : MethodFinish
INFO  2021-08-02 14:14:34,642 LabFileUploadService::? - GetLabFileErrorDetailListBylfuId : MethodStart
INFO  2021-08-02 14:14:34,870 LabFileUploadService::? - GetLabFileErrorDetailListBylfuId : MethodFinish
INFO  2021-08-02 14:14:34,899 LabFileUploadService::? - GetLabFileLabAlertSummaryBylfuId : MethodStart
INFO  2021-08-02 14:14:34,907 LabFileUploadService::? - GetLabFileLabAlertSummaryBylfuId : MethodFinish
INFO  2021-08-02 14:14:34,926 LabFileUploadService::? - GetLabFileSummaryDetailBylfuId : MethodStart
INFO  2021-08-02 14:14:34,935 LabFileUploadService::? - GetLabFileSummaryDetailBylfuId : MethodFinish
INFO  2021-08-02 14:14:34,951 LabFileUploadService::? - GetLabFileSummaryDetailBylfuId : MethodStart
INFO  2021-08-02 14:14:34,958 LabFileUploadService::? - GetLabFileSummaryDetailBylfuId : MethodFinish
INFO  2021-08-02 14:14:37,924 LabFileUploadService::? - GetLabFileUploadListWithModel : MethodStart
INFO  2021-08-02 14:14:37,943 LabFileUploadService::? - GetLabFileUploadListWithModel : MethodFinish
