INFO  2021-08-10 10:04:17,671 LabFileUploadService::? - GetLabFileUploadListWithModel : MethodStart
INFO  2021-08-10 10:04:19,956 LabFileUploadService::? - GetLabFileUploadListWithModel : MethodFinish
INFO  2021-08-10 10:11:57,108 LabFileUploadService::? - GetLabFileUploadDataById : MethodStart
INFO  2021-08-10 10:11:57,195 LabFileUploadService::? - GetLabFileUploadDataById : MethodFinish
INFO  2021-08-10 10:11:57,222 LabFileUploadService::? - GetLabFileSummaryHeaderBylfuId : MethodStart
INFO  2021-08-10 10:11:57,289 LabFileUploadService::? - GetLabFileSummaryHeaderBylfuId : MethodFinish
INFO  2021-08-10 10:11:57,314 LabFileUploadService::? - GetLabFileErrorHeaderListBylfuId : MethodStart
INFO  2021-08-10 10:11:57,329 LabFileUploadService::? - GetLabFileErrorHeaderListBylfuId : MethodFinish
INFO  2021-08-10 10:11:57,351 LabFileUploadService::? - GetLabFileErrorDetailListBylfuId : MethodStart
INFO  2021-08-10 10:11:57,635 LabFileUploadService::? - GetLabFileErrorDetailListBylfuId : MethodFinish
INFO  2021-08-10 10:11:57,669 LabFileUploadService::? - GetLabFileLabAlertSummaryBylfuId : MethodStart
INFO  2021-08-10 10:11:57,682 LabFileUploadService::? - GetLabFileLabAlertSummaryBylfuId : MethodFinish
INFO  2021-08-10 10:11:57,709 LabFileUploadService::? - GetLabFileSummaryDetailBylfuId : MethodStart
INFO  2021-08-10 10:11:57,728 LabFileUploadService::? - GetLabFileSummaryDetailBylfuId : MethodFinish
INFO  2021-08-10 10:11:57,749 LabFileUploadService::? - GetLabFileSummaryDetailBylfuId : MethodStart
INFO  2021-08-10 10:11:57,755 LabFileUploadService::? - GetLabFileSummaryDetailBylfuId : MethodFinish
INFO  2021-08-10 10:11:57,774 LabFileUploadService::? - GetLabFileSummaryDetailBylfuId : MethodStart
INFO  2021-08-10 10:11:57,779 LabFileUploadService::? - GetLabFileSummaryDetailBylfuId : MethodFinish
INFO  2021-08-10 10:11:57,794 LabFileUploadService::? - GetLabFileSummaryDetailBylfuId : MethodStart
INFO  2021-08-10 10:11:57,800 LabFileUploadService::? - GetLabFileSummaryDetailBylfuId : MethodFinish
INFO  2021-08-10 10:11:57,821 LabFileUploadService::? - GetLabFileSummaryDetailBylfuId : MethodStart
INFO  2021-08-10 10:11:57,826 LabFileUploadService::? - GetLabFileSummaryDetailBylfuId : MethodFinish
INFO  2021-08-10 10:11:57,843 LabFileUploadService::? - GetLabFileSummaryDetailBylfuId : MethodStart
INFO  2021-08-10 10:11:57,848 LabFileUploadService::? - GetLabFileSummaryDetailBylfuId : MethodFinish
INFO  2021-08-10 10:11:57,865 LabFileUploadService::? - GetLabFileSummaryDetailBylfuId : MethodStart
INFO  2021-08-10 10:11:57,871 LabFileUploadService::? - GetLabFileSummaryDetailBylfuId : MethodFinish
INFO  2021-08-10 10:11:57,896 LabFileUploadService::? - GetLabFileSummaryDetailBylfuId : MethodStart
INFO  2021-08-10 10:11:57,903 LabFileUploadService::? - GetLabFileSummaryDetailBylfuId : MethodFinish
INFO  2021-08-10 10:11:57,921 LabFileUploadService::? - GetLabFileSummaryDetailBylfuId : MethodStart
INFO  2021-08-10 10:11:57,927 LabFileUploadService::? - GetLabFileSummaryDetailBylfuId : MethodFinish
INFO  2021-08-10 10:11:57,944 LabFileUploadService::? - GetLabFileSummaryDetailBylfuId : MethodStart
INFO  2021-08-10 10:11:57,950 LabFileUploadService::? - GetLabFileSummaryDetailBylfuId : MethodFinish
INFO  2021-08-10 10:11:57,973 LabFileUploadService::? - GetLabFileSummaryDetailBylfuId : MethodStart
INFO  2021-08-10 10:11:57,979 LabFileUploadService::? - GetLabFileSummaryDetailBylfuId : MethodFinish
INFO  2021-08-10 10:11:57,998 LabFileUploadService::? - GetLabFileSummaryDetailBylfuId : MethodStart
INFO  2021-08-10 10:11:58,003 LabFileUploadService::? - GetLabFileSummaryDetailBylfuId : MethodFinish
INFO  2021-08-10 10:11:58,042 LabFileUploadService::? - GetLabFileSummaryDetailBylfuId : MethodStart
INFO  2021-08-10 10:11:58,049 LabFileUploadService::? - GetLabFileSummaryDetailBylfuId : MethodFinish
INFO  2021-08-10 10:11:58,070 LabFileUploadService::? - GetLabFileSummaryDetailBylfuId : MethodStart
INFO  2021-08-10 10:11:58,077 LabFileUploadService::? - GetLabFileSummaryDetailBylfuId : MethodFinish
INFO  2021-08-10 10:11:58,099 LabFileUploadService::? - GetLabFileSummaryDetailBylfuId : MethodStart
INFO  2021-08-10 10:11:58,105 LabFileUploadService::? - GetLabFileSummaryDetailBylfuId : MethodFinish
INFO  2021-08-10 10:11:58,125 LabFileUploadService::? - GetLabFileSummaryDetailBylfuId : MethodStart
INFO  2021-08-10 10:11:58,130 LabFileUploadService::? - GetLabFileSummaryDetailBylfuId : MethodFinish
INFO  2021-08-10 10:11:58,156 LabFileUploadService::? - GetLabFileSummaryDetailBylfuId : MethodStart
INFO  2021-08-10 10:11:58,163 LabFileUploadService::? - GetLabFileSummaryDetailBylfuId : MethodFinish
INFO  2021-08-10 10:11:58,184 LabFileUploadService::? - GetLabFileSummaryDetailBylfuId : MethodStart
INFO  2021-08-10 10:11:58,196 LabFileUploadService::? - GetLabFileSummaryDetailBylfuId : MethodFinish
INFO  2021-08-10 10:11:58,230 LabFileUploadService::? - GetLabFileSummaryDetailBylfuId : MethodStart
INFO  2021-08-10 10:11:58,236 LabFileUploadService::? - GetLabFileSummaryDetailBylfuId : MethodFinish
INFO  2021-08-10 10:11:58,258 LabFileUploadService::? - GetLabFileSummaryDetailBylfuId : MethodStart
INFO  2021-08-10 10:11:58,264 LabFileUploadService::? - GetLabFileSummaryDetailBylfuId : MethodFinish
INFO  2021-08-10 10:11:58,289 LabFileUploadService::? - GetLabFileSummaryDetailBylfuId : MethodStart
INFO  2021-08-10 10:11:58,296 LabFileUploadService::? - GetLabFileSummaryDetailBylfuId : MethodFinish
INFO  2021-08-10 10:11:58,317 LabFileUploadService::? - GetLabFileSummaryDetailBylfuId : MethodStart
INFO  2021-08-10 10:11:58,323 LabFileUploadService::? - GetLabFileSummaryDetailBylfuId : MethodFinish
INFO  2021-08-10 10:11:58,349 LabFileUploadService::? - GetLabFileSummaryDetailBylfuId : MethodStart
INFO  2021-08-10 10:11:58,358 LabFileUploadService::? - GetLabFileSummaryDetailBylfuId : MethodFinish
INFO  2021-08-10 10:11:58,384 LabFileUploadService::? - GetLabFileSummaryDetailBylfuId : MethodStart
INFO  2021-08-10 10:11:58,392 LabFileUploadService::? - GetLabFileSummaryDetailBylfuId : MethodFinish
INFO  2021-08-10 10:11:58,416 LabFileUploadService::? - GetLabFileSummaryDetailBylfuId : MethodStart
INFO  2021-08-10 10:11:58,426 LabFileUploadService::? - GetLabFileSummaryDetailBylfuId : MethodFinish
INFO  2021-08-10 10:11:58,452 LabFileUploadService::? - GetLabFileSummaryDetailBylfuId : MethodStart
INFO  2021-08-10 10:11:58,460 LabFileUploadService::? - GetLabFileSummaryDetailBylfuId : MethodFinish
INFO  2021-08-10 10:11:58,485 LabFileUploadService::? - GetLabFileSummaryDetailBylfuId : MethodStart
INFO  2021-08-10 10:11:58,494 LabFileUploadService::? - GetLabFileSummaryDetailBylfuId : MethodFinish
INFO  2021-08-10 10:11:58,519 LabFileUploadService::? - GetLabFileSummaryDetailBylfuId : MethodStart
INFO  2021-08-10 10:11:58,526 LabFileUploadService::? - GetLabFileSummaryDetailBylfuId : MethodFinish
INFO  2021-08-10 10:11:58,553 LabFileUploadService::? - GetLabFileSummaryDetailBylfuId : MethodStart
INFO  2021-08-10 10:11:58,569 LabFileUploadService::? - GetLabFileSummaryDetailBylfuId : MethodFinish
INFO  2021-08-10 10:11:58,606 LabFileUploadService::? - GetLabFileSummaryDetailBylfuId : MethodStart
INFO  2021-08-10 10:11:58,620 LabFileUploadService::? - GetLabFileSummaryDetailBylfuId : MethodFinish
INFO  2021-08-10 10:11:58,652 LabFileUploadService::? - GetLabFileSummaryDetailBylfuId : MethodStart
INFO  2021-08-10 10:11:58,663 LabFileUploadService::? - GetLabFileSummaryDetailBylfuId : MethodFinish
INFO  2021-08-10 10:11:58,691 LabFileUploadService::? - GetLabFileSummaryDetailBylfuId : MethodStart
INFO  2021-08-10 10:11:58,700 LabFileUploadService::? - GetLabFileSummaryDetailBylfuId : MethodFinish
INFO  2021-08-10 10:11:58,724 LabFileUploadService::? - GetLabFileSummaryDetailBylfuId : MethodStart
INFO  2021-08-10 10:11:58,732 LabFileUploadService::? - GetLabFileSummaryDetailBylfuId : MethodFinish
INFO  2021-08-10 10:11:58,759 LabFileUploadService::? - GetLabFileSummaryDetailBylfuId : MethodStart
INFO  2021-08-10 10:11:58,770 LabFileUploadService::? - GetLabFileSummaryDetailBylfuId : MethodFinish
INFO  2021-08-10 10:11:58,793 LabFileUploadService::? - GetLabFileSummaryDetailBylfuId : MethodStart
INFO  2021-08-10 10:11:58,800 LabFileUploadService::? - GetLabFileSummaryDetailBylfuId : MethodFinish
INFO  2021-08-10 10:11:58,826 LabFileUploadService::? - GetLabFileSummaryDetailBylfuId : MethodStart
INFO  2021-08-10 10:11:58,833 LabFileUploadService::? - GetLabFileSummaryDetailBylfuId : MethodFinish
INFO  2021-08-10 10:11:58,856 LabFileUploadService::? - GetLabFileSummaryDetailBylfuId : MethodStart
INFO  2021-08-10 10:11:58,863 LabFileUploadService::? - GetLabFileSummaryDetailBylfuId : MethodFinish
INFO  2021-08-10 10:11:58,891 LabFileUploadService::? - GetLabFileSummaryDetailBylfuId : MethodStart
INFO  2021-08-10 10:11:58,899 LabFileUploadService::? - GetLabFileSummaryDetailBylfuId : MethodFinish
INFO  2021-08-10 10:11:58,922 LabFileUploadService::? - GetLabFileSummaryDetailBylfuId : MethodStart
INFO  2021-08-10 10:11:58,929 LabFileUploadService::? - GetLabFileSummaryDetailBylfuId : MethodFinish
INFO  2021-08-10 10:11:58,962 LabFileUploadService::? - GetLabFileSummaryDetailBylfuId : MethodStart
INFO  2021-08-10 10:11:58,972 LabFileUploadService::? - GetLabFileSummaryDetailBylfuId : MethodFinish
INFO  2021-08-10 10:11:59,000 LabFileUploadService::? - GetLabFileSummaryDetailBylfuId : MethodStart
INFO  2021-08-10 10:11:59,010 LabFileUploadService::? - GetLabFileSummaryDetailBylfuId : MethodFinish
INFO  2021-08-10 10:11:59,043 LabFileUploadService::? - GetLabFileSummaryDetailBylfuId : MethodStart
INFO  2021-08-10 10:11:59,054 LabFileUploadService::? - GetLabFileSummaryDetailBylfuId : MethodFinish
INFO  2021-08-10 10:11:59,087 LabFileUploadService::? - GetLabFileSummaryDetailBylfuId : MethodStart
INFO  2021-08-10 10:11:59,098 LabFileUploadService::? - GetLabFileSummaryDetailBylfuId : MethodFinish
INFO  2021-08-10 10:11:59,125 LabFileUploadService::? - GetLabFileSummaryDetailBylfuId : MethodStart
INFO  2021-08-10 10:11:59,133 LabFileUploadService::? - GetLabFileSummaryDetailBylfuId : MethodFinish
INFO  2021-08-10 10:11:59,157 LabFileUploadService::? - GetLabFileSummaryDetailBylfuId : MethodStart
INFO  2021-08-10 10:11:59,165 LabFileUploadService::? - GetLabFileSummaryDetailBylfuId : MethodFinish
INFO  2021-08-10 10:11:59,187 LabFileUploadService::? - GetLabFileSummaryDetailBylfuId : MethodStart
INFO  2021-08-10 10:11:59,197 LabFileUploadService::? - GetLabFileSummaryDetailBylfuId : MethodFinish
INFO  2021-08-10 10:11:59,230 LabFileUploadService::? - GetLabFileSummaryDetailBylfuId : MethodStart
INFO  2021-08-10 10:11:59,238 LabFileUploadService::? - GetLabFileSummaryDetailBylfuId : MethodFinish
INFO  2021-08-10 10:11:59,263 LabFileUploadService::? - GetLabFileSummaryDetailBylfuId : MethodStart
INFO  2021-08-10 10:11:59,272 LabFileUploadService::? - GetLabFileSummaryDetailBylfuId : MethodFinish
INFO  2021-08-10 10:11:59,305 LabFileUploadService::? - GetLabFileSummaryDetailBylfuId : MethodStart
INFO  2021-08-10 10:11:59,314 LabFileUploadService::? - GetLabFileSummaryDetailBylfuId : MethodFinish
INFO  2021-08-10 10:11:59,343 LabFileUploadService::? - GetLabFileSummaryDetailBylfuId : MethodStart
INFO  2021-08-10 10:11:59,358 LabFileUploadService::? - GetLabFileSummaryDetailBylfuId : MethodFinish
INFO  2021-08-10 10:11:59,389 LabFileUploadService::? - GetLabFileSummaryDetailBylfuId : MethodStart
INFO  2021-08-10 10:11:59,397 LabFileUploadService::? - GetLabFileSummaryDetailBylfuId : MethodFinish
INFO  2021-08-10 10:11:59,424 LabFileUploadService::? - GetLabFileSummaryDetailBylfuId : MethodStart
INFO  2021-08-10 10:11:59,434 LabFileUploadService::? - GetLabFileSummaryDetailBylfuId : MethodFinish
INFO  2021-08-10 10:11:59,460 LabFileUploadService::? - GetLabFileSummaryDetailBylfuId : MethodStart
INFO  2021-08-10 10:11:59,470 LabFileUploadService::? - GetLabFileSummaryDetailBylfuId : MethodFinish
INFO  2021-08-10 10:11:59,502 LabFileUploadService::? - GetLabFileSummaryDetailBylfuId : MethodStart
INFO  2021-08-10 10:11:59,511 LabFileUploadService::? - GetLabFileSummaryDetailBylfuId : MethodFinish
INFO  2021-08-10 10:11:59,538 LabFileUploadService::? - GetLabFileSummaryDetailBylfuId : MethodStart
INFO  2021-08-10 10:11:59,547 LabFileUploadService::? - GetLabFileSummaryDetailBylfuId : MethodFinish
INFO  2021-08-10 10:11:59,574 LabFileUploadService::? - GetLabFileSummaryDetailBylfuId : MethodStart
INFO  2021-08-10 10:11:59,582 LabFileUploadService::? - GetLabFileSummaryDetailBylfuId : MethodFinish
INFO  2021-08-10 10:11:59,604 LabFileUploadService::? - GetLabFileSummaryDetailBylfuId : MethodStart
INFO  2021-08-10 10:11:59,612 LabFileUploadService::? - GetLabFileSummaryDetailBylfuId : MethodFinish
INFO  2021-08-10 10:11:59,638 LabFileUploadService::? - GetLabFileSummaryDetailBylfuId : MethodStart
INFO  2021-08-10 10:11:59,645 LabFileUploadService::? - GetLabFileSummaryDetailBylfuId : MethodFinish
INFO  2021-08-10 10:11:59,668 LabFileUploadService::? - GetLabFileSummaryDetailBylfuId : MethodStart
INFO  2021-08-10 10:11:59,676 LabFileUploadService::? - GetLabFileSummaryDetailBylfuId : MethodFinish
INFO  2021-08-10 10:11:59,714 LabFileUploadService::? - GetLabFileSummaryDetailBylfuId : MethodStart
INFO  2021-08-10 10:11:59,725 LabFileUploadService::? - GetLabFileSummaryDetailBylfuId : MethodFinish
INFO  2021-08-10 10:11:59,760 LabFileUploadService::? - GetLabFileSummaryDetailBylfuId : MethodStart
INFO  2021-08-10 10:11:59,775 LabFileUploadService::? - GetLabFileSummaryDetailBylfuId : MethodFinish
INFO  2021-08-10 10:11:59,805 LabFileUploadService::? - GetLabFileSummaryDetailBylfuId : MethodStart
INFO  2021-08-10 10:11:59,814 LabFileUploadService::? - GetLabFileSummaryDetailBylfuId : MethodFinish
INFO  2021-08-10 10:11:59,841 LabFileUploadService::? - GetLabFileSummaryDetailBylfuId : MethodStart
INFO  2021-08-10 10:11:59,850 LabFileUploadService::? - GetLabFileSummaryDetailBylfuId : MethodFinish
INFO  2021-08-10 10:11:59,875 LabFileUploadService::? - GetLabFileSummaryDetailBylfuId : MethodStart
INFO  2021-08-10 10:11:59,887 LabFileUploadService::? - GetLabFileSummaryDetailBylfuId : MethodFinish
INFO  2021-08-10 10:11:59,921 LabFileUploadService::? - GetLabFileSummaryDetailBylfuId : MethodStart
INFO  2021-08-10 10:11:59,929 LabFileUploadService::? - GetLabFileSummaryDetailBylfuId : MethodFinish
INFO  2021-08-10 10:11:59,961 LabFileUploadService::? - GetLabFileSummaryDetailBylfuId : MethodStart
INFO  2021-08-10 10:11:59,969 LabFileUploadService::? - GetLabFileSummaryDetailBylfuId : MethodFinish
INFO  2021-08-10 10:11:59,999 LabFileUploadService::? - GetLabFileSummaryDetailBylfuId : MethodStart
INFO  2021-08-10 10:12:00,011 LabFileUploadService::? - GetLabFileSummaryDetailBylfuId : MethodFinish
INFO  2021-08-10 10:12:00,047 LabFileUploadService::? - GetLabFileSummaryDetailBylfuId : MethodStart
INFO  2021-08-10 10:12:00,056 LabFileUploadService::? - GetLabFileSummaryDetailBylfuId : MethodFinish
INFO  2021-08-10 10:12:00,084 LabFileUploadService::? - GetLabFileSummaryDetailBylfuId : MethodStart
INFO  2021-08-10 10:12:00,094 LabFileUploadService::? - GetLabFileSummaryDetailBylfuId : MethodFinish
INFO  2021-08-10 10:12:00,123 LabFileUploadService::? - GetLabFileSummaryDetailBylfuId : MethodStart
INFO  2021-08-10 10:12:00,133 LabFileUploadService::? - GetLabFileSummaryDetailBylfuId : MethodFinish
INFO  2021-08-10 10:12:00,170 LabFileUploadService::? - GetLabFileSummaryDetailBylfuId : MethodStart
INFO  2021-08-10 10:12:00,183 LabFileUploadService::? - GetLabFileSummaryDetailBylfuId : MethodFinish
INFO  2021-08-10 10:12:00,213 LabFileUploadService::? - GetLabFileSummaryDetailBylfuId : MethodStart
INFO  2021-08-10 10:12:00,224 LabFileUploadService::? - GetLabFileSummaryDetailBylfuId : MethodFinish
INFO  2021-08-10 10:12:00,249 LabFileUploadService::? - GetLabFileSummaryDetailBylfuId : MethodStart
INFO  2021-08-10 10:12:00,257 LabFileUploadService::? - GetLabFileSummaryDetailBylfuId : MethodFinish
INFO  2021-08-10 10:12:00,288 LabFileUploadService::? - GetLabFileSummaryDetailBylfuId : MethodStart
INFO  2021-08-10 10:12:00,299 LabFileUploadService::? - GetLabFileSummaryDetailBylfuId : MethodFinish
INFO  2021-08-10 10:12:00,325 LabFileUploadService::? - GetLabFileSummaryDetailBylfuId : MethodStart
INFO  2021-08-10 10:12:00,333 LabFileUploadService::? - GetLabFileSummaryDetailBylfuId : MethodFinish
INFO  2021-08-10 10:12:00,363 LabFileUploadService::? - GetLabFileSummaryDetailBylfuId : MethodStart
INFO  2021-08-10 10:12:00,373 LabFileUploadService::? - GetLabFileSummaryDetailBylfuId : MethodFinish
INFO  2021-08-10 10:12:00,398 LabFileUploadService::? - GetLabFileSummaryDetailBylfuId : MethodStart
INFO  2021-08-10 10:12:00,408 LabFileUploadService::? - GetLabFileSummaryDetailBylfuId : MethodFinish
INFO  2021-08-10 10:12:00,439 LabFileUploadService::? - GetLabFileSummaryDetailBylfuId : MethodStart
INFO  2021-08-10 10:12:00,447 LabFileUploadService::? - GetLabFileSummaryDetailBylfuId : MethodFinish
INFO  2021-08-10 10:12:00,471 LabFileUploadService::? - GetLabFileSummaryDetailBylfuId : MethodStart
INFO  2021-08-10 10:12:00,479 LabFileUploadService::? - GetLabFileSummaryDetailBylfuId : MethodFinish
INFO  2021-08-10 10:12:00,503 LabFileUploadService::? - GetLabFileSummaryDetailBylfuId : MethodStart
INFO  2021-08-10 10:12:00,512 LabFileUploadService::? - GetLabFileSummaryDetailBylfuId : MethodFinish
INFO  2021-08-10 10:12:00,541 LabFileUploadService::? - GetLabFileSummaryDetailBylfuId : MethodStart
INFO  2021-08-10 10:12:00,551 LabFileUploadService::? - GetLabFileSummaryDetailBylfuId : MethodFinish
INFO  2021-08-10 10:12:00,579 LabFileUploadService::? - GetLabFileSummaryDetailBylfuId : MethodStart
INFO  2021-08-10 10:12:00,586 LabFileUploadService::? - GetLabFileSummaryDetailBylfuId : MethodFinish
INFO  2021-08-10 10:12:00,619 LabFileUploadService::? - GetLabFileSummaryDetailBylfuId : MethodStart
INFO  2021-08-10 10:12:00,628 LabFileUploadService::? - GetLabFileSummaryDetailBylfuId : MethodFinish
INFO  2021-08-10 10:12:00,658 LabFileUploadService::? - GetLabFileSummaryDetailBylfuId : MethodStart
INFO  2021-08-10 10:12:00,666 LabFileUploadService::? - GetLabFileSummaryDetailBylfuId : MethodFinish
INFO  2021-08-10 10:12:00,692 LabFileUploadService::? - GetLabFileSummaryDetailBylfuId : MethodStart
INFO  2021-08-10 10:12:00,699 LabFileUploadService::? - GetLabFileSummaryDetailBylfuId : MethodFinish
INFO  2021-08-10 10:12:00,721 LabFileUploadService::? - GetLabFileSummaryDetailBylfuId : MethodStart
INFO  2021-08-10 10:12:00,728 LabFileUploadService::? - GetLabFileSummaryDetailBylfuId : MethodFinish
INFO  2021-08-10 10:12:00,750 LabFileUploadService::? - GetLabFileSummaryDetailBylfuId : MethodStart
INFO  2021-08-10 10:12:00,756 LabFileUploadService::? - GetLabFileSummaryDetailBylfuId : MethodFinish
INFO  2021-08-10 10:12:00,787 LabFileUploadService::? - GetLabFileSummaryDetailBylfuId : MethodStart
INFO  2021-08-10 10:12:00,794 LabFileUploadService::? - GetLabFileSummaryDetailBylfuId : MethodFinish
INFO  2021-08-10 10:12:00,817 LabFileUploadService::? - GetLabFileSummaryDetailBylfuId : MethodStart
INFO  2021-08-10 10:12:00,824 LabFileUploadService::? - GetLabFileSummaryDetailBylfuId : MethodFinish
INFO  2021-08-10 10:12:00,847 LabFileUploadService::? - GetLabFileSummaryDetailBylfuId : MethodStart
INFO  2021-08-10 10:12:00,856 LabFileUploadService::? - GetLabFileSummaryDetailBylfuId : MethodFinish
INFO  2021-08-10 10:12:00,891 LabFileUploadService::? - GetLabFileSummaryDetailBylfuId : MethodStart
INFO  2021-08-10 10:12:00,904 LabFileUploadService::? - GetLabFileSummaryDetailBylfuId : MethodFinish
INFO  2021-08-10 10:12:00,939 LabFileUploadService::? - GetLabFileSummaryDetailBylfuId : MethodStart
INFO  2021-08-10 10:12:00,951 LabFileUploadService::? - GetLabFileSummaryDetailBylfuId : MethodFinish
INFO  2021-08-10 10:12:00,980 LabFileUploadService::? - GetLabFileSummaryDetailBylfuId : MethodStart
INFO  2021-08-10 10:12:00,990 LabFileUploadService::? - GetLabFileSummaryDetailBylfuId : MethodFinish
INFO  2021-08-10 10:12:01,019 LabFileUploadService::? - GetLabFileSummaryDetailBylfuId : MethodStart
INFO  2021-08-10 10:12:01,030 LabFileUploadService::? - GetLabFileSummaryDetailBylfuId : MethodFinish
INFO  2021-08-10 10:12:01,057 LabFileUploadService::? - GetLabFileSummaryDetailBylfuId : MethodStart
INFO  2021-08-10 10:12:01,065 LabFileUploadService::? - GetLabFileSummaryDetailBylfuId : MethodFinish
INFO  2021-08-10 10:12:01,093 LabFileUploadService::? - GetLabFileSummaryDetailBylfuId : MethodStart
INFO  2021-08-10 10:12:01,100 LabFileUploadService::? - GetLabFileSummaryDetailBylfuId : MethodFinish
INFO  2021-08-10 10:12:01,126 LabFileUploadService::? - GetLabFileSummaryDetailBylfuId : MethodStart
INFO  2021-08-10 10:12:01,133 LabFileUploadService::? - GetLabFileSummaryDetailBylfuId : MethodFinish
INFO  2021-08-10 10:12:01,156 LabFileUploadService::? - GetLabFileSummaryDetailBylfuId : MethodStart
INFO  2021-08-10 10:12:01,163 LabFileUploadService::? - GetLabFileSummaryDetailBylfuId : MethodFinish
INFO  2021-08-10 10:12:01,191 LabFileUploadService::? - GetLabFileSummaryDetailBylfuId : MethodStart
INFO  2021-08-10 10:12:01,199 LabFileUploadService::? - GetLabFileSummaryDetailBylfuId : MethodFinish
INFO  2021-08-10 10:12:01,219 LabFileUploadService::? - GetLabFileSummaryDetailBylfuId : MethodStart
INFO  2021-08-10 10:12:01,225 LabFileUploadService::? - GetLabFileSummaryDetailBylfuId : MethodFinish
INFO  2021-08-10 10:12:01,252 LabFileUploadService::? - GetLabFileSummaryDetailBylfuId : MethodStart
INFO  2021-08-10 10:12:01,260 LabFileUploadService::? - GetLabFileSummaryDetailBylfuId : MethodFinish
INFO  2021-08-10 10:12:01,292 LabFileUploadService::? - GetLabFileSummaryDetailBylfuId : MethodStart
INFO  2021-08-10 10:12:01,300 LabFileUploadService::? - GetLabFileSummaryDetailBylfuId : MethodFinish
INFO  2021-08-10 10:12:01,327 LabFileUploadService::? - GetLabFileSummaryDetailBylfuId : MethodStart
INFO  2021-08-10 10:12:01,336 LabFileUploadService::? - GetLabFileSummaryDetailBylfuId : MethodFinish
INFO  2021-08-10 10:12:01,374 LabFileUploadService::? - GetLabFileSummaryDetailBylfuId : MethodStart
INFO  2021-08-10 10:12:01,386 LabFileUploadService::? - GetLabFileSummaryDetailBylfuId : MethodFinish
INFO  2021-08-10 10:12:01,414 LabFileUploadService::? - GetLabFileSummaryDetailBylfuId : MethodStart
INFO  2021-08-10 10:12:01,423 LabFileUploadService::? - GetLabFileSummaryDetailBylfuId : MethodFinish
INFO  2021-08-10 10:12:01,452 LabFileUploadService::? - GetLabFileSummaryDetailBylfuId : MethodStart
INFO  2021-08-10 10:12:01,462 LabFileUploadService::? - GetLabFileSummaryDetailBylfuId : MethodFinish
INFO  2021-08-10 10:12:01,489 LabFileUploadService::? - GetLabFileSummaryDetailBylfuId : MethodStart
INFO  2021-08-10 10:12:01,499 LabFileUploadService::? - GetLabFileSummaryDetailBylfuId : MethodFinish
INFO  2021-08-10 10:12:01,522 LabFileUploadService::? - GetLabFileSummaryDetailBylfuId : MethodStart
INFO  2021-08-10 10:12:01,530 LabFileUploadService::? - GetLabFileSummaryDetailBylfuId : MethodFinish
INFO  2021-08-10 10:12:01,554 LabFileUploadService::? - GetLabFileSummaryDetailBylfuId : MethodStart
INFO  2021-08-10 10:12:01,563 LabFileUploadService::? - GetLabFileSummaryDetailBylfuId : MethodFinish
INFO  2021-08-10 10:12:01,589 LabFileUploadService::? - GetLabFileSummaryDetailBylfuId : MethodStart
INFO  2021-08-10 10:12:01,597 LabFileUploadService::? - GetLabFileSummaryDetailBylfuId : MethodFinish
INFO  2021-08-10 10:12:01,620 LabFileUploadService::? - GetLabFileSummaryDetailBylfuId : MethodStart
INFO  2021-08-10 10:12:01,628 LabFileUploadService::? - GetLabFileSummaryDetailBylfuId : MethodFinish
INFO  2021-08-10 10:12:01,652 LabFileUploadService::? - GetLabFileSummaryDetailBylfuId : MethodStart
INFO  2021-08-10 10:12:01,660 LabFileUploadService::? - GetLabFileSummaryDetailBylfuId : MethodFinish
INFO  2021-08-10 10:12:01,689 LabFileUploadService::? - GetLabFileSummaryDetailBylfuId : MethodStart
INFO  2021-08-10 10:12:01,699 LabFileUploadService::? - GetLabFileSummaryDetailBylfuId : MethodFinish
INFO  2021-08-10 10:12:01,726 LabFileUploadService::? - GetLabFileSummaryDetailBylfuId : MethodStart
INFO  2021-08-10 10:12:01,735 LabFileUploadService::? - GetLabFileSummaryDetailBylfuId : MethodFinish
INFO  2021-08-10 10:12:01,764 LabFileUploadService::? - GetLabFileSummaryDetailBylfuId : MethodStart
INFO  2021-08-10 10:12:01,778 LabFileUploadService::? - GetLabFileSummaryDetailBylfuId : MethodFinish
INFO  2021-08-10 10:12:01,808 LabFileUploadService::? - GetLabFileSummaryDetailBylfuId : MethodStart
INFO  2021-08-10 10:12:01,818 LabFileUploadService::? - GetLabFileSummaryDetailBylfuId : MethodFinish
INFO  2021-08-10 10:12:01,846 LabFileUploadService::? - GetLabFileSummaryDetailBylfuId : MethodStart
INFO  2021-08-10 10:12:01,856 LabFileUploadService::? - GetLabFileSummaryDetailBylfuId : MethodFinish
INFO  2021-08-10 10:12:01,879 LabFileUploadService::? - GetLabFileSummaryDetailBylfuId : MethodStart
INFO  2021-08-10 10:12:01,888 LabFileUploadService::? - GetLabFileSummaryDetailBylfuId : MethodFinish
INFO  2021-08-10 10:12:01,910 LabFileUploadService::? - GetLabFileSummaryDetailBylfuId : MethodStart
INFO  2021-08-10 10:12:01,916 LabFileUploadService::? - GetLabFileSummaryDetailBylfuId : MethodFinish
INFO  2021-08-10 10:12:01,936 LabFileUploadService::? - GetLabFileSummaryDetailBylfuId : MethodStart
INFO  2021-08-10 10:12:01,943 LabFileUploadService::? - GetLabFileSummaryDetailBylfuId : MethodFinish
INFO  2021-08-10 10:12:01,968 LabFileUploadService::? - GetLabFileSummaryDetailBylfuId : MethodStart
INFO  2021-08-10 10:12:01,976 LabFileUploadService::? - GetLabFileSummaryDetailBylfuId : MethodFinish
INFO  2021-08-10 10:12:01,999 LabFileUploadService::? - GetLabFileSummaryDetailBylfuId : MethodStart
INFO  2021-08-10 10:12:02,005 LabFileUploadService::? - GetLabFileSummaryDetailBylfuId : MethodFinish
INFO  2021-08-10 10:12:02,029 LabFileUploadService::? - GetLabFileSummaryDetailBylfuId : MethodStart
INFO  2021-08-10 10:12:02,038 LabFileUploadService::? - GetLabFileSummaryDetailBylfuId : MethodFinish
INFO  2021-08-10 10:12:02,062 LabFileUploadService::? - GetLabFileSummaryDetailBylfuId : MethodStart
INFO  2021-08-10 10:12:02,070 LabFileUploadService::? - GetLabFileSummaryDetailBylfuId : MethodFinish
INFO  2021-08-10 10:12:02,097 LabFileUploadService::? - GetLabFileSummaryDetailBylfuId : MethodStart
INFO  2021-08-10 10:12:02,105 LabFileUploadService::? - GetLabFileSummaryDetailBylfuId : MethodFinish
INFO  2021-08-10 10:12:02,130 LabFileUploadService::? - GetLabFileSummaryDetailBylfuId : MethodStart
INFO  2021-08-10 10:12:02,138 LabFileUploadService::? - GetLabFileSummaryDetailBylfuId : MethodFinish
INFO  2021-08-10 10:12:02,166 LabFileUploadService::? - GetLabFileSummaryDetailBylfuId : MethodStart
INFO  2021-08-10 10:12:02,176 LabFileUploadService::? - GetLabFileSummaryDetailBylfuId : MethodFinish
INFO  2021-08-10 10:12:02,201 LabFileUploadService::? - GetLabFileSummaryDetailBylfuId : MethodStart
INFO  2021-08-10 10:12:02,208 LabFileUploadService::? - GetLabFileSummaryDetailBylfuId : MethodFinish
INFO  2021-08-10 10:12:02,233 LabFileUploadService::? - GetLabFileSummaryDetailBylfuId : MethodStart
INFO  2021-08-10 10:12:02,242 LabFileUploadService::? - GetLabFileSummaryDetailBylfuId : MethodFinish
INFO  2021-08-10 10:12:02,266 LabFileUploadService::? - GetLabFileSummaryDetailBylfuId : MethodStart
INFO  2021-08-10 10:12:02,274 LabFileUploadService::? - GetLabFileSummaryDetailBylfuId : MethodFinish
INFO  2021-08-10 10:12:02,304 LabFileUploadService::? - GetLabFileSummaryDetailBylfuId : MethodStart
INFO  2021-08-10 10:12:02,311 LabFileUploadService::? - GetLabFileSummaryDetailBylfuId : MethodFinish
INFO  2021-08-10 10:12:02,335 LabFileUploadService::? - GetLabFileSummaryDetailBylfuId : MethodStart
INFO  2021-08-10 10:12:02,341 LabFileUploadService::? - GetLabFileSummaryDetailBylfuId : MethodFinish
INFO  2021-08-10 10:12:02,368 LabFileUploadService::? - GetLabFileSummaryDetailBylfuId : MethodStart
INFO  2021-08-10 10:12:02,377 LabFileUploadService::? - GetLabFileSummaryDetailBylfuId : MethodFinish
INFO  2021-08-10 10:12:02,399 LabFileUploadService::? - GetLabFileSummaryDetailBylfuId : MethodStart
INFO  2021-08-10 10:12:02,407 LabFileUploadService::? - GetLabFileSummaryDetailBylfuId : MethodFinish
INFO  2021-08-10 10:12:02,435 LabFileUploadService::? - GetLabFileSummaryDetailBylfuId : MethodStart
INFO  2021-08-10 10:12:02,444 LabFileUploadService::? - GetLabFileSummaryDetailBylfuId : MethodFinish
INFO  2021-08-10 10:12:02,468 LabFileUploadService::? - GetLabFileSummaryDetailBylfuId : MethodStart
INFO  2021-08-10 10:12:02,476 LabFileUploadService::? - GetLabFileSummaryDetailBylfuId : MethodFinish
INFO  2021-08-10 10:12:02,505 LabFileUploadService::? - GetLabFileSummaryDetailBylfuId : MethodStart
INFO  2021-08-10 10:12:02,514 LabFileUploadService::? - GetLabFileSummaryDetailBylfuId : MethodFinish
INFO  2021-08-10 10:12:02,538 LabFileUploadService::? - GetLabFileSummaryDetailBylfuId : MethodStart
INFO  2021-08-10 10:12:02,546 LabFileUploadService::? - GetLabFileSummaryDetailBylfuId : MethodFinish
INFO  2021-08-10 10:12:02,575 LabFileUploadService::? - GetLabFileSummaryDetailBylfuId : MethodStart
INFO  2021-08-10 10:12:02,583 LabFileUploadService::? - GetLabFileSummaryDetailBylfuId : MethodFinish
INFO  2021-08-10 10:12:02,606 LabFileUploadService::? - GetLabFileSummaryDetailBylfuId : MethodStart
INFO  2021-08-10 10:12:02,612 LabFileUploadService::? - GetLabFileSummaryDetailBylfuId : MethodFinish
INFO  2021-08-10 10:12:02,635 LabFileUploadService::? - GetLabFileSummaryDetailBylfuId : MethodStart
INFO  2021-08-10 10:12:02,642 LabFileUploadService::? - GetLabFileSummaryDetailBylfuId : MethodFinish
INFO  2021-08-10 10:12:02,668 LabFileUploadService::? - GetLabFileSummaryDetailBylfuId : MethodStart
INFO  2021-08-10 10:12:02,675 LabFileUploadService::? - GetLabFileSummaryDetailBylfuId : MethodFinish
INFO  2021-08-10 10:12:02,702 LabFileUploadService::? - GetLabFileSummaryDetailBylfuId : MethodStart
INFO  2021-08-10 10:12:02,709 LabFileUploadService::? - GetLabFileSummaryDetailBylfuId : MethodFinish
INFO  2021-08-10 10:12:02,731 LabFileUploadService::? - GetLabFileSummaryDetailBylfuId : MethodStart
INFO  2021-08-10 10:12:02,737 LabFileUploadService::? - GetLabFileSummaryDetailBylfuId : MethodFinish
INFO  2021-08-10 10:12:02,763 LabFileUploadService::? - GetLabFileSummaryDetailBylfuId : MethodStart
INFO  2021-08-10 10:12:02,773 LabFileUploadService::? - GetLabFileSummaryDetailBylfuId : MethodFinish
INFO  2021-08-10 10:12:02,800 LabFileUploadService::? - GetLabFileSummaryDetailBylfuId : MethodStart
INFO  2021-08-10 10:12:02,808 LabFileUploadService::? - GetLabFileSummaryDetailBylfuId : MethodFinish
INFO  2021-08-10 10:12:02,831 LabFileUploadService::? - GetLabFileSummaryDetailBylfuId : MethodStart
INFO  2021-08-10 10:12:02,838 LabFileUploadService::? - GetLabFileSummaryDetailBylfuId : MethodFinish
INFO  2021-08-10 10:12:02,861 LabFileUploadService::? - GetLabFileSummaryDetailBylfuId : MethodStart
INFO  2021-08-10 10:12:02,868 LabFileUploadService::? - GetLabFileSummaryDetailBylfuId : MethodFinish
INFO  2021-08-10 10:12:02,894 LabFileUploadService::? - GetLabFileSummaryDetailBylfuId : MethodStart
INFO  2021-08-10 10:12:02,902 LabFileUploadService::? - GetLabFileSummaryDetailBylfuId : MethodFinish
INFO  2021-08-10 10:12:02,924 LabFileUploadService::? - GetLabFileSummaryDetailBylfuId : MethodStart
INFO  2021-08-10 10:12:02,931 LabFileUploadService::? - GetLabFileSummaryDetailBylfuId : MethodFinish
INFO  2021-08-10 10:12:02,953 LabFileUploadService::? - GetLabFileSummaryDetailBylfuId : MethodStart
INFO  2021-08-10 10:12:02,961 LabFileUploadService::? - GetLabFileSummaryDetailBylfuId : MethodFinish
INFO  2021-08-10 10:12:02,986 LabFileUploadService::? - GetLabFileSummaryDetailBylfuId : MethodStart
INFO  2021-08-10 10:12:02,993 LabFileUploadService::? - GetLabFileSummaryDetailBylfuId : MethodFinish
INFO  2021-08-10 10:12:03,018 LabFileUploadService::? - GetLabFileSummaryDetailBylfuId : MethodStart
INFO  2021-08-10 10:12:03,026 LabFileUploadService::? - GetLabFileSummaryDetailBylfuId : MethodFinish
INFO  2021-08-10 10:12:03,054 LabFileUploadService::? - GetLabFileSummaryDetailBylfuId : MethodStart
INFO  2021-08-10 10:12:03,063 LabFileUploadService::? - GetLabFileSummaryDetailBylfuId : MethodFinish
INFO  2021-08-10 10:12:03,091 LabFileUploadService::? - GetLabFileSummaryDetailBylfuId : MethodStart
INFO  2021-08-10 10:12:03,100 LabFileUploadService::? - GetLabFileSummaryDetailBylfuId : MethodFinish
INFO  2021-08-10 10:12:03,125 LabFileUploadService::? - GetLabFileSummaryDetailBylfuId : MethodStart
INFO  2021-08-10 10:12:03,134 LabFileUploadService::? - GetLabFileSummaryDetailBylfuId : MethodFinish
INFO  2021-08-10 10:12:03,157 LabFileUploadService::? - GetLabFileSummaryDetailBylfuId : MethodStart
INFO  2021-08-10 10:12:03,165 LabFileUploadService::? - GetLabFileSummaryDetailBylfuId : MethodFinish
INFO  2021-08-10 10:12:03,194 LabFileUploadService::? - GetLabFileSummaryDetailBylfuId : MethodStart
INFO  2021-08-10 10:12:03,202 LabFileUploadService::? - GetLabFileSummaryDetailBylfuId : MethodFinish
INFO  2021-08-10 10:12:03,231 LabFileUploadService::? - GetLabFileSummaryDetailBylfuId : MethodStart
INFO  2021-08-10 10:12:03,238 LabFileUploadService::? - GetLabFileSummaryDetailBylfuId : MethodFinish
INFO  2021-08-10 10:12:03,270 LabFileUploadService::? - GetLabFileSummaryDetailBylfuId : MethodStart
INFO  2021-08-10 10:12:03,276 LabFileUploadService::? - GetLabFileSummaryDetailBylfuId : MethodFinish
INFO  2021-08-10 10:12:03,307 LabFileUploadService::? - GetLabFileSummaryDetailBylfuId : MethodStart
INFO  2021-08-10 10:12:03,315 LabFileUploadService::? - GetLabFileSummaryDetailBylfuId : MethodFinish
INFO  2021-08-10 10:12:03,340 LabFileUploadService::? - GetLabFileSummaryDetailBylfuId : MethodStart
INFO  2021-08-10 10:12:03,349 LabFileUploadService::? - GetLabFileSummaryDetailBylfuId : MethodFinish
INFO  2021-08-10 10:12:03,378 LabFileUploadService::? - GetLabFileSummaryDetailBylfuId : MethodStart
INFO  2021-08-10 10:12:03,387 LabFileUploadService::? - GetLabFileSummaryDetailBylfuId : MethodFinish
INFO  2021-08-10 10:12:03,413 LabFileUploadService::? - GetLabFileSummaryDetailBylfuId : MethodStart
INFO  2021-08-10 10:12:03,423 LabFileUploadService::? - GetLabFileSummaryDetailBylfuId : MethodFinish
INFO  2021-08-10 10:12:03,451 LabFileUploadService::? - GetLabFileSummaryDetailBylfuId : MethodStart
INFO  2021-08-10 10:12:03,460 LabFileUploadService::? - GetLabFileSummaryDetailBylfuId : MethodFinish
INFO  2021-08-10 10:12:03,484 LabFileUploadService::? - GetLabFileSummaryDetailBylfuId : MethodStart
INFO  2021-08-10 10:12:03,496 LabFileUploadService::? - GetLabFileSummaryDetailBylfuId : MethodFinish
INFO  2021-08-10 10:12:03,523 LabFileUploadService::? - GetLabFileSummaryDetailBylfuId : MethodStart
INFO  2021-08-10 10:12:03,532 LabFileUploadService::? - GetLabFileSummaryDetailBylfuId : MethodFinish
INFO  2021-08-10 10:12:03,558 LabFileUploadService::? - GetLabFileSummaryDetailBylfuId : MethodStart
INFO  2021-08-10 10:12:03,568 LabFileUploadService::? - GetLabFileSummaryDetailBylfuId : MethodFinish
INFO  2021-08-10 10:12:03,597 LabFileUploadService::? - GetLabFileSummaryDetailBylfuId : MethodStart
INFO  2021-08-10 10:12:03,607 LabFileUploadService::? - GetLabFileSummaryDetailBylfuId : MethodFinish
INFO  2021-08-10 10:12:03,633 LabFileUploadService::? - GetLabFileSummaryDetailBylfuId : MethodStart
INFO  2021-08-10 10:12:03,643 LabFileUploadService::? - GetLabFileSummaryDetailBylfuId : MethodFinish
INFO  2021-08-10 10:12:03,675 LabFileUploadService::? - GetLabFileSummaryDetailBylfuId : MethodStart
INFO  2021-08-10 10:12:03,685 LabFileUploadService::? - GetLabFileSummaryDetailBylfuId : MethodFinish
INFO  2021-08-10 10:12:03,713 LabFileUploadService::? - GetLabFileSummaryDetailBylfuId : MethodStart
INFO  2021-08-10 10:12:03,720 LabFileUploadService::? - GetLabFileSummaryDetailBylfuId : MethodFinish
INFO  2021-08-10 10:12:03,743 LabFileUploadService::? - GetLabFileSummaryDetailBylfuId : MethodStart
INFO  2021-08-10 10:12:03,750 LabFileUploadService::? - GetLabFileSummaryDetailBylfuId : MethodFinish
INFO  2021-08-10 10:12:03,775 LabFileUploadService::? - GetLabFileSummaryDetailBylfuId : MethodStart
INFO  2021-08-10 10:12:03,783 LabFileUploadService::? - GetLabFileSummaryDetailBylfuId : MethodFinish
INFO  2021-08-10 10:12:03,807 LabFileUploadService::? - GetLabFileSummaryDetailBylfuId : MethodStart
INFO  2021-08-10 10:12:03,815 LabFileUploadService::? - GetLabFileSummaryDetailBylfuId : MethodFinish
INFO  2021-08-10 10:12:03,840 LabFileUploadService::? - GetLabFileSummaryDetailBylfuId : MethodStart
INFO  2021-08-10 10:12:03,849 LabFileUploadService::? - GetLabFileSummaryDetailBylfuId : MethodFinish
INFO  2021-08-10 10:12:03,872 LabFileUploadService::? - GetLabFileSummaryDetailBylfuId : MethodStart
INFO  2021-08-10 10:12:03,881 LabFileUploadService::? - GetLabFileSummaryDetailBylfuId : MethodFinish
INFO  2021-08-10 10:12:03,918 LabFileUploadService::? - GetLabFileSummaryDetailBylfuId : MethodStart
INFO  2021-08-10 10:12:03,928 LabFileUploadService::? - GetLabFileSummaryDetailBylfuId : MethodFinish
INFO  2021-08-10 10:12:03,956 LabFileUploadService::? - GetLabFileSummaryDetailBylfuId : MethodStart
INFO  2021-08-10 10:12:03,966 LabFileUploadService::? - GetLabFileSummaryDetailBylfuId : MethodFinish
INFO  2021-08-10 10:12:03,992 LabFileUploadService::? - GetLabFileSummaryDetailBylfuId : MethodStart
INFO  2021-08-10 10:12:03,999 LabFileUploadService::? - GetLabFileSummaryDetailBylfuId : MethodFinish
INFO  2021-08-10 10:12:04,019 LabFileUploadService::? - GetLabFileSummaryDetailBylfuId : MethodStart
INFO  2021-08-10 10:12:04,032 LabFileUploadService::? - GetLabFileSummaryDetailBylfuId : MethodFinish
INFO  2021-08-10 10:12:04,057 LabFileUploadService::? - GetLabFileSummaryDetailBylfuId : MethodStart
INFO  2021-08-10 10:12:04,065 LabFileUploadService::? - GetLabFileSummaryDetailBylfuId : MethodFinish
INFO  2021-08-10 10:12:04,087 LabFileUploadService::? - GetLabFileSummaryDetailBylfuId : MethodStart
INFO  2021-08-10 10:12:04,097 LabFileUploadService::? - GetLabFileSummaryDetailBylfuId : MethodFinish
INFO  2021-08-10 10:12:04,121 LabFileUploadService::? - GetLabFileSummaryDetailBylfuId : MethodStart
INFO  2021-08-10 10:12:04,128 LabFileUploadService::? - GetLabFileSummaryDetailBylfuId : MethodFinish
INFO  2021-08-10 10:12:04,152 LabFileUploadService::? - GetLabFileSummaryDetailBylfuId : MethodStart
INFO  2021-08-10 10:12:04,160 LabFileUploadService::? - GetLabFileSummaryDetailBylfuId : MethodFinish
INFO  2021-08-10 10:12:04,188 LabFileUploadService::? - GetLabFileSummaryDetailBylfuId : MethodStart
INFO  2021-08-10 10:12:04,196 LabFileUploadService::? - GetLabFileSummaryDetailBylfuId : MethodFinish
INFO  2021-08-10 10:12:04,220 LabFileUploadService::? - GetLabFileSummaryDetailBylfuId : MethodStart
INFO  2021-08-10 10:12:04,228 LabFileUploadService::? - GetLabFileSummaryDetailBylfuId : MethodFinish
INFO  2021-08-10 10:12:04,251 LabFileUploadService::? - GetLabFileSummaryDetailBylfuId : MethodStart
INFO  2021-08-10 10:12:04,258 LabFileUploadService::? - GetLabFileSummaryDetailBylfuId : MethodFinish
INFO  2021-08-10 10:12:04,283 LabFileUploadService::? - GetLabFileSummaryDetailBylfuId : MethodStart
INFO  2021-08-10 10:12:04,292 LabFileUploadService::? - GetLabFileSummaryDetailBylfuId : MethodFinish
INFO  2021-08-10 10:12:04,321 LabFileUploadService::? - GetLabFileSummaryDetailBylfuId : MethodStart
INFO  2021-08-10 10:12:04,329 LabFileUploadService::? - GetLabFileSummaryDetailBylfuId : MethodFinish
INFO  2021-08-10 10:12:04,354 LabFileUploadService::? - GetLabFileSummaryDetailBylfuId : MethodStart
INFO  2021-08-10 10:12:04,364 LabFileUploadService::? - GetLabFileSummaryDetailBylfuId : MethodFinish
INFO  2021-08-10 10:12:04,390 LabFileUploadService::? - GetLabFileSummaryDetailBylfuId : MethodStart
INFO  2021-08-10 10:12:04,398 LabFileUploadService::? - GetLabFileSummaryDetailBylfuId : MethodFinish
INFO  2021-08-10 10:12:04,421 LabFileUploadService::? - GetLabFileSummaryDetailBylfuId : MethodStart
INFO  2021-08-10 10:12:04,432 LabFileUploadService::? - GetLabFileSummaryDetailBylfuId : MethodFinish
INFO  2021-08-10 10:12:04,457 LabFileUploadService::? - GetLabFileSummaryDetailBylfuId : MethodStart
INFO  2021-08-10 10:12:04,465 LabFileUploadService::? - GetLabFileSummaryDetailBylfuId : MethodFinish
INFO  2021-08-10 10:12:04,488 LabFileUploadService::? - GetLabFileSummaryDetailBylfuId : MethodStart
INFO  2021-08-10 10:12:04,497 LabFileUploadService::? - GetLabFileSummaryDetailBylfuId : MethodFinish
INFO  2021-08-10 10:12:04,521 LabFileUploadService::? - GetLabFileSummaryDetailBylfuId : MethodStart
INFO  2021-08-10 10:12:04,529 LabFileUploadService::? - GetLabFileSummaryDetailBylfuId : MethodFinish
INFO  2021-08-10 10:12:04,556 LabFileUploadService::? - GetLabFileSummaryDetailBylfuId : MethodStart
INFO  2021-08-10 10:12:04,567 LabFileUploadService::? - GetLabFileSummaryDetailBylfuId : MethodFinish
INFO  2021-08-10 10:12:04,599 LabFileUploadService::? - GetLabFileSummaryDetailBylfuId : MethodStart
INFO  2021-08-10 10:12:04,607 LabFileUploadService::? - GetLabFileSummaryDetailBylfuId : MethodFinish
INFO  2021-08-10 10:12:04,634 LabFileUploadService::? - GetLabFileSummaryDetailBylfuId : MethodStart
INFO  2021-08-10 10:12:04,642 LabFileUploadService::? - GetLabFileSummaryDetailBylfuId : MethodFinish
INFO  2021-08-10 10:12:04,665 LabFileUploadService::? - GetLabFileSummaryDetailBylfuId : MethodStart
INFO  2021-08-10 10:12:04,672 LabFileUploadService::? - GetLabFileSummaryDetailBylfuId : MethodFinish
INFO  2021-08-10 10:12:04,711 LabFileUploadService::? - GetLabFileSummaryDetailBylfuId : MethodStart
INFO  2021-08-10 10:12:04,728 LabFileUploadService::? - GetLabFileSummaryDetailBylfuId : MethodFinish
INFO  2021-08-10 10:12:04,778 LabFileUploadService::? - GetLabFileSummaryDetailBylfuId : MethodStart
INFO  2021-08-10 10:12:04,792 LabFileUploadService::? - GetLabFileSummaryDetailBylfuId : MethodFinish
INFO  2021-08-10 10:12:04,843 LabFileUploadService::? - GetLabFileSummaryDetailBylfuId : MethodStart
INFO  2021-08-10 10:12:04,876 LabFileUploadService::? - GetLabFileSummaryDetailBylfuId : MethodFinish
INFO  2021-08-10 10:12:04,922 LabFileUploadService::? - GetLabFileSummaryDetailBylfuId : MethodStart
INFO  2021-08-10 10:12:04,930 LabFileUploadService::? - GetLabFileSummaryDetailBylfuId : MethodFinish
INFO  2021-08-10 10:12:04,956 LabFileUploadService::? - GetLabFileSummaryDetailBylfuId : MethodStart
INFO  2021-08-10 10:12:04,968 LabFileUploadService::? - GetLabFileSummaryDetailBylfuId : MethodFinish
INFO  2021-08-10 10:12:04,997 LabFileUploadService::? - GetLabFileSummaryDetailBylfuId : MethodStart
INFO  2021-08-10 10:12:05,005 LabFileUploadService::? - GetLabFileSummaryDetailBylfuId : MethodFinish
INFO  2021-08-10 10:12:05,030 LabFileUploadService::? - GetLabFileSummaryDetailBylfuId : MethodStart
INFO  2021-08-10 10:12:05,038 LabFileUploadService::? - GetLabFileSummaryDetailBylfuId : MethodFinish
INFO  2021-08-10 10:12:05,064 LabFileUploadService::? - GetLabFileSummaryDetailBylfuId : MethodStart
INFO  2021-08-10 10:12:05,071 LabFileUploadService::? - GetLabFileSummaryDetailBylfuId : MethodFinish
INFO  2021-08-10 10:12:05,102 LabFileUploadService::? - GetLabFileSummaryDetailBylfuId : MethodStart
INFO  2021-08-10 10:12:05,111 LabFileUploadService::? - GetLabFileSummaryDetailBylfuId : MethodFinish
INFO  2021-08-10 10:12:05,135 LabFileUploadService::? - GetLabFileSummaryDetailBylfuId : MethodStart
INFO  2021-08-10 10:12:05,144 LabFileUploadService::? - GetLabFileSummaryDetailBylfuId : MethodFinish
INFO  2021-08-10 10:12:05,176 LabFileUploadService::? - GetLabFileSummaryDetailBylfuId : MethodStart
INFO  2021-08-10 10:12:05,186 LabFileUploadService::? - GetLabFileSummaryDetailBylfuId : MethodFinish
INFO  2021-08-10 10:12:05,212 LabFileUploadService::? - GetLabFileSummaryDetailBylfuId : MethodStart
INFO  2021-08-10 10:12:05,219 LabFileUploadService::? - GetLabFileSummaryDetailBylfuId : MethodFinish
INFO  2021-08-10 10:12:05,245 LabFileUploadService::? - GetLabFileSummaryDetailBylfuId : MethodStart
INFO  2021-08-10 10:12:05,255 LabFileUploadService::? - GetLabFileSummaryDetailBylfuId : MethodFinish
INFO  2021-08-10 10:12:05,280 LabFileUploadService::? - GetLabFileSummaryDetailBylfuId : MethodStart
INFO  2021-08-10 10:12:05,288 LabFileUploadService::? - GetLabFileSummaryDetailBylfuId : MethodFinish
INFO  2021-08-10 10:12:05,317 LabFileUploadService::? - GetLabFileSummaryDetailBylfuId : MethodStart
INFO  2021-08-10 10:12:05,325 LabFileUploadService::? - GetLabFileSummaryDetailBylfuId : MethodFinish
INFO  2021-08-10 10:12:05,351 LabFileUploadService::? - GetLabFileSummaryDetailBylfuId : MethodStart
INFO  2021-08-10 10:12:05,358 LabFileUploadService::? - GetLabFileSummaryDetailBylfuId : MethodFinish
INFO  2021-08-10 10:12:05,386 LabFileUploadService::? - GetLabFileSummaryDetailBylfuId : MethodStart
INFO  2021-08-10 10:12:05,395 LabFileUploadService::? - GetLabFileSummaryDetailBylfuId : MethodFinish
INFO  2021-08-10 10:12:05,420 LabFileUploadService::? - GetLabFileSummaryDetailBylfuId : MethodStart
INFO  2021-08-10 10:12:05,429 LabFileUploadService::? - GetLabFileSummaryDetailBylfuId : MethodFinish
INFO  2021-08-10 10:12:05,454 LabFileUploadService::? - GetLabFileSummaryDetailBylfuId : MethodStart
INFO  2021-08-10 10:12:05,463 LabFileUploadService::? - GetLabFileSummaryDetailBylfuId : MethodFinish
INFO  2021-08-10 10:12:05,486 LabFileUploadService::? - GetLabFileSummaryDetailBylfuId : MethodStart
INFO  2021-08-10 10:12:05,495 LabFileUploadService::? - GetLabFileSummaryDetailBylfuId : MethodFinish
INFO  2021-08-10 10:12:05,523 LabFileUploadService::? - GetLabFileSummaryDetailBylfuId : MethodStart
INFO  2021-08-10 10:12:05,535 LabFileUploadService::? - GetLabFileSummaryDetailBylfuId : MethodFinish
INFO  2021-08-10 10:12:05,585 LabFileUploadService::? - GetLabFileSummaryDetailBylfuId : MethodStart
INFO  2021-08-10 10:12:05,598 LabFileUploadService::? - GetLabFileSummaryDetailBylfuId : MethodFinish
INFO  2021-08-10 10:12:05,632 LabFileUploadService::? - GetLabFileSummaryDetailBylfuId : MethodStart
INFO  2021-08-10 10:12:05,652 LabFileUploadService::? - GetLabFileSummaryDetailBylfuId : MethodFinish
INFO  2021-08-10 10:12:05,689 LabFileUploadService::? - GetLabFileSummaryDetailBylfuId : MethodStart
INFO  2021-08-10 10:12:05,699 LabFileUploadService::? - GetLabFileSummaryDetailBylfuId : MethodFinish
INFO  2021-08-10 10:12:05,733 LabFileUploadService::? - GetLabFileSummaryDetailBylfuId : MethodStart
INFO  2021-08-10 10:12:05,741 LabFileUploadService::? - GetLabFileSummaryDetailBylfuId : MethodFinish
INFO  2021-08-10 10:12:05,766 LabFileUploadService::? - GetLabFileSummaryDetailBylfuId : MethodStart
INFO  2021-08-10 10:12:05,779 LabFileUploadService::? - GetLabFileSummaryDetailBylfuId : MethodFinish
INFO  2021-08-10 10:12:05,810 LabFileUploadService::? - GetLabFileSummaryDetailBylfuId : MethodStart
INFO  2021-08-10 10:12:05,818 LabFileUploadService::? - GetLabFileSummaryDetailBylfuId : MethodFinish
INFO  2021-08-10 10:12:05,844 LabFileUploadService::? - GetLabFileSummaryDetailBylfuId : MethodStart
INFO  2021-08-10 10:12:05,855 LabFileUploadService::? - GetLabFileSummaryDetailBylfuId : MethodFinish
INFO  2021-08-10 10:12:05,886 LabFileUploadService::? - GetLabFileSummaryDetailBylfuId : MethodStart
INFO  2021-08-10 10:12:05,897 LabFileUploadService::? - GetLabFileSummaryDetailBylfuId : MethodFinish
INFO  2021-08-10 10:12:05,922 LabFileUploadService::? - GetLabFileSummaryDetailBylfuId : MethodStart
INFO  2021-08-10 10:12:05,929 LabFileUploadService::? - GetLabFileSummaryDetailBylfuId : MethodFinish
INFO  2021-08-10 10:12:05,953 LabFileUploadService::? - GetLabFileSummaryDetailBylfuId : MethodStart
INFO  2021-08-10 10:12:05,976 LabFileUploadService::? - GetLabFileSummaryDetailBylfuId : MethodFinish
INFO  2021-08-10 10:12:06,002 LabFileUploadService::? - GetLabFileSummaryDetailBylfuId : MethodStart
INFO  2021-08-10 10:12:06,011 LabFileUploadService::? - GetLabFileSummaryDetailBylfuId : MethodFinish
INFO  2021-08-10 10:12:06,038 LabFileUploadService::? - GetLabFileSummaryDetailBylfuId : MethodStart
INFO  2021-08-10 10:12:06,050 LabFileUploadService::? - GetLabFileSummaryDetailBylfuId : MethodFinish
INFO  2021-08-10 10:12:06,075 LabFileUploadService::? - GetLabFileSummaryDetailBylfuId : MethodStart
INFO  2021-08-10 10:12:06,083 LabFileUploadService::? - GetLabFileSummaryDetailBylfuId : MethodFinish
INFO  2021-08-10 10:13:05,634 LabFileUploadService::? - GetLabFileUploadDataById : MethodStart
INFO  2021-08-10 10:13:05,652 LabFileUploadService::? - GetLabFileUploadDataById : MethodFinish
INFO  2021-08-10 10:13:05,678 LabFileUploadService::? - GetLabFileSummaryHeaderBylfuId : MethodStart
INFO  2021-08-10 10:13:05,694 LabFileUploadService::? - GetLabFileSummaryHeaderBylfuId : MethodFinish
INFO  2021-08-10 10:13:05,720 LabFileUploadService::? - GetLabFileErrorHeaderListBylfuId : MethodStart
INFO  2021-08-10 10:13:05,729 LabFileUploadService::? - GetLabFileErrorHeaderListBylfuId : MethodFinish
INFO  2021-08-10 10:13:05,746 LabFileUploadService::? - GetLabFileErrorDetailListBylfuId : MethodStart
INFO  2021-08-10 10:13:06,144 LabFileUploadService::? - GetLabFileErrorDetailListBylfuId : MethodFinish
INFO  2021-08-10 10:13:06,170 LabFileUploadService::? - GetLabFileLabAlertSummaryBylfuId : MethodStart
INFO  2021-08-10 10:13:06,187 LabFileUploadService::? - GetLabFileLabAlertSummaryBylfuId : MethodFinish
INFO  2021-08-10 10:13:06,214 LabFileUploadService::? - GetLabFileSummaryDetailBylfuId : MethodStart
INFO  2021-08-10 10:13:06,227 LabFileUploadService::? - GetLabFileSummaryDetailBylfuId : MethodFinish
INFO  2021-08-10 10:13:06,253 LabFileUploadService::? - GetLabFileSummaryDetailBylfuId : MethodStart
INFO  2021-08-10 10:13:06,263 LabFileUploadService::? - GetLabFileSummaryDetailBylfuId : MethodFinish
INFO  2021-08-10 10:13:06,287 LabFileUploadService::? - GetLabFileSummaryDetailBylfuId : MethodStart
INFO  2021-08-10 10:13:06,298 LabFileUploadService::? - GetLabFileSummaryDetailBylfuId : MethodFinish
INFO  2021-08-10 10:13:06,332 LabFileUploadService::? - GetLabFileSummaryDetailBylfuId : MethodStart
INFO  2021-08-10 10:13:06,341 LabFileUploadService::? - GetLabFileSummaryDetailBylfuId : MethodFinish
INFO  2021-08-10 10:13:06,365 LabFileUploadService::? - GetLabFileSummaryDetailBylfuId : MethodStart
INFO  2021-08-10 10:13:06,377 LabFileUploadService::? - GetLabFileSummaryDetailBylfuId : MethodFinish
INFO  2021-08-10 10:13:06,417 LabFileUploadService::? - GetLabFileSummaryDetailBylfuId : MethodStart
INFO  2021-08-10 10:13:06,426 LabFileUploadService::? - GetLabFileSummaryDetailBylfuId : MethodFinish
INFO  2021-08-10 10:13:06,452 LabFileUploadService::? - GetLabFileSummaryDetailBylfuId : MethodStart
INFO  2021-08-10 10:13:06,462 LabFileUploadService::? - GetLabFileSummaryDetailBylfuId : MethodFinish
INFO  2021-08-10 10:13:06,485 LabFileUploadService::? - GetLabFileSummaryDetailBylfuId : MethodStart
INFO  2021-08-10 10:13:06,494 LabFileUploadService::? - GetLabFileSummaryDetailBylfuId : MethodFinish
INFO  2021-08-10 10:13:06,521 LabFileUploadService::? - GetLabFileSummaryDetailBylfuId : MethodStart
INFO  2021-08-10 10:13:06,531 LabFileUploadService::? - GetLabFileSummaryDetailBylfuId : MethodFinish
INFO  2021-08-10 10:13:06,554 LabFileUploadService::? - GetLabFileSummaryDetailBylfuId : MethodStart
INFO  2021-08-10 10:13:06,563 LabFileUploadService::? - GetLabFileSummaryDetailBylfuId : MethodFinish
INFO  2021-08-10 10:13:06,594 LabFileUploadService::? - GetLabFileSummaryDetailBylfuId : MethodStart
INFO  2021-08-10 10:13:06,603 LabFileUploadService::? - GetLabFileSummaryDetailBylfuId : MethodFinish
INFO  2021-08-10 10:13:06,630 LabFileUploadService::? - GetLabFileSummaryDetailBylfuId : MethodStart
INFO  2021-08-10 10:13:06,639 LabFileUploadService::? - GetLabFileSummaryDetailBylfuId : MethodFinish
INFO  2021-08-10 10:13:06,668 LabFileUploadService::? - GetLabFileSummaryDetailBylfuId : MethodStart
INFO  2021-08-10 10:13:06,677 LabFileUploadService::? - GetLabFileSummaryDetailBylfuId : MethodFinish
INFO  2021-08-10 10:13:06,702 LabFileUploadService::? - GetLabFileSummaryDetailBylfuId : MethodStart
INFO  2021-08-10 10:13:06,711 LabFileUploadService::? - GetLabFileSummaryDetailBylfuId : MethodFinish
INFO  2021-08-10 10:13:06,736 LabFileUploadService::? - GetLabFileSummaryDetailBylfuId : MethodStart
INFO  2021-08-10 10:13:06,745 LabFileUploadService::? - GetLabFileSummaryDetailBylfuId : MethodFinish
INFO  2021-08-10 10:13:06,770 LabFileUploadService::? - GetLabFileSummaryDetailBylfuId : MethodStart
INFO  2021-08-10 10:13:06,779 LabFileUploadService::? - GetLabFileSummaryDetailBylfuId : MethodFinish
INFO  2021-08-10 10:13:06,805 LabFileUploadService::? - GetLabFileSummaryDetailBylfuId : MethodStart
INFO  2021-08-10 10:13:06,813 LabFileUploadService::? - GetLabFileSummaryDetailBylfuId : MethodFinish
INFO  2021-08-10 10:13:06,842 LabFileUploadService::? - GetLabFileSummaryDetailBylfuId : MethodStart
INFO  2021-08-10 10:13:06,851 LabFileUploadService::? - GetLabFileSummaryDetailBylfuId : MethodFinish
INFO  2021-08-10 10:13:06,880 LabFileUploadService::? - GetLabFileSummaryDetailBylfuId : MethodStart
INFO  2021-08-10 10:13:06,891 LabFileUploadService::? - GetLabFileSummaryDetailBylfuId : MethodFinish
INFO  2021-08-10 10:13:06,920 LabFileUploadService::? - GetLabFileSummaryDetailBylfuId : MethodStart
INFO  2021-08-10 10:13:06,929 LabFileUploadService::? - GetLabFileSummaryDetailBylfuId : MethodFinish
INFO  2021-08-10 10:13:06,954 LabFileUploadService::? - GetLabFileSummaryDetailBylfuId : MethodStart
INFO  2021-08-10 10:13:06,963 LabFileUploadService::? - GetLabFileSummaryDetailBylfuId : MethodFinish
INFO  2021-08-10 10:13:06,992 LabFileUploadService::? - GetLabFileSummaryDetailBylfuId : MethodStart
INFO  2021-08-10 10:13:07,000 LabFileUploadService::? - GetLabFileSummaryDetailBylfuId : MethodFinish
INFO  2021-08-10 10:13:07,026 LabFileUploadService::? - GetLabFileSummaryDetailBylfuId : MethodStart
INFO  2021-08-10 10:13:07,035 LabFileUploadService::? - GetLabFileSummaryDetailBylfuId : MethodFinish
INFO  2021-08-10 10:13:07,066 LabFileUploadService::? - GetLabFileSummaryDetailBylfuId : MethodStart
INFO  2021-08-10 10:13:07,077 LabFileUploadService::? - GetLabFileSummaryDetailBylfuId : MethodFinish
INFO  2021-08-10 10:13:07,108 LabFileUploadService::? - GetLabFileSummaryDetailBylfuId : MethodStart
INFO  2021-08-10 10:13:07,121 LabFileUploadService::? - GetLabFileSummaryDetailBylfuId : MethodFinish
INFO  2021-08-10 10:13:07,151 LabFileUploadService::? - GetLabFileSummaryDetailBylfuId : MethodStart
INFO  2021-08-10 10:13:07,160 LabFileUploadService::? - GetLabFileSummaryDetailBylfuId : MethodFinish
INFO  2021-08-10 10:13:07,192 LabFileUploadService::? - GetLabFileSummaryDetailBylfuId : MethodStart
INFO  2021-08-10 10:13:07,201 LabFileUploadService::? - GetLabFileSummaryDetailBylfuId : MethodFinish
INFO  2021-08-10 10:13:07,233 LabFileUploadService::? - GetLabFileSummaryDetailBylfuId : MethodStart
INFO  2021-08-10 10:13:07,244 LabFileUploadService::? - GetLabFileSummaryDetailBylfuId : MethodFinish
INFO  2021-08-10 10:13:07,276 LabFileUploadService::? - GetLabFileSummaryDetailBylfuId : MethodStart
INFO  2021-08-10 10:13:07,287 LabFileUploadService::? - GetLabFileSummaryDetailBylfuId : MethodFinish
INFO  2021-08-10 10:13:07,323 LabFileUploadService::? - GetLabFileSummaryDetailBylfuId : MethodStart
INFO  2021-08-10 10:13:07,335 LabFileUploadService::? - GetLabFileSummaryDetailBylfuId : MethodFinish
INFO  2021-08-10 10:13:07,367 LabFileUploadService::? - GetLabFileSummaryDetailBylfuId : MethodStart
INFO  2021-08-10 10:13:07,377 LabFileUploadService::? - GetLabFileSummaryDetailBylfuId : MethodFinish
INFO  2021-08-10 10:13:07,403 LabFileUploadService::? - GetLabFileSummaryDetailBylfuId : MethodStart
INFO  2021-08-10 10:13:07,411 LabFileUploadService::? - GetLabFileSummaryDetailBylfuId : MethodFinish
INFO  2021-08-10 10:13:07,433 LabFileUploadService::? - GetLabFileSummaryDetailBylfuId : MethodStart
INFO  2021-08-10 10:13:07,441 LabFileUploadService::? - GetLabFileSummaryDetailBylfuId : MethodFinish
INFO  2021-08-10 10:13:07,470 LabFileUploadService::? - GetLabFileSummaryDetailBylfuId : MethodStart
INFO  2021-08-10 10:13:07,478 LabFileUploadService::? - GetLabFileSummaryDetailBylfuId : MethodFinish
INFO  2021-08-10 10:13:07,501 LabFileUploadService::? - GetLabFileSummaryDetailBylfuId : MethodStart
INFO  2021-08-10 10:13:07,510 LabFileUploadService::? - GetLabFileSummaryDetailBylfuId : MethodFinish
INFO  2021-08-10 10:13:07,535 LabFileUploadService::? - GetLabFileSummaryDetailBylfuId : MethodStart
INFO  2021-08-10 10:13:07,543 LabFileUploadService::? - GetLabFileSummaryDetailBylfuId : MethodFinish
INFO  2021-08-10 10:13:07,570 LabFileUploadService::? - GetLabFileSummaryDetailBylfuId : MethodStart
INFO  2021-08-10 10:13:07,580 LabFileUploadService::? - GetLabFileSummaryDetailBylfuId : MethodFinish
INFO  2021-08-10 10:13:07,612 LabFileUploadService::? - GetLabFileSummaryDetailBylfuId : MethodStart
INFO  2021-08-10 10:13:07,620 LabFileUploadService::? - GetLabFileSummaryDetailBylfuId : MethodFinish
INFO  2021-08-10 10:13:07,646 LabFileUploadService::? - GetLabFileSummaryDetailBylfuId : MethodStart
INFO  2021-08-10 10:13:07,655 LabFileUploadService::? - GetLabFileSummaryDetailBylfuId : MethodFinish
INFO  2021-08-10 10:13:07,680 LabFileUploadService::? - GetLabFileSummaryDetailBylfuId : MethodStart
INFO  2021-08-10 10:13:07,688 LabFileUploadService::? - GetLabFileSummaryDetailBylfuId : MethodFinish
INFO  2021-08-10 10:13:07,713 LabFileUploadService::? - GetLabFileSummaryDetailBylfuId : MethodStart
INFO  2021-08-10 10:13:07,721 LabFileUploadService::? - GetLabFileSummaryDetailBylfuId : MethodFinish
INFO  2021-08-10 10:13:07,747 LabFileUploadService::? - GetLabFileSummaryDetailBylfuId : MethodStart
INFO  2021-08-10 10:13:07,754 LabFileUploadService::? - GetLabFileSummaryDetailBylfuId : MethodFinish
INFO  2021-08-10 10:13:07,781 LabFileUploadService::? - GetLabFileSummaryDetailBylfuId : MethodStart
INFO  2021-08-10 10:13:07,790 LabFileUploadService::? - GetLabFileSummaryDetailBylfuId : MethodFinish
INFO  2021-08-10 10:13:07,813 LabFileUploadService::? - GetLabFileSummaryDetailBylfuId : MethodStart
INFO  2021-08-10 10:13:07,820 LabFileUploadService::? - GetLabFileSummaryDetailBylfuId : MethodFinish
INFO  2021-08-10 10:13:07,845 LabFileUploadService::? - GetLabFileSummaryDetailBylfuId : MethodStart
INFO  2021-08-10 10:13:07,856 LabFileUploadService::? - GetLabFileSummaryDetailBylfuId : MethodFinish
INFO  2021-08-10 10:13:07,883 LabFileUploadService::? - GetLabFileSummaryDetailBylfuId : MethodStart
INFO  2021-08-10 10:13:07,895 LabFileUploadService::? - GetLabFileSummaryDetailBylfuId : MethodFinish
INFO  2021-08-10 10:13:07,923 LabFileUploadService::? - GetLabFileSummaryDetailBylfuId : MethodStart
INFO  2021-08-10 10:13:07,934 LabFileUploadService::? - GetLabFileSummaryDetailBylfuId : MethodFinish
INFO  2021-08-10 10:13:07,960 LabFileUploadService::? - GetLabFileSummaryDetailBylfuId : MethodStart
INFO  2021-08-10 10:13:07,969 LabFileUploadService::? - GetLabFileSummaryDetailBylfuId : MethodFinish
INFO  2021-08-10 10:13:07,998 LabFileUploadService::? - GetLabFileSummaryDetailBylfuId : MethodStart
INFO  2021-08-10 10:13:08,006 LabFileUploadService::? - GetLabFileSummaryDetailBylfuId : MethodFinish
INFO  2021-08-10 10:13:08,033 LabFileUploadService::? - GetLabFileSummaryDetailBylfuId : MethodStart
INFO  2021-08-10 10:13:08,043 LabFileUploadService::? - GetLabFileSummaryDetailBylfuId : MethodFinish
INFO  2021-08-10 10:13:08,071 LabFileUploadService::? - GetLabFileSummaryDetailBylfuId : MethodStart
INFO  2021-08-10 10:13:08,082 LabFileUploadService::? - GetLabFileSummaryDetailBylfuId : MethodFinish
INFO  2021-08-10 10:13:08,116 LabFileUploadService::? - GetLabFileSummaryDetailBylfuId : MethodStart
INFO  2021-08-10 10:13:08,129 LabFileUploadService::? - GetLabFileSummaryDetailBylfuId : MethodFinish
INFO  2021-08-10 10:13:08,157 LabFileUploadService::? - GetLabFileSummaryDetailBylfuId : MethodStart
INFO  2021-08-10 10:13:08,167 LabFileUploadService::? - GetLabFileSummaryDetailBylfuId : MethodFinish
INFO  2021-08-10 10:13:08,206 LabFileUploadService::? - GetLabFileSummaryDetailBylfuId : MethodStart
INFO  2021-08-10 10:13:08,216 LabFileUploadService::? - GetLabFileSummaryDetailBylfuId : MethodFinish
INFO  2021-08-10 10:13:08,243 LabFileUploadService::? - GetLabFileSummaryDetailBylfuId : MethodStart
INFO  2021-08-10 10:13:08,251 LabFileUploadService::? - GetLabFileSummaryDetailBylfuId : MethodFinish
INFO  2021-08-10 10:13:08,277 LabFileUploadService::? - GetLabFileSummaryDetailBylfuId : MethodStart
INFO  2021-08-10 10:13:08,285 LabFileUploadService::? - GetLabFileSummaryDetailBylfuId : MethodFinish
INFO  2021-08-10 10:13:08,311 LabFileUploadService::? - GetLabFileSummaryDetailBylfuId : MethodStart
INFO  2021-08-10 10:13:08,321 LabFileUploadService::? - GetLabFileSummaryDetailBylfuId : MethodFinish
INFO  2021-08-10 10:13:08,347 LabFileUploadService::? - GetLabFileSummaryDetailBylfuId : MethodStart
INFO  2021-08-10 10:13:08,356 LabFileUploadService::? - GetLabFileSummaryDetailBylfuId : MethodFinish
INFO  2021-08-10 10:13:08,383 LabFileUploadService::? - GetLabFileSummaryDetailBylfuId : MethodStart
INFO  2021-08-10 10:13:08,393 LabFileUploadService::? - GetLabFileSummaryDetailBylfuId : MethodFinish
INFO  2021-08-10 10:13:08,420 LabFileUploadService::? - GetLabFileSummaryDetailBylfuId : MethodStart
INFO  2021-08-10 10:13:08,430 LabFileUploadService::? - GetLabFileSummaryDetailBylfuId : MethodFinish
INFO  2021-08-10 10:13:08,459 LabFileUploadService::? - GetLabFileSummaryDetailBylfuId : MethodStart
INFO  2021-08-10 10:13:08,470 LabFileUploadService::? - GetLabFileSummaryDetailBylfuId : MethodFinish
INFO  2021-08-10 10:13:08,498 LabFileUploadService::? - GetLabFileSummaryDetailBylfuId : MethodStart
INFO  2021-08-10 10:13:08,509 LabFileUploadService::? - GetLabFileSummaryDetailBylfuId : MethodFinish
INFO  2021-08-10 10:13:08,537 LabFileUploadService::? - GetLabFileSummaryDetailBylfuId : MethodStart
INFO  2021-08-10 10:13:08,547 LabFileUploadService::? - GetLabFileSummaryDetailBylfuId : MethodFinish
INFO  2021-08-10 10:13:08,570 LabFileUploadService::? - GetLabFileSummaryDetailBylfuId : MethodStart
INFO  2021-08-10 10:13:08,581 LabFileUploadService::? - GetLabFileSummaryDetailBylfuId : MethodFinish
INFO  2021-08-10 10:13:08,612 LabFileUploadService::? - GetLabFileSummaryDetailBylfuId : MethodStart
INFO  2021-08-10 10:13:08,623 LabFileUploadService::? - GetLabFileSummaryDetailBylfuId : MethodFinish
INFO  2021-08-10 10:13:08,652 LabFileUploadService::? - GetLabFileSummaryDetailBylfuId : MethodStart
INFO  2021-08-10 10:13:08,659 LabFileUploadService::? - GetLabFileSummaryDetailBylfuId : MethodFinish
INFO  2021-08-10 10:13:08,685 LabFileUploadService::? - GetLabFileSummaryDetailBylfuId : MethodStart
INFO  2021-08-10 10:13:08,693 LabFileUploadService::? - GetLabFileSummaryDetailBylfuId : MethodFinish
INFO  2021-08-10 10:13:08,722 LabFileUploadService::? - GetLabFileSummaryDetailBylfuId : MethodStart
INFO  2021-08-10 10:13:08,731 LabFileUploadService::? - GetLabFileSummaryDetailBylfuId : MethodFinish
INFO  2021-08-10 10:13:08,756 LabFileUploadService::? - GetLabFileSummaryDetailBylfuId : MethodStart
INFO  2021-08-10 10:13:08,766 LabFileUploadService::? - GetLabFileSummaryDetailBylfuId : MethodFinish
INFO  2021-08-10 10:13:08,797 LabFileUploadService::? - GetLabFileSummaryDetailBylfuId : MethodStart
INFO  2021-08-10 10:13:08,807 LabFileUploadService::? - GetLabFileSummaryDetailBylfuId : MethodFinish
INFO  2021-08-10 10:13:08,834 LabFileUploadService::? - GetLabFileSummaryDetailBylfuId : MethodStart
INFO  2021-08-10 10:13:08,845 LabFileUploadService::? - GetLabFileSummaryDetailBylfuId : MethodFinish
INFO  2021-08-10 10:13:08,871 LabFileUploadService::? - GetLabFileSummaryDetailBylfuId : MethodStart
INFO  2021-08-10 10:13:08,880 LabFileUploadService::? - GetLabFileSummaryDetailBylfuId : MethodFinish
INFO  2021-08-10 10:13:08,903 LabFileUploadService::? - GetLabFileSummaryDetailBylfuId : MethodStart
INFO  2021-08-10 10:13:08,913 LabFileUploadService::? - GetLabFileSummaryDetailBylfuId : MethodFinish
INFO  2021-08-10 10:13:08,939 LabFileUploadService::? - GetLabFileSummaryDetailBylfuId : MethodStart
INFO  2021-08-10 10:13:08,946 LabFileUploadService::? - GetLabFileSummaryDetailBylfuId : MethodFinish
INFO  2021-08-10 10:13:08,970 LabFileUploadService::? - GetLabFileSummaryDetailBylfuId : MethodStart
INFO  2021-08-10 10:13:08,981 LabFileUploadService::? - GetLabFileSummaryDetailBylfuId : MethodFinish
INFO  2021-08-10 10:13:09,008 LabFileUploadService::? - GetLabFileSummaryDetailBylfuId : MethodStart
INFO  2021-08-10 10:13:09,018 LabFileUploadService::? - GetLabFileSummaryDetailBylfuId : MethodFinish
INFO  2021-08-10 10:13:09,046 LabFileUploadService::? - GetLabFileSummaryDetailBylfuId : MethodStart
INFO  2021-08-10 10:13:09,055 LabFileUploadService::? - GetLabFileSummaryDetailBylfuId : MethodFinish
INFO  2021-08-10 10:13:09,082 LabFileUploadService::? - GetLabFileSummaryDetailBylfuId : MethodStart
INFO  2021-08-10 10:13:09,091 LabFileUploadService::? - GetLabFileSummaryDetailBylfuId : MethodFinish
INFO  2021-08-10 10:13:09,118 LabFileUploadService::? - GetLabFileSummaryDetailBylfuId : MethodStart
INFO  2021-08-10 10:13:09,127 LabFileUploadService::? - GetLabFileSummaryDetailBylfuId : MethodFinish
INFO  2021-08-10 10:13:09,155 LabFileUploadService::? - GetLabFileSummaryDetailBylfuId : MethodStart
INFO  2021-08-10 10:13:09,164 LabFileUploadService::? - GetLabFileSummaryDetailBylfuId : MethodFinish
INFO  2021-08-10 10:13:09,189 LabFileUploadService::? - GetLabFileSummaryDetailBylfuId : MethodStart
INFO  2021-08-10 10:13:09,199 LabFileUploadService::? - GetLabFileSummaryDetailBylfuId : MethodFinish
INFO  2021-08-10 10:13:09,225 LabFileUploadService::? - GetLabFileSummaryDetailBylfuId : MethodStart
INFO  2021-08-10 10:13:09,233 LabFileUploadService::? - GetLabFileSummaryDetailBylfuId : MethodFinish
INFO  2021-08-10 10:13:09,258 LabFileUploadService::? - GetLabFileSummaryDetailBylfuId : MethodStart
INFO  2021-08-10 10:13:09,267 LabFileUploadService::? - GetLabFileSummaryDetailBylfuId : MethodFinish
INFO  2021-08-10 10:13:09,294 LabFileUploadService::? - GetLabFileSummaryDetailBylfuId : MethodStart
INFO  2021-08-10 10:13:09,302 LabFileUploadService::? - GetLabFileSummaryDetailBylfuId : MethodFinish
INFO  2021-08-10 10:13:09,331 LabFileUploadService::? - GetLabFileSummaryDetailBylfuId : MethodStart
INFO  2021-08-10 10:13:09,340 LabFileUploadService::? - GetLabFileSummaryDetailBylfuId : MethodFinish
INFO  2021-08-10 10:13:09,365 LabFileUploadService::? - GetLabFileSummaryDetailBylfuId : MethodStart
INFO  2021-08-10 10:13:09,373 LabFileUploadService::? - GetLabFileSummaryDetailBylfuId : MethodFinish
INFO  2021-08-10 10:13:09,399 LabFileUploadService::? - GetLabFileSummaryDetailBylfuId : MethodStart
INFO  2021-08-10 10:13:09,409 LabFileUploadService::? - GetLabFileSummaryDetailBylfuId : MethodFinish
INFO  2021-08-10 10:13:09,435 LabFileUploadService::? - GetLabFileSummaryDetailBylfuId : MethodStart
INFO  2021-08-10 10:13:09,443 LabFileUploadService::? - GetLabFileSummaryDetailBylfuId : MethodFinish
INFO  2021-08-10 10:13:09,469 LabFileUploadService::? - GetLabFileSummaryDetailBylfuId : MethodStart
INFO  2021-08-10 10:13:09,480 LabFileUploadService::? - GetLabFileSummaryDetailBylfuId : MethodFinish
INFO  2021-08-10 10:13:09,509 LabFileUploadService::? - GetLabFileSummaryDetailBylfuId : MethodStart
INFO  2021-08-10 10:13:09,520 LabFileUploadService::? - GetLabFileSummaryDetailBylfuId : MethodFinish
INFO  2021-08-10 10:13:09,550 LabFileUploadService::? - GetLabFileSummaryDetailBylfuId : MethodStart
INFO  2021-08-10 10:13:09,561 LabFileUploadService::? - GetLabFileSummaryDetailBylfuId : MethodFinish
INFO  2021-08-10 10:13:09,585 LabFileUploadService::? - GetLabFileSummaryDetailBylfuId : MethodStart
INFO  2021-08-10 10:13:09,598 LabFileUploadService::? - GetLabFileSummaryDetailBylfuId : MethodFinish
INFO  2021-08-10 10:13:09,626 LabFileUploadService::? - GetLabFileSummaryDetailBylfuId : MethodStart
INFO  2021-08-10 10:13:09,635 LabFileUploadService::? - GetLabFileSummaryDetailBylfuId : MethodFinish
INFO  2021-08-10 10:13:09,663 LabFileUploadService::? - GetLabFileSummaryDetailBylfuId : MethodStart
INFO  2021-08-10 10:13:09,674 LabFileUploadService::? - GetLabFileSummaryDetailBylfuId : MethodFinish
INFO  2021-08-10 10:13:09,701 LabFileUploadService::? - GetLabFileSummaryDetailBylfuId : MethodStart
INFO  2021-08-10 10:13:09,712 LabFileUploadService::? - GetLabFileSummaryDetailBylfuId : MethodFinish
INFO  2021-08-10 10:13:09,743 LabFileUploadService::? - GetLabFileSummaryDetailBylfuId : MethodStart
INFO  2021-08-10 10:13:09,754 LabFileUploadService::? - GetLabFileSummaryDetailBylfuId : MethodFinish
INFO  2021-08-10 10:13:09,791 LabFileUploadService::? - GetLabFileSummaryDetailBylfuId : MethodStart
INFO  2021-08-10 10:13:09,801 LabFileUploadService::? - GetLabFileSummaryDetailBylfuId : MethodFinish
INFO  2021-08-10 10:13:09,831 LabFileUploadService::? - GetLabFileSummaryDetailBylfuId : MethodStart
INFO  2021-08-10 10:13:09,842 LabFileUploadService::? - GetLabFileSummaryDetailBylfuId : MethodFinish
INFO  2021-08-10 10:13:09,875 LabFileUploadService::? - GetLabFileSummaryDetailBylfuId : MethodStart
INFO  2021-08-10 10:13:09,885 LabFileUploadService::? - GetLabFileSummaryDetailBylfuId : MethodFinish
INFO  2021-08-10 10:13:09,917 LabFileUploadService::? - GetLabFileSummaryDetailBylfuId : MethodStart
INFO  2021-08-10 10:13:09,929 LabFileUploadService::? - GetLabFileSummaryDetailBylfuId : MethodFinish
INFO  2021-08-10 10:13:09,957 LabFileUploadService::? - GetLabFileSummaryDetailBylfuId : MethodStart
INFO  2021-08-10 10:13:09,967 LabFileUploadService::? - GetLabFileSummaryDetailBylfuId : MethodFinish
INFO  2021-08-10 10:13:10,003 LabFileUploadService::? - GetLabFileSummaryDetailBylfuId : MethodStart
INFO  2021-08-10 10:13:10,013 LabFileUploadService::? - GetLabFileSummaryDetailBylfuId : MethodFinish
INFO  2021-08-10 10:13:10,039 LabFileUploadService::? - GetLabFileSummaryDetailBylfuId : MethodStart
INFO  2021-08-10 10:13:10,051 LabFileUploadService::? - GetLabFileSummaryDetailBylfuId : MethodFinish
INFO  2021-08-10 10:13:10,087 LabFileUploadService::? - GetLabFileSummaryDetailBylfuId : MethodStart
INFO  2021-08-10 10:13:10,096 LabFileUploadService::? - GetLabFileSummaryDetailBylfuId : MethodFinish
INFO  2021-08-10 10:13:10,123 LabFileUploadService::? - GetLabFileSummaryDetailBylfuId : MethodStart
INFO  2021-08-10 10:13:10,131 LabFileUploadService::? - GetLabFileSummaryDetailBylfuId : MethodFinish
INFO  2021-08-10 10:13:10,155 LabFileUploadService::? - GetLabFileSummaryDetailBylfuId : MethodStart
INFO  2021-08-10 10:13:10,163 LabFileUploadService::? - GetLabFileSummaryDetailBylfuId : MethodFinish
INFO  2021-08-10 10:13:10,187 LabFileUploadService::? - GetLabFileSummaryDetailBylfuId : MethodStart
INFO  2021-08-10 10:13:10,195 LabFileUploadService::? - GetLabFileSummaryDetailBylfuId : MethodFinish
INFO  2021-08-10 10:13:10,220 LabFileUploadService::? - GetLabFileSummaryDetailBylfuId : MethodStart
INFO  2021-08-10 10:13:10,227 LabFileUploadService::? - GetLabFileSummaryDetailBylfuId : MethodFinish
INFO  2021-08-10 10:13:10,248 LabFileUploadService::? - GetLabFileSummaryDetailBylfuId : MethodStart
INFO  2021-08-10 10:13:10,255 LabFileUploadService::? - GetLabFileSummaryDetailBylfuId : MethodFinish
INFO  2021-08-10 10:13:10,281 LabFileUploadService::? - GetLabFileSummaryDetailBylfuId : MethodStart
INFO  2021-08-10 10:13:10,289 LabFileUploadService::? - GetLabFileSummaryDetailBylfuId : MethodFinish
INFO  2021-08-10 10:13:10,313 LabFileUploadService::? - GetLabFileSummaryDetailBylfuId : MethodStart
INFO  2021-08-10 10:13:10,321 LabFileUploadService::? - GetLabFileSummaryDetailBylfuId : MethodFinish
INFO  2021-08-10 10:13:10,346 LabFileUploadService::? - GetLabFileSummaryDetailBylfuId : MethodStart
INFO  2021-08-10 10:13:10,355 LabFileUploadService::? - GetLabFileSummaryDetailBylfuId : MethodFinish
INFO  2021-08-10 10:13:10,379 LabFileUploadService::? - GetLabFileSummaryDetailBylfuId : MethodStart
INFO  2021-08-10 10:13:10,387 LabFileUploadService::? - GetLabFileSummaryDetailBylfuId : MethodFinish
INFO  2021-08-10 10:13:10,415 LabFileUploadService::? - GetLabFileSummaryDetailBylfuId : MethodStart
INFO  2021-08-10 10:13:10,423 LabFileUploadService::? - GetLabFileSummaryDetailBylfuId : MethodFinish
INFO  2021-08-10 10:13:10,449 LabFileUploadService::? - GetLabFileSummaryDetailBylfuId : MethodStart
INFO  2021-08-10 10:13:10,459 LabFileUploadService::? - GetLabFileSummaryDetailBylfuId : MethodFinish
INFO  2021-08-10 10:13:10,484 LabFileUploadService::? - GetLabFileSummaryDetailBylfuId : MethodStart
INFO  2021-08-10 10:13:10,494 LabFileUploadService::? - GetLabFileSummaryDetailBylfuId : MethodFinish
INFO  2021-08-10 10:13:10,520 LabFileUploadService::? - GetLabFileSummaryDetailBylfuId : MethodStart
INFO  2021-08-10 10:13:10,529 LabFileUploadService::? - GetLabFileSummaryDetailBylfuId : MethodFinish
INFO  2021-08-10 10:13:10,555 LabFileUploadService::? - GetLabFileSummaryDetailBylfuId : MethodStart
INFO  2021-08-10 10:13:10,564 LabFileUploadService::? - GetLabFileSummaryDetailBylfuId : MethodFinish
INFO  2021-08-10 10:13:10,592 LabFileUploadService::? - GetLabFileSummaryDetailBylfuId : MethodStart
INFO  2021-08-10 10:13:10,603 LabFileUploadService::? - GetLabFileSummaryDetailBylfuId : MethodFinish
INFO  2021-08-10 10:13:10,634 LabFileUploadService::? - GetLabFileSummaryDetailBylfuId : MethodStart
INFO  2021-08-10 10:13:10,643 LabFileUploadService::? - GetLabFileSummaryDetailBylfuId : MethodFinish
INFO  2021-08-10 10:13:10,671 LabFileUploadService::? - GetLabFileSummaryDetailBylfuId : MethodStart
INFO  2021-08-10 10:13:10,681 LabFileUploadService::? - GetLabFileSummaryDetailBylfuId : MethodFinish
INFO  2021-08-10 10:13:10,709 LabFileUploadService::? - GetLabFileSummaryDetailBylfuId : MethodStart
INFO  2021-08-10 10:13:10,719 LabFileUploadService::? - GetLabFileSummaryDetailBylfuId : MethodFinish
INFO  2021-08-10 10:13:10,751 LabFileUploadService::? - GetLabFileSummaryDetailBylfuId : MethodStart
INFO  2021-08-10 10:13:10,763 LabFileUploadService::? - GetLabFileSummaryDetailBylfuId : MethodFinish
INFO  2021-08-10 10:13:10,803 LabFileUploadService::? - GetLabFileSummaryDetailBylfuId : MethodStart
INFO  2021-08-10 10:13:10,812 LabFileUploadService::? - GetLabFileSummaryDetailBylfuId : MethodFinish
INFO  2021-08-10 10:13:10,844 LabFileUploadService::? - GetLabFileSummaryDetailBylfuId : MethodStart
INFO  2021-08-10 10:13:10,855 LabFileUploadService::? - GetLabFileSummaryDetailBylfuId : MethodFinish
INFO  2021-08-10 10:13:10,882 LabFileUploadService::? - GetLabFileSummaryDetailBylfuId : MethodStart
INFO  2021-08-10 10:13:10,891 LabFileUploadService::? - GetLabFileSummaryDetailBylfuId : MethodFinish
INFO  2021-08-10 10:13:10,918 LabFileUploadService::? - GetLabFileSummaryDetailBylfuId : MethodStart
INFO  2021-08-10 10:13:10,928 LabFileUploadService::? - GetLabFileSummaryDetailBylfuId : MethodFinish
INFO  2021-08-10 10:13:10,954 LabFileUploadService::? - GetLabFileSummaryDetailBylfuId : MethodStart
INFO  2021-08-10 10:13:10,962 LabFileUploadService::? - GetLabFileSummaryDetailBylfuId : MethodFinish
INFO  2021-08-10 10:13:10,984 LabFileUploadService::? - GetLabFileSummaryDetailBylfuId : MethodStart
INFO  2021-08-10 10:13:10,996 LabFileUploadService::? - GetLabFileSummaryDetailBylfuId : MethodFinish
INFO  2021-08-10 10:13:11,023 LabFileUploadService::? - GetLabFileSummaryDetailBylfuId : MethodStart
INFO  2021-08-10 10:13:11,032 LabFileUploadService::? - GetLabFileSummaryDetailBylfuId : MethodFinish
INFO  2021-08-10 10:13:11,065 LabFileUploadService::? - GetLabFileSummaryDetailBylfuId : MethodStart
INFO  2021-08-10 10:13:11,073 LabFileUploadService::? - GetLabFileSummaryDetailBylfuId : MethodFinish
INFO  2021-08-10 10:13:11,098 LabFileUploadService::? - GetLabFileSummaryDetailBylfuId : MethodStart
INFO  2021-08-10 10:13:11,107 LabFileUploadService::? - GetLabFileSummaryDetailBylfuId : MethodFinish
INFO  2021-08-10 10:13:11,133 LabFileUploadService::? - GetLabFileSummaryDetailBylfuId : MethodStart
INFO  2021-08-10 10:13:11,141 LabFileUploadService::? - GetLabFileSummaryDetailBylfuId : MethodFinish
INFO  2021-08-10 10:13:11,164 LabFileUploadService::? - GetLabFileSummaryDetailBylfuId : MethodStart
INFO  2021-08-10 10:13:11,171 LabFileUploadService::? - GetLabFileSummaryDetailBylfuId : MethodFinish
INFO  2021-08-10 10:13:11,198 LabFileUploadService::? - GetLabFileSummaryDetailBylfuId : MethodStart
INFO  2021-08-10 10:13:11,206 LabFileUploadService::? - GetLabFileSummaryDetailBylfuId : MethodFinish
INFO  2021-08-10 10:13:11,229 LabFileUploadService::? - GetLabFileSummaryDetailBylfuId : MethodStart
INFO  2021-08-10 10:13:11,238 LabFileUploadService::? - GetLabFileSummaryDetailBylfuId : MethodFinish
INFO  2021-08-10 10:13:11,270 LabFileUploadService::? - GetLabFileSummaryDetailBylfuId : MethodStart
INFO  2021-08-10 10:13:11,280 LabFileUploadService::? - GetLabFileSummaryDetailBylfuId : MethodFinish
INFO  2021-08-10 10:13:11,309 LabFileUploadService::? - GetLabFileSummaryDetailBylfuId : MethodStart
INFO  2021-08-10 10:13:11,321 LabFileUploadService::? - GetLabFileSummaryDetailBylfuId : MethodFinish
INFO  2021-08-10 10:13:11,349 LabFileUploadService::? - GetLabFileSummaryDetailBylfuId : MethodStart
INFO  2021-08-10 10:13:11,358 LabFileUploadService::? - GetLabFileSummaryDetailBylfuId : MethodFinish
INFO  2021-08-10 10:13:11,383 LabFileUploadService::? - GetLabFileSummaryDetailBylfuId : MethodStart
INFO  2021-08-10 10:13:11,392 LabFileUploadService::? - GetLabFileSummaryDetailBylfuId : MethodFinish
INFO  2021-08-10 10:13:11,416 LabFileUploadService::? - GetLabFileSummaryDetailBylfuId : MethodStart
INFO  2021-08-10 10:13:11,425 LabFileUploadService::? - GetLabFileSummaryDetailBylfuId : MethodFinish
INFO  2021-08-10 10:13:11,452 LabFileUploadService::? - GetLabFileSummaryDetailBylfuId : MethodStart
INFO  2021-08-10 10:13:11,459 LabFileUploadService::? - GetLabFileSummaryDetailBylfuId : MethodFinish
INFO  2021-08-10 10:13:11,482 LabFileUploadService::? - GetLabFileSummaryDetailBylfuId : MethodStart
INFO  2021-08-10 10:13:11,490 LabFileUploadService::? - GetLabFileSummaryDetailBylfuId : MethodFinish
INFO  2021-08-10 10:13:11,514 LabFileUploadService::? - GetLabFileSummaryDetailBylfuId : MethodStart
INFO  2021-08-10 10:13:11,521 LabFileUploadService::? - GetLabFileSummaryDetailBylfuId : MethodFinish
INFO  2021-08-10 10:13:11,549 LabFileUploadService::? - GetLabFileSummaryDetailBylfuId : MethodStart
INFO  2021-08-10 10:13:11,558 LabFileUploadService::? - GetLabFileSummaryDetailBylfuId : MethodFinish
INFO  2021-08-10 10:13:11,593 LabFileUploadService::? - GetLabFileSummaryDetailBylfuId : MethodStart
INFO  2021-08-10 10:13:11,602 LabFileUploadService::? - GetLabFileSummaryDetailBylfuId : MethodFinish
INFO  2021-08-10 10:13:11,632 LabFileUploadService::? - GetLabFileSummaryDetailBylfuId : MethodStart
INFO  2021-08-10 10:13:11,639 LabFileUploadService::? - GetLabFileSummaryDetailBylfuId : MethodFinish
INFO  2021-08-10 10:13:11,676 LabFileUploadService::? - GetLabFileSummaryDetailBylfuId : MethodStart
INFO  2021-08-10 10:13:11,686 LabFileUploadService::? - GetLabFileSummaryDetailBylfuId : MethodFinish
INFO  2021-08-10 10:13:11,715 LabFileUploadService::? - GetLabFileSummaryDetailBylfuId : MethodStart
INFO  2021-08-10 10:13:11,725 LabFileUploadService::? - GetLabFileSummaryDetailBylfuId : MethodFinish
INFO  2021-08-10 10:13:11,751 LabFileUploadService::? - GetLabFileSummaryDetailBylfuId : MethodStart
INFO  2021-08-10 10:13:11,760 LabFileUploadService::? - GetLabFileSummaryDetailBylfuId : MethodFinish
INFO  2021-08-10 10:13:11,793 LabFileUploadService::? - GetLabFileSummaryDetailBylfuId : MethodStart
INFO  2021-08-10 10:13:11,802 LabFileUploadService::? - GetLabFileSummaryDetailBylfuId : MethodFinish
INFO  2021-08-10 10:13:11,831 LabFileUploadService::? - GetLabFileSummaryDetailBylfuId : MethodStart
INFO  2021-08-10 10:13:11,841 LabFileUploadService::? - GetLabFileSummaryDetailBylfuId : MethodFinish
INFO  2021-08-10 10:13:11,870 LabFileUploadService::? - GetLabFileSummaryDetailBylfuId : MethodStart
INFO  2021-08-10 10:13:11,878 LabFileUploadService::? - GetLabFileSummaryDetailBylfuId : MethodFinish
INFO  2021-08-10 10:13:11,903 LabFileUploadService::? - GetLabFileSummaryDetailBylfuId : MethodStart
INFO  2021-08-10 10:13:11,912 LabFileUploadService::? - GetLabFileSummaryDetailBylfuId : MethodFinish
INFO  2021-08-10 10:13:11,940 LabFileUploadService::? - GetLabFileSummaryDetailBylfuId : MethodStart
INFO  2021-08-10 10:13:11,948 LabFileUploadService::? - GetLabFileSummaryDetailBylfuId : MethodFinish
INFO  2021-08-10 10:13:11,972 LabFileUploadService::? - GetLabFileSummaryDetailBylfuId : MethodStart
INFO  2021-08-10 10:13:11,981 LabFileUploadService::? - GetLabFileSummaryDetailBylfuId : MethodFinish
INFO  2021-08-10 10:13:12,010 LabFileUploadService::? - GetLabFileSummaryDetailBylfuId : MethodStart
INFO  2021-08-10 10:13:12,020 LabFileUploadService::? - GetLabFileSummaryDetailBylfuId : MethodFinish
INFO  2021-08-10 10:13:12,049 LabFileUploadService::? - GetLabFileSummaryDetailBylfuId : MethodStart
INFO  2021-08-10 10:13:12,060 LabFileUploadService::? - GetLabFileSummaryDetailBylfuId : MethodFinish
INFO  2021-08-10 10:13:12,084 LabFileUploadService::? - GetLabFileSummaryDetailBylfuId : MethodStart
INFO  2021-08-10 10:13:12,091 LabFileUploadService::? - GetLabFileSummaryDetailBylfuId : MethodFinish
INFO  2021-08-10 10:13:12,114 LabFileUploadService::? - GetLabFileSummaryDetailBylfuId : MethodStart
INFO  2021-08-10 10:13:12,121 LabFileUploadService::? - GetLabFileSummaryDetailBylfuId : MethodFinish
INFO  2021-08-10 10:13:12,147 LabFileUploadService::? - GetLabFileSummaryDetailBylfuId : MethodStart
INFO  2021-08-10 10:13:12,153 LabFileUploadService::? - GetLabFileSummaryDetailBylfuId : MethodFinish
INFO  2021-08-10 10:13:12,175 LabFileUploadService::? - GetLabFileSummaryDetailBylfuId : MethodStart
INFO  2021-08-10 10:13:12,183 LabFileUploadService::? - GetLabFileSummaryDetailBylfuId : MethodFinish
INFO  2021-08-10 10:13:12,211 LabFileUploadService::? - GetLabFileSummaryDetailBylfuId : MethodStart
INFO  2021-08-10 10:13:12,219 LabFileUploadService::? - GetLabFileSummaryDetailBylfuId : MethodFinish
INFO  2021-08-10 10:13:12,243 LabFileUploadService::? - GetLabFileSummaryDetailBylfuId : MethodStart
INFO  2021-08-10 10:13:12,253 LabFileUploadService::? - GetLabFileSummaryDetailBylfuId : MethodFinish
INFO  2021-08-10 10:13:12,280 LabFileUploadService::? - GetLabFileSummaryDetailBylfuId : MethodStart
INFO  2021-08-10 10:13:12,290 LabFileUploadService::? - GetLabFileSummaryDetailBylfuId : MethodFinish
INFO  2021-08-10 10:13:12,316 LabFileUploadService::? - GetLabFileSummaryDetailBylfuId : MethodStart
INFO  2021-08-10 10:13:12,326 LabFileUploadService::? - GetLabFileSummaryDetailBylfuId : MethodFinish
INFO  2021-08-10 10:13:12,358 LabFileUploadService::? - GetLabFileSummaryDetailBylfuId : MethodStart
INFO  2021-08-10 10:13:12,366 LabFileUploadService::? - GetLabFileSummaryDetailBylfuId : MethodFinish
INFO  2021-08-10 10:13:12,395 LabFileUploadService::? - GetLabFileSummaryDetailBylfuId : MethodStart
INFO  2021-08-10 10:13:12,402 LabFileUploadService::? - GetLabFileSummaryDetailBylfuId : MethodFinish
INFO  2021-08-10 10:13:12,427 LabFileUploadService::? - GetLabFileSummaryDetailBylfuId : MethodStart
INFO  2021-08-10 10:13:12,435 LabFileUploadService::? - GetLabFileSummaryDetailBylfuId : MethodFinish
INFO  2021-08-10 10:13:12,461 LabFileUploadService::? - GetLabFileSummaryDetailBylfuId : MethodStart
INFO  2021-08-10 10:13:12,469 LabFileUploadService::? - GetLabFileSummaryDetailBylfuId : MethodFinish
INFO  2021-08-10 10:13:12,496 LabFileUploadService::? - GetLabFileSummaryDetailBylfuId : MethodStart
INFO  2021-08-10 10:13:12,504 LabFileUploadService::? - GetLabFileSummaryDetailBylfuId : MethodFinish
INFO  2021-08-10 10:13:12,532 LabFileUploadService::? - GetLabFileSummaryDetailBylfuId : MethodStart
INFO  2021-08-10 10:13:12,541 LabFileUploadService::? - GetLabFileSummaryDetailBylfuId : MethodFinish
INFO  2021-08-10 10:13:12,580 LabFileUploadService::? - GetLabFileSummaryDetailBylfuId : MethodStart
INFO  2021-08-10 10:13:12,595 LabFileUploadService::? - GetLabFileSummaryDetailBylfuId : MethodFinish
INFO  2021-08-10 10:13:12,629 LabFileUploadService::? - GetLabFileSummaryDetailBylfuId : MethodStart
INFO  2021-08-10 10:13:12,640 LabFileUploadService::? - GetLabFileSummaryDetailBylfuId : MethodFinish
INFO  2021-08-10 10:13:12,673 LabFileUploadService::? - GetLabFileSummaryDetailBylfuId : MethodStart
INFO  2021-08-10 10:13:12,683 LabFileUploadService::? - GetLabFileSummaryDetailBylfuId : MethodFinish
INFO  2021-08-10 10:13:12,715 LabFileUploadService::? - GetLabFileSummaryDetailBylfuId : MethodStart
INFO  2021-08-10 10:13:12,727 LabFileUploadService::? - GetLabFileSummaryDetailBylfuId : MethodFinish
INFO  2021-08-10 10:13:12,757 LabFileUploadService::? - GetLabFileSummaryDetailBylfuId : MethodStart
INFO  2021-08-10 10:13:12,768 LabFileUploadService::? - GetLabFileSummaryDetailBylfuId : MethodFinish
INFO  2021-08-10 10:13:12,806 LabFileUploadService::? - GetLabFileSummaryDetailBylfuId : MethodStart
INFO  2021-08-10 10:13:12,816 LabFileUploadService::? - GetLabFileSummaryDetailBylfuId : MethodFinish
INFO  2021-08-10 10:13:12,853 LabFileUploadService::? - GetLabFileSummaryDetailBylfuId : MethodStart
INFO  2021-08-10 10:13:12,865 LabFileUploadService::? - GetLabFileSummaryDetailBylfuId : MethodFinish
INFO  2021-08-10 10:13:12,899 LabFileUploadService::? - GetLabFileSummaryDetailBylfuId : MethodStart
INFO  2021-08-10 10:13:12,908 LabFileUploadService::? - GetLabFileSummaryDetailBylfuId : MethodFinish
INFO  2021-08-10 10:13:12,939 LabFileUploadService::? - GetLabFileSummaryDetailBylfuId : MethodStart
INFO  2021-08-10 10:13:12,949 LabFileUploadService::? - GetLabFileSummaryDetailBylfuId : MethodFinish
INFO  2021-08-10 10:13:12,978 LabFileUploadService::? - GetLabFileSummaryDetailBylfuId : MethodStart
INFO  2021-08-10 10:13:12,990 LabFileUploadService::? - GetLabFileSummaryDetailBylfuId : MethodFinish
INFO  2021-08-10 10:13:13,023 LabFileUploadService::? - GetLabFileSummaryDetailBylfuId : MethodStart
INFO  2021-08-10 10:13:13,032 LabFileUploadService::? - GetLabFileSummaryDetailBylfuId : MethodFinish
INFO  2021-08-10 10:13:13,059 LabFileUploadService::? - GetLabFileSummaryDetailBylfuId : MethodStart
INFO  2021-08-10 10:13:13,068 LabFileUploadService::? - GetLabFileSummaryDetailBylfuId : MethodFinish
INFO  2021-08-10 10:13:13,096 LabFileUploadService::? - GetLabFileSummaryDetailBylfuId : MethodStart
INFO  2021-08-10 10:13:13,108 LabFileUploadService::? - GetLabFileSummaryDetailBylfuId : MethodFinish
INFO  2021-08-10 10:13:13,136 LabFileUploadService::? - GetLabFileSummaryDetailBylfuId : MethodStart
INFO  2021-08-10 10:13:13,146 LabFileUploadService::? - GetLabFileSummaryDetailBylfuId : MethodFinish
INFO  2021-08-10 10:13:13,172 LabFileUploadService::? - GetLabFileSummaryDetailBylfuId : MethodStart
INFO  2021-08-10 10:13:13,182 LabFileUploadService::? - GetLabFileSummaryDetailBylfuId : MethodFinish
INFO  2021-08-10 10:13:13,208 LabFileUploadService::? - GetLabFileSummaryDetailBylfuId : MethodStart
INFO  2021-08-10 10:13:13,216 LabFileUploadService::? - GetLabFileSummaryDetailBylfuId : MethodFinish
INFO  2021-08-10 10:13:13,241 LabFileUploadService::? - GetLabFileSummaryDetailBylfuId : MethodStart
INFO  2021-08-10 10:13:13,251 LabFileUploadService::? - GetLabFileSummaryDetailBylfuId : MethodFinish
INFO  2021-08-10 10:13:13,281 LabFileUploadService::? - GetLabFileSummaryDetailBylfuId : MethodStart
INFO  2021-08-10 10:13:13,290 LabFileUploadService::? - GetLabFileSummaryDetailBylfuId : MethodFinish
INFO  2021-08-10 10:13:13,317 LabFileUploadService::? - GetLabFileSummaryDetailBylfuId : MethodStart
INFO  2021-08-10 10:13:13,325 LabFileUploadService::? - GetLabFileSummaryDetailBylfuId : MethodFinish
INFO  2021-08-10 10:13:13,350 LabFileUploadService::? - GetLabFileSummaryDetailBylfuId : MethodStart
INFO  2021-08-10 10:13:13,359 LabFileUploadService::? - GetLabFileSummaryDetailBylfuId : MethodFinish
INFO  2021-08-10 10:13:13,382 LabFileUploadService::? - GetLabFileSummaryDetailBylfuId : MethodStart
INFO  2021-08-10 10:13:13,391 LabFileUploadService::? - GetLabFileSummaryDetailBylfuId : MethodFinish
INFO  2021-08-10 10:13:13,415 LabFileUploadService::? - GetLabFileSummaryDetailBylfuId : MethodStart
INFO  2021-08-10 10:13:13,423 LabFileUploadService::? - GetLabFileSummaryDetailBylfuId : MethodFinish
INFO  2021-08-10 10:13:13,445 LabFileUploadService::? - GetLabFileSummaryDetailBylfuId : MethodStart
INFO  2021-08-10 10:13:13,455 LabFileUploadService::? - GetLabFileSummaryDetailBylfuId : MethodFinish
INFO  2021-08-10 10:13:13,480 LabFileUploadService::? - GetLabFileSummaryDetailBylfuId : MethodStart
INFO  2021-08-10 10:13:13,487 LabFileUploadService::? - GetLabFileSummaryDetailBylfuId : MethodFinish
INFO  2021-08-10 10:13:13,512 LabFileUploadService::? - GetLabFileSummaryDetailBylfuId : MethodStart
INFO  2021-08-10 10:13:13,519 LabFileUploadService::? - GetLabFileSummaryDetailBylfuId : MethodFinish
INFO  2021-08-10 10:13:13,546 LabFileUploadService::? - GetLabFileSummaryDetailBylfuId : MethodStart
INFO  2021-08-10 10:13:13,554 LabFileUploadService::? - GetLabFileSummaryDetailBylfuId : MethodFinish
INFO  2021-08-10 10:13:13,578 LabFileUploadService::? - GetLabFileSummaryDetailBylfuId : MethodStart
INFO  2021-08-10 10:13:13,586 LabFileUploadService::? - GetLabFileSummaryDetailBylfuId : MethodFinish
INFO  2021-08-10 10:13:13,614 LabFileUploadService::? - GetLabFileSummaryDetailBylfuId : MethodStart
INFO  2021-08-10 10:13:13,622 LabFileUploadService::? - GetLabFileSummaryDetailBylfuId : MethodFinish
INFO  2021-08-10 10:13:13,651 LabFileUploadService::? - GetLabFileSummaryDetailBylfuId : MethodStart
INFO  2021-08-10 10:13:13,659 LabFileUploadService::? - GetLabFileSummaryDetailBylfuId : MethodFinish
INFO  2021-08-10 10:13:13,683 LabFileUploadService::? - GetLabFileSummaryDetailBylfuId : MethodStart
INFO  2021-08-10 10:13:13,691 LabFileUploadService::? - GetLabFileSummaryDetailBylfuId : MethodFinish
INFO  2021-08-10 10:13:13,717 LabFileUploadService::? - GetLabFileSummaryDetailBylfuId : MethodStart
INFO  2021-08-10 10:13:13,725 LabFileUploadService::? - GetLabFileSummaryDetailBylfuId : MethodFinish
INFO  2021-08-10 10:13:13,751 LabFileUploadService::? - GetLabFileSummaryDetailBylfuId : MethodStart
INFO  2021-08-10 10:13:13,758 LabFileUploadService::? - GetLabFileSummaryDetailBylfuId : MethodFinish
INFO  2021-08-10 10:13:13,784 LabFileUploadService::? - GetLabFileSummaryDetailBylfuId : MethodStart
INFO  2021-08-10 10:13:13,794 LabFileUploadService::? - GetLabFileSummaryDetailBylfuId : MethodFinish
INFO  2021-08-10 10:13:13,821 LabFileUploadService::? - GetLabFileSummaryDetailBylfuId : MethodStart
INFO  2021-08-10 10:13:13,831 LabFileUploadService::? - GetLabFileSummaryDetailBylfuId : MethodFinish
INFO  2021-08-10 10:13:13,857 LabFileUploadService::? - GetLabFileSummaryDetailBylfuId : MethodStart
INFO  2021-08-10 10:13:13,867 LabFileUploadService::? - GetLabFileSummaryDetailBylfuId : MethodFinish
INFO  2021-08-10 10:13:13,890 LabFileUploadService::? - GetLabFileSummaryDetailBylfuId : MethodStart
INFO  2021-08-10 10:13:13,899 LabFileUploadService::? - GetLabFileSummaryDetailBylfuId : MethodFinish
INFO  2021-08-10 10:13:13,924 LabFileUploadService::? - GetLabFileSummaryDetailBylfuId : MethodStart
INFO  2021-08-10 10:13:13,933 LabFileUploadService::? - GetLabFileSummaryDetailBylfuId : MethodFinish
INFO  2021-08-10 10:13:13,956 LabFileUploadService::? - GetLabFileSummaryDetailBylfuId : MethodStart
INFO  2021-08-10 10:13:13,963 LabFileUploadService::? - GetLabFileSummaryDetailBylfuId : MethodFinish
INFO  2021-08-10 10:13:13,986 LabFileUploadService::? - GetLabFileSummaryDetailBylfuId : MethodStart
INFO  2021-08-10 10:13:13,994 LabFileUploadService::? - GetLabFileSummaryDetailBylfuId : MethodFinish
INFO  2021-08-10 10:13:14,021 LabFileUploadService::? - GetLabFileSummaryDetailBylfuId : MethodStart
INFO  2021-08-10 10:13:14,034 LabFileUploadService::? - GetLabFileSummaryDetailBylfuId : MethodFinish
INFO  2021-08-10 10:13:14,060 LabFileUploadService::? - GetLabFileSummaryDetailBylfuId : MethodStart
INFO  2021-08-10 10:13:14,069 LabFileUploadService::? - GetLabFileSummaryDetailBylfuId : MethodFinish
INFO  2021-08-10 10:13:14,093 LabFileUploadService::? - GetLabFileSummaryDetailBylfuId : MethodStart
INFO  2021-08-10 10:13:14,101 LabFileUploadService::? - GetLabFileSummaryDetailBylfuId : MethodFinish
INFO  2021-08-10 10:13:14,127 LabFileUploadService::? - GetLabFileSummaryDetailBylfuId : MethodStart
INFO  2021-08-10 10:13:14,136 LabFileUploadService::? - GetLabFileSummaryDetailBylfuId : MethodFinish
INFO  2021-08-10 10:13:14,160 LabFileUploadService::? - GetLabFileSummaryDetailBylfuId : MethodStart
INFO  2021-08-10 10:13:14,169 LabFileUploadService::? - GetLabFileSummaryDetailBylfuId : MethodFinish
INFO  2021-08-10 10:13:14,196 LabFileUploadService::? - GetLabFileSummaryDetailBylfuId : MethodStart
INFO  2021-08-10 10:13:14,205 LabFileUploadService::? - GetLabFileSummaryDetailBylfuId : MethodFinish
INFO  2021-08-10 10:13:14,230 LabFileUploadService::? - GetLabFileSummaryDetailBylfuId : MethodStart
INFO  2021-08-10 10:13:14,239 LabFileUploadService::? - GetLabFileSummaryDetailBylfuId : MethodFinish
INFO  2021-08-10 10:13:14,264 LabFileUploadService::? - GetLabFileSummaryDetailBylfuId : MethodStart
INFO  2021-08-10 10:13:14,272 LabFileUploadService::? - GetLabFileSummaryDetailBylfuId : MethodFinish
INFO  2021-08-10 10:13:14,296 LabFileUploadService::? - GetLabFileSummaryDetailBylfuId : MethodStart
INFO  2021-08-10 10:13:14,303 LabFileUploadService::? - GetLabFileSummaryDetailBylfuId : MethodFinish
INFO  2021-08-10 10:13:14,328 LabFileUploadService::? - GetLabFileSummaryDetailBylfuId : MethodStart
INFO  2021-08-10 10:13:14,337 LabFileUploadService::? - GetLabFileSummaryDetailBylfuId : MethodFinish
INFO  2021-08-10 10:13:14,360 LabFileUploadService::? - GetLabFileSummaryDetailBylfuId : MethodStart
INFO  2021-08-10 10:13:14,368 LabFileUploadService::? - GetLabFileSummaryDetailBylfuId : MethodFinish
INFO  2021-08-10 10:13:14,394 LabFileUploadService::? - GetLabFileSummaryDetailBylfuId : MethodStart
INFO  2021-08-10 10:13:14,402 LabFileUploadService::? - GetLabFileSummaryDetailBylfuId : MethodFinish
INFO  2021-08-10 10:13:14,426 LabFileUploadService::? - GetLabFileSummaryDetailBylfuId : MethodStart
INFO  2021-08-10 10:13:14,434 LabFileUploadService::? - GetLabFileSummaryDetailBylfuId : MethodFinish
INFO  2021-08-10 10:13:14,458 LabFileUploadService::? - GetLabFileSummaryDetailBylfuId : MethodStart
INFO  2021-08-10 10:13:14,466 LabFileUploadService::? - GetLabFileSummaryDetailBylfuId : MethodFinish
INFO  2021-08-10 10:13:14,490 LabFileUploadService::? - GetLabFileSummaryDetailBylfuId : MethodStart
INFO  2021-08-10 10:13:14,499 LabFileUploadService::? - GetLabFileSummaryDetailBylfuId : MethodFinish
INFO  2021-08-10 10:13:14,535 LabFileUploadService::? - GetLabFileSummaryDetailBylfuId : MethodStart
INFO  2021-08-10 10:13:14,546 LabFileUploadService::? - GetLabFileSummaryDetailBylfuId : MethodFinish
INFO  2021-08-10 10:13:14,577 LabFileUploadService::? - GetLabFileSummaryDetailBylfuId : MethodStart
INFO  2021-08-10 10:13:14,590 LabFileUploadService::? - GetLabFileSummaryDetailBylfuId : MethodFinish
INFO  2021-08-10 10:13:14,618 LabFileUploadService::? - GetLabFileSummaryDetailBylfuId : MethodStart
INFO  2021-08-10 10:13:14,629 LabFileUploadService::? - GetLabFileSummaryDetailBylfuId : MethodFinish
INFO  2021-08-10 10:13:14,661 LabFileUploadService::? - GetLabFileSummaryDetailBylfuId : MethodStart
INFO  2021-08-10 10:13:14,671 LabFileUploadService::? - GetLabFileSummaryDetailBylfuId : MethodFinish
INFO  2021-08-10 10:13:14,697 LabFileUploadService::? - GetLabFileSummaryDetailBylfuId : MethodStart
INFO  2021-08-10 10:13:14,703 LabFileUploadService::? - GetLabFileSummaryDetailBylfuId : MethodFinish
INFO  2021-08-10 10:13:14,730 LabFileUploadService::? - GetLabFileSummaryDetailBylfuId : MethodStart
INFO  2021-08-10 10:13:14,739 LabFileUploadService::? - GetLabFileSummaryDetailBylfuId : MethodFinish
INFO  2021-08-10 10:13:14,764 LabFileUploadService::? - GetLabFileSummaryDetailBylfuId : MethodStart
INFO  2021-08-10 10:13:14,774 LabFileUploadService::? - GetLabFileSummaryDetailBylfuId : MethodFinish
INFO  2021-08-10 10:13:14,807 LabFileUploadService::? - GetLabFileSummaryDetailBylfuId : MethodStart
INFO  2021-08-10 10:13:14,819 LabFileUploadService::? - GetLabFileSummaryDetailBylfuId : MethodFinish
INFO  2021-08-10 16:38:23,441 LabFileUploadService::? - GetLabFileUploadListWithModel : MethodStart
INFO  2021-08-10 16:38:24,737 LabFileUploadService::? - GetLabFileUploadListWithModel : MethodFinish
INFO  2021-08-10 16:38:42,137 LabFileUploadService::? - GetLabFileUploadListWithModel : MethodStart
INFO  2021-08-10 16:38:42,313 LabFileUploadService::? - GetLabFileUploadListWithModel : MethodFinish
INFO  2021-08-10 16:41:15,489 LabFileUploadService::? - GetLabFileUploadListWithModel : MethodStart
INFO  2021-08-10 16:46:05,633 LabFileUploadService::? - GetLabFileUploadListWithModel : MethodStart
INFO  2021-08-10 16:46:12,711 LabFileUploadService::? - GetLabFileUploadListWithModel : MethodFinish
INFO  2021-08-10 16:48:05,698 LabFileUploadService::? - GetLabFileUploadListWithModel : MethodStart
INFO  2021-08-10 16:48:05,817 LabFileUploadService::? - GetLabFileUploadListWithModel : MethodFinish
INFO  2021-08-10 17:06:53,352 LabFileUploadService::? - GetLabFileUploadListWithModel : MethodStart
INFO  2021-08-10 17:06:53,705 LabFileUploadService::? - GetLabFileUploadListWithModel : MethodFinish
INFO  2021-08-10 17:15:29,921 LabFileUploadService::? - GetLabFileUploadListWithModel : MethodStart
INFO  2021-08-10 17:15:30,176 LabFileUploadService::? - GetLabFileUploadListWithModel : MethodFinish
INFO  2021-08-10 17:31:03,316 LabFileUploadService::? - GetLabFileUploadListWithModel : MethodStart
INFO  2021-08-10 17:31:03,917 LabFileUploadService::? - GetLabFileUploadListWithModel : MethodFinish
INFO  2021-08-10 17:31:15,521 LabFileUploadService::? - GetLabFileUploadListWithModel : MethodStart
INFO  2021-08-10 17:31:15,646 LabFileUploadService::? - GetLabFileUploadListWithModel : MethodFinish
INFO  2021-08-10 17:31:44,853 LabFileUploadService::? - SaveLabFileUploadData : MethodStart
INFO  2021-08-10 17:31:45,356 LabFileUploadService::? - GetLabFileUploadListWithModel : MethodStart
INFO  2021-08-10 17:31:45,463 LabFileUploadService::? - GetLabFileUploadListWithModel : MethodFinish
