INFO  2022-04-05 16:50:16,727 LabFileUploadService::? - GetLabFileUploadListWithModel : MethodStart
INFO  2022-04-05 16:50:19,465 LabFileUploadService::? - GetLabFileUploadListWithModel : MethodFinish
INFO  2022-04-05 17:02:07,818 LabFileUploadService::? - GetLabFileUploadDataById : MethodStart
INFO  2022-04-05 17:02:08,216 LabFileUploadService::? - GetLabFileUploadDataById : MethodFinish
INFO  2022-04-05 17:02:08,273 LabFileUploadService::? - GetLabFileSummaryHeaderBylfuId : MethodStart
INFO  2022-04-05 17:02:08,478 LabFileUploadService::? - GetLabFileSummaryHeaderBylfuId : MethodFinish
INFO  2022-04-05 17:02:08,523 LabFileUploadService::? - GetLabFileErrorHeaderListBylfuId : MethodStart
INFO  2022-04-05 17:02:08,657 LabFileUploadService::? - GetLabFileErrorHeaderListBylfuId : MethodFinish
INFO  2022-04-05 17:02:08,711 LabFileUploadService::? - GetLabFileLabAlertSummaryBylfuId : MethodStart
INFO  2022-04-05 17:02:08,835 LabFileUploadService::? - GetLabFileLabAlertSummaryBylfuId : MethodFinish
INFO  2022-04-05 17:02:08,890 LabFileUploadService::? - GetLabFileSummaryDetailBylfuId : MethodStart
INFO  2022-04-05 17:02:09,033 LabFileUploadService::? - GetLabFileSummaryDetailBylfuId : MethodFinish
INFO  2022-04-05 17:02:09,101 LabFileUploadService::? - GetLabFileSummaryDetailBylfuId : MethodStart
INFO  2022-04-05 17:02:09,211 LabFileUploadService::? - GetLabFileSummaryDetailBylfuId : MethodFinish
INFO  2022-04-05 17:02:09,242 LabFileUploadService::? - GetLabFileSummaryDetailBylfuId : MethodStart
INFO  2022-04-05 17:02:09,349 LabFileUploadService::? - GetLabFileSummaryDetailBylfuId : MethodFinish
INFO  2022-04-05 17:02:09,388 LabFileUploadService::? - GetLabFileSummaryDetailBylfuId : MethodStart
INFO  2022-04-05 17:02:09,495 LabFileUploadService::? - GetLabFileSummaryDetailBylfuId : MethodFinish
INFO  2022-04-05 17:02:09,526 LabFileUploadService::? - GetLabFileSummaryDetailBylfuId : MethodStart
INFO  2022-04-05 17:02:09,674 LabFileUploadService::? - GetLabFileSummaryDetailBylfuId : MethodFinish
INFO  2022-04-05 17:02:09,719 LabFileUploadService::? - GetLabFileSummaryDetailBylfuId : MethodStart
INFO  2022-04-05 17:02:09,828 LabFileUploadService::? - GetLabFileSummaryDetailBylfuId : MethodFinish
INFO  2022-04-05 17:02:09,866 LabFileUploadService::? - GetLabFileSummaryDetailBylfuId : MethodStart
INFO  2022-04-05 17:02:09,976 LabFileUploadService::? - GetLabFileSummaryDetailBylfuId : MethodFinish
INFO  2022-04-05 17:02:10,022 LabFileUploadService::? - GetLabFileSummaryDetailBylfuId : MethodStart
INFO  2022-04-05 17:02:10,130 LabFileUploadService::? - GetLabFileSummaryDetailBylfuId : MethodFinish
INFO  2022-04-05 17:02:10,159 LabFileUploadService::? - GetLabFileSummaryDetailBylfuId : MethodStart
INFO  2022-04-05 17:02:10,266 LabFileUploadService::? - GetLabFileSummaryDetailBylfuId : MethodFinish
INFO  2022-04-05 17:02:10,302 LabFileUploadService::? - GetLabFileSummaryDetailBylfuId : MethodStart
INFO  2022-04-05 17:02:10,417 LabFileUploadService::? - GetLabFileSummaryDetailBylfuId : MethodFinish
INFO  2022-04-05 17:02:10,459 LabFileUploadService::? - GetLabFileSummaryDetailBylfuId : MethodStart
INFO  2022-04-05 17:02:10,577 LabFileUploadService::? - GetLabFileSummaryDetailBylfuId : MethodFinish
INFO  2022-04-05 17:02:10,611 LabFileUploadService::? - GetLabFileSummaryDetailBylfuId : MethodStart
INFO  2022-04-05 17:02:10,715 LabFileUploadService::? - GetLabFileSummaryDetailBylfuId : MethodFinish
INFO  2022-04-05 17:02:10,743 LabFileUploadService::? - GetLabFileSummaryDetailBylfuId : MethodStart
INFO  2022-04-05 17:02:10,849 LabFileUploadService::? - GetLabFileSummaryDetailBylfuId : MethodFinish
INFO  2022-04-05 17:02:10,894 LabFileUploadService::? - GetLabFileSummaryDetailBylfuId : MethodStart
INFO  2022-04-05 17:02:11,002 LabFileUploadService::? - GetLabFileSummaryDetailBylfuId : MethodFinish
INFO  2022-04-05 17:02:11,035 LabFileUploadService::? - GetLabFileSummaryDetailBylfuId : MethodStart
INFO  2022-04-05 17:02:11,138 LabFileUploadService::? - GetLabFileSummaryDetailBylfuId : MethodFinish
INFO  2022-04-05 17:02:11,166 LabFileUploadService::? - GetLabFileSummaryDetailBylfuId : MethodStart
INFO  2022-04-05 17:02:11,282 LabFileUploadService::? - GetLabFileSummaryDetailBylfuId : MethodFinish
INFO  2022-04-05 17:02:11,333 LabFileUploadService::? - GetLabFileSummaryDetailBylfuId : MethodStart
INFO  2022-04-05 17:02:11,447 LabFileUploadService::? - GetLabFileSummaryDetailBylfuId : MethodFinish
INFO  2022-04-05 17:02:11,488 LabFileUploadService::? - GetLabFileSummaryDetailBylfuId : MethodStart
INFO  2022-04-05 17:02:11,601 LabFileUploadService::? - GetLabFileSummaryDetailBylfuId : MethodFinish
INFO  2022-04-05 17:02:11,635 LabFileUploadService::? - GetLabFileSummaryDetailBylfuId : MethodStart
INFO  2022-04-05 17:02:11,743 LabFileUploadService::? - GetLabFileSummaryDetailBylfuId : MethodFinish
INFO  2022-04-05 17:02:11,799 LabFileUploadService::? - GetLabFileSummaryDetailBylfuId : MethodStart
INFO  2022-04-05 17:02:11,903 LabFileUploadService::? - GetLabFileSummaryDetailBylfuId : MethodFinish
INFO  2022-04-05 17:02:11,933 LabFileUploadService::? - GetLabFileSummaryDetailBylfuId : MethodStart
INFO  2022-04-05 17:02:12,046 LabFileUploadService::? - GetLabFileSummaryDetailBylfuId : MethodFinish
INFO  2022-04-05 17:02:12,079 LabFileUploadService::? - GetLabFileSummaryDetailBylfuId : MethodStart
INFO  2022-04-05 17:02:12,189 LabFileUploadService::? - GetLabFileSummaryDetailBylfuId : MethodFinish
INFO  2022-04-05 17:02:18,837 LabFileUploadService::? - GetLabFileUploadListWithModel : MethodStart
INFO  2022-04-05 17:02:18,986 LabFileUploadService::? - GetLabFileUploadListWithModel : MethodFinish
