INFO  2021-09-05 00:00:29,241 LabFileUploadService::? - SaveLabFileUploadData : MethodStart
INFO  2021-09-05 00:00:29,853 LabFileUploadService::? - GetLabFileUploadListWithModel : MethodStart
INFO  2021-09-05 00:00:30,134 LabFileUploadService::? - GetLabFileUploadListWithModel : MethodFinish
INFO  2021-09-05 00:19:58,941 LabFileUploadService::? - GetLabFileUploadListWithModel : MethodStart
INFO  2021-09-05 00:20:01,612 LabFileUploadService::? - GetLabFileUploadListWithModel : MethodFinish
INFO  2021-09-05 00:21:12,426 LabFileUploadService::? - SaveLabFileUploadData : MethodStart
INFO  2021-09-05 00:21:13,303 LabFileUploadService::? - GetLabFileUploadListWithModel : MethodStart
INFO  2021-09-05 00:21:13,534 LabFileUploadService::? - GetLabFileUploadListWithModel : MethodFinish
INFO  2021-09-05 21:40:25,634 LabFileUploadService::? - GetLabFileUploadListWithModel : MethodStart
INFO  2021-09-05 21:40:27,595 LabFileUploadService::? - GetLabFileUploadListWithModel : MethodFinish
INFO  2021-09-05 21:41:42,922 LabFileUploadService::? - SaveLabFileUploadData : MethodStart
INFO  2021-09-05 21:41:43,342 LabFileUploadService::? - GetLabFileUploadListWithModel : MethodStart
INFO  2021-09-05 21:41:43,502 LabFileUploadService::? - GetLabFileUploadListWithModel : MethodFinish
INFO  2021-09-05 23:29:23,954 LabFileUploadService::? - GetLabFileUploadListWithModel : MethodStart
INFO  2021-09-05 23:29:26,878 LabFileUploadService::? - GetLabFileUploadListWithModel : MethodFinish
INFO  2021-09-05 23:32:54,160 LabFileUploadService::? - GetLabFileUploadListWithModel : MethodStart
INFO  2021-09-05 23:32:54,309 LabFileUploadService::? - GetLabFileUploadListWithModel : MethodFinish
INFO  2021-09-05 23:33:01,333 LabFileUploadService::? - GetLabFileUploadDataById : MethodStart
INFO  2021-09-05 23:33:01,754 LabFileUploadService::? - GetLabFileUploadDataById : MethodFinish
INFO  2021-09-05 23:33:01,805 LabFileUploadService::? - GetLabFileSummaryHeaderBylfuId : MethodStart
INFO  2021-09-05 23:33:01,920 LabFileUploadService::? - GetLabFileSummaryHeaderBylfuId : MethodFinish
INFO  2021-09-05 23:33:01,987 LabFileUploadService::? - GetLabFileErrorHeaderListBylfuId : MethodStart
INFO  2021-09-05 23:33:02,100 LabFileUploadService::? - GetLabFileErrorHeaderListBylfuId : MethodFinish
INFO  2021-09-05 23:33:02,164 LabFileUploadService::? - GetLabFileErrorDetailListBylfuId : MethodStart
INFO  2021-09-05 23:33:02,401 LabFileUploadService::? - GetLabFileErrorDetailListBylfuId : MethodFinish
INFO  2021-09-05 23:33:02,485 LabFileUploadService::? - GetLabFileLabAlertSummaryBylfuId : MethodStart
INFO  2021-09-05 23:33:02,620 LabFileUploadService::? - GetLabFileLabAlertSummaryBylfuId : MethodFinish
INFO  2021-09-05 23:33:06,698 LabFileUploadService::? - GetLabFileUploadListWithModel : MethodStart
INFO  2021-09-05 23:33:06,811 LabFileUploadService::? - GetLabFileUploadListWithModel : MethodFinish
INFO  2021-09-05 23:33:14,971 LabFileUploadService::? - GetLabFileUploadDataById : MethodStart
INFO  2021-09-05 23:33:15,082 LabFileUploadService::? - GetLabFileUploadDataById : MethodFinish
INFO  2021-09-05 23:33:15,161 LabFileUploadService::? - GetLabFileSummaryHeaderBylfuId : MethodStart
INFO  2021-09-05 23:33:15,294 LabFileUploadService::? - GetLabFileSummaryHeaderBylfuId : MethodFinish
INFO  2021-09-05 23:33:15,367 LabFileUploadService::? - GetLabFileErrorHeaderListBylfuId : MethodStart
INFO  2021-09-05 23:33:15,481 LabFileUploadService::? - GetLabFileErrorHeaderListBylfuId : MethodFinish
INFO  2021-09-05 23:33:15,557 LabFileUploadService::? - GetLabFileErrorDetailListBylfuId : MethodStart
INFO  2021-09-05 23:33:15,707 LabFileUploadService::? - GetLabFileErrorDetailListBylfuId : MethodFinish
INFO  2021-09-05 23:33:15,752 LabFileUploadService::? - GetLabFileLabAlertSummaryBylfuId : MethodStart
INFO  2021-09-05 23:33:15,856 LabFileUploadService::? - GetLabFileLabAlertSummaryBylfuId : MethodFinish
INFO  2021-09-05 23:33:15,921 LabFileUploadService::? - GetLabFileSummaryDetailBylfuId : MethodStart
INFO  2021-09-05 23:33:16,075 LabFileUploadService::? - GetLabFileSummaryDetailBylfuId : MethodFinish
INFO  2021-09-05 23:33:16,132 LabFileUploadService::? - GetLabFileSummaryDetailBylfuId : MethodStart
INFO  2021-09-05 23:33:16,230 LabFileUploadService::? - GetLabFileSummaryDetailBylfuId : MethodFinish
INFO  2021-09-05 23:52:26,797 LabFileUploadService::? - GetLabFileUploadListWithModel : MethodStart
INFO  2021-09-05 23:52:29,597 LabFileUploadService::? - GetLabFileUploadListWithModel : MethodFinish
INFO  2021-09-05 23:52:41,952 LabFileUploadService::? - GetLabFileUploadDataById : MethodStart
INFO  2021-09-05 23:52:42,373 LabFileUploadService::? - GetLabFileUploadDataById : MethodFinish
INFO  2021-09-05 23:52:42,431 LabFileUploadService::? - GetLabFileSummaryHeaderBylfuId : MethodStart
INFO  2021-09-05 23:52:42,648 LabFileUploadService::? - GetLabFileSummaryHeaderBylfuId : MethodFinish
INFO  2021-09-05 23:52:42,704 LabFileUploadService::? - GetLabFileErrorHeaderListBylfuId : MethodStart
INFO  2021-09-05 23:52:42,853 LabFileUploadService::? - GetLabFileErrorHeaderListBylfuId : MethodFinish
INFO  2021-09-05 23:52:42,921 LabFileUploadService::? - GetLabFileErrorDetailListBylfuId : MethodStart
INFO  2021-09-05 23:52:43,070 LabFileUploadService::? - GetLabFileErrorDetailListBylfuId : MethodFinish
INFO  2021-09-05 23:52:43,124 LabFileUploadService::? - GetLabFileLabAlertSummaryBylfuId : MethodStart
INFO  2021-09-05 23:52:43,246 LabFileUploadService::? - GetLabFileLabAlertSummaryBylfuId : MethodFinish
INFO  2021-09-05 23:52:43,315 LabFileUploadService::? - GetLabFileSummaryDetailBylfuId : MethodStart
INFO  2021-09-05 23:52:43,465 LabFileUploadService::? - GetLabFileSummaryDetailBylfuId : MethodFinish
INFO  2021-09-05 23:52:43,538 LabFileUploadService::? - GetLabFileSummaryDetailBylfuId : MethodStart
INFO  2021-09-05 23:52:43,664 LabFileUploadService::? - GetLabFileSummaryDetailBylfuId : MethodFinish
INFO  2021-09-05 23:53:00,428 LabFileUploadService::? - GetLabFileUploadListWithModel : MethodStart
INFO  2021-09-05 23:53:00,581 LabFileUploadService::? - GetLabFileUploadListWithModel : MethodFinish
INFO  2021-09-05 23:53:03,281 LabFileUploadService::? - GetLabFileUploadDataById : MethodStart
INFO  2021-09-05 23:53:03,428 LabFileUploadService::? - GetLabFileUploadDataById : MethodFinish
INFO  2021-09-05 23:53:03,498 LabFileUploadService::? - GetLabFileSummaryHeaderBylfuId : MethodStart
INFO  2021-09-05 23:53:03,614 LabFileUploadService::? - GetLabFileSummaryHeaderBylfuId : MethodFinish
INFO  2021-09-05 23:53:03,710 LabFileUploadService::? - GetLabFileErrorHeaderListBylfuId : MethodStart
INFO  2021-09-05 23:53:03,845 LabFileUploadService::? - GetLabFileErrorHeaderListBylfuId : MethodFinish
INFO  2021-09-05 23:53:03,891 LabFileUploadService::? - GetLabFileErrorDetailListBylfuId : MethodStart
INFO  2021-09-05 23:53:04,019 LabFileUploadService::? - GetLabFileErrorDetailListBylfuId : MethodFinish
INFO  2021-09-05 23:53:04,056 LabFileUploadService::? - GetLabFileLabAlertSummaryBylfuId : MethodStart
INFO  2021-09-05 23:53:04,172 LabFileUploadService::? - GetLabFileLabAlertSummaryBylfuId : MethodFinish
INFO  2021-09-05 23:53:04,240 LabFileUploadService::? - GetLabFileSummaryDetailBylfuId : MethodStart
INFO  2021-09-05 23:53:04,373 LabFileUploadService::? - GetLabFileSummaryDetailBylfuId : MethodFinish
INFO  2021-09-05 23:53:04,414 LabFileUploadService::? - GetLabFileSummaryDetailBylfuId : MethodStart
INFO  2021-09-05 23:53:04,530 LabFileUploadService::? - GetLabFileSummaryDetailBylfuId : MethodFinish
