INFO  2021-09-15 11:40:24,841 LabFileUploadService::? - GetLabFileUploadListWithModel : MethodStart
INFO  2021-09-15 11:40:26,230 LabFileUploadService::? - GetLabFileUploadListWithModel : MethodFinish
INFO  2021-09-15 11:41:24,463 LabFileUploadService::? - GetLabFileUploadDataById : MethodStart
INFO  2021-09-15 11:41:24,648 LabFileUploadService::? - GetLabFileUploadDataById : MethodFinish
INFO  2021-09-15 11:41:24,686 LabFileUploadService::? - GetLabFileSummaryHeaderBylfuId : MethodStart
INFO  2021-09-15 11:41:24,865 LabFileUploadService::? - GetLabFileSummaryHeaderBylfuId : MethodFinish
INFO  2021-09-15 11:41:24,910 LabFileUploadService::? - GetLabFileErrorHeaderListBylfuId : MethodStart
INFO  2021-09-15 11:41:25,039 LabFileUploadService::? - GetLabFileErrorHeaderListBylfuId : MethodFinish
INFO  2021-09-15 11:41:25,072 LabFileUploadService::? - GetLabFileLabAlertSummaryBylfuId : MethodStart
INFO  2021-09-15 11:41:25,217 LabFileUploadService::? - GetLabFileLabAlertSummaryBylfuId : MethodFinish
INFO  2021-09-15 11:41:25,258 LabFileUploadService::? - GetLabFileSummaryDetailBylfuId : MethodStart
INFO  2021-09-15 11:41:25,402 LabFileUploadService::? - GetLabFileSummaryDetailBylfuId : MethodFinish
INFO  2021-09-15 11:41:25,423 LabFileUploadService::? - GetLabFileSummaryDetailBylfuId : MethodStart
INFO  2021-09-15 11:41:25,529 LabFileUploadService::? - GetLabFileSummaryDetailBylfuId : MethodFinish
INFO  2021-09-15 11:41:32,581 LabFileUploadService::? - GetLabFileUploadListWithModel : MethodStart
INFO  2021-09-15 11:41:32,694 LabFileUploadService::? - GetLabFileUploadListWithModel : MethodFinish
INFO  2021-09-15 11:41:47,722 LabFileUploadService::? - GetLabFileUploadListWithModel : MethodStart
INFO  2021-09-15 11:41:47,830 LabFileUploadService::? - GetLabFileUploadListWithModel : MethodFinish
INFO  2021-09-15 11:42:15,489 LabFileUploadService::? - GetLabFileUploadListWithModel : MethodStart
INFO  2021-09-15 11:42:15,605 LabFileUploadService::? - GetLabFileUploadListWithModel : MethodFinish
INFO  2021-09-15 11:42:44,649 LabFileUploadService::? - GetLabFileUploadListWithModel : MethodStart
INFO  2021-09-15 11:42:44,764 LabFileUploadService::? - GetLabFileUploadListWithModel : MethodFinish
INFO  2021-09-15 11:43:14,661 LabFileUploadService::? - SaveLabFileUploadData : MethodStart
INFO  2021-09-15 11:43:14,984 LabFileUploadService::? - GetLabFileUploadListWithModel : MethodStart
INFO  2021-09-15 11:43:15,106 LabFileUploadService::? - GetLabFileUploadListWithModel : MethodFinish
INFO  2021-09-15 11:43:16,761 LabFileUploadService::? - GetLabFileUploadListWithModel : MethodStart
INFO  2021-09-15 11:43:16,875 LabFileUploadService::? - GetLabFileUploadListWithModel : MethodFinish
INFO  2021-09-15 12:08:05,836 LabFileUploadService::? - GetLabFileUploadListWithModel : MethodStart
INFO  2021-09-15 12:08:07,143 LabFileUploadService::? - GetLabFileUploadListWithModel : MethodFinish
INFO  2021-09-15 12:09:43,491 LabFileUploadService::? - GetLabFileUploadListWithModel : MethodStart
INFO  2021-09-15 12:09:43,700 LabFileUploadService::? - GetLabFileUploadListWithModel : MethodFinish
INFO  2021-09-15 12:10:15,331 LabFileUploadService::? - GetLabFileUploadListWithModel : MethodStart
INFO  2021-09-15 12:11:12,756 LabFileUploadService::? - GetLabFileUploadListWithModel : MethodFinish
INFO  2021-09-15 12:11:15,997 LabFileUploadService::? - GetLabFileUploadListWithModel : MethodStart
INFO  2021-09-15 12:11:19,630 LabFileUploadService::? - GetLabFileUploadListWithModel : MethodFinish
INFO  2021-09-15 12:14:23,028 LabFileUploadService::? - GetLabFileUploadListWithModel : MethodStart
INFO  2021-09-15 12:14:26,439 LabFileUploadService::? - GetLabFileUploadListWithModel : MethodFinish
INFO  2021-09-15 12:14:31,024 LabFileUploadService::? - GetLabFileUploadDataById : MethodStart
INFO  2021-09-15 12:14:31,204 LabFileUploadService::? - GetLabFileUploadDataById : MethodFinish
INFO  2021-09-15 12:14:31,234 LabFileUploadService::? - GetLabFileSummaryHeaderBylfuId : MethodStart
INFO  2021-09-15 12:14:31,365 LabFileUploadService::? - GetLabFileSummaryHeaderBylfuId : MethodFinish
INFO  2021-09-15 12:14:31,394 LabFileUploadService::? - GetLabFileErrorHeaderListBylfuId : MethodStart
INFO  2021-09-15 12:14:31,506 LabFileUploadService::? - GetLabFileErrorHeaderListBylfuId : MethodFinish
INFO  2021-09-15 12:14:31,532 LabFileUploadService::? - GetLabFileLabAlertSummaryBylfuId : MethodStart
INFO  2021-09-15 12:14:31,643 LabFileUploadService::? - GetLabFileLabAlertSummaryBylfuId : MethodFinish
INFO  2021-09-15 12:14:31,668 LabFileUploadService::? - GetLabFileSummaryDetailBylfuId : MethodStart
INFO  2021-09-15 12:14:31,787 LabFileUploadService::? - GetLabFileSummaryDetailBylfuId : MethodFinish
INFO  2021-09-15 12:14:31,807 LabFileUploadService::? - GetLabFileSummaryDetailBylfuId : MethodStart
INFO  2021-09-15 12:14:31,916 LabFileUploadService::? - GetLabFileSummaryDetailBylfuId : MethodFinish
INFO  2021-09-15 12:14:33,782 LabFileUploadService::? - GetLabFileUploadListWithModel : MethodStart
INFO  2021-09-15 12:14:33,906 LabFileUploadService::? - GetLabFileUploadListWithModel : MethodFinish
INFO  2021-09-15 17:21:09,400 LabFileUploadService::? - GetLabFileUploadListWithModel : MethodStart
INFO  2021-09-15 17:21:11,241 LabFileUploadService::? - GetLabFileUploadListWithModel : MethodFinish
INFO  2021-09-15 17:22:07,444 LabFileUploadService::? - GetLabFileUploadListWithModel : MethodStart
INFO  2021-09-15 17:22:07,557 LabFileUploadService::? - GetLabFileUploadListWithModel : MethodFinish
INFO  2021-09-15 18:07:42,732 LabFileUploadService::? - GetLabFileUploadListWithModel : MethodStart
INFO  2021-09-15 18:07:44,517 LabFileUploadService::? - GetLabFileUploadListWithModel : MethodFinish
INFO  2021-09-15 18:08:08,333 LabFileUploadService::? - GetLabFileUploadListWithModel : MethodStart
INFO  2021-09-15 18:08:08,564 LabFileUploadService::? - GetLabFileUploadListWithModel : MethodFinish
INFO  2021-09-15 18:09:02,091 LabFileUploadService::? - SaveLabFileUploadData : MethodStart
INFO  2021-09-15 18:09:02,891 LabFileUploadService::? - GetLabFileUploadListWithModel : MethodStart
INFO  2021-09-15 18:09:02,998 LabFileUploadService::? - GetLabFileUploadListWithModel : MethodFinish
