INFO  2021-08-14 15:55:17,760 HISFileUploadService::? - GetHISFileTemplate_Actice_WithModel : MethodStart
INFO  2021-08-14 15:55:18,925 HISFileUploadService::? - GetHISFileTemplate_Actice_WithModel : MethodFinish
INFO  2021-08-14 15:58:16,585 HISFileUploadService::? - GetTRSPWithHisDetail : MethodStart
INFO  2021-08-14 15:59:56,661 HISFileUploadService::? - GetTRSPWithHisDetail : MethodFinish
INFO  2021-08-14 16:00:43,899 HISFileUploadService::? - GetHISFileTemplate_Actice_WithModel : MethodStart
INFO  2021-08-14 16:00:44,046 HISFileUploadService::? - GetHISFileTemplate_Actice_WithModel : MethodFinish
INFO  2021-08-14 16:09:04,046 HISFileUploadService::? - GetHISFileTemplate_Actice_WithModel : MethodStart
INFO  2021-08-14 16:09:05,183 HISFileUploadService::? - GetHISFileTemplate_Actice_WithModel : MethodFinish
INFO  2021-08-14 16:10:13,642 HISFileUploadService::? - GetTRSPWithHisDetail : MethodStart
INFO  2021-08-14 16:10:28,225 HISFileUploadService::? - GetTRSPWithHisDetail : MethodFinish
INFO  2021-08-14 22:16:18,345 HISFileUploadService::? - GetHISFileTemplate_Actice_WithModel : MethodStart
INFO  2021-08-14 22:16:19,405 HISFileUploadService::? - GetHISFileTemplate_Actice_WithModel : MethodFinish
INFO  2021-08-14 22:17:17,718 HISFileUploadService::? - GetLabDataWithHIS : MethodStart
INFO  2021-08-14 22:17:20,540 HISFileUploadService::? - GetLabDataWithHIS : MethodFinish
INFO  2021-08-14 22:17:44,008 HISFileUploadService::? - GetTRSPWithHisDetail : MethodStart
INFO  2021-08-14 22:19:15,586 HISFileUploadService::? - GetTRSPWithHisDetail : MethodFinish
INFO  2021-08-14 22:19:36,591 HISFileUploadService::? - GetHISFileTemplate_Actice_WithModel : MethodStart
INFO  2021-08-14 22:19:36,694 HISFileUploadService::? - GetHISFileTemplate_Actice_WithModel : MethodFinish
INFO  2021-08-14 22:19:59,273 HISFileUploadService::? - GetLabDataWithHIS : MethodStart
INFO  2021-08-14 22:20:00,372 HISFileUploadService::? - GetLabDataWithHIS : MethodFinish
INFO  2021-08-14 22:20:15,875 HISFileUploadService::? - GetTRSPWithHisDetail : MethodStart
INFO  2021-08-14 22:20:18,094 HISFileUploadService::? - GetTRSPWithHisDetail : MethodFinish
INFO  2021-08-14 22:33:51,812 HISFileUploadService::? - GetHISFileTemplate_Actice_WithModel : MethodStart
INFO  2021-08-14 22:33:52,856 HISFileUploadService::? - GetHISFileTemplate_Actice_WithModel : MethodFinish
INFO  2021-08-14 22:34:14,774 HISFileUploadService::? - GetLabDataWithHIS : MethodStart
INFO  2021-08-14 22:34:16,083 HISFileUploadService::? - GetLabDataWithHIS : MethodFinish
INFO  2021-08-14 22:34:25,089 HISFileUploadService::? - GetTRSPWithHisDetail : MethodStart
INFO  2021-08-14 22:53:43,903 HISFileUploadService::? - GetHISFileTemplate_Actice_WithModel : MethodStart
INFO  2021-08-14 22:53:46,101 HISFileUploadService::? - GetHISFileTemplate_Actice_WithModel : MethodFinish
INFO  2021-08-14 22:54:22,184 HISFileUploadService::? - GetLabDataWithHIS : MethodStart
INFO  2021-08-14 22:54:23,758 HISFileUploadService::? - GetLabDataWithHIS : MethodFinish
INFO  2021-08-14 22:54:29,488 HISFileUploadService::? - GetTRSPWithHisDetail : MethodStart
INFO  2021-08-14 22:54:40,029 HISFileUploadService::? - GetTRSPWithHisDetail : MethodFinish
INFO  2021-08-14 23:24:12,615 HISFileUploadService::? - GetHISFileTemplate_Actice_WithModel : MethodStart
INFO  2021-08-14 23:24:14,916 HISFileUploadService::? - GetHISFileTemplate_Actice_WithModel : MethodFinish
INFO  2021-08-14 23:25:08,851 HISFileUploadService::? - GetLabDataWithHIS : MethodStart
INFO  2021-08-14 23:25:10,383 HISFileUploadService::? - GetLabDataWithHIS : MethodFinish
INFO  2021-08-14 23:25:53,477 HISFileUploadService::? - GetDataExportSPWithHIS : MethodStart
INFO  2021-08-14 23:26:15,678 HISFileUploadService::? - GetDataExportSPWithHIS : MethodFinish
INFO  2021-08-14 23:28:32,741 HISFileUploadService::? - GetTRSPWithHisDetail : MethodStart
INFO  2021-08-14 23:28:54,265 HISFileUploadService::? - GetTRSPWithHisDetail : MethodFinish
