INFO  2021-08-16 09:54:07,278 HISFileUploadService::? - GetHISFileTemplate_Actice_WithModel : MethodStart
INFO  2021-08-16 09:54:09,663 HISFileUploadService::? - GetHISFileTemplate_Actice_WithModel : MethodFinish
INFO  2021-08-16 09:54:29,300 HISFileUploadService::? - GetLabDataWithHIS : MethodStart
INFO  2021-08-16 09:54:30,645 HISFileUploadService::? - GetLabDataWithHIS : MethodFinish
INFO  2021-08-16 09:55:17,469 HISFileUploadService::? - GetDataExportSPWithHIS : MethodStart
INFO  2021-08-16 09:55:38,852 HISFileUploadService::? - GetDataExportSPWithHIS : MethodFinish
INFO  2021-08-16 10:01:55,259 HISFileUploadService::? - GetHISFileTemplate_Actice_WithModel : MethodStart
INFO  2021-08-16 10:01:57,357 HISFileUploadService::? - GetHISFileTemplate_Actice_WithModel : MethodFinish
INFO  2021-08-16 10:02:13,706 HISFileUploadService::? - GetLabDataWithHIS : MethodStart
INFO  2021-08-16 10:02:14,919 HISFileUploadService::? - GetLabDataWithHIS : MethodFinish
INFO  2021-08-16 10:02:31,426 HISFileUploadService::? - GetDataExportSPWithHIS : MethodStart
INFO  2021-08-16 10:02:37,261 HISFileUploadService::? - GetDataExportSPWithHIS : MethodFinish
INFO  2021-08-16 10:08:00,520 HISFileUploadService::? - GetHISFileTemplate_Actice_WithModel : MethodStart
INFO  2021-08-16 10:08:01,615 HISFileUploadService::? - GetHISFileTemplate_Actice_WithModel : MethodFinish
INFO  2021-08-16 10:08:20,180 HISFileUploadService::? - GetDataExportSPWithHIS : MethodStart
INFO  2021-08-16 10:08:20,332 HISFileUploadService::? - GetDataExportSPWithHIS : MethodFinish
INFO  2021-08-16 10:11:58,374 HISFileUploadService::? - GetTRSPWithHisDetail : MethodStart
INFO  2021-08-16 10:12:01,100 HISFileUploadService::? - GetTRSPWithHisDetail : MethodFinish
INFO  2021-08-16 10:12:21,772 HISFileUploadService::? - GetDataExportSPWithHIS : MethodStart
INFO  2021-08-16 10:12:21,887 HISFileUploadService::? - GetDataExportSPWithHIS : MethodFinish
INFO  2021-08-16 10:25:36,036 HISFileUploadService::? - GetTRSPWithHisDetail : MethodStart
INFO  2021-08-16 10:25:36,443 HISFileUploadService::? - GetTRSPWithHisDetail : MethodFinish
INFO  2021-08-16 13:36:08,740 HISFileUploadService::? - GetHISFileTemplate_Actice_WithModel : MethodStart
INFO  2021-08-16 13:36:09,914 HISFileUploadService::? - GetHISFileTemplate_Actice_WithModel : MethodFinish
INFO  2021-08-16 13:36:28,699 HISFileUploadService::? - GetDataExportSPWithHIS : MethodStart
INFO  2021-08-16 13:36:28,866 HISFileUploadService::? - GetDataExportSPWithHIS : MethodFinish
INFO  2021-08-16 13:38:18,721 HISFileUploadService::? - GetTRSPWithHisDetail : MethodStart
INFO  2021-08-16 13:38:18,948 HISFileUploadService::? - GetTRSPWithHisDetail : MethodFinish
INFO  2021-08-16 13:39:08,652 HISFileUploadService::? - GetDataExportSPWithHIS : MethodStart
INFO  2021-08-16 13:39:08,770 HISFileUploadService::? - GetDataExportSPWithHIS : MethodFinish
INFO  2021-08-16 13:42:24,073 HISFileUploadService::? - GetHISFileTemplate_Actice_WithModel : MethodStart
INFO  2021-08-16 13:42:25,367 HISFileUploadService::? - GetHISFileTemplate_Actice_WithModel : MethodFinish
INFO  2021-08-16 13:43:10,333 HISFileUploadService::? - GetDataExportSPWithHIS : MethodStart
INFO  2021-08-16 13:43:10,492 HISFileUploadService::? - GetDataExportSPWithHIS : MethodFinish
INFO  2021-08-16 13:44:37,543 HISFileUploadService::? - GetTRSPWithHisDetail : MethodStart
INFO  2021-08-16 13:44:37,778 HISFileUploadService::? - GetTRSPWithHisDetail : MethodFinish
INFO  2021-08-16 14:15:38,499 HISFileUploadService::? - GetHISFileTemplate_Actice_WithModel : MethodStart
INFO  2021-08-16 14:15:39,724 HISFileUploadService::? - GetHISFileTemplate_Actice_WithModel : MethodFinish
INFO  2021-08-16 14:15:50,495 HISFileUploadService::? - GetDataExportSPWithHIS : MethodStart
INFO  2021-08-16 14:15:50,661 HISFileUploadService::? - GetDataExportSPWithHIS : MethodFinish
INFO  2021-08-16 14:16:23,060 HISFileUploadService::? - GetTRSPWithHisDetail : MethodStart
INFO  2021-08-16 14:16:23,288 HISFileUploadService::? - GetTRSPWithHisDetail : MethodFinish
