INFO  2021-10-04 16:15:29,041 HISFileUploadService::? - GetHISFileTemplate_Actice_WithModel : MethodStart
INFO  2021-10-04 16:15:34,122 HISFileUploadService::? - GetHISFileTemplate_Actice_WithModel : MethodFinish
INFO  2021-10-04 16:19:22,505 HISFileUploadService::? - GetHISFileTemplate_Actice_WithModel : MethodStart
INFO  2021-10-04 16:19:26,082 HISFileUploadService::? - GetHISFileTemplate_Actice_WithModel : MethodFinish
INFO  2021-10-04 16:25:17,126 HISFileUploadService::? - GetHISFileTemplate_Actice_WithModel : MethodStart
INFO  2021-10-04 16:25:19,783 HISFileUploadService::? - GetHISFileTemplate_Actice_WithModel : MethodFinish
INFO  2021-10-04 16:25:59,147 HISFileUploadService::? - GetList_MasterTemplate_Active_WithModel : MethodStart
INFO  2021-10-04 16:25:59,622 HISFileUploadService::? - GetList_MasterTemplate_Active_WithModel : MethodFinish
INFO  2021-10-04 16:25:59,654 HISFileUploadService::? - GetHISFileTemplate_Actice_WithModel : MethodStart
INFO  2021-10-04 16:25:59,986 HISFileUploadService::? - GetHISFileTemplate_Actice_WithModel : MethodFinish
INFO  2021-10-04 16:26:00,040 HISFileUploadService::? - GetLabDataWithHIS : MethodStart
INFO  2021-10-04 16:26:04,954 HISFileUploadService::? - GetLabDataWithHIS : MethodFinish
INFO  2021-10-04 16:26:04,961 HISFileUploadService::? - GetSTGHISUploadDetail : MethodStart
INFO  2021-10-04 16:26:05,558 HISFileUploadService::? - GetSTGHISUploadDetail : MethodFinish
INFO  2021-10-04 16:26:05,579 HISFileUploadService::? - GetLabDataWithHISDetail : MethodStart
INFO  2021-10-04 16:26:14,373 HISFileUploadService::? - GetLabDataWithHISDetail : MethodFinish
INFO  2021-10-04 16:26:14,706 HISFileUploadService::? - GetList_WHONETColumn_Active_WithModel : MethodStart
INFO  2021-10-04 16:26:14,970 HISFileUploadService::? - GetList_WHONETColumn_Active_WithModel : MethodFinish
INFO  2021-10-04 16:28:49,555 HISFileUploadService::? - GetList_MasterTemplate_Active_WithModel : MethodStart
INFO  2021-10-04 16:28:50,002 HISFileUploadService::? - GetList_MasterTemplate_Active_WithModel : MethodFinish
INFO  2021-10-04 16:28:50,035 HISFileUploadService::? - GetHISFileTemplate_Actice_WithModel : MethodStart
INFO  2021-10-04 16:28:50,169 HISFileUploadService::? - GetHISFileTemplate_Actice_WithModel : MethodFinish
INFO  2021-10-04 16:28:53,373 HISFileUploadService::? - GetLabDataWithHIS : MethodStart
INFO  2021-10-04 16:28:55,505 HISFileUploadService::? - GetLabDataWithHIS : MethodFinish
INFO  2021-10-04 16:28:57,439 HISFileUploadService::? - GetSTGHISUploadDetail : MethodStart
INFO  2021-10-04 16:28:57,842 HISFileUploadService::? - GetSTGHISUploadDetail : MethodFinish
INFO  2021-10-04 16:29:00,909 HISFileUploadService::? - GetLabDataWithHISDetail : MethodStart
INFO  2021-10-04 16:29:13,412 HISFileUploadService::? - GetLabDataWithHISDetail : MethodFinish
INFO  2021-10-04 16:29:38,889 HISFileUploadService::? - GetList_WHONETColumn_Active_WithModel : MethodStart
INFO  2021-10-04 16:29:39,089 HISFileUploadService::? - GetList_WHONETColumn_Active_WithModel : MethodFinish
INFO  2021-10-04 16:36:55,895 HISFileUploadService::? - GetList_MasterTemplate_Active_WithModel : MethodStart
INFO  2021-10-04 16:36:56,463 HISFileUploadService::? - GetList_MasterTemplate_Active_WithModel : MethodFinish
INFO  2021-10-04 16:36:56,493 HISFileUploadService::? - GetHISFileTemplate_Actice_WithModel : MethodStart
INFO  2021-10-04 16:36:56,627 HISFileUploadService::? - GetHISFileTemplate_Actice_WithModel : MethodFinish
INFO  2021-10-04 16:36:59,924 HISFileUploadService::? - GetLabDataWithHIS : MethodStart
INFO  2021-10-04 16:37:01,882 HISFileUploadService::? - GetLabDataWithHIS : MethodFinish
INFO  2021-10-04 16:37:02,621 HISFileUploadService::? - GetSTGHISUploadDetail : MethodStart
INFO  2021-10-04 16:37:03,029 HISFileUploadService::? - GetSTGHISUploadDetail : MethodFinish
INFO  2021-10-04 16:37:03,626 HISFileUploadService::? - GetLabDataWithHISDetail : MethodStart
INFO  2021-10-04 16:37:11,745 HISFileUploadService::? - GetLabDataWithHISDetail : MethodFinish
INFO  2021-10-04 16:37:32,250 HISFileUploadService::? - GetList_WHONETColumn_Active_WithModel : MethodStart
INFO  2021-10-04 16:37:32,416 HISFileUploadService::? - GetList_WHONETColumn_Active_WithModel : MethodFinish
INFO  2021-10-04 17:55:44,012 HISFileUploadService::? - GetHISFileTemplate_Actice_WithModel : MethodStart
INFO  2021-10-04 17:55:45,759 HISFileUploadService::? - GetHISFileTemplate_Actice_WithModel : MethodFinish
INFO  2021-10-04 17:57:36,835 HISFileUploadService::? - GetTRSPWithHisDetail : MethodStart
INFO  2021-10-04 17:57:44,450 HISFileUploadService::? - GetTRSPWithHisDetail : MethodFinish
INFO  2021-10-04 17:58:05,340 HISFileUploadService::? - GetTRSPWithHisDetail : MethodStart
INFO  2021-10-04 18:06:24,855 HISFileUploadService::? - GetHISFileTemplate_Actice_WithModel : MethodStart
INFO  2021-10-04 18:06:26,474 HISFileUploadService::? - GetHISFileTemplate_Actice_WithModel : MethodFinish
INFO  2021-10-04 18:07:58,278 HISFileUploadService::? - GetTRSPWithHisDetail : MethodStart
INFO  2021-10-04 18:08:01,138 HISFileUploadService::? - GetTRSPWithHisDetail : MethodFinish
INFO  2021-10-04 18:08:21,226 HISFileUploadService::? - GetTRSPWithHisDetail : MethodStart
INFO  2021-10-04 18:08:23,632 HISFileUploadService::? - GetTRSPWithHisDetail : MethodFinish
INFO  2021-10-04 18:09:51,196 HISFileUploadService::? - GetTRSPWithHisDetail : MethodStart
INFO  2021-10-04 18:10:11,752 HISFileUploadService::? - GetTRSPWithHisDetail : MethodFinish
INFO  2021-10-04 19:44:02,762 HISFileUploadService::? - GetHISFileTemplate_Actice_WithModel : MethodStart
INFO  2021-10-04 19:44:03,907 HISFileUploadService::? - GetHISFileTemplate_Actice_WithModel : MethodFinish
INFO  2021-10-04 19:44:27,585 HISFileUploadService::? - GetTRSPWithHisDetail : MethodStart
INFO  2021-10-04 19:44:39,542 HISFileUploadService::? - GetTRSPWithHisDetail : MethodFinish
INFO  2021-10-04 21:25:05,699 HISFileUploadService::? - GetTRSPWithHisDetail : MethodStart
INFO  2021-10-04 21:25:11,866 HISFileUploadService::? - GetTRSPWithHisDetail : MethodFinish
INFO  2021-10-04 21:45:56,633 HISFileUploadService::? - GetHISFileTemplate_Actice_WithModel : MethodStart
INFO  2021-10-04 21:45:56,921 HISFileUploadService::? - GetHISFileTemplate_Actice_WithModel : MethodFinish
INFO  2021-10-04 21:46:12,721 HISFileUploadService::? - GetTRSPWithHisDetail : MethodStart
INFO  2021-10-04 21:46:15,341 HISFileUploadService::? - GetTRSPWithHisDetail : MethodFinish
