INFO  2021-10-05 10:09:08,623 HISFileUploadService::? - GetHISFileTemplate_Actice_WithModel : MethodStart
INFO  2021-10-05 10:09:11,701 HISFileUploadService::? - GetHISFileTemplate_Actice_WithModel : MethodFinish
INFO  2021-10-05 10:09:27,711 HISFileUploadService::? - GetTRSPWithHisDetail : MethodStart
INFO  2021-10-05 10:09:45,629 HISFileUploadService::? - GetTRSPWithHisDetail : MethodFinish
INFO  2021-10-05 10:23:16,973 HISFileUploadService::? - GetHISFileTemplate_Actice_WithModel : MethodStart
INFO  2021-10-05 10:23:17,440 HISFileUploadService::? - GetHISFileTemplate_Actice_WithModel : MethodFinish
INFO  2021-10-05 10:23:41,723 HISFileUploadService::? - GetTRSPWithHisDetail : MethodStart
INFO  2021-10-05 10:23:44,262 HISFileUploadService::? - GetTRSPWithHisDetail : MethodFinish
INFO  2021-10-05 11:21:36,349 HISFileUploadService::? - GetHISFileTemplate_Actice_WithModel : MethodStart
INFO  2021-10-05 11:21:37,623 HISFileUploadService::? - GetHISFileTemplate_Actice_WithModel : MethodFinish
INFO  2021-10-05 11:21:58,926 HISFileUploadService::? - GetTRSPWithHisDetail : MethodStart
INFO  2021-10-05 11:22:02,049 HISFileUploadService::? - GetTRSPWithHisDetail : MethodFinish
INFO  2021-10-05 14:26:10,118 HISFileUploadService::? - GetHISFileTemplate_Actice_WithModel : MethodStart
INFO  2021-10-05 14:26:11,358 HISFileUploadService::? - GetHISFileTemplate_Actice_WithModel : MethodFinish
INFO  2021-10-05 14:27:10,755 HISFileUploadService::? - GetTRSPWithHisDetail : MethodStart
INFO  2021-10-05 14:27:13,359 HISFileUploadService::? - GetTRSPWithHisDetail : MethodFinish
INFO  2021-10-05 14:32:34,201 HISFileUploadService::? - GetHISFileTemplate_Actice_WithModel : MethodStart
INFO  2021-10-05 14:32:35,401 HISFileUploadService::? - GetHISFileTemplate_Actice_WithModel : MethodFinish
INFO  2021-10-05 14:32:52,574 HISFileUploadService::? - GetTRSPWithHisDetail : MethodStart
INFO  2021-10-05 14:32:55,020 HISFileUploadService::? - GetTRSPWithHisDetail : MethodFinish
INFO  2021-10-05 14:49:09,942 HISFileUploadService::? - GetHISFileTemplate_Actice_WithModel : MethodStart
INFO  2021-10-05 14:49:11,055 HISFileUploadService::? - GetHISFileTemplate_Actice_WithModel : MethodFinish
INFO  2021-10-05 14:49:34,035 HISFileUploadService::? - GetTRSPWithHisDetail : MethodStart
INFO  2021-10-05 14:49:36,655 HISFileUploadService::? - GetTRSPWithHisDetail : MethodFinish
INFO  2021-10-05 15:04:25,325 HISFileUploadService::? - GetHISFileTemplate_Actice_WithModel : MethodStart
INFO  2021-10-05 15:04:26,541 HISFileUploadService::? - GetHISFileTemplate_Actice_WithModel : MethodFinish
INFO  2021-10-05 15:04:46,368 HISFileUploadService::? - GetTRSPWithHisDetail : MethodStart
INFO  2021-10-05 15:04:50,087 HISFileUploadService::? - GetTRSPWithHisDetail : MethodFinish
INFO  2021-10-05 16:03:28,305 HISFileUploadService::? - GetHISFileTemplate_Actice_WithModel : MethodStart
INFO  2021-10-05 16:03:29,509 HISFileUploadService::? - GetHISFileTemplate_Actice_WithModel : MethodFinish
INFO  2021-10-05 16:03:29,584 HISFileUploadService::? - GetHISFileUploadListWithModel : MethodStart
INFO  2021-10-05 16:03:29,794 HISFileUploadService::? - GetHISFileUploadListWithModel : MethodFinish
INFO  2021-10-05 16:15:26,119 HISFileUploadService::? - GetHISFileTemplate_Actice_WithModel : MethodStart
INFO  2021-10-05 16:15:27,287 HISFileUploadService::? - GetHISFileTemplate_Actice_WithModel : MethodFinish
INFO  2021-10-05 16:15:38,796 HISFileUploadService::? - GetTRSPWithHisDetail : MethodStart
INFO  2021-10-05 16:19:42,923 HISFileUploadService::? - GetHISFileTemplate_Actice_WithModel : MethodStart
INFO  2021-10-05 16:19:44,254 HISFileUploadService::? - GetHISFileTemplate_Actice_WithModel : MethodFinish
INFO  2021-10-05 16:19:55,198 HISFileUploadService::? - GetTRSPWithHisDetail : MethodStart
INFO  2021-10-05 16:19:57,853 HISFileUploadService::? - GetTRSPWithHisDetail : MethodFinish
INFO  2021-10-05 16:21:30,093 HISFileUploadService::? - GetHISFileTemplate_Actice_WithModel : MethodStart
INFO  2021-10-05 16:21:30,249 HISFileUploadService::? - GetHISFileTemplate_Actice_WithModel : MethodFinish
INFO  2021-10-05 16:21:30,314 HISFileUploadService::? - GetHISFileUploadListWithModel : MethodStart
INFO  2021-10-05 16:21:30,505 HISFileUploadService::? - GetHISFileUploadListWithModel : MethodFinish
INFO  2021-10-05 16:22:50,652 HISFileUploadService::? - SaveLabFileUploadData : MethodStart
INFO  2021-10-05 16:22:51,015 HISFileUploadService::? - GetHISFileUploadListWithModel : MethodStart
INFO  2021-10-05 16:22:51,158 HISFileUploadService::? - GetHISFileUploadListWithModel : MethodFinish
INFO  2021-10-05 16:36:54,640 HISFileUploadService::? - GetHISFileTemplate_Actice_WithModel : MethodStart
INFO  2021-10-05 16:36:55,785 HISFileUploadService::? - GetHISFileTemplate_Actice_WithModel : MethodFinish
INFO  2021-10-05 16:37:10,630 HISFileUploadService::? - GetHISFileTemplate_Actice_WithModel : MethodStart
INFO  2021-10-05 16:37:10,748 HISFileUploadService::? - GetHISFileTemplate_Actice_WithModel : MethodFinish
INFO  2021-10-05 16:37:10,768 HISFileUploadService::? - GetTRSPWithHisDetail : MethodStart
INFO  2021-10-05 16:37:13,332 HISFileUploadService::? - GetTRSPWithHisDetail : MethodFinish
INFO  2021-10-05 16:38:09,253 HISFileUploadService::? - GetHISFileTemplate_Actice_WithModel : MethodStart
INFO  2021-10-05 16:38:09,392 HISFileUploadService::? - GetHISFileTemplate_Actice_WithModel : MethodFinish
INFO  2021-10-05 16:38:09,442 HISFileUploadService::? - GetHISFileUploadListWithModel : MethodStart
INFO  2021-10-05 16:38:09,587 HISFileUploadService::? - GetHISFileUploadListWithModel : MethodFinish
INFO  2021-10-05 16:56:07,573 HISFileUploadService::? - GetHISFileTemplate_Actice_WithModel : MethodStart
INFO  2021-10-05 16:56:08,756 HISFileUploadService::? - GetHISFileTemplate_Actice_WithModel : MethodFinish
INFO  2021-10-05 16:56:09,237 HISFileUploadService::? - GetHISFileTemplate_Actice_WithModel : MethodStart
INFO  2021-10-05 16:56:09,388 HISFileUploadService::? - GetHISFileTemplate_Actice_WithModel : MethodFinish
INFO  2021-10-05 16:56:09,445 HISFileUploadService::? - GetHISFileUploadListWithModel : MethodStart
INFO  2021-10-05 16:56:09,683 HISFileUploadService::? - GetHISFileUploadListWithModel : MethodFinish
INFO  2021-10-05 16:58:37,148 HISFileUploadService::? - GetHISFileTemplate_Actice_WithModel : MethodStart
INFO  2021-10-05 16:58:38,718 HISFileUploadService::? - GetHISFileTemplate_Actice_WithModel : MethodFinish
INFO  2021-10-05 16:58:38,832 HISFileUploadService::? - GetHISFileUploadListWithModel : MethodStart
INFO  2021-10-05 16:58:39,020 HISFileUploadService::? - GetHISFileUploadListWithModel : MethodFinish
INFO  2021-10-05 17:01:53,476 HISFileUploadService::? - GetHISFileTemplate_Actice_WithModel : MethodStart
INFO  2021-10-05 17:01:55,263 HISFileUploadService::? - GetHISFileTemplate_Actice_WithModel : MethodFinish
INFO  2021-10-05 17:01:55,376 HISFileUploadService::? - GetHISFileUploadListWithModel : MethodStart
INFO  2021-10-05 17:01:55,619 HISFileUploadService::? - GetHISFileUploadListWithModel : MethodFinish
INFO  2021-10-05 17:03:13,634 HISFileUploadService::? - GetHISFileTemplate_Actice_WithModel : MethodStart
INFO  2021-10-05 17:03:13,859 HISFileUploadService::? - GetHISFileTemplate_Actice_WithModel : MethodFinish
INFO  2021-10-05 17:03:13,956 HISFileUploadService::? - GetHISFileUploadListWithModel : MethodStart
INFO  2021-10-05 17:03:14,104 HISFileUploadService::? - GetHISFileUploadListWithModel : MethodFinish
INFO  2021-10-05 17:03:43,684 HISFileUploadService::? - GetHISFileTemplate_Actice_WithModel : MethodStart
INFO  2021-10-05 17:03:43,823 HISFileUploadService::? - GetHISFileTemplate_Actice_WithModel : MethodFinish
INFO  2021-10-05 17:03:53,350 HISFileUploadService::? - GetHISFileTemplate_Actice_WithModel : MethodStart
INFO  2021-10-05 17:03:53,460 HISFileUploadService::? - GetHISFileTemplate_Actice_WithModel : MethodFinish
INFO  2021-10-05 17:03:53,479 HISFileUploadService::? - GetTRSPWithHisDetail : MethodStart
INFO  2021-10-05 17:03:56,431 HISFileUploadService::? - GetTRSPWithHisDetail : MethodFinish
INFO  2021-10-05 17:04:27,529 HISFileUploadService::? - GetHISFileTemplate_Actice_WithModel : MethodStart
INFO  2021-10-05 17:04:27,656 HISFileUploadService::? - GetHISFileTemplate_Actice_WithModel : MethodFinish
INFO  2021-10-05 17:04:27,752 HISFileUploadService::? - GetHISFileUploadListWithModel : MethodStart
INFO  2021-10-05 17:04:27,893 HISFileUploadService::? - GetHISFileUploadListWithModel : MethodFinish
INFO  2021-10-05 17:13:31,965 HISFileUploadService::? - GetHISFileTemplate_Actice_WithModel : MethodStart
INFO  2021-10-05 17:13:33,081 HISFileUploadService::? - GetHISFileTemplate_Actice_WithModel : MethodFinish
INFO  2021-10-05 17:13:33,156 HISFileUploadService::? - GetHISFileUploadListWithModel : MethodStart
INFO  2021-10-05 17:13:33,332 HISFileUploadService::? - GetHISFileUploadListWithModel : MethodFinish
INFO  2021-10-05 17:19:19,460 HISFileUploadService::? - GetHISFileTemplate_Actice_WithModel : MethodStart
INFO  2021-10-05 17:19:20,680 HISFileUploadService::? - GetHISFileTemplate_Actice_WithModel : MethodFinish
INFO  2021-10-05 17:19:20,787 HISFileUploadService::? - GetHISFileUploadListWithModel : MethodStart
INFO  2021-10-05 17:19:20,996 HISFileUploadService::? - GetHISFileUploadListWithModel : MethodFinish
INFO  2021-10-05 17:33:01,459 HISFileUploadService::? - GetHISFileTemplate_Actice_WithModel : MethodStart
INFO  2021-10-05 17:33:02,640 HISFileUploadService::? - GetHISFileTemplate_Actice_WithModel : MethodFinish
INFO  2021-10-05 17:33:02,748 HISFileUploadService::? - GetHISFileUploadListWithModel : MethodStart
INFO  2021-10-05 17:33:03,003 HISFileUploadService::? - GetHISFileUploadListWithModel : MethodFinish
INFO  2021-10-05 17:33:27,804 HISFileUploadService::? - SaveLabFileUploadData : MethodStart
INFO  2021-10-05 17:33:28,169 HISFileUploadService::? - GetHISFileUploadListWithModel : MethodStart
INFO  2021-10-05 17:33:28,297 HISFileUploadService::? - GetHISFileUploadListWithModel : MethodFinish
