INFO  2022-01-06 13:51:42,304 HISFileUploadService::? - GetHISFileTemplate_Actice_WithModel : MethodStart
INFO  2022-01-06 13:51:43,609 HISFileUploadService::? - GetHISFileTemplate_Actice_WithModel : MethodFinish
INFO  2022-01-06 13:51:43,673 HISFileUploadService::? - GetHISFileUploadListWithModel : MethodStart
INFO  2022-01-06 13:51:43,846 HISFileUploadService::? - GetHISFileUploadListWithModel : MethodFinish
INFO  2022-01-06 13:52:06,014 HISFileUploadService::? - GetHISFileTemplate_Actice_WithModel : MethodStart
INFO  2022-01-06 13:52:06,147 HISFileUploadService::? - GetHISFileTemplate_Actice_WithModel : MethodFinish
INFO  2022-01-06 13:52:14,221 HISFileUploadService::? - GetHISFileTemplate_Actice_WithModel : MethodStart
INFO  2022-01-06 13:52:14,314 HISFileUploadService::? - GetHISFileTemplate_Actice_WithModel : MethodFinish
INFO  2022-01-06 13:52:14,316 HISFileUploadService::? - GetTRSPWithHisDetail : MethodStart
INFO  2022-01-06 13:53:05,471 HISFileUploadService::? - GetTRSPWithHisDetail : MethodFinish
INFO  2022-01-06 13:54:17,631 HISFileUploadService::? - GetHISFileTemplate_Actice_WithModel : MethodStart
INFO  2022-01-06 13:54:17,731 HISFileUploadService::? - GetHISFileTemplate_Actice_WithModel : MethodFinish
INFO  2022-01-06 13:54:17,794 HISFileUploadService::? - GetHISFileUploadListWithModel : MethodStart
INFO  2022-01-06 13:54:17,891 HISFileUploadService::? - GetHISFileUploadListWithModel : MethodFinish
INFO  2022-01-06 13:54:27,553 HISFileUploadService::? - GetHISFileUploadDataById : MethodStart
INFO  2022-01-06 13:54:27,654 HISFileUploadService::? - GetHISFileUploadDataById : MethodFinish
INFO  2022-01-06 13:54:27,688 HISFileUploadService::? - GetHISFileUploadSummaryByUploadId : MethodStart
INFO  2022-01-06 13:54:28,105 HISFileUploadService::? - GetHISFileUploadSummaryByUploadId : MethodFinish
INFO  2022-01-06 13:54:30,351 HISFileUploadService::? - GetHISFileTemplate_Actice_WithModel : MethodStart
INFO  2022-01-06 13:54:30,447 HISFileUploadService::? - GetHISFileTemplate_Actice_WithModel : MethodFinish
INFO  2022-01-06 13:54:30,476 HISFileUploadService::? - GetHISFileUploadListWithModel : MethodStart
INFO  2022-01-06 13:54:30,579 HISFileUploadService::? - GetHISFileUploadListWithModel : MethodFinish
INFO  2022-01-06 13:54:39,541 HISFileUploadService::? - GetHISFileTemplate_Actice_WithModel : MethodStart
INFO  2022-01-06 13:54:39,640 HISFileUploadService::? - GetHISFileTemplate_Actice_WithModel : MethodFinish
INFO  2022-01-06 13:54:52,286 HISFileUploadService::? - GetHISFileTemplate_Actice_WithModel : MethodStart
INFO  2022-01-06 13:54:52,382 HISFileUploadService::? - GetHISFileTemplate_Actice_WithModel : MethodFinish
INFO  2022-01-06 13:54:52,383 HISFileUploadService::? - GetTRSPWithHisDetail : MethodStart
INFO  2022-01-06 13:55:06,481 HISFileUploadService::? - GetTRSPWithHisDetail : MethodFinish
INFO  2022-01-06 13:55:22,546 HISFileUploadService::? - GetHISFileTemplate_Actice_WithModel : MethodStart
INFO  2022-01-06 13:55:22,648 HISFileUploadService::? - GetHISFileTemplate_Actice_WithModel : MethodFinish
INFO  2022-01-06 13:55:22,650 HISFileUploadService::? - GetTRSPWithHisDetail : MethodStart
INFO  2022-01-06 13:56:02,452 HISFileUploadService::? - GetTRSPWithHisDetail : MethodFinish
INFO  2022-01-06 13:59:11,943 HISFileUploadService::? - GetHISFileTemplate_Actice_WithModel : MethodStart
INFO  2022-01-06 13:59:12,060 HISFileUploadService::? - GetHISFileTemplate_Actice_WithModel : MethodFinish
INFO  2022-01-06 13:59:12,061 HISFileUploadService::? - GetTRSPWithHisDetail : MethodStart
INFO  2022-01-06 14:00:38,179 HISFileUploadService::? - GetTRSPWithHisDetail : MethodFinish
