INFO  2021-09-30 11:45:04,082 HISFileUploadService::? - GetHISFileTemplate_Actice_WithModel : MethodStart
INFO  2021-09-30 11:48:34,065 HISFileUploadService::? - GetHISFileTemplate_Actice_WithModel : MethodStart
INFO  2021-09-30 11:48:35,607 HISFileUploadService::? - GetHISFileTemplate_Actice_WithModel : MethodFinish
INFO  2021-09-30 11:52:16,917 HISFileUploadService::? - GetHISFileTemplate_Actice_WithModel : MethodStart
INFO  2021-09-30 11:52:17,027 HISFileUploadService::? - GetHISFileTemplate_Actice_WithModel : MethodFinish
INFO  2021-09-30 11:55:09,214 HISFileUploadService::? - GetHISFileTemplate_Actice_WithModel : MethodStart
INFO  2021-09-30 11:55:10,259 HISFileUploadService::? - GetHISFileTemplate_Actice_WithModel : MethodFinish
INFO  2021-09-30 12:18:53,280 HISFileUploadService::? - GetHISFileTemplate_Actice_WithModel : MethodStart
INFO  2021-09-30 12:18:54,363 HISFileUploadService::? - GetHISFileTemplate_Actice_WithModel : MethodFinish
INFO  2021-09-30 12:21:20,933 HISFileUploadService::? - GetHISFileTemplate_Actice_WithModel : MethodStart
INFO  2021-09-30 12:21:21,052 HISFileUploadService::? - GetHISFileTemplate_Actice_WithModel : MethodFinish
INFO  2021-09-30 12:21:21,101 HISFileUploadService::? - GetHISFileUploadListWithModel : MethodStart
INFO  2021-09-30 12:21:21,322 HISFileUploadService::? - GetHISFileUploadListWithModel : MethodFinish
INFO  2021-09-30 12:35:58,402 HISFileUploadService::? - GetHISFileTemplate_Actice_WithModel : MethodStart
INFO  2021-09-30 12:35:59,623 HISFileUploadService::? - GetHISFileTemplate_Actice_WithModel : MethodFinish
INFO  2021-09-30 13:20:23,333 HISFileUploadService::? - GetHISFileTemplate_Actice_WithModel : MethodStart
INFO  2021-09-30 13:20:24,478 HISFileUploadService::? - GetHISFileTemplate_Actice_WithModel : MethodFinish
INFO  2021-09-30 13:20:24,555 HISFileUploadService::? - GetHISFileUploadListWithModel : MethodStart
INFO  2021-09-30 13:20:24,788 HISFileUploadService::? - GetHISFileUploadListWithModel : MethodFinish
INFO  2021-09-30 13:20:26,601 HISFileUploadService::? - GetHISFileTemplate_Actice_WithModel : MethodStart
INFO  2021-09-30 13:20:26,750 HISFileUploadService::? - GetHISFileTemplate_Actice_WithModel : MethodFinish
INFO  2021-09-30 13:20:29,082 HISFileUploadService::? - GetHISFileTemplate_Actice_WithModel : MethodStart
INFO  2021-09-30 13:20:29,183 HISFileUploadService::? - GetHISFileTemplate_Actice_WithModel : MethodFinish
INFO  2021-09-30 13:20:29,251 HISFileUploadService::? - GetHISFileUploadListWithModel : MethodStart
INFO  2021-09-30 13:20:29,366 HISFileUploadService::? - GetHISFileUploadListWithModel : MethodFinish
INFO  2021-09-30 13:26:54,338 HISFileUploadService::? - GetHISFileTemplate_Actice_WithModel : MethodStart
INFO  2021-09-30 13:26:54,585 HISFileUploadService::? - GetHISFileTemplate_Actice_WithModel : MethodFinish
INFO  2021-09-30 13:26:54,642 HISFileUploadService::? - GetHISFileUploadListWithModel : MethodStart
INFO  2021-09-30 13:26:54,758 HISFileUploadService::? - GetHISFileUploadListWithModel : MethodFinish
INFO  2021-09-30 14:12:35,498 HISFileUploadService::? - GetHISFileTemplate_Actice_WithModel : MethodStart
INFO  2021-09-30 14:12:36,604 HISFileUploadService::? - GetHISFileTemplate_Actice_WithModel : MethodFinish
INFO  2021-09-30 14:12:36,671 HISFileUploadService::? - GetHISFileUploadListWithModel : MethodStart
INFO  2021-09-30 14:12:36,875 HISFileUploadService::? - GetHISFileUploadListWithModel : MethodFinish
INFO  2021-09-30 14:13:15,465 HISFileUploadService::? - SaveLabFileUploadData : MethodStart
INFO  2021-09-30 14:13:15,844 HISFileUploadService::? - SaveFileUploadSummary : MethodStart
INFO  2021-09-30 14:13:16,136 HISFileUploadService::? - GetHISFileUploadListWithModel : MethodStart
INFO  2021-09-30 14:13:16,250 HISFileUploadService::? - GetHISFileUploadListWithModel : MethodFinish
INFO  2021-09-30 14:25:09,883 HISFileUploadService::? - GetHISFileTemplate_Actice_WithModel : MethodStart
INFO  2021-09-30 14:25:10,146 HISFileUploadService::? - GetHISFileTemplate_Actice_WithModel : MethodFinish
