INFO  2022-02-03 15:41:28,329 UserLoginDataService::? - GetData : MethodStart
INFO  2022-02-03 15:41:30,275 UserLoginDataService::? - GetData : MethodFinish
INFO  2022-02-03 15:42:23,990 HospitalService::? - GetListWithModel : MethodStart
INFO  2022-02-03 15:42:24,333 HospitalService::? - GetListWithModel : MethodFinish
INFO  2022-02-03 15:43:23,264 HospitalService::? - GetListWithModel : MethodStart
INFO  2022-02-03 15:43:23,418 HospitalService::? - GetListWithModel : MethodFinish
INFO  2022-02-03 15:43:26,658 HospitalService::? - GetData : MethodStart
INFO  2022-02-03 15:43:26,775 HospitalService::? - GetData : MethodFinish
INFO  2022-02-03 15:43:26,971 HospitalService::? - GetLabListWithModel : MethodStart
INFO  2022-02-03 15:43:27,113 HospitalService::? - GetLabListWithModel : MethodFinish
INFO  2022-02-03 15:43:29,968 HospitalService::? - GetListWithModel : MethodStart
INFO  2022-02-03 15:43:30,072 HospitalService::? - GetListWithModel : MethodFinish
INFO  2022-02-03 15:43:31,920 HospitalService::? - GetData : MethodStart
INFO  2022-02-03 15:43:32,015 HospitalService::? - GetData : MethodFinish
INFO  2022-02-03 15:43:32,213 HospitalService::? - GetLabListWithModel : MethodStart
INFO  2022-02-03 15:43:32,310 HospitalService::? - GetLabListWithModel : MethodFinish
INFO  2022-02-03 15:43:34,771 HospitalService::? - GetListWithModel : MethodStart
INFO  2022-02-03 15:43:34,874 HospitalService::? - GetListWithModel : MethodFinish
INFO  2022-02-03 15:43:37,303 HospitalService::? - GetData : MethodStart
INFO  2022-02-03 15:43:37,415 HospitalService::? - GetData : MethodFinish
INFO  2022-02-03 15:43:37,604 HospitalService::? - GetLabListWithModel : MethodStart
INFO  2022-02-03 15:43:37,701 HospitalService::? - GetLabListWithModel : MethodFinish
INFO  2022-02-03 15:43:43,659 HospitalService::? - GetListWithModel : MethodStart
INFO  2022-02-03 15:43:43,776 HospitalService::? - GetListWithModel : MethodFinish
INFO  2022-02-03 15:44:26,627 HospitalService::? - SaveData : MethodStart
INFO  2022-02-03 15:44:26,675 HospitalService::? - SaveLabData : MethodStart
INFO  2022-02-03 15:44:26,972 HospitalService::? - SaveData : MethodFinish
INFO  2022-02-03 15:44:26,983 HospitalService::? - SaveLabData : MethodFinish
INFO  2022-02-03 15:44:29,765 HospitalService::? - GetListWithModel : MethodStart
INFO  2022-02-03 15:44:29,947 HospitalService::? - GetListWithModel : MethodFinish
INFO  2022-02-03 16:50:32,742 UserLoginDataService::? - GetData : MethodStart
INFO  2022-02-03 16:50:34,067 UserLoginDataService::? - GetData : MethodFinish
INFO  2022-02-03 17:05:59,937 UserLoginDataService::? - GetListWithModel : MethodStart
INFO  2022-02-03 17:06:00,226 UserLoginDataService::? - GetListWithModel : MethodFinish
INFO  2022-02-03 17:13:13,983 UserLoginPermissionDataService::? - GetListWithModel : MethodStart
INFO  2022-02-03 17:13:14,139 UserLoginPermissionDataService::? - GetListWithModel : MethodFinish
INFO  2022-02-03 17:13:56,811 UserLoginDataService::? - GetListWithModel : MethodStart
INFO  2022-02-03 17:13:56,913 UserLoginDataService::? - GetListWithModel : MethodFinish
INFO  2022-02-03 17:14:00,776 UserLoginDataService::? - GetData : MethodStart
INFO  2022-02-03 17:14:00,881 UserLoginDataService::? - GetData : MethodFinish
INFO  2022-02-03 17:14:00,912 UserLoginPermissionDataService::? - GetListWithModel : MethodStart
INFO  2022-02-03 17:14:01,054 UserLoginPermissionDataService::? - GetListWithModel : MethodFinish
INFO  2022-02-03 17:41:12,775 UserLoginDataService::? - GetListWithModel : MethodStart
INFO  2022-02-03 17:41:13,042 UserLoginDataService::? - GetListWithModel : MethodFinish
INFO  2022-02-03 17:41:16,799 UserLoginDataService::? - GetData : MethodStart
INFO  2022-02-03 17:41:16,922 UserLoginDataService::? - GetData : MethodFinish
INFO  2022-02-03 17:41:16,953 UserLoginPermissionDataService::? - GetListWithModel : MethodStart
INFO  2022-02-03 17:41:17,051 UserLoginPermissionDataService::? - GetListWithModel : MethodFinish
INFO  2022-02-03 17:41:59,224 UserLoginPermissionDataService::? - GetListWithModel : MethodStart
INFO  2022-02-03 17:41:59,323 UserLoginPermissionDataService::? - GetListWithModel : MethodFinish
INFO  2022-02-03 17:42:25,783 UserLoginDataService::? - SaveData : MethodStart
INFO  2022-02-03 17:43:29,961 UserLoginDataService::? - SaveData : MethodFinish
INFO  2022-02-03 17:43:30,006 UserLoginPermissionDataService::? - SaveListData : MethodStart
INFO  2022-02-03 17:43:30,072 UserLoginPermissionDataService::? - SaveListData : MethodFinish
INFO  2022-02-03 17:44:28,450 UserLoginDataService::? - GetData : MethodStart
INFO  2022-02-03 17:44:28,550 UserLoginDataService::? - GetData : MethodFinish
INFO  2022-02-03 17:45:08,628 UserLoginDataService::? - SavePassword : MethodStart
INFO  2022-02-03 17:45:08,818 UserLoginDataService::? - SavePassword : MethodFinish
INFO  2022-02-03 17:46:45,025 UserLoginDataService::? - GetData : MethodStart
INFO  2022-02-03 17:46:45,121 UserLoginDataService::? - GetData : MethodFinish
INFO  2022-02-03 17:46:59,951 UserLoginDataService::? - GetListWithModel : MethodStart
INFO  2022-02-03 17:47:00,056 UserLoginDataService::? - GetListWithModel : MethodFinish
INFO  2022-02-03 17:47:19,058 UserLoginDataService::? - GetListWithModel : MethodStart
INFO  2022-02-03 17:47:19,154 UserLoginDataService::? - GetListWithModel : MethodFinish
INFO  2022-02-03 17:47:30,913 UserLoginDataService::? - GetData : MethodStart
INFO  2022-02-03 17:47:31,009 UserLoginDataService::? - GetData : MethodFinish
INFO  2022-02-03 17:47:31,033 UserLoginPermissionDataService::? - GetListWithModel : MethodStart
INFO  2022-02-03 17:47:31,129 UserLoginPermissionDataService::? - GetListWithModel : MethodFinish
INFO  2022-02-03 17:47:38,406 UserLoginDataService::? - GetListWithModel : MethodStart
INFO  2022-02-03 17:47:38,502 UserLoginDataService::? - GetListWithModel : MethodFinish
INFO  2022-02-03 17:49:11,288 UserLoginDataService::? - GetData : MethodStart
INFO  2022-02-03 17:49:11,384 UserLoginDataService::? - GetData : MethodFinish
INFO  2022-02-03 17:49:15,600 UserLoginDataService::? - SaveData : MethodStart
INFO  2022-02-03 17:49:37,388 UserLoginDataService::? - SaveData : MethodFinish
INFO  2022-02-03 17:49:37,425 UserLoginPermissionDataService::? - SaveListData : MethodStart
INFO  2022-02-03 17:49:37,541 UserLoginPermissionDataService::? - SaveListData : MethodFinish
INFO  2022-02-03 17:49:58,384 UserLoginDataService::? - GetData : MethodStart
INFO  2022-02-03 17:49:58,481 UserLoginDataService::? - GetData : MethodFinish
INFO  2022-02-03 17:50:35,096 UserLoginDataService::? - SavePassword : MethodStart
INFO  2022-02-03 17:50:35,304 UserLoginDataService::? - SavePassword : MethodFinish
INFO  2022-02-03 17:50:46,999 UserLoginDataService::? - GetData : MethodStart
INFO  2022-02-03 17:50:47,092 UserLoginDataService::? - GetData : MethodFinish
INFO  2022-02-03 18:07:22,907 UserLoginDataService::? - GetData : MethodStart
INFO  2022-02-03 18:07:23,168 UserLoginDataService::? - GetData : MethodFinish
INFO  2022-02-03 18:39:21,953 UserLoginDataService::? - GetData : MethodStart
INFO  2022-02-03 18:39:23,104 UserLoginDataService::? - GetData : MethodFinish
