INFO  2021-08-03 10:36:59,195 UserLoginDataService::? - GetData : MethodStart
INFO  2021-08-03 10:37:01,156 UserLoginDataService::? - GetData : MethodFinish
INFO  2021-08-03 10:39:22,220 HospitalService::? - GetListWithModel : MethodStart
INFO  2021-08-03 10:39:22,340 HospitalService::? - GetListWithModel : MethodFinish
INFO  2021-08-03 10:40:09,444 HospitalService::? - SaveData : MethodStart
INFO  2021-08-03 10:40:09,486 HospitalService::? - SaveLabData : MethodStart
INFO  2021-08-03 10:40:09,755 HospitalService::? - SaveLabData : MethodFinish
INFO  2021-08-03 10:40:09,755 HospitalService::? - SaveData : MethodFinish
INFO  2021-08-03 11:03:43,294 UserLoginDataService::? - GetData : MethodStart
INFO  2021-08-03 11:03:45,473 UserLoginDataService::? - GetData : MethodFinish
INFO  2021-08-03 11:24:19,555 UserLoginDataService::? - GetData : MethodStart
INFO  2021-08-03 11:24:20,773 UserLoginDataService::? - GetData : MethodFinish
INFO  2021-08-03 12:11:13,928 UserLoginDataService::? - GetData : MethodStart
INFO  2021-08-03 12:11:16,104 UserLoginDataService::? - GetData : MethodFinish
INFO  2021-08-03 12:18:45,142 UserLoginDataService::? - GetData : MethodStart
INFO  2021-08-03 12:18:45,956 UserLoginDataService::? - GetData : MethodFinish
INFO  2021-08-03 12:27:06,168 UserLoginDataService::? - GetData : MethodStart
INFO  2021-08-03 12:27:07,100 UserLoginDataService::? - GetData : MethodFinish
INFO  2021-08-03 12:38:26,406 UserLoginDataService::? - GetData : MethodStart
INFO  2021-08-03 12:38:27,258 UserLoginDataService::? - GetData : MethodFinish
INFO  2021-08-03 13:25:58,604 UserLoginDataService::? - GetData : MethodStart
INFO  2021-08-03 13:25:59,413 UserLoginDataService::? - GetData : MethodFinish
INFO  2021-08-03 13:29:33,987 UserLoginDataService::? - GetData : MethodStart
INFO  2021-08-03 13:29:34,827 UserLoginDataService::? - GetData : MethodFinish
