INFO  2021-10-29 10:39:54,861 UserLoginDataService::? - GetData : MethodStart
INFO  2021-10-29 10:39:56,501 UserLoginDataService::? - GetData : MethodFinish
INFO  2021-10-29 13:09:41,495 UserLoginDataService::? - GetData : MethodStart
INFO  2021-10-29 13:09:42,706 UserLoginDataService::? - GetData : MethodFinish
INFO  2021-10-29 13:37:16,331 UserLoginDataService::? - GetData : MethodStart
INFO  2021-10-29 13:37:17,945 UserLoginDataService::? - GetData : MethodFinish
INFO  2021-10-29 13:44:48,456 UserLoginDataService::? - GetData : MethodStart
INFO  2021-10-29 13:44:49,575 UserLoginDataService::? - GetData : MethodFinish
INFO  2021-10-29 14:09:43,406 UserLoginDataService::? - GetData : MethodStart
INFO  2021-10-29 14:09:44,713 UserLoginDataService::? - GetData : MethodFinish
INFO  2021-10-29 14:19:28,603 UserLoginDataService::? - GetData : MethodStart
INFO  2021-10-29 14:19:29,696 UserLoginDataService::? - GetData : MethodFinish
INFO  2021-10-29 15:27:38,920 UserLoginDataService::? - GetData : MethodStart
INFO  2021-10-29 15:27:40,117 UserLoginDataService::? - GetData : MethodFinish
INFO  2021-10-29 16:22:16,911 UserLoginDataService::? - GetData : MethodStart
INFO  2021-10-29 16:22:18,184 UserLoginDataService::? - GetData : MethodFinish
INFO  2021-10-29 16:32:46,824 HospitalService::? - GetListWithModel : MethodStart
INFO  2021-10-29 16:32:47,184 HospitalService::? - GetListWithModel : MethodFinish
INFO  2021-10-29 16:33:55,202 HospitalService::? - GetListWithModel : MethodStart
INFO  2021-10-29 16:33:55,333 HospitalService::? - GetListWithModel : MethodFinish
INFO  2021-10-29 16:34:58,097 HospitalService::? - SaveData : MethodStart
INFO  2021-10-29 16:34:58,127 HospitalService::? - SaveLabData : MethodStart
INFO  2021-10-29 16:34:58,386 HospitalService::? - SaveData : MethodFinish
INFO  2021-10-29 16:34:58,520 HospitalService::? - SaveLabData : MethodFinish
INFO  2021-10-29 16:35:02,350 HospitalService::? - GetListWithModel : MethodStart
INFO  2021-10-29 16:35:02,468 HospitalService::? - GetListWithModel : MethodFinish
INFO  2021-10-29 18:00:22,435 UserLoginDataService::? - GetData : MethodStart
INFO  2021-10-29 18:00:23,503 UserLoginDataService::? - GetData : MethodFinish
