INFO  2021-08-10 08:58:09,426 UserLoginDataService::? - GetData : MethodStart
INFO  2021-08-10 08:58:11,767 UserLoginDataService::? - GetData : MethodFinish
INFO  2021-08-10 09:35:38,809 UserLoginDataService::? - GetData : MethodStart
INFO  2021-08-10 09:35:39,596 UserLoginDataService::? - GetData : MethodFinish
INFO  2021-08-10 09:59:56,533 HospitalService::? - GetListWithModel : MethodStart
INFO  2021-08-10 09:59:56,637 HospitalService::? - GetListWithModel : MethodFinish
INFO  2021-08-10 10:00:14,698 HospitalService::? - GetData : MethodStart
INFO  2021-08-10 10:00:14,818 HospitalService::? - GetData : MethodFinish
INFO  2021-08-10 10:00:14,994 HospitalService::? - GetLabListWithModel : MethodStart
INFO  2021-08-10 10:00:15,062 HospitalService::? - GetLabListWithModel : MethodFinish
INFO  2021-08-10 10:00:30,737 UserLoginDataService::? - GetListWithModel : MethodStart
INFO  2021-08-10 10:00:30,808 UserLoginDataService::? - GetListWithModel : MethodFinish
INFO  2021-08-10 14:46:38,102 UserLoginDataService::? - GetData : MethodStart
INFO  2021-08-10 14:46:38,954 UserLoginDataService::? - GetData : MethodFinish
INFO  2021-08-10 16:35:42,160 UserLoginDataService::? - GetData : MethodStart
INFO  2021-08-10 16:35:43,206 UserLoginDataService::? - GetData : MethodFinish
INFO  2021-08-10 16:38:04,709 UserLoginDataService::? - GetData : MethodStart
INFO  2021-08-10 16:38:05,868 UserLoginDataService::? - GetData : MethodFinish
INFO  2021-08-10 16:45:47,630 UserLoginDataService::? - GetData : MethodStart
INFO  2021-08-10 16:45:48,846 UserLoginDataService::? - GetData : MethodFinish
INFO  2021-08-10 21:05:55,686 UserLoginDataService::? - GetData : MethodStart
INFO  2021-08-10 21:05:57,180 UserLoginDataService::? - GetData : MethodFinish
INFO  2021-08-10 21:07:26,034 UserLoginDataService::? - GetData : MethodStart
INFO  2021-08-10 21:07:27,748 UserLoginDataService::? - GetData : MethodFinish
INFO  2021-08-10 23:28:29,541 UserLoginDataService::? - GetData : MethodStart
INFO  2021-08-10 23:28:31,479 UserLoginDataService::? - GetData : MethodFinish
INFO  2021-08-10 23:33:52,465 HospitalService::? - GetListWithModel : MethodStart
INFO  2021-08-10 23:33:53,083 HospitalService::? - GetListWithModel : MethodFinish
INFO  2021-08-10 23:57:16,781 HospitalService::? - GetListWithModel : MethodStart
INFO  2021-08-10 23:57:17,123 HospitalService::? - GetListWithModel : MethodFinish
