INFO  2021-11-02 17:03:37,480 UserLoginDataService::? - GetData : MethodStart
INFO  2021-11-02 17:03:38,845 UserLoginDataService::? - GetData : MethodFinish
INFO  2021-11-02 17:05:42,692 HospitalService::? - GetListWithModel : MethodStart
INFO  2021-11-02 17:05:43,023 HospitalService::? - GetListWithModel : MethodFinish
INFO  2021-11-02 17:06:24,938 HospitalService::? - SaveData : MethodStart
INFO  2021-11-02 17:06:24,960 HospitalService::? - SaveLabData : MethodStart
INFO  2021-11-02 17:06:25,285 HospitalService::? - SaveData : MethodFinish
INFO  2021-11-02 17:06:25,402 HospitalService::? - SaveLabData : MethodFinish
INFO  2021-11-02 17:14:32,350 HospitalService::? - GetListWithModel : MethodStart
INFO  2021-11-02 17:14:32,739 HospitalService::? - GetListWithModel : MethodFinish
INFO  2021-11-02 17:14:40,090 HospitalService::? - GetData : MethodStart
INFO  2021-11-02 17:14:40,209 HospitalService::? - GetData : MethodFinish
INFO  2021-11-02 17:14:40,422 HospitalService::? - GetLabListWithModel : MethodStart
INFO  2021-11-02 17:14:40,555 HospitalService::? - GetLabListWithModel : MethodFinish
INFO  2021-11-02 17:14:48,893 HospitalService::? - GetListWithModel : MethodStart
INFO  2021-11-02 17:14:49,001 HospitalService::? - GetListWithModel : MethodFinish
INFO  2021-11-02 17:14:51,511 HospitalService::? - GetData : MethodStart
INFO  2021-11-02 17:14:51,623 HospitalService::? - GetData : MethodFinish
INFO  2021-11-02 17:14:51,824 HospitalService::? - GetLabListWithModel : MethodStart
INFO  2021-11-02 17:14:51,934 HospitalService::? - GetLabListWithModel : MethodFinish
INFO  2021-11-02 17:15:17,291 HospitalService::? - GetListWithModel : MethodStart
INFO  2021-11-02 17:15:17,395 HospitalService::? - GetListWithModel : MethodFinish
