INFO  2021-09-27 11:04:20,512 UserLoginDataService::? - GetData : MethodStart
INFO  2021-09-27 11:04:23,196 UserLoginDataService::? - GetData : MethodFinish
INFO  2021-09-27 11:17:38,519 UserLoginDataService::? - GetData : MethodStart
INFO  2021-09-27 11:17:41,619 UserLoginDataService::? - GetData : MethodFinish
INFO  2021-09-27 11:37:20,978 UserLoginDataService::? - GetData : MethodStart
INFO  2021-09-27 11:37:22,981 UserLoginDataService::? - GetData : MethodFinish
INFO  2021-09-27 13:10:32,804 UserLoginDataService::? - GetData : MethodStart
INFO  2021-09-27 13:10:35,351 UserLoginDataService::? - GetData : MethodFinish
INFO  2021-09-27 13:29:37,162 UserLoginDataService::? - GetData : MethodStart
INFO  2021-09-27 13:29:38,744 UserLoginDataService::? - GetData : MethodFinish
INFO  2021-09-27 13:34:05,791 UserLoginDataService::? - GetData : MethodStart
INFO  2021-09-27 13:34:07,505 UserLoginDataService::? - GetData : MethodFinish
INFO  2021-09-27 16:32:03,404 UserLoginDataService::? - GetData : MethodStart
INFO  2021-09-27 16:32:04,316 UserLoginDataService::? - GetData : MethodFinish
INFO  2021-09-27 16:53:57,529 UserLoginDataService::? - GetData : MethodStart
INFO  2021-09-27 16:53:58,315 UserLoginDataService::? - GetData : MethodFinish
INFO  2021-09-27 17:02:04,227 UserLoginDataService::? - GetData : MethodStart
INFO  2021-09-27 17:02:05,036 UserLoginDataService::? - GetData : MethodFinish
INFO  2021-09-27 17:05:32,306 UserLoginDataService::? - GetListWithModel : MethodStart
INFO  2021-09-27 17:05:32,364 UserLoginDataService::? - GetListWithModel : MethodFinish
INFO  2021-09-27 17:08:03,790 UserLoginDataService::? - GetListWithModel : MethodStart
INFO  2021-09-27 17:08:03,840 UserLoginDataService::? - GetListWithModel : MethodFinish
INFO  2021-09-27 17:08:52,747 UserLoginDataService::? - GetData : MethodStart
INFO  2021-09-27 17:08:52,756 UserLoginDataService::? - GetData : MethodFinish
INFO  2021-09-27 17:08:52,842 UserLoginDataService::? - SaveData : MethodStart
INFO  2021-09-27 17:08:53,048 UserLoginDataService::? - SaveData : MethodFinish
INFO  2021-09-27 17:08:53,100 UserLoginPermissionDataService::? - SaveListData : MethodStart
INFO  2021-09-27 17:08:53,134 UserLoginPermissionDataService::? - SaveListData : MethodFinish
INFO  2021-09-27 17:09:19,732 UserLoginDataService::? - GetData : MethodStart
INFO  2021-09-27 17:09:19,745 UserLoginDataService::? - GetData : MethodFinish
INFO  2021-09-27 17:09:31,715 UserLoginDataService::? - SavePassword : MethodStart
INFO  2021-09-27 17:09:31,862 UserLoginDataService::? - SavePassword : MethodFinish
INFO  2021-09-27 17:09:38,484 UserLoginDataService::? - GetData : MethodStart
INFO  2021-09-27 17:09:38,491 UserLoginDataService::? - GetData : MethodFinish
INFO  2021-09-27 17:09:58,146 UserLoginDataService::? - GetData : MethodStart
INFO  2021-09-27 17:09:58,157 UserLoginDataService::? - GetData : MethodFinish
INFO  2021-09-27 17:10:31,192 UserLoginDataService::? - GetData : MethodStart
INFO  2021-09-27 17:10:31,202 UserLoginDataService::? - GetData : MethodFinish
INFO  2021-09-27 17:12:45,800 UserLoginDataService::? - GetData : MethodStart
INFO  2021-09-27 17:12:46,585 UserLoginDataService::? - GetData : MethodFinish
INFO  2021-09-27 17:13:18,596 UserLoginDataService::? - GetData : MethodStart
INFO  2021-09-27 17:13:18,628 UserLoginDataService::? - GetData : MethodFinish
INFO  2021-09-27 17:37:17,034 UserLoginDataService::? - GetData : MethodStart
INFO  2021-09-27 17:37:17,815 UserLoginDataService::? - GetData : MethodFinish
INFO  2021-09-27 17:50:54,853 UserLoginDataService::? - GetData : MethodStart
INFO  2021-09-27 17:50:55,633 UserLoginDataService::? - GetData : MethodFinish
INFO  2021-09-27 18:15:35,447 UserLoginDataService::? - GetData : MethodStart
INFO  2021-09-27 18:15:37,143 UserLoginDataService::? - GetData : MethodFinish
INFO  2021-09-27 19:10:26,707 UserLoginDataService::? - GetData : MethodStart
INFO  2021-09-27 19:10:28,452 UserLoginDataService::? - GetData : MethodFinish
INFO  2021-09-27 19:28:40,261 UserLoginDataService::? - GetData : MethodStart
INFO  2021-09-27 19:28:41,665 UserLoginDataService::? - GetData : MethodFinish
INFO  2021-09-27 19:42:53,564 UserLoginDataService::? - GetData : MethodStart
INFO  2021-09-27 19:42:55,007 UserLoginDataService::? - GetData : MethodFinish
