INFO  2022-02-04 10:18:51,227 UserLoginDataService::? - GetData : MethodStart
INFO  2022-02-04 10:18:54,281 UserLoginDataService::? - GetData : MethodFinish
INFO  2022-02-04 11:29:53,784 UserLoginDataService::? - GetData : MethodStart
INFO  2022-02-04 11:29:56,278 UserLoginDataService::? - GetData : MethodFinish
INFO  2022-02-04 11:30:51,530 HospitalService::? - GetListWithModel : MethodStart
INFO  2022-02-04 11:30:51,927 HospitalService::? - GetListWithModel : MethodFinish
INFO  2022-02-04 11:33:04,984 HospitalService::? - GetListWithModel : MethodStart
INFO  2022-02-04 11:33:05,179 HospitalService::? - GetListWithModel : MethodFinish
INFO  2022-02-04 11:34:12,544 HospitalService::? - SaveData : MethodStart
INFO  2022-02-04 11:34:12,582 HospitalService::? - SaveLabData : MethodStart
INFO  2022-02-04 11:34:12,924 HospitalService::? - SaveData : MethodFinish
INFO  2022-02-04 11:34:13,002 HospitalService::? - SaveLabData : MethodFinish
INFO  2022-02-04 11:54:12,000 UserLoginDataService::? - GetData : MethodStart
INFO  2022-02-04 11:54:14,301 UserLoginDataService::? - GetData : MethodFinish
INFO  2022-02-04 13:33:41,183 UserLoginDataService::? - GetData : MethodStart
INFO  2022-02-04 13:33:42,475 UserLoginDataService::? - GetData : MethodFinish
INFO  2022-02-04 14:42:50,893 UserLoginDataService::? - GetData : MethodStart
INFO  2022-02-04 14:42:52,013 UserLoginDataService::? - GetData : MethodFinish
INFO  2022-02-04 14:43:09,465 HospitalService::? - GetListWithModel : MethodStart
INFO  2022-02-04 14:43:09,780 HospitalService::? - GetListWithModel : MethodFinish
INFO  2022-02-04 14:43:22,517 HospitalService::? - GetListWithModel : MethodStart
INFO  2022-02-04 14:43:22,719 HospitalService::? - GetListWithModel : MethodFinish
INFO  2022-02-04 14:44:09,605 HospitalService::? - GetListWithModel : MethodStart
INFO  2022-02-04 14:44:09,710 HospitalService::? - GetListWithModel : MethodFinish
INFO  2022-02-04 14:44:45,312 HospitalService::? - SaveData : MethodStart
INFO  2022-02-04 14:44:45,354 HospitalService::? - SaveLabData : MethodStart
INFO  2022-02-04 14:44:45,586 HospitalService::? - SaveData : MethodFinish
INFO  2022-02-04 14:44:45,826 HospitalService::? - SaveLabData : MethodFinish
INFO  2022-02-04 14:55:10,839 UserLoginDataService::? - GetData : MethodStart
INFO  2022-02-04 14:55:12,024 UserLoginDataService::? - GetData : MethodFinish
