INFO  2021-11-09 10:27:03,717 UserLoginDataService::? - GetData : MethodStart
INFO  2021-11-09 10:27:04,990 UserLoginDataService::? - GetData : MethodFinish
INFO  2021-11-09 10:33:03,984 UserLoginDataService::? - GetData : MethodStart
INFO  2021-11-09 10:33:05,015 UserLoginDataService::? - GetData : MethodFinish
INFO  2021-11-09 10:39:13,675 UserLoginDataService::? - GetData : MethodStart
INFO  2021-11-09 10:39:14,755 UserLoginDataService::? - GetData : MethodFinish
INFO  2021-11-09 10:52:16,132 UserLoginDataService::? - GetData : MethodStart
INFO  2021-11-09 10:52:17,285 UserLoginDataService::? - GetData : MethodFinish
INFO  2021-11-09 11:06:41,102 UserLoginDataService::? - GetData : MethodStart
INFO  2021-11-09 11:06:42,292 UserLoginDataService::? - GetData : MethodFinish
INFO  2021-11-09 11:14:18,848 UserLoginDataService::? - GetData : MethodStart
INFO  2021-11-09 11:14:20,089 UserLoginDataService::? - GetData : MethodFinish
INFO  2021-11-09 11:21:06,721 UserLoginDataService::? - GetData : MethodStart
INFO  2021-11-09 11:21:07,772 UserLoginDataService::? - GetData : MethodFinish
INFO  2021-11-09 12:07:46,292 UserLoginDataService::? - GetData : MethodStart
INFO  2021-11-09 12:07:47,687 UserLoginDataService::? - GetData : MethodFinish
INFO  2021-11-09 13:46:29,152 UserLoginDataService::? - GetData : MethodStart
INFO  2021-11-09 13:46:30,327 UserLoginDataService::? - GetData : MethodFinish
INFO  2021-11-09 13:54:14,232 UserLoginDataService::? - GetData : MethodStart
INFO  2021-11-09 13:54:15,348 UserLoginDataService::? - GetData : MethodFinish
INFO  2021-11-09 14:20:08,788 UserLoginDataService::? - GetData : MethodStart
INFO  2021-11-09 14:20:09,876 UserLoginDataService::? - GetData : MethodFinish
INFO  2021-11-09 14:26:56,169 HospitalService::? - GetListWithModel : MethodStart
INFO  2021-11-09 14:26:56,608 HospitalService::? - GetListWithModel : MethodFinish
INFO  2021-11-09 14:27:53,171 HospitalService::? - SaveData : MethodStart
INFO  2021-11-09 14:27:53,202 HospitalService::? - SaveLabData : MethodStart
INFO  2021-11-09 14:27:53,484 HospitalService::? - SaveLabData : MethodFinish
INFO  2021-11-09 14:27:53,505 HospitalService::? - SaveData : MethodFinish
INFO  2021-11-09 14:57:51,238 UserLoginDataService::? - GetData : MethodStart
INFO  2021-11-09 14:57:52,816 UserLoginDataService::? - GetData : MethodFinish
INFO  2021-11-09 15:14:15,627 UserLoginDataService::? - GetData : MethodStart
INFO  2021-11-09 15:14:16,717 UserLoginDataService::? - GetData : MethodFinish
INFO  2021-11-09 17:04:54,842 UserLoginDataService::? - GetData : MethodStart
INFO  2021-11-09 17:04:55,910 UserLoginDataService::? - GetData : MethodFinish
INFO  2021-11-09 17:18:39,855 UserLoginDataService::? - GetData : MethodStart
INFO  2021-11-09 17:18:41,344 UserLoginDataService::? - GetData : MethodFinish
INFO  2021-11-09 17:46:39,208 UserLoginDataService::? - GetData : MethodStart
INFO  2021-11-09 17:46:40,281 UserLoginDataService::? - GetData : MethodFinish
INFO  2021-11-09 17:56:57,609 UserLoginDataService::? - GetData : MethodStart
INFO  2021-11-09 17:56:58,694 UserLoginDataService::? - GetData : MethodFinish
