INFO  2023-05-02 10:50:37,810 UserLoginDataService::? - GetData : MethodStart
INFO  2023-05-02 10:50:40,785 UserLoginDataService::? - GetData : MethodFinish
INFO  2023-05-02 11:32:28,897 UserLoginDataService::? - GetData : MethodStart
INFO  2023-05-02 11:32:30,319 UserLoginDataService::? - GetData : MethodFinish
INFO  2023-05-02 12:06:45,279 UserLoginDataService::? - GetData : MethodStart
INFO  2023-05-02 12:06:48,943 UserLoginDataService::? - GetData : MethodFinish
INFO  2023-05-02 12:09:43,586 UserLoginDataService::? - GetData : MethodStart
INFO  2023-05-02 12:09:44,568 UserLoginDataService::? - GetData : MethodFinish
INFO  2023-05-02 12:13:57,766 UserLoginDataService::? - GetData : MethodStart
INFO  2023-05-02 12:13:58,689 UserLoginDataService::? - GetData : MethodFinish
INFO  2023-05-02 12:18:07,919 UserLoginDataService::? - GetData : MethodStart
INFO  2023-05-02 12:18:08,956 UserLoginDataService::? - GetData : MethodFinish
INFO  2023-05-02 12:20:19,918 HospitalService::? - GetListWithModel : MethodStart
INFO  2023-05-02 12:20:20,317 HospitalService::? - GetListWithModel : MethodFinish
INFO  2023-05-02 12:20:22,023 UserLoginDataService::? - GetListWithModel : MethodStart
INFO  2023-05-02 12:20:22,182 UserLoginDataService::? - GetListWithModel : MethodFinish
INFO  2023-05-02 12:27:58,625 UserLoginDataService::? - GetData : MethodStart
INFO  2023-05-02 12:27:59,557 UserLoginDataService::? - GetData : MethodFinish
INFO  2023-05-02 14:46:08,259 UserLoginDataService::? - GetData : MethodStart
INFO  2023-05-02 14:46:17,765 UserLoginDataService::? - GetData : MethodFinish
INFO  2023-05-02 14:50:03,138 UserLoginDataService::? - GetData : MethodStart
INFO  2023-05-02 14:50:04,142 UserLoginDataService::? - GetData : MethodFinish
INFO  2023-05-02 15:12:54,070 UserLoginDataService::? - GetData : MethodStart
INFO  2023-05-02 15:12:55,124 UserLoginDataService::? - GetData : MethodFinish
INFO  2023-05-02 15:24:26,584 UserLoginDataService::? - GetData : MethodStart
INFO  2023-05-02 15:24:27,675 UserLoginDataService::? - GetData : MethodFinish
INFO  2023-05-02 15:33:51,690 UserLoginDataService::? - GetData : MethodStart
INFO  2023-05-02 15:33:52,666 UserLoginDataService::? - GetData : MethodFinish
INFO  2023-05-02 15:35:52,826 UserLoginDataService::? - GetData : MethodStart
INFO  2023-05-02 15:35:53,795 UserLoginDataService::? - GetData : MethodFinish
INFO  2023-05-02 15:38:23,368 UserLoginDataService::? - GetData : MethodStart
INFO  2023-05-02 15:38:24,236 UserLoginDataService::? - GetData : MethodFinish
INFO  2023-05-02 16:05:42,919 UserLoginDataService::? - GetData : MethodStart
INFO  2023-05-02 16:05:44,038 UserLoginDataService::? - GetData : MethodFinish
INFO  2023-05-02 16:08:41,644 UserLoginDataService::? - GetData : MethodStart
INFO  2023-05-02 16:08:42,820 UserLoginDataService::? - GetData : MethodFinish
INFO  2023-05-02 16:10:57,767 UserLoginDataService::? - GetData : MethodStart
INFO  2023-05-02 16:10:58,635 UserLoginDataService::? - GetData : MethodFinish
INFO  2023-05-02 16:13:42,747 UserLoginDataService::? - GetData : MethodStart
INFO  2023-05-02 16:13:43,737 UserLoginDataService::? - GetData : MethodFinish
INFO  2023-05-02 16:21:25,566 UserLoginDataService::? - GetData : MethodStart
INFO  2023-05-02 16:21:26,521 UserLoginDataService::? - GetData : MethodFinish
INFO  2023-05-02 16:29:06,226 UserLoginDataService::? - GetData : MethodStart
INFO  2023-05-02 16:29:07,239 UserLoginDataService::? - GetData : MethodFinish
INFO  2023-05-02 16:30:55,565 UserLoginDataService::? - GetData : MethodStart
INFO  2023-05-02 16:30:56,684 UserLoginDataService::? - GetData : MethodFinish
INFO  2023-05-02 16:40:40,125 UserLoginDataService::? - GetData : MethodStart
INFO  2023-05-02 16:40:41,148 UserLoginDataService::? - GetData : MethodFinish
INFO  2023-05-02 16:44:34,353 UserLoginDataService::? - GetData : MethodStart
INFO  2023-05-02 16:44:35,382 UserLoginDataService::? - GetData : MethodFinish
INFO  2023-05-02 16:50:16,493 UserLoginDataService::? - GetData : MethodStart
INFO  2023-05-02 16:50:17,684 UserLoginDataService::? - GetData : MethodFinish
INFO  2023-05-02 16:55:49,692 UserLoginDataService::? - GetData : MethodStart
INFO  2023-05-02 16:55:51,054 UserLoginDataService::? - GetData : MethodFinish
INFO  2023-05-02 17:34:52,355 UserLoginDataService::? - GetData : MethodStart
INFO  2023-05-02 17:34:53,321 UserLoginDataService::? - GetData : MethodFinish
INFO  2023-05-02 17:36:30,592 UserLoginDataService::? - GetData : MethodStart
INFO  2023-05-02 17:36:31,808 UserLoginDataService::? - GetData : MethodFinish
INFO  2023-05-02 17:41:04,355 UserLoginDataService::? - GetData : MethodStart
INFO  2023-05-02 17:41:05,645 UserLoginDataService::? - GetData : MethodFinish
INFO  2023-05-02 17:43:01,385 UserLoginDataService::? - GetData : MethodStart
INFO  2023-05-02 17:43:02,647 UserLoginDataService::? - GetData : MethodFinish
INFO  2023-05-02 17:48:15,645 UserLoginDataService::? - GetData : MethodStart
INFO  2023-05-02 17:48:16,674 UserLoginDataService::? - GetData : MethodFinish
INFO  2023-05-02 17:50:02,227 UserLoginDataService::? - GetData : MethodStart
INFO  2023-05-02 17:50:03,317 UserLoginDataService::? - GetData : MethodFinish
INFO  2023-05-02 17:52:01,325 UserLoginDataService::? - GetData : MethodStart
INFO  2023-05-02 17:52:02,420 UserLoginDataService::? - GetData : MethodFinish
INFO  2023-05-02 17:55:21,532 UserLoginDataService::? - GetData : MethodStart
INFO  2023-05-02 17:55:22,525 UserLoginDataService::? - GetData : MethodFinish
INFO  2023-05-02 17:57:25,125 UserLoginDataService::? - GetData : MethodStart
INFO  2023-05-02 17:57:26,125 UserLoginDataService::? - GetData : MethodFinish
INFO  2023-05-02 18:02:20,344 UserLoginDataService::? - GetData : MethodStart
INFO  2023-05-02 18:02:21,298 UserLoginDataService::? - GetData : MethodFinish
INFO  2023-05-02 18:04:24,715 UserLoginDataService::? - GetData : MethodStart
INFO  2023-05-02 18:04:25,929 UserLoginDataService::? - GetData : MethodFinish
