INFO  2023-05-30 09:05:30,281 ApiHelper::? - GetDataByIdAsync : MethodStart
INFO  2023-05-30 09:05:45,603 ApiHelper::? - GetDataByIdAsync : MethodFinish
INFO  2023-05-30 09:05:46,058 ApiHelper::? - GetDataByIdAsync : MethodStart
INFO  2023-05-30 09:05:46,386 ApiHelper::? - GetDataByIdAsync : MethodFinish
INFO  2023-05-30 09:06:16,886 ApiHelper::? - GetDataByIdAsync : MethodStart
INFO  2023-05-30 09:06:20,960 ApiHelper::? - GetDataByIdAsync : MethodFinish
INFO  2023-05-30 09:06:20,967 LoginUserService::? - Check_LoginUser_DataAsync : MethodStart
INFO  2023-05-30 09:06:20,969 ApiHelper::? - GetDataByModelAsync : MethodStart
INFO  2023-05-30 09:06:25,105 ApiHelper::? - GetDataByModelAsync : MethodFinish
INFO  2023-05-30 09:06:25,115 ApiHelper::? - GetDataListByModelAsync : MethodStart
INFO  2023-05-30 09:06:25,442 ApiHelper::? - GetDataListByModelAsync : MethodFinish
INFO  2023-05-30 09:06:25,448 LoginUserService::? - Check_LoginUser_DataAsync : MethodFinish
INFO  2023-05-30 09:06:25,512 ApiHelper::? - GetDataListByModelAsync : MethodStart
INFO  2023-05-30 09:06:34,498 ApiHelper::? - GetDataListByModelAsync : MethodFinish
INFO  2023-05-30 09:06:38,863 ApiHelper::? - GetDataListByModelAsync : MethodStart
INFO  2023-05-30 09:06:39,303 ApiHelper::? - GetDataListByModelAsync : MethodFinish
INFO  2023-05-30 09:06:39,306 ApiHelper::? - GetDataListByModelAsync : MethodStart
INFO  2023-05-30 09:06:42,881 ApiHelper::? - GetDataListByModelAsync : MethodFinish
INFO  2023-05-30 09:06:42,885 ApiHelper::? - GetDataListByParamsAsync : MethodStart
INFO  2023-05-30 09:06:47,157 ApiHelper::? - GetDataListByParamsAsync : MethodFinish
INFO  2023-05-30 09:06:47,162 ApiHelper::? - GetDataListByModelAsync : MethodStart
INFO  2023-05-30 09:06:56,068 ApiHelper::? - GetDataListByModelAsync : MethodStart
INFO  2023-05-30 09:06:56,389 ApiHelper::? - GetDataListByModelAsync : MethodFinish
INFO  2023-05-30 09:06:56,391 ApiHelper::? - GetDataByModelAsync : MethodStart
INFO  2023-05-30 09:07:00,079 ApiHelper::? - GetDataListByModelAsync : MethodFinish
INFO  2023-05-30 09:07:00,100 ApiHelper::? - GetDataByModelAsync : MethodFinish
INFO  2023-05-30 09:09:14,054 ApiHelper::? - GetDataByIdAsync : MethodStart
INFO  2023-05-30 09:09:27,499 ApiHelper::? - GetDataByIdAsync : MethodFinish
INFO  2023-05-30 09:09:28,015 ApiHelper::? - GetDataByIdAsync : MethodStart
INFO  2023-05-30 09:09:28,375 ApiHelper::? - GetDataByIdAsync : MethodFinish
INFO  2023-05-30 09:09:39,514 ApiHelper::? - GetDataByIdAsync : MethodStart
INFO  2023-05-30 09:09:42,457 ApiHelper::? - GetDataByIdAsync : MethodFinish
INFO  2023-05-30 09:09:42,463 LoginUserService::? - Check_LoginUser_DataAsync : MethodStart
INFO  2023-05-30 09:09:42,464 ApiHelper::? - GetDataByModelAsync : MethodStart
INFO  2023-05-30 09:09:45,521 ApiHelper::? - GetDataByModelAsync : MethodFinish
INFO  2023-05-30 09:09:45,531 ApiHelper::? - GetDataListByModelAsync : MethodStart
INFO  2023-05-30 09:09:45,896 ApiHelper::? - GetDataListByModelAsync : MethodFinish
INFO  2023-05-30 09:09:45,902 LoginUserService::? - Check_LoginUser_DataAsync : MethodFinish
INFO  2023-05-30 09:09:45,971 ApiHelper::? - GetDataListByModelAsync : MethodStart
INFO  2023-05-30 09:09:51,835 ApiHelper::? - GetDataListByModelAsync : MethodFinish
INFO  2023-05-30 09:09:56,305 ApiHelper::? - GetDataListByModelAsync : MethodStart
INFO  2023-05-30 09:09:56,741 ApiHelper::? - GetDataListByModelAsync : MethodFinish
INFO  2023-05-30 09:09:56,744 ApiHelper::? - GetDataListByModelAsync : MethodStart
INFO  2023-05-30 09:09:59,225 ApiHelper::? - GetDataListByModelAsync : MethodFinish
INFO  2023-05-30 09:09:59,229 ApiHelper::? - GetDataListByParamsAsync : MethodStart
INFO  2023-05-30 09:10:01,715 ApiHelper::? - GetDataListByParamsAsync : MethodFinish
INFO  2023-05-30 09:10:01,719 ApiHelper::? - GetDataListByModelAsync : MethodStart
INFO  2023-05-30 09:10:04,081 ApiHelper::? - GetDataListByModelAsync : MethodStart
INFO  2023-05-30 09:10:04,328 ApiHelper::? - GetDataListByModelAsync : MethodFinish
INFO  2023-05-30 09:10:04,330 ApiHelper::? - GetDataByModelAsync : MethodStart
INFO  2023-05-30 09:10:05,295 ApiHelper::? - GetDataByModelAsync : MethodFinish
INFO  2023-05-30 09:10:05,599 ApiHelper::? - GetDataListByModelAsync : MethodFinish
INFO  2023-05-30 10:44:59,106 ApiHelper::? - GetDataByIdAsync : MethodStart
INFO  2023-05-30 10:51:30,282 ApiHelper::? - GetDataByIdAsync : MethodStart
INFO  2023-05-30 10:51:37,772 ApiHelper::? - GetDataByIdAsync : MethodFinish
INFO  2023-05-30 10:51:38,168 ApiHelper::? - GetDataByIdAsync : MethodStart
INFO  2023-05-30 10:51:38,444 ApiHelper::? - GetDataByIdAsync : MethodFinish
INFO  2023-05-30 10:51:39,667 ApiHelper::? - GetDataByIdAsync : MethodStart
INFO  2023-05-30 10:51:45,612 ApiHelper::? - GetDataByIdAsync : MethodFinish
INFO  2023-05-30 10:51:45,621 LoginUserService::? - Check_LoginUser_DataAsync : MethodStart
INFO  2023-05-30 10:51:45,624 ApiHelper::? - GetDataByModelAsync : MethodStart
INFO  2023-05-30 10:51:50,232 ApiHelper::? - GetDataByModelAsync : MethodFinish
INFO  2023-05-30 10:51:50,249 ApiHelper::? - GetDataListByModelAsync : MethodStart
INFO  2023-05-30 10:51:50,672 ApiHelper::? - GetDataListByModelAsync : MethodFinish
INFO  2023-05-30 10:51:50,683 LoginUserService::? - Check_LoginUser_DataAsync : MethodFinish
INFO  2023-05-30 10:51:50,765 ApiHelper::? - GetDataListByModelAsync : MethodStart
INFO  2023-05-30 10:51:54,818 ApiHelper::? - GetDataListByModelAsync : MethodFinish
INFO  2023-05-30 10:52:02,277 ApiHelper::? - GetDataListByModelAsync : MethodStart
INFO  2023-05-30 10:52:02,823 ApiHelper::? - GetDataListByModelAsync : MethodFinish
INFO  2023-05-30 10:52:02,826 ApiHelper::? - GetDataListByModelAsync : MethodStart
INFO  2023-05-30 10:52:05,872 ApiHelper::? - GetDataListByModelAsync : MethodFinish
INFO  2023-05-30 10:52:05,875 ApiHelper::? - GetDataListByModelAsync : MethodStart
INFO  2023-05-30 10:52:06,244 ApiHelper::? - GetDataListByModelAsync : MethodFinish
INFO  2023-05-30 10:52:06,247 ApiHelper::? - GetDataListByModelAsync : MethodStart
INFO  2023-05-30 10:52:06,472 ApiHelper::? - GetDataListByModelAsync : MethodFinish
INFO  2023-05-30 10:52:06,474 ApiHelper::? - GetDataListByModelAsync : MethodStart
INFO  2023-05-30 10:52:10,994 ApiHelper::? - GetDataListByModelAsync : MethodFinish
INFO  2023-05-30 10:55:33,131 ApiHelper::? - GetDataByIdAsync : MethodStart
INFO  2023-05-30 10:55:39,568 ApiHelper::? - GetDataByIdAsync : MethodFinish
INFO  2023-05-30 10:55:39,958 ApiHelper::? - GetDataByIdAsync : MethodStart
INFO  2023-05-30 10:55:40,332 ApiHelper::? - GetDataByIdAsync : MethodFinish
INFO  2023-05-30 10:55:44,124 ApiHelper::? - GetDataByIdAsync : MethodStart
INFO  2023-05-30 10:55:48,367 ApiHelper::? - GetDataByIdAsync : MethodFinish
INFO  2023-05-30 10:55:48,374 LoginUserService::? - Check_LoginUser_DataAsync : MethodStart
INFO  2023-05-30 10:55:48,377 ApiHelper::? - GetDataByModelAsync : MethodStart
INFO  2023-05-30 10:55:52,556 ApiHelper::? - GetDataByModelAsync : MethodFinish
INFO  2023-05-30 10:55:52,573 ApiHelper::? - GetDataListByModelAsync : MethodStart
INFO  2023-05-30 10:55:52,932 ApiHelper::? - GetDataListByModelAsync : MethodFinish
INFO  2023-05-30 10:55:52,939 LoginUserService::? - Check_LoginUser_DataAsync : MethodFinish
INFO  2023-05-30 10:55:53,008 ApiHelper::? - GetDataListByModelAsync : MethodStart
INFO  2023-05-30 10:55:55,894 ApiHelper::? - GetDataListByModelAsync : MethodFinish
INFO  2023-05-30 10:55:58,906 ApiHelper::? - GetDataListByModelAsync : MethodStart
INFO  2023-05-30 10:55:59,301 ApiHelper::? - GetDataListByModelAsync : MethodFinish
INFO  2023-05-30 10:55:59,305 ApiHelper::? - GetDataListByModelAsync : MethodStart
INFO  2023-05-30 10:56:02,031 ApiHelper::? - GetDataListByModelAsync : MethodFinish
INFO  2023-05-30 10:56:02,035 ApiHelper::? - GetDataListByModelAsync : MethodStart
INFO  2023-05-30 10:56:02,454 ApiHelper::? - GetDataListByModelAsync : MethodFinish
INFO  2023-05-30 10:56:02,456 ApiHelper::? - GetDataListByModelAsync : MethodStart
INFO  2023-05-30 10:56:02,660 ApiHelper::? - GetDataListByModelAsync : MethodFinish
INFO  2023-05-30 10:56:02,663 ApiHelper::? - GetDataListByModelAsync : MethodStart
INFO  2023-05-30 10:56:05,595 ApiHelper::? - GetDataListByModelAsync : MethodFinish
INFO  2023-05-30 15:11:08,929 ApiHelper::? - GetDataByIdAsync : MethodStart
INFO  2023-05-30 15:15:25,525 ApiHelper::? - GetDataByIdAsync : MethodStart
INFO  2023-05-30 15:15:33,952 ApiHelper::? - GetDataByIdAsync : MethodFinish
INFO  2023-05-30 15:15:34,459 ApiHelper::? - GetDataByIdAsync : MethodStart
INFO  2023-05-30 15:15:34,753 ApiHelper::? - GetDataByIdAsync : MethodFinish
INFO  2023-05-30 15:15:38,505 ApiHelper::? - GetDataByIdAsync : MethodStart
INFO  2023-05-30 15:15:43,304 ApiHelper::? - GetDataByIdAsync : MethodFinish
INFO  2023-05-30 15:15:43,312 LoginUserService::? - Check_LoginUser_DataAsync : MethodStart
INFO  2023-05-30 15:15:43,314 ApiHelper::? - GetDataByModelAsync : MethodStart
INFO  2023-05-30 15:15:47,588 ApiHelper::? - GetDataByModelAsync : MethodFinish
INFO  2023-05-30 15:15:47,600 ApiHelper::? - GetDataListByModelAsync : MethodStart
INFO  2023-05-30 15:15:47,967 ApiHelper::? - GetDataListByModelAsync : MethodFinish
INFO  2023-05-30 15:15:47,974 LoginUserService::? - Check_LoginUser_DataAsync : MethodFinish
INFO  2023-05-30 15:15:48,034 ApiHelper::? - GetDataListByModelAsync : MethodStart
INFO  2023-05-30 15:15:51,143 ApiHelper::? - GetDataListByModelAsync : MethodFinish
INFO  2023-05-30 15:16:45,942 ApiHelper::? - GetDataListByModelAsync : MethodStart
INFO  2023-05-30 15:16:46,564 ApiHelper::? - GetDataListByModelAsync : MethodFinish
INFO  2023-05-30 15:16:46,567 ApiHelper::? - GetDataListByModelAsync : MethodStart
INFO  2023-05-30 15:16:49,860 ApiHelper::? - GetDataListByModelAsync : MethodFinish
INFO  2023-05-30 15:16:49,863 ApiHelper::? - GetDataListByModelAsync : MethodStart
INFO  2023-05-30 15:16:50,219 ApiHelper::? - GetDataListByModelAsync : MethodFinish
INFO  2023-05-30 15:16:50,221 ApiHelper::? - GetDataListByModelAsync : MethodStart
INFO  2023-05-30 15:16:50,451 ApiHelper::? - GetDataListByModelAsync : MethodFinish
INFO  2023-05-30 15:16:50,454 ApiHelper::? - GetDataListByModelAsync : MethodStart
INFO  2023-05-30 15:16:54,091 ApiHelper::? - GetDataListByModelAsync : MethodFinish
INFO  2023-05-30 15:17:02,393 ApiHelper::? - GetDataListByModelAsync : MethodStart
INFO  2023-05-30 15:17:02,898 ApiHelper::? - GetDataListByModelAsync : MethodFinish
INFO  2023-05-30 15:17:02,899 ApiHelper::? - GetDataListByModelAsync : MethodStart
INFO  2023-05-30 15:17:03,074 ApiHelper::? - GetDataListByModelAsync : MethodFinish
INFO  2023-05-30 15:17:03,078 ApiHelper::? - GetDataListByParamsAsync : MethodStart
INFO  2023-05-30 15:17:06,513 ApiHelper::? - GetDataListByParamsAsync : MethodFinish
