INFO  2023-05-29 10:25:35,587 ApiHelper::? - GetDataByIdAsync : MethodStart
INFO  2023-05-29 10:25:50,525 ApiHelper::? - GetDataByIdAsync : MethodFinish
INFO  2023-05-29 10:25:50,905 ApiHelper::? - GetDataByIdAsync : MethodStart
INFO  2023-05-29 10:25:51,234 ApiHelper::? - GetDataByIdAsync : MethodFinish
INFO  2023-05-29 10:25:53,775 ApiHelper::? - GetDataByIdAsync : MethodStart
INFO  2023-05-29 10:25:58,361 ApiHelper::? - GetDataByIdAsync : MethodFinish
INFO  2023-05-29 10:25:58,368 LoginUserService::? - Check_LoginUser_DataAsync : MethodStart
INFO  2023-05-29 10:25:58,369 ApiHelper::? - GetDataByModelAsync : MethodStart
INFO  2023-05-29 10:26:03,431 ApiHelper::? - GetDataByModelAsync : MethodFinish
INFO  2023-05-29 10:26:03,441 ApiHelper::? - GetDataListByModelAsync : MethodStart
INFO  2023-05-29 10:26:03,818 ApiHelper::? - GetDataListByModelAsync : MethodFinish
INFO  2023-05-29 10:26:03,827 LoginUserService::? - Check_LoginUser_DataAsync : MethodFinish
INFO  2023-05-29 10:26:03,915 ApiHelper::? - GetDataListByModelAsync : MethodStart
INFO  2023-05-29 10:26:07,938 ApiHelper::? - GetDataListByModelAsync : MethodFinish
INFO  2023-05-29 10:26:09,772 ApiHelper::? - GetDataListByModelAsync : MethodStart
INFO  2023-05-29 10:26:10,233 ApiHelper::? - GetDataListByModelAsync : MethodFinish
INFO  2023-05-29 10:26:10,236 ApiHelper::? - GetDataListByModelAsync : MethodStart
INFO  2023-05-29 10:26:13,948 ApiHelper::? - GetDataListByModelAsync : MethodFinish
INFO  2023-05-29 10:26:13,952 ApiHelper::? - GetDataListByParamsAsync : MethodStart
INFO  2023-05-29 10:26:18,483 ApiHelper::? - GetDataListByParamsAsync : MethodFinish
INFO  2023-05-29 10:26:18,488 ApiHelper::? - GetDataListByModelAsync : MethodStart
INFO  2023-05-29 10:26:23,926 ApiHelper::? - GetDataListByModelAsync : MethodFinish
INFO  2023-05-29 10:26:36,467 ApiHelper::? - GetDataListByParamsAsync : MethodStart
INFO  2023-05-29 10:26:36,737 ApiHelper::? - GetDataListByParamsAsync : MethodFinish
INFO  2023-05-29 10:26:39,760 ApiHelper::? - GetDataListByParamsAsync : MethodStart
INFO  2023-05-29 10:26:40,008 ApiHelper::? - GetDataListByParamsAsync : MethodFinish
INFO  2023-05-29 10:27:12,411 ApiHelper::? - GetDataListByModelAsync : MethodStart
INFO  2023-05-29 10:27:12,754 ApiHelper::? - GetDataListByModelAsync : MethodFinish
INFO  2023-05-29 10:27:12,756 ApiHelper::? - GetDataByModelAsync : MethodStart
INFO  2023-05-29 10:27:13,195 ApiHelper::? - GetDataByModelAsync : MethodFinish
INFO  2023-05-29 10:28:29,801 ApiHelper::? - GetDataByModelAsync : MethodStart
INFO  2023-05-29 10:28:30,130 ApiHelper::? - GetDataByModelAsync : MethodFinish
INFO  2023-05-29 10:28:50,045 ApiHelper::? - GetDataByModelAsync : MethodStart
INFO  2023-05-29 10:28:50,351 ApiHelper::? - GetDataByModelAsync : MethodFinish
INFO  2023-05-29 10:28:52,174 ApiHelper::? - PostDataAsync : MethodStart
INFO  2023-05-29 10:28:52,661 ApiHelper::? - PostDataAsync : MethodFinish
INFO  2023-05-29 10:28:52,665 ApiHelper::? - GetDataByModelAsync : MethodStart
INFO  2023-05-29 10:28:52,955 ApiHelper::? - GetDataByModelAsync : MethodFinish
INFO  2023-05-29 10:28:52,956 ApiHelper::? - GetDataByIdAsync : MethodStart
INFO  2023-05-29 10:28:53,188 ApiHelper::? - GetDataByIdAsync : MethodFinish
INFO  2023-05-29 10:28:53,190 ApiHelper::? - GetDataListByModelAsync : MethodStart
INFO  2023-05-29 10:28:53,430 ApiHelper::? - GetDataListByModelAsync : MethodFinish
INFO  2023-05-29 10:28:53,432 ApiHelper::? - GetDataListByModelAsync : MethodStart
INFO  2023-05-29 10:28:53,642 ApiHelper::? - GetDataListByModelAsync : MethodFinish
INFO  2023-05-29 10:28:53,644 ApiHelper::? - GetDataListByModelAsync : MethodStart
INFO  2023-05-29 10:28:53,865 ApiHelper::? - GetDataListByModelAsync : MethodFinish
INFO  2023-05-29 10:28:53,867 ApiHelper::? - GetDataListByModelAsync : MethodStart
INFO  2023-05-29 10:28:54,155 ApiHelper::? - GetDataListByModelAsync : MethodFinish
INFO  2023-05-29 10:28:54,160 ApiHelper::? - GetDataListAsync : MethodStart
INFO  2023-05-29 10:28:54,720 ApiHelper::? - GetDataListAsync : MethodFinish
INFO  2023-05-29 10:29:34,463 ApiHelper::? - GetDataByModelAsync : MethodStart
INFO  2023-05-29 10:29:34,779 ApiHelper::? - GetDataByModelAsync : MethodFinish
INFO  2023-05-29 10:29:34,789 ApiHelper::? - PostDataAsync : MethodStart
INFO  2023-05-29 10:29:35,264 ApiHelper::? - PostDataAsync : MethodFinish
INFO  2023-05-29 10:29:35,265 ApiHelper::? - GetDataByModelAsync : MethodStart
INFO  2023-05-29 10:29:35,528 ApiHelper::? - GetDataByModelAsync : MethodFinish
INFO  2023-05-29 10:29:35,529 ApiHelper::? - GetDataByIdAsync : MethodStart
INFO  2023-05-29 10:29:35,734 ApiHelper::? - GetDataByIdAsync : MethodFinish
INFO  2023-05-29 10:29:35,734 ApiHelper::? - GetDataListByModelAsync : MethodStart
INFO  2023-05-29 10:29:35,947 ApiHelper::? - GetDataListByModelAsync : MethodFinish
INFO  2023-05-29 10:29:35,950 ApiHelper::? - GetDataListByModelAsync : MethodStart
INFO  2023-05-29 10:29:36,225 ApiHelper::? - GetDataListByModelAsync : MethodFinish
INFO  2023-05-29 10:29:36,225 ApiHelper::? - GetDataListByModelAsync : MethodStart
INFO  2023-05-29 10:29:36,573 ApiHelper::? - GetDataListByModelAsync : MethodFinish
INFO  2023-05-29 10:29:36,575 ApiHelper::? - GetDataListByModelAsync : MethodStart
INFO  2023-05-29 10:29:36,864 ApiHelper::? - GetDataListByModelAsync : MethodFinish
INFO  2023-05-29 10:29:36,864 ApiHelper::? - GetDataListAsync : MethodStart
INFO  2023-05-29 10:29:37,138 ApiHelper::? - GetDataListAsync : MethodFinish
INFO  2023-05-29 10:29:56,025 ApiHelper::? - GetDataListByModelAsync : MethodStart
INFO  2023-05-29 10:29:56,288 ApiHelper::? - GetDataListByModelAsync : MethodFinish
INFO  2023-05-29 10:29:56,288 ApiHelper::? - GetDataListByModelAsync : MethodStart
INFO  2023-05-29 10:29:56,662 ApiHelper::? - GetDataListByModelAsync : MethodFinish
INFO  2023-05-29 10:29:56,662 ApiHelper::? - GetDataListByParamsAsync : MethodStart
INFO  2023-05-29 10:29:56,909 ApiHelper::? - GetDataListByParamsAsync : MethodFinish
INFO  2023-05-29 10:29:56,909 ApiHelper::? - GetDataListByModelAsync : MethodStart
INFO  2023-05-29 10:29:57,230 ApiHelper::? - GetDataListByModelAsync : MethodFinish
INFO  2023-05-29 10:30:00,562 ApiHelper::? - GetDataListByParamsAsync : MethodStart
INFO  2023-05-29 10:30:00,744 ApiHelper::? - GetDataListByParamsAsync : MethodFinish
INFO  2023-05-29 10:31:17,977 ApiHelper::? - GetDataListByParamsAsync : MethodStart
INFO  2023-05-29 10:31:18,165 ApiHelper::? - GetDataListByParamsAsync : MethodFinish
INFO  2023-05-29 10:31:28,523 ApiHelper::? - GetDataByModelAsync : MethodStart
INFO  2023-05-29 10:31:28,726 ApiHelper::? - GetDataByModelAsync : MethodFinish
INFO  2023-05-29 10:31:28,727 ApiHelper::? - GetDataByIdAsync : MethodStart
INFO  2023-05-29 10:31:28,956 ApiHelper::? - GetDataByIdAsync : MethodFinish
INFO  2023-05-29 10:31:28,956 ApiHelper::? - GetDataByModelAsync : MethodStart
INFO  2023-05-29 10:31:29,427 ApiHelper::? - GetDataByModelAsync : MethodFinish
INFO  2023-05-29 10:31:29,428 ApiHelper::? - PostDataAsync : MethodStart
INFO  2023-05-29 10:31:30,055 ApiHelper::? - PostDataAsync : MethodFinish
INFO  2023-05-29 10:31:30,178 ApiHelper::? - GetDataListByModelAsync : MethodStart
INFO  2023-05-29 10:31:30,385 ApiHelper::? - GetDataListByModelAsync : MethodFinish
INFO  2023-05-29 10:31:30,385 ApiHelper::? - GetDataByModelAsync : MethodStart
INFO  2023-05-29 10:31:30,569 ApiHelper::? - GetDataByModelAsync : MethodFinish
INFO  2023-05-29 10:31:30,569 ApiHelper::? - GetDataByIdAsync : MethodStart
INFO  2023-05-29 10:31:30,763 ApiHelper::? - GetDataByIdAsync : MethodFinish
INFO  2023-05-29 10:31:30,764 ApiHelper::? - GetDataListByModelAsync : MethodStart
INFO  2023-05-29 10:31:31,312 ApiHelper::? - GetDataListByModelAsync : MethodFinish
INFO  2023-05-29 10:31:31,312 ApiHelper::? - GetDataListByModelAsync : MethodStart
INFO  2023-05-29 10:31:31,509 ApiHelper::? - GetDataListByModelAsync : MethodFinish
INFO  2023-05-29 10:31:31,509 ApiHelper::? - GetDataListByModelAsync : MethodStart
INFO  2023-05-29 10:31:31,736 ApiHelper::? - GetDataListByModelAsync : MethodFinish
INFO  2023-05-29 10:31:31,736 ApiHelper::? - GetDataListByModelAsync : MethodStart
INFO  2023-05-29 10:31:31,951 ApiHelper::? - GetDataListByModelAsync : MethodFinish
INFO  2023-05-29 10:31:31,952 ApiHelper::? - GetDataListAsync : MethodStart
INFO  2023-05-29 10:31:32,194 ApiHelper::? - GetDataListAsync : MethodFinish
INFO  2023-05-29 10:31:44,033 ApiHelper::? - GetDataListByModelAsync : MethodStart
INFO  2023-05-29 10:31:44,336 ApiHelper::? - GetDataListByModelAsync : MethodFinish
INFO  2023-05-29 10:31:44,336 ApiHelper::? - GetDataListByModelAsync : MethodStart
INFO  2023-05-29 10:31:44,562 ApiHelper::? - GetDataListByModelAsync : MethodFinish
INFO  2023-05-29 10:31:44,562 ApiHelper::? - GetDataListByParamsAsync : MethodStart
INFO  2023-05-29 10:31:44,752 ApiHelper::? - GetDataListByParamsAsync : MethodFinish
INFO  2023-05-29 10:31:44,752 ApiHelper::? - GetDataListByModelAsync : MethodStart
INFO  2023-05-29 10:31:44,955 ApiHelper::? - GetDataListByModelAsync : MethodFinish
INFO  2023-05-29 10:31:59,062 ApiHelper::? - GetDataListByModelAsync : MethodStart
INFO  2023-05-29 10:31:59,326 ApiHelper::? - GetDataListByModelAsync : MethodFinish
INFO  2023-05-29 10:31:59,327 ApiHelper::? - GetDataByModelAsync : MethodStart
INFO  2023-05-29 10:31:59,539 ApiHelper::? - GetDataByModelAsync : MethodFinish
INFO  2023-05-29 10:31:59,539 ApiHelper::? - GetDataByIdAsync : MethodStart
INFO  2023-05-29 10:31:59,733 ApiHelper::? - GetDataByIdAsync : MethodFinish
INFO  2023-05-29 10:31:59,734 ApiHelper::? - GetDataListByModelAsync : MethodStart
INFO  2023-05-29 10:31:59,954 ApiHelper::? - GetDataListByModelAsync : MethodFinish
INFO  2023-05-29 10:31:59,954 ApiHelper::? - GetDataListByModelAsync : MethodStart
INFO  2023-05-29 10:32:00,149 ApiHelper::? - GetDataListByModelAsync : MethodFinish
INFO  2023-05-29 10:32:00,149 ApiHelper::? - GetDataListByModelAsync : MethodStart
INFO  2023-05-29 10:32:00,392 ApiHelper::? - GetDataListByModelAsync : MethodFinish
INFO  2023-05-29 10:32:00,392 ApiHelper::? - GetDataListByModelAsync : MethodStart
INFO  2023-05-29 10:32:00,650 ApiHelper::? - GetDataListByModelAsync : MethodFinish
INFO  2023-05-29 10:32:00,650 ApiHelper::? - GetDataListAsync : MethodStart
INFO  2023-05-29 10:32:00,864 ApiHelper::? - GetDataListAsync : MethodFinish
INFO  2023-05-29 10:32:04,923 ApiHelper::? - GetDataByIdAsync : MethodStart
INFO  2023-05-29 10:32:05,142 ApiHelper::? - GetDataByIdAsync : MethodFinish
INFO  2023-05-29 10:32:13,025 ApiHelper::? - GetDataByIdAsync : MethodStart
INFO  2023-05-29 10:32:13,236 ApiHelper::? - GetDataByIdAsync : MethodFinish
INFO  2023-05-29 10:32:14,284 ApiHelper::? - GetDataByModelAsync : MethodStart
INFO  2023-05-29 10:32:14,563 ApiHelper::? - GetDataByModelAsync : MethodFinish
INFO  2023-05-29 10:32:14,564 ApiHelper::? - PostDataAsync : MethodStart
INFO  2023-05-29 10:32:14,934 ApiHelper::? - PostDataAsync : MethodFinish
INFO  2023-05-29 10:32:14,935 ApiHelper::? - GetDataByModelAsync : MethodStart
INFO  2023-05-29 10:32:15,145 ApiHelper::? - GetDataByModelAsync : MethodFinish
INFO  2023-05-29 10:32:15,145 ApiHelper::? - GetDataByIdAsync : MethodStart
INFO  2023-05-29 10:32:15,376 ApiHelper::? - GetDataByIdAsync : MethodFinish
INFO  2023-05-29 10:32:15,377 ApiHelper::? - GetDataListByModelAsync : MethodStart
INFO  2023-05-29 10:32:15,587 ApiHelper::? - GetDataListByModelAsync : MethodFinish
INFO  2023-05-29 10:32:15,587 ApiHelper::? - GetDataListByModelAsync : MethodStart
INFO  2023-05-29 10:32:15,824 ApiHelper::? - GetDataListByModelAsync : MethodFinish
INFO  2023-05-29 10:32:15,825 ApiHelper::? - GetDataListByModelAsync : MethodStart
INFO  2023-05-29 10:32:16,047 ApiHelper::? - GetDataListByModelAsync : MethodFinish
INFO  2023-05-29 10:32:16,047 ApiHelper::? - GetDataListByModelAsync : MethodStart
INFO  2023-05-29 10:32:16,287 ApiHelper::? - GetDataListByModelAsync : MethodFinish
INFO  2023-05-29 10:32:16,288 ApiHelper::? - GetDataListAsync : MethodStart
INFO  2023-05-29 10:32:16,585 ApiHelper::? - GetDataListAsync : MethodFinish
INFO  2023-05-29 10:49:23,112 ApiHelper::? - GetDataListByModelAsync : MethodStart
INFO  2023-05-29 10:49:23,671 ApiHelper::? - GetDataListByModelAsync : MethodFinish
INFO  2023-05-29 10:49:23,672 ApiHelper::? - GetDataListByModelAsync : MethodStart
INFO  2023-05-29 10:49:24,155 ApiHelper::? - GetDataListByModelAsync : MethodFinish
INFO  2023-05-29 10:49:24,157 ApiHelper::? - GetDataListByModelAsync : MethodStart
INFO  2023-05-29 10:49:24,570 ApiHelper::? - GetDataListByModelAsync : MethodFinish
INFO  2023-05-29 10:49:24,574 ApiHelper::? - GetDataListByParamsAsync : MethodStart
INFO  2023-05-29 10:49:29,102 ApiHelper::? - GetDataListByParamsAsync : MethodFinish
INFO  2023-05-29 10:49:29,106 ApiHelper::? - GetDataListByModelAsync : MethodStart
INFO  2023-05-29 10:49:29,633 ApiHelper::? - GetDataListByModelAsync : MethodFinish
INFO  2023-05-29 10:49:30,906 ApiHelper::? - GetDataListByModelAsync : MethodStart
INFO  2023-05-29 10:49:31,163 ApiHelper::? - GetDataListByModelAsync : MethodFinish
INFO  2023-05-29 10:49:31,164 ApiHelper::? - GetDataListByModelAsync : MethodStart
INFO  2023-05-29 10:49:31,358 ApiHelper::? - GetDataListByModelAsync : MethodFinish
INFO  2023-05-29 10:49:31,359 ApiHelper::? - GetDataListByModelAsync : MethodStart
INFO  2023-05-29 10:49:31,537 ApiHelper::? - GetDataListByModelAsync : MethodFinish
INFO  2023-05-29 10:49:31,538 ApiHelper::? - GetDataListByModelAsync : MethodStart
INFO  2023-05-29 10:49:31,761 ApiHelper::? - GetDataListByModelAsync : MethodFinish
INFO  2023-05-29 10:49:31,765 ApiHelper::? - GetDataListByModelAsync : MethodStart
INFO  2023-05-29 10:49:41,769 ApiHelper::? - GetDataListByModelAsync : MethodFinish
INFO  2023-05-29 10:50:03,164 ApiHelper::? - GetDataListByModelAsync : MethodStart
INFO  2023-05-29 10:50:03,632 ApiHelper::? - GetDataListByModelAsync : MethodFinish
INFO  2023-05-29 10:50:31,067 ApiHelper::? - GetDataByIdAsync : MethodStart
INFO  2023-05-29 10:50:39,013 ApiHelper::? - GetDataByIdAsync : MethodFinish
INFO  2023-05-29 10:50:39,455 ApiHelper::? - GetDataByIdAsync : MethodStart
INFO  2023-05-29 10:50:39,704 ApiHelper::? - GetDataByIdAsync : MethodFinish
INFO  2023-05-29 10:51:50,551 ApiHelper::? - GetDataByIdAsync : MethodStart
INFO  2023-05-29 10:51:53,528 ApiHelper::? - GetDataByIdAsync : MethodFinish
INFO  2023-05-29 10:51:53,534 LoginUserService::? - Check_LoginUser_DataAsync : MethodStart
INFO  2023-05-29 10:51:53,536 ApiHelper::? - GetDataByModelAsync : MethodStart
INFO  2023-05-29 10:51:57,427 ApiHelper::? - GetDataByModelAsync : MethodFinish
INFO  2023-05-29 10:51:57,437 ApiHelper::? - GetDataListByModelAsync : MethodStart
INFO  2023-05-29 10:51:57,788 ApiHelper::? - GetDataListByModelAsync : MethodFinish
INFO  2023-05-29 10:51:57,797 LoginUserService::? - Check_LoginUser_DataAsync : MethodFinish
INFO  2023-05-29 10:51:57,906 ApiHelper::? - GetDataListByModelAsync : MethodStart
INFO  2023-05-29 10:52:01,063 ApiHelper::? - GetDataListByModelAsync : MethodFinish
INFO  2023-05-29 10:52:02,829 ApiHelper::? - GetDataListByModelAsync : MethodStart
INFO  2023-05-29 10:52:03,493 ApiHelper::? - GetDataListByModelAsync : MethodFinish
INFO  2023-05-29 10:52:03,496 ApiHelper::? - GetDataListByModelAsync : MethodStart
INFO  2023-05-29 10:52:06,205 ApiHelper::? - GetDataListByModelAsync : MethodFinish
INFO  2023-05-29 10:52:06,208 ApiHelper::? - GetDataListByModelAsync : MethodStart
INFO  2023-05-29 10:52:06,603 ApiHelper::? - GetDataListByModelAsync : MethodFinish
INFO  2023-05-29 10:52:06,605 ApiHelper::? - GetDataListByModelAsync : MethodStart
INFO  2023-05-29 10:52:06,846 ApiHelper::? - GetDataListByModelAsync : MethodFinish
INFO  2023-05-29 10:52:06,849 ApiHelper::? - GetDataListByModelAsync : MethodStart
INFO  2023-05-29 10:52:09,944 ApiHelper::? - GetDataListByModelAsync : MethodFinish
INFO  2023-05-29 10:53:14,621 ApiHelper::? - GetDataListByModelAsync : MethodStart
INFO  2023-05-29 10:53:14,859 ApiHelper::? - GetDataListByModelAsync : MethodFinish
INFO  2023-05-29 10:53:14,859 ApiHelper::? - GetDataListByModelAsync : MethodStart
INFO  2023-05-29 10:53:15,053 ApiHelper::? - GetDataListByModelAsync : MethodFinish
INFO  2023-05-29 10:53:15,053 ApiHelper::? - GetDataListByModelAsync : MethodStart
INFO  2023-05-29 10:53:15,235 ApiHelper::? - GetDataListByModelAsync : MethodFinish
INFO  2023-05-29 10:53:15,236 ApiHelper::? - GetDataListByModelAsync : MethodStart
INFO  2023-05-29 10:53:15,435 ApiHelper::? - GetDataListByModelAsync : MethodFinish
INFO  2023-05-29 10:53:29,823 ApiHelper::? - GetDataListByModelAsync : MethodStart
INFO  2023-05-29 10:53:31,809 ApiHelper::? - GetDataListByModelAsync : MethodFinish
INFO  2023-05-29 10:54:00,888 ApiHelper::? - GetDataListByModelAsync : MethodStart
INFO  2023-05-29 10:54:01,860 ApiHelper::? - GetDataListByModelAsync : MethodFinish
INFO  2023-05-29 10:54:01,860 ApiHelper::? - GetDataListByModelAsync : MethodStart
INFO  2023-05-29 10:54:02,146 ApiHelper::? - GetDataListByModelAsync : MethodFinish
INFO  2023-05-29 10:54:02,146 ApiHelper::? - GetDataListByModelAsync : MethodStart
INFO  2023-05-29 10:54:02,378 ApiHelper::? - GetDataListByModelAsync : MethodFinish
INFO  2023-05-29 10:54:02,379 ApiHelper::? - GetDataListByModelAsync : MethodStart
INFO  2023-05-29 10:54:02,576 ApiHelper::? - GetDataListByModelAsync : MethodFinish
INFO  2023-05-29 10:54:06,313 ApiHelper::? - GetDataListByModelAsync : MethodStart
INFO  2023-05-29 10:54:08,835 ApiHelper::? - GetDataListByModelAsync : MethodFinish
INFO  2023-05-29 10:54:25,049 ApiHelper::? - GetDataListByModelAsync : MethodStart
INFO  2023-05-29 10:54:25,249 ApiHelper::? - GetDataListByModelAsync : MethodFinish
INFO  2023-05-29 10:54:25,249 ApiHelper::? - GetDataListByModelAsync : MethodStart
INFO  2023-05-29 10:54:25,453 ApiHelper::? - GetDataListByModelAsync : MethodFinish
INFO  2023-05-29 10:54:25,454 ApiHelper::? - GetDataListByModelAsync : MethodStart
INFO  2023-05-29 10:54:25,603 ApiHelper::? - GetDataListByModelAsync : MethodFinish
INFO  2023-05-29 10:54:25,603 ApiHelper::? - GetDataListByModelAsync : MethodStart
INFO  2023-05-29 10:54:25,763 ApiHelper::? - GetDataListByModelAsync : MethodFinish
INFO  2023-05-29 10:54:30,303 ApiHelper::? - GetDataListByModelAsync : MethodStart
INFO  2023-05-29 10:56:26,176 ApiHelper::? - GetDataListByModelAsync : MethodStart
INFO  2023-05-29 10:56:26,470 ApiHelper::? - GetDataListByModelAsync : MethodFinish
INFO  2023-05-29 10:56:26,470 ApiHelper::? - GetDataListByModelAsync : MethodStart
INFO  2023-05-29 10:56:26,716 ApiHelper::? - GetDataListByModelAsync : MethodFinish
INFO  2023-05-29 10:56:26,717 ApiHelper::? - GetDataListByModelAsync : MethodStart
INFO  2023-05-29 10:56:26,932 ApiHelper::? - GetDataListByModelAsync : MethodFinish
INFO  2023-05-29 10:56:26,933 ApiHelper::? - GetDataListByModelAsync : MethodStart
INFO  2023-05-29 10:56:27,084 ApiHelper::? - GetDataListByModelAsync : MethodFinish
INFO  2023-05-29 10:56:30,904 ApiHelper::? - GetDataListByModelAsync : MethodStart
INFO  2023-05-29 10:56:51,941 ApiHelper::? - GetDataListByModelAsync : MethodFinish
INFO  2023-05-29 10:57:03,630 ApiHelper::? - ExportDataAsync : MethodStart
INFO  2023-05-29 10:57:06,028 ApiHelper::? - ExportDataAsync : MethodFinish
INFO  2023-05-29 11:36:11,083 ApiHelper::? - GetDataByIdAsync : MethodStart
INFO  2023-05-29 11:36:20,543 ApiHelper::? - GetDataByIdAsync : MethodFinish
INFO  2023-05-29 11:36:21,027 ApiHelper::? - GetDataByIdAsync : MethodStart
INFO  2023-05-29 11:36:21,455 ApiHelper::? - GetDataByIdAsync : MethodFinish
INFO  2023-05-29 11:36:24,778 ApiHelper::? - GetDataByIdAsync : MethodStart
INFO  2023-05-29 11:36:29,750 ApiHelper::? - GetDataByIdAsync : MethodFinish
INFO  2023-05-29 11:36:29,758 LoginUserService::? - Check_LoginUser_DataAsync : MethodStart
INFO  2023-05-29 11:36:29,761 ApiHelper::? - GetDataByModelAsync : MethodStart
INFO  2023-05-29 11:36:35,151 ApiHelper::? - GetDataByModelAsync : MethodFinish
INFO  2023-05-29 11:36:35,164 ApiHelper::? - GetDataListByModelAsync : MethodStart
INFO  2023-05-29 11:36:35,642 ApiHelper::? - GetDataListByModelAsync : MethodFinish
INFO  2023-05-29 11:36:35,652 LoginUserService::? - Check_LoginUser_DataAsync : MethodFinish
INFO  2023-05-29 11:36:35,710 ApiHelper::? - GetDataListByModelAsync : MethodStart
INFO  2023-05-29 11:36:40,365 ApiHelper::? - GetDataListByModelAsync : MethodFinish
INFO  2023-05-29 11:36:58,316 ApiHelper::? - GetDataListByModelAsync : MethodStart
INFO  2023-05-29 11:36:58,819 ApiHelper::? - GetDataListByModelAsync : MethodFinish
INFO  2023-05-29 11:36:58,822 ApiHelper::? - GetDataListByModelAsync : MethodStart
INFO  2023-05-29 11:37:02,551 ApiHelper::? - GetDataListByModelAsync : MethodFinish
INFO  2023-05-29 11:37:02,554 ApiHelper::? - GetDataListByModelAsync : MethodStart
INFO  2023-05-29 11:37:02,982 ApiHelper::? - GetDataListByModelAsync : MethodFinish
INFO  2023-05-29 11:37:02,984 ApiHelper::? - GetDataListByModelAsync : MethodStart
INFO  2023-05-29 11:37:03,253 ApiHelper::? - GetDataListByModelAsync : MethodFinish
INFO  2023-05-29 11:37:03,256 ApiHelper::? - GetDataListByModelAsync : MethodStart
INFO  2023-05-29 11:37:07,164 ApiHelper::? - GetDataListByModelAsync : MethodFinish
INFO  2023-05-29 11:37:51,493 ApiHelper::? - PostDataByListAsync : MethodStart
INFO  2023-05-29 11:37:52,462 ApiHelper::? - PostDataByListAsync : MethodFinish
INFO  2023-05-29 11:40:52,606 ApiHelper::? - GetDataByIdAsync : MethodStart
INFO  2023-05-29 11:40:59,886 ApiHelper::? - GetDataByIdAsync : MethodFinish
INFO  2023-05-29 11:41:00,250 ApiHelper::? - GetDataByIdAsync : MethodStart
INFO  2023-05-29 11:41:00,874 ApiHelper::? - GetDataByIdAsync : MethodFinish
INFO  2023-05-29 11:51:01,154 ApiHelper::? - GetDataByIdAsync : MethodStart
INFO  2023-05-29 11:51:09,101 ApiHelper::? - GetDataByIdAsync : MethodFinish
INFO  2023-05-29 11:51:09,450 ApiHelper::? - GetDataByIdAsync : MethodStart
INFO  2023-05-29 11:51:09,761 ApiHelper::? - GetDataByIdAsync : MethodFinish
INFO  2023-05-29 11:51:11,717 ApiHelper::? - GetDataByIdAsync : MethodStart
INFO  2023-05-29 11:51:15,415 ApiHelper::? - GetDataByIdAsync : MethodFinish
INFO  2023-05-29 11:51:15,423 LoginUserService::? - Check_LoginUser_DataAsync : MethodStart
INFO  2023-05-29 11:51:15,425 ApiHelper::? - GetDataByModelAsync : MethodStart
INFO  2023-05-29 11:51:19,586 ApiHelper::? - GetDataByModelAsync : MethodFinish
INFO  2023-05-29 11:51:19,598 ApiHelper::? - GetDataListByModelAsync : MethodStart
INFO  2023-05-29 11:51:19,946 ApiHelper::? - GetDataListByModelAsync : MethodFinish
INFO  2023-05-29 11:51:19,954 LoginUserService::? - Check_LoginUser_DataAsync : MethodFinish
INFO  2023-05-29 11:51:20,031 ApiHelper::? - GetDataListByModelAsync : MethodStart
INFO  2023-05-29 11:51:22,917 ApiHelper::? - GetDataListByModelAsync : MethodFinish
INFO  2023-05-29 11:51:26,900 ApiHelper::? - GetDataListByModelAsync : MethodStart
INFO  2023-05-29 11:51:27,424 ApiHelper::? - GetDataListByModelAsync : MethodFinish
INFO  2023-05-29 11:51:27,427 ApiHelper::? - GetDataListByModelAsync : MethodStart
INFO  2023-05-29 11:51:30,197 ApiHelper::? - GetDataListByModelAsync : MethodFinish
INFO  2023-05-29 11:51:30,200 ApiHelper::? - GetDataListByModelAsync : MethodStart
INFO  2023-05-29 11:51:30,609 ApiHelper::? - GetDataListByModelAsync : MethodFinish
INFO  2023-05-29 11:51:30,611 ApiHelper::? - GetDataListByModelAsync : MethodStart
INFO  2023-05-29 11:51:30,871 ApiHelper::? - GetDataListByModelAsync : MethodFinish
INFO  2023-05-29 11:51:30,880 ApiHelper::? - GetDataListByModelAsync : MethodStart
INFO  2023-05-29 11:51:34,609 ApiHelper::? - GetDataListByModelAsync : MethodFinish
INFO  2023-05-29 11:51:38,570 ApiHelper::? - ExportDataAsync : MethodStart
INFO  2023-05-29 11:51:41,093 ApiHelper::? - ExportDataAsync : MethodFinish
INFO  2023-05-29 11:52:13,210 ApiHelper::? - ExportDataAsync : MethodStart
INFO  2023-05-29 11:52:14,386 ApiHelper::? - ExportDataAsync : MethodFinish
INFO  2023-05-29 13:44:10,637 ApiHelper::? - GetDataByIdAsync : MethodStart
INFO  2023-05-29 13:44:17,496 ApiHelper::? - GetDataByIdAsync : MethodFinish
INFO  2023-05-29 13:44:17,809 ApiHelper::? - GetDataByIdAsync : MethodStart
INFO  2023-05-29 13:44:18,061 ApiHelper::? - GetDataByIdAsync : MethodFinish
INFO  2023-05-29 13:44:24,020 ApiHelper::? - GetDataByIdAsync : MethodStart
INFO  2023-05-29 13:44:26,986 ApiHelper::? - GetDataByIdAsync : MethodFinish
INFO  2023-05-29 13:44:26,992 LoginUserService::? - Check_LoginUser_DataAsync : MethodStart
INFO  2023-05-29 13:44:26,993 ApiHelper::? - GetDataByModelAsync : MethodStart
INFO  2023-05-29 13:44:30,182 ApiHelper::? - GetDataByModelAsync : MethodFinish
INFO  2023-05-29 13:44:30,192 ApiHelper::? - GetDataListByModelAsync : MethodStart
INFO  2023-05-29 13:44:30,479 ApiHelper::? - GetDataListByModelAsync : MethodFinish
INFO  2023-05-29 13:44:30,485 LoginUserService::? - Check_LoginUser_DataAsync : MethodFinish
INFO  2023-05-29 13:44:30,549 ApiHelper::? - GetDataListByModelAsync : MethodStart
INFO  2023-05-29 13:44:33,379 ApiHelper::? - GetDataListByModelAsync : MethodFinish
INFO  2023-05-29 13:44:37,953 ApiHelper::? - GetDataListByModelAsync : MethodStart
INFO  2023-05-29 13:44:38,751 ApiHelper::? - GetDataListByModelAsync : MethodFinish
INFO  2023-05-29 13:44:38,754 ApiHelper::? - GetDataListByModelAsync : MethodStart
INFO  2023-05-29 13:44:42,262 ApiHelper::? - GetDataListByModelAsync : MethodFinish
INFO  2023-05-29 13:44:42,268 ApiHelper::? - GetDataListByParamsAsync : MethodStart
INFO  2023-05-29 13:44:47,901 ApiHelper::? - GetDataListByParamsAsync : MethodFinish
INFO  2023-05-29 13:44:47,906 ApiHelper::? - GetDataListByModelAsync : MethodStart
INFO  2023-05-29 13:44:53,182 ApiHelper::? - GetDataListByModelAsync : MethodFinish
INFO  2023-05-29 13:45:01,712 ApiHelper::? - GetDataListByModelAsync : MethodStart
INFO  2023-05-29 13:45:02,016 ApiHelper::? - GetDataListByModelAsync : MethodFinish
INFO  2023-05-29 13:45:02,019 ApiHelper::? - GetDataListByModelAsync : MethodStart
INFO  2023-05-29 13:45:02,480 ApiHelper::? - GetDataListByModelAsync : MethodFinish
INFO  2023-05-29 13:45:02,483 ApiHelper::? - GetDataListByModelAsync : MethodStart
INFO  2023-05-29 13:45:02,682 ApiHelper::? - GetDataListByModelAsync : MethodFinish
INFO  2023-05-29 13:45:02,683 ApiHelper::? - GetDataListByModelAsync : MethodStart
INFO  2023-05-29 13:45:02,880 ApiHelper::? - GetDataListByModelAsync : MethodFinish
INFO  2023-05-29 13:45:02,882 ApiHelper::? - GetDataListByModelAsync : MethodStart
INFO  2023-05-29 13:45:05,876 ApiHelper::? - GetDataListByModelAsync : MethodFinish
INFO  2023-05-29 13:45:11,294 ApiHelper::? - ExportDataAsync : MethodStart
INFO  2023-05-29 13:45:12,554 ApiHelper::? - ExportDataAsync : MethodFinish
INFO  2023-05-29 13:53:52,733 ApiHelper::? - ExportDataAsync : MethodStart
INFO  2023-05-29 13:53:53,634 ApiHelper::? - ExportDataAsync : MethodFinish
INFO  2023-05-29 14:00:36,657 ApiHelper::? - ExportDataAsync : MethodStart
INFO  2023-05-29 14:00:37,642 ApiHelper::? - ExportDataAsync : MethodFinish
INFO  2023-05-29 14:24:09,305 ApiHelper::? - GetDataByIdAsync : MethodStart
INFO  2023-05-29 14:24:19,550 ApiHelper::? - GetDataByIdAsync : MethodFinish
INFO  2023-05-29 14:24:19,991 ApiHelper::? - GetDataByIdAsync : MethodStart
INFO  2023-05-29 14:24:20,363 ApiHelper::? - GetDataByIdAsync : MethodFinish
INFO  2023-05-29 14:24:29,922 ApiHelper::? - GetDataByIdAsync : MethodStart
INFO  2023-05-29 14:24:34,002 ApiHelper::? - GetDataByIdAsync : MethodFinish
INFO  2023-05-29 14:24:34,009 LoginUserService::? - Check_LoginUser_DataAsync : MethodStart
INFO  2023-05-29 14:24:34,011 ApiHelper::? - GetDataByModelAsync : MethodStart
INFO  2023-05-29 14:24:38,259 ApiHelper::? - GetDataByModelAsync : MethodFinish
INFO  2023-05-29 14:24:38,271 ApiHelper::? - GetDataListByModelAsync : MethodStart
INFO  2023-05-29 14:24:38,625 ApiHelper::? - GetDataListByModelAsync : MethodFinish
INFO  2023-05-29 14:24:38,634 LoginUserService::? - Check_LoginUser_DataAsync : MethodFinish
INFO  2023-05-29 14:24:38,699 ApiHelper::? - GetDataListByModelAsync : MethodStart
INFO  2023-05-29 14:24:42,735 ApiHelper::? - GetDataListByModelAsync : MethodFinish
INFO  2023-05-29 14:24:48,528 ApiHelper::? - GetDataListByModelAsync : MethodStart
INFO  2023-05-29 14:24:49,074 ApiHelper::? - GetDataListByModelAsync : MethodFinish
INFO  2023-05-29 14:24:49,077 ApiHelper::? - GetDataListByModelAsync : MethodStart
INFO  2023-05-29 14:24:52,814 ApiHelper::? - GetDataListByModelAsync : MethodFinish
INFO  2023-05-29 14:24:52,817 ApiHelper::? - GetDataListByModelAsync : MethodStart
INFO  2023-05-29 14:24:53,360 ApiHelper::? - GetDataListByModelAsync : MethodFinish
INFO  2023-05-29 14:24:53,362 ApiHelper::? - GetDataListByModelAsync : MethodStart
INFO  2023-05-29 14:24:53,622 ApiHelper::? - GetDataListByModelAsync : MethodFinish
INFO  2023-05-29 14:24:53,625 ApiHelper::? - GetDataListByModelAsync : MethodStart
INFO  2023-05-29 14:24:57,836 ApiHelper::? - GetDataListByModelAsync : MethodFinish
INFO  2023-05-29 14:25:07,211 ApiHelper::? - ExportDataAsync : MethodStart
INFO  2023-05-29 14:26:14,326 ApiHelper::? - GetDataByIdAsync : MethodStart
INFO  2023-05-29 14:26:19,657 ApiHelper::? - GetDataByIdAsync : MethodFinish
INFO  2023-05-29 14:26:20,143 ApiHelper::? - GetDataByIdAsync : MethodStart
INFO  2023-05-29 14:26:20,415 ApiHelper::? - GetDataByIdAsync : MethodFinish
INFO  2023-05-29 14:26:42,358 ApiHelper::? - GetDataByIdAsync : MethodStart
INFO  2023-05-29 14:26:45,484 ApiHelper::? - GetDataByIdAsync : MethodFinish
INFO  2023-05-29 14:26:45,490 LoginUserService::? - Check_LoginUser_DataAsync : MethodStart
INFO  2023-05-29 14:26:45,491 ApiHelper::? - GetDataByModelAsync : MethodStart
INFO  2023-05-29 14:26:48,717 ApiHelper::? - GetDataByModelAsync : MethodFinish
INFO  2023-05-29 14:26:48,735 ApiHelper::? - GetDataListByModelAsync : MethodStart
INFO  2023-05-29 14:26:49,565 ApiHelper::? - GetDataListByModelAsync : MethodFinish
INFO  2023-05-29 14:26:49,571 LoginUserService::? - Check_LoginUser_DataAsync : MethodFinish
INFO  2023-05-29 14:26:49,635 ApiHelper::? - GetDataListByModelAsync : MethodStart
INFO  2023-05-29 14:26:52,481 ApiHelper::? - GetDataListByModelAsync : MethodFinish
INFO  2023-05-29 14:26:53,613 ApiHelper::? - GetDataListByModelAsync : MethodStart
INFO  2023-05-29 14:26:53,978 ApiHelper::? - GetDataListByModelAsync : MethodFinish
INFO  2023-05-29 14:26:53,981 ApiHelper::? - GetDataListByModelAsync : MethodStart
INFO  2023-05-29 14:26:56,823 ApiHelper::? - GetDataListByModelAsync : MethodFinish
INFO  2023-05-29 14:26:56,826 ApiHelper::? - GetDataListByModelAsync : MethodStart
INFO  2023-05-29 14:26:57,167 ApiHelper::? - GetDataListByModelAsync : MethodFinish
INFO  2023-05-29 14:26:57,170 ApiHelper::? - GetDataListByModelAsync : MethodStart
INFO  2023-05-29 14:26:57,396 ApiHelper::? - GetDataListByModelAsync : MethodFinish
INFO  2023-05-29 14:26:57,400 ApiHelper::? - GetDataListByModelAsync : MethodStart
INFO  2023-05-29 14:27:00,940 ApiHelper::? - GetDataListByModelAsync : MethodFinish
INFO  2023-05-29 14:27:04,865 ApiHelper::? - ExportDataAsync : MethodStart
INFO  2023-05-29 14:27:21,481 ApiHelper::? - ExportDataAsync : MethodFinish
INFO  2023-05-29 14:28:10,286 ApiHelper::? - ExportDataAsync : MethodStart
INFO  2023-05-29 14:28:43,915 ApiHelper::? - GetDataByIdAsync : MethodStart
INFO  2023-05-29 14:28:51,866 ApiHelper::? - GetDataByIdAsync : MethodFinish
INFO  2023-05-29 14:28:52,392 ApiHelper::? - GetDataByIdAsync : MethodStart
INFO  2023-05-29 14:28:52,759 ApiHelper::? - GetDataByIdAsync : MethodFinish
INFO  2023-05-29 14:29:24,650 ApiHelper::? - GetDataByIdAsync : MethodStart
INFO  2023-05-29 14:29:27,769 ApiHelper::? - GetDataByIdAsync : MethodFinish
INFO  2023-05-29 14:29:27,777 LoginUserService::? - Check_LoginUser_DataAsync : MethodStart
INFO  2023-05-29 14:29:27,779 ApiHelper::? - GetDataByModelAsync : MethodStart
INFO  2023-05-29 14:29:30,912 ApiHelper::? - GetDataByModelAsync : MethodFinish
INFO  2023-05-29 14:29:30,923 ApiHelper::? - GetDataListByModelAsync : MethodStart
INFO  2023-05-29 14:29:31,301 ApiHelper::? - GetDataListByModelAsync : MethodFinish
INFO  2023-05-29 14:29:31,309 LoginUserService::? - Check_LoginUser_DataAsync : MethodFinish
INFO  2023-05-29 14:29:31,385 ApiHelper::? - GetDataListByModelAsync : MethodStart
INFO  2023-05-29 14:29:34,312 ApiHelper::? - GetDataListByModelAsync : MethodFinish
INFO  2023-05-29 14:29:38,340 ApiHelper::? - GetDataListByModelAsync : MethodStart
INFO  2023-05-29 14:29:38,751 ApiHelper::? - GetDataListByModelAsync : MethodFinish
INFO  2023-05-29 14:29:38,755 ApiHelper::? - GetDataListByModelAsync : MethodStart
INFO  2023-05-29 14:29:41,648 ApiHelper::? - GetDataListByModelAsync : MethodFinish
INFO  2023-05-29 14:29:41,652 ApiHelper::? - GetDataListByModelAsync : MethodStart
INFO  2023-05-29 14:29:42,000 ApiHelper::? - GetDataListByModelAsync : MethodFinish
INFO  2023-05-29 14:29:42,002 ApiHelper::? - GetDataListByModelAsync : MethodStart
INFO  2023-05-29 14:29:42,240 ApiHelper::? - GetDataListByModelAsync : MethodFinish
INFO  2023-05-29 14:29:42,244 ApiHelper::? - GetDataListByModelAsync : MethodStart
INFO  2023-05-29 14:29:45,387 ApiHelper::? - GetDataListByModelAsync : MethodFinish
INFO  2023-05-29 14:30:13,982 ApiHelper::? - ExportDataAsync : MethodStart
INFO  2023-05-29 14:30:34,284 ApiHelper::? - ExportDataAsync : MethodFinish
INFO  2023-05-29 14:39:48,861 ApiHelper::? - GetDataByIdAsync : MethodStart
INFO  2023-05-29 14:39:59,945 ApiHelper::? - GetDataByIdAsync : MethodFinish
INFO  2023-05-29 14:40:00,421 ApiHelper::? - GetDataByIdAsync : MethodStart
INFO  2023-05-29 14:40:01,005 ApiHelper::? - GetDataByIdAsync : MethodFinish
INFO  2023-05-29 14:40:03,692 ApiHelper::? - GetDataByIdAsync : MethodStart
INFO  2023-05-29 14:40:08,222 ApiHelper::? - GetDataByIdAsync : MethodFinish
INFO  2023-05-29 14:40:08,232 LoginUserService::? - Check_LoginUser_DataAsync : MethodStart
INFO  2023-05-29 14:40:08,235 ApiHelper::? - GetDataByModelAsync : MethodStart
INFO  2023-05-29 14:40:12,414 ApiHelper::? - GetDataByModelAsync : MethodFinish
INFO  2023-05-29 14:40:12,427 ApiHelper::? - GetDataListByModelAsync : MethodStart
INFO  2023-05-29 14:40:12,780 ApiHelper::? - GetDataListByModelAsync : MethodFinish
INFO  2023-05-29 14:40:12,787 LoginUserService::? - Check_LoginUser_DataAsync : MethodFinish
INFO  2023-05-29 14:40:12,861 ApiHelper::? - GetDataListByModelAsync : MethodStart
INFO  2023-05-29 14:40:15,815 ApiHelper::? - GetDataListByModelAsync : MethodFinish
INFO  2023-05-29 14:40:20,386 ApiHelper::? - GetDataListByModelAsync : MethodStart
INFO  2023-05-29 14:40:20,897 ApiHelper::? - GetDataListByModelAsync : MethodFinish
INFO  2023-05-29 14:40:20,899 ApiHelper::? - GetDataListByModelAsync : MethodStart
INFO  2023-05-29 14:40:23,744 ApiHelper::? - GetDataListByModelAsync : MethodFinish
INFO  2023-05-29 14:40:23,749 ApiHelper::? - GetDataListByParamsAsync : MethodStart
INFO  2023-05-29 14:40:28,082 ApiHelper::? - GetDataListByParamsAsync : MethodFinish
INFO  2023-05-29 14:40:28,087 ApiHelper::? - GetDataListByModelAsync : MethodStart
INFO  2023-05-29 14:40:30,616 ApiHelper::? - GetDataListByModelAsync : MethodStart
INFO  2023-05-29 14:40:30,892 ApiHelper::? - GetDataListByModelAsync : MethodFinish
INFO  2023-05-29 14:40:30,895 ApiHelper::? - GetDataListByModelAsync : MethodStart
INFO  2023-05-29 14:40:31,436 ApiHelper::? - GetDataListByModelAsync : MethodFinish
INFO  2023-05-29 14:40:31,439 ApiHelper::? - GetDataListByModelAsync : MethodStart
INFO  2023-05-29 14:40:31,660 ApiHelper::? - GetDataListByModelAsync : MethodFinish
INFO  2023-05-29 14:40:31,661 ApiHelper::? - GetDataListByModelAsync : MethodStart
INFO  2023-05-29 14:40:31,884 ApiHelper::? - GetDataListByModelAsync : MethodFinish
INFO  2023-05-29 14:40:31,887 ApiHelper::? - GetDataListByModelAsync : MethodStart
INFO  2023-05-29 14:40:33,541 ApiHelper::? - GetDataListByModelAsync : MethodFinish
INFO  2023-05-29 14:40:35,209 ApiHelper::? - GetDataListByModelAsync : MethodFinish
INFO  2023-05-29 14:41:34,315 ApiHelper::? - GetDataListByModelAsync : MethodStart
INFO  2023-05-29 14:41:34,569 ApiHelper::? - GetDataListByModelAsync : MethodFinish
INFO  2023-05-29 14:41:34,569 ApiHelper::? - GetDataListByModelAsync : MethodStart
INFO  2023-05-29 14:41:34,846 ApiHelper::? - GetDataListByModelAsync : MethodFinish
INFO  2023-05-29 14:41:34,847 ApiHelper::? - GetDataListByModelAsync : MethodStart
INFO  2023-05-29 14:41:35,032 ApiHelper::? - GetDataListByModelAsync : MethodFinish
INFO  2023-05-29 14:41:35,033 ApiHelper::? - GetDataListByModelAsync : MethodStart
INFO  2023-05-29 14:41:35,214 ApiHelper::? - GetDataListByModelAsync : MethodFinish
INFO  2023-05-29 14:41:35,214 ApiHelper::? - GetDataListByModelAsync : MethodStart
INFO  2023-05-29 14:41:35,591 ApiHelper::? - GetDataListByModelAsync : MethodFinish
INFO  2023-05-29 14:41:38,756 ApiHelper::? - ExportDataAsync : MethodStart
INFO  2023-05-29 14:41:40,222 ApiHelper::? - ExportDataAsync : MethodFinish
INFO  2023-05-29 14:42:18,778 ApiHelper::? - ExportDataAsync : MethodStart
INFO  2023-05-29 14:42:19,604 ApiHelper::? - ExportDataAsync : MethodFinish
INFO  2023-05-29 14:43:10,921 ApiHelper::? - ExportDataAsync : MethodStart
INFO  2023-05-29 14:43:11,686 ApiHelper::? - ExportDataAsync : MethodFinish
INFO  2023-05-29 14:43:49,746 ApiHelper::? - ExportDataAsync : MethodStart
INFO  2023-05-29 14:43:50,591 ApiHelper::? - ExportDataAsync : MethodFinish
INFO  2023-05-29 15:15:03,515 ApiHelper::? - ExportDataAsync : MethodStart
INFO  2023-05-29 15:15:04,242 ApiHelper::? - ExportDataAsync : MethodFinish
INFO  2023-05-29 15:22:41,763 ApiHelper::? - GetDataByIdAsync : MethodStart
INFO  2023-05-29 15:22:48,457 ApiHelper::? - GetDataByIdAsync : MethodFinish
INFO  2023-05-29 15:22:48,847 ApiHelper::? - GetDataByIdAsync : MethodStart
INFO  2023-05-29 15:22:49,169 ApiHelper::? - GetDataByIdAsync : MethodFinish
INFO  2023-05-29 15:24:00,229 ApiHelper::? - GetDataByIdAsync : MethodStart
INFO  2023-05-29 15:24:03,217 ApiHelper::? - GetDataByIdAsync : MethodFinish
INFO  2023-05-29 15:24:03,223 LoginUserService::? - Check_LoginUser_DataAsync : MethodStart
INFO  2023-05-29 15:24:03,224 ApiHelper::? - GetDataByModelAsync : MethodStart
INFO  2023-05-29 15:24:06,543 ApiHelper::? - GetDataByModelAsync : MethodFinish
INFO  2023-05-29 15:24:06,552 ApiHelper::? - GetDataListByModelAsync : MethodStart
INFO  2023-05-29 15:24:06,965 ApiHelper::? - GetDataListByModelAsync : MethodFinish
INFO  2023-05-29 15:24:06,973 LoginUserService::? - Check_LoginUser_DataAsync : MethodFinish
INFO  2023-05-29 15:24:07,045 ApiHelper::? - GetDataListByModelAsync : MethodStart
INFO  2023-05-29 15:24:10,021 ApiHelper::? - GetDataListByModelAsync : MethodFinish
INFO  2023-05-29 15:24:17,570 ApiHelper::? - GetDataListByModelAsync : MethodStart
INFO  2023-05-29 15:24:18,067 ApiHelper::? - GetDataListByModelAsync : MethodFinish
INFO  2023-05-29 15:24:18,071 ApiHelper::? - GetDataListByModelAsync : MethodStart
INFO  2023-05-29 15:24:20,723 ApiHelper::? - GetDataListByModelAsync : MethodFinish
INFO  2023-05-29 15:24:20,725 ApiHelper::? - GetDataListByModelAsync : MethodStart
INFO  2023-05-29 15:24:21,125 ApiHelper::? - GetDataListByModelAsync : MethodFinish
INFO  2023-05-29 15:24:21,127 ApiHelper::? - GetDataListByModelAsync : MethodStart
INFO  2023-05-29 15:24:21,346 ApiHelper::? - GetDataListByModelAsync : MethodFinish
INFO  2023-05-29 15:24:21,349 ApiHelper::? - GetDataListByModelAsync : MethodStart
INFO  2023-05-29 15:24:24,812 ApiHelper::? - GetDataListByModelAsync : MethodFinish
INFO  2023-05-29 15:27:52,273 ApiHelper::? - GetDataByIdAsync : MethodStart
INFO  2023-05-29 15:28:06,350 ApiHelper::? - GetDataByIdAsync : MethodFinish
INFO  2023-05-29 15:28:06,737 ApiHelper::? - GetDataByIdAsync : MethodStart
INFO  2023-05-29 15:28:07,310 ApiHelper::? - GetDataByIdAsync : MethodFinish
INFO  2023-05-29 15:28:51,494 ApiHelper::? - GetDataByIdAsync : MethodStart
INFO  2023-05-29 15:28:54,671 ApiHelper::? - GetDataByIdAsync : MethodFinish
INFO  2023-05-29 15:28:54,679 LoginUserService::? - Check_LoginUser_DataAsync : MethodStart
INFO  2023-05-29 15:28:54,681 ApiHelper::? - GetDataByModelAsync : MethodStart
INFO  2023-05-29 15:28:58,431 ApiHelper::? - GetDataByModelAsync : MethodFinish
INFO  2023-05-29 15:28:58,442 ApiHelper::? - GetDataListByModelAsync : MethodStart
INFO  2023-05-29 15:28:58,934 ApiHelper::? - GetDataListByModelAsync : MethodFinish
INFO  2023-05-29 15:28:58,942 LoginUserService::? - Check_LoginUser_DataAsync : MethodFinish
INFO  2023-05-29 15:28:59,017 ApiHelper::? - GetDataListByModelAsync : MethodStart
INFO  2023-05-29 15:29:02,193 ApiHelper::? - GetDataListByModelAsync : MethodFinish
INFO  2023-05-29 15:29:05,380 ApiHelper::? - GetDataListByModelAsync : MethodStart
INFO  2023-05-29 15:29:05,816 ApiHelper::? - GetDataListByModelAsync : MethodFinish
INFO  2023-05-29 15:29:05,819 ApiHelper::? - GetDataListByModelAsync : MethodStart
INFO  2023-05-29 15:29:08,886 ApiHelper::? - GetDataListByModelAsync : MethodFinish
INFO  2023-05-29 15:29:08,889 ApiHelper::? - GetDataListByModelAsync : MethodStart
INFO  2023-05-29 15:29:09,313 ApiHelper::? - GetDataListByModelAsync : MethodFinish
INFO  2023-05-29 15:29:09,315 ApiHelper::? - GetDataListByModelAsync : MethodStart
INFO  2023-05-29 15:29:09,568 ApiHelper::? - GetDataListByModelAsync : MethodFinish
INFO  2023-05-29 15:29:09,573 ApiHelper::? - GetDataListByModelAsync : MethodStart
INFO  2023-05-29 15:29:12,853 ApiHelper::? - GetDataListByModelAsync : MethodFinish
INFO  2023-05-29 15:29:47,124 ApiHelper::? - GetDataListByModelAsync : MethodStart
INFO  2023-05-29 15:29:47,408 ApiHelper::? - GetDataListByModelAsync : MethodFinish
INFO  2023-05-29 15:32:48,015 ApiHelper::? - GetDataByIdAsync : MethodStart
INFO  2023-05-29 15:32:54,367 ApiHelper::? - GetDataByIdAsync : MethodFinish
INFO  2023-05-29 15:32:54,749 ApiHelper::? - GetDataByIdAsync : MethodStart
INFO  2023-05-29 15:32:55,031 ApiHelper::? - GetDataByIdAsync : MethodFinish
INFO  2023-05-29 15:32:57,134 ApiHelper::? - GetDataByIdAsync : MethodStart
INFO  2023-05-29 15:33:01,475 ApiHelper::? - GetDataByIdAsync : MethodFinish
INFO  2023-05-29 15:33:01,483 LoginUserService::? - Check_LoginUser_DataAsync : MethodStart
INFO  2023-05-29 15:33:01,485 ApiHelper::? - GetDataByModelAsync : MethodStart
INFO  2023-05-29 15:33:05,920 ApiHelper::? - GetDataByModelAsync : MethodFinish
INFO  2023-05-29 15:33:05,938 ApiHelper::? - GetDataListByModelAsync : MethodStart
INFO  2023-05-29 15:33:06,395 ApiHelper::? - GetDataListByModelAsync : MethodFinish
INFO  2023-05-29 15:33:06,405 LoginUserService::? - Check_LoginUser_DataAsync : MethodFinish
INFO  2023-05-29 15:33:06,509 ApiHelper::? - GetDataListByModelAsync : MethodStart
INFO  2023-05-29 15:33:10,014 ApiHelper::? - GetDataListByModelAsync : MethodFinish
INFO  2023-05-29 15:33:14,150 ApiHelper::? - GetDataListByModelAsync : MethodStart
INFO  2023-05-29 15:33:17,898 ApiHelper::? - GetDataListByModelAsync : MethodFinish
INFO  2023-05-29 15:33:17,903 ApiHelper::? - GetDataListByModelAsync : MethodStart
INFO  2023-05-29 15:33:21,125 ApiHelper::? - GetDataListByModelAsync : MethodFinish
INFO  2023-05-29 15:33:21,129 ApiHelper::? - GetDataListByModelAsync : MethodStart
INFO  2023-05-29 15:33:21,846 ApiHelper::? - GetDataListByModelAsync : MethodFinish
INFO  2023-05-29 15:33:21,848 ApiHelper::? - GetDataListByModelAsync : MethodStart
INFO  2023-05-29 15:33:22,066 ApiHelper::? - GetDataListByModelAsync : MethodFinish
INFO  2023-05-29 15:33:22,069 ApiHelper::? - GetDataListByModelAsync : MethodStart
INFO  2023-05-29 15:33:25,069 ApiHelper::? - GetDataListByModelAsync : MethodFinish
INFO  2023-05-29 15:33:40,673 ApiHelper::? - GetDataListByModelAsync : MethodStart
INFO  2023-05-29 15:33:41,209 ApiHelper::? - GetDataListByModelAsync : MethodFinish
INFO  2023-05-29 15:33:41,210 ApiHelper::? - GetDataListByModelAsync : MethodStart
INFO  2023-05-29 15:33:41,694 ApiHelper::? - GetDataListByModelAsync : MethodFinish
INFO  2023-05-29 15:33:41,695 ApiHelper::? - GetDataListByModelAsync : MethodStart
INFO  2023-05-29 15:33:41,866 ApiHelper::? - GetDataListByModelAsync : MethodFinish
INFO  2023-05-29 15:33:41,867 ApiHelper::? - GetDataListByModelAsync : MethodStart
INFO  2023-05-29 15:33:42,031 ApiHelper::? - GetDataListByModelAsync : MethodFinish
INFO  2023-05-29 15:33:42,031 ApiHelper::? - GetDataListByModelAsync : MethodStart
INFO  2023-05-29 15:33:42,414 ApiHelper::? - GetDataListByModelAsync : MethodFinish
INFO  2023-05-29 15:34:32,779 ApiHelper::? - GetDataByIdAsync : MethodStart
INFO  2023-05-29 15:34:39,320 ApiHelper::? - GetDataByIdAsync : MethodFinish
INFO  2023-05-29 15:34:39,726 ApiHelper::? - GetDataByIdAsync : MethodStart
INFO  2023-05-29 15:34:40,003 ApiHelper::? - GetDataByIdAsync : MethodFinish
INFO  2023-05-29 15:34:41,141 ApiHelper::? - GetDataByIdAsync : MethodStart
INFO  2023-05-29 15:34:45,633 ApiHelper::? - GetDataByIdAsync : MethodFinish
INFO  2023-05-29 15:34:45,642 LoginUserService::? - Check_LoginUser_DataAsync : MethodStart
INFO  2023-05-29 15:34:45,644 ApiHelper::? - GetDataByModelAsync : MethodStart
INFO  2023-05-29 15:34:50,473 ApiHelper::? - GetDataByModelAsync : MethodFinish
INFO  2023-05-29 15:34:50,492 ApiHelper::? - GetDataListByModelAsync : MethodStart
INFO  2023-05-29 15:34:50,966 ApiHelper::? - GetDataListByModelAsync : MethodFinish
INFO  2023-05-29 15:34:50,977 LoginUserService::? - Check_LoginUser_DataAsync : MethodFinish
INFO  2023-05-29 15:34:51,072 ApiHelper::? - GetDataListByModelAsync : MethodStart
INFO  2023-05-29 15:34:55,010 ApiHelper::? - GetDataListByModelAsync : MethodFinish
INFO  2023-05-29 15:34:59,682 ApiHelper::? - GetDataListByModelAsync : MethodStart
INFO  2023-05-29 15:35:00,132 ApiHelper::? - GetDataListByModelAsync : MethodFinish
INFO  2023-05-29 15:35:00,135 ApiHelper::? - GetDataListByModelAsync : MethodStart
INFO  2023-05-29 15:35:03,512 ApiHelper::? - GetDataListByModelAsync : MethodFinish
INFO  2023-05-29 15:35:03,515 ApiHelper::? - GetDataListByModelAsync : MethodStart
INFO  2023-05-29 15:35:03,884 ApiHelper::? - GetDataListByModelAsync : MethodFinish
INFO  2023-05-29 15:35:03,886 ApiHelper::? - GetDataListByModelAsync : MethodStart
INFO  2023-05-29 15:35:04,110 ApiHelper::? - GetDataListByModelAsync : MethodFinish
INFO  2023-05-29 15:35:04,114 ApiHelper::? - GetDataListByModelAsync : MethodStart
INFO  2023-05-29 15:35:07,373 ApiHelper::? - GetDataListByModelAsync : MethodFinish
INFO  2023-05-29 15:39:29,903 ApiHelper::? - GetDataByIdAsync : MethodStart
INFO  2023-05-29 15:39:35,397 ApiHelper::? - GetDataByIdAsync : MethodFinish
INFO  2023-05-29 15:39:35,771 ApiHelper::? - GetDataByIdAsync : MethodStart
INFO  2023-05-29 15:39:36,052 ApiHelper::? - GetDataByIdAsync : MethodFinish
INFO  2023-05-29 15:39:49,850 ApiHelper::? - GetDataByIdAsync : MethodStart
INFO  2023-05-29 15:39:52,834 ApiHelper::? - GetDataByIdAsync : MethodFinish
INFO  2023-05-29 15:39:52,842 LoginUserService::? - Check_LoginUser_DataAsync : MethodStart
INFO  2023-05-29 15:39:52,844 ApiHelper::? - GetDataByModelAsync : MethodStart
INFO  2023-05-29 15:39:56,302 ApiHelper::? - GetDataByModelAsync : MethodFinish
INFO  2023-05-29 15:39:56,317 ApiHelper::? - GetDataListByModelAsync : MethodStart
INFO  2023-05-29 15:39:56,662 ApiHelper::? - GetDataListByModelAsync : MethodFinish
INFO  2023-05-29 15:39:56,671 LoginUserService::? - Check_LoginUser_DataAsync : MethodFinish
INFO  2023-05-29 15:39:56,750 ApiHelper::? - GetDataListByModelAsync : MethodStart
INFO  2023-05-29 15:39:59,676 ApiHelper::? - GetDataListByModelAsync : MethodFinish
INFO  2023-05-29 15:40:03,698 ApiHelper::? - GetDataListByModelAsync : MethodStart
INFO  2023-05-29 15:40:04,313 ApiHelper::? - GetDataListByModelAsync : MethodFinish
INFO  2023-05-29 15:40:04,316 ApiHelper::? - GetDataListByModelAsync : MethodStart
INFO  2023-05-29 15:40:07,010 ApiHelper::? - GetDataListByModelAsync : MethodFinish
INFO  2023-05-29 15:40:07,013 ApiHelper::? - GetDataListByModelAsync : MethodStart
INFO  2023-05-29 15:40:08,572 ApiHelper::? - GetDataListByModelAsync : MethodFinish
INFO  2023-05-29 15:40:08,574 ApiHelper::? - GetDataListByModelAsync : MethodStart
INFO  2023-05-29 15:40:08,791 ApiHelper::? - GetDataListByModelAsync : MethodFinish
INFO  2023-05-29 15:40:08,794 ApiHelper::? - GetDataListByModelAsync : MethodStart
INFO  2023-05-29 15:40:11,781 ApiHelper::? - GetDataListByModelAsync : MethodFinish
INFO  2023-05-29 15:42:17,222 ApiHelper::? - GetDataByIdAsync : MethodStart
INFO  2023-05-29 15:42:23,754 ApiHelper::? - GetDataByIdAsync : MethodFinish
INFO  2023-05-29 15:42:24,098 ApiHelper::? - GetDataByIdAsync : MethodStart
INFO  2023-05-29 15:42:24,333 ApiHelper::? - GetDataByIdAsync : MethodFinish
INFO  2023-05-29 15:42:25,179 ApiHelper::? - GetDataByIdAsync : MethodStart
INFO  2023-05-29 15:42:29,968 ApiHelper::? - GetDataByIdAsync : MethodFinish
INFO  2023-05-29 15:42:29,976 LoginUserService::? - Check_LoginUser_DataAsync : MethodStart
INFO  2023-05-29 15:42:29,978 ApiHelper::? - GetDataByModelAsync : MethodStart
INFO  2023-05-29 15:42:34,084 ApiHelper::? - GetDataByModelAsync : MethodFinish
INFO  2023-05-29 15:42:34,099 ApiHelper::? - GetDataListByModelAsync : MethodStart
INFO  2023-05-29 15:42:34,527 ApiHelper::? - GetDataListByModelAsync : MethodFinish
INFO  2023-05-29 15:42:34,538 LoginUserService::? - Check_LoginUser_DataAsync : MethodFinish
INFO  2023-05-29 15:42:34,642 ApiHelper::? - GetDataListByModelAsync : MethodStart
INFO  2023-05-29 15:42:38,222 ApiHelper::? - GetDataListByModelAsync : MethodFinish
INFO  2023-05-29 15:42:41,297 ApiHelper::? - GetDataListByModelAsync : MethodStart
INFO  2023-05-29 15:42:41,750 ApiHelper::? - GetDataListByModelAsync : MethodFinish
INFO  2023-05-29 15:42:41,754 ApiHelper::? - GetDataListByModelAsync : MethodStart
INFO  2023-05-29 15:42:44,634 ApiHelper::? - GetDataListByModelAsync : MethodFinish
INFO  2023-05-29 15:42:44,637 ApiHelper::? - GetDataListByModelAsync : MethodStart
INFO  2023-05-29 15:42:45,041 ApiHelper::? - GetDataListByModelAsync : MethodFinish
INFO  2023-05-29 15:42:45,044 ApiHelper::? - GetDataListByModelAsync : MethodStart
INFO  2023-05-29 15:42:45,250 ApiHelper::? - GetDataListByModelAsync : MethodFinish
INFO  2023-05-29 15:42:45,252 ApiHelper::? - GetDataListByModelAsync : MethodStart
INFO  2023-05-29 15:42:48,292 ApiHelper::? - GetDataListByModelAsync : MethodFinish
INFO  2023-05-29 15:45:28,408 ApiHelper::? - GetDataByIdAsync : MethodStart
INFO  2023-05-29 15:45:35,371 ApiHelper::? - GetDataByIdAsync : MethodFinish
INFO  2023-05-29 15:45:35,711 ApiHelper::? - GetDataByIdAsync : MethodStart
INFO  2023-05-29 15:45:36,074 ApiHelper::? - GetDataByIdAsync : MethodFinish
INFO  2023-05-29 15:45:45,871 ApiHelper::? - GetDataByIdAsync : MethodStart
INFO  2023-05-29 15:45:49,894 ApiHelper::? - GetDataByIdAsync : MethodFinish
INFO  2023-05-29 15:45:49,905 LoginUserService::? - Check_LoginUser_DataAsync : MethodStart
INFO  2023-05-29 15:45:49,907 ApiHelper::? - GetDataByModelAsync : MethodStart
INFO  2023-05-29 15:45:54,066 ApiHelper::? - GetDataByModelAsync : MethodFinish
INFO  2023-05-29 15:45:54,077 ApiHelper::? - GetDataListByModelAsync : MethodStart
INFO  2023-05-29 15:45:54,460 ApiHelper::? - GetDataListByModelAsync : MethodFinish
INFO  2023-05-29 15:45:54,467 LoginUserService::? - Check_LoginUser_DataAsync : MethodFinish
INFO  2023-05-29 15:45:54,531 ApiHelper::? - GetDataListByModelAsync : MethodStart
INFO  2023-05-29 15:45:57,748 ApiHelper::? - GetDataListByModelAsync : MethodFinish
INFO  2023-05-29 15:46:01,439 ApiHelper::? - GetDataListByModelAsync : MethodStart
INFO  2023-05-29 15:46:01,881 ApiHelper::? - GetDataListByModelAsync : MethodFinish
INFO  2023-05-29 15:46:01,884 ApiHelper::? - GetDataListByModelAsync : MethodStart
INFO  2023-05-29 15:46:05,102 ApiHelper::? - GetDataListByModelAsync : MethodFinish
INFO  2023-05-29 15:46:05,105 ApiHelper::? - GetDataListByModelAsync : MethodStart
INFO  2023-05-29 15:46:05,474 ApiHelper::? - GetDataListByModelAsync : MethodFinish
INFO  2023-05-29 15:46:05,476 ApiHelper::? - GetDataListByModelAsync : MethodStart
INFO  2023-05-29 15:46:05,717 ApiHelper::? - GetDataListByModelAsync : MethodFinish
INFO  2023-05-29 15:46:05,720 ApiHelper::? - GetDataListByModelAsync : MethodStart
INFO  2023-05-29 15:46:08,758 ApiHelper::? - GetDataListByModelAsync : MethodFinish
INFO  2023-05-29 15:51:13,163 ApiHelper::? - GetDataByIdAsync : MethodStart
INFO  2023-05-29 15:51:19,965 ApiHelper::? - GetDataByIdAsync : MethodFinish
INFO  2023-05-29 15:51:20,404 ApiHelper::? - GetDataByIdAsync : MethodStart
INFO  2023-05-29 15:51:20,672 ApiHelper::? - GetDataByIdAsync : MethodFinish
INFO  2023-05-29 15:51:36,118 ApiHelper::? - GetDataByIdAsync : MethodStart
INFO  2023-05-29 15:51:39,400 ApiHelper::? - GetDataByIdAsync : MethodFinish
INFO  2023-05-29 15:51:39,407 LoginUserService::? - Check_LoginUser_DataAsync : MethodStart
INFO  2023-05-29 15:51:39,410 ApiHelper::? - GetDataByModelAsync : MethodStart
INFO  2023-05-29 15:51:43,023 ApiHelper::? - GetDataByModelAsync : MethodFinish
INFO  2023-05-29 15:51:43,033 ApiHelper::? - GetDataListByModelAsync : MethodStart
INFO  2023-05-29 15:51:43,353 ApiHelper::? - GetDataListByModelAsync : MethodFinish
INFO  2023-05-29 15:51:43,360 LoginUserService::? - Check_LoginUser_DataAsync : MethodFinish
INFO  2023-05-29 15:51:43,439 ApiHelper::? - GetDataListByModelAsync : MethodStart
INFO  2023-05-29 15:51:47,235 ApiHelper::? - GetDataListByModelAsync : MethodFinish
INFO  2023-05-29 15:51:49,834 ApiHelper::? - GetDataListByModelAsync : MethodStart
INFO  2023-05-29 15:51:50,215 ApiHelper::? - GetDataListByModelAsync : MethodFinish
INFO  2023-05-29 15:51:50,219 ApiHelper::? - GetDataListByModelAsync : MethodStart
INFO  2023-05-29 15:51:53,376 ApiHelper::? - GetDataListByModelAsync : MethodFinish
INFO  2023-05-29 15:51:53,379 ApiHelper::? - GetDataListByModelAsync : MethodStart
INFO  2023-05-29 15:51:53,744 ApiHelper::? - GetDataListByModelAsync : MethodFinish
INFO  2023-05-29 15:51:53,746 ApiHelper::? - GetDataListByModelAsync : MethodStart
INFO  2023-05-29 15:51:53,990 ApiHelper::? - GetDataListByModelAsync : MethodFinish
INFO  2023-05-29 15:51:53,994 ApiHelper::? - GetDataListByModelAsync : MethodStart
INFO  2023-05-29 15:51:57,273 ApiHelper::? - GetDataListByModelAsync : MethodFinish
INFO  2023-05-29 15:52:49,881 ApiHelper::? - GetDataByIdAsync : MethodStart
INFO  2023-05-29 15:52:56,318 ApiHelper::? - GetDataByIdAsync : MethodFinish
INFO  2023-05-29 15:52:56,765 ApiHelper::? - GetDataByIdAsync : MethodStart
INFO  2023-05-29 15:52:57,049 ApiHelper::? - GetDataByIdAsync : MethodFinish
INFO  2023-05-29 15:53:32,759 ApiHelper::? - GetDataByIdAsync : MethodStart
INFO  2023-05-29 15:53:35,805 ApiHelper::? - GetDataByIdAsync : MethodFinish
INFO  2023-05-29 15:53:35,814 LoginUserService::? - Check_LoginUser_DataAsync : MethodStart
INFO  2023-05-29 15:53:35,816 ApiHelper::? - GetDataByModelAsync : MethodStart
INFO  2023-05-29 15:53:39,138 ApiHelper::? - GetDataByModelAsync : MethodFinish
INFO  2023-05-29 15:53:39,151 ApiHelper::? - GetDataListByModelAsync : MethodStart
INFO  2023-05-29 15:53:39,505 ApiHelper::? - GetDataListByModelAsync : MethodFinish
INFO  2023-05-29 15:53:39,513 LoginUserService::? - Check_LoginUser_DataAsync : MethodFinish
INFO  2023-05-29 15:53:39,589 ApiHelper::? - GetDataListByModelAsync : MethodStart
INFO  2023-05-29 15:53:42,562 ApiHelper::? - GetDataListByModelAsync : MethodFinish
INFO  2023-05-29 15:53:46,982 ApiHelper::? - GetDataListByModelAsync : MethodStart
INFO  2023-05-29 15:53:47,431 ApiHelper::? - GetDataListByModelAsync : MethodFinish
INFO  2023-05-29 15:53:47,434 ApiHelper::? - GetDataListByModelAsync : MethodStart
INFO  2023-05-29 15:53:50,230 ApiHelper::? - GetDataListByModelAsync : MethodFinish
INFO  2023-05-29 15:53:50,234 ApiHelper::? - GetDataListByModelAsync : MethodStart
INFO  2023-05-29 15:53:50,578 ApiHelper::? - GetDataListByModelAsync : MethodFinish
INFO  2023-05-29 15:53:50,579 ApiHelper::? - GetDataListByModelAsync : MethodStart
INFO  2023-05-29 15:53:50,769 ApiHelper::? - GetDataListByModelAsync : MethodFinish
INFO  2023-05-29 15:53:50,772 ApiHelper::? - GetDataListByModelAsync : MethodStart
INFO  2023-05-29 15:53:54,043 ApiHelper::? - GetDataListByModelAsync : MethodFinish
INFO  2023-05-29 16:06:37,376 ApiHelper::? - GetDataByIdAsync : MethodStart
INFO  2023-05-29 16:06:43,701 ApiHelper::? - GetDataByIdAsync : MethodFinish
INFO  2023-05-29 16:06:44,085 ApiHelper::? - GetDataByIdAsync : MethodStart
INFO  2023-05-29 16:06:44,426 ApiHelper::? - GetDataByIdAsync : MethodFinish
INFO  2023-05-29 16:06:45,437 ApiHelper::? - GetDataByIdAsync : MethodStart
INFO  2023-05-29 16:06:50,872 ApiHelper::? - GetDataByIdAsync : MethodFinish
INFO  2023-05-29 16:06:50,881 LoginUserService::? - Check_LoginUser_DataAsync : MethodStart
INFO  2023-05-29 16:06:50,884 ApiHelper::? - GetDataByModelAsync : MethodStart
INFO  2023-05-29 16:06:55,097 ApiHelper::? - GetDataByModelAsync : MethodFinish
INFO  2023-05-29 16:06:55,111 ApiHelper::? - GetDataListByModelAsync : MethodStart
INFO  2023-05-29 16:06:55,511 ApiHelper::? - GetDataListByModelAsync : MethodFinish
INFO  2023-05-29 16:06:55,519 LoginUserService::? - Check_LoginUser_DataAsync : MethodFinish
INFO  2023-05-29 16:06:55,588 ApiHelper::? - GetDataListByModelAsync : MethodStart
INFO  2023-05-29 16:06:58,434 ApiHelper::? - GetDataListByModelAsync : MethodFinish
INFO  2023-05-29 16:07:03,404 ApiHelper::? - GetDataListByModelAsync : MethodStart
INFO  2023-05-29 16:07:03,953 ApiHelper::? - GetDataListByModelAsync : MethodFinish
INFO  2023-05-29 16:07:03,956 ApiHelper::? - GetDataListByModelAsync : MethodStart
INFO  2023-05-29 16:07:06,920 ApiHelper::? - GetDataListByModelAsync : MethodFinish
INFO  2023-05-29 16:07:06,923 ApiHelper::? - GetDataListByModelAsync : MethodStart
INFO  2023-05-29 16:07:07,342 ApiHelper::? - GetDataListByModelAsync : MethodFinish
INFO  2023-05-29 16:07:07,344 ApiHelper::? - GetDataListByModelAsync : MethodStart
INFO  2023-05-29 16:07:07,643 ApiHelper::? - GetDataListByModelAsync : MethodFinish
INFO  2023-05-29 16:07:07,646 ApiHelper::? - GetDataListByModelAsync : MethodStart
INFO  2023-05-29 16:07:09,317 ApiHelper::? - GetDataListByModelAsync : MethodStart
INFO  2023-05-29 16:07:09,618 ApiHelper::? - GetDataListByModelAsync : MethodFinish
INFO  2023-05-29 16:07:09,618 ApiHelper::? - GetDataListByModelAsync : MethodStart
INFO  2023-05-29 16:07:09,831 ApiHelper::? - GetDataListByModelAsync : MethodFinish
INFO  2023-05-29 16:07:09,832 ApiHelper::? - GetDataListByModelAsync : MethodStart
INFO  2023-05-29 16:07:10,023 ApiHelper::? - GetDataListByModelAsync : MethodFinish
INFO  2023-05-29 16:07:10,023 ApiHelper::? - GetDataListByModelAsync : MethodStart
INFO  2023-05-29 16:07:10,238 ApiHelper::? - GetDataListByModelAsync : MethodFinish
INFO  2023-05-29 16:07:10,238 ApiHelper::? - GetDataListByModelAsync : MethodStart
INFO  2023-05-29 16:07:11,258 ApiHelper::? - GetDataListByModelAsync : MethodFinish
INFO  2023-05-29 16:07:11,261 ApiHelper::? - GetDataListByModelAsync : MethodFinish
INFO  2023-05-29 16:07:32,533 ApiHelper::? - GetDataByModelAsync : MethodStart
INFO  2023-05-29 16:07:36,517 ApiHelper::? - GetDataByModelAsync : MethodFinish
INFO  2023-05-29 16:07:36,522 ApiHelper::? - GetDataByModelAsync : MethodStart
INFO  2023-05-29 16:07:41,172 ApiHelper::? - GetDataByModelAsync : MethodFinish
INFO  2023-05-29 16:09:54,172 ApiHelper::? - GetDataByModelAsync : MethodStart
INFO  2023-05-29 16:09:54,565 ApiHelper::? - GetDataByModelAsync : MethodFinish
INFO  2023-05-29 16:09:54,565 ApiHelper::? - GetDataByModelAsync : MethodStart
INFO  2023-05-29 16:09:55,122 ApiHelper::? - GetDataByModelAsync : MethodFinish
INFO  2023-05-29 16:09:55,124 ApiHelper::? - GetDataListByModelAsync : MethodStart
INFO  2023-05-29 16:09:55,388 ApiHelper::? - GetDataListByModelAsync : MethodFinish
INFO  2023-05-29 16:09:55,649 ApiHelper::? - GetDataListByModelAsync : MethodStart
INFO  2023-05-29 16:09:56,158 ApiHelper::? - GetDataListByModelAsync : MethodFinish
INFO  2023-05-29 16:09:57,579 ApiHelper::? - PostDataAsync : MethodStart
INFO  2023-05-29 16:09:57,983 ApiHelper::? - PostDataAsync : MethodFinish
INFO  2023-05-29 16:09:57,984 ApiHelper::? - GetDataListByModelAsync : MethodStart
INFO  2023-05-29 16:09:58,200 ApiHelper::? - GetDataListByModelAsync : MethodFinish
INFO  2023-05-29 17:09:40,625 ApiHelper::? - GetDataByIdAsync : MethodStart
INFO  2023-05-29 17:09:47,390 ApiHelper::? - GetDataByIdAsync : MethodFinish
INFO  2023-05-29 17:09:47,756 ApiHelper::? - GetDataByIdAsync : MethodStart
INFO  2023-05-29 17:09:48,355 ApiHelper::? - GetDataByIdAsync : MethodFinish
INFO  2023-05-29 17:10:04,973 ApiHelper::? - GetDataByIdAsync : MethodStart
INFO  2023-05-29 17:10:08,809 ApiHelper::? - GetDataByIdAsync : MethodFinish
INFO  2023-05-29 17:10:08,815 LoginUserService::? - Check_LoginUser_DataAsync : MethodStart
INFO  2023-05-29 17:10:08,817 ApiHelper::? - GetDataByModelAsync : MethodStart
INFO  2023-05-29 17:10:12,289 ApiHelper::? - GetDataByModelAsync : MethodFinish
INFO  2023-05-29 17:10:12,300 ApiHelper::? - GetDataListByModelAsync : MethodStart
INFO  2023-05-29 17:10:12,665 ApiHelper::? - GetDataListByModelAsync : MethodFinish
INFO  2023-05-29 17:10:12,674 LoginUserService::? - Check_LoginUser_DataAsync : MethodFinish
INFO  2023-05-29 17:10:12,751 ApiHelper::? - GetDataListByModelAsync : MethodStart
INFO  2023-05-29 17:10:15,979 ApiHelper::? - GetDataListByModelAsync : MethodFinish
INFO  2023-05-29 17:10:17,277 ApiHelper::? - GetDataListByModelAsync : MethodStart
INFO  2023-05-29 17:10:17,675 ApiHelper::? - GetDataListByModelAsync : MethodFinish
INFO  2023-05-29 17:10:17,678 ApiHelper::? - GetDataListByModelAsync : MethodStart
INFO  2023-05-29 17:10:20,641 ApiHelper::? - GetDataListByModelAsync : MethodFinish
INFO  2023-05-29 17:10:20,646 ApiHelper::? - GetDataListByParamsAsync : MethodStart
INFO  2023-05-29 17:10:23,775 ApiHelper::? - GetDataListByParamsAsync : MethodFinish
INFO  2023-05-29 17:10:23,779 ApiHelper::? - GetDataListByModelAsync : MethodStart
INFO  2023-05-29 17:10:27,798 ApiHelper::? - GetDataListByModelAsync : MethodFinish
INFO  2023-05-29 17:50:13,359 ApiHelper::? - GetDataByIdAsync : MethodStart
INFO  2023-05-29 17:50:23,910 ApiHelper::? - GetDataByIdAsync : MethodFinish
INFO  2023-05-29 17:50:24,320 ApiHelper::? - GetDataByIdAsync : MethodStart
INFO  2023-05-29 17:50:24,636 ApiHelper::? - GetDataByIdAsync : MethodFinish
INFO  2023-05-29 17:50:35,716 ApiHelper::? - GetDataByIdAsync : MethodStart
INFO  2023-05-29 17:50:39,956 ApiHelper::? - GetDataByIdAsync : MethodFinish
INFO  2023-05-29 17:50:39,962 LoginUserService::? - Check_LoginUser_DataAsync : MethodStart
INFO  2023-05-29 17:50:39,964 ApiHelper::? - GetDataByModelAsync : MethodStart
INFO  2023-05-29 17:50:43,501 ApiHelper::? - GetDataByModelAsync : MethodFinish
INFO  2023-05-29 17:50:43,514 ApiHelper::? - GetDataListByModelAsync : MethodStart
INFO  2023-05-29 17:50:43,883 ApiHelper::? - GetDataListByModelAsync : MethodFinish
INFO  2023-05-29 17:50:43,891 LoginUserService::? - Check_LoginUser_DataAsync : MethodFinish
INFO  2023-05-29 17:50:44,002 ApiHelper::? - GetDataListByModelAsync : MethodStart
INFO  2023-05-29 17:50:47,237 ApiHelper::? - GetDataListByModelAsync : MethodFinish
INFO  2023-05-29 17:50:48,565 ApiHelper::? - GetDataListByModelAsync : MethodStart
INFO  2023-05-29 17:50:48,997 ApiHelper::? - GetDataListByModelAsync : MethodFinish
INFO  2023-05-29 17:50:49,001 ApiHelper::? - GetDataListByModelAsync : MethodStart
INFO  2023-05-29 17:50:52,237 ApiHelper::? - GetDataListByModelAsync : MethodFinish
INFO  2023-05-29 17:50:52,241 ApiHelper::? - GetDataListByModelAsync : MethodStart
INFO  2023-05-29 17:50:52,742 ApiHelper::? - GetDataListByModelAsync : MethodFinish
INFO  2023-05-29 17:50:52,744 ApiHelper::? - GetDataListByModelAsync : MethodStart
INFO  2023-05-29 17:50:52,966 ApiHelper::? - GetDataListByModelAsync : MethodFinish
INFO  2023-05-29 17:50:52,969 ApiHelper::? - GetDataListByModelAsync : MethodStart
INFO  2023-05-29 17:50:56,295 ApiHelper::? - GetDataListByModelAsync : MethodFinish
INFO  2023-05-29 17:51:33,946 ApiHelper::? - ExportDataAsync : MethodStart
INFO  2023-05-29 17:51:35,992 ApiHelper::? - ExportDataAsync : MethodFinish
INFO  2023-05-29 17:56:51,837 ApiHelper::? - GetDataByIdAsync : MethodStart
INFO  2023-05-29 17:57:00,304 ApiHelper::? - GetDataByIdAsync : MethodFinish
INFO  2023-05-29 17:57:00,609 ApiHelper::? - GetDataByIdAsync : MethodStart
INFO  2023-05-29 17:57:00,953 ApiHelper::? - GetDataByIdAsync : MethodFinish
INFO  2023-05-29 19:50:04,667 ApiHelper::? - GetDataByIdAsync : MethodStart
INFO  2023-05-29 19:50:07,993 ApiHelper::? - GetDataByIdAsync : MethodFinish
INFO  2023-05-29 19:50:08,001 LoginUserService::? - Check_LoginUser_DataAsync : MethodStart
INFO  2023-05-29 19:50:08,003 ApiHelper::? - GetDataByModelAsync : MethodStart
INFO  2023-05-29 19:50:11,901 ApiHelper::? - GetDataByModelAsync : MethodFinish
INFO  2023-05-29 19:50:11,911 ApiHelper::? - GetDataListByModelAsync : MethodStart
INFO  2023-05-29 19:50:12,700 ApiHelper::? - GetDataListByModelAsync : MethodFinish
INFO  2023-05-29 19:50:12,708 LoginUserService::? - Check_LoginUser_DataAsync : MethodFinish
INFO  2023-05-29 19:50:12,783 ApiHelper::? - GetDataListByModelAsync : MethodStart
INFO  2023-05-29 19:50:16,756 ApiHelper::? - GetDataListByModelAsync : MethodFinish
INFO  2023-05-29 19:50:36,148 ApiHelper::? - GetDataListByModelAsync : MethodStart
INFO  2023-05-29 19:50:36,641 ApiHelper::? - GetDataListByModelAsync : MethodFinish
INFO  2023-05-29 19:50:36,645 ApiHelper::? - GetDataListByModelAsync : MethodStart
INFO  2023-05-29 19:50:39,650 ApiHelper::? - GetDataListByModelAsync : MethodFinish
INFO  2023-05-29 19:50:39,655 ApiHelper::? - GetDataListByModelAsync : MethodStart
INFO  2023-05-29 19:50:40,184 ApiHelper::? - GetDataListByModelAsync : MethodFinish
INFO  2023-05-29 19:50:40,186 ApiHelper::? - GetDataListByModelAsync : MethodStart
INFO  2023-05-29 19:50:40,449 ApiHelper::? - GetDataListByModelAsync : MethodFinish
INFO  2023-05-29 19:50:40,459 ApiHelper::? - GetDataListByModelAsync : MethodStart
INFO  2023-05-29 19:50:43,661 ApiHelper::? - GetDataListByModelAsync : MethodFinish
INFO  2023-05-29 19:50:53,198 ApiHelper::? - ExportDataBarcodeAsync : MethodStart
INFO  2023-05-29 19:50:55,412 ApiHelper::? - ExportDataBarcodeAsync : MethodFinish
INFO  2023-05-29 19:50:58,405 LabFileUploadService::? - OK
INFO  2023-05-29 19:51:05,635 LabFileUploadService::? - OK
