INFO  2022-02-05 14:07:50,865 AntibiotrendService::? - GetAntibioticNames : MethodStart
INFO  2022-02-05 14:07:52,280 AntibiotrendService::? - GetAntibioticNames : MethodFinish
INFO  2022-02-05 14:10:15,911 AntibiotrendService::? - GetAMRByOverallByHospWithModel : MethodStart
INFO  2022-02-05 14:10:16,254 AntibiotrendService::? - GetAMRByOverallByHospWithModel : MethodFinish
INFO  2022-02-05 14:13:44,884 AntibiotrendService::? - GetAntibiotrendAMRStrategyWithModel : MethodStart
INFO  2022-02-05 14:13:45,217 AntibiotrendService::? - GetAntibiotrendAMRStrategyWithModel : MethodFinish
INFO  2022-02-05 14:13:51,099 AntibiotrendService::? - GetAntibiotrendAMRStrategyWithModel : MethodStart
INFO  2022-02-05 14:13:51,206 AntibiotrendService::? - GetAntibiotrendAMRStrategyWithModel : MethodFinish
INFO  2022-02-05 14:13:54,376 AntibiotrendService::? - GetAntibiotrendAMRStrategyWithModel : MethodStart
INFO  2022-02-05 14:13:54,768 AntibiotrendService::? - GetAntibiotrendAMRStrategyWithModel : MethodFinish
INFO  2022-02-05 14:29:14,384 AntibiotrendService::? - GetAntibiotrendAMRStrategyWithModel : MethodStart
INFO  2022-02-05 14:30:28,946 AntibiotrendService::? - GetAntibiotrendAMRStrategyWithModel : MethodFinish
INFO  2022-02-05 17:27:01,993 AntibiotrendService::? - GetAntibiotrendAMRStrategyWithModel : MethodStart
INFO  2022-02-05 17:27:03,222 AntibiotrendService::? - GetAntibiotrendAMRStrategyWithModel : MethodFinish
INFO  2022-02-05 17:28:14,299 AntibiotrendService::? - GetAntibiotrendAMRStrategyWithModel : MethodStart
INFO  2022-02-05 17:28:14,428 AntibiotrendService::? - GetAntibiotrendAMRStrategyWithModel : MethodFinish
INFO  2022-02-05 17:28:23,370 AntibiotrendService::? - GetAntibiotrendAMRStrategyWithModel : MethodStart
INFO  2022-02-05 17:28:23,522 AntibiotrendService::? - GetAntibiotrendAMRStrategyWithModel : MethodFinish
INFO  2022-02-05 17:31:48,384 AntibiotrendService::? - GetAntibiotrendAMRStrategyWithModel : MethodStart
INFO  2022-02-05 17:31:49,525 AntibiotrendService::? - GetAntibiotrendAMRStrategyWithModel : MethodFinish
INFO  2022-02-05 17:32:00,052 AntibiotrendService::? - GetAntibiotrendAMRStrategyWithModel : MethodStart
INFO  2022-02-05 17:32:00,180 AntibiotrendService::? - GetAntibiotrendAMRStrategyWithModel : MethodFinish
INFO  2022-02-05 17:32:09,069 AntibiotrendService::? - GetAntibiotrendAMRStrategyWithModel : MethodStart
INFO  2022-02-05 17:32:09,227 AntibiotrendService::? - GetAntibiotrendAMRStrategyWithModel : MethodFinish
INFO  2022-02-05 17:37:45,601 AntibiotrendService::? - GetAntibiotrendAMRStrategyWithModel : MethodStart
INFO  2022-02-05 17:37:46,752 AntibiotrendService::? - GetAntibiotrendAMRStrategyWithModel : MethodFinish
INFO  2022-02-05 17:37:57,077 AntibiotrendService::? - GetAntibiotrendAMRStrategyWithModel : MethodStart
INFO  2022-02-05 17:37:57,214 AntibiotrendService::? - GetAntibiotrendAMRStrategyWithModel : MethodFinish
INFO  2022-02-05 17:38:03,212 AntibiotrendService::? - GetAntibiotrendAMRStrategyWithModel : MethodStart
INFO  2022-02-05 17:38:03,370 AntibiotrendService::? - GetAntibiotrendAMRStrategyWithModel : MethodFinish
INFO  2022-02-05 17:38:37,761 AntibiotrendService::? - GetAntibiotrendAMRStrategyWithModel : MethodStart
INFO  2022-02-05 17:38:37,891 AntibiotrendService::? - GetAntibiotrendAMRStrategyWithModel : MethodFinish
INFO  2022-02-05 17:40:37,527 AntibiotrendService::? - GetAntibiotrendAMRStrategyWithModel : MethodStart
INFO  2022-02-05 17:40:37,660 AntibiotrendService::? - GetAntibiotrendAMRStrategyWithModel : MethodFinish
INFO  2022-02-05 17:40:59,320 AntibiotrendService::? - GetAntibiotrendAMRStrategyWithModel : MethodStart
INFO  2022-02-05 17:40:59,470 AntibiotrendService::? - GetAntibiotrendAMRStrategyWithModel : MethodFinish
INFO  2022-02-05 17:41:36,520 AntibiotrendService::? - GetAntibiotrendAMRStrategyWithModel : MethodStart
INFO  2022-02-05 17:41:36,636 AntibiotrendService::? - GetAntibiotrendAMRStrategyWithModel : MethodFinish
INFO  2022-02-05 17:41:52,156 AntibiotrendService::? - GetAntibiotrendAMRStrategyWithModel : MethodStart
INFO  2022-02-05 17:41:52,269 AntibiotrendService::? - GetAntibiotrendAMRStrategyWithModel : MethodFinish
INFO  2022-02-05 17:42:36,302 AntibiotrendService::? - GetAntibiotrendAMRStrategyWithModel : MethodStart
INFO  2022-02-05 17:42:36,424 AntibiotrendService::? - GetAntibiotrendAMRStrategyWithModel : MethodFinish
INFO  2022-02-05 17:42:56,190 AntibiotrendService::? - GetAntibiotrendAMRStrategyWithModel : MethodStart
INFO  2022-02-05 17:42:56,297 AntibiotrendService::? - GetAntibiotrendAMRStrategyWithModel : MethodFinish
INFO  2022-02-05 17:43:10,376 AntibiotrendService::? - GetAntibiotrendAMRStrategyWithModel : MethodStart
INFO  2022-02-05 17:43:10,487 AntibiotrendService::? - GetAntibiotrendAMRStrategyWithModel : MethodFinish
INFO  2022-02-05 17:47:23,389 AntibiotrendService::? - GetAntibiotrendAMRStrategyWithModel : MethodStart
INFO  2022-02-05 17:47:25,197 AntibiotrendService::? - GetAntibiotrendAMRStrategyWithModel : MethodFinish
INFO  2022-02-05 17:47:50,010 AntibiotrendService::? - GetAntibiotrendAMRStrategyWithModel : MethodStart
INFO  2022-02-05 17:47:50,146 AntibiotrendService::? - GetAntibiotrendAMRStrategyWithModel : MethodFinish
INFO  2022-02-05 17:47:55,741 AntibiotrendService::? - GetAntibiotrendAMRStrategyWithModel : MethodStart
INFO  2022-02-05 17:47:55,928 AntibiotrendService::? - GetAntibiotrendAMRStrategyWithModel : MethodFinish
INFO  2022-02-05 17:48:05,590 AntibiotrendService::? - GetAntibiotrendAMRStrategyWithModel : MethodStart
INFO  2022-02-05 17:48:05,720 AntibiotrendService::? - GetAntibiotrendAMRStrategyWithModel : MethodFinish
INFO  2022-02-05 17:50:26,305 AntibiotrendService::? - GetAntibiotrendAMRStrategyWithModel : MethodStart
INFO  2022-02-05 17:50:26,445 AntibiotrendService::? - GetAntibiotrendAMRStrategyWithModel : MethodFinish
INFO  2022-02-05 18:09:59,363 AntibiotrendService::? - GetAntibiotrendAMRStrategyWithModel : MethodStart
INFO  2022-02-05 18:10:01,705 AntibiotrendService::? - GetAntibiotrendAMRStrategyWithModel : MethodFinish
INFO  2022-02-05 18:10:29,325 AntibiotrendService::? - GetAntibiotrendAMRStrategyWithModel : MethodStart
INFO  2022-02-05 18:10:29,479 AntibiotrendService::? - GetAntibiotrendAMRStrategyWithModel : MethodFinish
INFO  2022-02-05 18:16:32,067 AntibiotrendService::? - GetAntibiotrendAMRStrategyWithModel : MethodStart
INFO  2022-02-05 18:16:34,988 AntibiotrendService::? - GetAntibiotrendAMRStrategyWithModel : MethodFinish
INFO  2022-02-05 18:16:47,317 AntibiotrendService::? - GetAntibiotrendAMRStrategyWithModel : MethodStart
INFO  2022-02-05 18:16:47,495 AntibiotrendService::? - GetAntibiotrendAMRStrategyWithModel : MethodFinish
INFO  2022-02-05 18:23:01,053 AntibiotrendService::? - GetAntibiotrendAMRStrategyWithModel : MethodStart
INFO  2022-02-05 18:23:03,706 AntibiotrendService::? - GetAntibiotrendAMRStrategyWithModel : MethodFinish
INFO  2022-02-05 18:24:28,931 AntibiotrendService::? - GetAntibiotrendAMRStrategyWithModel : MethodStart
INFO  2022-02-05 18:24:29,107 AntibiotrendService::? - GetAntibiotrendAMRStrategyWithModel : MethodFinish
INFO  2022-02-05 18:24:42,702 AntibiotrendService::? - GetAntibiotrendAMRStrategyWithModel : MethodStart
INFO  2022-02-05 18:24:42,958 AntibiotrendService::? - GetAntibiotrendAMRStrategyWithModel : MethodFinish
INFO  2022-02-05 18:24:57,359 AntibiotrendService::? - GetAntibiotrendAMRStrategyWithModel : MethodStart
INFO  2022-02-05 18:24:57,503 AntibiotrendService::? - GetAntibiotrendAMRStrategyWithModel : MethodFinish
INFO  2022-02-05 18:36:52,130 AntibiotrendService::? - GetAntibiotrendAMRStrategyWithModel : MethodStart
INFO  2022-02-05 18:36:54,776 AntibiotrendService::? - GetAntibiotrendAMRStrategyWithModel : MethodFinish
INFO  2022-02-05 18:37:20,137 AntibiotrendService::? - GetAntibiotrendAMRStrategyWithModel : MethodStart
INFO  2022-02-05 18:37:20,274 AntibiotrendService::? - GetAntibiotrendAMRStrategyWithModel : MethodFinish
INFO  2022-02-05 18:37:27,512 AntibiotrendService::? - GetAntibiotrendAMRStrategyWithModel : MethodStart
INFO  2022-02-05 18:37:27,713 AntibiotrendService::? - GetAntibiotrendAMRStrategyWithModel : MethodFinish
INFO  2022-02-05 18:37:34,304 AntibiotrendService::? - GetAntibiotrendAMRStrategyWithModel : MethodStart
INFO  2022-02-05 18:37:34,440 AntibiotrendService::? - GetAntibiotrendAMRStrategyWithModel : MethodFinish
INFO  2022-02-05 18:41:38,754 AntibiotrendService::? - GetAntibiotrendAMRStrategyWithModel : MethodStart
INFO  2022-02-05 18:41:41,182 AntibiotrendService::? - GetAntibiotrendAMRStrategyWithModel : MethodFinish
INFO  2022-02-05 18:42:28,682 AntibiotrendService::? - GetAntibiotrendAMRStrategyWithModel : MethodStart
INFO  2022-02-05 18:42:28,833 AntibiotrendService::? - GetAntibiotrendAMRStrategyWithModel : MethodFinish
INFO  2022-02-05 18:42:40,062 AntibiotrendService::? - GetAntibiotrendAMRStrategyWithModel : MethodStart
INFO  2022-02-05 18:42:40,247 AntibiotrendService::? - GetAntibiotrendAMRStrategyWithModel : MethodFinish
INFO  2022-02-05 19:47:00,706 AntibiotrendService::? - GetAntibioticNames : MethodStart
INFO  2022-02-05 19:47:03,255 AntibiotrendService::? - GetAntibioticNames : MethodFinish
INFO  2022-02-05 19:48:56,165 AntibiotrendService::? - GetAntibioticNames : MethodStart
INFO  2022-02-05 19:48:56,303 AntibiotrendService::? - GetAntibioticNames : MethodFinish
INFO  2022-02-05 19:49:04,656 AntibiotrendService::? - GetAMRByOverallByHospWithModel : MethodStart
INFO  2022-02-05 19:49:34,096 AntibiotrendService::? - GetAMRByOverallByHospWithModel : MethodFinish
INFO  2022-02-05 19:50:19,519 AntibiotrendService::? - GetAMRByOverallByHospWithModel : MethodStart
INFO  2022-02-05 19:51:19,523 AntibiotrendService::? - GetAMRByOverallByHospWithModel : MethodFinish
INFO  2022-02-05 19:57:39,702 AntibiotrendService::? - GetAntibioticNames : MethodStart
INFO  2022-02-05 19:57:40,064 AntibiotrendService::? - GetAntibioticNames : MethodFinish
INFO  2022-02-05 19:57:53,526 AntibiotrendService::? - GetAMRByOverallByHospWithModel : MethodStart
INFO  2022-02-05 19:58:31,482 AntibiotrendService::? - GetAMRByOverallByHospWithModel : MethodFinish
INFO  2022-02-05 19:58:56,542 AntibiotrendService::? - GetAMRByOverallByHospWithModel : MethodStart
INFO  2022-02-05 20:00:04,457 AntibiotrendService::? - GetAMRByOverallByHospWithModel : MethodFinish
INFO  2022-02-05 20:00:10,160 AntibiotrendService::? - GetAMRByOverallByHospWithModel : MethodStart
INFO  2022-02-05 20:00:15,439 AntibiotrendService::? - GetAMRByOverallByHospWithModel : MethodFinish
INFO  2022-02-05 20:28:40,094 AntibiotrendService::? - GetAntibioticNames : MethodStart
INFO  2022-02-05 20:28:40,428 AntibiotrendService::? - GetAntibioticNames : MethodFinish
INFO  2022-02-05 20:30:39,541 AntibiotrendService::? - GetAMRBySpecimenByHospWithModel : MethodStart
INFO  2022-02-05 20:30:39,663 AntibiotrendService::? - GetAMRBySpecimenByHospWithModel : MethodFinish
INFO  2022-02-05 20:31:12,215 AntibiotrendService::? - GetAMRBySpecimenByHospWithModel : MethodStart
INFO  2022-02-05 20:46:38,623 AntibiotrendService::? - GetAntibioticNames : MethodStart
INFO  2022-02-05 20:46:39,765 AntibiotrendService::? - GetAntibioticNames : MethodFinish
INFO  2022-02-05 20:47:33,986 AntibiotrendService::? - GetAMRBySpecimenByHospWithModel : MethodStart
INFO  2022-02-05 20:47:38,542 AntibiotrendService::? - GetAMRBySpecimenByHospWithModel : MethodFinish
INFO  2022-02-05 20:49:23,787 AntibiotrendService::? - GetAntibioticNames : MethodStart
INFO  2022-02-05 20:49:23,957 AntibiotrendService::? - GetAntibioticNames : MethodFinish
INFO  2022-02-05 20:50:16,032 AntibiotrendService::? - GetAMRByWardByHospWithModel : MethodStart
INFO  2022-02-05 20:50:16,291 AntibiotrendService::? - GetAMRByWardByHospWithModel : MethodFinish
INFO  2022-02-05 21:02:37,628 AntibiotrendService::? - GetAntibiotrendAMRStrategyWithModel : MethodStart
INFO  2022-02-05 21:02:38,827 AntibiotrendService::? - GetAntibiotrendAMRStrategyWithModel : MethodFinish
