INFO  2021-10-13 14:08:12,057 AntibiotrendService::? - GetAntibiotrendAMRStrategyWithModel : MethodStart
INFO  2021-10-13 14:08:14,173 AntibiotrendService::? - GetAntibiotrendAMRStrategyWithModel : MethodFinish
INFO  2021-10-13 14:08:26,034 AntibiotrendService::? - GetAntibioticNames : MethodStart
INFO  2021-10-13 14:08:26,200 AntibiotrendService::? - GetAntibioticNames : MethodFinish
INFO  2021-10-13 14:08:52,821 AntibiotrendService::? - GetAMRByWardByHospWithModel : MethodStart
INFO  2021-10-13 14:08:53,548 AntibiotrendService::? - GetAMRByWardByHospWithModel : MethodFinish
INFO  2021-10-13 14:11:24,593 AntibiotrendService::? - GetAMRByWardByHospWithModel : MethodStart
INFO  2021-10-13 14:11:47,004 AntibiotrendService::? - GetAMRByWardByHospWithModel : MethodFinish
INFO  2021-10-13 14:12:04,531 AntibiotrendService::? - GetAMRByWardByHospWithModel : MethodStart
INFO  2021-10-13 14:12:07,780 AntibiotrendService::? - GetAMRByWardByHospWithModel : MethodFinish
INFO  2021-10-13 14:12:16,476 AntibiotrendService::? - GetAMRByWardByHospWithModel : MethodStart
INFO  2021-10-13 14:12:16,620 AntibiotrendService::? - GetAMRByWardByHospWithModel : MethodFinish
INFO  2021-10-13 14:16:39,576 AntibiotrendService::? - GetAntibioticNames : MethodStart
INFO  2021-10-13 14:16:39,680 AntibiotrendService::? - GetAntibioticNames : MethodFinish
INFO  2021-10-13 14:17:08,398 AntibiotrendService::? - GetAMRByWardByHospWithModel : MethodStart
INFO  2021-10-13 14:17:08,527 AntibiotrendService::? - GetAMRByWardByHospWithModel : MethodFinish
INFO  2021-10-13 14:17:35,816 AntibiotrendService::? - GetAMRByWardByHospWithModel : MethodStart
INFO  2021-10-13 14:21:19,550 AntibiotrendService::? - GetAMRByWardByHospWithModel : MethodFinish
INFO  2021-10-13 14:22:49,008 AntibiotrendService::? - GetAntibioticNames : MethodStart
INFO  2021-10-13 14:22:49,131 AntibiotrendService::? - GetAntibioticNames : MethodFinish
INFO  2021-10-13 15:00:40,159 AntibiotrendService::? - GetAntibiotrendAMRStrategyWithModel : MethodStart
INFO  2021-10-13 15:00:41,864 AntibiotrendService::? - GetAntibiotrendAMRStrategyWithModel : MethodFinish
INFO  2021-10-13 15:15:18,751 AntibiotrendService::? - GetAntibiotrendAMRStrategyWithModel : MethodStart
INFO  2021-10-13 15:15:20,418 AntibiotrendService::? - GetAntibiotrendAMRStrategyWithModel : MethodFinish
INFO  2021-10-13 15:24:00,001 AntibiotrendService::? - GetAntibiotrendAMRStrategyWithModel : MethodStart
INFO  2021-10-13 15:24:01,589 AntibiotrendService::? - GetAntibiotrendAMRStrategyWithModel : MethodFinish
INFO  2021-10-13 19:17:52,550 AntibiotrendService::? - GetAntibiotrendAMRStrategyWithModel : MethodStart
INFO  2021-10-13 19:17:56,976 AntibiotrendService::? - GetAntibiotrendAMRStrategyWithModel : MethodFinish
INFO  2021-10-13 19:20:31,568 AntibiotrendService::? - GetAntibiotrendAMRStrategyWithModel : MethodStart
INFO  2021-10-13 19:20:32,089 AntibiotrendService::? - GetAntibiotrendAMRStrategyWithModel : MethodFinish
INFO  2021-10-13 19:24:16,139 AntibiotrendService::? - GetAntibiotrendAMRStrategyWithModel : MethodStart
INFO  2021-10-13 19:24:18,131 AntibiotrendService::? - GetAntibiotrendAMRStrategyWithModel : MethodFinish
INFO  2021-10-13 19:24:31,580 AntibiotrendService::? - GetAntibiotrendAMRStrategyWithModel : MethodStart
INFO  2021-10-13 19:24:32,207 AntibiotrendService::? - GetAntibiotrendAMRStrategyWithModel : MethodFinish
INFO  2021-10-13 19:24:39,122 AntibiotrendService::? - GetAntibiotrendAMRStrategyWithModel : MethodStart
INFO  2021-10-13 19:24:39,692 AntibiotrendService::? - GetAntibiotrendAMRStrategyWithModel : MethodFinish
INFO  2021-10-13 19:24:47,333 AntibiotrendService::? - GetAntibiotrendAMRStrategyWithModel : MethodStart
INFO  2021-10-13 19:24:47,843 AntibiotrendService::? - GetAntibiotrendAMRStrategyWithModel : MethodFinish
INFO  2021-10-13 19:30:22,213 AntibiotrendService::? - GetAntibiotrendAMRStrategyWithModel : MethodStart
INFO  2021-10-13 19:30:24,222 AntibiotrendService::? - GetAntibiotrendAMRStrategyWithModel : MethodFinish
INFO  2021-10-13 19:30:36,204 AntibiotrendService::? - GetAntibiotrendAMRStrategyWithModel : MethodStart
INFO  2021-10-13 19:30:36,772 AntibiotrendService::? - GetAntibiotrendAMRStrategyWithModel : MethodFinish
INFO  2021-10-13 19:30:40,749 AntibiotrendService::? - GetAntibiotrendAMRStrategyWithModel : MethodStart
INFO  2021-10-13 19:30:41,346 AntibiotrendService::? - GetAntibiotrendAMRStrategyWithModel : MethodFinish
INFO  2021-10-13 19:30:47,666 AntibiotrendService::? - GetAntibiotrendAMRStrategyWithModel : MethodStart
INFO  2021-10-13 19:30:48,209 AntibiotrendService::? - GetAntibiotrendAMRStrategyWithModel : MethodFinish
INFO  2021-10-13 19:30:49,581 AntibiotrendService::? - GetAntibiotrendAMRStrategyWithModel : MethodStart
INFO  2021-10-13 19:30:50,141 AntibiotrendService::? - GetAntibiotrendAMRStrategyWithModel : MethodFinish
INFO  2021-10-13 20:24:08,344 AntibiotrendService::? - GetAntibiotrendAMRStrategyWithModel : MethodStart
INFO  2021-10-13 20:24:10,791 AntibiotrendService::? - GetAntibiotrendAMRStrategyWithModel : MethodFinish
